Real time: Nov/24/2014 14:34:14

Profiler Stats
--------------
Elapsed_time_in_seconds: 853
Elapsed_time_in_minutes: 14.2167
Elapsed_time_in_hours: 0.236944
Elapsed_time_in_days: 0.00987269

Virtual_time_in_seconds: 851.39
Virtual_time_in_minutes: 14.1898
Virtual_time_in_hours:   0.236497
Virtual_time_in_days:    0.236497

Ruby_current_time: 33156164
Ruby_start_time: 1
Ruby_cycles: 33156163

mbytes_resident: 101.805
mbytes_total: 138.766
resident_ratio: 0.733645

Total_misses: 0
total_misses: 0 [ 0 0 0 0 0 0 0 0 ]
user_misses: 0 [ 0 0 0 0 0 0 0 0 ]
supervisor_misses: 0 [ 0 0 0 0 0 0 0 0 ]

instruction_executed: 8 [ 1 1 1 1 1 1 1 1 ]
simics_cycles_executed: 8 [ 1 1 1 1 1 1 1 1 ]
cycles_per_instruction: 3.31562e+07 [ 3.31562e+07 3.31562e+07 3.31562e+07 3.31562e+07 3.31562e+07 3.31562e+07 3.31562e+07 3.31562e+07 ]
misses_per_thousand_instructions: 0 [ 0 0 0 0 0 0 0 0 ]

transactions_started: 0 [ 0 0 0 0 0 0 0 0 ]
transactions_ended: 0 [ 0 0 0 0 0 0 0 0 ]
instructions_per_transaction: 0 [ 0 0 0 0 0 0 0 0 ]
cycles_per_transaction: 0 [ 0 0 0 0 0 0 0 0 ]
misses_per_transaction: 0 [ 0 0 0 0 0 0 0 0 ]

L1D_cache cache stats: 
  L1D_cache_total_requests: 3923447
  L1D_cache_total_misses: 18951	(0.483019%)
  L1D_cache_total_demand_misses: 18951
  L1D_cache_total_prefetches: 0
  L1D_cache_total_sw_prefetches: 0
  L1D_cache_total_hw_prefetches: 0
  L1D_cache_misses_per_transaction: 18951
  L1D_cache_misses_per_instruction: 18951
  L1D_cache_instructions_per_misses: 5.27677e-05

  L1D_cache_request_type_LD:   3326596	(84.7876)%
  L1D_cache_request_type_ST:   596851	(15.2124)%

  L1D_cache_request_size: [binsize: log2 max: 32 count: 3923447 average:    32 | standard deviation: 0 | 0 0 0 0 0 0 3923447 ]

  L1D_cache_miss_type_LD:   6332	(33.4125)%
  L1D_cache_miss_type_ST:   12619	(66.5875)%

L1I_cache cache stats: 
  L1I_cache_total_requests: 0
  L1I_cache_total_misses: 0
  L1I_cache_total_demand_misses: 0
  L1I_cache_total_prefetches: 0
  L1I_cache_total_sw_prefetches: 0
  L1I_cache_total_hw_prefetches: 0
  L1I_cache_misses_per_transaction: 0
  L1I_cache_misses_per_instruction: 0
  L1I_cache_instructions_per_misses: NaN

  L1I_cache_request_size: [binsize: log2 max: 0 count: 0 average: NaN |standard deviation: NaN | 0 ]

L1T_cache cache stats: 
  L1T_cache_total_requests: 984764
  L1T_cache_total_misses: 736216	(74.7607%)
  L1T_cache_total_demand_misses: 736216
  L1T_cache_total_prefetches: 0
  L1T_cache_total_sw_prefetches: 0
  L1T_cache_total_hw_prefetches: 0
  L1T_cache_misses_per_transaction: 736216
  L1T_cache_misses_per_instruction: 736216
  L1T_cache_instructions_per_misses: 1.3583e-06

  L1T_cache_request_type_LD:   229176	(23.2722)%
  L1T_cache_request_type_ST:   755588	(76.7278)%

  L1T_cache_request_size: [binsize: log2 max: 32 count: 984764 average:    32 | standard deviation: 0 | 0 0 0 0 0 0 984764 ]

  L1T_cache_miss_type_LD:   6269	(0.851516)%
  L1T_cache_miss_type_ST:   729947	(99.1485)%

L2_cache cache stats: 
  L2_cache_total_requests: 22184
  L2_cache_total_misses: 11897	(53.6287%)
  L2_cache_total_demand_misses: 11897
  L2_cache_total_prefetches: 0
  L2_cache_total_sw_prefetches: 0
  L2_cache_total_hw_prefetches: 0
  L2_cache_misses_per_transaction: 11897
  L2_cache_misses_per_instruction: 11897
  L2_cache_instructions_per_misses: 8.40548e-05

  L2_cache_request_type_LD:   6332	(28.5431)%
  L2_cache_request_type_ST:   15852	(71.4569)%

  L2_cache_request_size: [binsize: log2 max: 8 count: 22184 average:     8 | standard deviation: 0 | 0 0 0 0 22184 ]

  L2_cache_miss_type_LD:   3129	(26.3007)%
  L2_cache_miss_type_ST:   8768	(73.6993)%

L2T_cache cache stats: 
  L2T_cache_total_requests: 761857
  L2T_cache_total_misses: 3233	(0.424358%)
  L2T_cache_total_demand_misses: 3233
  L2T_cache_total_prefetches: 0
  L2T_cache_total_sw_prefetches: 0
  L2T_cache_total_hw_prefetches: 0
  L2T_cache_misses_per_transaction: 3233
  L2T_cache_misses_per_instruction: 3233
  L2T_cache_instructions_per_misses: 0.00030931

  L2T_cache_request_type_LD:   6269	(0.822858)%
  L2T_cache_request_type_ST:   755588	(99.1771)%

  L2T_cache_request_size: [binsize: log2 max: 32 count: 761857 average: 31.8025 | standard deviation: 2.1681 | 0 0 0 0 6269 0 755588 ]

  L2T_cache_miss_type_LD:   37	(1.14445)%
  L2T_cache_miss_type_ST:   3196	(98.8556)%


TBE Queries: 813658
Busy TBE Counts: 0
Busy Controller Counts:
L1TCache-0:0  L1TCache-1:0  L1TCache-2:0  L1TCache-3:0  L1TCache-4:0  L1TCache-5:0  L1TCache-6:0  L1TCache-7:0  

L2TCache-0:0  L2TCache-1:0  L2TCache-2:0  L2TCache-3:0  
L2Cache-0:0  L2Cache-1:0  L2Cache-2:0  L2Cache-3:0  
L1Cache-0:0  L1Cache-1:0  L1Cache-2:0  L1Cache-3:0  L1Cache-4:0  L1Cache-5:0  L1Cache-6:0  L1Cache-7:0  

Directory-0:0  Directory-1:0  Directory-2:0  Directory-3:0  

Busy Bank Count:0

L1TBE_usage: [binsize: 1 max: 0 count: 0 average: NaN |standard deviation: NaN | 0 ]
L2TBE_usage: [binsize: 1 max: 13 count: 813658 average: 0.249695 | standard deviation: 0.490366 | 629419 167278 15333 1459 91 36 21 11 3 2 2 1 1 1 ]
StopTable_usage: [binsize: 1 max: 0 count: 0 average: NaN |standard deviation: NaN | 0 ]
sequencer_requests_outstanding: [binsize: 1 max: 11 count: 4908211 average: 2.26434 | standard deviation: 0.931697 | 0 1057295 2070038 1228464 531295 20936 107 44 20 8 2 2 ]
store_buffer_size: [binsize: 1 max: 0 count: 0 average: NaN |standard deviation: NaN | 0 ]
unique_blocks_in_store_buffer: [binsize: 1 max: 0 count: 0 average: NaN |standard deviation: NaN | 0 ]

All Non-Zero Cycle Demand Cache Accesses
----------------------------------------
miss_latency: [binsize: 2 max: 396 count: 4908211 average: 9.23177 | standard deviation: 18.6445 | 0 0 4127403 0 0 0 0 0 0 0 0 0 0 0 0 0 754102 2835 1602 54 23 4 3 365 8 3622 0 0 0 0 0 0 243 1040 1342 2817 1 4 2 6 0 1 1 0 0 0 0 0 0 0 0 0 0 0 0 0 0 0 3 2 0 0 1 1 0 0 5 3 7 0 1 0 1 785 20 2 3 1 0 1 0 0 0 0 0 0 0 0 0 0 0 0 0 0 0 0 0 0 0 0 0 0 0 0 0 0 0 0 0 0 0 0 0 0 0 0 0 0 0 0 0 0 0 0 0 0 0 0 0 0 0 0 0 0 0 0 0 60 343 465 0 0 0 0 0 0 0 806 2109 438 553 0 0 0 0 0 0 128 1968 12 1799 0 0 0 0 0 0 0 1 0 0 0 269 447 78 1 2 0 0 0 0 0 875 1138 316 77 3 4 1 0 0 2 0 0 1 0 0 0 1 ]
miss_latency_LD: [binsize: 64 max: 382 count: 3555772 average: 4.36515 | standard deviation: 9.17453 | 3551411 1182 20 0 2362 797 ]
miss_latency_ST: [binsize: 64 max: 396 count: 1352439 average: 22.0268 | standard deviation: 28.5354 | 1338610 4282 809 0 4520 4216 2 ]
miss_latency_NULL: [binsize: 2 max: 396 count: 4908211 average: 9.23177 | standard deviation: 18.6445 | 0 0 4127403 0 0 0 0 0 0 0 0 0 0 0 0 0 754102 2835 1602 54 23 4 3 365 8 3622 0 0 0 0 0 0 243 1040 1342 2817 1 4 2 6 0 1 1 0 0 0 0 0 0 0 0 0 0 0 0 0 0 0 3 2 0 0 1 1 0 0 5 3 7 0 1 0 1 785 20 2 3 1 0 1 0 0 0 0 0 0 0 0 0 0 0 0 0 0 0 0 0 0 0 0 0 0 0 0 0 0 0 0 0 0 0 0 0 0 0 0 0 0 0 0 0 0 0 0 0 0 0 0 0 0 0 0 0 0 0 0 0 60 343 465 0 0 0 0 0 0 0 806 2109 438 553 0 0 0 0 0 0 128 1968 12 1799 0 0 0 0 0 0 0 1 0 0 0 269 447 78 1 2 0 0 0 0 0 875 1138 316 77 3 4 1 0 0 2 0 0 1 0 0 0 1 ]
miss_latency_L2Miss: [binsize: 1 max: 0 count: 0 average: NaN |standard deviation: NaN | 0 ]

All Non-Zero Cycle SW Prefetch Requests
------------------------------------
prefetch_latency: [binsize: 1 max: 0 count: 0 average: NaN |standard deviation: NaN | 0 ]
prefetch_latency_L2Miss:[binsize: 1 max: 0 count: 0 average: NaN |standard deviation: NaN | 0 ]
multicast_retries: [binsize: 1 max: 0 count: 0 average: NaN |standard deviation: NaN | 0 ]
gets_mask_prediction_count: [binsize: 1 max: 0 count: 0 average: NaN |standard deviation: NaN | 0 ]
getx_mask_prediction_count: [binsize: 1 max: 0 count: 0 average: NaN |standard deviation: NaN | 0 ]
explicit_training_mask: [binsize: 1 max: 0 count: 0 average: NaN |standard deviation: NaN | 0 ]

Sequencer  Requests (MLP)
------------------------------------
Sequencer Requests All
Sequencer_ALL : [binsize: 1 max: 11 count: 4908211 average: 2.26434 | standard deviation: 0.931697 | 0 1057295 2070038 1228464 531295 20936 107 44 20 8 2 2 ]
Sequencer_0: [binsize: 1 max: 8 count: 3923447 average: 2.42179 | standard deviation: 0.876399 | 0 481932 1832493 1099825 490667 18497 27 4 2 ]
Sequencer_1: [binsize: 1 max: 0 count: 0 average: NaN |standard deviation: NaN | 0 ]
Sequencer_2: [binsize: 1 max: 0 count: 0 average: NaN |standard deviation: NaN | 0 ]
Sequencer_3: [binsize: 1 max: 0 count: 0 average: NaN |standard deviation: NaN | 0 ]
Sequencer_4: [binsize: 1 max: 0 count: 0 average: NaN |standard deviation: NaN | 0 ]
Sequencer_5: [binsize: 1 max: 0 count: 0 average: NaN |standard deviation: NaN | 0 ]
Sequencer_6: [binsize: 1 max: 0 count: 0 average: NaN |standard deviation: NaN | 0 ]
Sequencer_7: [binsize: 1 max: 0 count: 0 average: NaN |standard deviation: NaN | 0 ]
SequencerACC_0: [binsize: 1 max: 11 count: 594716 average: 1.99177 | standard deviation: 0.949141 | 0 221999 201162 128561 40563 2371 25 19 8 4 2 2 ]
SequencerACC_1: [binsize: 1 max: 7 count: 140954 average: 1.25769 | standard deviation: 0.450331 | 0 105032 35758 53 28 49 26 8 ]
SequencerACC_2: [binsize: 1 max: 9 count: 249094 average: 1.00477 | standard deviation: 0.11503 | 0 248332 625 25 37 19 29 13 10 4 ]
SequencerACC_3: [binsize: 1 max: 0 count: 0 average: NaN |standard deviation: NaN | 0 ]
SequencerACC_4: [binsize: 1 max: 0 count: 0 average: NaN |standard deviation: NaN | 0 ]
SequencerACC_5: [binsize: 1 max: 0 count: 0 average: NaN |standard deviation: NaN | 0 ]
SequencerACC_6: [binsize: 1 max: 0 count: 0 average: NaN |standard deviation: NaN | 0 ]
SequencerACC_7: [binsize: 1 max: 0 count: 0 average: NaN |standard deviation: NaN | 0 ]
Request vs. System State Profile
--------------------------------


filter_action: [binsize: 1 max: 0 count: 0 average: NaN |standard deviation: NaN | 0 ]

Message Delayed Cycles
----------------------
Total_delay_cycles: [binsize: 1 max: 48 count: 109851 average: 21.4698 | standard deviation: 6.30167 | 0 0 0 0 0 0 0 0 0 0 0 16490 1646 73 4 4644 2708 260 1 12204 246 26913 1720 101 26 6308 1643 7291 11758 14754 205 7 12 6 7 2 3 2 0 1 3 0 786 22 3 1 0 0 1 ]
Total_nonPF_delay_cycles: [binsize: 1 max: 48 count: 48574 average: 22.3407 | standard deviation: 6.45617 | 0 0 0 0 0 0 0 0 0 0 0 6316 138 0 1 4 2708 260 1 7467 0 10281 90 82 0 0 1631 7287 2139 9341 6 4 4 2 1 0 0 0 0 0 0 0 785 21 3 1 0 0 1 ]
  virtual_network_0_delay_cycles: [binsize: 1 max: 43 count: 61277 average: 20.7794 | standard deviation: 6.08862 | 0 0 0 0 0 0 0 0 0 0 0 10174 1508 73 3 4640 0 0 0 4737 246 16632 1630 19 26 6308 12 4 9619 5413 199 3 8 4 6 2 3 2 0 1 3 0 1 1 ]
  virtual_network_1_delay_cycles: [binsize: 1 max: 0 count: 0 average: NaN |standard deviation: NaN | 0 ]
  virtual_network_2_delay_cycles: [binsize: 1 max: 21 count: 13 average: 20.2308 | standard deviation: 2.78388 | 0 0 0 0 0 0 0 0 0 0 0 1 0 0 0 0 0 0 0 0 0 12 ]
  virtual_network_3_delay_cycles: [binsize: 1 max: 48 count: 48561 average: 22.3413 | standard deviation: 6.45679 | 0 0 0 0 0 0 0 0 0 0 0 6315 138 0 1 4 2708 260 1 7467 0 10269 90 82 0 0 1631 7287 2139 9341 6 4 4 2 1 0 0 0 0 0 0 0 785 21 3 1 0 0 1 ]
  virtual_network_4_delay_cycles: [binsize: 1 max: 0 count: 0 average: NaN |standard deviation: NaN | 0 ]
  virtual_network_5_delay_cycles: [binsize: 1 max: 0 count: 0 average: NaN |standard deviation: NaN | 0 ]
  virtual_network_6_delay_cycles: [binsize: 1 max: 0 count: 0 average: NaN |standard deviation: NaN | 0 ]
  virtual_network_7_delay_cycles: [binsize: 1 max: 0 count: 0 average: NaN |standard deviation: NaN | 0 ]

Resource Usage
--------------
page_size: 4096
user_time: 794
system_time: 57
page_reclaims: 26359
page_faults: 0
swaps: 0
block_inputs: 0
block_outputs: 712

Coherence Bandwidth Breakdown
----------------------
L1_ATOMIC = 0
L2_DATA = 59485
L2_TO_L2T_MSG = 818
L2_DATA_GX = 59095
L2T_TO_L1T_DATA = 25076
L1_DATA_GX = 0
L2_TO_L2T_ACK = 818
L2T_TO_L1T_MSG = 755588
L2_DATA_S = 35660
L2T_TO_L1T_ATOMIC = 0
L1_DATA_PC = 3135
L1_MSG = 0
L2_COHMSG_FWD = 13
L1_DATA_F = 0
L1_DATA_PX = 72890
L2_COHMSG_RCL = 0
L1T_TO_L2T_DATA = 3022352
L2_MSG = 0
L2_COHMSG_INV = 0
L1_COHMSG_RCLACK = 0
L1T_TO_L2T_ATOMIC = 0
L2_COHMSG = 16902
L2_ATOMIC = 0
L2_TO_L2T_DATA = 16165
L1_DATA = 0
L1_COHMSG = 44375
L1_COHMSG_INVACK = 0
L1T_TO_L2T_MSG = 6269
----------------------
total_flits_messages = 4118641
----------------------

DMA = 0
DATA_GX_OW = 50476
DATA_PX_C = 58312
DATA_PX_D = 14578
DATA_GX_C = 12619
Block_lifetimes_pow2: [binsize: log2 max: 0 count: 0 average: NaN |standard deviation: NaN | 0 ]
Block_lifetimes[WRITE]_pow2: [binsize: log2 max: 0 count: 0 average: NaN |standard deviation: NaN | 0 ]
Block_lifetimes[EVICT]_pow2: [binsize: log2 max: 0 count: 0 average: NaN |standard deviation: NaN | 0 ]
CL_stall_evict: [binsize: log2 max: 0 count: 0 average: NaN |standard deviation: NaN | 0 ]
CL_stall_fence: [binsize: log2 max: 0 count: 0 average: NaN |standard deviation: NaN | 0 ]
Private_L1_evictions: 0
MessageBuffer: [Chip 0 0, L1Cache, mandatoryQueue] stats - msgs:3923447 full:0 size:[binsize: 1 max: 4 count: 3923447 average: 2.28243 | standard deviation: 0.851554 | 0 642153 1913851 984635 382808 ]
MessageBuffer: [Chip 0 1, L1Cache, mandatoryQueue] stats - msgs:0 full:0 size:[binsize: 1 max: 0 count: 0 average: NaN |standard deviation: NaN | 0 ]
MessageBuffer: [Chip 0 2, L1Cache, mandatoryQueue] stats - msgs:0 full:0 size:[binsize: 1 max: 0 count: 0 average: NaN |standard deviation: NaN | 0 ]
MessageBuffer: [Chip 0 3, L1Cache, mandatoryQueue] stats - msgs:0 full:0 size:[binsize: 1 max: 0 count: 0 average: NaN |standard deviation: NaN | 0 ]
MessageBuffer: [Chip 0 4, L1Cache, mandatoryQueue] stats - msgs:0 full:0 size:[binsize: 1 max: 0 count: 0 average: NaN |standard deviation: NaN | 0 ]
MessageBuffer: [Chip 0 5, L1Cache, mandatoryQueue] stats - msgs:0 full:0 size:[binsize: 1 max: 0 count: 0 average: NaN |standard deviation: NaN | 0 ]
MessageBuffer: [Chip 0 6, L1Cache, mandatoryQueue] stats - msgs:0 full:0 size:[binsize: 1 max: 0 count: 0 average: NaN |standard deviation: NaN | 0 ]
MessageBuffer: [Chip 0 7, L1Cache, mandatoryQueue] stats - msgs:0 full:0 size:[binsize: 1 max: 0 count: 0 average: NaN |standard deviation: NaN | 0 ]

Network Stats
-------------

Network interface outbound traffic
NI_0 (L1TCache) : [L1TCache]=0 [L2TCache]=1469248 [L2Cache]=0 [L1Cache]=0 [Directory]=0 
NI_1 (L1TCache) : [L1TCache]=0 [L2TCache]=563322 [L2Cache]=0 [L1Cache]=0 [Directory]=0 
NI_2 (L1TCache) : [L1TCache]=0 [L2TCache]=996051 [L2Cache]=0 [L1Cache]=0 [Directory]=0 
NI_3 (L1TCache) : [L1TCache]=0 [L2TCache]=0 [L2Cache]=0 [L1Cache]=0 [Directory]=0 
NI_4 (L1TCache) : [L1TCache]=0 [L2TCache]=0 [L2Cache]=0 [L1Cache]=0 [Directory]=0 
NI_5 (L1TCache) : [L1TCache]=0 [L2TCache]=0 [L2Cache]=0 [L1Cache]=0 [Directory]=0 
NI_6 (L1TCache) : [L1TCache]=0 [L2TCache]=0 [L2Cache]=0 [L1Cache]=0 [Directory]=0 
NI_7 (L1TCache) : [L1TCache]=0 [L2TCache]=0 [L2Cache]=0 [L1Cache]=0 [Directory]=0 
NI_8 (L2TCache) : [L1TCache]=12693 [L2TCache]=0 [L2Cache]=1139 [L1Cache]=0 [Directory]=0 
NI_9 (L2TCache) : [L1TCache]=16503 [L2TCache]=0 [L2Cache]=5312 [L1Cache]=0 [Directory]=0 
NI_10 (L2TCache) : [L1TCache]=4649 [L2TCache]=0 [L2Cache]=3966 [L1Cache]=0 [Directory]=0 
NI_11 (L2TCache) : [L1TCache]=746819 [L2TCache]=0 [L2Cache]=111 [L1Cache]=0 [Directory]=0 
NI_12 (L2Cache) : [L1TCache]=0 [L2TCache]=2832 [L2Cache]=0 [L1Cache]=43794 [Directory]=4038 
NI_13 (L2Cache) : [L1TCache]=0 [L2TCache]=10770 [L2Cache]=0 [L1Cache]=2763 [Directory]=2058 
NI_14 (L2Cache) : [L1TCache]=0 [L2TCache]=4008 [L2Cache]=0 [L1Cache]=24500 [Directory]=2068 
NI_15 (L2Cache) : [L1TCache]=0 [L2TCache]=126 [L2Cache]=0 [L1Cache]=40613 [Directory]=3733 
NI_16 (L1Cache) : [L1TCache]=0 [L2TCache]=65 [L2Cache]=109872 [L1Cache]=0 [Directory]=0 
NI_17 (L1Cache) : [L1TCache]=0 [L2TCache]=0 [L2Cache]=0 [L1Cache]=0 [Directory]=0 
NI_18 (L1Cache) : [L1TCache]=0 [L2TCache]=0 [L2Cache]=0 [L1Cache]=0 [Directory]=0 
NI_19 (L1Cache) : [L1TCache]=0 [L2TCache]=0 [L2Cache]=0 [L1Cache]=0 [Directory]=0 
NI_20 (L1Cache) : [L1TCache]=0 [L2TCache]=0 [L2Cache]=0 [L1Cache]=0 [Directory]=0 
NI_21 (L1Cache) : [L1TCache]=0 [L2TCache]=0 [L2Cache]=0 [L1Cache]=0 [Directory]=0 
NI_22 (L1Cache) : [L1TCache]=0 [L2TCache]=0 [L2Cache]=0 [L1Cache]=0 [Directory]=0 
NI_23 (L1Cache) : [L1TCache]=0 [L2TCache]=0 [L2Cache]=0 [L1Cache]=0 [Directory]=0 
NI_24 (Directory) : [L1TCache]=0 [L2TCache]=0 [L2Cache]=14870 [L1Cache]=0 [Directory]=0 
NI_25 (Directory) : [L1TCache]=0 [L2TCache]=0 [L2Cache]=14880 [L1Cache]=0 [Directory]=0 
NI_26 (Directory) : [L1TCache]=0 [L2TCache]=0 [L2Cache]=14865 [L1Cache]=0 [Directory]=0 
NI_27 (Directory) : [L1TCache]=0 [L2TCache]=0 [L2Cache]=14870 [L1Cache]=0 [Directory]=0 
L1_L2_flits_transferred = 0
L1_out_flits = 0
L2_out_flits = 0
-------------
Average Link Utilization :: 0.00397459 flits/cycle
total_flits_on_link = 8697630
-------------
Total VC Load [0] = 79034 flits
Total VC Load [1] = 71640 flits
Total VC Load [2] = 84776 flits
Total VC Load [3] = 73392 flits
Total VC Load [4] = 823 flits
Total VC Load [5] = 840 flits
Total VC Load [6] = 836 flits
Total VC Load [7] = 823 flits
Total VC Load [8] = 10398 flits
Total VC Load [9] = 10424 flits
Total VC Load [10] = 10419 flits
Total VC Load [11] = 10409 flits
Total VC Load [12] = 162090 flits
Total VC Load [13] = 164569 flits
Total VC Load [14] = 160248 flits
Total VC Load [15] = 164537 flits
Total VC Load [16] = 18436 flits
Total VC Load [17] = 18459 flits
Total VC Load [18] = 18461 flits
Total VC Load [19] = 18446 flits
Total VC Load [20] = 1514137 flits
Total VC Load [21] = 1514394 flits
Total VC Load [22] = 1514114 flits
Total VC Load [23] = 1514597 flits
Total VC Load [24] = 390356 flits
Total VC Load [25] = 390453 flits
Total VC Load [26] = 390145 flits
Total VC Load [27] = 390374 flits
Total VC Load [28] = 0 flits
Total VC Load [29] = 0 flits
Total VC Load [30] = 0 flits
Total VC Load [31] = 0 flits
-------------
Average VC Load [0] = 0.00238369 flits/cycle 
Average VC Load [1] = 0.00216068 flits/cycle 
Average VC Load [2] = 0.00255687 flits/cycle 
Average VC Load [3] = 0.00221353 flits/cycle 
Average VC Load [4] = 2.48219e-05 flits/cycle 
Average VC Load [5] = 2.53347e-05 flits/cycle 
Average VC Load [6] = 2.5214e-05 flits/cycle 
Average VC Load [7] = 2.48219e-05 flits/cycle 
Average VC Load [8] = 0.000313607 flits/cycle 
Average VC Load [9] = 0.000314391 flits/cycle 
Average VC Load [10] = 0.00031424 flits/cycle 
Average VC Load [11] = 0.000313939 flits/cycle 
Average VC Load [12] = 0.00488868 flits/cycle 
Average VC Load [13] = 0.00496345 flits/cycle 
Average VC Load [14] = 0.00483313 flits/cycle 
Average VC Load [15] = 0.00496249 flits/cycle 
Average VC Load [16] = 0.000556035 flits/cycle 
Average VC Load [17] = 0.000556729 flits/cycle 
Average VC Load [18] = 0.000556789 flits/cycle 
Average VC Load [19] = 0.000556337 flits/cycle 
Average VC Load [20] = 0.0456668 flits/cycle 
Average VC Load [21] = 0.0456746 flits/cycle 
Average VC Load [22] = 0.0456661 flits/cycle 
Average VC Load [23] = 0.0456807 flits/cycle 
Average VC Load [24] = 0.0117733 flits/cycle 
Average VC Load [25] = 0.0117762 flits/cycle 
Average VC Load [26] = 0.0117669 flits/cycle 
Average VC Load [27] = 0.0117738 flits/cycle 
Average VC Load [28] = 0 flits/cycle 
Average VC Load [29] = 0 flits/cycle 
Average VC Load [30] = 0 flits/cycle 
Average VC Load [31] = 0 flits/cycle 
-------------
Average network latency = 9.16703
-------------
Dynamic_Link_Power = 0.0290677
Static_Link_Power = 0.733365
Total_Link_Power = 0.762433
Total Link Area = 4.09374e+06 uM^2 
Router Dynamic Power:
       Input buffer: 0.00127728, Crossbar: 0.00225318, VC allocator: 0.000244199, SW allocator: 0.000703724, Clock: 0.153216, Total: 0.157694
Router Static Power:
       Input buffer: 0.891938, Crossbar: 0.1624, VC allocator: 0.438066, SW allocator: 0.0171352, Clock: 0.029369, Total: 1.53891
Router Total Power: 1.6966
Dynamic_Router_Power = 0.157694
Static_Router_Power = 1.53891
Total_Router_Power = 1.6966
Area:
Input buffer: 2.86355e-06, Crossbar: 2.50402e-06, VC allocator: 1.05856e-06, SW allocator: 4.14062e-08

Total_Dynamic_Power = 0.186762
Total_Static_Power = 2.27227
Total_Power = 2.45904
-------------

Gpusim Interface Stats
----------------------


Chip Stats
----------

 --- L1TCache ---
 - Event Counts -
Load  229176
L1_WThru  755588
L1_Atomic  0
L1_Replacement  0
Data  0
Data_Done  6269
Ack  0
Ack_Done  755588
DataAtomic  0
DataAtomic_Done  0

 - Transitions -
I  Load  6269
I  L1_WThru  729947
I  L1_Atomic  0 <-- 
I  L1_Replacement  0 <-- 

S  Load  222907
S  L1_WThru  25641
S  L1_Atomic  0 <-- 
S  L1_Replacement  0 <-- 

I_S  L1_WThru  0 <-- 
I_S  L1_Atomic  0 <-- 
I_S  Data_Done  6269

I_I  Load  0 <-- 
I_I  L1_WThru  0 <-- 
I_I  L1_Atomic  0 <-- 
I_I  Data  0 <-- 
I_I  Data_Done  0 <-- 
I_I  Ack  0 <-- 
I_I  Ack_Done  730932
I_I  DataAtomic  0 <-- 
I_I  DataAtomic_Done  0 <-- 

SM  Load  0 <-- 
SM  L1_WThru  0 <-- 
SM  L1_Atomic  0 <-- 
SM  Data  0 <-- 
SM  Data_Done  0 <-- 
SM  Ack  0 <-- 
SM  Ack_Done  24656

 --- L2TCache ---
 - Event Counts -
L1_GETS  6269
L1_Write  729947
L1_Upgrade_T  25474
L1_Upgrade_NT  167
L2_Atomic  0
L2_Expire  0
L2_Replacement  0
L2_Replacement_clean  0
Data  0
Data_all_Acks  3233
Ack  0
Ack_all  0
WB_Ack  818
Fwd_GETX  800
Fwd_GETS  18
Inv  0

 - Transitions -
NP  L1_GETS  37
NP  L1_Write  3196
NP  L1_Upgrade_NT  0 <-- 
NP  L2_Atomic  0 <-- 

E  L1_GETS  6232
E  L1_Write  726751
E  L1_Upgrade_NT  167
E  L2_Atomic  0 <-- 
E  L2_Replacement  0 <-- 
E  L2_Replacement_clean  0 <-- 
E  Fwd_GETX  800
E  Fwd_GETS  18
E  Inv  0 <-- 

S  L1_GETS  0 <-- 
S  L1_Upgrade_T  25474
S  L2_Replacement  0 <-- 
S  L2_Replacement_clean  0 <-- 
S  Fwd_GETX  0 <-- 
S  Fwd_GETS  0 <-- 
S  Inv  0 <-- 

SS  L1_GETS  0 <-- 
SS  L2_Replacement  0 <-- 
SS  L2_Replacement_clean  0 <-- 
SS  Fwd_GETX  0 <-- 
SS  Fwd_GETS  0 <-- 
SS  Inv  0 <-- 

IS  L1_GETS  0 <-- 
IS  Data  0 <-- 
IS  Data_all_Acks  37
IS  Ack  0 <-- 
IS  Ack_all  0 <-- 

ISS  Data  0 <-- 
ISS  Data_all_Acks  0 <-- 
ISS  Ack  0 <-- 
ISS  Ack_all  0 <-- 

IM  Data  0 <-- 
IM  Data_all_Acks  3196
IM  Ack  0 <-- 
IM  Ack_all  0 <-- 

IMA  Data  0 <-- 
IMA  Data_all_Acks  0 <-- 
IMA  Ack  0 <-- 
IMA  Ack_all  0 <-- 

MI  L2_Expire  0 <-- 
MI  Fwd_GETX  0 <-- 
MI  Fwd_GETS  0 <-- 
MI  Inv  0 <-- 

MI_Ack  WB_Ack  818
MI_Ack  Fwd_GETX  0 <-- 
MI_Ack  Fwd_GETS  0 <-- 
MI_Ack  Inv  0 <-- 

 --- L2Cache ---
 - Event Counts -
L1_GET_INSTR  0
L1_GETS  6332
L1_GETX  15852
L1_UPGRADE  0
L1_PUTX  16902
L1_PUTX_old  0
Fwd_L1_GETX  0
Fwd_L1_GETS  0
Fwd_L1_GET_INSTR  0
L2_Replacement  0
L2_Replacement_clean  0
Mem_Data  11897
WB_Data  0
WB_Data_clean  0
Ack  0
Ack_all  0
Mem_Ack  0
Unblock  0
Unblock_Cancel  0
Exclusive_Unblock  22184
PUTX_ACC  7
DATA_ACC  811

 - Transitions -
NP  L1_GET_INSTR  0 <-- 
NP  L1_GETS  3129
NP  L1_GETX  8768
NP  L1_PUTX  0 <-- 
NP  L1_PUTX_old  0 <-- 

SS  L1_GET_INSTR  0 <-- 
SS  L1_GETS  0 <-- 
SS  L1_GETX  0 <-- 
SS  L1_UPGRADE  0 <-- 
SS  L1_PUTX  0 <-- 
SS  L1_PUTX_old  0 <-- 
SS  L2_Replacement  0 <-- 
SS  L2_Replacement_clean  0 <-- 

M  L1_GET_INSTR  0 <-- 
M  L1_GETS  3185
M  L1_GETX  6271
M  L1_PUTX  0 <-- 
M  L1_PUTX_old  0 <-- 
M  L2_Replacement  0 <-- 
M  L2_Replacement_clean  0 <-- 

MT  L1_GET_INSTR  0 <-- 
MT  L1_GETS  18
MT  L1_GETX  813
MT  L1_PUTX  16902
MT  L1_PUTX_old  0 <-- 
MT  L2_Replacement  0 <-- 
MT  L2_Replacement_clean  0 <-- 
MT  PUTX_ACC  0 <-- 
MT  DATA_ACC  0 <-- 

M_I  L1_GET_INSTR  0 <-- 
M_I  L1_GETS  0 <-- 
M_I  L1_GETX  0 <-- 
M_I  L1_UPGRADE  0 <-- 
M_I  Mem_Ack  0 <-- 

MT_I  L1_GET_INSTR  0 <-- 
MT_I  L1_GETS  0 <-- 
MT_I  L1_GETX  0 <-- 
MT_I  L1_UPGRADE  0 <-- 
MT_I  L1_PUTX  0 <-- 
MT_I  L1_PUTX_old  0 <-- 
MT_I  WB_Data  0 <-- 
MT_I  WB_Data_clean  0 <-- 
MT_I  Ack_all  0 <-- 
MT_I  PUTX_ACC  0 <-- 
MT_I  DATA_ACC  0 <-- 

MCT_I  L1_GET_INSTR  0 <-- 
MCT_I  L1_GETS  0 <-- 
MCT_I  L1_GETX  0 <-- 
MCT_I  L1_UPGRADE  0 <-- 
MCT_I  L1_PUTX  0 <-- 
MCT_I  L1_PUTX_old  0 <-- 
MCT_I  WB_Data  0 <-- 
MCT_I  WB_Data_clean  0 <-- 
MCT_I  Ack_all  0 <-- 
MCT_I  PUTX_ACC  0 <-- 
MCT_I  DATA_ACC  0 <-- 

I_I  L1_GET_INSTR  0 <-- 
I_I  L1_GETS  0 <-- 
I_I  L1_GETX  0 <-- 
I_I  L1_UPGRADE  0 <-- 
I_I  L1_PUTX  0 <-- 
I_I  L1_PUTX_old  0 <-- 
I_I  Ack  0 <-- 
I_I  Ack_all  0 <-- 

S_I  L1_GET_INSTR  0 <-- 
S_I  L1_GETS  0 <-- 
S_I  L1_GETX  0 <-- 
S_I  L1_UPGRADE  0 <-- 
S_I  L1_PUTX  0 <-- 
S_I  L1_PUTX_old  0 <-- 
S_I  Ack  0 <-- 
S_I  Ack_all  0 <-- 

ISS  L1_GET_INSTR  0 <-- 
ISS  L1_GETS  0 <-- 
ISS  L1_GETX  0 <-- 
ISS  L1_PUTX  0 <-- 
ISS  L1_PUTX_old  0 <-- 
ISS  L2_Replacement  0 <-- 
ISS  L2_Replacement_clean  0 <-- 
ISS  Mem_Data  3129

IS  L1_GET_INSTR  0 <-- 
IS  L1_GETS  0 <-- 
IS  L1_GETX  0 <-- 
IS  L1_PUTX  0 <-- 
IS  L1_PUTX_old  0 <-- 
IS  L2_Replacement  0 <-- 
IS  L2_Replacement_clean  0 <-- 
IS  Mem_Data  0 <-- 

IM  L1_GET_INSTR  0 <-- 
IM  L1_GETS  0 <-- 
IM  L1_GETX  0 <-- 
IM  L1_PUTX  0 <-- 
IM  L1_PUTX_old  0 <-- 
IM  L2_Replacement  0 <-- 
IM  L2_Replacement_clean  0 <-- 
IM  Mem_Data  8768

SS_MB  L1_GET_INSTR  0 <-- 
SS_MB  L1_GETS  0 <-- 
SS_MB  L1_GETX  0 <-- 
SS_MB  L1_UPGRADE  0 <-- 
SS_MB  L1_PUTX  0 <-- 
SS_MB  L1_PUTX_old  0 <-- 
SS_MB  L2_Replacement  0 <-- 
SS_MB  L2_Replacement_clean  0 <-- 
SS_MB  Exclusive_Unblock  0 <-- 

MT_MB  L1_GET_INSTR  0 <-- 
MT_MB  L1_GETS  0 <-- 
MT_MB  L1_GETX  0 <-- 
MT_MB  L1_UPGRADE  0 <-- 
MT_MB  L1_PUTX  0 <-- 
MT_MB  L1_PUTX_old  0 <-- 
MT_MB  L2_Replacement  0 <-- 
MT_MB  L2_Replacement_clean  0 <-- 
MT_MB  Exclusive_Unblock  22184
MT_MB  PUTX_ACC  0 <-- 
MT_MB  DATA_ACC  800

M_MB  L1_GET_INSTR  0 <-- 
M_MB  L1_GETS  0 <-- 
M_MB  L1_GETX  0 <-- 
M_MB  L1_UPGRADE  0 <-- 
M_MB  L1_PUTX  0 <-- 
M_MB  L1_PUTX_old  0 <-- 
M_MB  L2_Replacement  0 <-- 
M_MB  L2_Replacement_clean  0 <-- 
M_MB  Exclusive_Unblock  0 <-- 

MT_IIB  L1_GET_INSTR  0 <-- 
MT_IIB  L1_GETS  0 <-- 
MT_IIB  L1_GETX  0 <-- 
MT_IIB  L1_UPGRADE  0 <-- 
MT_IIB  L1_PUTX  0 <-- 
MT_IIB  L1_PUTX_old  0 <-- 
MT_IIB  L2_Replacement  0 <-- 
MT_IIB  L2_Replacement_clean  0 <-- 
MT_IIB  WB_Data  0 <-- 
MT_IIB  WB_Data_clean  0 <-- 
MT_IIB  Unblock  0 <-- 
MT_IIB  PUTX_ACC  7
MT_IIB  DATA_ACC  11

MT_IB  L1_GET_INSTR  0 <-- 
MT_IB  L1_GETS  0 <-- 
MT_IB  L1_GETX  0 <-- 
MT_IB  L1_UPGRADE  0 <-- 
MT_IB  L1_PUTX  0 <-- 
MT_IB  L1_PUTX_old  0 <-- 
MT_IB  L2_Replacement  0 <-- 
MT_IB  L2_Replacement_clean  0 <-- 
MT_IB  WB_Data  0 <-- 
MT_IB  WB_Data_clean  0 <-- 

MT_SB  L1_GET_INSTR  0 <-- 
MT_SB  L1_GETS  0 <-- 
MT_SB  L1_GETX  0 <-- 
MT_SB  L1_UPGRADE  0 <-- 
MT_SB  L1_PUTX  0 <-- 
MT_SB  L1_PUTX_old  0 <-- 
MT_SB  L2_Replacement  0 <-- 
MT_SB  L2_Replacement_clean  0 <-- 
MT_SB  Unblock  0 <-- 

 --- L1Cache ---
 - Event Counts -
Load  3326596
Ifetch  0
Store  596851
Inv  0
L1_Replacement  16902
Fwd_GETX  13
Fwd_GETS  0
Fwd_GET_INSTR  0
Data  0
Data_Exclusive  7132
DataS_fromL1  0
Data_all_Acks  11819
Ack  0
Ack_all  0
WB_Ack  16902

 - Transitions -
NP  Load  6332
NP  Ifetch  0 <-- 
NP  Store  12618
NP  Inv  0 <-- 
NP  L1_Replacement  0 <-- 

I  Load  0 <-- 
I  Ifetch  0 <-- 
I  Store  1
I  Inv  0 <-- 
I  L1_Replacement  0 <-- 

S  Load  0 <-- 
S  Ifetch  0 <-- 
S  Store  0 <-- 
S  Inv  0 <-- 
S  L1_Replacement  0 <-- 

E  Load  389927
E  Ifetch  0 <-- 
E  Store  14
E  Inv  0 <-- 
E  L1_Replacement  5302
E  Fwd_GETX  3
E  Fwd_GETS  0 <-- 
E  Fwd_GET_INSTR  0 <-- 

M  Load  2930337
M  Ifetch  0 <-- 
M  Store  584218
M  Inv  0 <-- 
M  L1_Replacement  11600
M  Fwd_GETX  10
M  Fwd_GETS  0 <-- 
M  Fwd_GET_INSTR  0 <-- 

IS  Load  0 <-- 
IS  Ifetch  0 <-- 
IS  Store  0 <-- 
IS  Inv  0 <-- 
IS  L1_Replacement  0 <-- 
IS  Data_Exclusive  6332
IS  DataS_fromL1  0 <-- 
IS  Data_all_Acks  0 <-- 

IM  Load  0 <-- 
IM  Ifetch  0 <-- 
IM  Store  0 <-- 
IM  Inv  0 <-- 
IM  L1_Replacement  0 <-- 
IM  Data  0 <-- 
IM  Data_Exclusive  800
IM  Data_all_Acks  11819
IM  Ack  0 <-- 

SM  Load  0 <-- 
SM  Ifetch  0 <-- 
SM  Store  0 <-- 
SM  Inv  0 <-- 
SM  L1_Replacement  0 <-- 
SM  Ack  0 <-- 
SM  Ack_all  0 <-- 

IS_I  Load  0 <-- 
IS_I  Ifetch  0 <-- 
IS_I  Store  0 <-- 
IS_I  Inv  0 <-- 
IS_I  L1_Replacement  0 <-- 
IS_I  Data_Exclusive  0 <-- 
IS_I  DataS_fromL1  0 <-- 
IS_I  Data_all_Acks  0 <-- 

M_I  Load  0 <-- 
M_I  Ifetch  0 <-- 
M_I  Store  0 <-- 
M_I  Inv  0 <-- 
M_I  L1_Replacement  0 <-- 
M_I  Fwd_GETX  0 <-- 
M_I  Fwd_GETS  0 <-- 
M_I  Fwd_GET_INSTR  0 <-- 
M_I  WB_Ack  16902

E_I  Load  0 <-- 
E_I  Ifetch  0 <-- 
E_I  Store  0 <-- 
E_I  L1_Replacement  0 <-- 

SINK_WB_ACK  Load  0 <-- 
SINK_WB_ACK  Ifetch  0 <-- 
SINK_WB_ACK  Store  0 <-- 
SINK_WB_ACK  Inv  0 <-- 
SINK_WB_ACK  L1_Replacement  0 <-- 
SINK_WB_ACK  WB_Ack  0 <-- 

 --- Directory ---
 - Event Counts -
Fetch  11897
Data  0

 - Transitions -
I  Fetch  11897
I  Data  0 <-- 


Chip Buffer Stats
----------

MessageBuffer: [Chip 0 0, L1TCache, requestFromL1Cache] stats - msgs:371962 full:0 size:[binsize: 1 max: 7 count: 371962 average: 1.00832 | standard deviation: 0.0947599 | 0 368971 2908 74 3 3 2 1 ]
MessageBuffer: [Chip 0 1, L1TCache, requestFromL1Cache] stats - msgs:140856 full:0 size:[binsize: 1 max: 5 count: 140856 average: 1.00813 | standard deviation: 0.0908274 | 0 139720 1130 4 1 1 ]
MessageBuffer: [Chip 0 2, L1TCache, requestFromL1Cache] stats - msgs:249039 full:0 size:[binsize: 1 max: 3 count: 249039 average: 1.00012 | standard deviation: 0.0123526 | 0 249013 22 4 ]
MessageBuffer: [Chip 0 3, L1TCache, requestFromL1Cache] stats - msgs:0 full:0 size:[binsize: 1 max: 0 count: 0 average: NaN |standard deviation: NaN | 0 ]
MessageBuffer: [Chip 0 4, L1TCache, requestFromL1Cache] stats - msgs:0 full:0 size:[binsize: 1 max: 0 count: 0 average: NaN |standard deviation: NaN | 0 ]
MessageBuffer: [Chip 0 5, L1TCache, requestFromL1Cache] stats - msgs:0 full:0 size:[binsize: 1 max: 0 count: 0 average: NaN |standard deviation: NaN | 0 ]
MessageBuffer: [Chip 0 6, L1TCache, requestFromL1Cache] stats - msgs:0 full:0 size:[binsize: 1 max: 0 count: 0 average: NaN |standard deviation: NaN | 0 ]
MessageBuffer: [Chip 0 7, L1TCache, requestFromL1Cache] stats - msgs:0 full:0 size:[binsize: 1 max: 0 count: 0 average: NaN |standard deviation: NaN | 0 ]
MessageBuffer: [Chip 0 0, L1TCache, responseToL1Cache] stats - msgs:371962 full:0 size:[binsize: 1 max: 2 count: 371962 average: 1.00122 | standard deviation: 0.034898 | 0 371509 453 ]
MessageBuffer: [Chip 0 1, L1TCache, responseToL1Cache] stats - msgs:140856 full:0 size:[binsize: 1 max: 2 count: 140856 average: 1.00036 | standard deviation: 0.0190283 | 0 140805 51 ]
MessageBuffer: [Chip 0 2, L1TCache, responseToL1Cache] stats - msgs:249039 full:0 size:[binsize: 1 max: 2 count: 249039 average:     1 | standard deviation: 0.00200386 | 0 249038 1 ]
MessageBuffer: [Chip 0 3, L1TCache, responseToL1Cache] stats - msgs:0 full:0 size:[binsize: 1 max: 0 count: 0 average: NaN |standard deviation: NaN | 0 ]
MessageBuffer: [Chip 0 4, L1TCache, responseToL1Cache] stats - msgs:0 full:0 size:[binsize: 1 max: 0 count: 0 average: NaN |standard deviation: NaN | 0 ]
MessageBuffer: [Chip 0 5, L1TCache, responseToL1Cache] stats - msgs:0 full:0 size:[binsize: 1 max: 0 count: 0 average: NaN |standard deviation: NaN | 0 ]
MessageBuffer: [Chip 0 6, L1TCache, responseToL1Cache] stats - msgs:0 full:0 size:[binsize: 1 max: 0 count: 0 average: NaN |standard deviation: NaN | 0 ]
MessageBuffer: [Chip 0 7, L1TCache, responseToL1Cache] stats - msgs:0 full:0 size:[binsize: 1 max: 0 count: 0 average: NaN |standard deviation: NaN | 0 ]
MessageBuffer: [Chip 0 0, L2TCache, responseFromL2Cache] stats - msgs:6552 full:0 size:[binsize: 1 max: 2 count: 6552 average: 1.01496 | standard deviation: 0.121684 | 0 6454 98 ]
MessageBuffer: [Chip 0 1, L2TCache, responseFromL2Cache] stats - msgs:16434 full:0 size:[binsize: 1 max: 2 count: 16434 average: 1.0003 | standard deviation: 0.0174432 | 0 16429 5 ]
MessageBuffer: [Chip 0 2, L2TCache, responseFromL2Cache] stats - msgs:4532 full:0 size:[binsize: 1 max: 3 count: 4532 average: 1.00397 | standard deviation: 0.069681 | 0 4516 14 2 ]
MessageBuffer: [Chip 0 3, L2TCache, responseFromL2Cache] stats - msgs:734339 full:0 size:[binsize: 1 max: 4 count: 734339 average: 1.0246 | standard deviation: 0.154985 | 0 716279 18054 5 1 ]
MessageBuffer: [Chip 0 0, L2TCache, L1RequestToL2Cache] stats - msgs:6552 full:0 size:[binsize: 1 max: 2 count: 6552 average: 1.00122 | standard deviation: 0.0349455 | 0 6544 8 ]
MessageBuffer: [Chip 0 1, L2TCache, L1RequestToL2Cache] stats - msgs:16434 full:0 size:[binsize: 1 max: 2 count: 16434 average: 1.00018 | standard deviation: 0.0135115 | 0 16431 3 ]
MessageBuffer: [Chip 0 2, L2TCache, L1RequestToL2Cache] stats - msgs:4532 full:0 size:[binsize: 1 max: 2 count: 4532 average: 1.00177 | standard deviation: 0.0420192 | 0 4524 8 ]
MessageBuffer: [Chip 0 3, L2TCache, L1RequestToL2Cache] stats - msgs:734339 full:0 size:[binsize: 1 max: 2 count: 734339 average: 1.0001 | standard deviation: 0.00990189 | 0 734267 72 ]
MessageBuffer: [Chip 0 0, L2TCache, requestFromL2TCache] stats - msgs:567 full:0 size:[binsize: 1 max: 1 count: 567 average:     1 | standard deviation: 0 | 0 567 ]
MessageBuffer: [Chip 0 1, L2TCache, requestFromL2TCache] stats - msgs:2062 full:0 size:[binsize: 1 max: 2 count: 2062 average: 1.00097 | standard deviation: 0.0311513 | 0 2060 2 ]
MessageBuffer: [Chip 0 2, L2TCache, requestFromL2TCache] stats - msgs:582 full:0 size:[binsize: 1 max: 2 count: 582 average: 1.00859 | standard deviation: 0.0927677 | 0 577 5 ]
MessageBuffer: [Chip 0 3, L2TCache, requestFromL2TCache] stats - msgs:29 full:0 size:[binsize: 1 max: 2 count: 29 average: 1.03448 | standard deviation: 0.188982 | 0 28 1 ]
MessageBuffer: [Chip 0 0, L2TCache, responseFromL2TCache] stats - msgs:1 full:0 size:[binsize: 1 max: 1 count: 1 average:     1 | standard deviation: 0 | 0 1 ]
MessageBuffer: [Chip 0 1, L2TCache, responseFromL2TCache] stats - msgs:238 full:0 size:[binsize: 1 max: 1 count: 238 average:     1 | standard deviation: 0 | 0 238 ]
MessageBuffer: [Chip 0 2, L2TCache, responseFromL2TCache] stats - msgs:561 full:0 size:[binsize: 1 max: 1 count: 561 average:     1 | standard deviation: 0 | 0 561 ]
MessageBuffer: [Chip 0 3, L2TCache, responseFromL2TCache] stats - msgs:11 full:0 size:[binsize: 1 max: 2 count: 11 average: 1.18182 | standard deviation: 0.447214 | 0 9 2 ]
MessageBuffer: [Chip 0 0, L2TCache, unblockFromL2TCache] stats - msgs:567 full:0 size:[binsize: 1 max: 1 count: 567 average:     1 | standard deviation: 0 | 0 567 ]
MessageBuffer: [Chip 0 1, L2TCache, unblockFromL2TCache] stats - msgs:2060 full:0 size:[binsize: 1 max: 2 count: 2060 average: 1.00049 | standard deviation: 0.022038 | 0 2059 1 ]
MessageBuffer: [Chip 0 2, L2TCache, unblockFromL2TCache] stats - msgs:579 full:0 size:[binsize: 1 max: 2 count: 579 average: 1.00173 | standard deviation: 0.0415945 | 0 578 1 ]
MessageBuffer: [Chip 0 3, L2TCache, unblockFromL2TCache] stats - msgs:27 full:0 size:[binsize: 1 max: 1 count: 27 average:     1 | standard deviation: 0 | 0 27 ]
MessageBuffer: [Chip 0 0, L2TCache, requestToL2TCache] stats - msgs:1 full:0 size:[binsize: 1 max: 1 count: 1 average:     1 | standard deviation: 0 | 0 1 ]
MessageBuffer: [Chip 0 1, L2TCache, requestToL2TCache] stats - msgs:240 full:0 size:[binsize: 1 max: 1 count: 240 average:     1 | standard deviation: 0 | 0 240 ]
MessageBuffer: [Chip 0 2, L2TCache, requestToL2TCache] stats - msgs:564 full:0 size:[binsize: 1 max: 1 count: 564 average:     1 | standard deviation: 0 | 0 564 ]
MessageBuffer: [Chip 0 3, L2TCache, requestToL2TCache] stats - msgs:13 full:0 size:[binsize: 1 max: 2 count: 13 average: 1.07692 | standard deviation: 0.288675 | 0 12 1 ]
MessageBuffer: [Chip 0 0, L2TCache, responseToL2TCache] stats - msgs:568 full:0 size:[binsize: 1 max: 1 count: 568 average:     1 | standard deviation: 0 | 0 568 ]
MessageBuffer: [Chip 0 1, L2TCache, responseToL2TCache] stats - msgs:2300 full:0 size:[binsize: 1 max: 1 count: 2300 average:     1 | standard deviation: 0 | 0 2300 ]
MessageBuffer: [Chip 0 2, L2TCache, responseToL2TCache] stats - msgs:1143 full:0 size:[binsize: 1 max: 2 count: 1143 average: 1.00087 | standard deviation: 0.0295915 | 0 1142 1 ]
MessageBuffer: [Chip 0 3, L2TCache, responseToL2TCache] stats - msgs:40 full:0 size:[binsize: 1 max: 1 count: 40 average:     1 | standard deviation: 0 | 0 40 ]
MessageBuffer: [Chip 0 0, L2Cache, DirRequestFromL2Cache] stats - msgs:4038 full:0 size:[binsize: 1 max: 1 count: 4038 average:     1 | standard deviation: 0 | 0 4038 ]
MessageBuffer: [Chip 0 1, L2Cache, DirRequestFromL2Cache] stats - msgs:2058 full:0 size:[binsize: 1 max: 2 count: 2058 average: 1.00097 | standard deviation: 0.0311816 | 0 2056 2 ]
MessageBuffer: [Chip 0 2, L2Cache, DirRequestFromL2Cache] stats - msgs:2068 full:0 size:[binsize: 1 max: 2 count: 2068 average: 1.00193 | standard deviation: 0.0439906 | 0 2064 4 ]
MessageBuffer: [Chip 0 3, L2Cache, DirRequestFromL2Cache] stats - msgs:3733 full:0 size:[binsize: 1 max: 2 count: 3733 average: 1.00054 | standard deviation: 0.0231496 | 0 3731 2 ]
MessageBuffer: [Chip 0 0, L2Cache, L1RequestFromL2Cache] stats - msgs:2 full:0 size:[binsize: 1 max: 1 count: 2 average:     1 | standard deviation: 0 | 0 2 ]
MessageBuffer: [Chip 0 1, L2Cache, L1RequestFromL2Cache] stats - msgs:242 full:0 size:[binsize: 1 max: 2 count: 242 average: 1.00413 | standard deviation: 0.0644157 | 0 241 1 ]
MessageBuffer: [Chip 0 2, L2Cache, L1RequestFromL2Cache] stats - msgs:567 full:0 size:[binsize: 1 max: 1 count: 567 average:     1 | standard deviation: 0 | 0 567 ]
MessageBuffer: [Chip 0 3, L2Cache, L1RequestFromL2Cache] stats - msgs:20 full:0 size:[binsize: 1 max: 2 count: 20 average:  1.05 | standard deviation: 0.229416 | 0 19 1 ]
MessageBuffer: [Chip 0 0, L2Cache, responseFromL2Cache] stats - msgs:14492 full:0 size:[binsize: 1 max: 2 count: 14492 average: 1.11938 | standard deviation: 0.324297 | 0 12762 1730 ]
MessageBuffer: [Chip 0 1, L2Cache, responseFromL2Cache] stats - msgs:3215 full:0 size:[binsize: 1 max: 2 count: 3215 average: 1.07496 | standard deviation: 0.263408 | 0 2974 241 ]
MessageBuffer: [Chip 0 2, L2Cache, responseFromL2Cache] stats - msgs:9201 full:0 size:[binsize: 1 max: 3 count: 9201 average: 1.16694 | standard deviation: 0.373293 | 0 7666 1534 1 ]
MessageBuffer: [Chip 0 3, L2Cache, responseFromL2Cache] stats - msgs:12983 full:0 size:[binsize: 1 max: 3 count: 12983 average: 1.02442 | standard deviation: 0.15651 | 0 12670 309 4 ]
MessageBuffer: [Chip 0 0, L2Cache, unblockToL2Cache] stats - msgs:8034 full:0 size:[binsize: 1 max: 1 count: 8034 average:     1 | standard deviation: 0 | 0 8034 ]
MessageBuffer: [Chip 0 1, L2Cache, unblockToL2Cache] stats - msgs:2521 full:0 size:[binsize: 1 max: 1 count: 2521 average:     1 | standard deviation: 0 | 0 2521 ]
MessageBuffer: [Chip 0 2, L2Cache, unblockToL2Cache] stats - msgs:4688 full:0 size:[binsize: 1 max: 2 count: 4688 average: 1.00021 | standard deviation: 0.0146067 | 0 4687 1 ]
MessageBuffer: [Chip 0 3, L2Cache, unblockToL2Cache] stats - msgs:6941 full:0 size:[binsize: 1 max: 2 count: 6941 average: 1.00014 | standard deviation: 0.0120038 | 0 6940 1 ]
MessageBuffer: [Chip 0 0, L2Cache, L1RequestToL2Cache] stats - msgs:14492 full:0 size:[binsize: 1 max: 2 count: 14492 average: 1.00062 | standard deviation: 0.0249214 | 0 14483 9 ]
MessageBuffer: [Chip 0 1, L2Cache, L1RequestToL2Cache] stats - msgs:2979 full:0 size:[binsize: 1 max: 2 count: 2979 average: 1.00067 | standard deviation: 0.0259151 | 0 2977 2 ]
MessageBuffer: [Chip 0 2, L2Cache, L1RequestToL2Cache] stats - msgs:8643 full:0 size:[binsize: 1 max: 2 count: 8643 average: 1.00035 | standard deviation: 0.0186317 | 0 8640 3 ]
MessageBuffer: [Chip 0 3, L2Cache, L1RequestToL2Cache] stats - msgs:12979 full:0 size:[binsize: 1 max: 2 count: 12979 average: 1.04769 | standard deviation: 0.213217 | 0 12360 619 ]
MessageBuffer: [Chip 0 0, L2Cache, responseToL2Cache] stats - msgs:4039 full:0 size:[binsize: 1 max: 1 count: 4039 average:     1 | standard deviation: 0 | 0 4039 ]
MessageBuffer: [Chip 0 1, L2Cache, responseToL2Cache] stats - msgs:2296 full:0 size:[binsize: 1 max: 1 count: 2296 average:     1 | standard deviation: 0 | 0 2296 ]
MessageBuffer: [Chip 0 2, L2Cache, responseToL2Cache] stats - msgs:2629 full:0 size:[binsize: 1 max: 1 count: 2629 average:     1 | standard deviation: 0 | 0 2629 ]
MessageBuffer: [Chip 0 3, L2Cache, responseToL2Cache] stats - msgs:3744 full:0 size:[binsize: 1 max: 1 count: 3744 average:     1 | standard deviation: 0 | 0 3744 ]
MessageBuffer: [Chip 0 0, L1Cache, requestFromL1Cache] stats - msgs:35853 full:0 size:[binsize: 1 max: 6 count: 35853 average: 1.47318 | standard deviation: 0.502976 | 0 18931 16897 11 11 2 1 ]
MessageBuffer: [Chip 0 1, L1Cache, requestFromL1Cache] stats - msgs:0 full:0 size:[binsize: 1 max: 0 count: 0 average: NaN |standard deviation: NaN | 0 ]
MessageBuffer: [Chip 0 2, L1Cache, requestFromL1Cache] stats - msgs:0 full:0 size:[binsize: 1 max: 0 count: 0 average: NaN |standard deviation: NaN | 0 ]
MessageBuffer: [Chip 0 3, L1Cache, requestFromL1Cache] stats - msgs:0 full:0 size:[binsize: 1 max: 0 count: 0 average: NaN |standard deviation: NaN | 0 ]
MessageBuffer: [Chip 0 4, L1Cache, requestFromL1Cache] stats - msgs:0 full:0 size:[binsize: 1 max: 0 count: 0 average: NaN |standard deviation: NaN | 0 ]
MessageBuffer: [Chip 0 5, L1Cache, requestFromL1Cache] stats - msgs:0 full:0 size:[binsize: 1 max: 0 count: 0 average: NaN |standard deviation: NaN | 0 ]
MessageBuffer: [Chip 0 6, L1Cache, requestFromL1Cache] stats - msgs:0 full:0 size:[binsize: 1 max: 0 count: 0 average: NaN |standard deviation: NaN | 0 ]
MessageBuffer: [Chip 0 7, L1Cache, requestFromL1Cache] stats - msgs:0 full:0 size:[binsize: 1 max: 0 count: 0 average: NaN |standard deviation: NaN | 0 ]
MessageBuffer: [Chip 0 0, L1Cache, responseFromL1Cache] stats - msgs:13 full:0 size:[binsize: 1 max: 1 count: 13 average:     1 | standard deviation: 0 | 0 13 ]
MessageBuffer: [Chip 0 1, L1Cache, responseFromL1Cache] stats - msgs:0 full:0 size:[binsize: 1 max: 0 count: 0 average: NaN |standard deviation: NaN | 0 ]
MessageBuffer: [Chip 0 2, L1Cache, responseFromL1Cache] stats - msgs:0 full:0 size:[binsize: 1 max: 0 count: 0 average: NaN |standard deviation: NaN | 0 ]
MessageBuffer: [Chip 0 3, L1Cache, responseFromL1Cache] stats - msgs:0 full:0 size:[binsize: 1 max: 0 count: 0 average: NaN |standard deviation: NaN | 0 ]
MessageBuffer: [Chip 0 4, L1Cache, responseFromL1Cache] stats - msgs:0 full:0 size:[binsize: 1 max: 0 count: 0 average: NaN |standard deviation: NaN | 0 ]
MessageBuffer: [Chip 0 5, L1Cache, responseFromL1Cache] stats - msgs:0 full:0 size:[binsize: 1 max: 0 count: 0 average: NaN |standard deviation: NaN | 0 ]
MessageBuffer: [Chip 0 6, L1Cache, responseFromL1Cache] stats - msgs:0 full:0 size:[binsize: 1 max: 0 count: 0 average: NaN |standard deviation: NaN | 0 ]
MessageBuffer: [Chip 0 7, L1Cache, responseFromL1Cache] stats - msgs:0 full:0 size:[binsize: 1 max: 0 count: 0 average: NaN |standard deviation: NaN | 0 ]
MessageBuffer: [Chip 0 0, L1Cache, unblockFromL1Cache] stats - msgs:18951 full:0 size:[binsize: 1 max: 2 count: 18951 average: 1.00021 | standard deviation: 0.0145287 | 0 18947 4 ]
MessageBuffer: [Chip 0 1, L1Cache, unblockFromL1Cache] stats - msgs:0 full:0 size:[binsize: 1 max: 0 count: 0 average: NaN |standard deviation: NaN | 0 ]
MessageBuffer: [Chip 0 2, L1Cache, unblockFromL1Cache] stats - msgs:0 full:0 size:[binsize: 1 max: 0 count: 0 average: NaN |standard deviation: NaN | 0 ]
MessageBuffer: [Chip 0 3, L1Cache, unblockFromL1Cache] stats - msgs:0 full:0 size:[binsize: 1 max: 0 count: 0 average: NaN |standard deviation: NaN | 0 ]
MessageBuffer: [Chip 0 4, L1Cache, unblockFromL1Cache] stats - msgs:0 full:0 size:[binsize: 1 max: 0 count: 0 average: NaN |standard deviation: NaN | 0 ]
MessageBuffer: [Chip 0 5, L1Cache, unblockFromL1Cache] stats - msgs:0 full:0 size:[binsize: 1 max: 0 count: 0 average: NaN |standard deviation: NaN | 0 ]
MessageBuffer: [Chip 0 6, L1Cache, unblockFromL1Cache] stats - msgs:0 full:0 size:[binsize: 1 max: 0 count: 0 average: NaN |standard deviation: NaN | 0 ]
MessageBuffer: [Chip 0 7, L1Cache, unblockFromL1Cache] stats - msgs:0 full:0 size:[binsize: 1 max: 0 count: 0 average: NaN |standard deviation: NaN | 0 ]
MessageBuffer: [Chip 0 0, L1Cache, requestToL1Cache] stats - msgs:13 full:0 size:[binsize: 1 max: 1 count: 13 average:     1 | standard deviation: 0 | 0 13 ]
MessageBuffer: [Chip 0 1, L1Cache, requestToL1Cache] stats - msgs:0 full:0 size:[binsize: 1 max: 0 count: 0 average: NaN |standard deviation: NaN | 0 ]
MessageBuffer: [Chip 0 2, L1Cache, requestToL1Cache] stats - msgs:0 full:0 size:[binsize: 1 max: 0 count: 0 average: NaN |standard deviation: NaN | 0 ]
MessageBuffer: [Chip 0 3, L1Cache, requestToL1Cache] stats - msgs:0 full:0 size:[binsize: 1 max: 0 count: 0 average: NaN |standard deviation: NaN | 0 ]
MessageBuffer: [Chip 0 4, L1Cache, requestToL1Cache] stats - msgs:0 full:0 size:[binsize: 1 max: 0 count: 0 average: NaN |standard deviation: NaN | 0 ]
MessageBuffer: [Chip 0 5, L1Cache, requestToL1Cache] stats - msgs:0 full:0 size:[binsize: 1 max: 0 count: 0 average: NaN |standard deviation: NaN | 0 ]
MessageBuffer: [Chip 0 6, L1Cache, requestToL1Cache] stats - msgs:0 full:0 size:[binsize: 1 max: 0 count: 0 average: NaN |standard deviation: NaN | 0 ]
MessageBuffer: [Chip 0 7, L1Cache, requestToL1Cache] stats - msgs:0 full:0 size:[binsize: 1 max: 0 count: 0 average: NaN |standard deviation: NaN | 0 ]
MessageBuffer: [Chip 0 0, L1Cache, responseToL1Cache] stats - msgs:35853 full:0 size:[binsize: 1 max: 2 count: 35853 average: 1.00067 | standard deviation: 0.0258731 | 0 35829 24 ]
MessageBuffer: [Chip 0 1, L1Cache, responseToL1Cache] stats - msgs:0 full:0 size:[binsize: 1 max: 0 count: 0 average: NaN |standard deviation: NaN | 0 ]
MessageBuffer: [Chip 0 2, L1Cache, responseToL1Cache] stats - msgs:0 full:0 size:[binsize: 1 max: 0 count: 0 average: NaN |standard deviation: NaN | 0 ]
MessageBuffer: [Chip 0 3, L1Cache, responseToL1Cache] stats - msgs:0 full:0 size:[binsize: 1 max: 0 count: 0 average: NaN |standard deviation: NaN | 0 ]
MessageBuffer: [Chip 0 4, L1Cache, responseToL1Cache] stats - msgs:0 full:0 size:[binsize: 1 max: 0 count: 0 average: NaN |standard deviation: NaN | 0 ]
MessageBuffer: [Chip 0 5, L1Cache, responseToL1Cache] stats - msgs:0 full:0 size:[binsize: 1 max: 0 count: 0 average: NaN |standard deviation: NaN | 0 ]
MessageBuffer: [Chip 0 6, L1Cache, responseToL1Cache] stats - msgs:0 full:0 size:[binsize: 1 max: 0 count: 0 average: NaN |standard deviation: NaN | 0 ]
MessageBuffer: [Chip 0 7, L1Cache, responseToL1Cache] stats - msgs:0 full:0 size:[binsize: 1 max: 0 count: 0 average: NaN |standard deviation: NaN | 0 ]
MessageBuffer: [Chip 0 0, Directory, requestToDir] stats - msgs:2974 full:0 size:[binsize: 1 max: 1 count: 2974 average:     1 | standard deviation: 0 | 0 2974 ]
MessageBuffer: [Chip 0 1, Directory, requestToDir] stats - msgs:2976 full:0 size:[binsize: 1 max: 1 count: 2976 average:     1 | standard deviation: 0 | 0 2976 ]
MessageBuffer: [Chip 0 2, Directory, requestToDir] stats - msgs:2973 full:0 size:[binsize: 1 max: 2 count: 2973 average: 1.00034 | standard deviation: 0.0183432 | 0 2972 1 ]
MessageBuffer: [Chip 0 3, Directory, requestToDir] stats - msgs:2974 full:0 size:[binsize: 1 max: 1 count: 2974 average:     1 | standard deviation: 0 | 0 2974 ]
MessageBuffer: [Chip 0 0, Directory, responseToDir] stats - msgs:0 full:0 size:[binsize: 1 max: 0 count: 0 average: NaN |standard deviation: NaN | 0 ]
MessageBuffer: [Chip 0 1, Directory, responseToDir] stats - msgs:0 full:0 size:[binsize: 1 max: 0 count: 0 average: NaN |standard deviation: NaN | 0 ]
MessageBuffer: [Chip 0 2, Directory, responseToDir] stats - msgs:0 full:0 size:[binsize: 1 max: 0 count: 0 average: NaN |standard deviation: NaN | 0 ]
MessageBuffer: [Chip 0 3, Directory, responseToDir] stats - msgs:0 full:0 size:[binsize: 1 max: 0 count: 0 average: NaN |standard deviation: NaN | 0 ]
MessageBuffer: [Chip 0 0, Directory, responseFromDir] stats - msgs:2974 full:0 size:[binsize: 1 max: 3 count: 2974 average: 1.00168 | standard deviation: 0.0485234 | 0 2970 3 1 ]
MessageBuffer: [Chip 0 1, Directory, responseFromDir] stats - msgs:2976 full:0 size:[binsize: 1 max: 2 count: 2976 average: 1.00101 | standard deviation: 0.0317554 | 0 2973 3 ]
MessageBuffer: [Chip 0 2, Directory, responseFromDir] stats - msgs:2973 full:0 size:[binsize: 1 max: 3 count: 2973 average: 1.00168 | standard deviation: 0.0485316 | 0 2969 3 1 ]
MessageBuffer: [Chip 0 3, Directory, responseFromDir] stats - msgs:2974 full:0 size:[binsize: 1 max: 3 count: 2974 average: 1.00202 | standard deviation: 0.0579966 | 0 2970 2 2 ]
