####################################################################################################
Interval
####################################################################################################

INST_COUNT_TOT                                           23564631                      23564631

CYC_COUNT_TOT                                            89700397                      89700397

EXE_TIME                                                        0                             0

NUM_REPEAT                                                      0                             0

CYC_COUNT_X86                                                   0                             0

CYC_COUNT_PTX                                                   0                             0

AVG_BLOCK_EXE_CYCLE                                             0                             0

AVG_BLOCK_EXE_CYCLE_BASE                                        0                             0

PROGRESS_ERROR                                                  0                             0

FILE_OPEN_ERROR                                                 0                             0

NUM_THREAD                                                      0                             0

APPL_CYC_COUNT_BASE0                                            0                             0

APPL_CYC_COUNT_BASE1                                            0                             0

APPL_CYC_COUNT_BASE2                                            0                             0

APPL_CYC_COUNT_BASE3                                            0                             0

APPL_CYC_COUNT_BASE4                                            0                             0

APPL_CYC_COUNT0                                                 0                           NaN

APPL_CYC_COUNT1                                                 0                           NaN

APPL_CYC_COUNT2                                                 0                           NaN

APPL_CYC_COUNT3                                                 0                           NaN

APPL_CYC_COUNT4                                                 0                           NaN

CPI_DELTA_BASE0                                                 0                             0

CPI_DELTA_BASE1                                                 0                             0

CPI_DELTA_BASE2                                                 0                             0

CPI_DELTA_BASE3                                                 0                             0

CPI_DELTA_BASE4                                                 0                             0

CPI_DELTA0                                                      0                           NaN

CPI_DELTA1                                                      0                           NaN

CPI_DELTA2                                                      0                           NaN

CPI_DELTA3                                                      0                           NaN

CPI_DELTA4                                                      0                           NaN

CYCLE_CPU                                                89700397                      89700397

CYCLE_GPU                                                89700397                      89700397

INST_COUNT_CORE_0                                              56                            56

CYC_COUNT_CORE_0                                         89700396                      89700396

INST_COUNT_CORE_1                                               0                             0

CYC_COUNT_CORE_1                                         89696985                      89696985

INST_COUNT_CORE_2                                           41936                         41936

CYC_COUNT_CORE_2                                         89696981                      89696981

INST_COUNT_CORE_3                                        18096491                      18096491

CYC_COUNT_CORE_3                                         89696981                      89696981

INST_COUNT_CORE_4                                         2145303                       2145303

CYC_COUNT_CORE_4                                         89696981                      89696981

INST_COUNT_CORE_5                                         3280845                       3280845

CYC_COUNT_CORE_5                                         89696981                      89696981

INST_COUNT_CORE_6                                               0                             0

CYC_COUNT_CORE_6                                         89696981                      89696981

INST_COUNT_CORE_7                                               0                             0

CYC_COUNT_CORE_7                                         89696981                      89696981

