####################################################################################################
Interval
####################################################################################################

FP_OPS_TOT                                                1276678                       1276678

FP_OPS_CORE_0                                              345912                        345912

OP_CAT_INVALID_CORE_0                                           0                             0%
OP_CAT_3DNOW_CORE_0                                             0                             0%
OP_CAT_AES_CORE_0                                               0                             0%
OP_CAT_BASE_CORE_0                                              0                             0%
OP_CAT_BINARY_CORE_0                                       993942                       19.5308%
OP_CAT_BITBYTE_CORE_0                                           1                   1.96499e-05%
OP_CAT_CALL_CORE_0                                              0                             0%
OP_CAT_CMOV_CORE_0                                             32                   0.000628795%
OP_CAT_COND_BR_CORE_0                                           0                             0%
OP_CAT_DATAXFER_CORE_0                                     298979                        5.8749%
OP_CAT_DECIMAL_CORE_0                                           0                             0%
OP_CAT_FCMOV_CORE_0                                       2260500                       44.4185%
OP_CAT_FLAGOP_CORE_0                                            0                             0%
OP_CAT_INTERRUPT_CORE_0                                         0                             0%
OP_CAT_IO_CORE_0                                                0                             0%
OP_CAT_IOSTRINGOP_CORE_0                                      874                      0.017174%
OP_CAT_LOGICAL_CORE_0                                           0                             0%
OP_CAT_MISC_CORE_0                                              0                             0%
OP_CAT_MMX_CORE_0                                              38                   0.000746695%
OP_CAT_NOP_CORE_0                                          148273                       2.91354%
OP_CAT_PCLMULQDQ_CORE_0                                         0                             0%
OP_CAT_POP_CORE_0                                               0                             0%
OP_CAT_PREFETCH_CORE_0                                          0                             0%
OP_CAT_PUSH_CORE_0                                            891                      0.017508%
OP_CAT_RET_CORE_0                                               0                             0%
OP_CAT_ROTATE_CORE_0                                           11                   0.000216148%
OP_CAT_SEGOP_CORE_0                                            18                   0.000353697%
OP_CAT_SEMAPHORE_CORE_0                                         0                             0%
OP_CAT_SHIFT_CORE_0                                             0                             0%
OP_CAT_SSE_CORE_0                                               0                             0%
OP_CAT_SSE5_CORE_0                                             11                   0.000216148%
OP_CAT_STRINGOP_CORE_0                                          0                             0%
OP_CAT_SYSCALL_CORE_0                                           0                             0%
OP_CAT_SYSRET_CORE_0                                            0                             0%
OP_CAT_SYSTEM_CORE_0                                            0                             0%
OP_CAT_UNCOND_BR_CORE_0                                         0                             0%
OP_CAT_VTX_CORE_0                                               0                             0%
OP_CAT_WIDENOP_CORE_0                                       50012                      0.982729%
OP_CAT_X87_ALU_CORE_0                                           0                             0%
OP_CAT_XSAVE_CORE_0                                             0                             0%
OP_CAT_TR_MUL_CORE_0                                       889488                       17.4783%
OP_CAT_TR_DIV_CORE_0                                            0                             0%
OP_CAT_TR_FMUL_CORE_0                                           0                             0%
OP_CAT_TR_FDIV_CORE_0                                      248357                       4.88018%
OP_CAT_TR_NOP_CORE_0                                            1                   1.96499e-05%
OP_CAT_PREFETCH_NTA_CORE_0                                 148248                       2.91305%
OP_CAT_PREFETCH_T0_CORE_0                                   49416                      0.971017%
OP_CAT_PREFETCH_T1_CORE_0                                       3                   5.89496e-05%
OP_CAT_PREFETCH_T2_CORE_0                                       0                             0%
OP_CAT_TR_MEM_LD_LM_CORE_0                                      0                             0%
OP_CAT_TR_MEM_LD_SM_CORE_0                                      0                             0%
OP_CAT_TR_MEM_LD_GM_CORE_0                                      0                             0%
OP_CAT_TR_MEM_ST_LM_CORE_0                                      0                             0%
OP_CAT_TR_MEM_ST_SM_CORE_0                                      0                             0%
OP_CAT_TR_MEM_ST_GM_CORE_0                                      0                             0%
OP_CAT_TR_DATA_XFER_LM_CORE_0                                   0                             0%
OP_CAT_TR_DATA_XFER_SM_CORE_0                                   0                             0%
OP_CAT_TR_DATA_XFER_GM_CORE_0                                   0                             0%
OP_CAT_TR_LAST_CORE_0                                           0                             0%
                                                          5089095                           100%

FP_OPS_CORE_1                                                   0                             0

OP_CAT_INVALID_CORE_1                                           0                          NaN 
OP_CAT_3DNOW_CORE_1                                             0                          NaN 
OP_CAT_AES_CORE_1                                               0                          NaN 
OP_CAT_BASE_CORE_1                                              0                          NaN 
OP_CAT_BINARY_CORE_1                                            0                          NaN 
OP_CAT_BITBYTE_CORE_1                                           0                          NaN 
OP_CAT_CALL_CORE_1                                              0                          NaN 
OP_CAT_CMOV_CORE_1                                              0                          NaN 
OP_CAT_COND_BR_CORE_1                                           0                          NaN 
OP_CAT_DATAXFER_CORE_1                                          0                          NaN 
OP_CAT_DECIMAL_CORE_1                                           0                          NaN 
OP_CAT_FCMOV_CORE_1                                             0                          NaN 
OP_CAT_FLAGOP_CORE_1                                            0                          NaN 
OP_CAT_INTERRUPT_CORE_1                                         0                          NaN 
OP_CAT_IO_CORE_1                                                0                          NaN 
OP_CAT_IOSTRINGOP_CORE_1                                        0                          NaN 
OP_CAT_LOGICAL_CORE_1                                           0                          NaN 
OP_CAT_MISC_CORE_1                                              0                          NaN 
OP_CAT_MMX_CORE_1                                               0                          NaN 
OP_CAT_NOP_CORE_1                                               0                          NaN 
OP_CAT_PCLMULQDQ_CORE_1                                         0                          NaN 
OP_CAT_POP_CORE_1                                               0                          NaN 
OP_CAT_PREFETCH_CORE_1                                          0                          NaN 
OP_CAT_PUSH_CORE_1                                              0                          NaN 
OP_CAT_RET_CORE_1                                               0                          NaN 
OP_CAT_ROTATE_CORE_1                                            0                          NaN 
OP_CAT_SEGOP_CORE_1                                             0                          NaN 
OP_CAT_SEMAPHORE_CORE_1                                         0                          NaN 
OP_CAT_SHIFT_CORE_1                                             0                          NaN 
OP_CAT_SSE_CORE_1                                               0                          NaN 
OP_CAT_SSE5_CORE_1                                              0                          NaN 
OP_CAT_STRINGOP_CORE_1                                          0                          NaN 
OP_CAT_SYSCALL_CORE_1                                           0                          NaN 
OP_CAT_SYSRET_CORE_1                                            0                          NaN 
OP_CAT_SYSTEM_CORE_1                                            0                          NaN 
OP_CAT_UNCOND_BR_CORE_1                                         0                          NaN 
OP_CAT_VTX_CORE_1                                               0                          NaN 
OP_CAT_WIDENOP_CORE_1                                           0                          NaN 
OP_CAT_X87_ALU_CORE_1                                           0                          NaN 
OP_CAT_XSAVE_CORE_1                                             0                          NaN 
OP_CAT_TR_MUL_CORE_1                                            0                          NaN 
OP_CAT_TR_DIV_CORE_1                                            0                          NaN 
OP_CAT_TR_FMUL_CORE_1                                           0                          NaN 
OP_CAT_TR_FDIV_CORE_1                                           0                          NaN 
OP_CAT_TR_NOP_CORE_1                                            0                          NaN 
OP_CAT_PREFETCH_NTA_CORE_1                                      0                          NaN 
OP_CAT_PREFETCH_T0_CORE_1                                       0                          NaN 
OP_CAT_PREFETCH_T1_CORE_1                                       0                          NaN 
OP_CAT_PREFETCH_T2_CORE_1                                       0                          NaN 
OP_CAT_TR_MEM_LD_LM_CORE_1                                      0                          NaN 
OP_CAT_TR_MEM_LD_SM_CORE_1                                      0                          NaN 
OP_CAT_TR_MEM_LD_GM_CORE_1                                      0                          NaN 
OP_CAT_TR_MEM_ST_LM_CORE_1                                      0                          NaN 
OP_CAT_TR_MEM_ST_SM_CORE_1                                      0                          NaN 
OP_CAT_TR_MEM_ST_GM_CORE_1                                      0                          NaN 
OP_CAT_TR_DATA_XFER_LM_CORE_1                                   0                          NaN 
OP_CAT_TR_DATA_XFER_SM_CORE_1                                   0                          NaN 
OP_CAT_TR_DATA_XFER_GM_CORE_1                                   0                          NaN 
OP_CAT_TR_LAST_CORE_1                                           0                          NaN 
                                                                0                           100%

FP_OPS_CORE_2                                              409360                        409360

OP_CAT_INVALID_CORE_2                                           0                             0%
OP_CAT_3DNOW_CORE_2                                             0                             0%
OP_CAT_AES_CORE_2                                               0                             0%
OP_CAT_BASE_CORE_2                                              0                             0%
OP_CAT_BINARY_CORE_2                                      1357846                       17.8069%
OP_CAT_BITBYTE_CORE_2                                           0                             0%
OP_CAT_CALL_CORE_2                                              0                             0%
OP_CAT_CMOV_CORE_2                                             28                   0.000367194%
OP_CAT_COND_BR_CORE_2                                           1                   1.31141e-05%
OP_CAT_DATAXFER_CORE_2                                     388997                       5.10134%
OP_CAT_DECIMAL_CORE_2                                           0                             0%
OP_CAT_FCMOV_CORE_2                                       3729544                       48.9095%
OP_CAT_FLAGOP_CORE_2                                            0                             0%
OP_CAT_INTERRUPT_CORE_2                                         0                             0%
OP_CAT_IO_CORE_2                                                0                             0%
OP_CAT_IOSTRINGOP_CORE_2                                     1325                     0.0173762%
OP_CAT_LOGICAL_CORE_2                                           0                             0%
OP_CAT_MISC_CORE_2                                              0                             0%
OP_CAT_MMX_CORE_2                                              28                   0.000367194%
OP_CAT_NOP_CORE_2                                          240815                       3.15807%
OP_CAT_PCLMULQDQ_CORE_2                                         0                             0%
OP_CAT_POP_CORE_2                                               0                             0%
OP_CAT_PREFETCH_CORE_2                                          0                             0%
OP_CAT_PUSH_CORE_2                                           1337                     0.0175335%
OP_CAT_RET_CORE_2                                               0                             0%
OP_CAT_ROTATE_CORE_2                                           12                   0.000157369%
OP_CAT_SEGOP_CORE_2                                            15                   0.000196711%
OP_CAT_SEMAPHORE_CORE_2                                         0                             0%
OP_CAT_SHIFT_CORE_2                                             0                             0%
OP_CAT_SSE_CORE_2                                               1                   1.31141e-05%
OP_CAT_SSE5_CORE_2                                              4                   5.24563e-05%
OP_CAT_STRINGOP_CORE_2                                          0                             0%
OP_CAT_SYSCALL_CORE_2                                           0                             0%
OP_CAT_SYSRET_CORE_2                                            0                             0%
OP_CAT_SYSTEM_CORE_2                                            0                             0%
OP_CAT_UNCOND_BR_CORE_2                                         0                             0%
OP_CAT_VTX_CORE_2                                               0                             0%
OP_CAT_WIDENOP_CORE_2                                       48745                      0.639246%
OP_CAT_X87_ALU_CORE_2                                           0                             0%
OP_CAT_XSAVE_CORE_2                                             0                             0%
OP_CAT_TR_MUL_CORE_2                                      1228080                       16.1051%
OP_CAT_TR_DIV_CORE_2                                            0                             0%
OP_CAT_TR_FMUL_CORE_2                                           0                             0%
OP_CAT_TR_FDIV_CORE_2                                      460051                       6.03315%
OP_CAT_TR_NOP_CORE_2                                            1                   1.31141e-05%
OP_CAT_PREFETCH_NTA_CORE_2                                 120400                       1.57894%
OP_CAT_PREFETCH_T0_CORE_2                                   48160                      0.631574%
OP_CAT_PREFETCH_T1_CORE_2                                       0                             0%
OP_CAT_PREFETCH_T2_CORE_2                                       0                             0%
OP_CAT_TR_MEM_LD_LM_CORE_2                                      0                             0%
OP_CAT_TR_MEM_LD_SM_CORE_2                                      0                             0%
OP_CAT_TR_MEM_LD_GM_CORE_2                                      0                             0%
OP_CAT_TR_MEM_ST_LM_CORE_2                                      0                             0%
OP_CAT_TR_MEM_ST_SM_CORE_2                                      0                             0%
OP_CAT_TR_MEM_ST_GM_CORE_2                                      0                             0%
OP_CAT_TR_DATA_XFER_LM_CORE_2                                   0                             0%
OP_CAT_TR_DATA_XFER_SM_CORE_2                                   0                             0%
OP_CAT_TR_DATA_XFER_GM_CORE_2                                   0                             0%
OP_CAT_TR_LAST_CORE_2                                           0                             0%
                                                          7625390                           100%

FP_OPS_CORE_3                                              200202                        200202

OP_CAT_INVALID_CORE_3                                           0                             0%
OP_CAT_3DNOW_CORE_3                                             0                             0%
OP_CAT_AES_CORE_3                                               0                             0%
OP_CAT_BASE_CORE_3                                              0                             0%
OP_CAT_BINARY_CORE_3                                       496111                        17.227%
OP_CAT_BITBYTE_CORE_3                                           0                             0%
OP_CAT_CALL_CORE_3                                              0                             0%
OP_CAT_CMOV_CORE_3                                             28                   0.000972277%
OP_CAT_COND_BR_CORE_3                                           1                   3.47242e-05%
OP_CAT_DATAXFER_CORE_3                                     147328                       5.11584%
OP_CAT_DECIMAL_CORE_3                                           0                             0%
OP_CAT_FCMOV_CORE_3                                       1349181                       46.8492%
OP_CAT_FLAGOP_CORE_3                                            0                             0%
OP_CAT_INTERRUPT_CORE_3                                         0                             0%
OP_CAT_IO_CORE_3                                                0                             0%
OP_CAT_IOSTRINGOP_CORE_3                                      503                     0.0174663%
OP_CAT_LOGICAL_CORE_3                                           0                             0%
OP_CAT_MISC_CORE_3                                              0                             0%
OP_CAT_MMX_CORE_3                                              36                    0.00125007%
OP_CAT_NOP_CORE_3                                          120416                       4.18134%
OP_CAT_PCLMULQDQ_CORE_3                                         0                             0%
OP_CAT_POP_CORE_3                                               0                             0%
OP_CAT_PREFETCH_CORE_3                                          0                             0%
OP_CAT_PUSH_CORE_3                                            514                     0.0178482%
OP_CAT_RET_CORE_3                                               0                             0%
OP_CAT_ROTATE_CORE_3                                           10                   0.000347242%
OP_CAT_SEGOP_CORE_3                                            16                   0.000555587%
OP_CAT_SEMAPHORE_CORE_3                                         0                             0%
OP_CAT_SHIFT_CORE_3                                             0                             0%
OP_CAT_SSE_CORE_3                                               1                   3.47242e-05%
OP_CAT_SSE5_CORE_3                                              8                   0.000277793%
OP_CAT_STRINGOP_CORE_3                                          0                             0%
OP_CAT_SYSCALL_CORE_3                                           0                             0%
OP_CAT_SYSRET_CORE_3                                            0                             0%
OP_CAT_SYSTEM_CORE_3                                            0                             0%
OP_CAT_UNCOND_BR_CORE_3                                         0                             0%
OP_CAT_VTX_CORE_3                                               0                             0%
OP_CAT_WIDENOP_CORE_3                                       18652                      0.647675%
OP_CAT_X87_ALU_CORE_3                                           0                             0%
OP_CAT_XSAVE_CORE_3                                             0                             0%
OP_CAT_TR_MUL_CORE_3                                       509624                       17.6963%
OP_CAT_TR_DIV_CORE_3                                            0                             0%
OP_CAT_TR_FMUL_CORE_3                                           0                             0%
OP_CAT_TR_FDIV_CORE_3                                      128210                       4.45198%
OP_CAT_TR_NOP_CORE_3                                            0                             0%
OP_CAT_PREFETCH_NTA_CORE_3                                  91000                        3.1599%
OP_CAT_PREFETCH_T0_CORE_3                                   18200                       0.63198%
OP_CAT_PREFETCH_T1_CORE_3                                       0                             0%
OP_CAT_PREFETCH_T2_CORE_3                                       0                             0%
OP_CAT_TR_MEM_LD_LM_CORE_3                                      0                             0%
OP_CAT_TR_MEM_LD_SM_CORE_3                                      0                             0%
OP_CAT_TR_MEM_LD_GM_CORE_3                                      0                             0%
OP_CAT_TR_MEM_ST_LM_CORE_3                                      0                             0%
OP_CAT_TR_MEM_ST_SM_CORE_3                                      0                             0%
OP_CAT_TR_MEM_ST_GM_CORE_3                                      0                             0%
OP_CAT_TR_DATA_XFER_LM_CORE_3                                   0                             0%
OP_CAT_TR_DATA_XFER_SM_CORE_3                                   0                             0%
OP_CAT_TR_DATA_XFER_GM_CORE_3                                   0                             0%
OP_CAT_TR_LAST_CORE_3                                           0                             0%
                                                          2879839                           100%

FP_OPS_CORE_4                                              321204                        321204

OP_CAT_INVALID_CORE_4                                           0                             0%
OP_CAT_3DNOW_CORE_4                                             0                             0%
OP_CAT_AES_CORE_4                                               0                             0%
OP_CAT_BASE_CORE_4                                              0                             0%
OP_CAT_BINARY_CORE_4                                       993981                       18.5404%
OP_CAT_BITBYTE_CORE_4                                           1                   1.86526e-05%
OP_CAT_CALL_CORE_4                                              0                             0%
OP_CAT_CMOV_CORE_4                                             35                   0.000652842%
OP_CAT_COND_BR_CORE_4                                           1                   1.86526e-05%
OP_CAT_DATAXFER_CORE_4                                     299013                       5.57738%
OP_CAT_DECIMAL_CORE_4                                           0                             0%
OP_CAT_FCMOV_CORE_4                                       2557103                       47.6967%
OP_CAT_FLAGOP_CORE_4                                            0                             0%
OP_CAT_INTERRUPT_CORE_4                                         0                             0%
OP_CAT_IO_CORE_4                                                0                             0%
OP_CAT_IOSTRINGOP_CORE_4                                      919                     0.0171418%
OP_CAT_LOGICAL_CORE_4                                           0                             0%
OP_CAT_MISC_CORE_4                                              0                             0%
OP_CAT_MMX_CORE_4                                              60                    0.00111916%
OP_CAT_NOP_CORE_4                                          148272                       2.76566%
OP_CAT_PCLMULQDQ_CORE_4                                         0                             0%
OP_CAT_POP_CORE_4                                               0                             0%
OP_CAT_PREFETCH_CORE_4                                          0                             0%
OP_CAT_PUSH_CORE_4                                            939                     0.0175148%
OP_CAT_RET_CORE_4                                               0                             0%
OP_CAT_ROTATE_CORE_4                                           11                   0.000205179%
OP_CAT_SEGOP_CORE_4                                            18                   0.000335747%
OP_CAT_SEMAPHORE_CORE_4                                         0                             0%
OP_CAT_SHIFT_CORE_4                                             0                             0%
OP_CAT_SSE_CORE_4                                               1                   1.86526e-05%
OP_CAT_SSE5_CORE_4                                              5                   9.32631e-05%
OP_CAT_STRINGOP_CORE_4                                          0                             0%
OP_CAT_SYSCALL_CORE_4                                           0                             0%
OP_CAT_SYSRET_CORE_4                                            0                             0%
OP_CAT_SYSTEM_CORE_4                                            0                             0%
OP_CAT_UNCOND_BR_CORE_4                                         0                             0%
OP_CAT_VTX_CORE_4                                               0                             0%
OP_CAT_WIDENOP_CORE_4                                       50017                      0.932948%
OP_CAT_X87_ALU_CORE_4                                           0                             0%
OP_CAT_XSAVE_CORE_4                                             0                             0%
OP_CAT_TR_MUL_CORE_4                                       864780                       16.1304%
OP_CAT_TR_DIV_CORE_4                                            0                             0%
OP_CAT_TR_FMUL_CORE_4                                           0                             0%
OP_CAT_TR_FDIV_CORE_4                                      248355                       4.63247%
OP_CAT_TR_NOP_CORE_4                                            1                   1.86526e-05%
OP_CAT_PREFETCH_NTA_CORE_4                                 148248                       2.76521%
OP_CAT_PREFETCH_T0_CORE_4                                   49416                      0.921738%
OP_CAT_PREFETCH_T1_CORE_4                                       0                             0%
OP_CAT_PREFETCH_T2_CORE_4                                       0                             0%
OP_CAT_TR_MEM_LD_LM_CORE_4                                      0                             0%
OP_CAT_TR_MEM_LD_SM_CORE_4                                      0                             0%
OP_CAT_TR_MEM_LD_GM_CORE_4                                      0                             0%
OP_CAT_TR_MEM_ST_LM_CORE_4                                      0                             0%
OP_CAT_TR_MEM_ST_SM_CORE_4                                      0                             0%
OP_CAT_TR_MEM_ST_GM_CORE_4                                      0                             0%
OP_CAT_TR_DATA_XFER_LM_CORE_4                                   0                             0%
OP_CAT_TR_DATA_XFER_SM_CORE_4                                   0                             0%
OP_CAT_TR_DATA_XFER_GM_CORE_4                                   0                             0%
OP_CAT_TR_LAST_CORE_4                                           0                             0%
                                                          5361176                           100%

FP_OPS_CORE_5                                                   0                             0

OP_CAT_INVALID_CORE_5                                           0                          NaN 
OP_CAT_3DNOW_CORE_5                                             0                          NaN 
OP_CAT_AES_CORE_5                                               0                          NaN 
OP_CAT_BASE_CORE_5                                              0                          NaN 
OP_CAT_BINARY_CORE_5                                            0                          NaN 
OP_CAT_BITBYTE_CORE_5                                           0                          NaN 
OP_CAT_CALL_CORE_5                                              0                          NaN 
OP_CAT_CMOV_CORE_5                                              0                          NaN 
OP_CAT_COND_BR_CORE_5                                           0                          NaN 
OP_CAT_DATAXFER_CORE_5                                          0                          NaN 
OP_CAT_DECIMAL_CORE_5                                           0                          NaN 
OP_CAT_FCMOV_CORE_5                                             0                          NaN 
OP_CAT_FLAGOP_CORE_5                                            0                          NaN 
OP_CAT_INTERRUPT_CORE_5                                         0                          NaN 
OP_CAT_IO_CORE_5                                                0                          NaN 
OP_CAT_IOSTRINGOP_CORE_5                                        0                          NaN 
OP_CAT_LOGICAL_CORE_5                                           0                          NaN 
OP_CAT_MISC_CORE_5                                              0                          NaN 
OP_CAT_MMX_CORE_5                                               0                          NaN 
OP_CAT_NOP_CORE_5                                               0                          NaN 
OP_CAT_PCLMULQDQ_CORE_5                                         0                          NaN 
OP_CAT_POP_CORE_5                                               0                          NaN 
OP_CAT_PREFETCH_CORE_5                                          0                          NaN 
OP_CAT_PUSH_CORE_5                                              0                          NaN 
OP_CAT_RET_CORE_5                                               0                          NaN 
OP_CAT_ROTATE_CORE_5                                            0                          NaN 
OP_CAT_SEGOP_CORE_5                                             0                          NaN 
OP_CAT_SEMAPHORE_CORE_5                                         0                          NaN 
OP_CAT_SHIFT_CORE_5                                             0                          NaN 
OP_CAT_SSE_CORE_5                                               0                          NaN 
OP_CAT_SSE5_CORE_5                                              0                          NaN 
OP_CAT_STRINGOP_CORE_5                                          0                          NaN 
OP_CAT_SYSCALL_CORE_5                                           0                          NaN 
OP_CAT_SYSRET_CORE_5                                            0                          NaN 
OP_CAT_SYSTEM_CORE_5                                            0                          NaN 
OP_CAT_UNCOND_BR_CORE_5                                         0                          NaN 
OP_CAT_VTX_CORE_5                                               0                          NaN 
OP_CAT_WIDENOP_CORE_5                                           0                          NaN 
OP_CAT_X87_ALU_CORE_5                                           0                          NaN 
OP_CAT_XSAVE_CORE_5                                             0                          NaN 
OP_CAT_TR_MUL_CORE_5                                            0                          NaN 
OP_CAT_TR_DIV_CORE_5                                            0                          NaN 
OP_CAT_TR_FMUL_CORE_5                                           0                          NaN 
OP_CAT_TR_FDIV_CORE_5                                           0                          NaN 
OP_CAT_TR_NOP_CORE_5                                            0                          NaN 
OP_CAT_PREFETCH_NTA_CORE_5                                      0                          NaN 
OP_CAT_PREFETCH_T0_CORE_5                                       0                          NaN 
OP_CAT_PREFETCH_T1_CORE_5                                       0                          NaN 
OP_CAT_PREFETCH_T2_CORE_5                                       0                          NaN 
OP_CAT_TR_MEM_LD_LM_CORE_5                                      0                          NaN 
OP_CAT_TR_MEM_LD_SM_CORE_5                                      0                          NaN 
OP_CAT_TR_MEM_LD_GM_CORE_5                                      0                          NaN 
OP_CAT_TR_MEM_ST_LM_CORE_5                                      0                          NaN 
OP_CAT_TR_MEM_ST_SM_CORE_5                                      0                          NaN 
OP_CAT_TR_MEM_ST_GM_CORE_5                                      0                          NaN 
OP_CAT_TR_DATA_XFER_LM_CORE_5                                   0                          NaN 
OP_CAT_TR_DATA_XFER_SM_CORE_5                                   0                          NaN 
OP_CAT_TR_DATA_XFER_GM_CORE_5                                   0                          NaN 
OP_CAT_TR_LAST_CORE_5                                           0                          NaN 
                                                                0                           100%

FP_OPS_CORE_6                                                   0                             0

OP_CAT_INVALID_CORE_6                                           0                          NaN 
OP_CAT_3DNOW_CORE_6                                             0                          NaN 
OP_CAT_AES_CORE_6                                               0                          NaN 
OP_CAT_BASE_CORE_6                                              0                          NaN 
OP_CAT_BINARY_CORE_6                                            0                          NaN 
OP_CAT_BITBYTE_CORE_6                                           0                          NaN 
OP_CAT_CALL_CORE_6                                              0                          NaN 
OP_CAT_CMOV_CORE_6                                              0                          NaN 
OP_CAT_COND_BR_CORE_6                                           0                          NaN 
OP_CAT_DATAXFER_CORE_6                                          0                          NaN 
OP_CAT_DECIMAL_CORE_6                                           0                          NaN 
OP_CAT_FCMOV_CORE_6                                             0                          NaN 
OP_CAT_FLAGOP_CORE_6                                            0                          NaN 
OP_CAT_INTERRUPT_CORE_6                                         0                          NaN 
OP_CAT_IO_CORE_6                                                0                          NaN 
OP_CAT_IOSTRINGOP_CORE_6                                        0                          NaN 
OP_CAT_LOGICAL_CORE_6                                           0                          NaN 
OP_CAT_MISC_CORE_6                                              0                          NaN 
OP_CAT_MMX_CORE_6                                               0                          NaN 
OP_CAT_NOP_CORE_6                                               0                          NaN 
OP_CAT_PCLMULQDQ_CORE_6                                         0                          NaN 
OP_CAT_POP_CORE_6                                               0                          NaN 
OP_CAT_PREFETCH_CORE_6                                          0                          NaN 
OP_CAT_PUSH_CORE_6                                              0                          NaN 
OP_CAT_RET_CORE_6                                               0                          NaN 
OP_CAT_ROTATE_CORE_6                                            0                          NaN 
OP_CAT_SEGOP_CORE_6                                             0                          NaN 
OP_CAT_SEMAPHORE_CORE_6                                         0                          NaN 
OP_CAT_SHIFT_CORE_6                                             0                          NaN 
OP_CAT_SSE_CORE_6                                               0                          NaN 
OP_CAT_SSE5_CORE_6                                              0                          NaN 
OP_CAT_STRINGOP_CORE_6                                          0                          NaN 
OP_CAT_SYSCALL_CORE_6                                           0                          NaN 
OP_CAT_SYSRET_CORE_6                                            0                          NaN 
OP_CAT_SYSTEM_CORE_6                                            0                          NaN 
OP_CAT_UNCOND_BR_CORE_6                                         0                          NaN 
OP_CAT_VTX_CORE_6                                               0                          NaN 
OP_CAT_WIDENOP_CORE_6                                           0                          NaN 
OP_CAT_X87_ALU_CORE_6                                           0                          NaN 
OP_CAT_XSAVE_CORE_6                                             0                          NaN 
OP_CAT_TR_MUL_CORE_6                                            0                          NaN 
OP_CAT_TR_DIV_CORE_6                                            0                          NaN 
OP_CAT_TR_FMUL_CORE_6                                           0                          NaN 
OP_CAT_TR_FDIV_CORE_6                                           0                          NaN 
OP_CAT_TR_NOP_CORE_6                                            0                          NaN 
OP_CAT_PREFETCH_NTA_CORE_6                                      0                          NaN 
OP_CAT_PREFETCH_T0_CORE_6                                       0                          NaN 
OP_CAT_PREFETCH_T1_CORE_6                                       0                          NaN 
OP_CAT_PREFETCH_T2_CORE_6                                       0                          NaN 
OP_CAT_TR_MEM_LD_LM_CORE_6                                      0                          NaN 
OP_CAT_TR_MEM_LD_SM_CORE_6                                      0                          NaN 
OP_CAT_TR_MEM_LD_GM_CORE_6                                      0                          NaN 
OP_CAT_TR_MEM_ST_LM_CORE_6                                      0                          NaN 
OP_CAT_TR_MEM_ST_SM_CORE_6                                      0                          NaN 
OP_CAT_TR_MEM_ST_GM_CORE_6                                      0                          NaN 
OP_CAT_TR_DATA_XFER_LM_CORE_6                                   0                          NaN 
OP_CAT_TR_DATA_XFER_SM_CORE_6                                   0                          NaN 
OP_CAT_TR_DATA_XFER_GM_CORE_6                                   0                          NaN 
OP_CAT_TR_LAST_CORE_6                                           0                          NaN 
                                                                0                           100%

FP_OPS_CORE_7                                                   0                             0

OP_CAT_INVALID_CORE_7                                           0                          NaN 
OP_CAT_3DNOW_CORE_7                                             0                          NaN 
OP_CAT_AES_CORE_7                                               0                          NaN 
OP_CAT_BASE_CORE_7                                              0                          NaN 
OP_CAT_BINARY_CORE_7                                            0                          NaN 
OP_CAT_BITBYTE_CORE_7                                           0                          NaN 
OP_CAT_CALL_CORE_7                                              0                          NaN 
OP_CAT_CMOV_CORE_7                                              0                          NaN 
OP_CAT_COND_BR_CORE_7                                           0                          NaN 
OP_CAT_DATAXFER_CORE_7                                          0                          NaN 
OP_CAT_DECIMAL_CORE_7                                           0                          NaN 
OP_CAT_FCMOV_CORE_7                                             0                          NaN 
OP_CAT_FLAGOP_CORE_7                                            0                          NaN 
OP_CAT_INTERRUPT_CORE_7                                         0                          NaN 
OP_CAT_IO_CORE_7                                                0                          NaN 
OP_CAT_IOSTRINGOP_CORE_7                                        0                          NaN 
OP_CAT_LOGICAL_CORE_7                                           0                          NaN 
OP_CAT_MISC_CORE_7                                              0                          NaN 
OP_CAT_MMX_CORE_7                                               0                          NaN 
OP_CAT_NOP_CORE_7                                               0                          NaN 
OP_CAT_PCLMULQDQ_CORE_7                                         0                          NaN 
OP_CAT_POP_CORE_7                                               0                          NaN 
OP_CAT_PREFETCH_CORE_7                                          0                          NaN 
OP_CAT_PUSH_CORE_7                                              0                          NaN 
OP_CAT_RET_CORE_7                                               0                          NaN 
OP_CAT_ROTATE_CORE_7                                            0                          NaN 
OP_CAT_SEGOP_CORE_7                                             0                          NaN 
OP_CAT_SEMAPHORE_CORE_7                                         0                          NaN 
OP_CAT_SHIFT_CORE_7                                             0                          NaN 
OP_CAT_SSE_CORE_7                                               0                          NaN 
OP_CAT_SSE5_CORE_7                                              0                          NaN 
OP_CAT_STRINGOP_CORE_7                                          0                          NaN 
OP_CAT_SYSCALL_CORE_7                                           0                          NaN 
OP_CAT_SYSRET_CORE_7                                            0                          NaN 
OP_CAT_SYSTEM_CORE_7                                            0                          NaN 
OP_CAT_UNCOND_BR_CORE_7                                         0                          NaN 
OP_CAT_VTX_CORE_7                                               0                          NaN 
OP_CAT_WIDENOP_CORE_7                                           0                          NaN 
OP_CAT_X87_ALU_CORE_7                                           0                          NaN 
OP_CAT_XSAVE_CORE_7                                             0                          NaN 
OP_CAT_TR_MUL_CORE_7                                            0                          NaN 
OP_CAT_TR_DIV_CORE_7                                            0                          NaN 
OP_CAT_TR_FMUL_CORE_7                                           0                          NaN 
OP_CAT_TR_FDIV_CORE_7                                           0                          NaN 
OP_CAT_TR_NOP_CORE_7                                            0                          NaN 
OP_CAT_PREFETCH_NTA_CORE_7                                      0                          NaN 
OP_CAT_PREFETCH_T0_CORE_7                                       0                          NaN 
OP_CAT_PREFETCH_T1_CORE_7                                       0                          NaN 
OP_CAT_PREFETCH_T2_CORE_7                                       0                          NaN 
OP_CAT_TR_MEM_LD_LM_CORE_7                                      0                          NaN 
OP_CAT_TR_MEM_LD_SM_CORE_7                                      0                          NaN 
OP_CAT_TR_MEM_LD_GM_CORE_7                                      0                          NaN 
OP_CAT_TR_MEM_ST_LM_CORE_7                                      0                          NaN 
OP_CAT_TR_MEM_ST_SM_CORE_7                                      0                          NaN 
OP_CAT_TR_MEM_ST_GM_CORE_7                                      0                          NaN 
OP_CAT_TR_DATA_XFER_LM_CORE_7                                   0                          NaN 
OP_CAT_TR_DATA_XFER_SM_CORE_7                                   0                          NaN 
OP_CAT_TR_DATA_XFER_GM_CORE_7                                   0                          NaN 
OP_CAT_TR_LAST_CORE_7                                           0                          NaN 
                                                                0                           100%

