####################################################################################################
Interval
####################################################################################################

INST_COUNT_TOT                                           23568935                      23568935

CYC_COUNT_TOT                                            88894646                      88894646

EXE_TIME                                                        0                             0

NUM_REPEAT                                                      0                             0

CYC_COUNT_X86                                                   0                             0

CYC_COUNT_PTX                                                   0                             0

AVG_BLOCK_EXE_CYCLE                                             0                             0

AVG_BLOCK_EXE_CYCLE_BASE                                        0                             0

PROGRESS_ERROR                                                  0                             0

FILE_OPEN_ERROR                                                 0                             0

NUM_THREAD                                                      0                             0

APPL_CYC_COUNT_BASE0                                            0                             0

APPL_CYC_COUNT_BASE1                                            0                             0

APPL_CYC_COUNT_BASE2                                            0                             0

APPL_CYC_COUNT_BASE3                                            0                             0

APPL_CYC_COUNT_BASE4                                            0                             0

APPL_CYC_COUNT0                                                 0                           NaN

APPL_CYC_COUNT1                                                 0                           NaN

APPL_CYC_COUNT2                                                 0                           NaN

APPL_CYC_COUNT3                                                 0                           NaN

APPL_CYC_COUNT4                                                 0                           NaN

CPI_DELTA_BASE0                                                 0                             0

CPI_DELTA_BASE1                                                 0                             0

CPI_DELTA_BASE2                                                 0                             0

CPI_DELTA_BASE3                                                 0                             0

CPI_DELTA_BASE4                                                 0                             0

CPI_DELTA0                                                      0                           NaN

CPI_DELTA1                                                      0                           NaN

CPI_DELTA2                                                      0                           NaN

CPI_DELTA3                                                      0                           NaN

CPI_DELTA4                                                      0                           NaN

CYCLE_CPU                                                88894646                      88894646

CYCLE_GPU                                                88894646                      88894646

INST_COUNT_CORE_0                                              56                            56

CYC_COUNT_CORE_0                                         88894645                      88894645

INST_COUNT_CORE_1                                            3469                          3469

CYC_COUNT_CORE_1                                         88893910                      88893910

INST_COUNT_CORE_2                                           41936                         41936

CYC_COUNT_CORE_2                                         88893906                      88893906

INST_COUNT_CORE_3                                        18096782                      18096782

CYC_COUNT_CORE_3                                         88893906                      88893906

INST_COUNT_CORE_4                                         2145509                       2145509

CYC_COUNT_CORE_4                                         88893906                      88893906

INST_COUNT_CORE_5                                         3281183                       3281183

CYC_COUNT_CORE_5                                         88893906                      88893906

INST_COUNT_CORE_6                                               0                             0

CYC_COUNT_CORE_6                                         88893906                      88893906

INST_COUNT_CORE_7                                               0                             0

CYC_COUNT_CORE_7                                         88893906                      88893906

