####################################################################################################
Interval
####################################################################################################

INST_COUNT_TOT                                            2787007                       2787007

CYC_COUNT_TOT                                             2557681                       2557681

EXE_TIME                                                        0                             0

NUM_REPEAT                                                      0                             0

CYC_COUNT_X86                                                   0                             0

CYC_COUNT_PTX                                                   0                             0

AVG_BLOCK_EXE_CYCLE                                             0                             0

AVG_BLOCK_EXE_CYCLE_BASE                                        0                             0

PROGRESS_ERROR                                                  0                             0

FILE_OPEN_ERROR                                                 0                             0

NUM_THREAD                                                      0                             0

APPL_CYC_COUNT_BASE0                                            0                             0

APPL_CYC_COUNT_BASE1                                            0                             0

APPL_CYC_COUNT_BASE2                                            0                             0

APPL_CYC_COUNT_BASE3                                            0                             0

APPL_CYC_COUNT_BASE4                                            0                             0

APPL_CYC_COUNT0                                                 0                           NaN

APPL_CYC_COUNT1                                                 0                           NaN

APPL_CYC_COUNT2                                                 0                           NaN

APPL_CYC_COUNT3                                                 0                           NaN

APPL_CYC_COUNT4                                                 0                           NaN

CPI_DELTA_BASE0                                                 0                             0

CPI_DELTA_BASE1                                                 0                             0

CPI_DELTA_BASE2                                                 0                             0

CPI_DELTA_BASE3                                                 0                             0

CPI_DELTA_BASE4                                                 0                             0

CPI_DELTA0                                                      0                           NaN

CPI_DELTA1                                                      0                           NaN

CPI_DELTA2                                                      0                           NaN

CPI_DELTA3                                                      0                           NaN

CPI_DELTA4                                                      0                           NaN

CYCLE_CPU                                                 2557681                       2557681

CYCLE_GPU                                                 2557681                       2557681

INST_COUNT_CORE_0                                          352636                        352636

CYC_COUNT_CORE_0                                          2557680                       2557680

INST_COUNT_CORE_1                                               0                             0

CYC_COUNT_CORE_1                                          1418860                       1418860

INST_COUNT_CORE_2                                          243623                        243623

CYC_COUNT_CORE_2                                          1418820                       1418820

INST_COUNT_CORE_3                                          432623                        432623

CYC_COUNT_CORE_3                                          1418820                       1418820

INST_COUNT_CORE_4                                          574407                        574407

CYC_COUNT_CORE_4                                          1418820                       1418820

INST_COUNT_CORE_5                                          577399                        577399

CYC_COUNT_CORE_5                                          1418820                       1418820

INST_COUNT_CORE_6                                          606319                        606319

CYC_COUNT_CORE_6                                          1418820                       1418820

INST_COUNT_CORE_7                                               0                             0

CYC_COUNT_CORE_7                                          1418820                       1418820

