####################################################################################################
Interval
####################################################################################################

POWER_L3CACHE_LINEFILL_BUF_R                                    0                             0

POWER_L3CACHE_LINEFILL_BUF_W                                    0                             0

POWER_L3CACHE_LINEFILL_BUF_R_TAG                                0                             0

POWER_L3CACHE_WB_BUF_R                                          0                             0

POWER_L3CACHE_WB_BUF_W                                          0                             0

POWER_L3CACHE_WB_BUF_R_TAG                                      0                             0

POWER_L3CACHE_R                                                 0                             0

POWER_L3CACHE_W                                                 0                             0

POWER_L3CACHE_R_TAG                                             0                             0

POWER_MC_R                                                      0                             0

POWER_MC_W                                                      0                             0

POWER_BLOCK_STATES_R_CORE_0                                 16545                         16545

POWER_BLOCK_STATES_W_CORE_0                                 16545                         16545

POWER_FETCH_QUEUE_R_CORE_0                                   5616                          5616

POWER_FETCH_QUEUE_W_CORE_0                                   5615                          5615

POWER_INST_QUEUE_R_CORE_0                                   15530                         15530

POWER_INST_QUEUE_W_CORE_0                                    5615                          5615

POWER_BR_PRED_R_CORE_0                                        625                           625

POWER_BR_PRED_W_CORE_0                                        566                           566

POWER_RAS_R_CORE_0                                            186                           186

POWER_RAS_W_CORE_0                                            115                           115

POWER_ICACHE_R_CORE_0                                        1405                          1405

POWER_ICACHE_W_CORE_0                                           0                             0

POWER_ICACHE_R_TAG_CORE_0                                    1403                          1403

POWER_ICACHE_MISS_BUF_R_CORE_0                                  0                             0

POWER_ICACHE_MISS_BUF_W_CORE_0                                  0                             0

POWER_ICACHE_MISS_BUF_R_TAG_CORE_0                              0                             0

POWER_ICACHE_MISS_BUF_W_TAG_CORE_0                              0                             0

POWER_ICACHE_TOT_ACC_CORE_0                                     0                             0

POWER_ICACHE_CONF_CORE_0                                        0                             0

POWER_INST_DECODER_R_CORE_0                                  4063                          4063

POWER_INST_DECODER_W_CORE_0                                     0                             0

POWER_MICRO_OP_SEQ_R_CORE_0                                     0                             0

POWER_MICRO_OP_SEQ_W_CORE_0                                     0                             0

POWER_OPERAND_DECODER_R_CORE_0                               4063                          4063

POWER_OPERAND_DECODER_W_CORE_0                                  0                             0

POWER_UOP_QUEUE_R_CORE_0                                    15530                         15530

POWER_UOP_QUEUE_W_CORE_0                                     5615                          5615

POWER_REG_RENAMING_TABLE_R_CORE_0                           15530                         15530

POWER_REG_RENAMING_TABLE_W_CORE_0                            5615                          5615

POWER_DEP_CHECK_LOGIC_R_CORE_0                               5615                          5615

POWER_FREELIST_R_CORE_0                                     15530                         15530

POWER_FREELIST_W_CORE_0                                      5615                          5615

POWER_RESERVATION_STATION_R_CORE_0                          25442                         25442

POWER_RESERVATION_STATION_W_CORE_0                           5615                          5615

POWER_RESERVATION_STATION_R_TAG_CORE_0                      25442                         25442

POWER_RESERVATION_STATION_W_TAG_CORE_0                          0                             0

POWER_INST_ISSUE_SEL_LOGIC_R_CORE_0                         25442                         25442

POWER_INST_ISSUE_SEL_LOGIC_W_CORE_0                          5615                          5615

POWER_PAYLOAD_RAM_R_CORE_0                                  25442                         25442

POWER_PAYLOAD_RAM_W_CORE_0                                   5615                          5615

POWER_EX_ALU_R_CORE_0                                        3455                          3455

POWER_EX_FPU_R_CORE_0                                           0                             0

POWER_EX_MUL_R_CORE_0                                          22                            22

POWER_EX_SFU_R_CORE_0                                           0                             0

POWER_REORDER_BUF_R_CORE_0                                   5615                          5615

POWER_REORDER_BUF_W_CORE_0                                  11230                         11230

POWER_INST_COMMIT_SEL_LOGIC_R_CORE_0                         5615                          5615

POWER_INST_COMMIT_SEL_LOGIC_W_CORE_0                         5615                          5615

POWER_FP_RENAME_R_CORE_0                                        0                             0

POWER_FP_RENAME_W_CORE_0                                        0                             0

POWER_LOAD_QUEUE_R_CORE_0                                    7341                          7341

POWER_LOAD_QUEUE_W_CORE_0                                    7341                          7341

POWER_LOAD_QUEUE_R_TAG_CORE_0                                7341                          7341

POWER_LOAD_QUEUE_W_TAG_CORE_0                                   0                             0

POWER_STORE_QUEUE_R_CORE_0                                  14624                         14624

POWER_STORE_QUEUE_W_CORE_0                                  14624                         14624

POWER_STORE_QUEUE_R_TAG_CORE_0                              14624                         14624

POWER_STORE_QUEUE_W_TAG_CORE_0                                  0                             0

POWER_DATA_TLB_R_CORE_0                                      7341                          7341

POWER_DATA_TLB_W_CORE_0                                         0                             0

POWER_DATA_TLB_R_TAG_CORE_0                                     0                             0

POWER_DATA_TLB_W_TAG_CORE_0                                     0                             0

POWER_INT_REGFILE_R_CORE_0                                   9092                          9092

POWER_INT_REGFILE_W_CORE_0                                   5615                          5615

POWER_FP_REGFILE_R_CORE_0                                       0                             0

POWER_FP_REGFILE_W_CORE_0                                       0                             0

POWER_GP_REGISTER_R_CORE_0                                   9092                          9092

POWER_GP_REGISTER_W_CORE_0                                   5615                          5615

POWER_FP_REGISTER_R_CORE_0                                      0                             0

POWER_FP_REGISTER_W_CORE_0                                      0                             0

POWER_SEGMENT_REGISTER_R_CORE_0                              2138                          2138

POWER_SEGMENT_REGISTER_W_CORE_0                              4224                          4224

POWER_CONTROL_REGISTER_R_CORE_0                                 0                             0

POWER_CONTROL_REGISTER_W_CORE_0                               256                           256

POWER_FLAG_REGISTER_R_CORE_0                                    0                             0

POWER_FLAG_REGISTER_W_CORE_0                                 1167                          1167

POWER_EXEC_BYPASS_CORE_0                                     5615                          5615

POWER_LOAD_BYPASS_CORE_0                                        0                             0

POWER_PIPELINE_CORE_0                                        4063                          4063

POWER_DCACHE_MISS_BUF_R_CORE_0                                  0                             0

POWER_DCACHE_MISS_BUF_R_TAG_CORE_0                           2138                          2138

POWER_DCACHE_MISS_BUF_W_CORE_0                               2138                          2138

POWER_DCACHE_MISS_BUF_W_TAG_CORE_0                              0                             0

POWER_DCACHE_LINEFILL_BUF_R_CORE_0                              0                             0

POWER_L2CACHE_LINEFILL_BUF_R_CORE_0                             0                             0

POWER_DCACHE_LINEFILL_BUF_W_CORE_0                              0                             0

POWER_L2CACHE_LINEFILL_BUF_W_CORE_0                             0                             0

POWER_DCACHE_LINEFILL_BUF_R_TAG_CORE_0                          0                             0

POWER_L2CACHE_LINEFILL_BUF_R_TAG_CORE_0                         0                             0

POWER_DCACHE_LINEFILL_BUF_W_TAG_CORE_0                          0                             0

POWER_DCACHE_WB_BUF_R_CORE_0                                    0                             0

POWER_L2CACHE_WB_BUF_R_CORE_0                                   0                             0

POWER_DCACHE_WB_BUF_W_CORE_0                                    0                             0

POWER_L2CACHE_WB_BUF_W_CORE_0                                   0                             0

POWER_DCACHE_WB_BUF_R_TAG_CORE_0                                0                             0

POWER_L2CACHE_WB_BUF_R_TAG_CORE_0                               0                             0

POWER_DCACHE_WB_BUF_W_TAG_CORE_0                                0                             0

POWER_DCACHE_R_CORE_0                                           0                             0

POWER_L2CACHE_R_CORE_0                                          0                             0

POWER_DCACHE_W_CORE_0                                           0                             0

POWER_L2CACHE_W_CORE_0                                          0                             0

POWER_DCACHE_R_TAG_CORE_0                                       0                             0

POWER_L2CACHE_R_TAG_CORE_0                                      0                             0

POWER_CONST_CACHE_R_CORE_0                                      0                             0

POWER_CONST_CACHE_W_CORE_0                                      0                             0

POWER_CONST_CACHE_R_TAG_CORE_0                                  0                             0

POWER_CONST_CACHE_W_TAG_CORE_0                                  0                             0

POWER_TEXTURE_CACHE_R_CORE_0                                    0                             0

POWER_TEXTURE_CACHE_W_CORE_0                                    0                             0

POWER_TEXTURE_CACHE_R_TAG_CORE_0                                0                             0

POWER_TEXTURE_CACHE_W_TAG_CORE_0                                0                             0

POWER_SHARED_MEM_R_CORE_0                                       0                             0

POWER_SHARED_MEM_W_CORE_0                                       0                             0

POWER_SHARED_MEM_R_TAG_CORE_0                                   0                             0

POWER_SHARED_MEM_W_TAG_CORE_0                                   0                             0

POWER_BLOCK_STATES_R_CORE_1                                     0                             0

POWER_BLOCK_STATES_W_CORE_1                                     0                             0

POWER_FETCH_QUEUE_R_CORE_1                                      0                             0

POWER_FETCH_QUEUE_W_CORE_1                                      0                             0

POWER_INST_QUEUE_R_CORE_1                                       0                             0

POWER_INST_QUEUE_W_CORE_1                                       0                             0

POWER_BR_PRED_R_CORE_1                                          0                             0

POWER_BR_PRED_W_CORE_1                                          0                             0

POWER_RAS_R_CORE_1                                              0                             0

POWER_RAS_W_CORE_1                                              0                             0

POWER_ICACHE_R_CORE_1                                           0                             0

POWER_ICACHE_W_CORE_1                                           0                             0

POWER_ICACHE_R_TAG_CORE_1                                       0                             0

POWER_ICACHE_MISS_BUF_R_CORE_1                                  0                             0

POWER_ICACHE_MISS_BUF_W_CORE_1                                  0                             0

POWER_ICACHE_MISS_BUF_R_TAG_CORE_1                              0                             0

POWER_ICACHE_MISS_BUF_W_TAG_CORE_1                              0                             0

POWER_ICACHE_TOT_ACC_CORE_1                                     0                             0

POWER_ICACHE_CONF_CORE_1                                        0                             0

POWER_INST_DECODER_R_CORE_1                                     0                             0

POWER_INST_DECODER_W_CORE_1                                     0                             0

POWER_MICRO_OP_SEQ_R_CORE_1                                     0                             0

POWER_MICRO_OP_SEQ_W_CORE_1                                     0                             0

POWER_OPERAND_DECODER_R_CORE_1                                  0                             0

POWER_OPERAND_DECODER_W_CORE_1                                  0                             0

POWER_UOP_QUEUE_R_CORE_1                                        0                             0

POWER_UOP_QUEUE_W_CORE_1                                        0                             0

POWER_REG_RENAMING_TABLE_R_CORE_1                               0                             0

POWER_REG_RENAMING_TABLE_W_CORE_1                               0                             0

POWER_DEP_CHECK_LOGIC_R_CORE_1                                  0                             0

POWER_FREELIST_R_CORE_1                                         0                             0

POWER_FREELIST_W_CORE_1                                         0                             0

POWER_RESERVATION_STATION_R_CORE_1                              0                             0

POWER_RESERVATION_STATION_W_CORE_1                              0                             0

POWER_RESERVATION_STATION_R_TAG_CORE_1                          0                             0

POWER_RESERVATION_STATION_W_TAG_CORE_1                          0                             0

POWER_INST_ISSUE_SEL_LOGIC_R_CORE_1                             0                             0

POWER_INST_ISSUE_SEL_LOGIC_W_CORE_1                             0                             0

POWER_PAYLOAD_RAM_R_CORE_1                                      0                             0

POWER_PAYLOAD_RAM_W_CORE_1                                      0                             0

POWER_EX_ALU_R_CORE_1                                           0                             0

POWER_EX_FPU_R_CORE_1                                           0                             0

POWER_EX_MUL_R_CORE_1                                           0                             0

POWER_EX_SFU_R_CORE_1                                           0                             0

POWER_REORDER_BUF_R_CORE_1                                      0                             0

POWER_REORDER_BUF_W_CORE_1                                      0                             0

POWER_INST_COMMIT_SEL_LOGIC_R_CORE_1                            0                             0

POWER_INST_COMMIT_SEL_LOGIC_W_CORE_1                            0                             0

POWER_FP_RENAME_R_CORE_1                                        0                             0

POWER_FP_RENAME_W_CORE_1                                        0                             0

POWER_LOAD_QUEUE_R_CORE_1                                       0                             0

POWER_LOAD_QUEUE_W_CORE_1                                       0                             0

POWER_LOAD_QUEUE_R_TAG_CORE_1                                   0                             0

POWER_LOAD_QUEUE_W_TAG_CORE_1                                   0                             0

POWER_STORE_QUEUE_R_CORE_1                                      0                             0

POWER_STORE_QUEUE_W_CORE_1                                      0                             0

POWER_STORE_QUEUE_R_TAG_CORE_1                                  0                             0

POWER_STORE_QUEUE_W_TAG_CORE_1                                  0                             0

POWER_DATA_TLB_R_CORE_1                                         0                             0

POWER_DATA_TLB_W_CORE_1                                         0                             0

POWER_DATA_TLB_R_TAG_CORE_1                                     0                             0

POWER_DATA_TLB_W_TAG_CORE_1                                     0                             0

POWER_INT_REGFILE_R_CORE_1                                      0                             0

POWER_INT_REGFILE_W_CORE_1                                      0                             0

POWER_FP_REGFILE_R_CORE_1                                       0                             0

POWER_FP_REGFILE_W_CORE_1                                       0                             0

POWER_GP_REGISTER_R_CORE_1                                      0                             0

POWER_GP_REGISTER_W_CORE_1                                      0                             0

POWER_FP_REGISTER_R_CORE_1                                      0                             0

POWER_FP_REGISTER_W_CORE_1                                      0                             0

POWER_SEGMENT_REGISTER_R_CORE_1                                 0                             0

POWER_SEGMENT_REGISTER_W_CORE_1                                 0                             0

POWER_CONTROL_REGISTER_R_CORE_1                                 0                             0

POWER_CONTROL_REGISTER_W_CORE_1                                 0                             0

POWER_FLAG_REGISTER_R_CORE_1                                    0                             0

POWER_FLAG_REGISTER_W_CORE_1                                    0                             0

POWER_EXEC_BYPASS_CORE_1                                        0                             0

POWER_LOAD_BYPASS_CORE_1                                        0                             0

POWER_PIPELINE_CORE_1                                           0                             0

POWER_DCACHE_MISS_BUF_R_CORE_1                                  0                             0

POWER_DCACHE_MISS_BUF_R_TAG_CORE_1                              0                             0

POWER_DCACHE_MISS_BUF_W_CORE_1                                  0                             0

POWER_DCACHE_MISS_BUF_W_TAG_CORE_1                              0                             0

POWER_DCACHE_LINEFILL_BUF_R_CORE_1                              0                             0

POWER_L2CACHE_LINEFILL_BUF_R_CORE_1                             0                             0

POWER_DCACHE_LINEFILL_BUF_W_CORE_1                              0                             0

POWER_L2CACHE_LINEFILL_BUF_W_CORE_1                             0                             0

POWER_DCACHE_LINEFILL_BUF_R_TAG_CORE_1                          0                             0

POWER_L2CACHE_LINEFILL_BUF_R_TAG_CORE_1                         0                             0

POWER_DCACHE_LINEFILL_BUF_W_TAG_CORE_1                          0                             0

POWER_DCACHE_WB_BUF_R_CORE_1                                    0                             0

POWER_L2CACHE_WB_BUF_R_CORE_1                                   0                             0

POWER_DCACHE_WB_BUF_W_CORE_1                                    0                             0

POWER_L2CACHE_WB_BUF_W_CORE_1                                   0                             0

POWER_DCACHE_WB_BUF_R_TAG_CORE_1                                0                             0

POWER_L2CACHE_WB_BUF_R_TAG_CORE_1                               0                             0

POWER_DCACHE_WB_BUF_W_TAG_CORE_1                                0                             0

POWER_DCACHE_R_CORE_1                                           0                             0

POWER_L2CACHE_R_CORE_1                                          0                             0

POWER_DCACHE_W_CORE_1                                           0                             0

POWER_L2CACHE_W_CORE_1                                          0                             0

POWER_DCACHE_R_TAG_CORE_1                                       0                             0

POWER_L2CACHE_R_TAG_CORE_1                                      0                             0

POWER_CONST_CACHE_R_CORE_1                                      0                             0

POWER_CONST_CACHE_W_CORE_1                                      0                             0

POWER_CONST_CACHE_R_TAG_CORE_1                                  0                             0

POWER_CONST_CACHE_W_TAG_CORE_1                                  0                             0

POWER_TEXTURE_CACHE_R_CORE_1                                    0                             0

POWER_TEXTURE_CACHE_W_CORE_1                                    0                             0

POWER_TEXTURE_CACHE_R_TAG_CORE_1                                0                             0

POWER_TEXTURE_CACHE_W_TAG_CORE_1                                0                             0

POWER_SHARED_MEM_R_CORE_1                                       0                             0

POWER_SHARED_MEM_W_CORE_1                                       0                             0

POWER_SHARED_MEM_R_TAG_CORE_1                                   0                             0

POWER_SHARED_MEM_W_TAG_CORE_1                                   0                             0

POWER_BLOCK_STATES_R_CORE_2                               1309136                       1309136

POWER_BLOCK_STATES_W_CORE_2                               1309136                       1309136

POWER_FETCH_QUEUE_R_CORE_2                                 385966                        385966

POWER_FETCH_QUEUE_W_CORE_2                                 385966                        385966

POWER_INST_QUEUE_R_CORE_2                                  385966                        385966

POWER_INST_QUEUE_W_CORE_2                                  385966                        385966

POWER_BR_PRED_R_CORE_2                                      38612                         38612

POWER_BR_PRED_W_CORE_2                                      33692                         33692

POWER_RAS_R_CORE_2                                             54                            54

POWER_RAS_W_CORE_2                                              1                             1

POWER_ICACHE_R_CORE_2                                        2730                          2730

POWER_ICACHE_W_CORE_2                                           0                             0

POWER_ICACHE_R_TAG_CORE_2                                    2730                          2730

POWER_ICACHE_MISS_BUF_R_CORE_2                                  0                             0

POWER_ICACHE_MISS_BUF_W_CORE_2                                  0                             0

POWER_ICACHE_MISS_BUF_R_TAG_CORE_2                              0                             0

POWER_ICACHE_MISS_BUF_W_TAG_CORE_2                              0                             0

POWER_ICACHE_TOT_ACC_CORE_2                                     0                             0

POWER_ICACHE_CONF_CORE_2                                        0                             0

POWER_INST_DECODER_R_CORE_2                                261832                        261832

POWER_INST_DECODER_W_CORE_2                                     0                             0

POWER_MICRO_OP_SEQ_R_CORE_2                                     0                             0

POWER_MICRO_OP_SEQ_W_CORE_2                                     0                             0

POWER_OPERAND_DECODER_R_CORE_2                             261832                        261832

POWER_OPERAND_DECODER_W_CORE_2                                  0                             0

POWER_UOP_QUEUE_R_CORE_2                                   385966                        385966

POWER_UOP_QUEUE_W_CORE_2                                   385966                        385966

POWER_REG_RENAMING_TABLE_R_CORE_2                          385966                        385966

POWER_REG_RENAMING_TABLE_W_CORE_2                          385966                        385966

POWER_DEP_CHECK_LOGIC_R_CORE_2                             385966                        385966

POWER_FREELIST_R_CORE_2                                    385966                        385966

POWER_FREELIST_W_CORE_2                                    385966                        385966

POWER_RESERVATION_STATION_R_CORE_2                        3177136                       3177136

POWER_RESERVATION_STATION_W_CORE_2                         385966                        385966

POWER_RESERVATION_STATION_R_TAG_CORE_2                    3177136                       3177136

POWER_RESERVATION_STATION_W_TAG_CORE_2                          0                             0

POWER_INST_ISSUE_SEL_LOGIC_R_CORE_2                       3177136                       3177136

POWER_INST_ISSUE_SEL_LOGIC_W_CORE_2                        385966                        385966

POWER_PAYLOAD_RAM_R_CORE_2                                3177136                       3177136

POWER_PAYLOAD_RAM_W_CORE_2                                 385966                        385966

POWER_EX_ALU_R_CORE_2                                      197673                        197673

POWER_EX_FPU_R_CORE_2                                           0                             0

POWER_EX_MUL_R_CORE_2                                         258                           258

POWER_EX_SFU_R_CORE_2                                           0                             0

POWER_REORDER_BUF_R_CORE_2                                 385966                        385966

POWER_REORDER_BUF_W_CORE_2                                 771932                        771932

POWER_INST_COMMIT_SEL_LOGIC_R_CORE_2                       385966                        385966

POWER_INST_COMMIT_SEL_LOGIC_W_CORE_2                       385966                        385966

POWER_FP_RENAME_R_CORE_2                                        0                             0

POWER_FP_RENAME_W_CORE_2                                        0                             0

POWER_LOAD_QUEUE_R_CORE_2                                 1946470                       1946470

POWER_LOAD_QUEUE_W_CORE_2                                 1946470                       1946470

POWER_LOAD_QUEUE_R_TAG_CORE_2                             1946470                       1946470

POWER_LOAD_QUEUE_W_TAG_CORE_2                                   0                             0

POWER_STORE_QUEUE_R_CORE_2                                1028279                       1028279

POWER_STORE_QUEUE_W_CORE_2                                1028279                       1028279

POWER_STORE_QUEUE_R_TAG_CORE_2                            1028279                       1028279

POWER_STORE_QUEUE_W_TAG_CORE_2                                  0                             0

POWER_DATA_TLB_R_CORE_2                                   1946470                       1946470

POWER_DATA_TLB_W_CORE_2                                         0                             0

POWER_DATA_TLB_R_TAG_CORE_2                                     0                             0

POWER_DATA_TLB_W_TAG_CORE_2                                     0                             0

POWER_INT_REGFILE_R_CORE_2                                 583897                        583897

POWER_INT_REGFILE_W_CORE_2                                 385966                        385966

POWER_FP_REGFILE_R_CORE_2                                       0                             0

POWER_FP_REGFILE_W_CORE_2                                       0                             0

POWER_GP_REGISTER_R_CORE_2                                 583897                        583897

POWER_GP_REGISTER_W_CORE_2                                 385966                        385966

POWER_FP_REGISTER_R_CORE_2                                      0                             0

POWER_FP_REGISTER_W_CORE_2                                      0                             0

POWER_SEGMENT_REGISTER_R_CORE_2                            188035                        188035

POWER_SEGMENT_REGISTER_W_CORE_2                            359300                        359300

POWER_CONTROL_REGISTER_R_CORE_2                                 0                             0

POWER_CONTROL_REGISTER_W_CORE_2                               567                           567

POWER_FLAG_REGISTER_R_CORE_2                                    0                             0

POWER_FLAG_REGISTER_W_CORE_2                               119645                        119645

POWER_EXEC_BYPASS_CORE_2                                   385966                        385966

POWER_LOAD_BYPASS_CORE_2                                        0                             0

POWER_PIPELINE_CORE_2                                      261832                        261832

POWER_DCACHE_MISS_BUF_R_CORE_2                                  0                             0

POWER_DCACHE_MISS_BUF_R_TAG_CORE_2                         183579                        183579

POWER_DCACHE_MISS_BUF_W_CORE_2                             183579                        183579

POWER_DCACHE_MISS_BUF_W_TAG_CORE_2                              0                             0

POWER_DCACHE_LINEFILL_BUF_R_CORE_2                              0                             0

POWER_L2CACHE_LINEFILL_BUF_R_CORE_2                             0                             0

POWER_DCACHE_LINEFILL_BUF_W_CORE_2                              0                             0

POWER_L2CACHE_LINEFILL_BUF_W_CORE_2                             0                             0

POWER_DCACHE_LINEFILL_BUF_R_TAG_CORE_2                          0                             0

POWER_L2CACHE_LINEFILL_BUF_R_TAG_CORE_2                         0                             0

POWER_DCACHE_LINEFILL_BUF_W_TAG_CORE_2                          0                             0

POWER_DCACHE_WB_BUF_R_CORE_2                                    0                             0

POWER_L2CACHE_WB_BUF_R_CORE_2                                   0                             0

POWER_DCACHE_WB_BUF_W_CORE_2                                    0                             0

POWER_L2CACHE_WB_BUF_W_CORE_2                                   0                             0

POWER_DCACHE_WB_BUF_R_TAG_CORE_2                                0                             0

POWER_L2CACHE_WB_BUF_R_TAG_CORE_2                               0                             0

POWER_DCACHE_WB_BUF_W_TAG_CORE_2                                0                             0

POWER_DCACHE_R_CORE_2                                           0                             0

POWER_L2CACHE_R_CORE_2                                          0                             0

POWER_DCACHE_W_CORE_2                                           0                             0

POWER_L2CACHE_W_CORE_2                                          0                             0

POWER_DCACHE_R_TAG_CORE_2                                       0                             0

POWER_L2CACHE_R_TAG_CORE_2                                      0                             0

POWER_CONST_CACHE_R_CORE_2                                      0                             0

POWER_CONST_CACHE_W_CORE_2                                      0                             0

POWER_CONST_CACHE_R_TAG_CORE_2                                  0                             0

POWER_CONST_CACHE_W_TAG_CORE_2                                  0                             0

POWER_TEXTURE_CACHE_R_CORE_2                                    0                             0

POWER_TEXTURE_CACHE_W_CORE_2                                    0                             0

POWER_TEXTURE_CACHE_R_TAG_CORE_2                                0                             0

POWER_TEXTURE_CACHE_W_TAG_CORE_2                                0                             0

POWER_SHARED_MEM_R_CORE_2                                       0                             0

POWER_SHARED_MEM_W_CORE_2                                       0                             0

POWER_SHARED_MEM_R_TAG_CORE_2                                   0                             0

POWER_SHARED_MEM_W_TAG_CORE_2                                   0                             0

POWER_BLOCK_STATES_R_CORE_3                                 23589                         23589

POWER_BLOCK_STATES_W_CORE_3                                 23589                         23589

POWER_FETCH_QUEUE_R_CORE_3                                  10298                         10298

POWER_FETCH_QUEUE_W_CORE_3                                  10298                         10298

POWER_INST_QUEUE_R_CORE_3                                   10298                         10298

POWER_INST_QUEUE_W_CORE_3                                   10298                         10298

POWER_BR_PRED_R_CORE_3                                        655                           655

POWER_BR_PRED_W_CORE_3                                        523                           523

POWER_RAS_R_CORE_3                                              5                             5

POWER_RAS_W_CORE_3                                              1                             1

POWER_ICACHE_R_CORE_3                                          74                            74

POWER_ICACHE_W_CORE_3                                           0                             0

POWER_ICACHE_R_TAG_CORE_3                                      74                            74

POWER_ICACHE_MISS_BUF_R_CORE_3                                  0                             0

POWER_ICACHE_MISS_BUF_W_CORE_3                                  0                             0

POWER_ICACHE_MISS_BUF_R_TAG_CORE_3                              0                             0

POWER_ICACHE_MISS_BUF_W_TAG_CORE_3                              0                             0

POWER_ICACHE_TOT_ACC_CORE_3                                     0                             0

POWER_ICACHE_CONF_CORE_3                                        0                             0

POWER_INST_DECODER_R_CORE_3                                  6519                          6519

POWER_INST_DECODER_W_CORE_3                                     0                             0

POWER_MICRO_OP_SEQ_R_CORE_3                                     0                             0

POWER_MICRO_OP_SEQ_W_CORE_3                                     0                             0

POWER_OPERAND_DECODER_R_CORE_3                               6519                          6519

POWER_OPERAND_DECODER_W_CORE_3                                  0                             0

POWER_UOP_QUEUE_R_CORE_3                                    10298                         10298

POWER_UOP_QUEUE_W_CORE_3                                    10298                         10298

POWER_REG_RENAMING_TABLE_R_CORE_3                           10298                         10298

POWER_REG_RENAMING_TABLE_W_CORE_3                           10298                         10298

POWER_DEP_CHECK_LOGIC_R_CORE_3                              10298                         10298

POWER_FREELIST_R_CORE_3                                     10298                         10298

POWER_FREELIST_W_CORE_3                                     10298                         10298

POWER_RESERVATION_STATION_R_CORE_3                          93751                         93751

POWER_RESERVATION_STATION_W_CORE_3                          10298                         10298

POWER_RESERVATION_STATION_R_TAG_CORE_3                      93751                         93751

POWER_RESERVATION_STATION_W_TAG_CORE_3                          0                             0

POWER_INST_ISSUE_SEL_LOGIC_R_CORE_3                         93751                         93751

POWER_INST_ISSUE_SEL_LOGIC_W_CORE_3                         10298                         10298

POWER_PAYLOAD_RAM_R_CORE_3                                  93751                         93751

POWER_PAYLOAD_RAM_W_CORE_3                                  10298                         10298

POWER_EX_ALU_R_CORE_3                                        4448                          4448

POWER_EX_FPU_R_CORE_3                                           0                             0

POWER_EX_MUL_R_CORE_3                                         258                           258

POWER_EX_SFU_R_CORE_3                                           0                             0

POWER_REORDER_BUF_R_CORE_3                                  10298                         10298

POWER_REORDER_BUF_W_CORE_3                                  20596                         20596

POWER_INST_COMMIT_SEL_LOGIC_R_CORE_3                        10298                         10298

POWER_INST_COMMIT_SEL_LOGIC_W_CORE_3                        10298                         10298

POWER_FP_RENAME_R_CORE_3                                        0                             0

POWER_FP_RENAME_W_CORE_3                                        0                             0

POWER_LOAD_QUEUE_R_CORE_3                                   64715                         64715

POWER_LOAD_QUEUE_W_CORE_3                                   64715                         64715

POWER_LOAD_QUEUE_R_TAG_CORE_3                               64715                         64715

POWER_LOAD_QUEUE_W_TAG_CORE_3                                   0                             0

POWER_STORE_QUEUE_R_CORE_3                                  22459                         22459

POWER_STORE_QUEUE_W_CORE_3                                  22459                         22459

POWER_STORE_QUEUE_R_TAG_CORE_3                              22459                         22459

POWER_STORE_QUEUE_W_TAG_CORE_3                                  0                             0

POWER_DATA_TLB_R_CORE_3                                     64715                         64715

POWER_DATA_TLB_W_CORE_3                                         0                             0

POWER_DATA_TLB_R_TAG_CORE_3                                     0                             0

POWER_DATA_TLB_W_TAG_CORE_3                                     0                             0

POWER_INT_REGFILE_R_CORE_3                                  15004                         15004

POWER_INT_REGFILE_W_CORE_3                                  10298                         10298

POWER_FP_REGFILE_R_CORE_3                                       0                             0

POWER_FP_REGFILE_W_CORE_3                                       0                             0

POWER_GP_REGISTER_R_CORE_3                                  15004                         15004

POWER_GP_REGISTER_W_CORE_3                                  10298                         10298

POWER_FP_REGISTER_R_CORE_3                                      0                             0

POWER_FP_REGISTER_W_CORE_3                                      0                             0

POWER_SEGMENT_REGISTER_R_CORE_3                              5592                          5592

POWER_SEGMENT_REGISTER_W_CORE_3                             10407                         10407

POWER_CONTROL_REGISTER_R_CORE_3                                 0                             0

POWER_CONTROL_REGISTER_W_CORE_3                               137                           137

POWER_FLAG_REGISTER_R_CORE_3                                    0                             0

POWER_FLAG_REGISTER_W_CORE_3                                 3118                          3118

POWER_EXEC_BYPASS_CORE_3                                    10298                         10298

POWER_LOAD_BYPASS_CORE_3                                        0                             0

POWER_PIPELINE_CORE_3                                        6519                          6519

POWER_DCACHE_MISS_BUF_R_CORE_3                                  0                             0

POWER_DCACHE_MISS_BUF_R_TAG_CORE_3                           3721                          3721

POWER_DCACHE_MISS_BUF_W_CORE_3                               3721                          3721

POWER_DCACHE_MISS_BUF_W_TAG_CORE_3                              0                             0

POWER_DCACHE_LINEFILL_BUF_R_CORE_3                              0                             0

POWER_L2CACHE_LINEFILL_BUF_R_CORE_3                             0                             0

POWER_DCACHE_LINEFILL_BUF_W_CORE_3                              0                             0

POWER_L2CACHE_LINEFILL_BUF_W_CORE_3                             0                             0

POWER_DCACHE_LINEFILL_BUF_R_TAG_CORE_3                          0                             0

POWER_L2CACHE_LINEFILL_BUF_R_TAG_CORE_3                         0                             0

POWER_DCACHE_LINEFILL_BUF_W_TAG_CORE_3                          0                             0

POWER_DCACHE_WB_BUF_R_CORE_3                                    0                             0

POWER_L2CACHE_WB_BUF_R_CORE_3                                   0                             0

POWER_DCACHE_WB_BUF_W_CORE_3                                    0                             0

POWER_L2CACHE_WB_BUF_W_CORE_3                                   0                             0

POWER_DCACHE_WB_BUF_R_TAG_CORE_3                                0                             0

POWER_L2CACHE_WB_BUF_R_TAG_CORE_3                               0                             0

POWER_DCACHE_WB_BUF_W_TAG_CORE_3                                0                             0

POWER_DCACHE_R_CORE_3                                           0                             0

POWER_L2CACHE_R_CORE_3                                          0                             0

POWER_DCACHE_W_CORE_3                                           0                             0

POWER_L2CACHE_W_CORE_3                                          0                             0

POWER_DCACHE_R_TAG_CORE_3                                       0                             0

POWER_L2CACHE_R_TAG_CORE_3                                      0                             0

POWER_CONST_CACHE_R_CORE_3                                      0                             0

POWER_CONST_CACHE_W_CORE_3                                      0                             0

POWER_CONST_CACHE_R_TAG_CORE_3                                  0                             0

POWER_CONST_CACHE_W_TAG_CORE_3                                  0                             0

POWER_TEXTURE_CACHE_R_CORE_3                                    0                             0

POWER_TEXTURE_CACHE_W_CORE_3                                    0                             0

POWER_TEXTURE_CACHE_R_TAG_CORE_3                                0                             0

POWER_TEXTURE_CACHE_W_TAG_CORE_3                                0                             0

POWER_SHARED_MEM_R_CORE_3                                       0                             0

POWER_SHARED_MEM_W_CORE_3                                       0                             0

POWER_SHARED_MEM_R_TAG_CORE_3                                   0                             0

POWER_SHARED_MEM_W_TAG_CORE_3                                   0                             0

POWER_BLOCK_STATES_R_CORE_4                                     0                             0

POWER_BLOCK_STATES_W_CORE_4                                     0                             0

POWER_FETCH_QUEUE_R_CORE_4                                      0                             0

POWER_FETCH_QUEUE_W_CORE_4                                      0                             0

POWER_INST_QUEUE_R_CORE_4                                       0                             0

POWER_INST_QUEUE_W_CORE_4                                       0                             0

POWER_BR_PRED_R_CORE_4                                          0                             0

POWER_BR_PRED_W_CORE_4                                          0                             0

POWER_RAS_R_CORE_4                                              0                             0

POWER_RAS_W_CORE_4                                              0                             0

POWER_ICACHE_R_CORE_4                                           0                             0

POWER_ICACHE_W_CORE_4                                           0                             0

POWER_ICACHE_R_TAG_CORE_4                                       0                             0

POWER_ICACHE_MISS_BUF_R_CORE_4                                  0                             0

POWER_ICACHE_MISS_BUF_W_CORE_4                                  0                             0

POWER_ICACHE_MISS_BUF_R_TAG_CORE_4                              0                             0

POWER_ICACHE_MISS_BUF_W_TAG_CORE_4                              0                             0

POWER_ICACHE_TOT_ACC_CORE_4                                     0                             0

POWER_ICACHE_CONF_CORE_4                                        0                             0

POWER_INST_DECODER_R_CORE_4                                     0                             0

POWER_INST_DECODER_W_CORE_4                                     0                             0

POWER_MICRO_OP_SEQ_R_CORE_4                                     0                             0

POWER_MICRO_OP_SEQ_W_CORE_4                                     0                             0

POWER_OPERAND_DECODER_R_CORE_4                                  0                             0

POWER_OPERAND_DECODER_W_CORE_4                                  0                             0

POWER_UOP_QUEUE_R_CORE_4                                        0                             0

POWER_UOP_QUEUE_W_CORE_4                                        0                             0

POWER_REG_RENAMING_TABLE_R_CORE_4                               0                             0

POWER_REG_RENAMING_TABLE_W_CORE_4                               0                             0

POWER_DEP_CHECK_LOGIC_R_CORE_4                                  0                             0

POWER_FREELIST_R_CORE_4                                         0                             0

POWER_FREELIST_W_CORE_4                                         0                             0

POWER_RESERVATION_STATION_R_CORE_4                              0                             0

POWER_RESERVATION_STATION_W_CORE_4                              0                             0

POWER_RESERVATION_STATION_R_TAG_CORE_4                          0                             0

POWER_RESERVATION_STATION_W_TAG_CORE_4                          0                             0

POWER_INST_ISSUE_SEL_LOGIC_R_CORE_4                             0                             0

POWER_INST_ISSUE_SEL_LOGIC_W_CORE_4                             0                             0

POWER_PAYLOAD_RAM_R_CORE_4                                      0                             0

POWER_PAYLOAD_RAM_W_CORE_4                                      0                             0

POWER_EX_ALU_R_CORE_4                                           0                             0

POWER_EX_FPU_R_CORE_4                                           0                             0

POWER_EX_MUL_R_CORE_4                                           0                             0

POWER_EX_SFU_R_CORE_4                                           0                             0

POWER_REORDER_BUF_R_CORE_4                                      0                             0

POWER_REORDER_BUF_W_CORE_4                                      0                             0

POWER_INST_COMMIT_SEL_LOGIC_R_CORE_4                            0                             0

POWER_INST_COMMIT_SEL_LOGIC_W_CORE_4                            0                             0

POWER_FP_RENAME_R_CORE_4                                        0                             0

POWER_FP_RENAME_W_CORE_4                                        0                             0

POWER_LOAD_QUEUE_R_CORE_4                                       0                             0

POWER_LOAD_QUEUE_W_CORE_4                                       0                             0

POWER_LOAD_QUEUE_R_TAG_CORE_4                                   0                             0

POWER_LOAD_QUEUE_W_TAG_CORE_4                                   0                             0

POWER_STORE_QUEUE_R_CORE_4                                      0                             0

POWER_STORE_QUEUE_W_CORE_4                                      0                             0

POWER_STORE_QUEUE_R_TAG_CORE_4                                  0                             0

POWER_STORE_QUEUE_W_TAG_CORE_4                                  0                             0

POWER_DATA_TLB_R_CORE_4                                         0                             0

POWER_DATA_TLB_W_CORE_4                                         0                             0

POWER_DATA_TLB_R_TAG_CORE_4                                     0                             0

POWER_DATA_TLB_W_TAG_CORE_4                                     0                             0

POWER_INT_REGFILE_R_CORE_4                                      0                             0

POWER_INT_REGFILE_W_CORE_4                                      0                             0

POWER_FP_REGFILE_R_CORE_4                                       0                             0

POWER_FP_REGFILE_W_CORE_4                                       0                             0

POWER_GP_REGISTER_R_CORE_4                                      0                             0

POWER_GP_REGISTER_W_CORE_4                                      0                             0

POWER_FP_REGISTER_R_CORE_4                                      0                             0

POWER_FP_REGISTER_W_CORE_4                                      0                             0

POWER_SEGMENT_REGISTER_R_CORE_4                                 0                             0

POWER_SEGMENT_REGISTER_W_CORE_4                                 0                             0

POWER_CONTROL_REGISTER_R_CORE_4                                 0                             0

POWER_CONTROL_REGISTER_W_CORE_4                                 0                             0

POWER_FLAG_REGISTER_R_CORE_4                                    0                             0

POWER_FLAG_REGISTER_W_CORE_4                                    0                             0

POWER_EXEC_BYPASS_CORE_4                                        0                             0

POWER_LOAD_BYPASS_CORE_4                                        0                             0

POWER_PIPELINE_CORE_4                                           0                             0

POWER_DCACHE_MISS_BUF_R_CORE_4                                  0                             0

POWER_DCACHE_MISS_BUF_R_TAG_CORE_4                              0                             0

POWER_DCACHE_MISS_BUF_W_CORE_4                                  0                             0

POWER_DCACHE_MISS_BUF_W_TAG_CORE_4                              0                             0

POWER_DCACHE_LINEFILL_BUF_R_CORE_4                              0                             0

POWER_L2CACHE_LINEFILL_BUF_R_CORE_4                             0                             0

POWER_DCACHE_LINEFILL_BUF_W_CORE_4                              0                             0

POWER_L2CACHE_LINEFILL_BUF_W_CORE_4                             0                             0

POWER_DCACHE_LINEFILL_BUF_R_TAG_CORE_4                          0                             0

POWER_L2CACHE_LINEFILL_BUF_R_TAG_CORE_4                         0                             0

POWER_DCACHE_LINEFILL_BUF_W_TAG_CORE_4                          0                             0

POWER_DCACHE_WB_BUF_R_CORE_4                                    0                             0

POWER_L2CACHE_WB_BUF_R_CORE_4                                   0                             0

POWER_DCACHE_WB_BUF_W_CORE_4                                    0                             0

POWER_L2CACHE_WB_BUF_W_CORE_4                                   0                             0

POWER_DCACHE_WB_BUF_R_TAG_CORE_4                                0                             0

POWER_L2CACHE_WB_BUF_R_TAG_CORE_4                               0                             0

POWER_DCACHE_WB_BUF_W_TAG_CORE_4                                0                             0

POWER_DCACHE_R_CORE_4                                           0                             0

POWER_L2CACHE_R_CORE_4                                          0                             0

POWER_DCACHE_W_CORE_4                                           0                             0

POWER_L2CACHE_W_CORE_4                                          0                             0

POWER_DCACHE_R_TAG_CORE_4                                       0                             0

POWER_L2CACHE_R_TAG_CORE_4                                      0                             0

POWER_CONST_CACHE_R_CORE_4                                      0                             0

POWER_CONST_CACHE_W_CORE_4                                      0                             0

POWER_CONST_CACHE_R_TAG_CORE_4                                  0                             0

POWER_CONST_CACHE_W_TAG_CORE_4                                  0                             0

POWER_TEXTURE_CACHE_R_CORE_4                                    0                             0

POWER_TEXTURE_CACHE_W_CORE_4                                    0                             0

POWER_TEXTURE_CACHE_R_TAG_CORE_4                                0                             0

POWER_TEXTURE_CACHE_W_TAG_CORE_4                                0                             0

POWER_SHARED_MEM_R_CORE_4                                       0                             0

POWER_SHARED_MEM_W_CORE_4                                       0                             0

POWER_SHARED_MEM_R_TAG_CORE_4                                   0                             0

POWER_SHARED_MEM_W_TAG_CORE_4                                   0                             0

POWER_BLOCK_STATES_R_CORE_5                                     0                             0

POWER_BLOCK_STATES_W_CORE_5                                     0                             0

POWER_FETCH_QUEUE_R_CORE_5                                      0                             0

POWER_FETCH_QUEUE_W_CORE_5                                      0                             0

POWER_INST_QUEUE_R_CORE_5                                       0                             0

POWER_INST_QUEUE_W_CORE_5                                       0                             0

POWER_BR_PRED_R_CORE_5                                          0                             0

POWER_BR_PRED_W_CORE_5                                          0                             0

POWER_RAS_R_CORE_5                                              0                             0

POWER_RAS_W_CORE_5                                              0                             0

POWER_ICACHE_R_CORE_5                                           0                             0

POWER_ICACHE_W_CORE_5                                           0                             0

POWER_ICACHE_R_TAG_CORE_5                                       0                             0

POWER_ICACHE_MISS_BUF_R_CORE_5                                  0                             0

POWER_ICACHE_MISS_BUF_W_CORE_5                                  0                             0

POWER_ICACHE_MISS_BUF_R_TAG_CORE_5                              0                             0

POWER_ICACHE_MISS_BUF_W_TAG_CORE_5                              0                             0

POWER_ICACHE_TOT_ACC_CORE_5                                     0                             0

POWER_ICACHE_CONF_CORE_5                                        0                             0

POWER_INST_DECODER_R_CORE_5                                     0                             0

POWER_INST_DECODER_W_CORE_5                                     0                             0

POWER_MICRO_OP_SEQ_R_CORE_5                                     0                             0

POWER_MICRO_OP_SEQ_W_CORE_5                                     0                             0

POWER_OPERAND_DECODER_R_CORE_5                                  0                             0

POWER_OPERAND_DECODER_W_CORE_5                                  0                             0

POWER_UOP_QUEUE_R_CORE_5                                        0                             0

POWER_UOP_QUEUE_W_CORE_5                                        0                             0

POWER_REG_RENAMING_TABLE_R_CORE_5                               0                             0

POWER_REG_RENAMING_TABLE_W_CORE_5                               0                             0

POWER_DEP_CHECK_LOGIC_R_CORE_5                                  0                             0

POWER_FREELIST_R_CORE_5                                         0                             0

POWER_FREELIST_W_CORE_5                                         0                             0

POWER_RESERVATION_STATION_R_CORE_5                              0                             0

POWER_RESERVATION_STATION_W_CORE_5                              0                             0

POWER_RESERVATION_STATION_R_TAG_CORE_5                          0                             0

POWER_RESERVATION_STATION_W_TAG_CORE_5                          0                             0

POWER_INST_ISSUE_SEL_LOGIC_R_CORE_5                             0                             0

POWER_INST_ISSUE_SEL_LOGIC_W_CORE_5                             0                             0

POWER_PAYLOAD_RAM_R_CORE_5                                      0                             0

POWER_PAYLOAD_RAM_W_CORE_5                                      0                             0

POWER_EX_ALU_R_CORE_5                                           0                             0

POWER_EX_FPU_R_CORE_5                                           0                             0

POWER_EX_MUL_R_CORE_5                                           0                             0

POWER_EX_SFU_R_CORE_5                                           0                             0

POWER_REORDER_BUF_R_CORE_5                                      0                             0

POWER_REORDER_BUF_W_CORE_5                                      0                             0

POWER_INST_COMMIT_SEL_LOGIC_R_CORE_5                            0                             0

POWER_INST_COMMIT_SEL_LOGIC_W_CORE_5                            0                             0

POWER_FP_RENAME_R_CORE_5                                        0                             0

POWER_FP_RENAME_W_CORE_5                                        0                             0

POWER_LOAD_QUEUE_R_CORE_5                                       0                             0

POWER_LOAD_QUEUE_W_CORE_5                                       0                             0

POWER_LOAD_QUEUE_R_TAG_CORE_5                                   0                             0

POWER_LOAD_QUEUE_W_TAG_CORE_5                                   0                             0

POWER_STORE_QUEUE_R_CORE_5                                      0                             0

POWER_STORE_QUEUE_W_CORE_5                                      0                             0

POWER_STORE_QUEUE_R_TAG_CORE_5                                  0                             0

POWER_STORE_QUEUE_W_TAG_CORE_5                                  0                             0

POWER_DATA_TLB_R_CORE_5                                         0                             0

POWER_DATA_TLB_W_CORE_5                                         0                             0

POWER_DATA_TLB_R_TAG_CORE_5                                     0                             0

POWER_DATA_TLB_W_TAG_CORE_5                                     0                             0

POWER_INT_REGFILE_R_CORE_5                                      0                             0

POWER_INT_REGFILE_W_CORE_5                                      0                             0

POWER_FP_REGFILE_R_CORE_5                                       0                             0

POWER_FP_REGFILE_W_CORE_5                                       0                             0

POWER_GP_REGISTER_R_CORE_5                                      0                             0

POWER_GP_REGISTER_W_CORE_5                                      0                             0

POWER_FP_REGISTER_R_CORE_5                                      0                             0

POWER_FP_REGISTER_W_CORE_5                                      0                             0

POWER_SEGMENT_REGISTER_R_CORE_5                                 0                             0

POWER_SEGMENT_REGISTER_W_CORE_5                                 0                             0

POWER_CONTROL_REGISTER_R_CORE_5                                 0                             0

POWER_CONTROL_REGISTER_W_CORE_5                                 0                             0

POWER_FLAG_REGISTER_R_CORE_5                                    0                             0

POWER_FLAG_REGISTER_W_CORE_5                                    0                             0

POWER_EXEC_BYPASS_CORE_5                                        0                             0

POWER_LOAD_BYPASS_CORE_5                                        0                             0

POWER_PIPELINE_CORE_5                                           0                             0

POWER_DCACHE_MISS_BUF_R_CORE_5                                  0                             0

POWER_DCACHE_MISS_BUF_R_TAG_CORE_5                              0                             0

POWER_DCACHE_MISS_BUF_W_CORE_5                                  0                             0

POWER_DCACHE_MISS_BUF_W_TAG_CORE_5                              0                             0

POWER_DCACHE_LINEFILL_BUF_R_CORE_5                              0                             0

POWER_L2CACHE_LINEFILL_BUF_R_CORE_5                             0                             0

POWER_DCACHE_LINEFILL_BUF_W_CORE_5                              0                             0

POWER_L2CACHE_LINEFILL_BUF_W_CORE_5                             0                             0

POWER_DCACHE_LINEFILL_BUF_R_TAG_CORE_5                          0                             0

POWER_L2CACHE_LINEFILL_BUF_R_TAG_CORE_5                         0                             0

POWER_DCACHE_LINEFILL_BUF_W_TAG_CORE_5                          0                             0

POWER_DCACHE_WB_BUF_R_CORE_5                                    0                             0

POWER_L2CACHE_WB_BUF_R_CORE_5                                   0                             0

POWER_DCACHE_WB_BUF_W_CORE_5                                    0                             0

POWER_L2CACHE_WB_BUF_W_CORE_5                                   0                             0

POWER_DCACHE_WB_BUF_R_TAG_CORE_5                                0                             0

POWER_L2CACHE_WB_BUF_R_TAG_CORE_5                               0                             0

POWER_DCACHE_WB_BUF_W_TAG_CORE_5                                0                             0

POWER_DCACHE_R_CORE_5                                           0                             0

POWER_L2CACHE_R_CORE_5                                          0                             0

POWER_DCACHE_W_CORE_5                                           0                             0

POWER_L2CACHE_W_CORE_5                                          0                             0

POWER_DCACHE_R_TAG_CORE_5                                       0                             0

POWER_L2CACHE_R_TAG_CORE_5                                      0                             0

POWER_CONST_CACHE_R_CORE_5                                      0                             0

POWER_CONST_CACHE_W_CORE_5                                      0                             0

POWER_CONST_CACHE_R_TAG_CORE_5                                  0                             0

POWER_CONST_CACHE_W_TAG_CORE_5                                  0                             0

POWER_TEXTURE_CACHE_R_CORE_5                                    0                             0

POWER_TEXTURE_CACHE_W_CORE_5                                    0                             0

POWER_TEXTURE_CACHE_R_TAG_CORE_5                                0                             0

POWER_TEXTURE_CACHE_W_TAG_CORE_5                                0                             0

POWER_SHARED_MEM_R_CORE_5                                       0                             0

POWER_SHARED_MEM_W_CORE_5                                       0                             0

POWER_SHARED_MEM_R_TAG_CORE_5                                   0                             0

POWER_SHARED_MEM_W_TAG_CORE_5                                   0                             0

POWER_BLOCK_STATES_R_CORE_6                                     0                             0

POWER_BLOCK_STATES_W_CORE_6                                     0                             0

POWER_FETCH_QUEUE_R_CORE_6                                      0                             0

POWER_FETCH_QUEUE_W_CORE_6                                      0                             0

POWER_INST_QUEUE_R_CORE_6                                       0                             0

POWER_INST_QUEUE_W_CORE_6                                       0                             0

POWER_BR_PRED_R_CORE_6                                          0                             0

POWER_BR_PRED_W_CORE_6                                          0                             0

POWER_RAS_R_CORE_6                                              0                             0

POWER_RAS_W_CORE_6                                              0                             0

POWER_ICACHE_R_CORE_6                                           0                             0

POWER_ICACHE_W_CORE_6                                           0                             0

POWER_ICACHE_R_TAG_CORE_6                                       0                             0

POWER_ICACHE_MISS_BUF_R_CORE_6                                  0                             0

POWER_ICACHE_MISS_BUF_W_CORE_6                                  0                             0

POWER_ICACHE_MISS_BUF_R_TAG_CORE_6                              0                             0

POWER_ICACHE_MISS_BUF_W_TAG_CORE_6                              0                             0

POWER_ICACHE_TOT_ACC_CORE_6                                     0                             0

POWER_ICACHE_CONF_CORE_6                                        0                             0

POWER_INST_DECODER_R_CORE_6                                     0                             0

POWER_INST_DECODER_W_CORE_6                                     0                             0

POWER_MICRO_OP_SEQ_R_CORE_6                                     0                             0

POWER_MICRO_OP_SEQ_W_CORE_6                                     0                             0

POWER_OPERAND_DECODER_R_CORE_6                                  0                             0

POWER_OPERAND_DECODER_W_CORE_6                                  0                             0

POWER_UOP_QUEUE_R_CORE_6                                        0                             0

POWER_UOP_QUEUE_W_CORE_6                                        0                             0

POWER_REG_RENAMING_TABLE_R_CORE_6                               0                             0

POWER_REG_RENAMING_TABLE_W_CORE_6                               0                             0

POWER_DEP_CHECK_LOGIC_R_CORE_6                                  0                             0

POWER_FREELIST_R_CORE_6                                         0                             0

POWER_FREELIST_W_CORE_6                                         0                             0

POWER_RESERVATION_STATION_R_CORE_6                              0                             0

POWER_RESERVATION_STATION_W_CORE_6                              0                             0

POWER_RESERVATION_STATION_R_TAG_CORE_6                          0                             0

POWER_RESERVATION_STATION_W_TAG_CORE_6                          0                             0

POWER_INST_ISSUE_SEL_LOGIC_R_CORE_6                             0                             0

POWER_INST_ISSUE_SEL_LOGIC_W_CORE_6                             0                             0

POWER_PAYLOAD_RAM_R_CORE_6                                      0                             0

POWER_PAYLOAD_RAM_W_CORE_6                                      0                             0

POWER_EX_ALU_R_CORE_6                                           0                             0

POWER_EX_FPU_R_CORE_6                                           0                             0

POWER_EX_MUL_R_CORE_6                                           0                             0

POWER_EX_SFU_R_CORE_6                                           0                             0

POWER_REORDER_BUF_R_CORE_6                                      0                             0

POWER_REORDER_BUF_W_CORE_6                                      0                             0

POWER_INST_COMMIT_SEL_LOGIC_R_CORE_6                            0                             0

POWER_INST_COMMIT_SEL_LOGIC_W_CORE_6                            0                             0

POWER_FP_RENAME_R_CORE_6                                        0                             0

POWER_FP_RENAME_W_CORE_6                                        0                             0

POWER_LOAD_QUEUE_R_CORE_6                                       0                             0

POWER_LOAD_QUEUE_W_CORE_6                                       0                             0

POWER_LOAD_QUEUE_R_TAG_CORE_6                                   0                             0

POWER_LOAD_QUEUE_W_TAG_CORE_6                                   0                             0

POWER_STORE_QUEUE_R_CORE_6                                      0                             0

POWER_STORE_QUEUE_W_CORE_6                                      0                             0

POWER_STORE_QUEUE_R_TAG_CORE_6                                  0                             0

POWER_STORE_QUEUE_W_TAG_CORE_6                                  0                             0

POWER_DATA_TLB_R_CORE_6                                         0                             0

POWER_DATA_TLB_W_CORE_6                                         0                             0

POWER_DATA_TLB_R_TAG_CORE_6                                     0                             0

POWER_DATA_TLB_W_TAG_CORE_6                                     0                             0

POWER_INT_REGFILE_R_CORE_6                                      0                             0

POWER_INT_REGFILE_W_CORE_6                                      0                             0

POWER_FP_REGFILE_R_CORE_6                                       0                             0

POWER_FP_REGFILE_W_CORE_6                                       0                             0

POWER_GP_REGISTER_R_CORE_6                                      0                             0

POWER_GP_REGISTER_W_CORE_6                                      0                             0

POWER_FP_REGISTER_R_CORE_6                                      0                             0

POWER_FP_REGISTER_W_CORE_6                                      0                             0

POWER_SEGMENT_REGISTER_R_CORE_6                                 0                             0

POWER_SEGMENT_REGISTER_W_CORE_6                                 0                             0

POWER_CONTROL_REGISTER_R_CORE_6                                 0                             0

POWER_CONTROL_REGISTER_W_CORE_6                                 0                             0

POWER_FLAG_REGISTER_R_CORE_6                                    0                             0

POWER_FLAG_REGISTER_W_CORE_6                                    0                             0

POWER_EXEC_BYPASS_CORE_6                                        0                             0

POWER_LOAD_BYPASS_CORE_6                                        0                             0

POWER_PIPELINE_CORE_6                                           0                             0

POWER_DCACHE_MISS_BUF_R_CORE_6                                  0                             0

POWER_DCACHE_MISS_BUF_R_TAG_CORE_6                              0                             0

POWER_DCACHE_MISS_BUF_W_CORE_6                                  0                             0

POWER_DCACHE_MISS_BUF_W_TAG_CORE_6                              0                             0

POWER_DCACHE_LINEFILL_BUF_R_CORE_6                              0                             0

POWER_L2CACHE_LINEFILL_BUF_R_CORE_6                             0                             0

POWER_DCACHE_LINEFILL_BUF_W_CORE_6                              0                             0

POWER_L2CACHE_LINEFILL_BUF_W_CORE_6                             0                             0

POWER_DCACHE_LINEFILL_BUF_R_TAG_CORE_6                          0                             0

POWER_L2CACHE_LINEFILL_BUF_R_TAG_CORE_6                         0                             0

POWER_DCACHE_LINEFILL_BUF_W_TAG_CORE_6                          0                             0

POWER_DCACHE_WB_BUF_R_CORE_6                                    0                             0

POWER_L2CACHE_WB_BUF_R_CORE_6                                   0                             0

POWER_DCACHE_WB_BUF_W_CORE_6                                    0                             0

POWER_L2CACHE_WB_BUF_W_CORE_6                                   0                             0

POWER_DCACHE_WB_BUF_R_TAG_CORE_6                                0                             0

POWER_L2CACHE_WB_BUF_R_TAG_CORE_6                               0                             0

POWER_DCACHE_WB_BUF_W_TAG_CORE_6                                0                             0

POWER_DCACHE_R_CORE_6                                           0                             0

POWER_L2CACHE_R_CORE_6                                          0                             0

POWER_DCACHE_W_CORE_6                                           0                             0

POWER_L2CACHE_W_CORE_6                                          0                             0

POWER_DCACHE_R_TAG_CORE_6                                       0                             0

POWER_L2CACHE_R_TAG_CORE_6                                      0                             0

POWER_CONST_CACHE_R_CORE_6                                      0                             0

POWER_CONST_CACHE_W_CORE_6                                      0                             0

POWER_CONST_CACHE_R_TAG_CORE_6                                  0                             0

POWER_CONST_CACHE_W_TAG_CORE_6                                  0                             0

POWER_TEXTURE_CACHE_R_CORE_6                                    0                             0

POWER_TEXTURE_CACHE_W_CORE_6                                    0                             0

POWER_TEXTURE_CACHE_R_TAG_CORE_6                                0                             0

POWER_TEXTURE_CACHE_W_TAG_CORE_6                                0                             0

POWER_SHARED_MEM_R_CORE_6                                       0                             0

POWER_SHARED_MEM_W_CORE_6                                       0                             0

POWER_SHARED_MEM_R_TAG_CORE_6                                   0                             0

POWER_SHARED_MEM_W_TAG_CORE_6                                   0                             0

POWER_BLOCK_STATES_R_CORE_7                                     0                             0

POWER_BLOCK_STATES_W_CORE_7                                     0                             0

POWER_FETCH_QUEUE_R_CORE_7                                      0                             0

POWER_FETCH_QUEUE_W_CORE_7                                      0                             0

POWER_INST_QUEUE_R_CORE_7                                       0                             0

POWER_INST_QUEUE_W_CORE_7                                       0                             0

POWER_BR_PRED_R_CORE_7                                          0                             0

POWER_BR_PRED_W_CORE_7                                          0                             0

POWER_RAS_R_CORE_7                                              0                             0

POWER_RAS_W_CORE_7                                              0                             0

POWER_ICACHE_R_CORE_7                                           0                             0

POWER_ICACHE_W_CORE_7                                           0                             0

POWER_ICACHE_R_TAG_CORE_7                                       0                             0

POWER_ICACHE_MISS_BUF_R_CORE_7                                  0                             0

POWER_ICACHE_MISS_BUF_W_CORE_7                                  0                             0

POWER_ICACHE_MISS_BUF_R_TAG_CORE_7                              0                             0

POWER_ICACHE_MISS_BUF_W_TAG_CORE_7                              0                             0

POWER_ICACHE_TOT_ACC_CORE_7                                     0                             0

POWER_ICACHE_CONF_CORE_7                                        0                             0

POWER_INST_DECODER_R_CORE_7                                     0                             0

POWER_INST_DECODER_W_CORE_7                                     0                             0

POWER_MICRO_OP_SEQ_R_CORE_7                                     0                             0

POWER_MICRO_OP_SEQ_W_CORE_7                                     0                             0

POWER_OPERAND_DECODER_R_CORE_7                                  0                             0

POWER_OPERAND_DECODER_W_CORE_7                                  0                             0

POWER_UOP_QUEUE_R_CORE_7                                        0                             0

POWER_UOP_QUEUE_W_CORE_7                                        0                             0

POWER_REG_RENAMING_TABLE_R_CORE_7                               0                             0

POWER_REG_RENAMING_TABLE_W_CORE_7                               0                             0

POWER_DEP_CHECK_LOGIC_R_CORE_7                                  0                             0

POWER_FREELIST_R_CORE_7                                         0                             0

POWER_FREELIST_W_CORE_7                                         0                             0

POWER_RESERVATION_STATION_R_CORE_7                              0                             0

POWER_RESERVATION_STATION_W_CORE_7                              0                             0

POWER_RESERVATION_STATION_R_TAG_CORE_7                          0                             0

POWER_RESERVATION_STATION_W_TAG_CORE_7                          0                             0

POWER_INST_ISSUE_SEL_LOGIC_R_CORE_7                             0                             0

POWER_INST_ISSUE_SEL_LOGIC_W_CORE_7                             0                             0

POWER_PAYLOAD_RAM_R_CORE_7                                      0                             0

POWER_PAYLOAD_RAM_W_CORE_7                                      0                             0

POWER_EX_ALU_R_CORE_7                                           0                             0

POWER_EX_FPU_R_CORE_7                                           0                             0

POWER_EX_MUL_R_CORE_7                                           0                             0

POWER_EX_SFU_R_CORE_7                                           0                             0

POWER_REORDER_BUF_R_CORE_7                                      0                             0

POWER_REORDER_BUF_W_CORE_7                                      0                             0

POWER_INST_COMMIT_SEL_LOGIC_R_CORE_7                            0                             0

POWER_INST_COMMIT_SEL_LOGIC_W_CORE_7                            0                             0

POWER_FP_RENAME_R_CORE_7                                        0                             0

POWER_FP_RENAME_W_CORE_7                                        0                             0

POWER_LOAD_QUEUE_R_CORE_7                                       0                             0

POWER_LOAD_QUEUE_W_CORE_7                                       0                             0

POWER_LOAD_QUEUE_R_TAG_CORE_7                                   0                             0

POWER_LOAD_QUEUE_W_TAG_CORE_7                                   0                             0

POWER_STORE_QUEUE_R_CORE_7                                      0                             0

POWER_STORE_QUEUE_W_CORE_7                                      0                             0

POWER_STORE_QUEUE_R_TAG_CORE_7                                  0                             0

POWER_STORE_QUEUE_W_TAG_CORE_7                                  0                             0

POWER_DATA_TLB_R_CORE_7                                         0                             0

POWER_DATA_TLB_W_CORE_7                                         0                             0

POWER_DATA_TLB_R_TAG_CORE_7                                     0                             0

POWER_DATA_TLB_W_TAG_CORE_7                                     0                             0

POWER_INT_REGFILE_R_CORE_7                                      0                             0

POWER_INT_REGFILE_W_CORE_7                                      0                             0

POWER_FP_REGFILE_R_CORE_7                                       0                             0

POWER_FP_REGFILE_W_CORE_7                                       0                             0

POWER_GP_REGISTER_R_CORE_7                                      0                             0

POWER_GP_REGISTER_W_CORE_7                                      0                             0

POWER_FP_REGISTER_R_CORE_7                                      0                             0

POWER_FP_REGISTER_W_CORE_7                                      0                             0

POWER_SEGMENT_REGISTER_R_CORE_7                                 0                             0

POWER_SEGMENT_REGISTER_W_CORE_7                                 0                             0

POWER_CONTROL_REGISTER_R_CORE_7                                 0                             0

POWER_CONTROL_REGISTER_W_CORE_7                                 0                             0

POWER_FLAG_REGISTER_R_CORE_7                                    0                             0

POWER_FLAG_REGISTER_W_CORE_7                                    0                             0

POWER_EXEC_BYPASS_CORE_7                                        0                             0

POWER_LOAD_BYPASS_CORE_7                                        0                             0

POWER_PIPELINE_CORE_7                                           0                             0

POWER_DCACHE_MISS_BUF_R_CORE_7                                  0                             0

POWER_DCACHE_MISS_BUF_R_TAG_CORE_7                              0                             0

POWER_DCACHE_MISS_BUF_W_CORE_7                                  0                             0

POWER_DCACHE_MISS_BUF_W_TAG_CORE_7                              0                             0

POWER_DCACHE_LINEFILL_BUF_R_CORE_7                              0                             0

POWER_L2CACHE_LINEFILL_BUF_R_CORE_7                             0                             0

POWER_DCACHE_LINEFILL_BUF_W_CORE_7                              0                             0

POWER_L2CACHE_LINEFILL_BUF_W_CORE_7                             0                             0

POWER_DCACHE_LINEFILL_BUF_R_TAG_CORE_7                          0                             0

POWER_L2CACHE_LINEFILL_BUF_R_TAG_CORE_7                         0                             0

POWER_DCACHE_LINEFILL_BUF_W_TAG_CORE_7                          0                             0

POWER_DCACHE_WB_BUF_R_CORE_7                                    0                             0

POWER_L2CACHE_WB_BUF_R_CORE_7                                   0                             0

POWER_DCACHE_WB_BUF_W_CORE_7                                    0                             0

POWER_L2CACHE_WB_BUF_W_CORE_7                                   0                             0

POWER_DCACHE_WB_BUF_R_TAG_CORE_7                                0                             0

POWER_L2CACHE_WB_BUF_R_TAG_CORE_7                               0                             0

POWER_DCACHE_WB_BUF_W_TAG_CORE_7                                0                             0

POWER_DCACHE_R_CORE_7                                           0                             0

POWER_L2CACHE_R_CORE_7                                          0                             0

POWER_DCACHE_W_CORE_7                                           0                             0

POWER_L2CACHE_W_CORE_7                                          0                             0

POWER_DCACHE_R_TAG_CORE_7                                       0                             0

POWER_L2CACHE_R_TAG_CORE_7                                      0                             0

POWER_CONST_CACHE_R_CORE_7                                      0                             0

POWER_CONST_CACHE_W_CORE_7                                      0                             0

POWER_CONST_CACHE_R_TAG_CORE_7                                  0                             0

POWER_CONST_CACHE_W_TAG_CORE_7                                  0                             0

POWER_TEXTURE_CACHE_R_CORE_7                                    0                             0

POWER_TEXTURE_CACHE_W_CORE_7                                    0                             0

POWER_TEXTURE_CACHE_R_TAG_CORE_7                                0                             0

POWER_TEXTURE_CACHE_W_TAG_CORE_7                                0                             0

POWER_SHARED_MEM_R_CORE_7                                       0                             0

POWER_SHARED_MEM_W_CORE_7                                       0                             0

POWER_SHARED_MEM_R_TAG_CORE_7                                   0                             0

POWER_SHARED_MEM_W_TAG_CORE_7                                   0                             0

