Real time: Nov/24/2014 15:08:20

Profiler Stats
--------------
Elapsed_time_in_seconds: 2899
Elapsed_time_in_minutes: 48.3167
Elapsed_time_in_hours: 0.805278
Elapsed_time_in_days: 0.0335532

Virtual_time_in_seconds: 2893.7
Virtual_time_in_minutes: 48.2283
Virtual_time_in_hours:   0.803806
Virtual_time_in_days:    0.803806

Ruby_current_time: 95424813
Ruby_start_time: 1
Ruby_cycles: 95424812

mbytes_resident: 103.426
mbytes_total: 144.668
resident_ratio: 0.714918

Total_misses: 0
total_misses: 0 [ 0 0 0 0 0 0 0 0 ]
user_misses: 0 [ 0 0 0 0 0 0 0 0 ]
supervisor_misses: 0 [ 0 0 0 0 0 0 0 0 ]

instruction_executed: 8 [ 1 1 1 1 1 1 1 1 ]
simics_cycles_executed: 8 [ 1 1 1 1 1 1 1 1 ]
cycles_per_instruction: 9.54248e+07 [ 9.54248e+07 9.54248e+07 9.54248e+07 9.54248e+07 9.54248e+07 9.54248e+07 9.54248e+07 9.54248e+07 ]
misses_per_thousand_instructions: 0 [ 0 0 0 0 0 0 0 0 ]

transactions_started: 0 [ 0 0 0 0 0 0 0 0 ]
transactions_ended: 0 [ 0 0 0 0 0 0 0 0 ]
instructions_per_transaction: 0 [ 0 0 0 0 0 0 0 0 ]
cycles_per_transaction: 0 [ 0 0 0 0 0 0 0 0 ]
misses_per_transaction: 0 [ 0 0 0 0 0 0 0 0 ]

L1D_cache cache stats: 
  L1D_cache_total_requests: 50
  L1D_cache_total_misses: 10	(20%)
  L1D_cache_total_demand_misses: 10
  L1D_cache_total_prefetches: 0
  L1D_cache_total_sw_prefetches: 0
  L1D_cache_total_hw_prefetches: 0
  L1D_cache_misses_per_transaction: 10
  L1D_cache_misses_per_instruction: 10
  L1D_cache_instructions_per_misses: 0.1

  L1D_cache_request_type_LD:   23	(46)%
  L1D_cache_request_type_ST:   27	(54)%

  L1D_cache_request_size: [binsize: log2 max: 32 count: 50 average:    32 | standard deviation: 0 | 0 0 0 0 0 0 50 ]

  L1D_cache_miss_type_LD:   3	(30)%
  L1D_cache_miss_type_ST:   7	(70)%

L1I_cache cache stats: 
  L1I_cache_total_requests: 0
  L1I_cache_total_misses: 0
  L1I_cache_total_demand_misses: 0
  L1I_cache_total_prefetches: 0
  L1I_cache_total_sw_prefetches: 0
  L1I_cache_total_hw_prefetches: 0
  L1I_cache_misses_per_transaction: 0
  L1I_cache_misses_per_instruction: 0
  L1I_cache_instructions_per_misses: NaN

  L1I_cache_request_size: [binsize: log2 max: 0 count: 0 average: NaN |standard deviation: NaN | 0 ]

L1T_cache cache stats: 
  L1T_cache_total_requests: 6063539
  L1T_cache_total_misses: 4205109	(69.3507%)
  L1T_cache_total_demand_misses: 4205109
  L1T_cache_total_prefetches: 0
  L1T_cache_total_sw_prefetches: 0
  L1T_cache_total_hw_prefetches: 0
  L1T_cache_misses_per_transaction: 4.20511e+06
  L1T_cache_misses_per_instruction: 4.20511e+06
  L1T_cache_instructions_per_misses: 2.37806e-07

  L1T_cache_request_type_LD:   1405810	(23.1846)%
  L1T_cache_request_type_ST:   4657729	(76.8154)%

  L1T_cache_request_size: [binsize: log2 max: 32 count: 6063539 average:    32 | standard deviation: 0 | 0 0 0 0 0 0 6063539 ]

  L1T_cache_miss_type_LD:   99486	(2.36584)%
  L1T_cache_miss_type_ST:   4105623	(97.6342)%

L2_cache cache stats: 
  L2_cache_total_requests: 839
  L2_cache_total_misses: 827	(98.5697%)
  L2_cache_total_demand_misses: 827
  L2_cache_total_prefetches: 0
  L2_cache_total_sw_prefetches: 0
  L2_cache_total_hw_prefetches: 0
  L2_cache_misses_per_transaction: 827
  L2_cache_misses_per_instruction: 827
  L2_cache_instructions_per_misses: 0.00120919

  L2_cache_request_type_LD:   3	(0.357569)%
  L2_cache_request_type_ST:   836	(99.6424)%

  L2_cache_request_size: [binsize: log2 max: 8 count: 839 average:     8 | standard deviation: 0 | 0 0 0 0 839 ]

  L2_cache_miss_type_LD:   2	(0.241838)%
  L2_cache_miss_type_ST:   825	(99.7582)%

L2T_cache cache stats: 
  L2T_cache_total_requests: 4757215
  L2T_cache_total_misses: 829	(0.0174262%)
  L2T_cache_total_demand_misses: 829
  L2T_cache_total_prefetches: 0
  L2T_cache_total_sw_prefetches: 0
  L2T_cache_total_hw_prefetches: 0
  L2T_cache_misses_per_transaction: 829
  L2T_cache_misses_per_instruction: 829
  L2T_cache_instructions_per_misses: 0.00120627

  L2T_cache_request_type_LD:   99486	(2.09127)%
  L2T_cache_request_type_ST:   4657729	(97.9087)%

  L2T_cache_request_size: [binsize: log2 max: 32 count: 4757215 average: 31.4981 | standard deviation: 3.43421 | 0 0 0 0 99486 0 4657729 ]

  L2T_cache_miss_type_LD:   712	(85.8866)%
  L2T_cache_miss_type_ST:   117	(14.1134)%


TBE Queries: 4758887
Busy TBE Counts: 0
Busy Controller Counts:
L1TCache-0:0  L1TCache-1:0  L1TCache-2:0  L1TCache-3:0  L1TCache-4:0  L1TCache-5:0  L1TCache-6:0  L1TCache-7:0  

L2TCache-0:0  L2TCache-1:0  L2TCache-2:0  L2TCache-3:0  
L2Cache-0:0  L2Cache-1:0  L2Cache-2:0  L2Cache-3:0  
L1Cache-0:0  L1Cache-1:0  L1Cache-2:0  L1Cache-3:0  L1Cache-4:0  L1Cache-5:0  L1Cache-6:0  L1Cache-7:0  

Directory-0:0  Directory-1:0  Directory-2:0  Directory-3:0  

Busy Bank Count:0

L1TBE_usage: [binsize: 1 max: 0 count: 0 average: NaN |standard deviation: NaN | 0 ]
L2TBE_usage: [binsize: 1 max: 8 count: 4758887 average: 0.891894 | standard deviation: 0.664488 | 1330651 2615970 809206 2382 538 101 35 3 1 ]
StopTable_usage: [binsize: 1 max: 0 count: 0 average: NaN |standard deviation: NaN | 0 ]
sequencer_requests_outstanding: [binsize: 1 max: 9 count: 6063589 average: 1.96095 | standard deviation: 0.704695 | 0 1514612 3362178 1114595 56792 12531 2396 419 62 4 ]
store_buffer_size: [binsize: 1 max: 0 count: 0 average: NaN |standard deviation: NaN | 0 ]
unique_blocks_in_store_buffer: [binsize: 1 max: 0 count: 0 average: NaN |standard deviation: NaN | 0 ]

All Non-Zero Cycle Demand Cache Accesses
----------------------------------------
miss_latency: [binsize: 16 max: 1690 count: 6063589 average: 26.0525 | standard deviation: 12.3291 | 1306362 2 4756373 5 0 0 0 5 3 1 0 0 0 0 0 0 0 1 1 2 0 215 575 31 0 2 1 0 0 0 0 0 1 0 0 0 0 0 0 0 0 0 0 0 0 0 0 0 0 0 0 0 0 0 0 0 0 0 0 0 0 0 0 0 0 0 0 0 0 0 0 0 0 0 0 0 0 1 0 1 0 0 0 0 0 0 0 0 0 0 0 0 0 0 0 0 0 0 0 0 0 0 0 3 2 2 0 0 0 0 0 0 0 0 0 0 0 0 0 0 0 0 0 0 0 0 0 0 0 0 0 0 0 0 0 0 0 0 0 0 0 0 0 0 0 0 0 0 0 0 0 0 0 0 0 0 0 0 0 0 0 0 0 0 0 0 0 0 0 0 0 0 0 0 0 0 0 0 0 0 0 0 0 0 0 0 0 0 0 0 0 0 ]
miss_latency_LD: [binsize: 256 max: 1676 count: 1405833 average: 6.19079 | standard deviation: 10.9825 | 1405123 708 0 0 0 0 2 ]
miss_latency_ST: [binsize: 256 max: 1690 count: 4657756 average: 32.0472 | standard deviation: 2.5455 | 4657628 120 1 0 2 0 5 0 0 0 ]
miss_latency_NULL: [binsize: 16 max: 1690 count: 6063589 average: 26.0525 | standard deviation: 12.3291 | 1306362 2 4756373 5 0 0 0 5 3 1 0 0 0 0 0 0 0 1 1 2 0 215 575 31 0 2 1 0 0 0 0 0 1 0 0 0 0 0 0 0 0 0 0 0 0 0 0 0 0 0 0 0 0 0 0 0 0 0 0 0 0 0 0 0 0 0 0 0 0 0 0 0 0 0 0 0 0 1 0 1 0 0 0 0 0 0 0 0 0 0 0 0 0 0 0 0 0 0 0 0 0 0 0 3 2 2 0 0 0 0 0 0 0 0 0 0 0 0 0 0 0 0 0 0 0 0 0 0 0 0 0 0 0 0 0 0 0 0 0 0 0 0 0 0 0 0 0 0 0 0 0 0 0 0 0 0 0 0 0 0 0 0 0 0 0 0 0 0 0 0 0 0 0 0 0 0 0 0 0 0 0 0 0 0 0 0 0 0 0 0 0 0 ]
miss_latency_L2Miss: [binsize: 1 max: 0 count: 0 average: NaN |standard deviation: NaN | 0 ]

All Non-Zero Cycle SW Prefetch Requests
------------------------------------
prefetch_latency: [binsize: 1 max: 0 count: 0 average: NaN |standard deviation: NaN | 0 ]
prefetch_latency_L2Miss:[binsize: 1 max: 0 count: 0 average: NaN |standard deviation: NaN | 0 ]
multicast_retries: [binsize: 1 max: 0 count: 0 average: NaN |standard deviation: NaN | 0 ]
gets_mask_prediction_count: [binsize: 1 max: 0 count: 0 average: NaN |standard deviation: NaN | 0 ]
getx_mask_prediction_count: [binsize: 1 max: 0 count: 0 average: NaN |standard deviation: NaN | 0 ]
explicit_training_mask: [binsize: 1 max: 0 count: 0 average: NaN |standard deviation: NaN | 0 ]

Sequencer  Requests (MLP)
------------------------------------
Sequencer Requests All
Sequencer_ALL : [binsize: 1 max: 9 count: 6063589 average: 1.96095 | standard deviation: 0.704695 | 0 1514612 3362178 1114595 56792 12531 2396 419 62 4 ]
Sequencer_0: [binsize: 1 max: 5 count: 50 average:  2.72 | standard deviation: 1.31708 | 0 12 12 7 16 3 ]
Sequencer_1: [binsize: 1 max: 0 count: 0 average: NaN |standard deviation: NaN | 0 ]
Sequencer_2: [binsize: 1 max: 0 count: 0 average: NaN |standard deviation: NaN | 0 ]
Sequencer_3: [binsize: 1 max: 0 count: 0 average: NaN |standard deviation: NaN | 0 ]
Sequencer_4: [binsize: 1 max: 0 count: 0 average: NaN |standard deviation: NaN | 0 ]
Sequencer_5: [binsize: 1 max: 0 count: 0 average: NaN |standard deviation: NaN | 0 ]
Sequencer_6: [binsize: 1 max: 0 count: 0 average: NaN |standard deviation: NaN | 0 ]
Sequencer_7: [binsize: 1 max: 0 count: 0 average: NaN |standard deviation: NaN | 0 ]
SequencerACC_0: [binsize: 1 max: 8 count: 1436 average: 2.23816 | standard deviation: 0.699925 | 0 123 893 402 7 3 2 4 2 ]
SequencerACC_1: [binsize: 1 max: 9 count: 3555834 average: 1.98905 | standard deviation: 0.671222 | 0 820460 1953971 781364 15 7 3 4 9 1 ]
SequencerACC_2: [binsize: 1 max: 9 count: 437529 average: 2.07293 | standard deviation: 0.773733 | 0 63755 316311 31085 16671 7837 1661 175 32 2 ]
SequencerACC_3: [binsize: 1 max: 9 count: 2068740 average: 1.88878 | standard deviation: 0.738149 | 0 630262 1090991 301737 40083 4681 730 236 19 1 ]
SequencerACC_4: [binsize: 1 max: 0 count: 0 average: NaN |standard deviation: NaN | 0 ]
SequencerACC_5: [binsize: 1 max: 0 count: 0 average: NaN |standard deviation: NaN | 0 ]
SequencerACC_6: [binsize: 1 max: 0 count: 0 average: NaN |standard deviation: NaN | 0 ]
SequencerACC_7: [binsize: 1 max: 0 count: 0 average: NaN |standard deviation: NaN | 0 ]
Request vs. System State Profile
--------------------------------


filter_action: [binsize: 1 max: 0 count: 0 average: NaN |standard deviation: NaN | 0 ]

Message Delayed Cycles
----------------------
Total_delay_cycles: [binsize: 1 max: 44 count: 2526 average: 26.5922 | standard deviation: 3.64216 | 0 0 0 0 0 0 0 0 0 0 0 19 0 0 0 0 149 69 1 6 1 6 0 0 0 0 112 488 1643 10 10 1 2 1 1 1 0 0 1 1 0 0 1 2 1 ]
Total_nonPF_delay_cycles: [binsize: 1 max: 44 count: 846 average: 24.0142 | standard deviation: 4.92067 | 0 0 0 0 0 0 0 0 0 0 0 6 0 0 0 0 149 69 1 6 1 0 0 0 0 0 112 488 5 4 0 0 1 0 0 1 0 0 0 0 0 0 0 2 1 ]
  virtual_network_0_delay_cycles: [binsize: 1 max: 42 count: 1680 average: 27.8905 | standard deviation: 1.65161 | 0 0 0 0 0 0 0 0 0 0 0 13 0 0 0 0 0 0 0 0 0 6 0 0 0 0 0 0 1638 6 10 1 1 1 1 0 0 0 1 1 0 0 1 ]
  virtual_network_1_delay_cycles: [binsize: 1 max: 0 count: 0 average: NaN |standard deviation: NaN | 0 ]
  virtual_network_2_delay_cycles: [binsize: 1 max: 11 count: 6 average:    11 | standard deviation: 0 | 0 0 0 0 0 0 0 0 0 0 0 6 ]
  virtual_network_3_delay_cycles: [binsize: 1 max: 44 count: 840 average: 24.1071 | standard deviation: 4.8132 | 0 0 0 0 0 0 0 0 0 0 0 0 0 0 0 0 149 69 1 6 1 0 0 0 0 0 112 488 5 4 0 0 1 0 0 1 0 0 0 0 0 0 0 2 1 ]
  virtual_network_4_delay_cycles: [binsize: 1 max: 0 count: 0 average: NaN |standard deviation: NaN | 0 ]
  virtual_network_5_delay_cycles: [binsize: 1 max: 0 count: 0 average: NaN |standard deviation: NaN | 0 ]
  virtual_network_6_delay_cycles: [binsize: 1 max: 0 count: 0 average: NaN |standard deviation: NaN | 0 ]
  virtual_network_7_delay_cycles: [binsize: 1 max: 0 count: 0 average: NaN |standard deviation: NaN | 0 ]

Resource Usage
--------------
page_size: 4096
user_time: 2718
system_time: 175
page_reclaims: 26646
page_faults: 0
swaps: 0
block_inputs: 0
block_outputs: 792

Coherence Bandwidth Breakdown
----------------------
L1_ATOMIC = 0
L2_DATA = 4135
L2_TO_L2T_MSG = 6
L2_DATA_GX = 10
L2T_TO_L1T_DATA = 397944
L1_DATA_GX = 0
L2_TO_L2T_ACK = 6
L2T_TO_L1T_MSG = 4657729
L2_DATA_S = 40
L2T_TO_L1T_ATOMIC = 0
L1_DATA_PC = 0
L1_MSG = 0
L2_COHMSG_FWD = 6
L1_DATA_F = 0
L1_DATA_PX = 15
L2_COHMSG_RCL = 0
L1T_TO_L2T_DATA = 18630916
L2_MSG = 0
L2_COHMSG_INV = 0
L1_COHMSG_RCLACK = 0
L1T_TO_L2T_ATOMIC = 0
L2_COHMSG = 0
L2_ATOMIC = 0
L2_TO_L2T_DATA = 4145
L1_DATA = 0
L1_COHMSG = 1680
L1_COHMSG_INVACK = 0
L1T_TO_L2T_MSG = 99486
----------------------
total_flits_messages = 23796118
----------------------

DMA = 0
DATA_GX_OW = 28
DATA_PX_C = 12
DATA_PX_D = 3
DATA_GX_C = 7
Block_lifetimes_pow2: [binsize: log2 max: 0 count: 0 average: NaN |standard deviation: NaN | 0 ]
Block_lifetimes[WRITE]_pow2: [binsize: log2 max: 0 count: 0 average: NaN |standard deviation: NaN | 0 ]
Block_lifetimes[EVICT]_pow2: [binsize: log2 max: 0 count: 0 average: NaN |standard deviation: NaN | 0 ]
CL_stall_evict: [binsize: log2 max: 0 count: 0 average: NaN |standard deviation: NaN | 0 ]
CL_stall_fence: [binsize: log2 max: 0 count: 0 average: NaN |standard deviation: NaN | 0 ]
Private_L1_evictions: 0
MessageBuffer: [Chip 0 0, L1Cache, mandatoryQueue] stats - msgs:50 full:0 size:[binsize: 1 max: 3 count: 50 average:  1.62 | standard deviation: 0.728431 | 0 26 17 7 ]
MessageBuffer: [Chip 0 1, L1Cache, mandatoryQueue] stats - msgs:0 full:0 size:[binsize: 1 max: 0 count: 0 average: NaN |standard deviation: NaN | 0 ]
MessageBuffer: [Chip 0 2, L1Cache, mandatoryQueue] stats - msgs:0 full:0 size:[binsize: 1 max: 0 count: 0 average: NaN |standard deviation: NaN | 0 ]
MessageBuffer: [Chip 0 3, L1Cache, mandatoryQueue] stats - msgs:0 full:0 size:[binsize: 1 max: 0 count: 0 average: NaN |standard deviation: NaN | 0 ]
MessageBuffer: [Chip 0 4, L1Cache, mandatoryQueue] stats - msgs:0 full:0 size:[binsize: 1 max: 0 count: 0 average: NaN |standard deviation: NaN | 0 ]
MessageBuffer: [Chip 0 5, L1Cache, mandatoryQueue] stats - msgs:0 full:0 size:[binsize: 1 max: 0 count: 0 average: NaN |standard deviation: NaN | 0 ]
MessageBuffer: [Chip 0 6, L1Cache, mandatoryQueue] stats - msgs:0 full:0 size:[binsize: 1 max: 0 count: 0 average: NaN |standard deviation: NaN | 0 ]
MessageBuffer: [Chip 0 7, L1Cache, mandatoryQueue] stats - msgs:0 full:0 size:[binsize: 1 max: 0 count: 0 average: NaN |standard deviation: NaN | 0 ]

Network Stats
-------------

Network interface outbound traffic
NI_0 (L1TCache) : [L1TCache]=0 [L2TCache]=5699 [L2Cache]=0 [L1Cache]=0 [Directory]=0 
NI_1 (L1TCache) : [L1TCache]=0 [L2TCache]=14222671 [L2Cache]=0 [L1Cache]=0 [Directory]=0 
NI_2 (L1TCache) : [L1TCache]=0 [L2TCache]=1403104 [L2Cache]=0 [L1Cache]=0 [Directory]=0 
NI_3 (L1TCache) : [L1TCache]=0 [L2TCache]=3098928 [L2Cache]=0 [L1Cache]=0 [Directory]=0 
NI_4 (L1TCache) : [L1TCache]=0 [L2TCache]=0 [L2Cache]=0 [L1Cache]=0 [Directory]=0 
NI_5 (L1TCache) : [L1TCache]=0 [L2TCache]=0 [L2Cache]=0 [L1Cache]=0 [Directory]=0 
NI_6 (L1TCache) : [L1TCache]=0 [L2TCache]=0 [L2Cache]=0 [L1Cache]=0 [Directory]=0 
NI_7 (L1TCache) : [L1TCache]=0 [L2TCache]=0 [L2Cache]=0 [L1Cache]=0 [Directory]=0 
NI_8 (L2TCache) : [L1TCache]=4950222 [L2TCache]=0 [L2Cache]=1133 [L1Cache]=0 [Directory]=0 
NI_9 (L2TCache) : [L1TCache]=105395 [L2TCache]=0 [L2Cache]=531 [L1Cache]=0 [Directory]=0 
NI_10 (L2TCache) : [L1TCache]=0 [L2TCache]=0 [L2Cache]=0 [L1Cache]=0 [Directory]=0 
NI_11 (L2TCache) : [L1TCache]=56 [L2TCache]=0 [L2Cache]=12 [L1Cache]=0 [Directory]=0 
NI_12 (L2Cache) : [L1TCache]=0 [L2TCache]=2780 [L2Cache]=0 [L1Cache]=41 [Directory]=556 
NI_13 (L2Cache) : [L1TCache]=0 [L2TCache]=1317 [L2Cache]=0 [L1Cache]=15 [Directory]=265 
NI_14 (L2Cache) : [L1TCache]=0 [L2TCache]=0 [L2Cache]=0 [L1Cache]=0 [Directory]=0 
NI_15 (L2Cache) : [L1TCache]=0 [L2TCache]=30 [L2Cache]=0 [L1Cache]=0 [Directory]=6 
NI_16 (L1Cache) : [L1TCache]=0 [L2TCache]=30 [L2Cache]=20 [L1Cache]=0 [Directory]=0 
NI_17 (L1Cache) : [L1TCache]=0 [L2TCache]=0 [L2Cache]=0 [L1Cache]=0 [Directory]=0 
NI_18 (L1Cache) : [L1TCache]=0 [L2TCache]=0 [L2Cache]=0 [L1Cache]=0 [Directory]=0 
NI_19 (L1Cache) : [L1TCache]=0 [L2TCache]=0 [L2Cache]=0 [L1Cache]=0 [Directory]=0 
NI_20 (L1Cache) : [L1TCache]=0 [L2TCache]=0 [L2Cache]=0 [L1Cache]=0 [Directory]=0 
NI_21 (L1Cache) : [L1TCache]=0 [L2TCache]=0 [L2Cache]=0 [L1Cache]=0 [Directory]=0 
NI_22 (L1Cache) : [L1TCache]=0 [L2TCache]=0 [L2Cache]=0 [L1Cache]=0 [Directory]=0 
NI_23 (L1Cache) : [L1TCache]=0 [L2TCache]=0 [L2Cache]=0 [L1Cache]=0 [Directory]=0 
NI_24 (Directory) : [L1TCache]=0 [L2TCache]=0 [L2Cache]=1030 [L1Cache]=0 [Directory]=0 
NI_25 (Directory) : [L1TCache]=0 [L2TCache]=0 [L2Cache]=1085 [L1Cache]=0 [Directory]=0 
NI_26 (Directory) : [L1TCache]=0 [L2TCache]=0 [L2Cache]=1015 [L1Cache]=0 [Directory]=0 
NI_27 (Directory) : [L1TCache]=0 [L2TCache]=0 [L2Cache]=1005 [L1Cache]=0 [Directory]=0 
L1_L2_flits_transferred = 0
L1_out_flits = 0
L2_out_flits = 0
-------------
Average Link Utilization :: 0.00755996 flits/cycle
total_flits_on_link = 47612895
-------------
Total VC Load [0] = 831 flits
Total VC Load [1] = 837 flits
Total VC Load [2] = 850 flits
Total VC Load [3] = 836 flits
Total VC Load [4] = 4 flits
Total VC Load [5] = 12 flits
Total VC Load [6] = 12 flits
Total VC Load [7] = 8 flits
Total VC Load [8] = 704 flits
Total VC Load [9] = 721 flits
Total VC Load [10] = 733 flits
Total VC Load [11] = 712 flits
Total VC Load [12] = 7700 flits
Total VC Load [13] = 7830 flits
Total VC Load [14] = 7851 flits
Total VC Load [15] = 7763 flits
Total VC Load [16] = 822 flits
Total VC Load [17] = 842 flits
Total VC Load [18] = 849 flits
Total VC Load [19] = 828 flits
Total VC Load [20] = 9365935 flits
Total VC Load [21] = 9364725 flits
Total VC Load [22] = 9364744 flits
Total VC Load [23] = 9365400 flits
Total VC Load [24] = 2527626 flits
Total VC Load [25] = 2527754 flits
Total VC Load [26] = 2528582 flits
Total VC Load [27] = 2527384 flits
Total VC Load [28] = 0 flits
Total VC Load [29] = 0 flits
Total VC Load [30] = 0 flits
Total VC Load [31] = 0 flits
-------------
Average VC Load [0] = 8.70843e-06 flits/cycle 
Average VC Load [1] = 8.7713e-06 flits/cycle 
Average VC Load [2] = 8.90754e-06 flits/cycle 
Average VC Load [3] = 8.76082e-06 flits/cycle 
Average VC Load [4] = 4.19178e-08 flits/cycle 
Average VC Load [5] = 1.25753e-07 flits/cycle 
Average VC Load [6] = 1.25753e-07 flits/cycle 
Average VC Load [7] = 8.38356e-08 flits/cycle 
Average VC Load [8] = 7.37754e-06 flits/cycle 
Average VC Load [9] = 7.55569e-06 flits/cycle 
Average VC Load [10] = 7.68144e-06 flits/cycle 
Average VC Load [11] = 7.46137e-06 flits/cycle 
Average VC Load [12] = 8.06918e-05 flits/cycle 
Average VC Load [13] = 8.20541e-05 flits/cycle 
Average VC Load [14] = 8.22742e-05 flits/cycle 
Average VC Load [15] = 8.1352e-05 flits/cycle 
Average VC Load [16] = 8.61411e-06 flits/cycle 
Average VC Load [17] = 8.8237e-06 flits/cycle 
Average VC Load [18] = 8.89706e-06 flits/cycle 
Average VC Load [19] = 8.67699e-06 flits/cycle 
Average VC Load [20] = 0.0981499 flits/cycle 
Average VC Load [21] = 0.0981372 flits/cycle 
Average VC Load [22] = 0.0981374 flits/cycle 
Average VC Load [23] = 0.0981443 flits/cycle 
Average VC Load [24] = 0.0264881 flits/cycle 
Average VC Load [25] = 0.0264895 flits/cycle 
Average VC Load [26] = 0.0264982 flits/cycle 
Average VC Load [27] = 0.0264856 flits/cycle 
Average VC Load [28] = 0 flits/cycle 
Average VC Load [29] = 0 flits/cycle 
Average VC Load [30] = 0 flits/cycle 
Average VC Load [31] = 0 flits/cycle 
-------------
Average network latency = 8.23942
-------------
Dynamic_Link_Power = 0.0552888
Static_Link_Power = 0.733365
Total_Link_Power = 0.788654
Total Link Area = 4.09374e+06 uM^2 
Router Dynamic Power:
       Input buffer: 0.00231428, Crossbar: 0.00445641, VC allocator: 0.000487304, SW allocator: 0.00133003, Clock: 0.153216, Total: 0.161804
Router Static Power:
       Input buffer: 0.891938, Crossbar: 0.1624, VC allocator: 0.438066, SW allocator: 0.0171352, Clock: 0.029369, Total: 1.53891
Router Total Power: 1.70071
Dynamic_Router_Power = 0.161804
Static_Router_Power = 1.53891
Total_Router_Power = 1.70071
Area:
Input buffer: 2.86355e-06, Crossbar: 2.50402e-06, VC allocator: 1.05856e-06, SW allocator: 4.14062e-08

Total_Dynamic_Power = 0.217093
Total_Static_Power = 2.27227
Total_Power = 2.48937
-------------

Gpusim Interface Stats
----------------------


Chip Stats
----------

 --- L1TCache ---
 - Event Counts -
Load  1405810
L1_WThru  4657729
L1_Atomic  0
L1_Replacement  802
Data  0
Data_Done  99486
Ack  0
Ack_Done  4657729
DataAtomic  0
DataAtomic_Done  0

 - Transitions -
I  Load  99486
I  L1_WThru  4105623
I  L1_Atomic  0 <-- 
I  L1_Replacement  794

S  Load  1306324
S  L1_WThru  552106
S  L1_Atomic  0 <-- 
S  L1_Replacement  8

I_S  L1_WThru  0 <-- 
I_S  L1_Atomic  0 <-- 
I_S  Data_Done  99486

I_I  Load  0 <-- 
I_I  L1_WThru  0 <-- 
I_I  L1_Atomic  0 <-- 
I_I  Data  0 <-- 
I_I  Data_Done  0 <-- 
I_I  Ack  0 <-- 
I_I  Ack_Done  4114618
I_I  DataAtomic  0 <-- 
I_I  DataAtomic_Done  0 <-- 

SM  Load  0 <-- 
SM  L1_WThru  0 <-- 
SM  L1_Atomic  0 <-- 
SM  Data  0 <-- 
SM  Data_Done  0 <-- 
SM  Ack  0 <-- 
SM  Ack_Done  543111

 --- L2TCache ---
 - Event Counts -
L1_GETS  99486
L1_Write  4105623
L1_Upgrade_T  547890
L1_Upgrade_NT  4216
L2_Atomic  0
L2_Expire  3
L2_Replacement  0
L2_Replacement_clean  0
Data  0
Data_all_Acks  829
Ack  0
Ack_all  0
WB_Ack  6
Fwd_GETX  5
Fwd_GETS  1
Inv  0

 - Transitions -
NP  L1_GETS  712
NP  L1_Write  117
NP  L1_Upgrade_NT  0 <-- 
NP  L2_Atomic  0 <-- 

E  L1_GETS  98771
E  L1_Write  4105506
E  L1_Upgrade_NT  4216
E  L2_Atomic  0 <-- 
E  L2_Replacement  0 <-- 
E  L2_Replacement_clean  0 <-- 
E  Fwd_GETX  2
E  Fwd_GETS  1
E  Inv  0 <-- 

S  L1_GETS  3
S  L1_Upgrade_T  547890
S  L2_Replacement  0 <-- 
S  L2_Replacement_clean  0 <-- 
S  Fwd_GETX  3
S  Fwd_GETS  0 <-- 
S  Inv  0 <-- 

SS  L1_GETS  0 <-- 
SS  L2_Replacement  0 <-- 
SS  L2_Replacement_clean  0 <-- 
SS  Fwd_GETX  0 <-- 
SS  Fwd_GETS  0 <-- 
SS  Inv  0 <-- 

IS  L1_GETS  0 <-- 
IS  Data  0 <-- 
IS  Data_all_Acks  712
IS  Ack  0 <-- 
IS  Ack_all  0 <-- 

ISS  Data  0 <-- 
ISS  Data_all_Acks  0 <-- 
ISS  Ack  0 <-- 
ISS  Ack_all  0 <-- 

IM  Data  0 <-- 
IM  Data_all_Acks  117
IM  Ack  0 <-- 
IM  Ack_all  0 <-- 

IMA  Data  0 <-- 
IMA  Data_all_Acks  0 <-- 
IMA  Ack  0 <-- 
IMA  Ack_all  0 <-- 

MI  L2_Expire  3
MI  Fwd_GETX  0 <-- 
MI  Fwd_GETS  0 <-- 
MI  Inv  0 <-- 

MI_Ack  WB_Ack  6
MI_Ack  Fwd_GETX  0 <-- 
MI_Ack  Fwd_GETS  0 <-- 
MI_Ack  Inv  0 <-- 

 --- L2Cache ---
 - Event Counts -
L1_GET_INSTR  0
L1_GETS  3
L1_GETX  836
L1_UPGRADE  0
L1_PUTX  0
L1_PUTX_old  0
Fwd_L1_GETX  0
Fwd_L1_GETS  0
Fwd_L1_GET_INSTR  0
L2_Replacement  0
L2_Replacement_clean  0
Mem_Data  827
WB_Data  0
WB_Data_clean  0
Ack  0
Ack_all  0
Mem_Ack  0
Unblock  0
Unblock_Cancel  0
Exclusive_Unblock  838
PUTX_ACC  3
DATA_ACC  3

 - Transitions -
NP  L1_GET_INSTR  0 <-- 
NP  L1_GETS  2
NP  L1_GETX  825
NP  L1_PUTX  0 <-- 
NP  L1_PUTX_old  0 <-- 

SS  L1_GET_INSTR  0 <-- 
SS  L1_GETS  0 <-- 
SS  L1_GETX  0 <-- 
SS  L1_UPGRADE  0 <-- 
SS  L1_PUTX  0 <-- 
SS  L1_PUTX_old  0 <-- 
SS  L2_Replacement  0 <-- 
SS  L2_Replacement_clean  0 <-- 

M  L1_GET_INSTR  0 <-- 
M  L1_GETS  0 <-- 
M  L1_GETX  0 <-- 
M  L1_PUTX  0 <-- 
M  L1_PUTX_old  0 <-- 
M  L2_Replacement  0 <-- 
M  L2_Replacement_clean  0 <-- 

MT  L1_GET_INSTR  0 <-- 
MT  L1_GETS  1
MT  L1_GETX  11
MT  L1_PUTX  0 <-- 
MT  L1_PUTX_old  0 <-- 
MT  L2_Replacement  0 <-- 
MT  L2_Replacement_clean  0 <-- 
MT  PUTX_ACC  0 <-- 
MT  DATA_ACC  0 <-- 

M_I  L1_GET_INSTR  0 <-- 
M_I  L1_GETS  0 <-- 
M_I  L1_GETX  0 <-- 
M_I  L1_UPGRADE  0 <-- 
M_I  Mem_Ack  0 <-- 

MT_I  L1_GET_INSTR  0 <-- 
MT_I  L1_GETS  0 <-- 
MT_I  L1_GETX  0 <-- 
MT_I  L1_UPGRADE  0 <-- 
MT_I  L1_PUTX  0 <-- 
MT_I  L1_PUTX_old  0 <-- 
MT_I  WB_Data  0 <-- 
MT_I  WB_Data_clean  0 <-- 
MT_I  Ack_all  0 <-- 
MT_I  PUTX_ACC  0 <-- 
MT_I  DATA_ACC  0 <-- 

MCT_I  L1_GET_INSTR  0 <-- 
MCT_I  L1_GETS  0 <-- 
MCT_I  L1_GETX  0 <-- 
MCT_I  L1_UPGRADE  0 <-- 
MCT_I  L1_PUTX  0 <-- 
MCT_I  L1_PUTX_old  0 <-- 
MCT_I  WB_Data  0 <-- 
MCT_I  WB_Data_clean  0 <-- 
MCT_I  Ack_all  0 <-- 
MCT_I  PUTX_ACC  0 <-- 
MCT_I  DATA_ACC  0 <-- 

I_I  L1_GET_INSTR  0 <-- 
I_I  L1_GETS  0 <-- 
I_I  L1_GETX  0 <-- 
I_I  L1_UPGRADE  0 <-- 
I_I  L1_PUTX  0 <-- 
I_I  L1_PUTX_old  0 <-- 
I_I  Ack  0 <-- 
I_I  Ack_all  0 <-- 

S_I  L1_GET_INSTR  0 <-- 
S_I  L1_GETS  0 <-- 
S_I  L1_GETX  0 <-- 
S_I  L1_UPGRADE  0 <-- 
S_I  L1_PUTX  0 <-- 
S_I  L1_PUTX_old  0 <-- 
S_I  Ack  0 <-- 
S_I  Ack_all  0 <-- 

ISS  L1_GET_INSTR  0 <-- 
ISS  L1_GETS  0 <-- 
ISS  L1_GETX  0 <-- 
ISS  L1_PUTX  0 <-- 
ISS  L1_PUTX_old  0 <-- 
ISS  L2_Replacement  0 <-- 
ISS  L2_Replacement_clean  0 <-- 
ISS  Mem_Data  2

IS  L1_GET_INSTR  0 <-- 
IS  L1_GETS  0 <-- 
IS  L1_GETX  0 <-- 
IS  L1_PUTX  0 <-- 
IS  L1_PUTX_old  0 <-- 
IS  L2_Replacement  0 <-- 
IS  L2_Replacement_clean  0 <-- 
IS  Mem_Data  0 <-- 

IM  L1_GET_INSTR  0 <-- 
IM  L1_GETS  0 <-- 
IM  L1_GETX  0 <-- 
IM  L1_PUTX  0 <-- 
IM  L1_PUTX_old  0 <-- 
IM  L2_Replacement  0 <-- 
IM  L2_Replacement_clean  0 <-- 
IM  Mem_Data  825

SS_MB  L1_GET_INSTR  0 <-- 
SS_MB  L1_GETS  0 <-- 
SS_MB  L1_GETX  0 <-- 
SS_MB  L1_UPGRADE  0 <-- 
SS_MB  L1_PUTX  0 <-- 
SS_MB  L1_PUTX_old  0 <-- 
SS_MB  L2_Replacement  0 <-- 
SS_MB  L2_Replacement_clean  0 <-- 
SS_MB  Exclusive_Unblock  0 <-- 

MT_MB  L1_GET_INSTR  0 <-- 
MT_MB  L1_GETS  0 <-- 
MT_MB  L1_GETX  0 <-- 
MT_MB  L1_UPGRADE  0 <-- 
MT_MB  L1_PUTX  0 <-- 
MT_MB  L1_PUTX_old  0 <-- 
MT_MB  L2_Replacement  0 <-- 
MT_MB  L2_Replacement_clean  0 <-- 
MT_MB  Exclusive_Unblock  838
MT_MB  PUTX_ACC  3
MT_MB  DATA_ACC  2

M_MB  L1_GET_INSTR  0 <-- 
M_MB  L1_GETS  0 <-- 
M_MB  L1_GETX  0 <-- 
M_MB  L1_UPGRADE  0 <-- 
M_MB  L1_PUTX  0 <-- 
M_MB  L1_PUTX_old  0 <-- 
M_MB  L2_Replacement  0 <-- 
M_MB  L2_Replacement_clean  0 <-- 
M_MB  Exclusive_Unblock  0 <-- 

MT_IIB  L1_GET_INSTR  0 <-- 
MT_IIB  L1_GETS  0 <-- 
MT_IIB  L1_GETX  0 <-- 
MT_IIB  L1_UPGRADE  0 <-- 
MT_IIB  L1_PUTX  0 <-- 
MT_IIB  L1_PUTX_old  0 <-- 
MT_IIB  L2_Replacement  0 <-- 
MT_IIB  L2_Replacement_clean  0 <-- 
MT_IIB  WB_Data  0 <-- 
MT_IIB  WB_Data_clean  0 <-- 
MT_IIB  Unblock  0 <-- 
MT_IIB  PUTX_ACC  0 <-- 
MT_IIB  DATA_ACC  1

MT_IB  L1_GET_INSTR  0 <-- 
MT_IB  L1_GETS  0 <-- 
MT_IB  L1_GETX  0 <-- 
MT_IB  L1_UPGRADE  0 <-- 
MT_IB  L1_PUTX  0 <-- 
MT_IB  L1_PUTX_old  0 <-- 
MT_IB  L2_Replacement  0 <-- 
MT_IB  L2_Replacement_clean  0 <-- 
MT_IB  WB_Data  0 <-- 
MT_IB  WB_Data_clean  0 <-- 

MT_SB  L1_GET_INSTR  0 <-- 
MT_SB  L1_GETS  0 <-- 
MT_SB  L1_GETX  0 <-- 
MT_SB  L1_UPGRADE  0 <-- 
MT_SB  L1_PUTX  0 <-- 
MT_SB  L1_PUTX_old  0 <-- 
MT_SB  L2_Replacement  0 <-- 
MT_SB  L2_Replacement_clean  0 <-- 
MT_SB  Unblock  0 <-- 

 --- L1Cache ---
 - Event Counts -
Load  23
Ifetch  0
Store  27
Inv  0
L1_Replacement  0
Fwd_GETX  6
Fwd_GETS  0
Fwd_GET_INSTR  0
Data  0
Data_Exclusive  8
DataS_fromL1  0
Data_all_Acks  2
Ack  0
Ack_all  0
WB_Ack  0

 - Transitions -
NP  Load  3
NP  Ifetch  0 <-- 
NP  Store  2
NP  Inv  0 <-- 
NP  L1_Replacement  0 <-- 

I  Load  0 <-- 
I  Ifetch  0 <-- 
I  Store  5
I  Inv  0 <-- 
I  L1_Replacement  0 <-- 

S  Load  0 <-- 
S  Ifetch  0 <-- 
S  Store  0 <-- 
S  Inv  0 <-- 
S  L1_Replacement  0 <-- 

E  Load  16
E  Ifetch  0 <-- 
E  Store  0 <-- 
E  Inv  0 <-- 
E  L1_Replacement  0 <-- 
E  Fwd_GETX  0 <-- 
E  Fwd_GETS  0 <-- 
E  Fwd_GET_INSTR  0 <-- 

M  Load  4
M  Ifetch  0 <-- 
M  Store  20
M  Inv  0 <-- 
M  L1_Replacement  0 <-- 
M  Fwd_GETX  6
M  Fwd_GETS  0 <-- 
M  Fwd_GET_INSTR  0 <-- 

IS  Load  0 <-- 
IS  Ifetch  0 <-- 
IS  Store  0 <-- 
IS  Inv  0 <-- 
IS  L1_Replacement  0 <-- 
IS  Data_Exclusive  3
IS  DataS_fromL1  0 <-- 
IS  Data_all_Acks  0 <-- 

IM  Load  0 <-- 
IM  Ifetch  0 <-- 
IM  Store  0 <-- 
IM  Inv  0 <-- 
IM  L1_Replacement  0 <-- 
IM  Data  0 <-- 
IM  Data_Exclusive  5
IM  Data_all_Acks  2
IM  Ack  0 <-- 

SM  Load  0 <-- 
SM  Ifetch  0 <-- 
SM  Store  0 <-- 
SM  Inv  0 <-- 
SM  L1_Replacement  0 <-- 
SM  Ack  0 <-- 
SM  Ack_all  0 <-- 

IS_I  Load  0 <-- 
IS_I  Ifetch  0 <-- 
IS_I  Store  0 <-- 
IS_I  Inv  0 <-- 
IS_I  L1_Replacement  0 <-- 
IS_I  Data_Exclusive  0 <-- 
IS_I  DataS_fromL1  0 <-- 
IS_I  Data_all_Acks  0 <-- 

M_I  Load  0 <-- 
M_I  Ifetch  0 <-- 
M_I  Store  0 <-- 
M_I  Inv  0 <-- 
M_I  L1_Replacement  0 <-- 
M_I  Fwd_GETX  0 <-- 
M_I  Fwd_GETS  0 <-- 
M_I  Fwd_GET_INSTR  0 <-- 
M_I  WB_Ack  0 <-- 

E_I  Load  0 <-- 
E_I  Ifetch  0 <-- 
E_I  Store  0 <-- 
E_I  L1_Replacement  0 <-- 

SINK_WB_ACK  Load  0 <-- 
SINK_WB_ACK  Ifetch  0 <-- 
SINK_WB_ACK  Store  0 <-- 
SINK_WB_ACK  Inv  0 <-- 
SINK_WB_ACK  L1_Replacement  0 <-- 
SINK_WB_ACK  WB_Ack  0 <-- 

 --- Directory ---
 - Event Counts -
Fetch  827
Data  0

 - Transitions -
I  Fetch  827
I  Data  0 <-- 


Chip Buffer Stats
----------

MessageBuffer: [Chip 0 0, L1TCache, requestFromL1Cache] stats - msgs:1430 full:0 size:[binsize: 1 max: 7 count: 1430 average: 1.1007 | standard deviation: 0.37968 | 0 1303 121 1 2 1 1 1 ]
MessageBuffer: [Chip 0 1, L1TCache, requestFromL1Cache] stats - msgs:3555814 full:0 size:[binsize: 1 max: 6 count: 3555814 average: 1.00088 | standard deviation: 0.0299238 | 0 3552678 3132 1 1 1 1 ]
MessageBuffer: [Chip 0 2, L1TCache, requestFromL1Cache] stats - msgs:354169 full:0 size:[binsize: 1 max: 4 count: 354169 average: 1.01604 | standard deviation: 0.125902 | 0 348499 5660 9 1 ]
MessageBuffer: [Chip 0 3, L1TCache, requestFromL1Cache] stats - msgs:845802 full:0 size:[binsize: 1 max: 3 count: 845802 average: 1.05526 | standard deviation: 0.231622 | 0 799667 45527 608 ]
MessageBuffer: [Chip 0 4, L1TCache, requestFromL1Cache] stats - msgs:0 full:0 size:[binsize: 1 max: 0 count: 0 average: NaN |standard deviation: NaN | 0 ]
MessageBuffer: [Chip 0 5, L1TCache, requestFromL1Cache] stats - msgs:0 full:0 size:[binsize: 1 max: 0 count: 0 average: NaN |standard deviation: NaN | 0 ]
MessageBuffer: [Chip 0 6, L1TCache, requestFromL1Cache] stats - msgs:0 full:0 size:[binsize: 1 max: 0 count: 0 average: NaN |standard deviation: NaN | 0 ]
MessageBuffer: [Chip 0 7, L1TCache, requestFromL1Cache] stats - msgs:0 full:0 size:[binsize: 1 max: 0 count: 0 average: NaN |standard deviation: NaN | 0 ]
MessageBuffer: [Chip 0 0, L1TCache, responseToL1Cache] stats - msgs:1430 full:0 size:[binsize: 1 max: 2 count: 1430 average: 1.0021 | standard deviation: 0.0458189 | 0 1427 3 ]
MessageBuffer: [Chip 0 1, L1TCache, responseToL1Cache] stats - msgs:3555814 full:0 size:[binsize: 1 max: 2 count: 3555814 average:     1 | standard deviation: 0.00129899 | 0 3555808 6 ]
MessageBuffer: [Chip 0 2, L1TCache, responseToL1Cache] stats - msgs:354169 full:0 size:[binsize: 1 max: 2 count: 354169 average: 1.00065 | standard deviation: 0.0254281 | 0 353940 229 ]
MessageBuffer: [Chip 0 3, L1TCache, responseToL1Cache] stats - msgs:845802 full:0 size:[binsize: 1 max: 2 count: 845802 average: 1.00301 | standard deviation: 0.0547679 | 0 843258 2544 ]
MessageBuffer: [Chip 0 4, L1TCache, responseToL1Cache] stats - msgs:0 full:0 size:[binsize: 1 max: 0 count: 0 average: NaN |standard deviation: NaN | 0 ]
MessageBuffer: [Chip 0 5, L1TCache, responseToL1Cache] stats - msgs:0 full:0 size:[binsize: 1 max: 0 count: 0 average: NaN |standard deviation: NaN | 0 ]
MessageBuffer: [Chip 0 6, L1TCache, responseToL1Cache] stats - msgs:0 full:0 size:[binsize: 1 max: 0 count: 0 average: NaN |standard deviation: NaN | 0 ]
MessageBuffer: [Chip 0 7, L1TCache, responseToL1Cache] stats - msgs:0 full:0 size:[binsize: 1 max: 0 count: 0 average: NaN |standard deviation: NaN | 0 ]
MessageBuffer: [Chip 0 0, L2TCache, responseFromL2Cache] stats - msgs:4730802 full:0 size:[binsize: 1 max: 4 count: 4730802 average: 1.1935 | standard deviation: 0.397264 | 0 3819539 907152 4083 28 ]
MessageBuffer: [Chip 0 1, L2TCache, responseFromL2Cache] stats - msgs:26393 full:0 size:[binsize: 1 max: 3 count: 26393 average: 1.00421 | standard deviation: 0.0654339 | 0 26283 109 1 ]
MessageBuffer: [Chip 0 2, L2TCache, responseFromL2Cache] stats - msgs:0 full:0 size:[binsize: 1 max: 0 count: 0 average: NaN |standard deviation: NaN | 0 ]
MessageBuffer: [Chip 0 3, L2TCache, responseFromL2Cache] stats - msgs:20 full:0 size:[binsize: 1 max: 2 count: 20 average:   1.2 | standard deviation: 0.458831 | 0 16 4 ]
MessageBuffer: [Chip 0 0, L2TCache, L1RequestToL2Cache] stats - msgs:4730802 full:0 size:[binsize: 1 max: 3 count: 4730802 average: 1.00209 | standard deviation: 0.0456208 | 0 4720939 9862 1 ]
MessageBuffer: [Chip 0 1, L2TCache, L1RequestToL2Cache] stats - msgs:26393 full:0 size:[binsize: 1 max: 2 count: 26393 average: 1.00197 | standard deviation: 0.044388 | 0 26341 52 ]
MessageBuffer: [Chip 0 2, L2TCache, L1RequestToL2Cache] stats - msgs:0 full:0 size:[binsize: 1 max: 0 count: 0 average: NaN |standard deviation: NaN | 0 ]
MessageBuffer: [Chip 0 3, L2TCache, L1RequestToL2Cache] stats - msgs:20 full:0 size:[binsize: 1 max: 2 count: 20 average:  1.05 | standard deviation: 0.229416 | 0 19 1 ]
MessageBuffer: [Chip 0 0, L2TCache, requestFromL2TCache] stats - msgs:563 full:0 size:[binsize: 1 max: 1 count: 563 average:     1 | standard deviation: 0 | 0 563 ]
MessageBuffer: [Chip 0 1, L2TCache, requestFromL2TCache] stats - msgs:263 full:0 size:[binsize: 1 max: 3 count: 263 average: 1.01901 | standard deviation: 0.185341 | 0 260 1 2 ]
MessageBuffer: [Chip 0 2, L2TCache, requestFromL2TCache] stats - msgs:0 full:0 size:[binsize: 1 max: 0 count: 0 average: NaN |standard deviation: NaN | 0 ]
MessageBuffer: [Chip 0 3, L2TCache, requestFromL2TCache] stats - msgs:6 full:0 size:[binsize: 1 max: 2 count: 6 average: 1.33333 | standard deviation: 0.632456 | 0 4 2 ]
MessageBuffer: [Chip 0 0, L2TCache, responseFromL2TCache] stats - msgs:2 full:0 size:[binsize: 1 max: 2 count: 2 average:   1.5 | standard deviation: 1 | 0 1 1 ]
MessageBuffer: [Chip 0 1, L2TCache, responseFromL2TCache] stats - msgs:1 full:0 size:[binsize: 1 max: 1 count: 1 average:     1 | standard deviation: 0 | 0 1 ]
MessageBuffer: [Chip 0 2, L2TCache, responseFromL2TCache] stats - msgs:0 full:0 size:[binsize: 1 max: 0 count: 0 average: NaN |standard deviation: NaN | 0 ]
MessageBuffer: [Chip 0 3, L2TCache, responseFromL2TCache] stats - msgs:0 full:0 size:[binsize: 1 max: 0 count: 0 average: NaN |standard deviation: NaN | 0 ]
MessageBuffer: [Chip 0 0, L2TCache, unblockFromL2TCache] stats - msgs:560 full:0 size:[binsize: 1 max: 1 count: 560 average:     1 | standard deviation: 0 | 0 560 ]
MessageBuffer: [Chip 0 1, L2TCache, unblockFromL2TCache] stats - msgs:263 full:0 size:[binsize: 1 max: 2 count: 263 average: 1.0038 | standard deviation: 0.0617802 | 0 262 1 ]
MessageBuffer: [Chip 0 2, L2TCache, unblockFromL2TCache] stats - msgs:0 full:0 size:[binsize: 1 max: 0 count: 0 average: NaN |standard deviation: NaN | 0 ]
MessageBuffer: [Chip 0 3, L2TCache, unblockFromL2TCache] stats - msgs:6 full:0 size:[binsize: 1 max: 1 count: 6 average:     1 | standard deviation: 0 | 0 6 ]
MessageBuffer: [Chip 0 0, L2TCache, requestToL2TCache] stats - msgs:5 full:0 size:[binsize: 1 max: 1 count: 5 average:     1 | standard deviation: 0 | 0 5 ]
MessageBuffer: [Chip 0 1, L2TCache, requestToL2TCache] stats - msgs:1 full:0 size:[binsize: 1 max: 1 count: 1 average:     1 | standard deviation: 0 | 0 1 ]
MessageBuffer: [Chip 0 2, L2TCache, requestToL2TCache] stats - msgs:0 full:0 size:[binsize: 1 max: 0 count: 0 average: NaN |standard deviation: NaN | 0 ]
MessageBuffer: [Chip 0 3, L2TCache, requestToL2TCache] stats - msgs:0 full:0 size:[binsize: 1 max: 0 count: 0 average: NaN |standard deviation: NaN | 0 ]
MessageBuffer: [Chip 0 0, L2TCache, responseToL2TCache] stats - msgs:565 full:0 size:[binsize: 1 max: 1 count: 565 average:     1 | standard deviation: 0 | 0 565 ]
MessageBuffer: [Chip 0 1, L2TCache, responseToL2TCache] stats - msgs:264 full:0 size:[binsize: 1 max: 1 count: 264 average:     1 | standard deviation: 0 | 0 264 ]
MessageBuffer: [Chip 0 2, L2TCache, responseToL2TCache] stats - msgs:0 full:0 size:[binsize: 1 max: 0 count: 0 average: NaN |standard deviation: NaN | 0 ]
MessageBuffer: [Chip 0 3, L2TCache, responseToL2TCache] stats - msgs:6 full:0 size:[binsize: 1 max: 1 count: 6 average:     1 | standard deviation: 0 | 0 6 ]
MessageBuffer: [Chip 0 0, L2Cache, DirRequestFromL2Cache] stats - msgs:556 full:0 size:[binsize: 1 max: 2 count: 556 average: 1.0018 | standard deviation: 0.0424476 | 0 555 1 ]
MessageBuffer: [Chip 0 1, L2Cache, DirRequestFromL2Cache] stats - msgs:265 full:0 size:[binsize: 1 max: 3 count: 265 average: 1.02642 | standard deviation: 0.204124 | 0 260 3 2 ]
MessageBuffer: [Chip 0 2, L2Cache, DirRequestFromL2Cache] stats - msgs:0 full:0 size:[binsize: 1 max: 0 count: 0 average: NaN |standard deviation: NaN | 0 ]
MessageBuffer: [Chip 0 3, L2Cache, DirRequestFromL2Cache] stats - msgs:6 full:0 size:[binsize: 1 max: 2 count: 6 average: 1.16667 | standard deviation: 0.447214 | 0 5 1 ]
MessageBuffer: [Chip 0 0, L2Cache, L1RequestFromL2Cache] stats - msgs:11 full:0 size:[binsize: 1 max: 1 count: 11 average:     1 | standard deviation: 0 | 0 11 ]
MessageBuffer: [Chip 0 1, L2Cache, L1RequestFromL2Cache] stats - msgs:1 full:0 size:[binsize: 1 max: 1 count: 1 average:     1 | standard deviation: 0 | 0 1 ]
MessageBuffer: [Chip 0 2, L2Cache, L1RequestFromL2Cache] stats - msgs:0 full:0 size:[binsize: 1 max: 0 count: 0 average: NaN |standard deviation: NaN | 0 ]
MessageBuffer: [Chip 0 3, L2Cache, L1RequestFromL2Cache] stats - msgs:0 full:0 size:[binsize: 1 max: 0 count: 0 average: NaN |standard deviation: NaN | 0 ]
MessageBuffer: [Chip 0 0, L2Cache, responseFromL2Cache] stats - msgs:566 full:0 size:[binsize: 1 max: 3 count: 566 average: 1.0159 | standard deviation: 0.139531 | 0 558 7 1 ]
MessageBuffer: [Chip 0 1, L2Cache, responseFromL2Cache] stats - msgs:267 full:0 size:[binsize: 1 max: 2 count: 267 average: 1.03745 | standard deviation: 0.193892 | 0 257 10 ]
MessageBuffer: [Chip 0 2, L2Cache, responseFromL2Cache] stats - msgs:0 full:0 size:[binsize: 1 max: 0 count: 0 average: NaN |standard deviation: NaN | 0 ]
MessageBuffer: [Chip 0 3, L2Cache, responseFromL2Cache] stats - msgs:6 full:0 size:[binsize: 1 max: 2 count: 6 average: 1.16667 | standard deviation: 0.447214 | 0 5 1 ]
MessageBuffer: [Chip 0 0, L2Cache, unblockToL2Cache] stats - msgs:566 full:0 size:[binsize: 1 max: 1 count: 566 average:     1 | standard deviation: 0 | 0 566 ]
MessageBuffer: [Chip 0 1, L2Cache, unblockToL2Cache] stats - msgs:266 full:0 size:[binsize: 1 max: 1 count: 266 average:     1 | standard deviation: 0 | 0 266 ]
MessageBuffer: [Chip 0 2, L2Cache, unblockToL2Cache] stats - msgs:0 full:0 size:[binsize: 1 max: 0 count: 0 average: NaN |standard deviation: NaN | 0 ]
MessageBuffer: [Chip 0 3, L2Cache, unblockToL2Cache] stats - msgs:6 full:0 size:[binsize: 1 max: 1 count: 6 average:     1 | standard deviation: 0 | 0 6 ]
MessageBuffer: [Chip 0 0, L2Cache, L1RequestToL2Cache] stats - msgs:570 full:0 size:[binsize: 1 max: 1 count: 570 average:     1 | standard deviation: 0 | 0 570 ]
MessageBuffer: [Chip 0 1, L2Cache, L1RequestToL2Cache] stats - msgs:266 full:0 size:[binsize: 1 max: 1 count: 266 average:     1 | standard deviation: 0 | 0 266 ]
MessageBuffer: [Chip 0 2, L2Cache, L1RequestToL2Cache] stats - msgs:0 full:0 size:[binsize: 1 max: 0 count: 0 average: NaN |standard deviation: NaN | 0 ]
MessageBuffer: [Chip 0 3, L2Cache, L1RequestToL2Cache] stats - msgs:6 full:0 size:[binsize: 1 max: 1 count: 6 average:     1 | standard deviation: 0 | 0 6 ]
MessageBuffer: [Chip 0 0, L2Cache, responseToL2Cache] stats - msgs:558 full:0 size:[binsize: 1 max: 1 count: 558 average:     1 | standard deviation: 0 | 0 558 ]
MessageBuffer: [Chip 0 1, L2Cache, responseToL2Cache] stats - msgs:266 full:0 size:[binsize: 1 max: 1 count: 266 average:     1 | standard deviation: 0 | 0 266 ]
MessageBuffer: [Chip 0 2, L2Cache, responseToL2Cache] stats - msgs:0 full:0 size:[binsize: 1 max: 0 count: 0 average: NaN |standard deviation: NaN | 0 ]
MessageBuffer: [Chip 0 3, L2Cache, responseToL2Cache] stats - msgs:6 full:0 size:[binsize: 1 max: 1 count: 6 average:     1 | standard deviation: 0 | 0 6 ]
MessageBuffer: [Chip 0 0, L1Cache, requestFromL1Cache] stats - msgs:10 full:0 size:[binsize: 1 max: 2 count: 10 average:   1.2 | standard deviation: 0.471405 | 0 8 2 ]
MessageBuffer: [Chip 0 1, L1Cache, requestFromL1Cache] stats - msgs:0 full:0 size:[binsize: 1 max: 0 count: 0 average: NaN |standard deviation: NaN | 0 ]
MessageBuffer: [Chip 0 2, L1Cache, requestFromL1Cache] stats - msgs:0 full:0 size:[binsize: 1 max: 0 count: 0 average: NaN |standard deviation: NaN | 0 ]
MessageBuffer: [Chip 0 3, L1Cache, requestFromL1Cache] stats - msgs:0 full:0 size:[binsize: 1 max: 0 count: 0 average: NaN |standard deviation: NaN | 0 ]
MessageBuffer: [Chip 0 4, L1Cache, requestFromL1Cache] stats - msgs:0 full:0 size:[binsize: 1 max: 0 count: 0 average: NaN |standard deviation: NaN | 0 ]
MessageBuffer: [Chip 0 5, L1Cache, requestFromL1Cache] stats - msgs:0 full:0 size:[binsize: 1 max: 0 count: 0 average: NaN |standard deviation: NaN | 0 ]
MessageBuffer: [Chip 0 6, L1Cache, requestFromL1Cache] stats - msgs:0 full:0 size:[binsize: 1 max: 0 count: 0 average: NaN |standard deviation: NaN | 0 ]
MessageBuffer: [Chip 0 7, L1Cache, requestFromL1Cache] stats - msgs:0 full:0 size:[binsize: 1 max: 0 count: 0 average: NaN |standard deviation: NaN | 0 ]
MessageBuffer: [Chip 0 0, L1Cache, responseFromL1Cache] stats - msgs:6 full:0 size:[binsize: 1 max: 1 count: 6 average:     1 | standard deviation: 0 | 0 6 ]
MessageBuffer: [Chip 0 1, L1Cache, responseFromL1Cache] stats - msgs:0 full:0 size:[binsize: 1 max: 0 count: 0 average: NaN |standard deviation: NaN | 0 ]
MessageBuffer: [Chip 0 2, L1Cache, responseFromL1Cache] stats - msgs:0 full:0 size:[binsize: 1 max: 0 count: 0 average: NaN |standard deviation: NaN | 0 ]
MessageBuffer: [Chip 0 3, L1Cache, responseFromL1Cache] stats - msgs:0 full:0 size:[binsize: 1 max: 0 count: 0 average: NaN |standard deviation: NaN | 0 ]
MessageBuffer: [Chip 0 4, L1Cache, responseFromL1Cache] stats - msgs:0 full:0 size:[binsize: 1 max: 0 count: 0 average: NaN |standard deviation: NaN | 0 ]
MessageBuffer: [Chip 0 5, L1Cache, responseFromL1Cache] stats - msgs:0 full:0 size:[binsize: 1 max: 0 count: 0 average: NaN |standard deviation: NaN | 0 ]
MessageBuffer: [Chip 0 6, L1Cache, responseFromL1Cache] stats - msgs:0 full:0 size:[binsize: 1 max: 0 count: 0 average: NaN |standard deviation: NaN | 0 ]
MessageBuffer: [Chip 0 7, L1Cache, responseFromL1Cache] stats - msgs:0 full:0 size:[binsize: 1 max: 0 count: 0 average: NaN |standard deviation: NaN | 0 ]
MessageBuffer: [Chip 0 0, L1Cache, unblockFromL1Cache] stats - msgs:10 full:0 size:[binsize: 1 max: 1 count: 10 average:     1 | standard deviation: 0 | 0 10 ]
MessageBuffer: [Chip 0 1, L1Cache, unblockFromL1Cache] stats - msgs:0 full:0 size:[binsize: 1 max: 0 count: 0 average: NaN |standard deviation: NaN | 0 ]
MessageBuffer: [Chip 0 2, L1Cache, unblockFromL1Cache] stats - msgs:0 full:0 size:[binsize: 1 max: 0 count: 0 average: NaN |standard deviation: NaN | 0 ]
MessageBuffer: [Chip 0 3, L1Cache, unblockFromL1Cache] stats - msgs:0 full:0 size:[binsize: 1 max: 0 count: 0 average: NaN |standard deviation: NaN | 0 ]
MessageBuffer: [Chip 0 4, L1Cache, unblockFromL1Cache] stats - msgs:0 full:0 size:[binsize: 1 max: 0 count: 0 average: NaN |standard deviation: NaN | 0 ]
MessageBuffer: [Chip 0 5, L1Cache, unblockFromL1Cache] stats - msgs:0 full:0 size:[binsize: 1 max: 0 count: 0 average: NaN |standard deviation: NaN | 0 ]
MessageBuffer: [Chip 0 6, L1Cache, unblockFromL1Cache] stats - msgs:0 full:0 size:[binsize: 1 max: 0 count: 0 average: NaN |standard deviation: NaN | 0 ]
MessageBuffer: [Chip 0 7, L1Cache, unblockFromL1Cache] stats - msgs:0 full:0 size:[binsize: 1 max: 0 count: 0 average: NaN |standard deviation: NaN | 0 ]
MessageBuffer: [Chip 0 0, L1Cache, requestToL1Cache] stats - msgs:6 full:0 size:[binsize: 1 max: 1 count: 6 average:     1 | standard deviation: 0 | 0 6 ]
MessageBuffer: [Chip 0 1, L1Cache, requestToL1Cache] stats - msgs:0 full:0 size:[binsize: 1 max: 0 count: 0 average: NaN |standard deviation: NaN | 0 ]
MessageBuffer: [Chip 0 2, L1Cache, requestToL1Cache] stats - msgs:0 full:0 size:[binsize: 1 max: 0 count: 0 average: NaN |standard deviation: NaN | 0 ]
MessageBuffer: [Chip 0 3, L1Cache, requestToL1Cache] stats - msgs:0 full:0 size:[binsize: 1 max: 0 count: 0 average: NaN |standard deviation: NaN | 0 ]
MessageBuffer: [Chip 0 4, L1Cache, requestToL1Cache] stats - msgs:0 full:0 size:[binsize: 1 max: 0 count: 0 average: NaN |standard deviation: NaN | 0 ]
MessageBuffer: [Chip 0 5, L1Cache, requestToL1Cache] stats - msgs:0 full:0 size:[binsize: 1 max: 0 count: 0 average: NaN |standard deviation: NaN | 0 ]
MessageBuffer: [Chip 0 6, L1Cache, requestToL1Cache] stats - msgs:0 full:0 size:[binsize: 1 max: 0 count: 0 average: NaN |standard deviation: NaN | 0 ]
MessageBuffer: [Chip 0 7, L1Cache, requestToL1Cache] stats - msgs:0 full:0 size:[binsize: 1 max: 0 count: 0 average: NaN |standard deviation: NaN | 0 ]
MessageBuffer: [Chip 0 0, L1Cache, responseToL1Cache] stats - msgs:10 full:0 size:[binsize: 1 max: 1 count: 10 average:     1 | standard deviation: 0 | 0 10 ]
MessageBuffer: [Chip 0 1, L1Cache, responseToL1Cache] stats - msgs:0 full:0 size:[binsize: 1 max: 0 count: 0 average: NaN |standard deviation: NaN | 0 ]
MessageBuffer: [Chip 0 2, L1Cache, responseToL1Cache] stats - msgs:0 full:0 size:[binsize: 1 max: 0 count: 0 average: NaN |standard deviation: NaN | 0 ]
MessageBuffer: [Chip 0 3, L1Cache, responseToL1Cache] stats - msgs:0 full:0 size:[binsize: 1 max: 0 count: 0 average: NaN |standard deviation: NaN | 0 ]
MessageBuffer: [Chip 0 4, L1Cache, responseToL1Cache] stats - msgs:0 full:0 size:[binsize: 1 max: 0 count: 0 average: NaN |standard deviation: NaN | 0 ]
MessageBuffer: [Chip 0 5, L1Cache, responseToL1Cache] stats - msgs:0 full:0 size:[binsize: 1 max: 0 count: 0 average: NaN |standard deviation: NaN | 0 ]
MessageBuffer: [Chip 0 6, L1Cache, responseToL1Cache] stats - msgs:0 full:0 size:[binsize: 1 max: 0 count: 0 average: NaN |standard deviation: NaN | 0 ]
MessageBuffer: [Chip 0 7, L1Cache, responseToL1Cache] stats - msgs:0 full:0 size:[binsize: 1 max: 0 count: 0 average: NaN |standard deviation: NaN | 0 ]
MessageBuffer: [Chip 0 0, Directory, requestToDir] stats - msgs:206 full:0 size:[binsize: 1 max: 1 count: 206 average:     1 | standard deviation: 0 | 0 206 ]
MessageBuffer: [Chip 0 1, Directory, requestToDir] stats - msgs:217 full:0 size:[binsize: 1 max: 1 count: 217 average:     1 | standard deviation: 0 | 0 217 ]
MessageBuffer: [Chip 0 2, Directory, requestToDir] stats - msgs:203 full:0 size:[binsize: 1 max: 1 count: 203 average:     1 | standard deviation: 0 | 0 203 ]
MessageBuffer: [Chip 0 3, Directory, requestToDir] stats - msgs:201 full:0 size:[binsize: 1 max: 1 count: 201 average:     1 | standard deviation: 0 | 0 201 ]
MessageBuffer: [Chip 0 0, Directory, responseToDir] stats - msgs:0 full:0 size:[binsize: 1 max: 0 count: 0 average: NaN |standard deviation: NaN | 0 ]
MessageBuffer: [Chip 0 1, Directory, responseToDir] stats - msgs:0 full:0 size:[binsize: 1 max: 0 count: 0 average: NaN |standard deviation: NaN | 0 ]
MessageBuffer: [Chip 0 2, Directory, responseToDir] stats - msgs:0 full:0 size:[binsize: 1 max: 0 count: 0 average: NaN |standard deviation: NaN | 0 ]
MessageBuffer: [Chip 0 3, Directory, responseToDir] stats - msgs:0 full:0 size:[binsize: 1 max: 0 count: 0 average: NaN |standard deviation: NaN | 0 ]
MessageBuffer: [Chip 0 0, Directory, responseFromDir] stats - msgs:206 full:0 size:[binsize: 1 max: 2 count: 206 average: 1.0534 | standard deviation: 0.231643 | 0 195 11 ]
MessageBuffer: [Chip 0 1, Directory, responseFromDir] stats - msgs:217 full:0 size:[binsize: 1 max: 3 count: 217 average: 1.07834 | standard deviation: 0.288675 | 0 201 15 1 ]
MessageBuffer: [Chip 0 2, Directory, responseFromDir] stats - msgs:203 full:0 size:[binsize: 1 max: 3 count: 203 average: 1.06897 | standard deviation: 0.281439 | 0 190 12 1 ]
MessageBuffer: [Chip 0 3, Directory, responseFromDir] stats - msgs:201 full:0 size:[binsize: 1 max: 2 count: 201 average: 1.04975 | standard deviation: 0.223607 | 0 191 10 ]
