####################################################################################################
Interval
####################################################################################################

DISPATCHED_INST                                           6814496                       6814496

DISPATCH_WAIT                                           169303045                       24.8445

NUM_NO_FETCH_CYCLES                                             0                             0

AVG_CORE_IDLE_CYCLE                                             0                             0

NUM_SAMPLES_CORE_0                                        2602931                       2602931

NUM_ACTIVE_BLOCKS_CORE_0                                        0                             0

NUM_ACTIVE_THREADS_CORE_0                                 2602930                             1

NUM_SCHED_IDLE_CYCLE_CORE_0                                  2019                          2019

NUM_NO_SCHED_CYCLE_CORE_0                                       0                             0

CORE_DISPATCHED_INST_CORE_0                                  7709                          7709

CORE_DISPATCH_WAIT_CORE_0                                  189070                       24.5259

CORE_CYCLES_CORE_0                                              0                             0

CORE_SCHED_THREADS_CORE_0                                       0                           NaN

CORE_NUM_NO_FETCH_CYCLES_CORE_0                                 0                             0

CORE_NUM_NO_FETCH_CYCLES_WITH_READY_THREADS_CORE_0                   0                             0

CORE_NUM_FETCH_CYCLES_CORE_0                                    0                             0

CORE_FETCH_DELTA_CORE_0                                         0                           NaN

CORE_NUM_RETIRE_CYCLES_CORE_0                                   0                             0

CORE_RETIRE_DELTA_CORE_0                                        0                           NaN

SCHED_FAILED_REASON_SUCCESS_CORE_0                          44904                       49.3977%
SCHED_FAILED_OPERANDS_NOT_READY_CORE_0                      32912                       36.2056%
SCHED_FAILED_NO_PORTS_CORE_0                                13087                       14.3967%
                                                            90903                           100%

NUM_SAMPLES_CORE_1                                        2587764                       2587764

NUM_ACTIVE_BLOCKS_CORE_1                                        0                             0

NUM_ACTIVE_THREADS_CORE_1                                 2587763                             1

NUM_SCHED_IDLE_CYCLE_CORE_1                                337642                        337642

NUM_NO_SCHED_CYCLE_CORE_1                                       0                             0

CORE_DISPATCHED_INST_CORE_1                                 73907                         73907

CORE_DISPATCH_WAIT_CORE_1                                 6098354                       82.5139

CORE_CYCLES_CORE_1                                              0                             0

CORE_SCHED_THREADS_CORE_1                                       0                           NaN

CORE_NUM_NO_FETCH_CYCLES_CORE_1                                 0                             0

CORE_NUM_NO_FETCH_CYCLES_WITH_READY_THREADS_CORE_1                   0                             0

CORE_NUM_FETCH_CYCLES_CORE_1                                    0                             0

CORE_FETCH_DELTA_CORE_1                                         0                           NaN

CORE_NUM_RETIRE_CYCLES_CORE_1                                   0                             0

CORE_RETIRE_DELTA_CORE_1                                        0                           NaN

SCHED_FAILED_REASON_SUCCESS_CORE_1                         105517                       1.75313%
SCHED_FAILED_OPERANDS_NOT_READY_CORE_1                    5913255                       98.2469%
SCHED_FAILED_NO_PORTS_CORE_1                                    0                             0%
                                                          6018772                           100%

NUM_SAMPLES_CORE_2                                        2587572                       2587572

NUM_ACTIVE_BLOCKS_CORE_2                                        0                             0

NUM_ACTIVE_THREADS_CORE_2                                 2587572                             1

NUM_SCHED_IDLE_CYCLE_CORE_2                                  2791                          2791

NUM_NO_SCHED_CYCLE_CORE_2                                       0                             0

CORE_DISPATCHED_INST_CORE_2                               1857309                       1857309

CORE_DISPATCH_WAIT_CORE_2                                41197502                       22.1813

CORE_CYCLES_CORE_2                                              0                             0

CORE_SCHED_THREADS_CORE_2                                       0                           NaN

CORE_NUM_NO_FETCH_CYCLES_CORE_2                                 0                             0

CORE_NUM_NO_FETCH_CYCLES_WITH_READY_THREADS_CORE_2                   0                             0

CORE_NUM_FETCH_CYCLES_CORE_2                                    0                             0

CORE_FETCH_DELTA_CORE_2                                         0                           NaN

CORE_NUM_RETIRE_CYCLES_CORE_2                                   0                             0

CORE_RETIRE_DELTA_CORE_2                                        0                           NaN

SCHED_FAILED_REASON_SUCCESS_CORE_2                        3675725                       9.34496%
SCHED_FAILED_OPERANDS_NOT_READY_CORE_2                   35652008                       90.6397%
SCHED_FAILED_NO_PORTS_CORE_2                                 6014                     0.0152897%
                                                         39333747                           100%

NUM_SAMPLES_CORE_3                                        2587572                       2587572

NUM_ACTIVE_BLOCKS_CORE_3                                        0                             0

NUM_ACTIVE_THREADS_CORE_3                                 2587572                             1

NUM_SCHED_IDLE_CYCLE_CORE_3                                  1812                          1812

NUM_NO_SCHED_CYCLE_CORE_3                                       0                             0

CORE_DISPATCHED_INST_CORE_3                                549341                        549341

CORE_DISPATCH_WAIT_CORE_3                                13181140                       23.9945

CORE_CYCLES_CORE_3                                              0                             0

CORE_SCHED_THREADS_CORE_3                                       0                           NaN

CORE_NUM_NO_FETCH_CYCLES_CORE_3                                 0                             0

CORE_NUM_NO_FETCH_CYCLES_WITH_READY_THREADS_CORE_3                   0                             0

CORE_NUM_FETCH_CYCLES_CORE_3                                    0                             0

CORE_FETCH_DELTA_CORE_3                                         0                           NaN

CORE_NUM_RETIRE_CYCLES_CORE_3                                   0                             0

CORE_RETIRE_DELTA_CORE_3                                        0                           NaN

SCHED_FAILED_REASON_SUCCESS_CORE_3                        1088352                       8.61597%
SCHED_FAILED_OPERANDS_NOT_READY_CORE_3                   11543447                        91.384%
SCHED_FAILED_NO_PORTS_CORE_3                                    0                             0%
                                                         12631799                           100%

NUM_SAMPLES_CORE_4                                        2587572                       2587572

NUM_ACTIVE_BLOCKS_CORE_4                                        0                             0

NUM_ACTIVE_THREADS_CORE_4                                 2587572                             1

NUM_SCHED_IDLE_CYCLE_CORE_4                                  2333                          2333

NUM_NO_SCHED_CYCLE_CORE_4                                       0                             0

CORE_DISPATCHED_INST_CORE_4                               1936798                       1936798

CORE_DISPATCH_WAIT_CORE_4                                33284804                       17.1855

CORE_CYCLES_CORE_4                                              0                             0

CORE_SCHED_THREADS_CORE_4                                       0                           NaN

CORE_NUM_NO_FETCH_CYCLES_CORE_4                                 0                             0

CORE_NUM_NO_FETCH_CYCLES_WITH_READY_THREADS_CORE_4                   0                             0

CORE_NUM_FETCH_CYCLES_CORE_4                                    0                             0

CORE_FETCH_DELTA_CORE_4                                         0                           NaN

CORE_NUM_RETIRE_CYCLES_CORE_4                                   0                             0

CORE_RETIRE_DELTA_CORE_4                                        0                           NaN

SCHED_FAILED_REASON_SUCCESS_CORE_4                        4039146                        12.885%
SCHED_FAILED_OPERANDS_NOT_READY_CORE_4                   27308356                       87.1143%
SCHED_FAILED_NO_PORTS_CORE_4                                  248                   0.000791125%
                                                         31347750                           100%

NUM_SAMPLES_CORE_5                                        2587572                       2587572

NUM_ACTIVE_BLOCKS_CORE_5                                        0                             0

NUM_ACTIVE_THREADS_CORE_5                                 2587572                             1

NUM_SCHED_IDLE_CYCLE_CORE_5                                   975                           975

NUM_NO_SCHED_CYCLE_CORE_5                                       0                             0

CORE_DISPATCHED_INST_CORE_5                                588189                        588189

CORE_DISPATCH_WAIT_CORE_5                                24127569                       41.0201

CORE_CYCLES_CORE_5                                              0                             0

CORE_SCHED_THREADS_CORE_5                                       0                           NaN

CORE_NUM_NO_FETCH_CYCLES_CORE_5                                 0                             0

CORE_NUM_NO_FETCH_CYCLES_WITH_READY_THREADS_CORE_5                   0                             0

CORE_NUM_FETCH_CYCLES_CORE_5                                    0                             0

CORE_FETCH_DELTA_CORE_5                                         0                           NaN

CORE_NUM_RETIRE_CYCLES_CORE_5                                   0                             0

CORE_RETIRE_DELTA_CORE_5                                        0                           NaN

SCHED_FAILED_REASON_SUCCESS_CORE_5                        1273407                       5.40969%
SCHED_FAILED_OPERANDS_NOT_READY_CORE_5                   22265973                       94.5903%
SCHED_FAILED_NO_PORTS_CORE_5                                    0                             0%
                                                         23539380                           100%

NUM_SAMPLES_CORE_6                                        2587572                       2587572

NUM_ACTIVE_BLOCKS_CORE_6                                        0                             0

NUM_ACTIVE_THREADS_CORE_6                                 2587572                             1

NUM_SCHED_IDLE_CYCLE_CORE_6                                   973                           973

NUM_NO_SCHED_CYCLE_CORE_6                                       0                             0

CORE_DISPATCHED_INST_CORE_6                                588191                        588191

CORE_DISPATCH_WAIT_CORE_6                                24163926                       41.0818

CORE_CYCLES_CORE_6                                              0                             0

CORE_SCHED_THREADS_CORE_6                                       0                           NaN

CORE_NUM_NO_FETCH_CYCLES_CORE_6                                 0                             0

CORE_NUM_NO_FETCH_CYCLES_WITH_READY_THREADS_CORE_6                   0                             0

CORE_NUM_FETCH_CYCLES_CORE_6                                    0                             0

CORE_FETCH_DELTA_CORE_6                                         0                           NaN

CORE_NUM_RETIRE_CYCLES_CORE_6                                   0                             0

CORE_RETIRE_DELTA_CORE_6                                        0                           NaN

SCHED_FAILED_REASON_SUCCESS_CORE_6                        1294449                        5.4906%
SCHED_FAILED_OPERANDS_NOT_READY_CORE_6                   22281286                       94.5094%
SCHED_FAILED_NO_PORTS_CORE_6                                    0                             0%
                                                         23575735                           100%

NUM_SAMPLES_CORE_7                                        2587572                       2587572

NUM_ACTIVE_BLOCKS_CORE_7                                        0                             0

NUM_ACTIVE_THREADS_CORE_7                                 2587572                             1

NUM_SCHED_IDLE_CYCLE_CORE_7                                  2389                          2389

NUM_NO_SCHED_CYCLE_CORE_7                                       0                             0

CORE_DISPATCHED_INST_CORE_7                               1213052                       1213052

CORE_DISPATCH_WAIT_CORE_7                                27060680                       22.3079

CORE_CYCLES_CORE_7                                              0                             0

CORE_SCHED_THREADS_CORE_7                                       0                           NaN

CORE_NUM_NO_FETCH_CYCLES_CORE_7                                 0                             0

CORE_NUM_NO_FETCH_CYCLES_WITH_READY_THREADS_CORE_7                   0                             0

CORE_NUM_FETCH_CYCLES_CORE_7                                    0                             0

CORE_FETCH_DELTA_CORE_7                                         0                           NaN

CORE_NUM_RETIRE_CYCLES_CORE_7                                   0                             0

CORE_RETIRE_DELTA_CORE_7                                        0                           NaN

SCHED_FAILED_REASON_SUCCESS_CORE_7                        2106525                       8.14978%
SCHED_FAILED_OPERANDS_NOT_READY_CORE_7                   23741103                       91.8502%
SCHED_FAILED_NO_PORTS_CORE_7                                    0                             0%
                                                         25847628                           100%

