####################################################################################################
Interval
####################################################################################################

FP_OPS_TOT                                                  30720                         30720

FP_OPS_CORE_0                                                   0                             0

OP_CAT_INVALID_CORE_0                                           0                             0%
OP_CAT_3DNOW_CORE_0                                             0                             0%
OP_CAT_AES_CORE_0                                               0                             0%
OP_CAT_BASE_CORE_0                                              0                             0%
OP_CAT_BINARY_CORE_0                                          256                       3.84673%
OP_CAT_BITBYTE_CORE_0                                           0                             0%
OP_CAT_CALL_CORE_0                                              0                             0%
OP_CAT_CMOV_CORE_0                                            255                       3.83171%
OP_CAT_COND_BR_CORE_0                                           0                             0%
OP_CAT_DATAXFER_CORE_0                                          0                             0%
OP_CAT_DECIMAL_CORE_0                                           0                             0%
OP_CAT_FCMOV_CORE_0                                          5248                        78.858%
OP_CAT_FLAGOP_CORE_0                                            0                             0%
OP_CAT_INTERRUPT_CORE_0                                         0                             0%
OP_CAT_IO_CORE_0                                                0                             0%
OP_CAT_IOSTRINGOP_CORE_0                                        0                             0%
OP_CAT_LOGICAL_CORE_0                                           0                             0%
OP_CAT_MISC_CORE_0                                              0                             0%
OP_CAT_MMX_CORE_0                                               0                             0%
OP_CAT_NOP_CORE_0                                             224                       3.36589%
OP_CAT_PCLMULQDQ_CORE_0                                         0                             0%
OP_CAT_POP_CORE_0                                               0                             0%
OP_CAT_PREFETCH_CORE_0                                          0                             0%
OP_CAT_PUSH_CORE_0                                            128                       1.92337%
OP_CAT_RET_CORE_0                                               0                             0%
OP_CAT_ROTATE_CORE_0                                          128                       1.92337%
OP_CAT_SEGOP_CORE_0                                           192                       2.88505%
OP_CAT_SEMAPHORE_CORE_0                                         0                             0%
OP_CAT_SHIFT_CORE_0                                             0                             0%
OP_CAT_SSE_CORE_0                                               0                             0%
OP_CAT_SSE5_CORE_0                                              0                             0%
OP_CAT_STRINGOP_CORE_0                                          0                             0%
OP_CAT_SYSCALL_CORE_0                                           0                             0%
OP_CAT_SYSRET_CORE_0                                            0                             0%
OP_CAT_SYSTEM_CORE_0                                            0                             0%
OP_CAT_UNCOND_BR_CORE_0                                         0                             0%
OP_CAT_VTX_CORE_0                                               0                             0%
OP_CAT_WIDENOP_CORE_0                                          32                      0.480841%
OP_CAT_X87_ALU_CORE_0                                           0                             0%
OP_CAT_XSAVE_CORE_0                                             0                             0%
OP_CAT_TR_MUL_CORE_0                                            0                             0%
OP_CAT_TR_DIV_CORE_0                                            0                             0%
OP_CAT_TR_FMUL_CORE_0                                           0                             0%
OP_CAT_TR_FDIV_CORE_0                                           0                             0%
OP_CAT_TR_NOP_CORE_0                                            0                             0%
OP_CAT_PREFETCH_NTA_CORE_0                                      0                             0%
OP_CAT_PREFETCH_T0_CORE_0                                       0                             0%
OP_CAT_PREFETCH_T1_CORE_0                                     192                       2.88505%
OP_CAT_PREFETCH_T2_CORE_0                                       0                             0%
OP_CAT_TR_MEM_LD_LM_CORE_0                                      0                             0%
OP_CAT_TR_MEM_LD_SM_CORE_0                                      0                             0%
OP_CAT_TR_MEM_LD_GM_CORE_0                                      0                             0%
OP_CAT_TR_MEM_ST_LM_CORE_0                                      0                             0%
OP_CAT_TR_MEM_ST_SM_CORE_0                                      0                             0%
OP_CAT_TR_MEM_ST_GM_CORE_0                                      0                             0%
OP_CAT_TR_DATA_XFER_LM_CORE_0                                   0                             0%
OP_CAT_TR_DATA_XFER_SM_CORE_0                                   0                             0%
OP_CAT_TR_DATA_XFER_GM_CORE_0                                   0                             0%
OP_CAT_TR_LAST_CORE_0                                           0                             0%
                                                             6655                           100%

FP_OPS_CORE_1                                                   0                             0

OP_CAT_INVALID_CORE_1                                           0                             0%
OP_CAT_3DNOW_CORE_1                                             0                             0%
OP_CAT_AES_CORE_1                                               0                             0%
OP_CAT_BASE_CORE_1                                              0                             0%
OP_CAT_BINARY_CORE_1                                          192                      0.277188%
OP_CAT_BITBYTE_CORE_1                                           0                             0%
OP_CAT_CALL_CORE_1                                              0                             0%
OP_CAT_CMOV_CORE_1                                              0                             0%
OP_CAT_COND_BR_CORE_1                                           0                             0%
OP_CAT_DATAXFER_CORE_1                                          0                             0%
OP_CAT_DECIMAL_CORE_1                                           0                             0%
OP_CAT_FCMOV_CORE_1                                         64147                       92.6083%
OP_CAT_FLAGOP_CORE_1                                            0                             0%
OP_CAT_INTERRUPT_CORE_1                                         0                             0%
OP_CAT_IO_CORE_1                                                0                             0%
OP_CAT_IOSTRINGOP_CORE_1                                        0                             0%
OP_CAT_LOGICAL_CORE_1                                           0                             0%
OP_CAT_MISC_CORE_1                                              0                             0%
OP_CAT_MMX_CORE_1                                               0                             0%
OP_CAT_NOP_CORE_1                                               0                             0%
OP_CAT_PCLMULQDQ_CORE_1                                         0                             0%
OP_CAT_POP_CORE_1                                               0                             0%
OP_CAT_PREFETCH_CORE_1                                          0                             0%
OP_CAT_PUSH_CORE_1                                              0                             0%
OP_CAT_RET_CORE_1                                               0                             0%
OP_CAT_ROTATE_CORE_1                                            0                             0%
OP_CAT_SEGOP_CORE_1                                             0                             0%
OP_CAT_SEMAPHORE_CORE_1                                         0                             0%
OP_CAT_SHIFT_CORE_1                                             0                             0%
OP_CAT_SSE_CORE_1                                               0                             0%
OP_CAT_SSE5_CORE_1                                              0                             0%
OP_CAT_STRINGOP_CORE_1                                          0                             0%
OP_CAT_SYSCALL_CORE_1                                           0                             0%
OP_CAT_SYSRET_CORE_1                                            0                             0%
OP_CAT_SYSTEM_CORE_1                                            0                             0%
OP_CAT_UNCOND_BR_CORE_1                                         0                             0%
OP_CAT_VTX_CORE_1                                               0                             0%
OP_CAT_WIDENOP_CORE_1                                           0                             0%
OP_CAT_X87_ALU_CORE_1                                           0                             0%
OP_CAT_XSAVE_CORE_1                                             0                             0%
OP_CAT_TR_MUL_CORE_1                                         4352                       6.28293%
OP_CAT_TR_DIV_CORE_1                                            0                             0%
OP_CAT_TR_FMUL_CORE_1                                           0                             0%
OP_CAT_TR_FDIV_CORE_1                                          96                      0.138594%
OP_CAT_TR_NOP_CORE_1                                            0                             0%
OP_CAT_PREFETCH_NTA_CORE_1                                      0                             0%
OP_CAT_PREFETCH_T0_CORE_1                                       0                             0%
OP_CAT_PREFETCH_T1_CORE_1                                     480                      0.692971%
OP_CAT_PREFETCH_T2_CORE_1                                       0                             0%
OP_CAT_TR_MEM_LD_LM_CORE_1                                      0                             0%
OP_CAT_TR_MEM_LD_SM_CORE_1                                      0                             0%
OP_CAT_TR_MEM_LD_GM_CORE_1                                      0                             0%
OP_CAT_TR_MEM_ST_LM_CORE_1                                      0                             0%
OP_CAT_TR_MEM_ST_SM_CORE_1                                      0                             0%
OP_CAT_TR_MEM_ST_GM_CORE_1                                      0                             0%
OP_CAT_TR_DATA_XFER_LM_CORE_1                                   0                             0%
OP_CAT_TR_DATA_XFER_SM_CORE_1                                   0                             0%
OP_CAT_TR_DATA_XFER_GM_CORE_1                                   0                             0%
OP_CAT_TR_LAST_CORE_1                                           0                             0%
                                                            69267                           100%

FP_OPS_CORE_2                                               10240                         10240

OP_CAT_INVALID_CORE_2                                           0                             0%
OP_CAT_3DNOW_CORE_2                                             0                             0%
OP_CAT_AES_CORE_2                                               0                             0%
OP_CAT_BASE_CORE_2                                              0                             0%
OP_CAT_BINARY_CORE_2                                       393600                       25.3588%
OP_CAT_BITBYTE_CORE_2                                           0                             0%
OP_CAT_CALL_CORE_2                                              0                             0%
OP_CAT_CMOV_CORE_2                                             32                    0.00206169%
OP_CAT_COND_BR_CORE_2                                           0                             0%
OP_CAT_DATAXFER_CORE_2                                      67584                       4.35429%
OP_CAT_DECIMAL_CORE_2                                           0                             0%
OP_CAT_FCMOV_CORE_2                                        832222                       53.6182%
OP_CAT_FLAGOP_CORE_2                                            0                             0%
OP_CAT_INTERRUPT_CORE_2                                         0                             0%
OP_CAT_IO_CORE_2                                                0                             0%
OP_CAT_IOSTRINGOP_CORE_2                                        0                             0%
OP_CAT_LOGICAL_CORE_2                                           0                             0%
OP_CAT_MISC_CORE_2                                              0                             0%
OP_CAT_MMX_CORE_2                                            8224                      0.529854%
OP_CAT_NOP_CORE_2                                           23040                       1.48442%
OP_CAT_PCLMULQDQ_CORE_2                                         0                             0%
OP_CAT_POP_CORE_2                                               0                             0%
OP_CAT_PREFETCH_CORE_2                                          0                             0%
OP_CAT_PUSH_CORE_2                                            128                    0.00824675%
OP_CAT_RET_CORE_2                                               0                             0%
OP_CAT_ROTATE_CORE_2                                           97                    0.00624949%
OP_CAT_SEGOP_CORE_2                                             0                             0%
OP_CAT_SEMAPHORE_CORE_2                                         0                             0%
OP_CAT_SHIFT_CORE_2                                             0                             0%
OP_CAT_SSE_CORE_2                                               0                             0%
OP_CAT_SSE5_CORE_2                                           2048                      0.131948%
OP_CAT_STRINGOP_CORE_2                                          0                             0%
OP_CAT_SYSCALL_CORE_2                                           0                             0%
OP_CAT_SYSRET_CORE_2                                            0                             0%
OP_CAT_SYSTEM_CORE_2                                            0                             0%
OP_CAT_UNCOND_BR_CORE_2                                         0                             0%
OP_CAT_VTX_CORE_2                                               0                             0%
OP_CAT_WIDENOP_CORE_2                                           0                             0%
OP_CAT_X87_ALU_CORE_2                                           0                             0%
OP_CAT_XSAVE_CORE_2                                             0                             0%
OP_CAT_TR_MUL_CORE_2                                       155328                       10.0074%
OP_CAT_TR_DIV_CORE_2                                            0                             0%
OP_CAT_TR_FMUL_CORE_2                                           0                             0%
OP_CAT_TR_FDIV_CORE_2                                       57440                       3.70073%
OP_CAT_TR_NOP_CORE_2                                            0                             0%
OP_CAT_PREFETCH_NTA_CORE_2                                   8192                      0.527792%
OP_CAT_PREFETCH_T0_CORE_2                                       0                             0%
OP_CAT_PREFETCH_T1_CORE_2                                    4191                      0.270017%
OP_CAT_PREFETCH_T2_CORE_2                                       0                             0%
OP_CAT_TR_MEM_LD_LM_CORE_2                                      0                             0%
OP_CAT_TR_MEM_LD_SM_CORE_2                                      0                             0%
OP_CAT_TR_MEM_LD_GM_CORE_2                                      0                             0%
OP_CAT_TR_MEM_ST_LM_CORE_2                                      0                             0%
OP_CAT_TR_MEM_ST_SM_CORE_2                                      0                             0%
OP_CAT_TR_MEM_ST_GM_CORE_2                                      0                             0%
OP_CAT_TR_DATA_XFER_LM_CORE_2                                   0                             0%
OP_CAT_TR_DATA_XFER_SM_CORE_2                                   0                             0%
OP_CAT_TR_DATA_XFER_GM_CORE_2                                   0                             0%
OP_CAT_TR_LAST_CORE_2                                           0                             0%
                                                          1552126                           100%

FP_OPS_CORE_3                                                   0                             0

OP_CAT_INVALID_CORE_3                                           0                             0%
OP_CAT_3DNOW_CORE_3                                             0                             0%
OP_CAT_AES_CORE_3                                               0                             0%
OP_CAT_BASE_CORE_3                                              0                             0%
OP_CAT_BINARY_CORE_3                                       160032                       32.8129%
OP_CAT_BITBYTE_CORE_3                                           0                             0%
OP_CAT_CALL_CORE_3                                              0                             0%
OP_CAT_CMOV_CORE_3                                             32                    0.00656128%
OP_CAT_COND_BR_CORE_3                                           0                             0%
OP_CAT_DATAXFER_CORE_3                                      53248                        10.918%
OP_CAT_DECIMAL_CORE_3                                           0                             0%
OP_CAT_FCMOV_CORE_3                                        243070                        49.839%
OP_CAT_FLAGOP_CORE_3                                            0                             0%
OP_CAT_INTERRUPT_CORE_3                                         0                             0%
OP_CAT_IO_CORE_3                                                0                             0%
OP_CAT_IOSTRINGOP_CORE_3                                        0                             0%
OP_CAT_LOGICAL_CORE_3                                           0                             0%
OP_CAT_MISC_CORE_3                                              0                             0%
OP_CAT_MMX_CORE_3                                           10304                       2.11273%
OP_CAT_NOP_CORE_3                                           14592                       2.99194%
OP_CAT_PCLMULQDQ_CORE_3                                         0                             0%
OP_CAT_POP_CORE_3                                               0                             0%
OP_CAT_PREFETCH_CORE_3                                          0                             0%
OP_CAT_PUSH_CORE_3                                            128                     0.0262451%
OP_CAT_RET_CORE_3                                               0                             0%
OP_CAT_ROTATE_CORE_3                                           97                     0.0198889%
OP_CAT_SEGOP_CORE_3                                             0                             0%
OP_CAT_SEMAPHORE_CORE_3                                         0                             0%
OP_CAT_SHIFT_CORE_3                                             0                             0%
OP_CAT_SSE_CORE_3                                               0                             0%
OP_CAT_SSE5_CORE_3                                           6144                       1.25977%
OP_CAT_STRINGOP_CORE_3                                          0                             0%
OP_CAT_SYSCALL_CORE_3                                           0                             0%
OP_CAT_SYSRET_CORE_3                                            0                             0%
OP_CAT_SYSTEM_CORE_3                                            0                             0%
OP_CAT_UNCOND_BR_CORE_3                                         0                             0%
OP_CAT_VTX_CORE_3                                               0                             0%
OP_CAT_WIDENOP_CORE_3                                           0                             0%
OP_CAT_X87_ALU_CORE_3                                           0                             0%
OP_CAT_XSAVE_CORE_3                                             0                             0%
OP_CAT_TR_MUL_CORE_3                                            0                             0%
OP_CAT_TR_DIV_CORE_3                                            0                             0%
OP_CAT_TR_FMUL_CORE_3                                           0                             0%
OP_CAT_TR_FDIV_CORE_3                                           0                             0%
OP_CAT_TR_NOP_CORE_3                                            0                             0%
OP_CAT_PREFETCH_NTA_CORE_3                                      0                             0%
OP_CAT_PREFETCH_T0_CORE_3                                       0                             0%
OP_CAT_PREFETCH_T1_CORE_3                                      63                     0.0129175%
OP_CAT_PREFETCH_T2_CORE_3                                       0                             0%
OP_CAT_TR_MEM_LD_LM_CORE_3                                      0                             0%
OP_CAT_TR_MEM_LD_SM_CORE_3                                      0                             0%
OP_CAT_TR_MEM_LD_GM_CORE_3                                      0                             0%
OP_CAT_TR_MEM_ST_LM_CORE_3                                      0                             0%
OP_CAT_TR_MEM_ST_SM_CORE_3                                      0                             0%
OP_CAT_TR_MEM_ST_GM_CORE_3                                      0                             0%
OP_CAT_TR_DATA_XFER_LM_CORE_3                                   0                             0%
OP_CAT_TR_DATA_XFER_SM_CORE_3                                   0                             0%
OP_CAT_TR_DATA_XFER_GM_CORE_3                                   0                             0%
OP_CAT_TR_LAST_CORE_3                                           0                             0%
                                                           487710                           100%

FP_OPS_CORE_4                                               10240                         10240

OP_CAT_INVALID_CORE_4                                           0                             0%
OP_CAT_3DNOW_CORE_4                                             0                             0%
OP_CAT_AES_CORE_4                                               0                             0%
OP_CAT_BASE_CORE_4                                              0                             0%
OP_CAT_BINARY_CORE_4                                       438368                        26.913%
OP_CAT_BITBYTE_CORE_4                                           0                             0%
OP_CAT_CALL_CORE_4                                              0                             0%
OP_CAT_CMOV_CORE_4                                             32                     0.0019646%
OP_CAT_COND_BR_CORE_4                                           0                             0%
OP_CAT_DATAXFER_CORE_4                                      83968                       5.15511%
OP_CAT_DECIMAL_CORE_4                                           0                             0%
OP_CAT_FCMOV_CORE_4                                        840895                       51.6257%
OP_CAT_FLAGOP_CORE_4                                            0                             0%
OP_CAT_INTERRUPT_CORE_4                                         0                             0%
OP_CAT_IO_CORE_4                                                0                             0%
OP_CAT_IOSTRINGOP_CORE_4                                        0                             0%
OP_CAT_LOGICAL_CORE_4                                           0                             0%
OP_CAT_MISC_CORE_4                                              0                             0%
OP_CAT_MMX_CORE_4                                           10272                      0.630636%
OP_CAT_NOP_CORE_4                                           27072                       1.66205%
OP_CAT_PCLMULQDQ_CORE_4                                         0                             0%
OP_CAT_POP_CORE_4                                               0                             0%
OP_CAT_PREFETCH_CORE_4                                          0                             0%
OP_CAT_PUSH_CORE_4                                            128                     0.0078584%
OP_CAT_RET_CORE_4                                               0                             0%
OP_CAT_ROTATE_CORE_4                                           97                    0.00595519%
OP_CAT_SEGOP_CORE_4                                             0                             0%
OP_CAT_SEMAPHORE_CORE_4                                         0                             0%
OP_CAT_SHIFT_CORE_4                                             0                             0%
OP_CAT_SSE_CORE_4                                               0                             0%
OP_CAT_SSE5_CORE_4                                           8192                      0.502937%
OP_CAT_STRINGOP_CORE_4                                          0                             0%
OP_CAT_SYSCALL_CORE_4                                           0                             0%
OP_CAT_SYSRET_CORE_4                                            0                             0%
OP_CAT_SYSTEM_CORE_4                                            0                             0%
OP_CAT_UNCOND_BR_CORE_4                                         0                             0%
OP_CAT_VTX_CORE_4                                               0                             0%
OP_CAT_WIDENOP_CORE_4                                           0                             0%
OP_CAT_X87_ALU_CORE_4                                           0                             0%
OP_CAT_XSAVE_CORE_4                                             0                             0%
OP_CAT_TR_MUL_CORE_4                                       152128                        9.3397%
OP_CAT_TR_DIV_CORE_4                                            0                             0%
OP_CAT_TR_FMUL_CORE_4                                           0                             0%
OP_CAT_TR_FDIV_CORE_4                                       57344                       3.52056%
OP_CAT_TR_NOP_CORE_4                                            0                             0%
OP_CAT_PREFETCH_NTA_CORE_4                                   8192                      0.502937%
OP_CAT_PREFETCH_T0_CORE_4                                       0                             0%
OP_CAT_PREFETCH_T1_CORE_4                                    2143                      0.131567%
OP_CAT_PREFETCH_T2_CORE_4                                       0                             0%
OP_CAT_TR_MEM_LD_LM_CORE_4                                      0                             0%
OP_CAT_TR_MEM_LD_SM_CORE_4                                      0                             0%
OP_CAT_TR_MEM_LD_GM_CORE_4                                      0                             0%
OP_CAT_TR_MEM_ST_LM_CORE_4                                      0                             0%
OP_CAT_TR_MEM_ST_SM_CORE_4                                      0                             0%
OP_CAT_TR_MEM_ST_GM_CORE_4                                      0                             0%
OP_CAT_TR_DATA_XFER_LM_CORE_4                                   0                             0%
OP_CAT_TR_DATA_XFER_SM_CORE_4                                   0                             0%
OP_CAT_TR_DATA_XFER_GM_CORE_4                                   0                             0%
OP_CAT_TR_LAST_CORE_4                                           0                             0%
                                                          1628831                           100%

FP_OPS_CORE_5                                                   0                             0

OP_CAT_INVALID_CORE_5                                           0                             0%
OP_CAT_3DNOW_CORE_5                                             0                             0%
OP_CAT_AES_CORE_5                                               0                             0%
OP_CAT_BASE_CORE_5                                              0                             0%
OP_CAT_BINARY_CORE_5                                       160032                       30.7509%
OP_CAT_BITBYTE_CORE_5                                           0                             0%
OP_CAT_CALL_CORE_5                                              0                             0%
OP_CAT_CMOV_CORE_5                                             32                    0.00614895%
OP_CAT_COND_BR_CORE_5                                           0                             0%
OP_CAT_DATAXFER_CORE_5                                      53248                       10.2319%
OP_CAT_DECIMAL_CORE_5                                           0                             0%
OP_CAT_FCMOV_CORE_5                                        263486                       50.6301%
OP_CAT_FLAGOP_CORE_5                                            0                             0%
OP_CAT_INTERRUPT_CORE_5                                         0                             0%
OP_CAT_IO_CORE_5                                                0                             0%
OP_CAT_IOSTRINGOP_CORE_5                                        0                             0%
OP_CAT_LOGICAL_CORE_5                                           0                             0%
OP_CAT_MISC_CORE_5                                              0                             0%
OP_CAT_MMX_CORE_5                                           10272                       1.97381%
OP_CAT_NOP_CORE_5                                           26912                       5.17127%
OP_CAT_PCLMULQDQ_CORE_5                                         0                             0%
OP_CAT_POP_CORE_5                                               0                             0%
OP_CAT_PREFETCH_CORE_5                                          0                             0%
OP_CAT_PUSH_CORE_5                                            128                     0.0245958%
OP_CAT_RET_CORE_5                                               0                             0%
OP_CAT_ROTATE_CORE_5                                           97                      0.018639%
OP_CAT_SEGOP_CORE_5                                             0                             0%
OP_CAT_SEMAPHORE_CORE_5                                         0                             0%
OP_CAT_SHIFT_CORE_5                                             0                             0%
OP_CAT_SSE_CORE_5                                               0                             0%
OP_CAT_SSE5_CORE_5                                           4096                      0.787066%
OP_CAT_STRINGOP_CORE_5                                          0                             0%
OP_CAT_SYSCALL_CORE_5                                           0                             0%
OP_CAT_SYSRET_CORE_5                                            0                             0%
OP_CAT_SYSTEM_CORE_5                                            0                             0%
OP_CAT_UNCOND_BR_CORE_5                                         0                             0%
OP_CAT_VTX_CORE_5                                               0                             0%
OP_CAT_WIDENOP_CORE_5                                           0                             0%
OP_CAT_X87_ALU_CORE_5                                           0                             0%
OP_CAT_XSAVE_CORE_5                                             0                             0%
OP_CAT_TR_MUL_CORE_5                                            0                             0%
OP_CAT_TR_DIV_CORE_5                                            0                             0%
OP_CAT_TR_FMUL_CORE_5                                           0                             0%
OP_CAT_TR_FDIV_CORE_5                                           0                             0%
OP_CAT_TR_NOP_CORE_5                                            0                             0%
OP_CAT_PREFETCH_NTA_CORE_5                                      0                             0%
OP_CAT_PREFETCH_T0_CORE_5                                       0                             0%
OP_CAT_PREFETCH_T1_CORE_5                                    2111                      0.405639%
OP_CAT_PREFETCH_T2_CORE_5                                       0                             0%
OP_CAT_TR_MEM_LD_LM_CORE_5                                      0                             0%
OP_CAT_TR_MEM_LD_SM_CORE_5                                      0                             0%
OP_CAT_TR_MEM_LD_GM_CORE_5                                      0                             0%
OP_CAT_TR_MEM_ST_LM_CORE_5                                      0                             0%
OP_CAT_TR_MEM_ST_SM_CORE_5                                      0                             0%
OP_CAT_TR_MEM_ST_GM_CORE_5                                      0                             0%
OP_CAT_TR_DATA_XFER_LM_CORE_5                                   0                             0%
OP_CAT_TR_DATA_XFER_SM_CORE_5                                   0                             0%
OP_CAT_TR_DATA_XFER_GM_CORE_5                                   0                             0%
OP_CAT_TR_LAST_CORE_5                                           0                             0%
                                                           520414                           100%

FP_OPS_CORE_6                                                   0                             0

OP_CAT_INVALID_CORE_6                                           0                             0%
OP_CAT_3DNOW_CORE_6                                             0                             0%
OP_CAT_AES_CORE_6                                               0                             0%
OP_CAT_BASE_CORE_6                                              0                             0%
OP_CAT_BINARY_CORE_6                                       160032                       30.7508%
OP_CAT_BITBYTE_CORE_6                                           0                             0%
OP_CAT_CALL_CORE_6                                              0                             0%
OP_CAT_CMOV_CORE_6                                             32                    0.00614893%
OP_CAT_COND_BR_CORE_6                                           0                             0%
OP_CAT_DATAXFER_CORE_6                                      53248                       10.2318%
OP_CAT_DECIMAL_CORE_6                                           0                             0%
OP_CAT_FCMOV_CORE_6                                        263488                       50.6303%
OP_CAT_FLAGOP_CORE_6                                            0                             0%
OP_CAT_INTERRUPT_CORE_6                                         0                             0%
OP_CAT_IO_CORE_6                                                0                             0%
OP_CAT_IOSTRINGOP_CORE_6                                        0                             0%
OP_CAT_LOGICAL_CORE_6                                           0                             0%
OP_CAT_MISC_CORE_6                                              0                             0%
OP_CAT_MMX_CORE_6                                           10272                       1.97381%
OP_CAT_NOP_CORE_6                                           26912                       5.17125%
OP_CAT_PCLMULQDQ_CORE_6                                         0                             0%
OP_CAT_POP_CORE_6                                               0                             0%
OP_CAT_PREFETCH_CORE_6                                          0                             0%
OP_CAT_PUSH_CORE_6                                            128                     0.0245957%
OP_CAT_RET_CORE_6                                               0                             0%
OP_CAT_ROTATE_CORE_6                                           97                     0.0186389%
OP_CAT_SEGOP_CORE_6                                             0                             0%
OP_CAT_SEMAPHORE_CORE_6                                         0                             0%
OP_CAT_SHIFT_CORE_6                                             0                             0%
OP_CAT_SSE_CORE_6                                               0                             0%
OP_CAT_SSE5_CORE_6                                           4096                      0.787063%
OP_CAT_STRINGOP_CORE_6                                          0                             0%
OP_CAT_SYSCALL_CORE_6                                           0                             0%
OP_CAT_SYSRET_CORE_6                                            0                             0%
OP_CAT_SYSTEM_CORE_6                                            0                             0%
OP_CAT_UNCOND_BR_CORE_6                                         0                             0%
OP_CAT_VTX_CORE_6                                               0                             0%
OP_CAT_WIDENOP_CORE_6                                           0                             0%
OP_CAT_X87_ALU_CORE_6                                           0                             0%
OP_CAT_XSAVE_CORE_6                                             0                             0%
OP_CAT_TR_MUL_CORE_6                                            0                             0%
OP_CAT_TR_DIV_CORE_6                                            0                             0%
OP_CAT_TR_FMUL_CORE_6                                           0                             0%
OP_CAT_TR_FDIV_CORE_6                                           0                             0%
OP_CAT_TR_NOP_CORE_6                                            0                             0%
OP_CAT_PREFETCH_NTA_CORE_6                                      0                             0%
OP_CAT_PREFETCH_T0_CORE_6                                       0                             0%
OP_CAT_PREFETCH_T1_CORE_6                                    2111                      0.405637%
OP_CAT_PREFETCH_T2_CORE_6                                       0                             0%
OP_CAT_TR_MEM_LD_LM_CORE_6                                      0                             0%
OP_CAT_TR_MEM_LD_SM_CORE_6                                      0                             0%
OP_CAT_TR_MEM_LD_GM_CORE_6                                      0                             0%
OP_CAT_TR_MEM_ST_LM_CORE_6                                      0                             0%
OP_CAT_TR_MEM_ST_SM_CORE_6                                      0                             0%
OP_CAT_TR_MEM_ST_GM_CORE_6                                      0                             0%
OP_CAT_TR_DATA_XFER_LM_CORE_6                                   0                             0%
OP_CAT_TR_DATA_XFER_SM_CORE_6                                   0                             0%
OP_CAT_TR_DATA_XFER_GM_CORE_6                                   0                             0%
OP_CAT_TR_LAST_CORE_6                                           0                             0%
                                                           520416                           100%

FP_OPS_CORE_7                                               10240                         10240

OP_CAT_INVALID_CORE_7                                           0                             0%
OP_CAT_3DNOW_CORE_7                                             0                             0%
OP_CAT_AES_CORE_7                                               0                             0%
OP_CAT_BASE_CORE_7                                              0                             0%
OP_CAT_BINARY_CORE_7                                       260224                        24.381%
OP_CAT_BITBYTE_CORE_7                                           0                             0%
OP_CAT_CALL_CORE_7                                              0                             0%
OP_CAT_CMOV_CORE_7                                             32                    0.00299815%
OP_CAT_COND_BR_CORE_7                                           0                             0%
OP_CAT_DATAXFER_CORE_7                                      34816                       3.26199%
OP_CAT_DECIMAL_CORE_7                                           0                             0%
OP_CAT_FCMOV_CORE_7                                        716093                       67.0923%
OP_CAT_FLAGOP_CORE_7                                            0                             0%
OP_CAT_INTERRUPT_CORE_7                                         0                             0%
OP_CAT_IO_CORE_7                                                0                             0%
OP_CAT_IOSTRINGOP_CORE_7                                        0                             0%
OP_CAT_LOGICAL_CORE_7                                           0                             0%
OP_CAT_MISC_CORE_7                                              0                             0%
OP_CAT_MMX_CORE_7                                            4096                      0.383763%
OP_CAT_NOP_CORE_7                                            4544                      0.425737%
OP_CAT_PCLMULQDQ_CORE_7                                         0                             0%
OP_CAT_POP_CORE_7                                               0                             0%
OP_CAT_PREFETCH_CORE_7                                          0                             0%
OP_CAT_PUSH_CORE_7                                            128                     0.0119926%
OP_CAT_RET_CORE_7                                               0                             0%
OP_CAT_ROTATE_CORE_7                                           97                    0.00908814%
OP_CAT_SEGOP_CORE_7                                             0                             0%
OP_CAT_SEMAPHORE_CORE_7                                         0                             0%
OP_CAT_SHIFT_CORE_7                                             0                             0%
OP_CAT_SSE_CORE_7                                               0                             0%
OP_CAT_SSE5_CORE_7                                              0                             0%
OP_CAT_STRINGOP_CORE_7                                          0                             0%
OP_CAT_SYSCALL_CORE_7                                           0                             0%
OP_CAT_SYSRET_CORE_7                                            0                             0%
OP_CAT_SYSTEM_CORE_7                                            0                             0%
OP_CAT_UNCOND_BR_CORE_7                                         0                             0%
OP_CAT_VTX_CORE_7                                               0                             0%
OP_CAT_WIDENOP_CORE_7                                           0                             0%
OP_CAT_X87_ALU_CORE_7                                           0                             0%
OP_CAT_XSAVE_CORE_7                                             0                             0%
OP_CAT_TR_MUL_CORE_7                                        36960                       3.46286%
OP_CAT_TR_DIV_CORE_7                                            0                             0%
OP_CAT_TR_FMUL_CORE_7                                           0                             0%
OP_CAT_TR_FDIV_CORE_7                                           0                             0%
OP_CAT_TR_NOP_CORE_7                                            0                             0%
OP_CAT_PREFETCH_NTA_CORE_7                                   8192                      0.767526%
OP_CAT_PREFETCH_T0_CORE_7                                       0                             0%
OP_CAT_PREFETCH_T1_CORE_7                                    2143                      0.200782%
OP_CAT_PREFETCH_T2_CORE_7                                       0                             0%
OP_CAT_TR_MEM_LD_LM_CORE_7                                      0                             0%
OP_CAT_TR_MEM_LD_SM_CORE_7                                      0                             0%
OP_CAT_TR_MEM_LD_GM_CORE_7                                      0                             0%
OP_CAT_TR_MEM_ST_LM_CORE_7                                      0                             0%
OP_CAT_TR_MEM_ST_SM_CORE_7                                      0                             0%
OP_CAT_TR_MEM_ST_GM_CORE_7                                      0                             0%
OP_CAT_TR_DATA_XFER_LM_CORE_7                                   0                             0%
OP_CAT_TR_DATA_XFER_SM_CORE_7                                   0                             0%
OP_CAT_TR_DATA_XFER_GM_CORE_7                                   0                             0%
OP_CAT_TR_LAST_CORE_7                                           0                             0%
                                                          1067325                           100%

