####################################################################################################
Interval
####################################################################################################

POWER_L3CACHE_LINEFILL_BUF_R                                    0                             0

POWER_L3CACHE_LINEFILL_BUF_W                                    0                             0

POWER_L3CACHE_LINEFILL_BUF_R_TAG                                0                             0

POWER_L3CACHE_WB_BUF_R                                          0                             0

POWER_L3CACHE_WB_BUF_W                                          0                             0

POWER_L3CACHE_WB_BUF_R_TAG                                      0                             0

POWER_L3CACHE_R                                                 0                             0

POWER_L3CACHE_W                                                 0                             0

POWER_L3CACHE_R_TAG                                             0                             0

POWER_MC_R                                                      0                             0

POWER_MC_W                                                      0                             0

POWER_BLOCK_STATES_R_CORE_0                                  1952                          1952

POWER_BLOCK_STATES_W_CORE_0                                  1952                          1952

POWER_FETCH_QUEUE_R_CORE_0                                   7710                          7710

POWER_FETCH_QUEUE_W_CORE_0                                   7709                          7709

POWER_INST_QUEUE_R_CORE_0                                   17117                         17117

POWER_INST_QUEUE_W_CORE_0                                    7709                          7709

POWER_BR_PRED_R_CORE_0                                         32                            32

POWER_BR_PRED_W_CORE_0                                          0                             0

POWER_RAS_R_CORE_0                                            192                           192

POWER_RAS_W_CORE_0                                            255                           255

POWER_ICACHE_R_CORE_0                                        1952                          1952

POWER_ICACHE_W_CORE_0                                           0                             0

POWER_ICACHE_R_TAG_CORE_0                                    1760                          1760

POWER_ICACHE_MISS_BUF_R_CORE_0                                  0                             0

POWER_ICACHE_MISS_BUF_W_CORE_0                                  0                             0

POWER_ICACHE_MISS_BUF_R_TAG_CORE_0                              0                             0

POWER_ICACHE_MISS_BUF_W_TAG_CORE_0                              0                             0

POWER_ICACHE_TOT_ACC_CORE_0                                     0                             0

POWER_ICACHE_CONF_CORE_0                                        0                             0

POWER_INST_DECODER_R_CORE_0                                  6655                          6655

POWER_INST_DECODER_W_CORE_0                                     0                             0

POWER_MICRO_OP_SEQ_R_CORE_0                                     0                             0

POWER_MICRO_OP_SEQ_W_CORE_0                                     0                             0

POWER_OPERAND_DECODER_R_CORE_0                               6655                          6655

POWER_OPERAND_DECODER_W_CORE_0                                  0                             0

POWER_UOP_QUEUE_R_CORE_0                                    17117                         17117

POWER_UOP_QUEUE_W_CORE_0                                     7709                          7709

POWER_REG_RENAMING_TABLE_R_CORE_0                           17117                         17117

POWER_REG_RENAMING_TABLE_W_CORE_0                            7709                          7709

POWER_DEP_CHECK_LOGIC_R_CORE_0                               7709                          7709

POWER_FREELIST_R_CORE_0                                     17117                         17117

POWER_FREELIST_W_CORE_0                                      7709                          7709

POWER_RESERVATION_STATION_R_CORE_0                          44907                         44907

POWER_RESERVATION_STATION_W_CORE_0                           7709                          7709

POWER_RESERVATION_STATION_R_TAG_CORE_0                      44907                         44907

POWER_RESERVATION_STATION_W_TAG_CORE_0                          0                             0

POWER_INST_ISSUE_SEL_LOGIC_R_CORE_0                         44907                         44907

POWER_INST_ISSUE_SEL_LOGIC_W_CORE_0                          7709                          7709

POWER_PAYLOAD_RAM_R_CORE_0                                  44907                         44907

POWER_PAYLOAD_RAM_W_CORE_0                                   7709                          7709

POWER_EX_ALU_R_CORE_0                                        1790                          1790

POWER_EX_FPU_R_CORE_0                                           0                             0

POWER_EX_MUL_R_CORE_0                                           0                             0

POWER_EX_SFU_R_CORE_0                                           0                             0

POWER_REORDER_BUF_R_CORE_0                                   7709                          7709

POWER_REORDER_BUF_W_CORE_0                                  15418                         15418

POWER_INST_COMMIT_SEL_LOGIC_R_CORE_0                         7709                          7709

POWER_INST_COMMIT_SEL_LOGIC_W_CORE_0                         7709                          7709

POWER_FP_RENAME_R_CORE_0                                        0                             0

POWER_FP_RENAME_W_CORE_0                                        0                             0

POWER_LOAD_QUEUE_R_CORE_0                                    9334                          9334

POWER_LOAD_QUEUE_W_CORE_0                                    9334                          9334

POWER_LOAD_QUEUE_R_TAG_CORE_0                                9334                          9334

POWER_LOAD_QUEUE_W_TAG_CORE_0                                   0                             0

POWER_STORE_QUEUE_R_CORE_0                                  33783                         33783

POWER_STORE_QUEUE_W_CORE_0                                  33783                         33783

POWER_STORE_QUEUE_R_TAG_CORE_0                              33783                         33783

POWER_STORE_QUEUE_W_TAG_CORE_0                                  0                             0

POWER_DATA_TLB_R_CORE_0                                      9334                          9334

POWER_DATA_TLB_W_CORE_0                                         0                             0

POWER_DATA_TLB_R_TAG_CORE_0                                     0                             0

POWER_DATA_TLB_W_TAG_CORE_0                                     0                             0

POWER_INT_REGFILE_R_CORE_0                                   9499                          9499

POWER_INT_REGFILE_W_CORE_0                                   7709                          7709

POWER_FP_REGFILE_R_CORE_0                                       0                             0

POWER_FP_REGFILE_W_CORE_0                                       0                             0

POWER_GP_REGISTER_R_CORE_0                                   9499                          9499

POWER_GP_REGISTER_W_CORE_0                                   7709                          7709

POWER_FP_REGISTER_R_CORE_0                                      0                             0

POWER_FP_REGISTER_W_CORE_0                                      0                             0

POWER_SEGMENT_REGISTER_R_CORE_0                              5919                          5919

POWER_SEGMENT_REGISTER_W_CORE_0                             11838                         11838

POWER_CONTROL_REGISTER_R_CORE_0                                 0                             0

POWER_CONTROL_REGISTER_W_CORE_0                               416                           416

POWER_FLAG_REGISTER_R_CORE_0                                    0                             0

POWER_FLAG_REGISTER_W_CORE_0                                  256                           256

POWER_EXEC_BYPASS_CORE_0                                     7709                          7709

POWER_LOAD_BYPASS_CORE_0                                        0                             0

POWER_PIPELINE_CORE_0                                        6655                          6655

POWER_DCACHE_MISS_BUF_R_CORE_0                                  0                             0

POWER_DCACHE_MISS_BUF_R_TAG_CORE_0                           5919                          5919

POWER_DCACHE_MISS_BUF_W_CORE_0                               5919                          5919

POWER_DCACHE_MISS_BUF_W_TAG_CORE_0                              0                             0

POWER_DCACHE_LINEFILL_BUF_R_CORE_0                              0                             0

POWER_L2CACHE_LINEFILL_BUF_R_CORE_0                             0                             0

POWER_DCACHE_LINEFILL_BUF_W_CORE_0                              0                             0

POWER_L2CACHE_LINEFILL_BUF_W_CORE_0                             0                             0

POWER_DCACHE_LINEFILL_BUF_R_TAG_CORE_0                          0                             0

POWER_L2CACHE_LINEFILL_BUF_R_TAG_CORE_0                         0                             0

POWER_DCACHE_LINEFILL_BUF_W_TAG_CORE_0                          0                             0

POWER_DCACHE_WB_BUF_R_CORE_0                                    0                             0

POWER_L2CACHE_WB_BUF_R_CORE_0                                   0                             0

POWER_DCACHE_WB_BUF_W_CORE_0                                    0                             0

POWER_L2CACHE_WB_BUF_W_CORE_0                                   0                             0

POWER_DCACHE_WB_BUF_R_TAG_CORE_0                                0                             0

POWER_L2CACHE_WB_BUF_R_TAG_CORE_0                               0                             0

POWER_DCACHE_WB_BUF_W_TAG_CORE_0                                0                             0

POWER_DCACHE_R_CORE_0                                           0                             0

POWER_L2CACHE_R_CORE_0                                          0                             0

POWER_DCACHE_W_CORE_0                                           0                             0

POWER_L2CACHE_W_CORE_0                                          0                             0

POWER_DCACHE_R_TAG_CORE_0                                       0                             0

POWER_L2CACHE_R_TAG_CORE_0                                      0                             0

POWER_CONST_CACHE_R_CORE_0                                      0                             0

POWER_CONST_CACHE_W_CORE_0                                      0                             0

POWER_CONST_CACHE_R_TAG_CORE_0                                  0                             0

POWER_CONST_CACHE_W_TAG_CORE_0                                  0                             0

POWER_TEXTURE_CACHE_R_CORE_0                                    0                             0

POWER_TEXTURE_CACHE_W_CORE_0                                    0                             0

POWER_TEXTURE_CACHE_R_TAG_CORE_0                                0                             0

POWER_TEXTURE_CACHE_W_TAG_CORE_0                                0                             0

POWER_SHARED_MEM_R_CORE_0                                       0                             0

POWER_SHARED_MEM_W_CORE_0                                       0                             0

POWER_SHARED_MEM_R_TAG_CORE_0                                   0                             0

POWER_SHARED_MEM_W_TAG_CORE_0                                   0                             0

POWER_BLOCK_STATES_R_CORE_1                                   896                           896

POWER_BLOCK_STATES_W_CORE_1                                   896                           896

POWER_FETCH_QUEUE_R_CORE_1                                  73525                         73525

POWER_FETCH_QUEUE_W_CORE_1                                  73525                         73525

POWER_INST_QUEUE_R_CORE_1                                   74002                         74002

POWER_INST_QUEUE_W_CORE_1                                   73525                         73525

POWER_BR_PRED_R_CORE_1                                          0                             0

POWER_BR_PRED_W_CORE_1                                          0                             0

POWER_RAS_R_CORE_1                                              0                             0

POWER_RAS_W_CORE_1                                              0                             0

POWER_ICACHE_R_CORE_1                                         608                           608

POWER_ICACHE_W_CORE_1                                           0                             0

POWER_ICACHE_R_TAG_CORE_1                                       0                             0

POWER_ICACHE_MISS_BUF_R_CORE_1                                  0                             0

POWER_ICACHE_MISS_BUF_W_CORE_1                                  0                             0

POWER_ICACHE_MISS_BUF_R_TAG_CORE_1                              0                             0

POWER_ICACHE_MISS_BUF_W_TAG_CORE_1                              0                             0

POWER_ICACHE_TOT_ACC_CORE_1                                     0                             0

POWER_ICACHE_CONF_CORE_1                                        0                             0

POWER_INST_DECODER_R_CORE_1                                 68949                         68949

POWER_INST_DECODER_W_CORE_1                                     0                             0

POWER_MICRO_OP_SEQ_R_CORE_1                                     0                             0

POWER_MICRO_OP_SEQ_W_CORE_1                                     0                             0

POWER_OPERAND_DECODER_R_CORE_1                              68949                         68949

POWER_OPERAND_DECODER_W_CORE_1                                  0                             0

POWER_UOP_QUEUE_R_CORE_1                                    74002                         74002

POWER_UOP_QUEUE_W_CORE_1                                    73525                         73525

POWER_REG_RENAMING_TABLE_R_CORE_1                           74002                         74002

POWER_REG_RENAMING_TABLE_W_CORE_1                           73525                         73525

POWER_DEP_CHECK_LOGIC_R_CORE_1                              73525                         73525

POWER_FREELIST_R_CORE_1                                     74002                         74002

POWER_FREELIST_W_CORE_1                                     73525                         73525

POWER_RESERVATION_STATION_R_CORE_1                          74669                         74669

POWER_RESERVATION_STATION_W_CORE_1                          73525                         73525

POWER_RESERVATION_STATION_R_TAG_CORE_1                      74669                         74669

POWER_RESERVATION_STATION_W_TAG_CORE_1                          0                             0

POWER_INST_ISSUE_SEL_LOGIC_R_CORE_1                         74669                         74669

POWER_INST_ISSUE_SEL_LOGIC_W_CORE_1                         73525                         73525

POWER_PAYLOAD_RAM_R_CORE_1                                  74669                         74669

POWER_PAYLOAD_RAM_W_CORE_1                                  73525                         73525

POWER_EX_ALU_R_CORE_1                                         640                           640

POWER_EX_FPU_R_CORE_1                                        4352                          4352

POWER_EX_MUL_R_CORE_1                                          64                            64

POWER_EX_SFU_R_CORE_1                                           0                             0

POWER_REORDER_BUF_R_CORE_1                                  73525                         73525

POWER_REORDER_BUF_W_CORE_1                                 147050                        147050

POWER_INST_COMMIT_SEL_LOGIC_R_CORE_1                        73525                         73525

POWER_INST_COMMIT_SEL_LOGIC_W_CORE_1                        73525                         73525

POWER_FP_RENAME_R_CORE_1                                     9181                          9181

POWER_FP_RENAME_W_CORE_1                                        0                             0

POWER_LOAD_QUEUE_R_CORE_1                                   39696                         39696

POWER_LOAD_QUEUE_W_CORE_1                                   39696                         39696

POWER_LOAD_QUEUE_R_TAG_CORE_1                               39696                         39696

POWER_LOAD_QUEUE_W_TAG_CORE_1                                   0                             0

POWER_STORE_QUEUE_R_CORE_1                                  29917                         29917

POWER_STORE_QUEUE_W_CORE_1                                  29917                         29917

POWER_STORE_QUEUE_R_TAG_CORE_1                              29917                         29917

POWER_STORE_QUEUE_W_TAG_CORE_1                                  0                             0

POWER_DATA_TLB_R_CORE_1                                     39696                         39696

POWER_DATA_TLB_W_CORE_1                                         0                             0

POWER_DATA_TLB_R_TAG_CORE_1                                     0                             0

POWER_DATA_TLB_W_TAG_CORE_1                                     0                             0

POWER_INT_REGFILE_R_CORE_1                                  69877                         69877

POWER_INT_REGFILE_W_CORE_1                                  69173                         69173

POWER_FP_REGFILE_R_CORE_1                                    8704                          8704

POWER_FP_REGFILE_W_CORE_1                                    4352                          4352

POWER_GP_REGISTER_R_CORE_1                                  69877                         69877

POWER_GP_REGISTER_W_CORE_1                                  69173                         69173

POWER_FP_REGISTER_R_CORE_1                                   8704                          8704

POWER_FP_REGISTER_W_CORE_1                                   4352                          4352

POWER_SEGMENT_REGISTER_R_CORE_1                             68469                         68469

POWER_SEGMENT_REGISTER_W_CORE_1                            136938                        136938

POWER_CONTROL_REGISTER_R_CORE_1                                 0                             0

POWER_CONTROL_REGISTER_W_CORE_1                                 0                             0

POWER_FLAG_REGISTER_R_CORE_1                                    0                             0

POWER_FLAG_REGISTER_W_CORE_1                                  224                           224

POWER_EXEC_BYPASS_CORE_1                                    73525                         73525

POWER_LOAD_BYPASS_CORE_1                                        0                             0

POWER_PIPELINE_CORE_1                                       68949                         68949

POWER_DCACHE_MISS_BUF_R_CORE_1                                  0                             0

POWER_DCACHE_MISS_BUF_R_TAG_CORE_1                          68469                         68469

POWER_DCACHE_MISS_BUF_W_CORE_1                              68469                         68469

POWER_DCACHE_MISS_BUF_W_TAG_CORE_1                              0                             0

POWER_DCACHE_LINEFILL_BUF_R_CORE_1                              0                             0

POWER_L2CACHE_LINEFILL_BUF_R_CORE_1                             0                             0

POWER_DCACHE_LINEFILL_BUF_W_CORE_1                              0                             0

POWER_L2CACHE_LINEFILL_BUF_W_CORE_1                             0                             0

POWER_DCACHE_LINEFILL_BUF_R_TAG_CORE_1                          0                             0

POWER_L2CACHE_LINEFILL_BUF_R_TAG_CORE_1                         0                             0

POWER_DCACHE_LINEFILL_BUF_W_TAG_CORE_1                          0                             0

POWER_DCACHE_WB_BUF_R_CORE_1                                    0                             0

POWER_L2CACHE_WB_BUF_R_CORE_1                                   0                             0

POWER_DCACHE_WB_BUF_W_CORE_1                                    0                             0

POWER_L2CACHE_WB_BUF_W_CORE_1                                   0                             0

POWER_DCACHE_WB_BUF_R_TAG_CORE_1                                0                             0

POWER_L2CACHE_WB_BUF_R_TAG_CORE_1                               0                             0

POWER_DCACHE_WB_BUF_W_TAG_CORE_1                                0                             0

POWER_DCACHE_R_CORE_1                                           0                             0

POWER_L2CACHE_R_CORE_1                                          0                             0

POWER_DCACHE_W_CORE_1                                           0                             0

POWER_L2CACHE_W_CORE_1                                          0                             0

POWER_DCACHE_R_TAG_CORE_1                                       0                             0

POWER_L2CACHE_R_TAG_CORE_1                                      0                             0

POWER_CONST_CACHE_R_CORE_1                                      0                             0

POWER_CONST_CACHE_W_CORE_1                                      0                             0

POWER_CONST_CACHE_R_TAG_CORE_1                                  0                             0

POWER_CONST_CACHE_W_TAG_CORE_1                                  0                             0

POWER_TEXTURE_CACHE_R_CORE_1                                    0                             0

POWER_TEXTURE_CACHE_W_CORE_1                                    0                             0

POWER_TEXTURE_CACHE_R_TAG_CORE_1                                0                             0

POWER_TEXTURE_CACHE_W_TAG_CORE_1                                0                             0

POWER_SHARED_MEM_R_CORE_1                                       0                             0

POWER_SHARED_MEM_W_CORE_1                                       0                             0

POWER_SHARED_MEM_R_TAG_CORE_1                                   0                             0

POWER_SHARED_MEM_W_TAG_CORE_1                                   0                             0

POWER_BLOCK_STATES_R_CORE_2                                489048                        489048

POWER_BLOCK_STATES_W_CORE_2                                489048                        489048

POWER_FETCH_QUEUE_R_CORE_2                                1857149                       1857149

POWER_FETCH_QUEUE_W_CORE_2                                1857149                       1857149

POWER_INST_QUEUE_R_CORE_2                                 1857595                       1857595

POWER_INST_QUEUE_W_CORE_2                                 1857149                       1857149

POWER_BR_PRED_R_CORE_2                                      67584                         67584

POWER_BR_PRED_W_CORE_2                                      67584                         67584

POWER_RAS_R_CORE_2                                              0                             0

POWER_RAS_W_CORE_2                                             32                            32

POWER_ICACHE_R_CORE_2                                       11842                         11842

POWER_ICACHE_W_CORE_2                                           0                             0

POWER_ICACHE_R_TAG_CORE_2                                   11842                         11842

POWER_ICACHE_MISS_BUF_R_CORE_2                                  0                             0

POWER_ICACHE_MISS_BUF_W_CORE_2                                  0                             0

POWER_ICACHE_MISS_BUF_R_TAG_CORE_2                              0                             0

POWER_ICACHE_MISS_BUF_W_TAG_CORE_2                              0                             0

POWER_ICACHE_TOT_ACC_CORE_2                                     0                             0

POWER_ICACHE_CONF_CORE_2                                        0                             0

POWER_INST_DECODER_R_CORE_2                               1552030                       1552030

POWER_INST_DECODER_W_CORE_2                                     0                             0

POWER_MICRO_OP_SEQ_R_CORE_2                                     0                             0

POWER_MICRO_OP_SEQ_W_CORE_2                                     0                             0

POWER_OPERAND_DECODER_R_CORE_2                            1552030                       1552030

POWER_OPERAND_DECODER_W_CORE_2                                  0                             0

POWER_UOP_QUEUE_R_CORE_2                                  1857595                       1857595

POWER_UOP_QUEUE_W_CORE_2                                  1857149                       1857149

POWER_REG_RENAMING_TABLE_R_CORE_2                         1857595                       1857595

POWER_REG_RENAMING_TABLE_W_CORE_2                         1857149                       1857149

POWER_DEP_CHECK_LOGIC_R_CORE_2                            1857149                       1857149

POWER_FREELIST_R_CORE_2                                   1857595                       1857595

POWER_FREELIST_W_CORE_2                                   1857149                       1857149

POWER_RESERVATION_STATION_R_CORE_2                        3673687                       3673687

POWER_RESERVATION_STATION_W_CORE_2                        1857149                       1857149

POWER_RESERVATION_STATION_R_TAG_CORE_2                    3673687                       3673687

POWER_RESERVATION_STATION_W_TAG_CORE_2                          0                             0

POWER_INST_ISSUE_SEL_LOGIC_R_CORE_2                       3673687                       3673687

POWER_INST_ISSUE_SEL_LOGIC_W_CORE_2                       1857149                       1857149

POWER_PAYLOAD_RAM_R_CORE_2                                3673687                       3673687

POWER_PAYLOAD_RAM_W_CORE_2                                1857149                       1857149

POWER_EX_ALU_R_CORE_2                                      625886                        625886

POWER_EX_FPU_R_CORE_2                                       52896                         52896

POWER_EX_MUL_R_CORE_2                                       57408                         57408

POWER_EX_SFU_R_CORE_2                                           0                             0

POWER_REORDER_BUF_R_CORE_2                                1857149                       1857149

POWER_REORDER_BUF_W_CORE_2                                3714298                       3714298

POWER_INST_COMMIT_SEL_LOGIC_R_CORE_2                      1857149                       1857149

POWER_INST_COMMIT_SEL_LOGIC_W_CORE_2                      1857149                       1857149

POWER_FP_RENAME_R_CORE_2                                   206622                        206622

POWER_FP_RENAME_W_CORE_2                                        0                             0

POWER_LOAD_QUEUE_R_CORE_2                                 1036469                       1036469

POWER_LOAD_QUEUE_W_CORE_2                                 1036469                       1036469

POWER_LOAD_QUEUE_R_TAG_CORE_2                             1036469                       1036469

POWER_LOAD_QUEUE_W_TAG_CORE_2                                   0                             0

POWER_STORE_QUEUE_R_CORE_2                                 824846                        824846

POWER_STORE_QUEUE_W_CORE_2                                 824846                        824846

POWER_STORE_QUEUE_R_TAG_CORE_2                             824846                        824846

POWER_STORE_QUEUE_W_TAG_CORE_2                                  0                             0

POWER_DATA_TLB_R_CORE_2                                   1036469                       1036469

POWER_DATA_TLB_W_CORE_2                                         0                             0

POWER_DATA_TLB_R_TAG_CORE_2                                     0                             0

POWER_DATA_TLB_W_TAG_CORE_2                                     0                             0

POWER_INT_REGFILE_R_CORE_2                                2487547                       2487547

POWER_INT_REGFILE_W_CORE_2                                1804253                       1804253

POWER_FP_REGFILE_R_CORE_2                                   97600                         97600

POWER_FP_REGFILE_W_CORE_2                                   52896                         52896

POWER_GP_REGISTER_R_CORE_2                                2487547                       2487547

POWER_GP_REGISTER_W_CORE_2                                1804253                       1804253

POWER_FP_REGISTER_R_CORE_2                                 105792                        105792

POWER_FP_REGISTER_W_CORE_2                                  52896                         52896

POWER_SEGMENT_REGISTER_R_CORE_2                           1120959                       1120959

POWER_SEGMENT_REGISTER_W_CORE_2                           2231678                       2231678

POWER_CONTROL_REGISTER_R_CORE_2                                 0                             0

POWER_CONTROL_REGISTER_W_CORE_2                             23040                         23040

POWER_FLAG_REGISTER_R_CORE_2                                    0                             0

POWER_FLAG_REGISTER_W_CORE_2                               461248                        461248

POWER_EXEC_BYPASS_CORE_2                                  1857149                       1857149

POWER_LOAD_BYPASS_CORE_2                                        0                             0

POWER_PIPELINE_CORE_2                                     1552030                       1552030

POWER_DCACHE_MISS_BUF_R_CORE_2                                  0                             0

POWER_DCACHE_MISS_BUF_R_TAG_CORE_2                          44777                         44777

POWER_DCACHE_MISS_BUF_W_CORE_2                              44777                         44777

POWER_DCACHE_MISS_BUF_W_TAG_CORE_2                              0                             0

POWER_DCACHE_LINEFILL_BUF_R_CORE_2                              0                             0

POWER_L2CACHE_LINEFILL_BUF_R_CORE_2                             0                             0

POWER_DCACHE_LINEFILL_BUF_W_CORE_2                              0                             0

POWER_L2CACHE_LINEFILL_BUF_W_CORE_2                             0                             0

POWER_DCACHE_LINEFILL_BUF_R_TAG_CORE_2                          0                             0

POWER_L2CACHE_LINEFILL_BUF_R_TAG_CORE_2                         0                             0

POWER_DCACHE_LINEFILL_BUF_W_TAG_CORE_2                          0                             0

POWER_DCACHE_WB_BUF_R_CORE_2                                    0                             0

POWER_L2CACHE_WB_BUF_R_CORE_2                                   0                             0

POWER_DCACHE_WB_BUF_W_CORE_2                                    0                             0

POWER_L2CACHE_WB_BUF_W_CORE_2                                   0                             0

POWER_DCACHE_WB_BUF_R_TAG_CORE_2                                0                             0

POWER_L2CACHE_WB_BUF_R_TAG_CORE_2                               0                             0

POWER_DCACHE_WB_BUF_W_TAG_CORE_2                                0                             0

POWER_DCACHE_R_CORE_2                                           0                             0

POWER_L2CACHE_R_CORE_2                                          0                             0

POWER_DCACHE_W_CORE_2                                           0                             0

POWER_L2CACHE_W_CORE_2                                          0                             0

POWER_DCACHE_R_TAG_CORE_2                                       0                             0

POWER_L2CACHE_R_TAG_CORE_2                                      0                             0

POWER_CONST_CACHE_R_CORE_2                                      0                             0

POWER_CONST_CACHE_W_CORE_2                                      0                             0

POWER_CONST_CACHE_R_TAG_CORE_2                                  0                             0

POWER_CONST_CACHE_W_TAG_CORE_2                                  0                             0

POWER_TEXTURE_CACHE_R_CORE_2                                    0                             0

POWER_TEXTURE_CACHE_W_CORE_2                                    0                             0

POWER_TEXTURE_CACHE_R_TAG_CORE_2                                0                             0

POWER_TEXTURE_CACHE_W_TAG_CORE_2                                0                             0

POWER_SHARED_MEM_R_CORE_2                                       0                             0

POWER_SHARED_MEM_W_CORE_2                                       0                             0

POWER_SHARED_MEM_R_TAG_CORE_2                                   0                             0

POWER_SHARED_MEM_W_TAG_CORE_2                                   0                             0

POWER_BLOCK_STATES_R_CORE_3                                162056                        162056

POWER_BLOCK_STATES_W_CORE_3                                162056                        162056

POWER_FETCH_QUEUE_R_CORE_3                                 549309                        549309

POWER_FETCH_QUEUE_W_CORE_3                                 549309                        549309

POWER_INST_QUEUE_R_CORE_3                                  549309                        549309

POWER_INST_QUEUE_W_CORE_3                                  549309                        549309

POWER_BR_PRED_R_CORE_3                                      53248                         53248

POWER_BR_PRED_W_CORE_3                                      53248                         53248

POWER_RAS_R_CORE_3                                              0                             0

POWER_RAS_W_CORE_3                                             32                            32

POWER_ICACHE_R_CORE_3                                        3558                          3558

POWER_ICACHE_W_CORE_3                                           0                             0

POWER_ICACHE_R_TAG_CORE_3                                    3558                          3558

POWER_ICACHE_MISS_BUF_R_CORE_3                                  0                             0

POWER_ICACHE_MISS_BUF_W_CORE_3                                  0                             0

POWER_ICACHE_MISS_BUF_R_TAG_CORE_3                              0                             0

POWER_ICACHE_MISS_BUF_W_TAG_CORE_3                              0                             0

POWER_ICACHE_TOT_ACC_CORE_3                                     0                             0

POWER_ICACHE_CONF_CORE_3                                        0                             0

POWER_INST_DECODER_R_CORE_3                                487678                        487678

POWER_INST_DECODER_W_CORE_3                                     0                             0

POWER_MICRO_OP_SEQ_R_CORE_3                                     0                             0

POWER_MICRO_OP_SEQ_W_CORE_3                                     0                             0

POWER_OPERAND_DECODER_R_CORE_3                             487678                        487678

POWER_OPERAND_DECODER_W_CORE_3                                  0                             0

POWER_UOP_QUEUE_R_CORE_3                                   549309                        549309

POWER_UOP_QUEUE_W_CORE_3                                   549309                        549309

POWER_REG_RENAMING_TABLE_R_CORE_3                          549309                        549309

POWER_REG_RENAMING_TABLE_W_CORE_3                          549309                        549309

POWER_DEP_CHECK_LOGIC_R_CORE_3                             549309                        549309

POWER_FREELIST_R_CORE_3                                    549309                        549309

POWER_FREELIST_W_CORE_3                                    549309                        549309

POWER_RESERVATION_STATION_R_CORE_3                        1098115                       1098115

POWER_RESERVATION_STATION_W_CORE_3                         549309                        549309

POWER_RESERVATION_STATION_R_TAG_CORE_3                    1098115                       1098115

POWER_RESERVATION_STATION_W_TAG_CORE_3                          0                             0

POWER_INST_ISSUE_SEL_LOGIC_R_CORE_3                       1098115                       1098115

POWER_INST_ISSUE_SEL_LOGIC_W_CORE_3                        549309                        549309

POWER_PAYLOAD_RAM_R_CORE_3                                1098115                       1098115

POWER_PAYLOAD_RAM_W_CORE_3                                 549309                        549309

POWER_EX_ALU_R_CORE_3                                      308126                        308126

POWER_EX_FPU_R_CORE_3                                           0                             0

POWER_EX_MUL_R_CORE_3                                           0                             0

POWER_EX_SFU_R_CORE_3                                           0                             0

POWER_REORDER_BUF_R_CORE_3                                 549309                        549309

POWER_REORDER_BUF_W_CORE_3                                1098618                       1098618

POWER_INST_COMMIT_SEL_LOGIC_R_CORE_3                       549309                        549309

POWER_INST_COMMIT_SEL_LOGIC_W_CORE_3                       549309                        549309

POWER_FP_RENAME_R_CORE_3                                        0                             0

POWER_FP_RENAME_W_CORE_3                                        0                             0

POWER_LOAD_QUEUE_R_CORE_3                                   93262                         93262

POWER_LOAD_QUEUE_W_CORE_3                                   93262                         93262

POWER_LOAD_QUEUE_R_TAG_CORE_3                               93262                         93262

POWER_LOAD_QUEUE_W_TAG_CORE_3                                   0                             0

POWER_STORE_QUEUE_R_CORE_3                                 467013                        467013

POWER_STORE_QUEUE_W_CORE_3                                 467013                        467013

POWER_STORE_QUEUE_R_TAG_CORE_3                             467013                        467013

POWER_STORE_QUEUE_W_TAG_CORE_3                                  0                             0

POWER_DATA_TLB_R_CORE_3                                     93262                         93262

POWER_DATA_TLB_W_CORE_3                                         0                             0

POWER_DATA_TLB_R_TAG_CORE_3                                     0                             0

POWER_DATA_TLB_W_TAG_CORE_3                                     0                             0

POWER_INT_REGFILE_R_CORE_3                                 857435                        857435

POWER_INT_REGFILE_W_CORE_3                                 549309                        549309

POWER_FP_REGFILE_R_CORE_3                                       0                             0

POWER_FP_REGFILE_W_CORE_3                                       0                             0

POWER_GP_REGISTER_R_CORE_3                                 857435                        857435

POWER_GP_REGISTER_W_CORE_3                                 549309                        549309

POWER_FP_REGISTER_R_CORE_3                                      0                             0

POWER_FP_REGISTER_W_CORE_3                                      0                             0

POWER_SEGMENT_REGISTER_R_CORE_3                            241183                        241183

POWER_SEGMENT_REGISTER_W_CORE_3                            478270                        478270

POWER_CONTROL_REGISTER_R_CORE_3                                 0                             0

POWER_CONTROL_REGISTER_W_CORE_3                             14592                         14592

POWER_FLAG_REGISTER_R_CORE_3                                    0                             0

POWER_FLAG_REGISTER_W_CORE_3                               176480                        176480

POWER_EXEC_BYPASS_CORE_3                                   549309                        549309

POWER_LOAD_BYPASS_CORE_3                                        0                             0

POWER_PIPELINE_CORE_3                                      487678                        487678

POWER_DCACHE_MISS_BUF_R_CORE_3                                  0                             0

POWER_DCACHE_MISS_BUF_R_TAG_CORE_3                          11469                         11469

POWER_DCACHE_MISS_BUF_W_CORE_3                              11469                         11469

POWER_DCACHE_MISS_BUF_W_TAG_CORE_3                              0                             0

POWER_DCACHE_LINEFILL_BUF_R_CORE_3                              0                             0

POWER_L2CACHE_LINEFILL_BUF_R_CORE_3                             0                             0

POWER_DCACHE_LINEFILL_BUF_W_CORE_3                              0                             0

POWER_L2CACHE_LINEFILL_BUF_W_CORE_3                             0                             0

POWER_DCACHE_LINEFILL_BUF_R_TAG_CORE_3                          0                             0

POWER_L2CACHE_LINEFILL_BUF_R_TAG_CORE_3                         0                             0

POWER_DCACHE_LINEFILL_BUF_W_TAG_CORE_3                          0                             0

POWER_DCACHE_WB_BUF_R_CORE_3                                    0                             0

POWER_L2CACHE_WB_BUF_R_CORE_3                                   0                             0

POWER_DCACHE_WB_BUF_W_CORE_3                                    0                             0

POWER_L2CACHE_WB_BUF_W_CORE_3                                   0                             0

POWER_DCACHE_WB_BUF_R_TAG_CORE_3                                0                             0

POWER_L2CACHE_WB_BUF_R_TAG_CORE_3                               0                             0

POWER_DCACHE_WB_BUF_W_TAG_CORE_3                                0                             0

POWER_DCACHE_R_CORE_3                                           0                             0

POWER_L2CACHE_R_CORE_3                                          0                             0

POWER_DCACHE_W_CORE_3                                           0                             0

POWER_L2CACHE_W_CORE_3                                          0                             0

POWER_DCACHE_R_TAG_CORE_3                                       0                             0

POWER_L2CACHE_R_TAG_CORE_3                                      0                             0

POWER_CONST_CACHE_R_CORE_3                                      0                             0

POWER_CONST_CACHE_W_CORE_3                                      0                             0

POWER_CONST_CACHE_R_TAG_CORE_3                                  0                             0

POWER_CONST_CACHE_W_TAG_CORE_3                                  0                             0

POWER_TEXTURE_CACHE_R_CORE_3                                    0                             0

POWER_TEXTURE_CACHE_W_CORE_3                                    0                             0

POWER_TEXTURE_CACHE_R_TAG_CORE_3                                0                             0

POWER_TEXTURE_CACHE_W_TAG_CORE_3                                0                             0

POWER_SHARED_MEM_R_CORE_3                                       0                             0

POWER_SHARED_MEM_W_CORE_3                                       0                             0

POWER_SHARED_MEM_R_TAG_CORE_3                                   0                             0

POWER_SHARED_MEM_W_TAG_CORE_3                                   0                             0

POWER_BLOCK_STATES_R_CORE_4                                441826                        441826

POWER_BLOCK_STATES_W_CORE_4                                441826                        441826

POWER_FETCH_QUEUE_R_CORE_4                                1936766                       1936766

POWER_FETCH_QUEUE_W_CORE_4                                1936766                       1936766

POWER_INST_QUEUE_R_CORE_4                                 1936830                       1936830

POWER_INST_QUEUE_W_CORE_4                                 1936766                       1936766

POWER_BR_PRED_R_CORE_4                                      83968                         83968

POWER_BR_PRED_W_CORE_4                                      83968                         83968

POWER_RAS_R_CORE_4                                              0                             0

POWER_RAS_W_CORE_4                                             32                            32

POWER_ICACHE_R_CORE_4                                       12131                         12131

POWER_ICACHE_W_CORE_4                                           0                             0

POWER_ICACHE_R_TAG_CORE_4                                   12131                         12131

POWER_ICACHE_MISS_BUF_R_CORE_4                                  0                             0

POWER_ICACHE_MISS_BUF_W_CORE_4                                  0                             0

POWER_ICACHE_MISS_BUF_R_TAG_CORE_4                              0                             0

POWER_ICACHE_MISS_BUF_W_TAG_CORE_4                              0                             0

POWER_ICACHE_TOT_ACC_CORE_4                                     0                             0

POWER_ICACHE_CONF_CORE_4                                        0                             0

POWER_INST_DECODER_R_CORE_4                               1628799                       1628799

POWER_INST_DECODER_W_CORE_4                                     0                             0

POWER_MICRO_OP_SEQ_R_CORE_4                                     0                             0

POWER_MICRO_OP_SEQ_W_CORE_4                                     0                             0

POWER_OPERAND_DECODER_R_CORE_4                            1628799                       1628799

POWER_OPERAND_DECODER_W_CORE_4                                  0                             0

POWER_UOP_QUEUE_R_CORE_4                                  1936830                       1936830

POWER_UOP_QUEUE_W_CORE_4                                  1936766                       1936766

POWER_REG_RENAMING_TABLE_R_CORE_4                         1936830                       1936830

POWER_REG_RENAMING_TABLE_W_CORE_4                         1936766                       1936766

POWER_DEP_CHECK_LOGIC_R_CORE_4                            1936766                       1936766

POWER_FREELIST_R_CORE_4                                   1936830                       1936830

POWER_FREELIST_W_CORE_4                                   1936766                       1936766

POWER_RESERVATION_STATION_R_CORE_4                        4020348                       4020348

POWER_RESERVATION_STATION_W_CORE_4                        1936766                       1936766

POWER_RESERVATION_STATION_R_TAG_CORE_4                    4020348                       4020348

POWER_RESERVATION_STATION_W_TAG_CORE_4                          0                             0

POWER_INST_ISSUE_SEL_LOGIC_R_CORE_4                       4020348                       4020348

POWER_INST_ISSUE_SEL_LOGIC_W_CORE_4                       1936766                       1936766

POWER_PAYLOAD_RAM_R_CORE_4                                4020348                       4020348

POWER_PAYLOAD_RAM_W_CORE_4                                1936766                       1936766

POWER_EX_ALU_R_CORE_4                                      715678                        715678

POWER_EX_FPU_R_CORE_4                                       49696                         49696

POWER_EX_MUL_R_CORE_4                                       57344                         57344

POWER_EX_SFU_R_CORE_4                                           0                             0

POWER_REORDER_BUF_R_CORE_4                                1936766                       1936766

POWER_REORDER_BUF_W_CORE_4                                3873532                       3873532

POWER_INST_COMMIT_SEL_LOGIC_R_CORE_4                      1936766                       1936766

POWER_INST_COMMIT_SEL_LOGIC_W_CORE_4                      1936766                       1936766

POWER_FP_RENAME_R_CORE_4                                   199840                        199840

POWER_FP_RENAME_W_CORE_4                                        0                             0

POWER_LOAD_QUEUE_R_CORE_4                                 1130585                       1130585

POWER_LOAD_QUEUE_W_CORE_4                                 1130585                       1130585

POWER_LOAD_QUEUE_R_TAG_CORE_4                             1130585                       1130585

POWER_LOAD_QUEUE_W_TAG_CORE_4                                   0                             0

POWER_STORE_QUEUE_R_CORE_4                                 995592                        995592

POWER_STORE_QUEUE_W_CORE_4                                 995592                        995592

POWER_STORE_QUEUE_R_TAG_CORE_4                             995592                        995592

POWER_STORE_QUEUE_W_TAG_CORE_4                                  0                             0

POWER_DATA_TLB_R_CORE_4                                   1130585                       1130585

POWER_DATA_TLB_W_CORE_4                                         0                             0

POWER_DATA_TLB_R_TAG_CORE_4                                     0                             0

POWER_DATA_TLB_W_TAG_CORE_4                                     0                             0

POWER_INT_REGFILE_R_CORE_4                                2660092                       2660092

POWER_INT_REGFILE_W_CORE_4                                1887070                       1887070

POWER_FP_REGFILE_R_CORE_4                                   91200                         91200

POWER_FP_REGFILE_W_CORE_4                                   49696                         49696

POWER_GP_REGISTER_R_CORE_4                                2660092                       2660092

POWER_GP_REGISTER_W_CORE_4                                1887070                       1887070

POWER_FP_REGISTER_R_CORE_4                                  99392                         99392

POWER_FP_REGISTER_W_CORE_4                                  49696                         49696

POWER_SEGMENT_REGISTER_R_CORE_4                           1114048                       1114048

POWER_SEGMENT_REGISTER_W_CORE_4                           2219904                       2219904

POWER_CONTROL_REGISTER_R_CORE_4                                 0                             0

POWER_CONTROL_REGISTER_W_CORE_4                             27072                         27072

POWER_FLAG_REGISTER_R_CORE_4                                    0                             0

POWER_FLAG_REGISTER_W_CORE_4                               514176                        514176

POWER_EXEC_BYPASS_CORE_4                                  1936766                       1936766

POWER_LOAD_BYPASS_CORE_4                                        0                             0

POWER_PIPELINE_CORE_4                                     1628799                       1628799

POWER_DCACHE_MISS_BUF_R_CORE_4                                  0                             0

POWER_DCACHE_MISS_BUF_R_TAG_CORE_4                          42595                         42595

POWER_DCACHE_MISS_BUF_W_CORE_4                              42595                         42595

POWER_DCACHE_MISS_BUF_W_TAG_CORE_4                              0                             0

POWER_DCACHE_LINEFILL_BUF_R_CORE_4                              0                             0

POWER_L2CACHE_LINEFILL_BUF_R_CORE_4                             0                             0

POWER_DCACHE_LINEFILL_BUF_W_CORE_4                              0                             0

POWER_L2CACHE_LINEFILL_BUF_W_CORE_4                             0                             0

POWER_DCACHE_LINEFILL_BUF_R_TAG_CORE_4                          0                             0

POWER_L2CACHE_LINEFILL_BUF_R_TAG_CORE_4                         0                             0

POWER_DCACHE_LINEFILL_BUF_W_TAG_CORE_4                          0                             0

POWER_DCACHE_WB_BUF_R_CORE_4                                    0                             0

POWER_L2CACHE_WB_BUF_R_CORE_4                                   0                             0

POWER_DCACHE_WB_BUF_W_CORE_4                                    0                             0

POWER_L2CACHE_WB_BUF_W_CORE_4                                   0                             0

POWER_DCACHE_WB_BUF_R_TAG_CORE_4                                0                             0

POWER_L2CACHE_WB_BUF_R_TAG_CORE_4                               0                             0

POWER_DCACHE_WB_BUF_W_TAG_CORE_4                                0                             0

POWER_DCACHE_R_CORE_4                                           0                             0

POWER_L2CACHE_R_CORE_4                                          0                             0

POWER_DCACHE_W_CORE_4                                           0                             0

POWER_L2CACHE_W_CORE_4                                          0                             0

POWER_DCACHE_R_TAG_CORE_4                                       0                             0

POWER_L2CACHE_R_TAG_CORE_4                                      0                             0

POWER_CONST_CACHE_R_CORE_4                                      0                             0

POWER_CONST_CACHE_W_CORE_4                                      0                             0

POWER_CONST_CACHE_R_TAG_CORE_4                                  0                             0

POWER_CONST_CACHE_W_TAG_CORE_4                                  0                             0

POWER_TEXTURE_CACHE_R_CORE_4                                    0                             0

POWER_TEXTURE_CACHE_W_CORE_4                                    0                             0

POWER_TEXTURE_CACHE_R_TAG_CORE_4                                0                             0

POWER_TEXTURE_CACHE_W_TAG_CORE_4                                0                             0

POWER_SHARED_MEM_R_CORE_4                                       0                             0

POWER_SHARED_MEM_W_CORE_4                                       0                             0

POWER_SHARED_MEM_R_TAG_CORE_4                                   0                             0

POWER_SHARED_MEM_W_TAG_CORE_4                                   0                             0

POWER_BLOCK_STATES_R_CORE_5                                229670                        229670

POWER_BLOCK_STATES_W_CORE_5                                229670                        229670

POWER_FETCH_QUEUE_R_CORE_5                                 588157                        588157

POWER_FETCH_QUEUE_W_CORE_5                                 588157                        588157

POWER_INST_QUEUE_R_CORE_5                                  588157                        588157

POWER_INST_QUEUE_W_CORE_5                                  588157                        588157

POWER_BR_PRED_R_CORE_5                                      53248                         53248

POWER_BR_PRED_W_CORE_5                                      53248                         53248

POWER_RAS_R_CORE_5                                              0                             0

POWER_RAS_W_CORE_5                                             32                            32

POWER_ICACHE_R_CORE_5                                        3970                          3970

POWER_ICACHE_W_CORE_5                                           0                             0

POWER_ICACHE_R_TAG_CORE_5                                    3970                          3970

POWER_ICACHE_MISS_BUF_R_CORE_5                                  0                             0

POWER_ICACHE_MISS_BUF_W_CORE_5                                  0                             0

POWER_ICACHE_MISS_BUF_R_TAG_CORE_5                              0                             0

POWER_ICACHE_MISS_BUF_W_TAG_CORE_5                              0                             0

POWER_ICACHE_TOT_ACC_CORE_5                                     0                             0

POWER_ICACHE_CONF_CORE_5                                        0                             0

POWER_INST_DECODER_R_CORE_5                                520382                        520382

POWER_INST_DECODER_W_CORE_5                                     0                             0

POWER_MICRO_OP_SEQ_R_CORE_5                                     0                             0

POWER_MICRO_OP_SEQ_W_CORE_5                                     0                             0

POWER_OPERAND_DECODER_R_CORE_5                             520382                        520382

POWER_OPERAND_DECODER_W_CORE_5                                  0                             0

POWER_UOP_QUEUE_R_CORE_5                                   588157                        588157

POWER_UOP_QUEUE_W_CORE_5                                   588157                        588157

POWER_REG_RENAMING_TABLE_R_CORE_5                          588157                        588157

POWER_REG_RENAMING_TABLE_W_CORE_5                          588157                        588157

POWER_DEP_CHECK_LOGIC_R_CORE_5                             588157                        588157

POWER_FREELIST_R_CORE_5                                    588157                        588157

POWER_FREELIST_W_CORE_5                                    588157                        588157

POWER_RESERVATION_STATION_R_CORE_5                        1296077                       1296077

POWER_RESERVATION_STATION_W_CORE_5                         588157                        588157

POWER_RESERVATION_STATION_R_TAG_CORE_5                    1296077                       1296077

POWER_RESERVATION_STATION_W_TAG_CORE_5                          0                             0

POWER_INST_ISSUE_SEL_LOGIC_R_CORE_5                       1296077                       1296077

POWER_INST_ISSUE_SEL_LOGIC_W_CORE_5                        588157                        588157

POWER_PAYLOAD_RAM_R_CORE_5                                1296077                       1296077

POWER_PAYLOAD_RAM_W_CORE_5                                 588157                        588157

POWER_EX_ALU_R_CORE_5                                      314238                        314238

POWER_EX_FPU_R_CORE_5                                           0                             0

POWER_EX_MUL_R_CORE_5                                           0                             0

POWER_EX_SFU_R_CORE_5                                           0                             0

POWER_REORDER_BUF_R_CORE_5                                 588157                        588157

POWER_REORDER_BUF_W_CORE_5                                1176314                       1176314

POWER_INST_COMMIT_SEL_LOGIC_R_CORE_5                       588157                        588157

POWER_INST_COMMIT_SEL_LOGIC_W_CORE_5                       588157                        588157

POWER_FP_RENAME_R_CORE_5                                        0                             0

POWER_FP_RENAME_W_CORE_5                                        0                             0

POWER_LOAD_QUEUE_R_CORE_5                                  160949                        160949

POWER_LOAD_QUEUE_W_CORE_5                                  160949                        160949

POWER_LOAD_QUEUE_R_TAG_CORE_5                              160949                        160949

POWER_LOAD_QUEUE_W_TAG_CORE_5                                   0                             0

POWER_STORE_QUEUE_R_CORE_5                                 561430                        561430

POWER_STORE_QUEUE_W_CORE_5                                 561430                        561430

POWER_STORE_QUEUE_R_TAG_CORE_5                             561430                        561430

POWER_STORE_QUEUE_W_TAG_CORE_5                                  0                             0

POWER_DATA_TLB_R_CORE_5                                    160949                        160949

POWER_DATA_TLB_W_CORE_5                                         0                             0

POWER_DATA_TLB_R_TAG_CORE_5                                     0                             0

POWER_DATA_TLB_W_TAG_CORE_5                                     0                             0

POWER_INT_REGFILE_R_CORE_5                                 902395                        902395

POWER_INT_REGFILE_W_CORE_5                                 588157                        588157

POWER_FP_REGFILE_R_CORE_5                                       0                             0

POWER_FP_REGFILE_W_CORE_5                                       0                             0

POWER_GP_REGISTER_R_CORE_5                                 902395                        902395

POWER_GP_REGISTER_W_CORE_5                                 588157                        588157

POWER_FP_REGISTER_R_CORE_5                                      0                             0

POWER_FP_REGISTER_W_CORE_5                                      0                             0

POWER_SEGMENT_REGISTER_R_CORE_5                            273919                        273919

POWER_SEGMENT_REGISTER_W_CORE_5                            541694                        541694

POWER_CONTROL_REGISTER_R_CORE_5                                 0                             0

POWER_CONTROL_REGISTER_W_CORE_5                             26912                         26912

POWER_FLAG_REGISTER_R_CORE_5                                    0                             0

POWER_FLAG_REGISTER_W_CORE_5                               174400                        174400

POWER_EXEC_BYPASS_CORE_5                                   588157                        588157

POWER_LOAD_BYPASS_CORE_5                                        0                             0

POWER_PIPELINE_CORE_5                                      520382                        520382

POWER_DCACHE_MISS_BUF_R_CORE_5                                  0                             0

POWER_DCACHE_MISS_BUF_R_TAG_CORE_5                          14459                         14459

POWER_DCACHE_MISS_BUF_W_CORE_5                              14459                         14459

POWER_DCACHE_MISS_BUF_W_TAG_CORE_5                              0                             0

POWER_DCACHE_LINEFILL_BUF_R_CORE_5                              0                             0

POWER_L2CACHE_LINEFILL_BUF_R_CORE_5                             0                             0

POWER_DCACHE_LINEFILL_BUF_W_CORE_5                              0                             0

POWER_L2CACHE_LINEFILL_BUF_W_CORE_5                             0                             0

POWER_DCACHE_LINEFILL_BUF_R_TAG_CORE_5                          0                             0

POWER_L2CACHE_LINEFILL_BUF_R_TAG_CORE_5                         0                             0

POWER_DCACHE_LINEFILL_BUF_W_TAG_CORE_5                          0                             0

POWER_DCACHE_WB_BUF_R_CORE_5                                    0                             0

POWER_L2CACHE_WB_BUF_R_CORE_5                                   0                             0

POWER_DCACHE_WB_BUF_W_CORE_5                                    0                             0

POWER_L2CACHE_WB_BUF_W_CORE_5                                   0                             0

POWER_DCACHE_WB_BUF_R_TAG_CORE_5                                0                             0

POWER_L2CACHE_WB_BUF_R_TAG_CORE_5                               0                             0

POWER_DCACHE_WB_BUF_W_TAG_CORE_5                                0                             0

POWER_DCACHE_R_CORE_5                                           0                             0

POWER_L2CACHE_R_CORE_5                                          0                             0

POWER_DCACHE_W_CORE_5                                           0                             0

POWER_L2CACHE_W_CORE_5                                          0                             0

POWER_DCACHE_R_TAG_CORE_5                                       0                             0

POWER_L2CACHE_R_TAG_CORE_5                                      0                             0

POWER_CONST_CACHE_R_CORE_5                                      0                             0

POWER_CONST_CACHE_W_CORE_5                                      0                             0

POWER_CONST_CACHE_R_TAG_CORE_5                                  0                             0

POWER_CONST_CACHE_W_TAG_CORE_5                                  0                             0

POWER_TEXTURE_CACHE_R_CORE_5                                    0                             0

POWER_TEXTURE_CACHE_W_CORE_5                                    0                             0

POWER_TEXTURE_CACHE_R_TAG_CORE_5                                0                             0

POWER_TEXTURE_CACHE_W_TAG_CORE_5                                0                             0

POWER_SHARED_MEM_R_CORE_5                                       0                             0

POWER_SHARED_MEM_W_CORE_5                                       0                             0

POWER_SHARED_MEM_R_TAG_CORE_5                                   0                             0

POWER_SHARED_MEM_W_TAG_CORE_5                                   0                             0

POWER_BLOCK_STATES_R_CORE_6                                229644                        229644

POWER_BLOCK_STATES_W_CORE_6                                229644                        229644

POWER_FETCH_QUEUE_R_CORE_6                                 588159                        588159

POWER_FETCH_QUEUE_W_CORE_6                                 588159                        588159

POWER_INST_QUEUE_R_CORE_6                                  588159                        588159

POWER_INST_QUEUE_W_CORE_6                                  588159                        588159

POWER_BR_PRED_R_CORE_6                                      53248                         53248

POWER_BR_PRED_W_CORE_6                                      53248                         53248

POWER_RAS_R_CORE_6                                              0                             0

POWER_RAS_W_CORE_6                                             32                            32

POWER_ICACHE_R_CORE_6                                        3970                          3970

POWER_ICACHE_W_CORE_6                                           0                             0

POWER_ICACHE_R_TAG_CORE_6                                    3970                          3970

POWER_ICACHE_MISS_BUF_R_CORE_6                                  0                             0

POWER_ICACHE_MISS_BUF_W_CORE_6                                  0                             0

POWER_ICACHE_MISS_BUF_R_TAG_CORE_6                              0                             0

POWER_ICACHE_MISS_BUF_W_TAG_CORE_6                              0                             0

POWER_ICACHE_TOT_ACC_CORE_6                                     0                             0

POWER_ICACHE_CONF_CORE_6                                        0                             0

POWER_INST_DECODER_R_CORE_6                                520384                        520384

POWER_INST_DECODER_W_CORE_6                                     0                             0

POWER_MICRO_OP_SEQ_R_CORE_6                                     0                             0

POWER_MICRO_OP_SEQ_W_CORE_6                                     0                             0

POWER_OPERAND_DECODER_R_CORE_6                             520384                        520384

POWER_OPERAND_DECODER_W_CORE_6                                  0                             0

POWER_UOP_QUEUE_R_CORE_6                                   588159                        588159

POWER_UOP_QUEUE_W_CORE_6                                   588159                        588159

POWER_REG_RENAMING_TABLE_R_CORE_6                          588159                        588159

POWER_REG_RENAMING_TABLE_W_CORE_6                          588159                        588159

POWER_DEP_CHECK_LOGIC_R_CORE_6                             588159                        588159

POWER_FREELIST_R_CORE_6                                    588159                        588159

POWER_FREELIST_W_CORE_6                                    588159                        588159

POWER_RESERVATION_STATION_R_CORE_6                        1280632                       1280632

POWER_RESERVATION_STATION_W_CORE_6                         588159                        588159

POWER_RESERVATION_STATION_R_TAG_CORE_6                    1280632                       1280632

POWER_RESERVATION_STATION_W_TAG_CORE_6                          0                             0

POWER_INST_ISSUE_SEL_LOGIC_R_CORE_6                       1280632                       1280632

POWER_INST_ISSUE_SEL_LOGIC_W_CORE_6                        588159                        588159

POWER_PAYLOAD_RAM_R_CORE_6                                1280632                       1280632

POWER_PAYLOAD_RAM_W_CORE_6                                 588159                        588159

POWER_EX_ALU_R_CORE_6                                      314238                        314238

POWER_EX_FPU_R_CORE_6                                           0                             0

POWER_EX_MUL_R_CORE_6                                           0                             0

POWER_EX_SFU_R_CORE_6                                           0                             0

POWER_REORDER_BUF_R_CORE_6                                 588159                        588159

POWER_REORDER_BUF_W_CORE_6                                1176318                       1176318

POWER_INST_COMMIT_SEL_LOGIC_R_CORE_6                       588159                        588159

POWER_INST_COMMIT_SEL_LOGIC_W_CORE_6                       588159                        588159

POWER_FP_RENAME_R_CORE_6                                        0                             0

POWER_FP_RENAME_W_CORE_6                                        0                             0

POWER_LOAD_QUEUE_R_CORE_6                                  161352                        161352

POWER_LOAD_QUEUE_W_CORE_6                                  161352                        161352

POWER_LOAD_QUEUE_R_TAG_CORE_6                              161352                        161352

POWER_LOAD_QUEUE_W_TAG_CORE_6                                   0                             0

POWER_STORE_QUEUE_R_CORE_6                                 545580                        545580

POWER_STORE_QUEUE_W_CORE_6                                 545580                        545580

POWER_STORE_QUEUE_R_TAG_CORE_6                             545580                        545580

POWER_STORE_QUEUE_W_TAG_CORE_6                                  0                             0

POWER_DATA_TLB_R_CORE_6                                    161352                        161352

POWER_DATA_TLB_W_CORE_6                                         0                             0

POWER_DATA_TLB_R_TAG_CORE_6                                     0                             0

POWER_DATA_TLB_W_TAG_CORE_6                                     0                             0

POWER_INT_REGFILE_R_CORE_6                                 902397                        902397

POWER_INT_REGFILE_W_CORE_6                                 588159                        588159

POWER_FP_REGFILE_R_CORE_6                                       0                             0

POWER_FP_REGFILE_W_CORE_6                                       0                             0

POWER_GP_REGISTER_R_CORE_6                                 902397                        902397

POWER_GP_REGISTER_W_CORE_6                                 588159                        588159

POWER_FP_REGISTER_R_CORE_6                                      0                             0

POWER_FP_REGISTER_W_CORE_6                                      0                             0

POWER_SEGMENT_REGISTER_R_CORE_6                            273921                        273921

POWER_SEGMENT_REGISTER_W_CORE_6                            541698                        541698

POWER_CONTROL_REGISTER_R_CORE_6                                 0                             0

POWER_CONTROL_REGISTER_W_CORE_6                             26912                         26912

POWER_FLAG_REGISTER_R_CORE_6                                    0                             0

POWER_FLAG_REGISTER_W_CORE_6                               174400                        174400

POWER_EXEC_BYPASS_CORE_6                                   588159                        588159

POWER_LOAD_BYPASS_CORE_6                                        0                             0

POWER_PIPELINE_CORE_6                                      520384                        520384

POWER_DCACHE_MISS_BUF_R_CORE_6                                  0                             0

POWER_DCACHE_MISS_BUF_R_TAG_CORE_6                          14459                         14459

POWER_DCACHE_MISS_BUF_W_CORE_6                              14459                         14459

POWER_DCACHE_MISS_BUF_W_TAG_CORE_6                              0                             0

POWER_DCACHE_LINEFILL_BUF_R_CORE_6                              0                             0

POWER_L2CACHE_LINEFILL_BUF_R_CORE_6                             0                             0

POWER_DCACHE_LINEFILL_BUF_W_CORE_6                              0                             0

POWER_L2CACHE_LINEFILL_BUF_W_CORE_6                             0                             0

POWER_DCACHE_LINEFILL_BUF_R_TAG_CORE_6                          0                             0

POWER_L2CACHE_LINEFILL_BUF_R_TAG_CORE_6                         0                             0

POWER_DCACHE_LINEFILL_BUF_W_TAG_CORE_6                          0                             0

POWER_DCACHE_WB_BUF_R_CORE_6                                    0                             0

POWER_L2CACHE_WB_BUF_R_CORE_6                                   0                             0

POWER_DCACHE_WB_BUF_W_CORE_6                                    0                             0

POWER_L2CACHE_WB_BUF_W_CORE_6                                   0                             0

POWER_DCACHE_WB_BUF_R_TAG_CORE_6                                0                             0

POWER_L2CACHE_WB_BUF_R_TAG_CORE_6                               0                             0

POWER_DCACHE_WB_BUF_W_TAG_CORE_6                                0                             0

POWER_DCACHE_R_CORE_6                                           0                             0

POWER_L2CACHE_R_CORE_6                                          0                             0

POWER_DCACHE_W_CORE_6                                           0                             0

POWER_L2CACHE_W_CORE_6                                          0                             0

POWER_DCACHE_R_TAG_CORE_6                                       0                             0

POWER_L2CACHE_R_TAG_CORE_6                                      0                             0

POWER_CONST_CACHE_R_CORE_6                                      0                             0

POWER_CONST_CACHE_W_CORE_6                                      0                             0

POWER_CONST_CACHE_R_TAG_CORE_6                                  0                             0

POWER_CONST_CACHE_W_TAG_CORE_6                                  0                             0

POWER_TEXTURE_CACHE_R_CORE_6                                    0                             0

POWER_TEXTURE_CACHE_W_CORE_6                                    0                             0

POWER_TEXTURE_CACHE_R_TAG_CORE_6                                0                             0

POWER_TEXTURE_CACHE_W_TAG_CORE_6                                0                             0

POWER_SHARED_MEM_R_CORE_6                                       0                             0

POWER_SHARED_MEM_W_CORE_6                                       0                             0

POWER_SHARED_MEM_R_TAG_CORE_6                                   0                             0

POWER_SHARED_MEM_W_TAG_CORE_6                                   0                             0

POWER_BLOCK_STATES_R_CORE_7                                359492                        359492

POWER_BLOCK_STATES_W_CORE_7                                359492                        359492

POWER_FETCH_QUEUE_R_CORE_7                                1212958                       1212958

POWER_FETCH_QUEUE_W_CORE_7                                1212958                       1212958

POWER_INST_QUEUE_R_CORE_7                                 1212958                       1212958

POWER_INST_QUEUE_W_CORE_7                                 1212958                       1212958

POWER_BR_PRED_R_CORE_7                                      34816                         34816

POWER_BR_PRED_W_CORE_7                                      34816                         34816

POWER_RAS_R_CORE_7                                              0                             0

POWER_RAS_W_CORE_7                                             32                            32

POWER_ICACHE_R_CORE_7                                        7975                          7975

POWER_ICACHE_W_CORE_7                                           0                             0

POWER_ICACHE_R_TAG_CORE_7                                    7975                          7975

POWER_ICACHE_MISS_BUF_R_CORE_7                                  0                             0

POWER_ICACHE_MISS_BUF_W_CORE_7                                  0                             0

POWER_ICACHE_MISS_BUF_R_TAG_CORE_7                              0                             0

POWER_ICACHE_MISS_BUF_W_TAG_CORE_7                              0                             0

POWER_ICACHE_TOT_ACC_CORE_7                                     0                             0

POWER_ICACHE_CONF_CORE_7                                        0                             0

POWER_INST_DECODER_R_CORE_7                               1067231                       1067231

POWER_INST_DECODER_W_CORE_7                                     0                             0

POWER_MICRO_OP_SEQ_R_CORE_7                                     0                             0

POWER_MICRO_OP_SEQ_W_CORE_7                                     0                             0

POWER_OPERAND_DECODER_R_CORE_7                            1067231                       1067231

POWER_OPERAND_DECODER_W_CORE_7                                  0                             0

POWER_UOP_QUEUE_R_CORE_7                                  1212958                       1212958

POWER_UOP_QUEUE_W_CORE_7                                  1212958                       1212958

POWER_REG_RENAMING_TABLE_R_CORE_7                         1212958                       1212958

POWER_REG_RENAMING_TABLE_W_CORE_7                         1212958                       1212958

POWER_DEP_CHECK_LOGIC_R_CORE_7                            1212958                       1212958

POWER_FREELIST_R_CORE_7                                   1212958                       1212958

POWER_FREELIST_W_CORE_7                                   1212958                       1212958

POWER_RESERVATION_STATION_R_CORE_7                        2105946                       2105946

POWER_RESERVATION_STATION_W_CORE_7                        1212958                       1212958

POWER_RESERVATION_STATION_R_TAG_CORE_7                    2105946                       2105946

POWER_RESERVATION_STATION_W_TAG_CORE_7                          0                             0

POWER_INST_ISSUE_SEL_LOGIC_R_CORE_7                       2105946                       2105946

POWER_INST_ISSUE_SEL_LOGIC_W_CORE_7                       1212958                       1212958

POWER_PAYLOAD_RAM_R_CORE_7                                2105946                       2105946

POWER_PAYLOAD_RAM_W_CORE_7                                1212958                       1212958

POWER_EX_ALU_R_CORE_7                                      344990                        344990

POWER_EX_FPU_R_CORE_7                                       20544                         20544

POWER_EX_MUL_R_CORE_7                                           0                             0

POWER_EX_SFU_R_CORE_7                                           0                             0

POWER_REORDER_BUF_R_CORE_7                                1212958                       1212958

POWER_REORDER_BUF_W_CORE_7                                2425916                       2425916

POWER_INST_COMMIT_SEL_LOGIC_R_CORE_7                      1212958                       1212958

POWER_INST_COMMIT_SEL_LOGIC_W_CORE_7                      1212958                       1212958

POWER_FP_RENAME_R_CORE_7                                    55456                         55456

POWER_FP_RENAME_W_CORE_7                                        0                             0

POWER_LOAD_QUEUE_R_CORE_7                                  571469                        571469

POWER_LOAD_QUEUE_W_CORE_7                                  571469                        571469

POWER_LOAD_QUEUE_R_TAG_CORE_7                              571469                        571469

POWER_LOAD_QUEUE_W_TAG_CORE_7                                   0                             0

POWER_STORE_QUEUE_R_CORE_7                                 353782                        353782

POWER_STORE_QUEUE_W_CORE_7                                 353782                        353782

POWER_STORE_QUEUE_R_TAG_CORE_7                             353782                        353782

POWER_STORE_QUEUE_W_TAG_CORE_7                                  0                             0

POWER_DATA_TLB_R_CORE_7                                    571469                        571469

POWER_DATA_TLB_W_CORE_7                                         0                             0

POWER_DATA_TLB_R_TAG_CORE_7                                     0                             0

POWER_DATA_TLB_W_TAG_CORE_7                                     0                             0

POWER_INT_REGFILE_R_CORE_7                                1537404                       1537404

POWER_INT_REGFILE_W_CORE_7                                1192414                       1192414

POWER_FP_REGFILE_R_CORE_7                                   32896                         32896

POWER_FP_REGFILE_W_CORE_7                                   20544                         20544

POWER_GP_REGISTER_R_CORE_7                                1537404                       1537404

POWER_GP_REGISTER_W_CORE_7                                1192414                       1192414

POWER_FP_REGISTER_R_CORE_7                                  41088                         41088

POWER_FP_REGISTER_W_CORE_7                                  20544                         20544

POWER_SEGMENT_REGISTER_R_CORE_7                            847424                        847424

POWER_SEGMENT_REGISTER_W_CORE_7                           1688704                       1688704

POWER_CONTROL_REGISTER_R_CORE_7                                 0                             0

POWER_CONTROL_REGISTER_W_CORE_7                              4544                          4544

POWER_FLAG_REGISTER_R_CORE_7                                    0                             0

POWER_FLAG_REGISTER_W_CORE_7                               264320                        264320

POWER_EXEC_BYPASS_CORE_7                                  1212958                       1212958

POWER_LOAD_BYPASS_CORE_7                                        0                             0

POWER_PIPELINE_CORE_7                                     1067231                       1067231

POWER_DCACHE_MISS_BUF_R_CORE_7                                  0                             0

POWER_DCACHE_MISS_BUF_R_TAG_CORE_7                          32263                         32263

POWER_DCACHE_MISS_BUF_W_CORE_7                              32263                         32263

POWER_DCACHE_MISS_BUF_W_TAG_CORE_7                              0                             0

POWER_DCACHE_LINEFILL_BUF_R_CORE_7                              0                             0

POWER_L2CACHE_LINEFILL_BUF_R_CORE_7                             0                             0

POWER_DCACHE_LINEFILL_BUF_W_CORE_7                              0                             0

POWER_L2CACHE_LINEFILL_BUF_W_CORE_7                             0                             0

POWER_DCACHE_LINEFILL_BUF_R_TAG_CORE_7                          0                             0

POWER_L2CACHE_LINEFILL_BUF_R_TAG_CORE_7                         0                             0

POWER_DCACHE_LINEFILL_BUF_W_TAG_CORE_7                          0                             0

POWER_DCACHE_WB_BUF_R_CORE_7                                    0                             0

POWER_L2CACHE_WB_BUF_R_CORE_7                                   0                             0

POWER_DCACHE_WB_BUF_W_CORE_7                                    0                             0

POWER_L2CACHE_WB_BUF_W_CORE_7                                   0                             0

POWER_DCACHE_WB_BUF_R_TAG_CORE_7                                0                             0

POWER_L2CACHE_WB_BUF_R_TAG_CORE_7                               0                             0

POWER_DCACHE_WB_BUF_W_TAG_CORE_7                                0                             0

POWER_DCACHE_R_CORE_7                                           0                             0

POWER_L2CACHE_R_CORE_7                                          0                             0

POWER_DCACHE_W_CORE_7                                           0                             0

POWER_L2CACHE_W_CORE_7                                          0                             0

POWER_DCACHE_R_TAG_CORE_7                                       0                             0

POWER_L2CACHE_R_TAG_CORE_7                                      0                             0

POWER_CONST_CACHE_R_CORE_7                                      0                             0

POWER_CONST_CACHE_W_CORE_7                                      0                             0

POWER_CONST_CACHE_R_TAG_CORE_7                                  0                             0

POWER_CONST_CACHE_W_TAG_CORE_7                                  0                             0

POWER_TEXTURE_CACHE_R_CORE_7                                    0                             0

POWER_TEXTURE_CACHE_W_CORE_7                                    0                             0

POWER_TEXTURE_CACHE_R_TAG_CORE_7                                0                             0

POWER_TEXTURE_CACHE_W_TAG_CORE_7                                0                             0

POWER_SHARED_MEM_R_CORE_7                                       0                             0

POWER_SHARED_MEM_W_CORE_7                                       0                             0

POWER_SHARED_MEM_R_TAG_CORE_7                                   0                             0

POWER_SHARED_MEM_W_TAG_CORE_7                                   0                             0

