####################################################################################################
Interval
####################################################################################################

POWER_L3CACHE_LINEFILL_BUF_R                                    0                             0

POWER_L3CACHE_LINEFILL_BUF_W                                    0                             0

POWER_L3CACHE_LINEFILL_BUF_R_TAG                                0                             0

POWER_L3CACHE_WB_BUF_R                                          0                             0

POWER_L3CACHE_WB_BUF_W                                          0                             0

POWER_L3CACHE_WB_BUF_R_TAG                                      0                             0

POWER_L3CACHE_R                                                 0                             0

POWER_L3CACHE_W                                                 0                             0

POWER_L3CACHE_R_TAG                                             0                             0

POWER_MC_R                                                      0                             0

POWER_MC_W                                                      0                             0

POWER_BLOCK_STATES_R_CORE_0                               1135946                       1135946

POWER_BLOCK_STATES_W_CORE_0                               1135946                       1135946

POWER_FETCH_QUEUE_R_CORE_0                                 428227                        428227

POWER_FETCH_QUEUE_W_CORE_0                                 428227                        428227

POWER_INST_QUEUE_R_CORE_0                                 1749983                       1749983

POWER_INST_QUEUE_W_CORE_0                                  428227                        428227

POWER_BR_PRED_R_CORE_0                                      74098                         74098

POWER_BR_PRED_W_CORE_0                                      74053                         74053

POWER_RAS_R_CORE_0                                             90                            90

POWER_RAS_W_CORE_0                                             94                            94

POWER_ICACHE_R_CORE_0                                      107067                        107067

POWER_ICACHE_W_CORE_0                                           0                             0

POWER_ICACHE_R_TAG_CORE_0                                  107027                        107027

POWER_ICACHE_MISS_BUF_R_CORE_0                                  0                             0

POWER_ICACHE_MISS_BUF_W_CORE_0                                  0                             0

POWER_ICACHE_MISS_BUF_R_TAG_CORE_0                              0                             0

POWER_ICACHE_MISS_BUF_W_TAG_CORE_0                              0                             0

POWER_ICACHE_TOT_ACC_CORE_0                                     0                             0

POWER_ICACHE_CONF_CORE_0                                        0                             0

POWER_INST_DECODER_R_CORE_0                                352636                        352636

POWER_INST_DECODER_W_CORE_0                                     0                             0

POWER_MICRO_OP_SEQ_R_CORE_0                                     0                             0

POWER_MICRO_OP_SEQ_W_CORE_0                                     0                             0

POWER_OPERAND_DECODER_R_CORE_0                             352636                        352636

POWER_OPERAND_DECODER_W_CORE_0                                  0                             0

POWER_UOP_QUEUE_R_CORE_0                                  1749983                       1749983

POWER_UOP_QUEUE_W_CORE_0                                   428227                        428227

POWER_REG_RENAMING_TABLE_R_CORE_0                         1749983                       1749983

POWER_REG_RENAMING_TABLE_W_CORE_0                          428227                        428227

POWER_DEP_CHECK_LOGIC_R_CORE_0                             428227                        428227

POWER_FREELIST_R_CORE_0                                   1749983                       1749983

POWER_FREELIST_W_CORE_0                                    428227                        428227

POWER_RESERVATION_STATION_R_CORE_0                        6771028                       6771028

POWER_RESERVATION_STATION_W_CORE_0                         428227                        428227

POWER_RESERVATION_STATION_R_TAG_CORE_0                    6771028                       6771028

POWER_RESERVATION_STATION_W_TAG_CORE_0                          0                             0

POWER_INST_ISSUE_SEL_LOGIC_R_CORE_0                       6771028                       6771028

POWER_INST_ISSUE_SEL_LOGIC_W_CORE_0                        428227                        428227

POWER_PAYLOAD_RAM_R_CORE_0                                6771028                       6771028

POWER_PAYLOAD_RAM_W_CORE_0                                 428227                        428227

POWER_EX_ALU_R_CORE_0                                      343836                        343836

POWER_EX_FPU_R_CORE_0                                           0                             0

POWER_EX_MUL_R_CORE_0                                         629                           629

POWER_EX_SFU_R_CORE_0                                           0                             0

POWER_REORDER_BUF_R_CORE_0                                 428227                        428227

POWER_REORDER_BUF_W_CORE_0                                 856454                        856454

POWER_INST_COMMIT_SEL_LOGIC_R_CORE_0                       428227                        428227

POWER_INST_COMMIT_SEL_LOGIC_W_CORE_0                       428227                        428227

POWER_FP_RENAME_R_CORE_0                                        0                             0

POWER_FP_RENAME_W_CORE_0                                        0                             0

POWER_LOAD_QUEUE_R_CORE_0                                 1209916                       1209916

POWER_LOAD_QUEUE_W_CORE_0                                 1209916                       1209916

POWER_LOAD_QUEUE_R_TAG_CORE_0                             1209916                       1209916

POWER_LOAD_QUEUE_W_TAG_CORE_0                                   0                             0

POWER_STORE_QUEUE_R_CORE_0                                5216647                       5216647

POWER_STORE_QUEUE_W_CORE_0                                5216647                       5216647

POWER_STORE_QUEUE_R_TAG_CORE_0                            5216647                       5216647

POWER_STORE_QUEUE_W_TAG_CORE_0                                  0                             0

POWER_DATA_TLB_R_CORE_0                                   1209916                       1209916

POWER_DATA_TLB_W_CORE_0                                         0                             0

POWER_DATA_TLB_R_TAG_CORE_0                                     0                             0

POWER_DATA_TLB_W_TAG_CORE_0                                     0                             0

POWER_INT_REGFILE_R_CORE_0                                 772692                        772692

POWER_INT_REGFILE_W_CORE_0                                 428227                        428227

POWER_FP_REGFILE_R_CORE_0                                       0                             0

POWER_FP_REGFILE_W_CORE_0                                       0                             0

POWER_GP_REGISTER_R_CORE_0                                 772692                        772692

POWER_GP_REGISTER_W_CORE_0                                 428227                        428227

POWER_FP_REGISTER_R_CORE_0                                      0                             0

POWER_FP_REGISTER_W_CORE_0                                      0                             0

POWER_SEGMENT_REGISTER_R_CORE_0                             83762                         83762

POWER_SEGMENT_REGISTER_W_CORE_0                            167501                        167501

POWER_CONTROL_REGISTER_R_CORE_0                                 0                             0

POWER_CONTROL_REGISTER_W_CORE_0                               956                           956

POWER_FLAG_REGISTER_R_CORE_0                                    0                             0

POWER_FLAG_REGISTER_W_CORE_0                               194235                        194235

POWER_EXEC_BYPASS_CORE_0                                   428227                        428227

POWER_LOAD_BYPASS_CORE_0                                        0                             0

POWER_PIPELINE_CORE_0                                      352636                        352636

POWER_DCACHE_MISS_BUF_R_CORE_0                                  0                             0

POWER_DCACHE_MISS_BUF_R_TAG_CORE_0                          83762                         83762

POWER_DCACHE_MISS_BUF_W_CORE_0                              83762                         83762

POWER_DCACHE_MISS_BUF_W_TAG_CORE_0                              0                             0

POWER_DCACHE_LINEFILL_BUF_R_CORE_0                              0                             0

POWER_L2CACHE_LINEFILL_BUF_R_CORE_0                             0                             0

POWER_DCACHE_LINEFILL_BUF_W_CORE_0                              0                             0

POWER_L2CACHE_LINEFILL_BUF_W_CORE_0                             0                             0

POWER_DCACHE_LINEFILL_BUF_R_TAG_CORE_0                          0                             0

POWER_L2CACHE_LINEFILL_BUF_R_TAG_CORE_0                         0                             0

POWER_DCACHE_LINEFILL_BUF_W_TAG_CORE_0                          0                             0

POWER_DCACHE_WB_BUF_R_CORE_0                                    0                             0

POWER_L2CACHE_WB_BUF_R_CORE_0                                   0                             0

POWER_DCACHE_WB_BUF_W_CORE_0                                    0                             0

POWER_L2CACHE_WB_BUF_W_CORE_0                                   0                             0

POWER_DCACHE_WB_BUF_R_TAG_CORE_0                                0                             0

POWER_L2CACHE_WB_BUF_R_TAG_CORE_0                               0                             0

POWER_DCACHE_WB_BUF_W_TAG_CORE_0                                0                             0

POWER_DCACHE_R_CORE_0                                           0                             0

POWER_L2CACHE_R_CORE_0                                          0                             0

POWER_DCACHE_W_CORE_0                                           0                             0

POWER_L2CACHE_W_CORE_0                                          0                             0

POWER_DCACHE_R_TAG_CORE_0                                       0                             0

POWER_L2CACHE_R_TAG_CORE_0                                      0                             0

POWER_CONST_CACHE_R_CORE_0                                      0                             0

POWER_CONST_CACHE_W_CORE_0                                      0                             0

POWER_CONST_CACHE_R_TAG_CORE_0                                  0                             0

POWER_CONST_CACHE_W_TAG_CORE_0                                  0                             0

POWER_TEXTURE_CACHE_R_CORE_0                                    0                             0

POWER_TEXTURE_CACHE_W_CORE_0                                    0                             0

POWER_TEXTURE_CACHE_R_TAG_CORE_0                                0                             0

POWER_TEXTURE_CACHE_W_TAG_CORE_0                                0                             0

POWER_SHARED_MEM_R_CORE_0                                       0                             0

POWER_SHARED_MEM_W_CORE_0                                       0                             0

POWER_SHARED_MEM_R_TAG_CORE_0                                   0                             0

POWER_SHARED_MEM_W_TAG_CORE_0                                   0                             0

POWER_BLOCK_STATES_R_CORE_1                                     0                             0

POWER_BLOCK_STATES_W_CORE_1                                     0                             0

POWER_FETCH_QUEUE_R_CORE_1                                      0                             0

POWER_FETCH_QUEUE_W_CORE_1                                      0                             0

POWER_INST_QUEUE_R_CORE_1                                       0                             0

POWER_INST_QUEUE_W_CORE_1                                       0                             0

POWER_BR_PRED_R_CORE_1                                          0                             0

POWER_BR_PRED_W_CORE_1                                          0                             0

POWER_RAS_R_CORE_1                                              0                             0

POWER_RAS_W_CORE_1                                              0                             0

POWER_ICACHE_R_CORE_1                                           0                             0

POWER_ICACHE_W_CORE_1                                           0                             0

POWER_ICACHE_R_TAG_CORE_1                                       0                             0

POWER_ICACHE_MISS_BUF_R_CORE_1                                  0                             0

POWER_ICACHE_MISS_BUF_W_CORE_1                                  0                             0

POWER_ICACHE_MISS_BUF_R_TAG_CORE_1                              0                             0

POWER_ICACHE_MISS_BUF_W_TAG_CORE_1                              0                             0

POWER_ICACHE_TOT_ACC_CORE_1                                     0                             0

POWER_ICACHE_CONF_CORE_1                                        0                             0

POWER_INST_DECODER_R_CORE_1                                     0                             0

POWER_INST_DECODER_W_CORE_1                                     0                             0

POWER_MICRO_OP_SEQ_R_CORE_1                                     0                             0

POWER_MICRO_OP_SEQ_W_CORE_1                                     0                             0

POWER_OPERAND_DECODER_R_CORE_1                                  0                             0

POWER_OPERAND_DECODER_W_CORE_1                                  0                             0

POWER_UOP_QUEUE_R_CORE_1                                        0                             0

POWER_UOP_QUEUE_W_CORE_1                                        0                             0

POWER_REG_RENAMING_TABLE_R_CORE_1                               0                             0

POWER_REG_RENAMING_TABLE_W_CORE_1                               0                             0

POWER_DEP_CHECK_LOGIC_R_CORE_1                                  0                             0

POWER_FREELIST_R_CORE_1                                         0                             0

POWER_FREELIST_W_CORE_1                                         0                             0

POWER_RESERVATION_STATION_R_CORE_1                              0                             0

POWER_RESERVATION_STATION_W_CORE_1                              0                             0

POWER_RESERVATION_STATION_R_TAG_CORE_1                          0                             0

POWER_RESERVATION_STATION_W_TAG_CORE_1                          0                             0

POWER_INST_ISSUE_SEL_LOGIC_R_CORE_1                             0                             0

POWER_INST_ISSUE_SEL_LOGIC_W_CORE_1                             0                             0

POWER_PAYLOAD_RAM_R_CORE_1                                      0                             0

POWER_PAYLOAD_RAM_W_CORE_1                                      0                             0

POWER_EX_ALU_R_CORE_1                                           0                             0

POWER_EX_FPU_R_CORE_1                                           0                             0

POWER_EX_MUL_R_CORE_1                                           0                             0

POWER_EX_SFU_R_CORE_1                                           0                             0

POWER_REORDER_BUF_R_CORE_1                                      0                             0

POWER_REORDER_BUF_W_CORE_1                                      0                             0

POWER_INST_COMMIT_SEL_LOGIC_R_CORE_1                            0                             0

POWER_INST_COMMIT_SEL_LOGIC_W_CORE_1                            0                             0

POWER_FP_RENAME_R_CORE_1                                        0                             0

POWER_FP_RENAME_W_CORE_1                                        0                             0

POWER_LOAD_QUEUE_R_CORE_1                                       0                             0

POWER_LOAD_QUEUE_W_CORE_1                                       0                             0

POWER_LOAD_QUEUE_R_TAG_CORE_1                                   0                             0

POWER_LOAD_QUEUE_W_TAG_CORE_1                                   0                             0

POWER_STORE_QUEUE_R_CORE_1                                      0                             0

POWER_STORE_QUEUE_W_CORE_1                                      0                             0

POWER_STORE_QUEUE_R_TAG_CORE_1                                  0                             0

POWER_STORE_QUEUE_W_TAG_CORE_1                                  0                             0

POWER_DATA_TLB_R_CORE_1                                         0                             0

POWER_DATA_TLB_W_CORE_1                                         0                             0

POWER_DATA_TLB_R_TAG_CORE_1                                     0                             0

POWER_DATA_TLB_W_TAG_CORE_1                                     0                             0

POWER_INT_REGFILE_R_CORE_1                                      0                             0

POWER_INT_REGFILE_W_CORE_1                                      0                             0

POWER_FP_REGFILE_R_CORE_1                                       0                             0

POWER_FP_REGFILE_W_CORE_1                                       0                             0

POWER_GP_REGISTER_R_CORE_1                                      0                             0

POWER_GP_REGISTER_W_CORE_1                                      0                             0

POWER_FP_REGISTER_R_CORE_1                                      0                             0

POWER_FP_REGISTER_W_CORE_1                                      0                             0

POWER_SEGMENT_REGISTER_R_CORE_1                                 0                             0

POWER_SEGMENT_REGISTER_W_CORE_1                                 0                             0

POWER_CONTROL_REGISTER_R_CORE_1                                 0                             0

POWER_CONTROL_REGISTER_W_CORE_1                                 0                             0

POWER_FLAG_REGISTER_R_CORE_1                                    0                             0

POWER_FLAG_REGISTER_W_CORE_1                                    0                             0

POWER_EXEC_BYPASS_CORE_1                                        0                             0

POWER_LOAD_BYPASS_CORE_1                                        0                             0

POWER_PIPELINE_CORE_1                                           0                             0

POWER_DCACHE_MISS_BUF_R_CORE_1                                  0                             0

POWER_DCACHE_MISS_BUF_R_TAG_CORE_1                              0                             0

POWER_DCACHE_MISS_BUF_W_CORE_1                                  0                             0

POWER_DCACHE_MISS_BUF_W_TAG_CORE_1                              0                             0

POWER_DCACHE_LINEFILL_BUF_R_CORE_1                              0                             0

POWER_L2CACHE_LINEFILL_BUF_R_CORE_1                             0                             0

POWER_DCACHE_LINEFILL_BUF_W_CORE_1                              0                             0

POWER_L2CACHE_LINEFILL_BUF_W_CORE_1                             0                             0

POWER_DCACHE_LINEFILL_BUF_R_TAG_CORE_1                          0                             0

POWER_L2CACHE_LINEFILL_BUF_R_TAG_CORE_1                         0                             0

POWER_DCACHE_LINEFILL_BUF_W_TAG_CORE_1                          0                             0

POWER_DCACHE_WB_BUF_R_CORE_1                                    0                             0

POWER_L2CACHE_WB_BUF_R_CORE_1                                   0                             0

POWER_DCACHE_WB_BUF_W_CORE_1                                    0                             0

POWER_L2CACHE_WB_BUF_W_CORE_1                                   0                             0

POWER_DCACHE_WB_BUF_R_TAG_CORE_1                                0                             0

POWER_L2CACHE_WB_BUF_R_TAG_CORE_1                               0                             0

POWER_DCACHE_WB_BUF_W_TAG_CORE_1                                0                             0

POWER_DCACHE_R_CORE_1                                           0                             0

POWER_L2CACHE_R_CORE_1                                          0                             0

POWER_DCACHE_W_CORE_1                                           0                             0

POWER_L2CACHE_W_CORE_1                                          0                             0

POWER_DCACHE_R_TAG_CORE_1                                       0                             0

POWER_L2CACHE_R_TAG_CORE_1                                      0                             0

POWER_CONST_CACHE_R_CORE_1                                      0                             0

POWER_CONST_CACHE_W_CORE_1                                      0                             0

POWER_CONST_CACHE_R_TAG_CORE_1                                  0                             0

POWER_CONST_CACHE_W_TAG_CORE_1                                  0                             0

POWER_TEXTURE_CACHE_R_CORE_1                                    0                             0

POWER_TEXTURE_CACHE_W_CORE_1                                    0                             0

POWER_TEXTURE_CACHE_R_TAG_CORE_1                                0                             0

POWER_TEXTURE_CACHE_W_TAG_CORE_1                                0                             0

POWER_SHARED_MEM_R_CORE_1                                       0                             0

POWER_SHARED_MEM_W_CORE_1                                       0                             0

POWER_SHARED_MEM_R_TAG_CORE_1                                   0                             0

POWER_SHARED_MEM_W_TAG_CORE_1                                   0                             0

POWER_BLOCK_STATES_R_CORE_2                                 83478                         83478

POWER_BLOCK_STATES_W_CORE_2                                 83478                         83478

POWER_FETCH_QUEUE_R_CORE_2                                 284632                        284632

POWER_FETCH_QUEUE_W_CORE_2                                 284632                        284632

POWER_INST_QUEUE_R_CORE_2                                  284632                        284632

POWER_INST_QUEUE_W_CORE_2                                  284632                        284632

POWER_BR_PRED_R_CORE_2                                      34584                         34584

POWER_BR_PRED_W_CORE_2                                      34584                         34584

POWER_RAS_R_CORE_2                                              0                             0

POWER_RAS_W_CORE_2                                              0                             0

POWER_ICACHE_R_CORE_2                                        1755                          1755

POWER_ICACHE_W_CORE_2                                           0                             0

POWER_ICACHE_R_TAG_CORE_2                                    1755                          1755

POWER_ICACHE_MISS_BUF_R_CORE_2                                  0                             0

POWER_ICACHE_MISS_BUF_W_CORE_2                                  0                             0

POWER_ICACHE_MISS_BUF_R_TAG_CORE_2                              0                             0

POWER_ICACHE_MISS_BUF_W_TAG_CORE_2                              0                             0

POWER_ICACHE_TOT_ACC_CORE_2                                     0                             0

POWER_ICACHE_CONF_CORE_2                                        0                             0

POWER_INST_DECODER_R_CORE_2                                248113                        248113

POWER_INST_DECODER_W_CORE_2                                     0                             0

POWER_MICRO_OP_SEQ_R_CORE_2                                     0                             0

POWER_MICRO_OP_SEQ_W_CORE_2                                     0                             0

POWER_OPERAND_DECODER_R_CORE_2                             248113                        248113

POWER_OPERAND_DECODER_W_CORE_2                                  0                             0

POWER_UOP_QUEUE_R_CORE_2                                   284632                        284632

POWER_UOP_QUEUE_W_CORE_2                                   284632                        284632

POWER_REG_RENAMING_TABLE_R_CORE_2                          284632                        284632

POWER_REG_RENAMING_TABLE_W_CORE_2                          284632                        284632

POWER_DEP_CHECK_LOGIC_R_CORE_2                             284632                        284632

POWER_FREELIST_R_CORE_2                                    284632                        284632

POWER_FREELIST_W_CORE_2                                    284632                        284632

POWER_RESERVATION_STATION_R_CORE_2                        1091601                       1091601

POWER_RESERVATION_STATION_W_CORE_2                         284632                        284632

POWER_RESERVATION_STATION_R_TAG_CORE_2                    1091601                       1091601

POWER_RESERVATION_STATION_W_TAG_CORE_2                          0                             0

POWER_INST_ISSUE_SEL_LOGIC_R_CORE_2                       1091601                       1091601

POWER_INST_ISSUE_SEL_LOGIC_W_CORE_2                        284632                        284632

POWER_PAYLOAD_RAM_R_CORE_2                                1091601                       1091601

POWER_PAYLOAD_RAM_W_CORE_2                                 284632                        284632

POWER_EX_ALU_R_CORE_2                                      208494                        208494

POWER_EX_FPU_R_CORE_2                                           0                             0

POWER_EX_MUL_R_CORE_2                                         968                           968

POWER_EX_SFU_R_CORE_2                                           0                             0

POWER_REORDER_BUF_R_CORE_2                                 284632                        284632

POWER_REORDER_BUF_W_CORE_2                                 569264                        569264

POWER_INST_COMMIT_SEL_LOGIC_R_CORE_2                       284632                        284632

POWER_INST_COMMIT_SEL_LOGIC_W_CORE_2                       284632                        284632

POWER_FP_RENAME_R_CORE_2                                        0                             0

POWER_FP_RENAME_W_CORE_2                                        0                             0

POWER_LOAD_QUEUE_R_CORE_2                                   66160                         66160

POWER_LOAD_QUEUE_W_CORE_2                                   66160                         66160

POWER_LOAD_QUEUE_R_TAG_CORE_2                               66160                         66160

POWER_LOAD_QUEUE_W_TAG_CORE_2                                   0                             0

POWER_STORE_QUEUE_R_CORE_2                                 750588                        750588

POWER_STORE_QUEUE_W_CORE_2                                 750588                        750588

POWER_STORE_QUEUE_R_TAG_CORE_2                             750588                        750588

POWER_STORE_QUEUE_W_TAG_CORE_2                                  0                             0

POWER_DATA_TLB_R_CORE_2                                     66160                         66160

POWER_DATA_TLB_W_CORE_2                                         0                             0

POWER_DATA_TLB_R_TAG_CORE_2                                     0                             0

POWER_DATA_TLB_W_TAG_CORE_2                                     0                             0

POWER_INT_REGFILE_R_CORE_2                                 494094                        494094

POWER_INT_REGFILE_W_CORE_2                                 284632                        284632

POWER_FP_REGFILE_R_CORE_2                                       0                             0

POWER_FP_REGFILE_W_CORE_2                                       0                             0

POWER_GP_REGISTER_R_CORE_2                                 494094                        494094

POWER_GP_REGISTER_W_CORE_2                                 284632                        284632

POWER_FP_REGISTER_R_CORE_2                                      0                             0

POWER_FP_REGISTER_W_CORE_2                                      0                             0

POWER_SEGMENT_REGISTER_R_CORE_2                             75170                         75170

POWER_SEGMENT_REGISTER_W_CORE_2                            150340                        150340

POWER_CONTROL_REGISTER_R_CORE_2                                 0                             0

POWER_CONTROL_REGISTER_W_CORE_2                              1864                          1864

POWER_FLAG_REGISTER_R_CORE_2                                    0                             0

POWER_FLAG_REGISTER_W_CORE_2                               137904                        137904

POWER_EXEC_BYPASS_CORE_2                                   284632                        284632

POWER_LOAD_BYPASS_CORE_2                                        0                             0

POWER_PIPELINE_CORE_2                                      248113                        248113

POWER_DCACHE_MISS_BUF_R_CORE_2                                  0                             0

POWER_DCACHE_MISS_BUF_R_TAG_CORE_2                           9779                          9779

POWER_DCACHE_MISS_BUF_W_CORE_2                               9779                          9779

POWER_DCACHE_MISS_BUF_W_TAG_CORE_2                              0                             0

POWER_DCACHE_LINEFILL_BUF_R_CORE_2                              0                             0

POWER_L2CACHE_LINEFILL_BUF_R_CORE_2                             0                             0

POWER_DCACHE_LINEFILL_BUF_W_CORE_2                              0                             0

POWER_L2CACHE_LINEFILL_BUF_W_CORE_2                             0                             0

POWER_DCACHE_LINEFILL_BUF_R_TAG_CORE_2                          0                             0

POWER_L2CACHE_LINEFILL_BUF_R_TAG_CORE_2                         0                             0

POWER_DCACHE_LINEFILL_BUF_W_TAG_CORE_2                          0                             0

POWER_DCACHE_WB_BUF_R_CORE_2                                    0                             0

POWER_L2CACHE_WB_BUF_R_CORE_2                                   0                             0

POWER_DCACHE_WB_BUF_W_CORE_2                                    0                             0

POWER_L2CACHE_WB_BUF_W_CORE_2                                   0                             0

POWER_DCACHE_WB_BUF_R_TAG_CORE_2                                0                             0

POWER_L2CACHE_WB_BUF_R_TAG_CORE_2                               0                             0

POWER_DCACHE_WB_BUF_W_TAG_CORE_2                                0                             0

POWER_DCACHE_R_CORE_2                                           0                             0

POWER_L2CACHE_R_CORE_2                                          0                             0

POWER_DCACHE_W_CORE_2                                           0                             0

POWER_L2CACHE_W_CORE_2                                          0                             0

POWER_DCACHE_R_TAG_CORE_2                                       0                             0

POWER_L2CACHE_R_TAG_CORE_2                                      0                             0

POWER_CONST_CACHE_R_CORE_2                                      0                             0

POWER_CONST_CACHE_W_CORE_2                                      0                             0

POWER_CONST_CACHE_R_TAG_CORE_2                                  0                             0

POWER_CONST_CACHE_W_TAG_CORE_2                                  0                             0

POWER_TEXTURE_CACHE_R_CORE_2                                    0                             0

POWER_TEXTURE_CACHE_W_CORE_2                                    0                             0

POWER_TEXTURE_CACHE_R_TAG_CORE_2                                0                             0

POWER_TEXTURE_CACHE_W_TAG_CORE_2                                0                             0

POWER_SHARED_MEM_R_CORE_2                                       0                             0

POWER_SHARED_MEM_W_CORE_2                                       0                             0

POWER_SHARED_MEM_R_TAG_CORE_2                                   0                             0

POWER_SHARED_MEM_W_TAG_CORE_2                                   0                             0

POWER_BLOCK_STATES_R_CORE_3                                254483                        254483

POWER_BLOCK_STATES_W_CORE_3                                254483                        254483

POWER_FETCH_QUEUE_R_CORE_3                                 556150                        556150

POWER_FETCH_QUEUE_W_CORE_3                                 556150                        556150

POWER_INST_QUEUE_R_CORE_3                                  556150                        556150

POWER_INST_QUEUE_W_CORE_3                                  556150                        556150

POWER_BR_PRED_R_CORE_3                                      36200                         36200

POWER_BR_PRED_W_CORE_3                                      36200                         36200

POWER_RAS_R_CORE_3                                              0                             0

POWER_RAS_W_CORE_3                                              0                             0

POWER_ICACHE_R_CORE_3                                        3813                          3813

POWER_ICACHE_W_CORE_3                                           0                             0

POWER_ICACHE_R_TAG_CORE_3                                    3813                          3813

POWER_ICACHE_MISS_BUF_R_CORE_3                                  0                             0

POWER_ICACHE_MISS_BUF_W_CORE_3                                  0                             0

POWER_ICACHE_MISS_BUF_R_TAG_CORE_3                              0                             0

POWER_ICACHE_MISS_BUF_W_TAG_CORE_3                              0                             0

POWER_ICACHE_TOT_ACC_CORE_3                                     0                             0

POWER_ICACHE_CONF_CORE_3                                        0                             0

POWER_INST_DECODER_R_CORE_3                                441623                        441623

POWER_INST_DECODER_W_CORE_3                                     0                             0

POWER_MICRO_OP_SEQ_R_CORE_3                                     0                             0

POWER_MICRO_OP_SEQ_W_CORE_3                                     0                             0

POWER_OPERAND_DECODER_R_CORE_3                             441623                        441623

POWER_OPERAND_DECODER_W_CORE_3                                  0                             0

POWER_UOP_QUEUE_R_CORE_3                                   556150                        556150

POWER_UOP_QUEUE_W_CORE_3                                   556150                        556150

POWER_REG_RENAMING_TABLE_R_CORE_3                          556150                        556150

POWER_REG_RENAMING_TABLE_W_CORE_3                          556150                        556150

POWER_DEP_CHECK_LOGIC_R_CORE_3                             556150                        556150

POWER_FREELIST_R_CORE_3                                    556150                        556150

POWER_FREELIST_W_CORE_3                                    556150                        556150

POWER_RESERVATION_STATION_R_CORE_3                        2813703                       2813703

POWER_RESERVATION_STATION_W_CORE_3                         556150                        556150

POWER_RESERVATION_STATION_R_TAG_CORE_3                    2813703                       2813703

POWER_RESERVATION_STATION_W_TAG_CORE_3                          0                             0

POWER_INST_ISSUE_SEL_LOGIC_R_CORE_3                       2813703                       2813703

POWER_INST_ISSUE_SEL_LOGIC_W_CORE_3                        556150                        556150

POWER_PAYLOAD_RAM_R_CORE_3                                2813703                       2813703

POWER_PAYLOAD_RAM_W_CORE_3                                 556150                        556150

POWER_EX_ALU_R_CORE_3                                      292710                        292710

POWER_EX_FPU_R_CORE_3                                       35264                         35264

POWER_EX_MUL_R_CORE_3                                       36272                         36272

POWER_EX_SFU_R_CORE_3                                           0                             0

POWER_REORDER_BUF_R_CORE_3                                 556150                        556150

POWER_REORDER_BUF_W_CORE_3                                1112300                       1112300

POWER_INST_COMMIT_SEL_LOGIC_R_CORE_3                       556150                        556150

POWER_INST_COMMIT_SEL_LOGIC_W_CORE_3                       556150                        556150

POWER_FP_RENAME_R_CORE_3                                   105792                        105792

POWER_FP_RENAME_W_CORE_3                                        0                             0

POWER_LOAD_QUEUE_R_CORE_3                                  214807                        214807

POWER_LOAD_QUEUE_W_CORE_3                                  214807                        214807

POWER_LOAD_QUEUE_R_TAG_CORE_3                              214807                        214807

POWER_LOAD_QUEUE_W_TAG_CORE_3                                   0                             0

POWER_STORE_QUEUE_R_CORE_3                                2067518                       2067518

POWER_STORE_QUEUE_W_CORE_3                                2067518                       2067518

POWER_STORE_QUEUE_R_TAG_CORE_3                            2067518                       2067518

POWER_STORE_QUEUE_W_TAG_CORE_3                                  0                             0

POWER_DATA_TLB_R_CORE_3                                    214807                        214807

POWER_DATA_TLB_W_CORE_3                                         0                             0

POWER_DATA_TLB_R_TAG_CORE_3                                     0                             0

POWER_DATA_TLB_W_TAG_CORE_3                                     0                             0

POWER_INT_REGFILE_R_CORE_3                                 849868                        849868

POWER_INT_REGFILE_W_CORE_3                                 520886                        520886

POWER_FP_REGFILE_R_CORE_3                                   70528                         70528

POWER_FP_REGFILE_W_CORE_3                                   35264                         35264

POWER_GP_REGISTER_R_CORE_3                                 849868                        849868

POWER_GP_REGISTER_W_CORE_3                                 520886                        520886

POWER_FP_REGISTER_R_CORE_3                                  70528                         70528

POWER_FP_REGISTER_W_CORE_3                                  35264                         35264

POWER_SEGMENT_REGISTER_R_CORE_3                            191904                        191904

POWER_SEGMENT_REGISTER_W_CORE_3                            382880                        382880

POWER_CONTROL_REGISTER_R_CORE_3                                 0                             0

POWER_CONTROL_REGISTER_W_CORE_3                              1864                          1864

POWER_FLAG_REGISTER_R_CORE_3                                    0                             0

POWER_FLAG_REGISTER_W_CORE_3                               254640                        254640

POWER_EXEC_BYPASS_CORE_3                                   556150                        556150

POWER_LOAD_BYPASS_CORE_3                                        0                             0

POWER_PIPELINE_CORE_3                                      441623                        441623

POWER_DCACHE_MISS_BUF_R_CORE_3                                  0                             0

POWER_DCACHE_MISS_BUF_R_TAG_CORE_3                          24772                         24772

POWER_DCACHE_MISS_BUF_W_CORE_3                              24772                         24772

POWER_DCACHE_MISS_BUF_W_TAG_CORE_3                              0                             0

POWER_DCACHE_LINEFILL_BUF_R_CORE_3                              0                             0

POWER_L2CACHE_LINEFILL_BUF_R_CORE_3                             0                             0

POWER_DCACHE_LINEFILL_BUF_W_CORE_3                              0                             0

POWER_L2CACHE_LINEFILL_BUF_W_CORE_3                             0                             0

POWER_DCACHE_LINEFILL_BUF_R_TAG_CORE_3                          0                             0

POWER_L2CACHE_LINEFILL_BUF_R_TAG_CORE_3                         0                             0

POWER_DCACHE_LINEFILL_BUF_W_TAG_CORE_3                          0                             0

POWER_DCACHE_WB_BUF_R_CORE_3                                    0                             0

POWER_L2CACHE_WB_BUF_R_CORE_3                                   0                             0

POWER_DCACHE_WB_BUF_W_CORE_3                                    0                             0

POWER_L2CACHE_WB_BUF_W_CORE_3                                   0                             0

POWER_DCACHE_WB_BUF_R_TAG_CORE_3                                0                             0

POWER_L2CACHE_WB_BUF_R_TAG_CORE_3                               0                             0

POWER_DCACHE_WB_BUF_W_TAG_CORE_3                                0                             0

POWER_DCACHE_R_CORE_3                                           0                             0

POWER_L2CACHE_R_CORE_3                                          0                             0

POWER_DCACHE_W_CORE_3                                           0                             0

POWER_L2CACHE_W_CORE_3                                          0                             0

POWER_DCACHE_R_TAG_CORE_3                                       0                             0

POWER_L2CACHE_R_TAG_CORE_3                                      0                             0

POWER_CONST_CACHE_R_CORE_3                                      0                             0

POWER_CONST_CACHE_W_CORE_3                                      0                             0

POWER_CONST_CACHE_R_TAG_CORE_3                                  0                             0

POWER_CONST_CACHE_W_TAG_CORE_3                                  0                             0

POWER_TEXTURE_CACHE_R_CORE_3                                    0                             0

POWER_TEXTURE_CACHE_W_CORE_3                                    0                             0

POWER_TEXTURE_CACHE_R_TAG_CORE_3                                0                             0

POWER_TEXTURE_CACHE_W_TAG_CORE_3                                0                             0

POWER_SHARED_MEM_R_CORE_3                                       0                             0

POWER_SHARED_MEM_W_CORE_3                                       0                             0

POWER_SHARED_MEM_R_TAG_CORE_3                                   0                             0

POWER_SHARED_MEM_W_TAG_CORE_3                                   0                             0

POWER_BLOCK_STATES_R_CORE_4                                296419                        296419

POWER_BLOCK_STATES_W_CORE_4                                296419                        296419

POWER_FETCH_QUEUE_R_CORE_4                                 812278                        812278

POWER_FETCH_QUEUE_W_CORE_4                                 812278                        812278

POWER_INST_QUEUE_R_CORE_4                                  819205                        819205

POWER_INST_QUEUE_W_CORE_4                                  812278                        812278

POWER_BR_PRED_R_CORE_4                                      71920                         71920

POWER_BR_PRED_W_CORE_4                                      71920                         71920

POWER_RAS_R_CORE_4                                              0                             0

POWER_RAS_W_CORE_4                                              0                             0

POWER_ICACHE_R_CORE_4                                        5266                          5266

POWER_ICACHE_W_CORE_4                                           0                             0

POWER_ICACHE_R_TAG_CORE_4                                    5266                          5266

POWER_ICACHE_MISS_BUF_R_CORE_4                                  0                             0

POWER_ICACHE_MISS_BUF_W_CORE_4                                  0                             0

POWER_ICACHE_MISS_BUF_R_TAG_CORE_4                              0                             0

POWER_ICACHE_MISS_BUF_W_TAG_CORE_4                              0                             0

POWER_ICACHE_TOT_ACC_CORE_4                                     0                             0

POWER_ICACHE_CONF_CORE_4                                        0                             0

POWER_INST_DECODER_R_CORE_4                                587791                        587791

POWER_INST_DECODER_W_CORE_4                                     0                             0

POWER_MICRO_OP_SEQ_R_CORE_4                                     0                             0

POWER_MICRO_OP_SEQ_W_CORE_4                                     0                             0

POWER_OPERAND_DECODER_R_CORE_4                             587791                        587791

POWER_OPERAND_DECODER_W_CORE_4                                  0                             0

POWER_UOP_QUEUE_R_CORE_4                                   819205                        819205

POWER_UOP_QUEUE_W_CORE_4                                   812278                        812278

POWER_REG_RENAMING_TABLE_R_CORE_4                          819205                        819205

POWER_REG_RENAMING_TABLE_W_CORE_4                          812278                        812278

POWER_DEP_CHECK_LOGIC_R_CORE_4                             812278                        812278

POWER_FREELIST_R_CORE_4                                    819205                        819205

POWER_FREELIST_W_CORE_4                                    812278                        812278

POWER_RESERVATION_STATION_R_CORE_4                        1385170                       1385170

POWER_RESERVATION_STATION_W_CORE_4                         812278                        812278

POWER_RESERVATION_STATION_R_TAG_CORE_4                    1385170                       1385170

POWER_RESERVATION_STATION_W_TAG_CORE_4                          0                             0

POWER_INST_ISSUE_SEL_LOGIC_R_CORE_4                       1385170                       1385170

POWER_INST_ISSUE_SEL_LOGIC_W_CORE_4                        812278                        812278

POWER_PAYLOAD_RAM_R_CORE_4                                1385170                       1385170

POWER_PAYLOAD_RAM_W_CORE_4                                 812278                        812278

POWER_EX_ALU_R_CORE_4                                      431198                        431198

POWER_EX_FPU_R_CORE_4                                      152072                        152072

POWER_EX_MUL_R_CORE_4                                        1832                          1832

POWER_EX_SFU_R_CORE_4                                           0                             0

POWER_REORDER_BUF_R_CORE_4                                 812278                        812278

POWER_REORDER_BUF_W_CORE_4                                1624556                       1624556

POWER_INST_COMMIT_SEL_LOGIC_R_CORE_4                       812278                        812278

POWER_INST_COMMIT_SEL_LOGIC_W_CORE_4                       812278                        812278

POWER_FP_RENAME_R_CORE_4                                   380527                        380527

POWER_FP_RENAME_W_CORE_4                                        0                             0

POWER_LOAD_QUEUE_R_CORE_4                                  254554                        254554

POWER_LOAD_QUEUE_W_CORE_4                                  254554                        254554

POWER_LOAD_QUEUE_R_TAG_CORE_4                              254554                        254554

POWER_LOAD_QUEUE_W_TAG_CORE_4                                   0                             0

POWER_STORE_QUEUE_R_CORE_4                                 346711                        346711

POWER_STORE_QUEUE_W_CORE_4                                 346711                        346711

POWER_STORE_QUEUE_R_TAG_CORE_4                             346711                        346711

POWER_STORE_QUEUE_W_TAG_CORE_4                                  0                             0

POWER_DATA_TLB_R_CORE_4                                    254554                        254554

POWER_DATA_TLB_W_CORE_4                                         0                             0

POWER_DATA_TLB_R_TAG_CORE_4                                     0                             0

POWER_DATA_TLB_W_TAG_CORE_4                                     0                             0

POWER_INT_REGFILE_R_CORE_4                                1093236                       1093236

POWER_INT_REGFILE_W_CORE_4                                 660206                        660206

POWER_FP_REGFILE_R_CORE_4                                  304144                        304144

POWER_FP_REGFILE_W_CORE_4                                  152072                        152072

POWER_GP_REGISTER_R_CORE_4                                1093236                       1093236

POWER_GP_REGISTER_W_CORE_4                                 660206                        660206

POWER_FP_REGISTER_R_CORE_4                                 304144                        304144

POWER_FP_REGISTER_W_CORE_4                                 152072                        152072

POWER_SEGMENT_REGISTER_R_CORE_4                            227176                        227176

POWER_SEGMENT_REGISTER_W_CORE_4                            454352                        454352

POWER_CONTROL_REGISTER_R_CORE_4                                 0                             0

POWER_CONTROL_REGISTER_W_CORE_4                              3224                          3224

POWER_FLAG_REGISTER_R_CORE_4                                    0                             0

POWER_FLAG_REGISTER_W_CORE_4                               283992                        283992

POWER_EXEC_BYPASS_CORE_4                                   812278                        812278

POWER_LOAD_BYPASS_CORE_4                                        0                             0

POWER_PIPELINE_CORE_4                                      587791                        587791

POWER_DCACHE_MISS_BUF_R_CORE_4                                  0                             0

POWER_DCACHE_MISS_BUF_R_TAG_CORE_4                          28373                         28373

POWER_DCACHE_MISS_BUF_W_CORE_4                              28373                         28373

POWER_DCACHE_MISS_BUF_W_TAG_CORE_4                              0                             0

POWER_DCACHE_LINEFILL_BUF_R_CORE_4                              0                             0

POWER_L2CACHE_LINEFILL_BUF_R_CORE_4                             0                             0

POWER_DCACHE_LINEFILL_BUF_W_CORE_4                              0                             0

POWER_L2CACHE_LINEFILL_BUF_W_CORE_4                             0                             0

POWER_DCACHE_LINEFILL_BUF_R_TAG_CORE_4                          0                             0

POWER_L2CACHE_LINEFILL_BUF_R_TAG_CORE_4                         0                             0

POWER_DCACHE_LINEFILL_BUF_W_TAG_CORE_4                          0                             0

POWER_DCACHE_WB_BUF_R_CORE_4                                    0                             0

POWER_L2CACHE_WB_BUF_R_CORE_4                                   0                             0

POWER_DCACHE_WB_BUF_W_CORE_4                                    0                             0

POWER_L2CACHE_WB_BUF_W_CORE_4                                   0                             0

POWER_DCACHE_WB_BUF_R_TAG_CORE_4                                0                             0

POWER_L2CACHE_WB_BUF_R_TAG_CORE_4                               0                             0

POWER_DCACHE_WB_BUF_W_TAG_CORE_4                                0                             0

POWER_DCACHE_R_CORE_4                                           0                             0

POWER_L2CACHE_R_CORE_4                                          0                             0

POWER_DCACHE_W_CORE_4                                           0                             0

POWER_L2CACHE_W_CORE_4                                          0                             0

POWER_DCACHE_R_TAG_CORE_4                                       0                             0

POWER_L2CACHE_R_TAG_CORE_4                                      0                             0

POWER_CONST_CACHE_R_CORE_4                                      0                             0

POWER_CONST_CACHE_W_CORE_4                                      0                             0

POWER_CONST_CACHE_R_TAG_CORE_4                                  0                             0

POWER_CONST_CACHE_W_TAG_CORE_4                                  0                             0

POWER_TEXTURE_CACHE_R_CORE_4                                    0                             0

POWER_TEXTURE_CACHE_W_CORE_4                                    0                             0

POWER_TEXTURE_CACHE_R_TAG_CORE_4                                0                             0

POWER_TEXTURE_CACHE_W_TAG_CORE_4                                0                             0

POWER_SHARED_MEM_R_CORE_4                                       0                             0

POWER_SHARED_MEM_W_CORE_4                                       0                             0

POWER_SHARED_MEM_R_TAG_CORE_4                                   0                             0

POWER_SHARED_MEM_W_TAG_CORE_4                                   0                             0

POWER_BLOCK_STATES_R_CORE_5                                215694                        215694

POWER_BLOCK_STATES_W_CORE_5                                215694                        215694

POWER_FETCH_QUEUE_R_CORE_5                                 843406                        843406

POWER_FETCH_QUEUE_W_CORE_5                                 843406                        843406

POWER_INST_QUEUE_R_CORE_5                                  844146                        844146

POWER_INST_QUEUE_W_CORE_5                                  843406                        843406

POWER_BR_PRED_R_CORE_5                                      32264                         32264

POWER_BR_PRED_W_CORE_5                                      32264                         32264

POWER_RAS_R_CORE_5                                              0                             0

POWER_RAS_W_CORE_5                                              0                             0

POWER_ICACHE_R_CORE_5                                        6056                          6056

POWER_ICACHE_W_CORE_5                                           0                             0

POWER_ICACHE_R_TAG_CORE_5                                    6056                          6056

POWER_ICACHE_MISS_BUF_R_CORE_5                                  0                             0

POWER_ICACHE_MISS_BUF_W_CORE_5                                  0                             0

POWER_ICACHE_MISS_BUF_R_TAG_CORE_5                              0                             0

POWER_ICACHE_MISS_BUF_W_TAG_CORE_5                              0                             0

POWER_ICACHE_TOT_ACC_CORE_5                                     0                             0

POWER_ICACHE_CONF_CORE_5                                        0                             0

POWER_INST_DECODER_R_CORE_5                                584255                        584255

POWER_INST_DECODER_W_CORE_5                                     0                             0

POWER_MICRO_OP_SEQ_R_CORE_5                                     0                             0

POWER_MICRO_OP_SEQ_W_CORE_5                                     0                             0

POWER_OPERAND_DECODER_R_CORE_5                             584255                        584255

POWER_OPERAND_DECODER_W_CORE_5                                  0                             0

POWER_UOP_QUEUE_R_CORE_5                                   844146                        844146

POWER_UOP_QUEUE_W_CORE_5                                   843406                        843406

POWER_REG_RENAMING_TABLE_R_CORE_5                          844146                        844146

POWER_REG_RENAMING_TABLE_W_CORE_5                          843406                        843406

POWER_DEP_CHECK_LOGIC_R_CORE_5                             843406                        843406

POWER_FREELIST_R_CORE_5                                    844146                        844146

POWER_FREELIST_W_CORE_5                                    843406                        843406

POWER_RESERVATION_STATION_R_CORE_5                        1355516                       1355516

POWER_RESERVATION_STATION_W_CORE_5                         843406                        843406

POWER_RESERVATION_STATION_R_TAG_CORE_5                    1355516                       1355516

POWER_RESERVATION_STATION_W_TAG_CORE_5                          0                             0

POWER_INST_ISSUE_SEL_LOGIC_R_CORE_5                       1355516                       1355516

POWER_INST_ISSUE_SEL_LOGIC_W_CORE_5                        843406                        843406

POWER_PAYLOAD_RAM_R_CORE_5                                1355516                       1355516

POWER_PAYLOAD_RAM_W_CORE_5                                 843406                        843406

POWER_EX_ALU_R_CORE_5                                      227670                        227670

POWER_EX_FPU_R_CORE_5                                      131216                        131216

POWER_EX_MUL_R_CORE_5                                       31112                         31112

POWER_EX_SFU_R_CORE_5                                           0                             0

POWER_REORDER_BUF_R_CORE_5                                 843406                        843406

POWER_REORDER_BUF_W_CORE_5                                1686812                       1686812

POWER_INST_COMMIT_SEL_LOGIC_R_CORE_5                       843406                        843406

POWER_INST_COMMIT_SEL_LOGIC_W_CORE_5                       843406                        843406

POWER_FP_RENAME_R_CORE_5                                   294276                        294276

POWER_FP_RENAME_W_CORE_5                                        0                             0

POWER_LOAD_QUEUE_R_CORE_5                                  558898                        558898

POWER_LOAD_QUEUE_W_CORE_5                                  558898                        558898

POWER_LOAD_QUEUE_R_TAG_CORE_5                              558898                        558898

POWER_LOAD_QUEUE_W_TAG_CORE_5                                   0                             0

POWER_STORE_QUEUE_R_CORE_5                                  10342                         10342

POWER_STORE_QUEUE_W_CORE_5                                  10342                         10342

POWER_STORE_QUEUE_R_TAG_CORE_5                              10342                         10342

POWER_STORE_QUEUE_W_TAG_CORE_5                                  0                             0

POWER_DATA_TLB_R_CORE_5                                    558898                        558898

POWER_DATA_TLB_W_CORE_5                                         0                             0

POWER_DATA_TLB_R_TAG_CORE_5                                     0                             0

POWER_DATA_TLB_W_TAG_CORE_5                                     0                             0

POWER_INT_REGFILE_R_CORE_5                                 970972                        970972

POWER_INT_REGFILE_W_CORE_5                                 712190                        712190

POWER_FP_REGFILE_R_CORE_5                                  262432                        262432

POWER_FP_REGFILE_W_CORE_5                                  131216                        131216

POWER_GP_REGISTER_R_CORE_5                                 970972                        970972

POWER_GP_REGISTER_W_CORE_5                                 712190                        712190

POWER_FP_REGISTER_R_CORE_5                                 262432                        262432

POWER_FP_REGISTER_W_CORE_5                                 131216                        131216

POWER_SEGMENT_REGISTER_R_CORE_5                            453408                        453408

POWER_SEGMENT_REGISTER_W_CORE_5                            906240                        906240

POWER_CONTROL_REGISTER_R_CORE_5                                 0                             0

POWER_CONTROL_REGISTER_W_CORE_5                              1736                          1736

POWER_FLAG_REGISTER_R_CORE_5                                    0                             0

POWER_FLAG_REGISTER_W_CORE_5                               191872                        191872

POWER_EXEC_BYPASS_CORE_5                                   843406                        843406

POWER_LOAD_BYPASS_CORE_5                                        0                             0

POWER_PIPELINE_CORE_5                                      584255                        584255

POWER_DCACHE_MISS_BUF_R_CORE_5                                  0                             0

POWER_DCACHE_MISS_BUF_R_TAG_CORE_5                          57130                         57130

POWER_DCACHE_MISS_BUF_W_CORE_5                              57130                         57130

POWER_DCACHE_MISS_BUF_W_TAG_CORE_5                              0                             0

POWER_DCACHE_LINEFILL_BUF_R_CORE_5                              0                             0

POWER_L2CACHE_LINEFILL_BUF_R_CORE_5                             0                             0

POWER_DCACHE_LINEFILL_BUF_W_CORE_5                              0                             0

POWER_L2CACHE_LINEFILL_BUF_W_CORE_5                             0                             0

POWER_DCACHE_LINEFILL_BUF_R_TAG_CORE_5                          0                             0

POWER_L2CACHE_LINEFILL_BUF_R_TAG_CORE_5                         0                             0

POWER_DCACHE_LINEFILL_BUF_W_TAG_CORE_5                          0                             0

POWER_DCACHE_WB_BUF_R_CORE_5                                    0                             0

POWER_L2CACHE_WB_BUF_R_CORE_5                                   0                             0

POWER_DCACHE_WB_BUF_W_CORE_5                                    0                             0

POWER_L2CACHE_WB_BUF_W_CORE_5                                   0                             0

POWER_DCACHE_WB_BUF_R_TAG_CORE_5                                0                             0

POWER_L2CACHE_WB_BUF_R_TAG_CORE_5                               0                             0

POWER_DCACHE_WB_BUF_W_TAG_CORE_5                                0                             0

POWER_DCACHE_R_CORE_5                                           0                             0

POWER_L2CACHE_R_CORE_5                                          0                             0

POWER_DCACHE_W_CORE_5                                           0                             0

POWER_L2CACHE_W_CORE_5                                          0                             0

POWER_DCACHE_R_TAG_CORE_5                                       0                             0

POWER_L2CACHE_R_TAG_CORE_5                                      0                             0

POWER_CONST_CACHE_R_CORE_5                                      0                             0

POWER_CONST_CACHE_W_CORE_5                                      0                             0

POWER_CONST_CACHE_R_TAG_CORE_5                                  0                             0

POWER_CONST_CACHE_W_TAG_CORE_5                                  0                             0

POWER_TEXTURE_CACHE_R_CORE_5                                    0                             0

POWER_TEXTURE_CACHE_W_CORE_5                                    0                             0

POWER_TEXTURE_CACHE_R_TAG_CORE_5                                0                             0

POWER_TEXTURE_CACHE_W_TAG_CORE_5                                0                             0

POWER_SHARED_MEM_R_CORE_5                                       0                             0

POWER_SHARED_MEM_W_CORE_5                                       0                             0

POWER_SHARED_MEM_R_TAG_CORE_5                                   0                             0

POWER_SHARED_MEM_W_TAG_CORE_5                                   0                             0

POWER_BLOCK_STATES_R_CORE_6                                595602                        595602

POWER_BLOCK_STATES_W_CORE_6                                595602                        595602

POWER_FETCH_QUEUE_R_CORE_6                                 797910                        797910

POWER_FETCH_QUEUE_W_CORE_6                                 797910                        797910

POWER_INST_QUEUE_R_CORE_6                                  798829                        798829

POWER_INST_QUEUE_W_CORE_6                                  797910                        797910

POWER_BR_PRED_R_CORE_6                                      63080                         63080

POWER_BR_PRED_W_CORE_6                                      63080                         63080

POWER_RAS_R_CORE_6                                              0                             0

POWER_RAS_W_CORE_6                                              0                             0

POWER_ICACHE_R_CORE_6                                        5648                          5648

POWER_ICACHE_W_CORE_6                                           0                             0

POWER_ICACHE_R_TAG_CORE_6                                    5648                          5648

POWER_ICACHE_MISS_BUF_R_CORE_6                                  0                             0

POWER_ICACHE_MISS_BUF_W_CORE_6                                  0                             0

POWER_ICACHE_MISS_BUF_R_TAG_CORE_6                              0                             0

POWER_ICACHE_MISS_BUF_W_TAG_CORE_6                              0                             0

POWER_ICACHE_TOT_ACC_CORE_6                                     0                             0

POWER_ICACHE_CONF_CORE_6                                        0                             0

POWER_INST_DECODER_R_CORE_6                                614239                        614239

POWER_INST_DECODER_W_CORE_6                                     0                             0

POWER_MICRO_OP_SEQ_R_CORE_6                                     0                             0

POWER_MICRO_OP_SEQ_W_CORE_6                                     0                             0

POWER_OPERAND_DECODER_R_CORE_6                             614239                        614239

POWER_OPERAND_DECODER_W_CORE_6                                  0                             0

POWER_UOP_QUEUE_R_CORE_6                                   798829                        798829

POWER_UOP_QUEUE_W_CORE_6                                   797910                        797910

POWER_REG_RENAMING_TABLE_R_CORE_6                          798829                        798829

POWER_REG_RENAMING_TABLE_W_CORE_6                          797910                        797910

POWER_DEP_CHECK_LOGIC_R_CORE_6                             797910                        797910

POWER_FREELIST_R_CORE_6                                    798829                        798829

POWER_FREELIST_W_CORE_6                                    797910                        797910

POWER_RESERVATION_STATION_R_CORE_6                       17640434                      17640434

POWER_RESERVATION_STATION_W_CORE_6                         797910                        797910

POWER_RESERVATION_STATION_R_TAG_CORE_6                   17640434                      17640434

POWER_RESERVATION_STATION_W_TAG_CORE_6                          0                             0

POWER_INST_ISSUE_SEL_LOGIC_R_CORE_6                      17640434                      17640434

POWER_INST_ISSUE_SEL_LOGIC_W_CORE_6                        797910                        797910

POWER_PAYLOAD_RAM_R_CORE_6                               17640434                      17640434

POWER_PAYLOAD_RAM_W_CORE_6                                 797910                        797910

POWER_EX_ALU_R_CORE_6                                      293402                        293402

POWER_EX_FPU_R_CORE_6                                       78607                         78607

POWER_EX_MUL_R_CORE_6                                        9553                          9553

POWER_EX_SFU_R_CORE_6                                           0                             0

POWER_REORDER_BUF_R_CORE_6                                 797910                        797910

POWER_REORDER_BUF_W_CORE_6                                1595820                       1595820

POWER_INST_COMMIT_SEL_LOGIC_R_CORE_6                       797910                        797910

POWER_INST_COMMIT_SEL_LOGIC_W_CORE_6                       797910                        797910

POWER_FP_RENAME_R_CORE_6                                   353785                        353785

POWER_FP_RENAME_W_CORE_6                                        0                             0

POWER_LOAD_QUEUE_R_CORE_6                                12098433                      12098433

POWER_LOAD_QUEUE_W_CORE_6                                12098433                      12098433

POWER_LOAD_QUEUE_R_TAG_CORE_6                            12098433                      12098433

POWER_LOAD_QUEUE_W_TAG_CORE_6                                   0                             0

POWER_STORE_QUEUE_R_CORE_6                                4815684                       4815684

POWER_STORE_QUEUE_W_CORE_6                                4815684                       4815684

POWER_STORE_QUEUE_R_TAG_CORE_6                            4815684                       4815684

POWER_STORE_QUEUE_W_TAG_CORE_6                                  0                             0

POWER_DATA_TLB_R_CORE_6                                  12098433                      12098433

POWER_DATA_TLB_W_CORE_6                                         0                             0

POWER_DATA_TLB_R_TAG_CORE_6                                     0                             0

POWER_DATA_TLB_W_TAG_CORE_6                                     0                             0

POWER_INT_REGFILE_R_CORE_6                                1022258                       1022258

POWER_INT_REGFILE_W_CORE_6                                 719303                        719303

POWER_FP_REGFILE_R_CORE_6                                  157214                        157214

POWER_FP_REGFILE_W_CORE_6                                   78607                         78607

POWER_GP_REGISTER_R_CORE_6                                1022258                       1022258

POWER_GP_REGISTER_W_CORE_6                                 719303                        719303

POWER_FP_REGISTER_R_CORE_6                                 157214                        157214

POWER_FP_REGISTER_W_CORE_6                                  78607                         78607

POWER_SEGMENT_REGISTER_R_CORE_6                            416348                        416348

POWER_SEGMENT_REGISTER_W_CORE_6                            832264                        832264

POWER_CONTROL_REGISTER_R_CORE_6                                 0                             0

POWER_CONTROL_REGISTER_W_CORE_6                              9460                          9460

POWER_FLAG_REGISTER_R_CORE_6                                    0                             0

POWER_FLAG_REGISTER_W_CORE_6                               166825                        166825

POWER_EXEC_BYPASS_CORE_6                                   797910                        797910

POWER_LOAD_BYPASS_CORE_6                                        0                             0

POWER_PIPELINE_CORE_6                                      614239                        614239

POWER_DCACHE_MISS_BUF_R_CORE_6                                  0                             0

POWER_DCACHE_MISS_BUF_R_TAG_CORE_6                          71593                         71593

POWER_DCACHE_MISS_BUF_W_CORE_6                              71593                         71593

POWER_DCACHE_MISS_BUF_W_TAG_CORE_6                              0                             0

POWER_DCACHE_LINEFILL_BUF_R_CORE_6                              0                             0

POWER_L2CACHE_LINEFILL_BUF_R_CORE_6                             0                             0

POWER_DCACHE_LINEFILL_BUF_W_CORE_6                              0                             0

POWER_L2CACHE_LINEFILL_BUF_W_CORE_6                             0                             0

POWER_DCACHE_LINEFILL_BUF_R_TAG_CORE_6                          0                             0

POWER_L2CACHE_LINEFILL_BUF_R_TAG_CORE_6                         0                             0

POWER_DCACHE_LINEFILL_BUF_W_TAG_CORE_6                          0                             0

POWER_DCACHE_WB_BUF_R_CORE_6                                    0                             0

POWER_L2CACHE_WB_BUF_R_CORE_6                                   0                             0

POWER_DCACHE_WB_BUF_W_CORE_6                                    0                             0

POWER_L2CACHE_WB_BUF_W_CORE_6                                   0                             0

POWER_DCACHE_WB_BUF_R_TAG_CORE_6                                0                             0

POWER_L2CACHE_WB_BUF_R_TAG_CORE_6                               0                             0

POWER_DCACHE_WB_BUF_W_TAG_CORE_6                                0                             0

POWER_DCACHE_R_CORE_6                                           0                             0

POWER_L2CACHE_R_CORE_6                                          0                             0

POWER_DCACHE_W_CORE_6                                           0                             0

POWER_L2CACHE_W_CORE_6                                          0                             0

POWER_DCACHE_R_TAG_CORE_6                                       0                             0

POWER_L2CACHE_R_TAG_CORE_6                                      0                             0

POWER_CONST_CACHE_R_CORE_6                                      0                             0

POWER_CONST_CACHE_W_CORE_6                                      0                             0

POWER_CONST_CACHE_R_TAG_CORE_6                                  0                             0

POWER_CONST_CACHE_W_TAG_CORE_6                                  0                             0

POWER_TEXTURE_CACHE_R_CORE_6                                    0                             0

POWER_TEXTURE_CACHE_W_CORE_6                                    0                             0

POWER_TEXTURE_CACHE_R_TAG_CORE_6                                0                             0

POWER_TEXTURE_CACHE_W_TAG_CORE_6                                0                             0

POWER_SHARED_MEM_R_CORE_6                                       0                             0

POWER_SHARED_MEM_W_CORE_6                                       0                             0

POWER_SHARED_MEM_R_TAG_CORE_6                                   0                             0

POWER_SHARED_MEM_W_TAG_CORE_6                                   0                             0

POWER_BLOCK_STATES_R_CORE_7                                     0                             0

POWER_BLOCK_STATES_W_CORE_7                                     0                             0

POWER_FETCH_QUEUE_R_CORE_7                                      0                             0

POWER_FETCH_QUEUE_W_CORE_7                                      0                             0

POWER_INST_QUEUE_R_CORE_7                                       0                             0

POWER_INST_QUEUE_W_CORE_7                                       0                             0

POWER_BR_PRED_R_CORE_7                                          0                             0

POWER_BR_PRED_W_CORE_7                                          0                             0

POWER_RAS_R_CORE_7                                              0                             0

POWER_RAS_W_CORE_7                                              0                             0

POWER_ICACHE_R_CORE_7                                           0                             0

POWER_ICACHE_W_CORE_7                                           0                             0

POWER_ICACHE_R_TAG_CORE_7                                       0                             0

POWER_ICACHE_MISS_BUF_R_CORE_7                                  0                             0

POWER_ICACHE_MISS_BUF_W_CORE_7                                  0                             0

POWER_ICACHE_MISS_BUF_R_TAG_CORE_7                              0                             0

POWER_ICACHE_MISS_BUF_W_TAG_CORE_7                              0                             0

POWER_ICACHE_TOT_ACC_CORE_7                                     0                             0

POWER_ICACHE_CONF_CORE_7                                        0                             0

POWER_INST_DECODER_R_CORE_7                                     0                             0

POWER_INST_DECODER_W_CORE_7                                     0                             0

POWER_MICRO_OP_SEQ_R_CORE_7                                     0                             0

POWER_MICRO_OP_SEQ_W_CORE_7                                     0                             0

POWER_OPERAND_DECODER_R_CORE_7                                  0                             0

POWER_OPERAND_DECODER_W_CORE_7                                  0                             0

POWER_UOP_QUEUE_R_CORE_7                                        0                             0

POWER_UOP_QUEUE_W_CORE_7                                        0                             0

POWER_REG_RENAMING_TABLE_R_CORE_7                               0                             0

POWER_REG_RENAMING_TABLE_W_CORE_7                               0                             0

POWER_DEP_CHECK_LOGIC_R_CORE_7                                  0                             0

POWER_FREELIST_R_CORE_7                                         0                             0

POWER_FREELIST_W_CORE_7                                         0                             0

POWER_RESERVATION_STATION_R_CORE_7                              0                             0

POWER_RESERVATION_STATION_W_CORE_7                              0                             0

POWER_RESERVATION_STATION_R_TAG_CORE_7                          0                             0

POWER_RESERVATION_STATION_W_TAG_CORE_7                          0                             0

POWER_INST_ISSUE_SEL_LOGIC_R_CORE_7                             0                             0

POWER_INST_ISSUE_SEL_LOGIC_W_CORE_7                             0                             0

POWER_PAYLOAD_RAM_R_CORE_7                                      0                             0

POWER_PAYLOAD_RAM_W_CORE_7                                      0                             0

POWER_EX_ALU_R_CORE_7                                           0                             0

POWER_EX_FPU_R_CORE_7                                           0                             0

POWER_EX_MUL_R_CORE_7                                           0                             0

POWER_EX_SFU_R_CORE_7                                           0                             0

POWER_REORDER_BUF_R_CORE_7                                      0                             0

POWER_REORDER_BUF_W_CORE_7                                      0                             0

POWER_INST_COMMIT_SEL_LOGIC_R_CORE_7                            0                             0

POWER_INST_COMMIT_SEL_LOGIC_W_CORE_7                            0                             0

POWER_FP_RENAME_R_CORE_7                                        0                             0

POWER_FP_RENAME_W_CORE_7                                        0                             0

POWER_LOAD_QUEUE_R_CORE_7                                       0                             0

POWER_LOAD_QUEUE_W_CORE_7                                       0                             0

POWER_LOAD_QUEUE_R_TAG_CORE_7                                   0                             0

POWER_LOAD_QUEUE_W_TAG_CORE_7                                   0                             0

POWER_STORE_QUEUE_R_CORE_7                                      0                             0

POWER_STORE_QUEUE_W_CORE_7                                      0                             0

POWER_STORE_QUEUE_R_TAG_CORE_7                                  0                             0

POWER_STORE_QUEUE_W_TAG_CORE_7                                  0                             0

POWER_DATA_TLB_R_CORE_7                                         0                             0

POWER_DATA_TLB_W_CORE_7                                         0                             0

POWER_DATA_TLB_R_TAG_CORE_7                                     0                             0

POWER_DATA_TLB_W_TAG_CORE_7                                     0                             0

POWER_INT_REGFILE_R_CORE_7                                      0                             0

POWER_INT_REGFILE_W_CORE_7                                      0                             0

POWER_FP_REGFILE_R_CORE_7                                       0                             0

POWER_FP_REGFILE_W_CORE_7                                       0                             0

POWER_GP_REGISTER_R_CORE_7                                      0                             0

POWER_GP_REGISTER_W_CORE_7                                      0                             0

POWER_FP_REGISTER_R_CORE_7                                      0                             0

POWER_FP_REGISTER_W_CORE_7                                      0                             0

POWER_SEGMENT_REGISTER_R_CORE_7                                 0                             0

POWER_SEGMENT_REGISTER_W_CORE_7                                 0                             0

POWER_CONTROL_REGISTER_R_CORE_7                                 0                             0

POWER_CONTROL_REGISTER_W_CORE_7                                 0                             0

POWER_FLAG_REGISTER_R_CORE_7                                    0                             0

POWER_FLAG_REGISTER_W_CORE_7                                    0                             0

POWER_EXEC_BYPASS_CORE_7                                        0                             0

POWER_LOAD_BYPASS_CORE_7                                        0                             0

POWER_PIPELINE_CORE_7                                           0                             0

POWER_DCACHE_MISS_BUF_R_CORE_7                                  0                             0

POWER_DCACHE_MISS_BUF_R_TAG_CORE_7                              0                             0

POWER_DCACHE_MISS_BUF_W_CORE_7                                  0                             0

POWER_DCACHE_MISS_BUF_W_TAG_CORE_7                              0                             0

POWER_DCACHE_LINEFILL_BUF_R_CORE_7                              0                             0

POWER_L2CACHE_LINEFILL_BUF_R_CORE_7                             0                             0

POWER_DCACHE_LINEFILL_BUF_W_CORE_7                              0                             0

POWER_L2CACHE_LINEFILL_BUF_W_CORE_7                             0                             0

POWER_DCACHE_LINEFILL_BUF_R_TAG_CORE_7                          0                             0

POWER_L2CACHE_LINEFILL_BUF_R_TAG_CORE_7                         0                             0

POWER_DCACHE_LINEFILL_BUF_W_TAG_CORE_7                          0                             0

POWER_DCACHE_WB_BUF_R_CORE_7                                    0                             0

POWER_L2CACHE_WB_BUF_R_CORE_7                                   0                             0

POWER_DCACHE_WB_BUF_W_CORE_7                                    0                             0

POWER_L2CACHE_WB_BUF_W_CORE_7                                   0                             0

POWER_DCACHE_WB_BUF_R_TAG_CORE_7                                0                             0

POWER_L2CACHE_WB_BUF_R_TAG_CORE_7                               0                             0

POWER_DCACHE_WB_BUF_W_TAG_CORE_7                                0                             0

POWER_DCACHE_R_CORE_7                                           0                             0

POWER_L2CACHE_R_CORE_7                                          0                             0

POWER_DCACHE_W_CORE_7                                           0                             0

POWER_L2CACHE_W_CORE_7                                          0                             0

POWER_DCACHE_R_TAG_CORE_7                                       0                             0

POWER_L2CACHE_R_TAG_CORE_7                                      0                             0

POWER_CONST_CACHE_R_CORE_7                                      0                             0

POWER_CONST_CACHE_W_CORE_7                                      0                             0

POWER_CONST_CACHE_R_TAG_CORE_7                                  0                             0

POWER_CONST_CACHE_W_TAG_CORE_7                                  0                             0

POWER_TEXTURE_CACHE_R_CORE_7                                    0                             0

POWER_TEXTURE_CACHE_W_CORE_7                                    0                             0

POWER_TEXTURE_CACHE_R_TAG_CORE_7                                0                             0

POWER_TEXTURE_CACHE_W_TAG_CORE_7                                0                             0

POWER_SHARED_MEM_R_CORE_7                                       0                             0

POWER_SHARED_MEM_W_CORE_7                                       0                             0

POWER_SHARED_MEM_R_TAG_CORE_7                                   0                             0

POWER_SHARED_MEM_W_TAG_CORE_7                                   0                             0

