Real time: Nov/23/2014 16:38:31

Profiler Stats
--------------
Elapsed_time_in_seconds: 41
Elapsed_time_in_minutes: 0.683333
Elapsed_time_in_hours: 0.0113889
Elapsed_time_in_days: 0.000474537

Virtual_time_in_seconds: 40.55
Virtual_time_in_minutes: 0.675833
Virtual_time_in_hours:   0.0112639
Virtual_time_in_days:    0.0112639

Ruby_current_time: 2613337
Ruby_start_time: 1
Ruby_cycles: 2613336

mbytes_resident: 93.6641
mbytes_total: 138.254
resident_ratio: 0.677479

Total_misses: 0
total_misses: 0 [ 0 0 0 0 0 0 0 0 ]
user_misses: 0 [ 0 0 0 0 0 0 0 0 ]
supervisor_misses: 0 [ 0 0 0 0 0 0 0 0 ]

instruction_executed: 8 [ 1 1 1 1 1 1 1 1 ]
simics_cycles_executed: 8 [ 1 1 1 1 1 1 1 1 ]
cycles_per_instruction: 2.61334e+06 [ 2.61334e+06 2.61334e+06 2.61334e+06 2.61334e+06 2.61334e+06 2.61334e+06 2.61334e+06 2.61334e+06 ]
misses_per_thousand_instructions: 0 [ 0 0 0 0 0 0 0 0 ]

transactions_started: 0 [ 0 0 0 0 0 0 0 0 ]
transactions_ended: 0 [ 0 0 0 0 0 0 0 0 ]
instructions_per_transaction: 0 [ 0 0 0 0 0 0 0 0 ]
cycles_per_transaction: 0 [ 0 0 0 0 0 0 0 0 ]
misses_per_transaction: 0 [ 0 0 0 0 0 0 0 0 ]

L1D_cache cache stats: 
  L1D_cache_total_requests: 83762
  L1D_cache_total_misses: 5324	(6.3561%)
  L1D_cache_total_demand_misses: 5324
  L1D_cache_total_prefetches: 0
  L1D_cache_total_sw_prefetches: 0
  L1D_cache_total_hw_prefetches: 0
  L1D_cache_misses_per_transaction: 5324
  L1D_cache_misses_per_instruction: 5324
  L1D_cache_instructions_per_misses: 0.000187829

  L1D_cache_request_type_LD:   10194	(12.1702)%
  L1D_cache_request_type_ST:   73568	(87.8298)%

  L1D_cache_request_size: [binsize: log2 max: 32 count: 83762 average:    32 | standard deviation: 0 | 0 0 0 0 0 0 83762 ]

  L1D_cache_miss_type_LD:   1000	(18.7829)%
  L1D_cache_miss_type_ST:   4324	(81.2171)%

L1I_cache cache stats: 
  L1I_cache_total_requests: 0
  L1I_cache_total_misses: 0
  L1I_cache_total_demand_misses: 0
  L1I_cache_total_prefetches: 0
  L1I_cache_total_sw_prefetches: 0
  L1I_cache_total_hw_prefetches: 0
  L1I_cache_misses_per_transaction: 0
  L1I_cache_misses_per_instruction: 0
  L1I_cache_instructions_per_misses: NaN

  L1I_cache_request_size: [binsize: log2 max: 0 count: 0 average: NaN |standard deviation: NaN | 0 ]

L1T_cache cache stats: 
  L1T_cache_total_requests: 191647
  L1T_cache_total_misses: 47667	(24.8723%)
  L1T_cache_total_demand_misses: 47667
  L1T_cache_total_prefetches: 0
  L1T_cache_total_sw_prefetches: 0
  L1T_cache_total_hw_prefetches: 0
  L1T_cache_misses_per_transaction: 47667
  L1T_cache_misses_per_instruction: 47667
  L1T_cache_instructions_per_misses: 2.09789e-05

  L1T_cache_request_type_LD:   144095	(75.1877)%
  L1T_cache_request_type_ST:   47552	(24.8123)%

  L1T_cache_request_size: [binsize: log2 max: 32 count: 191647 average:    32 | standard deviation: 0 | 0 0 0 0 0 0 191647 ]

  L1T_cache_miss_type_LD:   22310	(46.8039)%
  L1T_cache_miss_type_ST:   25357	(53.1961)%

L2_cache cache stats: 
  L2_cache_total_requests: 9567
  L2_cache_total_misses: 5216	(54.5207%)
  L2_cache_total_demand_misses: 5216
  L2_cache_total_prefetches: 0
  L2_cache_total_sw_prefetches: 0
  L2_cache_total_hw_prefetches: 0
  L2_cache_misses_per_transaction: 5216
  L2_cache_misses_per_instruction: 5216
  L2_cache_instructions_per_misses: 0.000191718

  L2_cache_request_type_LD:   1000	(10.4526)%
  L2_cache_request_type_ST:   8567	(89.5474)%

  L2_cache_request_size: [binsize: log2 max: 8 count: 9567 average:     8 | standard deviation: 0 | 0 0 0 0 9567 ]

  L2_cache_miss_type_LD:   990	(18.9801)%
  L2_cache_miss_type_ST:   4226	(81.0199)%

L2T_cache cache stats: 
  L2T_cache_total_requests: 69862
  L2T_cache_total_misses: 4243	(6.0734%)
  L2T_cache_total_demand_misses: 4243
  L2T_cache_total_prefetches: 0
  L2T_cache_total_sw_prefetches: 0
  L2T_cache_total_hw_prefetches: 0
  L2T_cache_misses_per_transaction: 4243
  L2T_cache_misses_per_instruction: 4243
  L2T_cache_instructions_per_misses: 0.000235682

  L2T_cache_request_type_LD:   22310	(31.9344)%
  L2T_cache_request_type_ST:   47552	(68.0656)%

  L2T_cache_request_size: [binsize: log2 max: 32 count: 69862 average: 24.3357 | standard deviation: 11.1894 | 0 0 0 0 22310 0 47552 ]

  L2T_cache_miss_type_LD:   2109	(49.7054)%
  L2T_cache_miss_type_ST:   2134	(50.2946)%


TBE Queries: 87913
Busy TBE Counts: 0
Busy Controller Counts:
L1TCache-0:7  L1TCache-1:12  L1TCache-2:19  L1TCache-3:0  L1TCache-4:17  L1TCache-5:0  L1TCache-6:0  L1TCache-7:0  

L2TCache-0:0  L2TCache-1:0  L2TCache-2:0  L2TCache-3:0  
L2Cache-0:0  L2Cache-1:0  L2Cache-2:0  L2Cache-3:0  
L1Cache-0:0  L1Cache-1:0  L1Cache-2:0  L1Cache-3:0  L1Cache-4:0  L1Cache-5:0  L1Cache-6:0  L1Cache-7:0  

Directory-0:0  Directory-1:0  Directory-2:0  Directory-3:0  

Busy Bank Count:0

L1TBE_usage: [binsize: 1 max: 0 count: 0 average: NaN |standard deviation: NaN | 0 ]
L2TBE_usage: [binsize: 2 max: 63 count: 87913 average: 3.912 | standard deviation: 10.6177 | 48007 27718 6582 246 122 127 135 132 131 146 161 157 147 161 142 143 147 144 138 138 160 165 147 154 169 155 154 202 279 432 282 790 0 0 0 0 0 0 0 0 0 0 0 0 0 0 0 0 0 0 ]
StopTable_usage: [binsize: 1 max: 0 count: 0 average: NaN |standard deviation: NaN | 0 ]
sequencer_requests_outstanding: [binsize: 2 max: 64 count: 275409 average: 3.63222 | standard deviation: 5.5213 | 60242 122939 48595 35617 4039 102 99 110 103 100 107 142 130 119 124 125 114 127 129 100 102 130 109 101 98 104 109 105 134 94 141 337 682 0 0 0 0 0 0 0 0 0 0 0 0 0 0 0 0 0 ]
store_buffer_size: [binsize: 1 max: 0 count: 0 average: NaN |standard deviation: NaN | 0 ]
unique_blocks_in_store_buffer: [binsize: 1 max: 0 count: 0 average: NaN |standard deviation: NaN | 0 ]

All Non-Zero Cycle Demand Cache Accesses
----------------------------------------
miss_latency: [binsize: 8 max: 844 count: 275409 average: 21.4143 | standard deviation: 58.9217 | 200221 1 0 47978 15515 540 99 87 85 61 66 54 52 58 121 497 1113 399 626 48 50 63 50 47 67 58 44 53 64 41 37 293 37 51 48 32 406 836 35 3018 585 28 42 113 21 353 54 16 17 20 25 18 19 23 28 21 20 29 22 24 27 34 32 44 65 75 109 142 117 72 53 31 23 12 14 16 20 11 13 13 16 9 5 3 0 1 1 4 1 0 5 3 1 3 4 0 0 0 0 0 0 0 0 0 0 1 0 0 0 0 0 0 0 0 0 0 0 0 0 0 0 0 0 0 0 0 0 0 0 0 0 0 0 0 0 0 0 0 0 0 0 0 0 0 0 0 0 0 0 0 0 0 0 0 0 0 0 0 0 0 0 0 0 0 0 0 0 0 0 0 0 0 0 0 0 0 0 0 0 0 0 0 0 0 0 0 0 0 0 0 0 0 0 0 0 0 0 0 0 ]
miss_latency_LD: [binsize: 128 max: 844 count: 154289 average: 16.4371 | standard deviation: 58.3861 | 150283 1320 1443 400 786 56 1 0 0 0 ]
miss_latency_ST: [binsize: 64 max: 492 count: 121120 average: 27.7546 | standard deviation: 58.9921 | 114661 491 1733 0 3549 683 1 2 0 0 ]
miss_latency_NULL: [binsize: 8 max: 844 count: 275409 average: 21.4143 | standard deviation: 58.9217 | 200221 1 0 47978 15515 540 99 87 85 61 66 54 52 58 121 497 1113 399 626 48 50 63 50 47 67 58 44 53 64 41 37 293 37 51 48 32 406 836 35 3018 585 28 42 113 21 353 54 16 17 20 25 18 19 23 28 21 20 29 22 24 27 34 32 44 65 75 109 142 117 72 53 31 23 12 14 16 20 11 13 13 16 9 5 3 0 1 1 4 1 0 5 3 1 3 4 0 0 0 0 0 0 0 0 0 0 1 0 0 0 0 0 0 0 0 0 0 0 0 0 0 0 0 0 0 0 0 0 0 0 0 0 0 0 0 0 0 0 0 0 0 0 0 0 0 0 0 0 0 0 0 0 0 0 0 0 0 0 0 0 0 0 0 0 0 0 0 0 0 0 0 0 0 0 0 0 0 0 0 0 0 0 0 0 0 0 0 0 0 0 0 0 0 0 0 0 0 0 0 0 ]
miss_latency_L2Miss: [binsize: 1 max: 0 count: 0 average: NaN |standard deviation: NaN | 0 ]

All Non-Zero Cycle SW Prefetch Requests
------------------------------------
prefetch_latency: [binsize: 1 max: 0 count: 0 average: NaN |standard deviation: NaN | 0 ]
prefetch_latency_L2Miss:[binsize: 1 max: 0 count: 0 average: NaN |standard deviation: NaN | 0 ]
multicast_retries: [binsize: 1 max: 0 count: 0 average: NaN |standard deviation: NaN | 0 ]
gets_mask_prediction_count: [binsize: 1 max: 0 count: 0 average: NaN |standard deviation: NaN | 0 ]
getx_mask_prediction_count: [binsize: 1 max: 0 count: 0 average: NaN |standard deviation: NaN | 0 ]
explicit_training_mask: [binsize: 1 max: 0 count: 0 average: NaN |standard deviation: NaN | 0 ]

Sequencer  Requests (MLP)
------------------------------------
Sequencer Requests All
Sequencer_ALL : [binsize: 2 max: 64 count: 275409 average: 3.63222 | standard deviation: 5.5213 | 60242 122939 48595 35617 4039 102 99 110 103 100 107 142 130 119 124 125 114 127 129 100 102 130 109 101 98 104 109 105 134 94 141 337 682 0 0 0 0 0 0 0 0 0 0 0 0 0 0 0 0 0 ]
Sequencer_0: [binsize: 1 max: 6 count: 83762 average: 1.79659 | standard deviation: 0.77335 | 0 33603 35055 13876 997 229 2 ]
Sequencer_1: [binsize: 1 max: 0 count: 0 average: NaN |standard deviation: NaN | 0 ]
Sequencer_2: [binsize: 1 max: 0 count: 0 average: NaN |standard deviation: NaN | 0 ]
Sequencer_3: [binsize: 1 max: 0 count: 0 average: NaN |standard deviation: NaN | 0 ]
Sequencer_4: [binsize: 1 max: 0 count: 0 average: NaN |standard deviation: NaN | 0 ]
Sequencer_5: [binsize: 1 max: 0 count: 0 average: NaN |standard deviation: NaN | 0 ]
Sequencer_6: [binsize: 1 max: 0 count: 0 average: NaN |standard deviation: NaN | 0 ]
Sequencer_7: [binsize: 1 max: 0 count: 0 average: NaN |standard deviation: NaN | 0 ]
SequencerACC_0: [binsize: 2 max: 64 count: 9779 average: 7.84344 | standard deviation: 11.22 | 10 50 6801 2267 12 6 10 8 9 8 10 14 14 13 15 14 19 14 19 21 17 24 26 25 23 17 23 17 24 25 39 92 93 0 0 0 0 0 0 0 0 0 0 0 0 0 0 0 0 0 ]
SequencerACC_1: [binsize: 2 max: 64 count: 24772 average: 3.63721 | standard deviation: 6.96685 | 1536 19515 2962 235 12 10 11 10 10 10 10 10 10 10 10 10 10 10 10 10 10 10 12 14 14 14 16 16 16 18 45 91 85 0 0 0 0 0 0 0 0 0 0 0 0 0 0 0 0 0 ]
SequencerACC_2: [binsize: 2 max: 64 count: 28373 average: 5.09121 | standard deviation: 8.86056 | 3113 9780 11541 2792 62 28 26 26 23 24 18 38 30 33 27 41 21 36 34 26 27 32 21 26 20 25 30 32 20 25 17 28 351 0 0 0 0 0 0 0 0 0 0 0 0 0 0 0 0 0 ]
SequencerACC_3: [binsize: 2 max: 57 count: 57130 average: 5.96634 | standard deviation: 3.43971 | 600 3293 19368 29251 3904 32 27 43 32 32 36 50 44 32 43 33 32 35 37 20 19 30 19 14 13 22 14 14 41 0 0 0 0 0 0 0 0 0 0 0 0 0 0 0 0 0 0 0 0 0 ]
SequencerACC_4: [binsize: 2 max: 64 count: 71593 average: 2.76213 | standard deviation: 5.45132 | 21380 41370 6697 1070 49 26 25 23 29 26 33 30 32 31 29 27 32 32 29 23 29 34 31 22 28 26 26 26 33 26 40 126 153 0 0 0 0 0 0 0 0 0 0 0 0 0 0 0 0 0 ]
SequencerACC_5: [binsize: 1 max: 0 count: 0 average: NaN |standard deviation: NaN | 0 ]
SequencerACC_6: [binsize: 1 max: 0 count: 0 average: NaN |standard deviation: NaN | 0 ]
SequencerACC_7: [binsize: 1 max: 0 count: 0 average: NaN |standard deviation: NaN | 0 ]
Request vs. System State Profile
--------------------------------


filter_action: [binsize: 1 max: 0 count: 0 average: NaN |standard deviation: NaN | 0 ]

Message Delayed Cycles
----------------------
Total_delay_cycles: [binsize: 8 max: 274 count: 37519 average: 29.574 | standard deviation: 24.8443 | 0 2 15465 19394 398 697 104 86 72 96 73 62 61 65 60 71 57 62 73 68 61 73 78 76 49 66 44 30 15 10 25 16 6 3 1 0 0 0 0 0 0 0 0 0 0 0 0 0 0 0 ]
Total_nonPF_delay_cycles: [binsize: 1 max: 43 count: 15694 average: 25.3689 | standard deviation: 5.15078 | 0 0 0 0 0 0 0 0 0 0 0 0 0 0 0 0 711 559 33 1 0 4559 2 2 6 2 2252 1605 1765 3542 60 14 4 1 1 0 0 0 0 0 0 0 554 21 ]
  virtual_network_0_delay_cycles: [binsize: 8 max: 274 count: 21825 average: 32.5978 | standard deviation: 31.9401 | 0 2 9598 10148 392 122 104 86 72 96 73 62 61 65 60 71 57 62 73 68 61 73 78 76 49 66 44 30 15 10 25 16 6 3 1 0 0 0 0 0 0 0 0 0 0 0 0 0 0 0 ]
  virtual_network_1_delay_cycles: [binsize: 1 max: 0 count: 0 average: NaN |standard deviation: NaN | 0 ]
  virtual_network_2_delay_cycles: [binsize: 1 max: 32 count: 1895 average: 21.0507 | standard deviation: 0.596541 | 0 0 0 0 0 0 0 0 0 0 0 0 0 0 0 0 0 0 0 0 0 1876 2 2 6 1 0 1 2 0 3 1 1 ]
  virtual_network_3_delay_cycles: [binsize: 1 max: 43 count: 13799 average: 25.962 | standard deviation: 5.21659 | 0 0 0 0 0 0 0 0 0 0 0 0 0 0 0 0 711 559 33 1 0 2683 0 0 0 1 2252 1604 1763 3542 57 13 3 1 1 0 0 0 0 0 0 0 554 21 ]
  virtual_network_4_delay_cycles: [binsize: 1 max: 0 count: 0 average: NaN |standard deviation: NaN | 0 ]
  virtual_network_5_delay_cycles: [binsize: 1 max: 0 count: 0 average: NaN |standard deviation: NaN | 0 ]
  virtual_network_6_delay_cycles: [binsize: 1 max: 0 count: 0 average: NaN |standard deviation: NaN | 0 ]
  virtual_network_7_delay_cycles: [binsize: 1 max: 0 count: 0 average: NaN |standard deviation: NaN | 0 ]

Resource Usage
--------------
page_size: 4096
user_time: 39
system_time: 0
page_reclaims: 24221
page_faults: 0
swaps: 0
block_inputs: 0
block_outputs: 600

Coherence Bandwidth Breakdown
----------------------
L1_ATOMIC = 0
L2_DATA = 26080
L2_TO_L2T_MSG = 584
L2_DATA_GX = 18725
L2T_TO_L1T_DATA = 89240
L1_DATA_GX = 0
L2_TO_L2T_ACK = 584
L2T_TO_L1T_MSG = 47552
L2_DATA_S = 7895
L2T_TO_L1T_ATOMIC = 0
L1_DATA_PC = 815
L1_MSG = 0
L2_COHMSG_FWD = 1895
L1_DATA_F = 0
L1_DATA_PX = 12220
L2_COHMSG_RCL = 0
L1T_TO_L2T_DATA = 190208
L2_MSG = 0
L2_COHMSG_INV = 0
L1_COHMSG_RCLACK = 0
L1T_TO_L2T_ATOMIC = 0
L2_COHMSG = 2684
L2_ATOMIC = 0
L2_TO_L2T_DATA = 21215
L1_DATA = 0
L1_COHMSG = 19141
L1_COHMSG_INVACK = 0
L1T_TO_L2T_MSG = 22310
----------------------
total_flits_messages = 461148
----------------------

DMA = 0
DATA_GX_OW = 17296
DATA_PX_C = 9776
DATA_PX_D = 2444
DATA_GX_C = 4324
Block_lifetimes_pow2: [binsize: log2 max: 0 count: 0 average: NaN |standard deviation: NaN | 0 ]
Block_lifetimes[WRITE]_pow2: [binsize: log2 max: 0 count: 0 average: NaN |standard deviation: NaN | 0 ]
Block_lifetimes[EVICT]_pow2: [binsize: log2 max: 0 count: 0 average: NaN |standard deviation: NaN | 0 ]
CL_stall_evict: [binsize: log2 max: 0 count: 0 average: NaN |standard deviation: NaN | 0 ]
CL_stall_fence: [binsize: log2 max: 0 count: 0 average: NaN |standard deviation: NaN | 0 ]
Private_L1_evictions: 0
MessageBuffer: [Chip 0 0, L1Cache, mandatoryQueue] stats - msgs:83762 full:0 size:[binsize: 1 max: 4 count: 83762 average: 1.39846 | standard deviation: 0.65716 | 0 57856 19014 6314 578 ]
MessageBuffer: [Chip 0 1, L1Cache, mandatoryQueue] stats - msgs:0 full:0 size:[binsize: 1 max: 0 count: 0 average: NaN |standard deviation: NaN | 0 ]
MessageBuffer: [Chip 0 2, L1Cache, mandatoryQueue] stats - msgs:0 full:0 size:[binsize: 1 max: 0 count: 0 average: NaN |standard deviation: NaN | 0 ]
MessageBuffer: [Chip 0 3, L1Cache, mandatoryQueue] stats - msgs:0 full:0 size:[binsize: 1 max: 0 count: 0 average: NaN |standard deviation: NaN | 0 ]
MessageBuffer: [Chip 0 4, L1Cache, mandatoryQueue] stats - msgs:0 full:0 size:[binsize: 1 max: 0 count: 0 average: NaN |standard deviation: NaN | 0 ]
MessageBuffer: [Chip 0 5, L1Cache, mandatoryQueue] stats - msgs:0 full:0 size:[binsize: 1 max: 0 count: 0 average: NaN |standard deviation: NaN | 0 ]
MessageBuffer: [Chip 0 6, L1Cache, mandatoryQueue] stats - msgs:0 full:0 size:[binsize: 1 max: 0 count: 0 average: NaN |standard deviation: NaN | 0 ]
MessageBuffer: [Chip 0 7, L1Cache, mandatoryQueue] stats - msgs:0 full:0 size:[binsize: 1 max: 0 count: 0 average: NaN |standard deviation: NaN | 0 ]

Network Stats
-------------

Network interface outbound traffic
NI_0 (L1TCache) : [L1TCache]=0 [L2TCache]=18967 [L2Cache]=0 [L1Cache]=0 [Directory]=0 
NI_1 (L1TCache) : [L1TCache]=0 [L2TCache]=41894 [L2Cache]=0 [L1Cache]=0 [Directory]=0 
NI_2 (L1TCache) : [L1TCache]=0 [L2TCache]=39148 [L2Cache]=0 [L1Cache]=0 [Directory]=0 
NI_3 (L1TCache) : [L1TCache]=0 [L2TCache]=26477 [L2Cache]=0 [L1Cache]=0 [Directory]=0 
NI_4 (L1TCache) : [L1TCache]=0 [L2TCache]=86032 [L2Cache]=0 [L1Cache]=0 [Directory]=0 
NI_5 (L1TCache) : [L1TCache]=0 [L2TCache]=0 [L2Cache]=0 [L1Cache]=0 [Directory]=0 
NI_6 (L1TCache) : [L1TCache]=0 [L2TCache]=0 [L2Cache]=0 [L1Cache]=0 [Directory]=0 
NI_7 (L1TCache) : [L1TCache]=0 [L2TCache]=0 [L2Cache]=0 [L1Cache]=0 [Directory]=0 
NI_8 (L2TCache) : [L1TCache]=0 [L2TCache]=0 [L2Cache]=0 [L1Cache]=0 [Directory]=0 
NI_9 (L2TCache) : [L1TCache]=8793 [L2TCache]=0 [L2Cache]=856 [L1Cache]=0 [Directory]=0 
NI_10 (L2TCache) : [L1TCache]=60487 [L2TCache]=0 [L2Cache]=4252 [L1Cache]=0 [Directory]=0 
NI_11 (L2TCache) : [L1TCache]=67512 [L2TCache]=0 [L2Cache]=6262 [L1Cache]=0 [Directory]=0 
NI_12 (L2Cache) : [L1TCache]=0 [L2TCache]=0 [L2Cache]=0 [L1Cache]=5 [Directory]=1 
NI_13 (L2Cache) : [L1TCache]=0 [L2TCache]=2119 [L2Cache]=0 [L1Cache]=8271 [Directory]=1400 
NI_14 (L2Cache) : [L1TCache]=0 [L2TCache]=7251 [L2Cache]=0 [L1Cache]=12548 [Directory]=2060 
NI_15 (L2Cache) : [L1TCache]=0 [L2TCache]=3538 [L2Cache]=0 [L1Cache]=10375 [Directory]=1755 
NI_16 (L1Cache) : [L1TCache]=0 [L2TCache]=9475 [L2Cache]=20808 [L1Cache]=0 [Directory]=0 
NI_17 (L1Cache) : [L1TCache]=0 [L2TCache]=0 [L2Cache]=0 [L1Cache]=0 [Directory]=0 
NI_18 (L1Cache) : [L1TCache]=0 [L2TCache]=0 [L2Cache]=0 [L1Cache]=0 [Directory]=0 
NI_19 (L1Cache) : [L1TCache]=0 [L2TCache]=0 [L2Cache]=0 [L1Cache]=0 [Directory]=0 
NI_20 (L1Cache) : [L1TCache]=0 [L2TCache]=0 [L2Cache]=0 [L1Cache]=0 [Directory]=0 
NI_21 (L1Cache) : [L1TCache]=0 [L2TCache]=0 [L2Cache]=0 [L1Cache]=0 [Directory]=0 
NI_22 (L1Cache) : [L1TCache]=0 [L2TCache]=0 [L2Cache]=0 [L1Cache]=0 [Directory]=0 
NI_23 (L1Cache) : [L1TCache]=0 [L2TCache]=0 [L2Cache]=0 [L1Cache]=0 [Directory]=0 
NI_24 (Directory) : [L1TCache]=0 [L2TCache]=0 [L2Cache]=6525 [L1Cache]=0 [Directory]=0 
NI_25 (Directory) : [L1TCache]=0 [L2TCache]=0 [L2Cache]=6525 [L1Cache]=0 [Directory]=0 
NI_26 (Directory) : [L1TCache]=0 [L2TCache]=0 [L2Cache]=6515 [L1Cache]=0 [Directory]=0 
NI_27 (Directory) : [L1TCache]=0 [L2TCache]=0 [L2Cache]=6515 [L1Cache]=0 [Directory]=0 
L1_L2_flits_transferred = 0
L1_out_flits = 0
L2_out_flits = 0
-------------
Average Link Utilization :: 0.00667434 flits/cycle
total_flits_on_link = 1151191
-------------
Total VC Load [0] = 21596 flits
Total VC Load [1] = 17893 flits
Total VC Load [2] = 21640 flits
Total VC Load [3] = 17813 flits
Total VC Load [4] = 2487 flits
Total VC Load [5] = 2496 flits
Total VC Load [6] = 2467 flits
Total VC Load [7] = 2466 flits
Total VC Load [8] = 4552 flits
Total VC Load [9] = 4575 flits
Total VC Load [10] = 4572 flits
Total VC Load [11] = 4559 flits
Total VC Load [12] = 77049 flits
Total VC Load [13] = 76982 flits
Total VC Load [14] = 77486 flits
Total VC Load [15] = 75675 flits
Total VC Load [16] = 9563 flits
Total VC Load [17] = 9552 flits
Total VC Load [18] = 9576 flits
Total VC Load [19] = 9572 flits
Total VC Load [20] = 106633 flits
Total VC Load [21] = 106128 flits
Total VC Load [22] = 106244 flits
Total VC Load [23] = 106031 flits
Total VC Load [24] = 68387 flits
Total VC Load [25] = 68576 flits
Total VC Load [26] = 68306 flits
Total VC Load [27] = 68315 flits
Total VC Load [28] = 0 flits
Total VC Load [29] = 0 flits
Total VC Load [30] = 0 flits
Total VC Load [31] = 0 flits
-------------
Average VC Load [0] = 0.00826377 flits/cycle 
Average VC Load [1] = 0.0068468 flits/cycle 
Average VC Load [2] = 0.0082806 flits/cycle 
Average VC Load [3] = 0.00681619 flits/cycle 
Average VC Load [4] = 0.000951657 flits/cycle 
Average VC Load [5] = 0.000955101 flits/cycle 
Average VC Load [6] = 0.000944004 flits/cycle 
Average VC Load [7] = 0.000943621 flits/cycle 
Average VC Load [8] = 0.00174183 flits/cycle 
Average VC Load [9] = 0.00175064 flits/cycle 
Average VC Load [10] = 0.00174949 flits/cycle 
Average VC Load [11] = 0.00174451 flits/cycle 
Average VC Load [12] = 0.029483 flits/cycle 
Average VC Load [13] = 0.0294574 flits/cycle 
Average VC Load [14] = 0.0296502 flits/cycle 
Average VC Load [15] = 0.0289572 flits/cycle 
Average VC Load [16] = 0.00365931 flits/cycle 
Average VC Load [17] = 0.0036551 flits/cycle 
Average VC Load [18] = 0.00366428 flits/cycle 
Average VC Load [19] = 0.00366275 flits/cycle 
Average VC Load [20] = 0.0408034 flits/cycle 
Average VC Load [21] = 0.0406102 flits/cycle 
Average VC Load [22] = 0.0406546 flits/cycle 
Average VC Load [23] = 0.040573 flits/cycle 
Average VC Load [24] = 0.0261685 flits/cycle 
Average VC Load [25] = 0.0262408 flits/cycle 
Average VC Load [26] = 0.0261375 flits/cycle 
Average VC Load [27] = 0.0261409 flits/cycle 
Average VC Load [28] = 0 flits/cycle 
Average VC Load [29] = 0 flits/cycle 
Average VC Load [30] = 0 flits/cycle 
Average VC Load [31] = 0 flits/cycle 
-------------
Average network latency = 13.2967
-------------
Dynamic_Link_Power = 0.0488119
Static_Link_Power = 0.733365
Total_Link_Power = 0.782177
Total Link Area = 4.09374e+06 uM^2 
Router Dynamic Power:
       Input buffer: 0.00242993, Crossbar: 0.00359169, VC allocator: 0.000389161, SW allocator: 0.00125267, Clock: 0.153216, Total: 0.160879
Router Static Power:
       Input buffer: 0.891938, Crossbar: 0.1624, VC allocator: 0.438066, SW allocator: 0.0171352, Clock: 0.029369, Total: 1.53891
Router Total Power: 1.69979
Dynamic_Router_Power = 0.160879
Static_Router_Power = 1.53891
Total_Router_Power = 1.69979
Area:
Input buffer: 2.86355e-06, Crossbar: 2.50402e-06, VC allocator: 1.05856e-06, SW allocator: 4.14062e-08

Total_Dynamic_Power = 0.209691
Total_Static_Power = 2.27227
Total_Power = 2.48196
-------------

Gpusim Interface Stats
----------------------


Chip Stats
----------

 --- L1TCache ---
 - Event Counts -
Load  144095
L1_WThru  47552
L1_Atomic  0
L1_Replacement  4104
Data  0
Data_Done  22310
Ack  0
Ack_Done  47552
DataAtomic  0
DataAtomic_Done  0

 - Transitions -
I  Load  22310
I  L1_WThru  25357
I  L1_Atomic  0 <-- 
I  L1_Replacement  4039

S  Load  121785
S  L1_WThru  22195
S  L1_Atomic  0 <-- 
S  L1_Replacement  65

I_S  L1_WThru  0 <-- 
I_S  L1_Atomic  0 <-- 
I_S  Data_Done  22310

I_I  Load  0 <-- 
I_I  L1_WThru  0 <-- 
I_I  L1_Atomic  0 <-- 
I_I  Data  0 <-- 
I_I  Data_Done  0 <-- 
I_I  Ack  0 <-- 
I_I  Ack_Done  26752
I_I  DataAtomic  0 <-- 
I_I  DataAtomic_Done  0 <-- 

SM  Load  0 <-- 
SM  L1_WThru  0 <-- 
SM  L1_Atomic  0 <-- 
SM  Data  0 <-- 
SM  Data_Done  0 <-- 
SM  Ack  0 <-- 
SM  Ack_Done  20800

 --- L2TCache ---
 - Event Counts -
L1_GETS  22310
L1_Write  25357
L1_Upgrade_T  21996
L1_Upgrade_NT  199
L2_Atomic  0
L2_Expire  1
L2_Replacement  0
L2_Replacement_clean  0
Data  0
Data_all_Acks  4243
Ack  0
Ack_all  0
WB_Ack  584
Fwd_GETX  579
Fwd_GETS  5
Inv  0

 - Transitions -
NP  L1_GETS  2109
NP  L1_Write  2134
NP  L1_Upgrade_NT  0 <-- 
NP  L2_Atomic  0 <-- 

E  L1_GETS  20193
E  L1_Write  23223
E  L1_Upgrade_NT  199
E  L2_Atomic  0 <-- 
E  L2_Replacement  0 <-- 
E  L2_Replacement_clean  0 <-- 
E  Fwd_GETX  578
E  Fwd_GETS  5
E  Inv  0 <-- 

S  L1_GETS  8
S  L1_Upgrade_T  21996
S  L2_Replacement  0 <-- 
S  L2_Replacement_clean  0 <-- 
S  Fwd_GETX  1
S  Fwd_GETS  0 <-- 
S  Inv  0 <-- 

SS  L1_GETS  0 <-- 
SS  L2_Replacement  0 <-- 
SS  L2_Replacement_clean  0 <-- 
SS  Fwd_GETX  0 <-- 
SS  Fwd_GETS  0 <-- 
SS  Inv  0 <-- 

IS  L1_GETS  0 <-- 
IS  Data  0 <-- 
IS  Data_all_Acks  2109
IS  Ack  0 <-- 
IS  Ack_all  0 <-- 

ISS  Data  0 <-- 
ISS  Data_all_Acks  0 <-- 
ISS  Ack  0 <-- 
ISS  Ack_all  0 <-- 

IM  Data  0 <-- 
IM  Data_all_Acks  2134
IM  Ack  0 <-- 
IM  Ack_all  0 <-- 

IMA  Data  0 <-- 
IMA  Data_all_Acks  0 <-- 
IMA  Ack  0 <-- 
IMA  Ack_all  0 <-- 

MI  L2_Expire  1
MI  Fwd_GETX  0 <-- 
MI  Fwd_GETS  0 <-- 
MI  Inv  0 <-- 

MI_Ack  WB_Ack  584
MI_Ack  Fwd_GETX  0 <-- 
MI_Ack  Fwd_GETS  0 <-- 
MI_Ack  Inv  0 <-- 

 --- L2Cache ---
 - Event Counts -
L1_GET_INSTR  0
L1_GETS  1000
L1_GETX  8567
L1_UPGRADE  0
L1_PUTX  2684
L1_PUTX_old  0
Fwd_L1_GETX  0
Fwd_L1_GETS  0
Fwd_L1_GET_INSTR  0
L2_Replacement  0
L2_Replacement_clean  0
Mem_Data  5216
WB_Data  0
WB_Data_clean  0
Ack  0
Ack_all  0
Mem_Ack  0
Unblock  0
Unblock_Cancel  0
Exclusive_Unblock  9565
PUTX_ACC  9
DATA_ACC  575

 - Transitions -
NP  L1_GET_INSTR  0 <-- 
NP  L1_GETS  990
NP  L1_GETX  4226
NP  L1_PUTX  0 <-- 
NP  L1_PUTX_old  0 <-- 

SS  L1_GET_INSTR  0 <-- 
SS  L1_GETS  0 <-- 
SS  L1_GETX  0 <-- 
SS  L1_UPGRADE  0 <-- 
SS  L1_PUTX  0 <-- 
SS  L1_PUTX_old  0 <-- 
SS  L2_Replacement  0 <-- 
SS  L2_Replacement_clean  0 <-- 

M  L1_GET_INSTR  0 <-- 
M  L1_GETS  5
M  L1_GETX  1867
M  L1_PUTX  0 <-- 
M  L1_PUTX_old  0 <-- 
M  L2_Replacement  0 <-- 
M  L2_Replacement_clean  0 <-- 

MT  L1_GET_INSTR  0 <-- 
MT  L1_GETS  5
MT  L1_GETX  2474
MT  L1_PUTX  2684
MT  L1_PUTX_old  0 <-- 
MT  L2_Replacement  0 <-- 
MT  L2_Replacement_clean  0 <-- 
MT  PUTX_ACC  0 <-- 
MT  DATA_ACC  0 <-- 

M_I  L1_GET_INSTR  0 <-- 
M_I  L1_GETS  0 <-- 
M_I  L1_GETX  0 <-- 
M_I  L1_UPGRADE  0 <-- 
M_I  Mem_Ack  0 <-- 

MT_I  L1_GET_INSTR  0 <-- 
MT_I  L1_GETS  0 <-- 
MT_I  L1_GETX  0 <-- 
MT_I  L1_UPGRADE  0 <-- 
MT_I  L1_PUTX  0 <-- 
MT_I  L1_PUTX_old  0 <-- 
MT_I  WB_Data  0 <-- 
MT_I  WB_Data_clean  0 <-- 
MT_I  Ack_all  0 <-- 
MT_I  PUTX_ACC  0 <-- 
MT_I  DATA_ACC  0 <-- 

MCT_I  L1_GET_INSTR  0 <-- 
MCT_I  L1_GETS  0 <-- 
MCT_I  L1_GETX  0 <-- 
MCT_I  L1_UPGRADE  0 <-- 
MCT_I  L1_PUTX  0 <-- 
MCT_I  L1_PUTX_old  0 <-- 
MCT_I  WB_Data  0 <-- 
MCT_I  WB_Data_clean  0 <-- 
MCT_I  Ack_all  0 <-- 
MCT_I  PUTX_ACC  0 <-- 
MCT_I  DATA_ACC  0 <-- 

I_I  L1_GET_INSTR  0 <-- 
I_I  L1_GETS  0 <-- 
I_I  L1_GETX  0 <-- 
I_I  L1_UPGRADE  0 <-- 
I_I  L1_PUTX  0 <-- 
I_I  L1_PUTX_old  0 <-- 
I_I  Ack  0 <-- 
I_I  Ack_all  0 <-- 

S_I  L1_GET_INSTR  0 <-- 
S_I  L1_GETS  0 <-- 
S_I  L1_GETX  0 <-- 
S_I  L1_UPGRADE  0 <-- 
S_I  L1_PUTX  0 <-- 
S_I  L1_PUTX_old  0 <-- 
S_I  Ack  0 <-- 
S_I  Ack_all  0 <-- 

ISS  L1_GET_INSTR  0 <-- 
ISS  L1_GETS  0 <-- 
ISS  L1_GETX  0 <-- 
ISS  L1_PUTX  0 <-- 
ISS  L1_PUTX_old  0 <-- 
ISS  L2_Replacement  0 <-- 
ISS  L2_Replacement_clean  0 <-- 
ISS  Mem_Data  990

IS  L1_GET_INSTR  0 <-- 
IS  L1_GETS  0 <-- 
IS  L1_GETX  0 <-- 
IS  L1_PUTX  0 <-- 
IS  L1_PUTX_old  0 <-- 
IS  L2_Replacement  0 <-- 
IS  L2_Replacement_clean  0 <-- 
IS  Mem_Data  0 <-- 

IM  L1_GET_INSTR  0 <-- 
IM  L1_GETS  0 <-- 
IM  L1_GETX  0 <-- 
IM  L1_PUTX  0 <-- 
IM  L1_PUTX_old  0 <-- 
IM  L2_Replacement  0 <-- 
IM  L2_Replacement_clean  0 <-- 
IM  Mem_Data  4226

SS_MB  L1_GET_INSTR  0 <-- 
SS_MB  L1_GETS  0 <-- 
SS_MB  L1_GETX  0 <-- 
SS_MB  L1_UPGRADE  0 <-- 
SS_MB  L1_PUTX  0 <-- 
SS_MB  L1_PUTX_old  0 <-- 
SS_MB  L2_Replacement  0 <-- 
SS_MB  L2_Replacement_clean  0 <-- 
SS_MB  Exclusive_Unblock  0 <-- 

MT_MB  L1_GET_INSTR  0 <-- 
MT_MB  L1_GETS  0 <-- 
MT_MB  L1_GETX  0 <-- 
MT_MB  L1_UPGRADE  0 <-- 
MT_MB  L1_PUTX  0 <-- 
MT_MB  L1_PUTX_old  0 <-- 
MT_MB  L2_Replacement  0 <-- 
MT_MB  L2_Replacement_clean  0 <-- 
MT_MB  Exclusive_Unblock  9565
MT_MB  PUTX_ACC  8
MT_MB  DATA_ACC  571

M_MB  L1_GET_INSTR  0 <-- 
M_MB  L1_GETS  0 <-- 
M_MB  L1_GETX  0 <-- 
M_MB  L1_UPGRADE  0 <-- 
M_MB  L1_PUTX  0 <-- 
M_MB  L1_PUTX_old  0 <-- 
M_MB  L2_Replacement  0 <-- 
M_MB  L2_Replacement_clean  0 <-- 
M_MB  Exclusive_Unblock  0 <-- 

MT_IIB  L1_GET_INSTR  0 <-- 
MT_IIB  L1_GETS  0 <-- 
MT_IIB  L1_GETX  0 <-- 
MT_IIB  L1_UPGRADE  0 <-- 
MT_IIB  L1_PUTX  0 <-- 
MT_IIB  L1_PUTX_old  0 <-- 
MT_IIB  L2_Replacement  0 <-- 
MT_IIB  L2_Replacement_clean  0 <-- 
MT_IIB  WB_Data  0 <-- 
MT_IIB  WB_Data_clean  0 <-- 
MT_IIB  Unblock  0 <-- 
MT_IIB  PUTX_ACC  1
MT_IIB  DATA_ACC  4

MT_IB  L1_GET_INSTR  0 <-- 
MT_IB  L1_GETS  0 <-- 
MT_IB  L1_GETX  0 <-- 
MT_IB  L1_UPGRADE  0 <-- 
MT_IB  L1_PUTX  0 <-- 
MT_IB  L1_PUTX_old  0 <-- 
MT_IB  L2_Replacement  0 <-- 
MT_IB  L2_Replacement_clean  0 <-- 
MT_IB  WB_Data  0 <-- 
MT_IB  WB_Data_clean  0 <-- 

MT_SB  L1_GET_INSTR  0 <-- 
MT_SB  L1_GETS  0 <-- 
MT_SB  L1_GETX  0 <-- 
MT_SB  L1_UPGRADE  0 <-- 
MT_SB  L1_PUTX  0 <-- 
MT_SB  L1_PUTX_old  0 <-- 
MT_SB  L2_Replacement  0 <-- 
MT_SB  L2_Replacement_clean  0 <-- 
MT_SB  Unblock  0 <-- 

 --- L1Cache ---
 - Event Counts -
Load  10194
Ifetch  0
Store  73568
Inv  0
L1_Replacement  2694
Fwd_GETX  1895
Fwd_GETS  0
Fwd_GET_INSTR  0
Data  0
Data_Exclusive  1579
DataS_fromL1  0
Data_all_Acks  3745
Ack  0
Ack_all  0
WB_Ack  2684

 - Transitions -
NP  Load  995
NP  Ifetch  0 <-- 
NP  Store  3747
NP  Inv  0 <-- 
NP  L1_Replacement  0 <-- 

I  Load  5
I  Ifetch  0 <-- 
I  Store  577
I  Inv  0 <-- 
I  L1_Replacement  10

S  Load  0 <-- 
S  Ifetch  0 <-- 
S  Store  0 <-- 
S  Inv  0 <-- 
S  L1_Replacement  0 <-- 

E  Load  7042
E  Ifetch  0 <-- 
E  Store  13
E  Inv  0 <-- 
E  L1_Replacement  815
E  Fwd_GETX  2
E  Fwd_GETS  0 <-- 
E  Fwd_GET_INSTR  0 <-- 

M  Load  2152
M  Ifetch  0 <-- 
M  Store  69231
M  Inv  0 <-- 
M  L1_Replacement  1869
M  Fwd_GETX  1893
M  Fwd_GETS  0 <-- 
M  Fwd_GET_INSTR  0 <-- 

IS  Load  0 <-- 
IS  Ifetch  0 <-- 
IS  Store  0 <-- 
IS  Inv  0 <-- 
IS  L1_Replacement  0 <-- 
IS  Data_Exclusive  1000
IS  DataS_fromL1  0 <-- 
IS  Data_all_Acks  0 <-- 

IM  Load  0 <-- 
IM  Ifetch  0 <-- 
IM  Store  0 <-- 
IM  Inv  0 <-- 
IM  L1_Replacement  0 <-- 
IM  Data  0 <-- 
IM  Data_Exclusive  579
IM  Data_all_Acks  3745
IM  Ack  0 <-- 

SM  Load  0 <-- 
SM  Ifetch  0 <-- 
SM  Store  0 <-- 
SM  Inv  0 <-- 
SM  L1_Replacement  0 <-- 
SM  Ack  0 <-- 
SM  Ack_all  0 <-- 

IS_I  Load  0 <-- 
IS_I  Ifetch  0 <-- 
IS_I  Store  0 <-- 
IS_I  Inv  0 <-- 
IS_I  L1_Replacement  0 <-- 
IS_I  Data_Exclusive  0 <-- 
IS_I  DataS_fromL1  0 <-- 
IS_I  Data_all_Acks  0 <-- 

M_I  Load  0 <-- 
M_I  Ifetch  0 <-- 
M_I  Store  0 <-- 
M_I  Inv  0 <-- 
M_I  L1_Replacement  0 <-- 
M_I  Fwd_GETX  0 <-- 
M_I  Fwd_GETS  0 <-- 
M_I  Fwd_GET_INSTR  0 <-- 
M_I  WB_Ack  2684

E_I  Load  0 <-- 
E_I  Ifetch  0 <-- 
E_I  Store  0 <-- 
E_I  L1_Replacement  0 <-- 

SINK_WB_ACK  Load  0 <-- 
SINK_WB_ACK  Ifetch  0 <-- 
SINK_WB_ACK  Store  0 <-- 
SINK_WB_ACK  Inv  0 <-- 
SINK_WB_ACK  L1_Replacement  0 <-- 
SINK_WB_ACK  WB_Ack  0 <-- 

 --- Directory ---
 - Event Counts -
Fetch  5216
Data  0

 - Transitions -
I  Fetch  5216
I  Data  0 <-- 


Chip Buffer Stats
----------

MessageBuffer: [Chip 0 0, L1TCache, requestFromL1Cache] stats - msgs:5743 full:0 size:[binsize: 2 max: 59 count: 5743 average: 2.50618 | standard deviation: 6.3259 | 4690 677 43 27 22 22 20 18 16 18 19 15 14 15 17 18 13 10 10 8 6 7 8 7 4 4 4 4 5 2 0 0 0 0 0 0 0 0 0 0 0 0 0 0 0 0 0 0 0 0 ]
MessageBuffer: [Chip 0 1, L1TCache, requestFromL1Cache] stats - msgs:12665 full:0 size:[binsize: 2 max: 60 count: 12665 average: 1.85645 | standard deviation: 5.20686 | 11180 1089 42 23 26 21 22 20 16 15 11 10 10 10 13 14 11 10 10 10 10 9 14 14 11 8 8 8 8 8 4 0 0 0 0 0 0 0 0 0 0 0 0 0 0 0 0 0 0 0 ]
MessageBuffer: [Chip 0 2, L1TCache, requestFromL1Cache] stats - msgs:12706 full:0 size:[binsize: 2 max: 60 count: 12706 average: 2.30198 | standard deviation: 6.56479 | 11123 1030 28 23 24 22 22 21 23 22 21 18 21 22 16 18 25 23 18 21 22 20 22 21 16 14 14 14 13 6 3 0 0 0 0 0 0 0 0 0 0 0 0 0 0 0 0 0 0 0 ]
MessageBuffer: [Chip 0 3, L1TCache, requestFromL1Cache] stats - msgs:12020 full:0 size:[binsize: 2 max: 53 count: 12020 average: 2.22363 | standard deviation: 5.42095 | 9923 1473 43 41 35 28 35 41 35 41 34 30 27 25 26 28 22 26 26 25 18 8 6 6 6 6 6 0 0 0 0 0 0 0 0 0 0 0 0 0 0 0 0 0 0 0 0 0 0 0 ]
MessageBuffer: [Chip 0 4, L1TCache, requestFromL1Cache] stats - msgs:26728 full:0 size:[binsize: 2 max: 60 count: 26728 average: 1.92543 | standard deviation: 4.6209 | 17960 8214 51 28 20 20 21 18 19 17 18 16 17 16 17 21 22 19 17 19 20 21 26 25 16 17 13 13 12 10 5 0 0 0 0 0 0 0 0 0 0 0 0 0 0 0 0 0 0 0 ]
MessageBuffer: [Chip 0 5, L1TCache, requestFromL1Cache] stats - msgs:0 full:0 size:[binsize: 1 max: 0 count: 0 average: NaN |standard deviation: NaN | 0 ]
MessageBuffer: [Chip 0 6, L1TCache, requestFromL1Cache] stats - msgs:0 full:0 size:[binsize: 1 max: 0 count: 0 average: NaN |standard deviation: NaN | 0 ]
MessageBuffer: [Chip 0 7, L1TCache, requestFromL1Cache] stats - msgs:0 full:0 size:[binsize: 1 max: 0 count: 0 average: NaN |standard deviation: NaN | 0 ]
MessageBuffer: [Chip 0 0, L1TCache, responseToL1Cache] stats - msgs:5743 full:0 size:[binsize: 1 max: 2 count: 5743 average: 1.03099 | standard deviation: 0.173577 | 0 5565 178 ]
MessageBuffer: [Chip 0 1, L1TCache, responseToL1Cache] stats - msgs:12665 full:0 size:[binsize: 1 max: 2 count: 12665 average: 1.00774 | standard deviation: 0.0879686 | 0 12567 98 ]
MessageBuffer: [Chip 0 2, L1TCache, responseToL1Cache] stats - msgs:12706 full:0 size:[binsize: 1 max: 2 count: 12706 average: 1.01779 | standard deviation: 0.132187 | 0 12480 226 ]
MessageBuffer: [Chip 0 3, L1TCache, responseToL1Cache] stats - msgs:12020 full:0 size:[binsize: 1 max: 2 count: 12020 average: 1.01273 | standard deviation: 0.112457 | 0 11867 153 ]
MessageBuffer: [Chip 0 4, L1TCache, responseToL1Cache] stats - msgs:26728 full:0 size:[binsize: 1 max: 2 count: 26728 average: 1.0052 | standard deviation: 0.0721161 | 0 26589 139 ]
MessageBuffer: [Chip 0 5, L1TCache, responseToL1Cache] stats - msgs:0 full:0 size:[binsize: 1 max: 0 count: 0 average: NaN |standard deviation: NaN | 0 ]
MessageBuffer: [Chip 0 6, L1TCache, responseToL1Cache] stats - msgs:0 full:0 size:[binsize: 1 max: 0 count: 0 average: NaN |standard deviation: NaN | 0 ]
MessageBuffer: [Chip 0 7, L1TCache, responseToL1Cache] stats - msgs:0 full:0 size:[binsize: 1 max: 0 count: 0 average: NaN |standard deviation: NaN | 0 ]
MessageBuffer: [Chip 0 0, L2TCache, responseFromL2Cache] stats - msgs:0 full:0 size:[binsize: 1 max: 0 count: 0 average: NaN |standard deviation: NaN | 0 ]
MessageBuffer: [Chip 0 1, L2TCache, responseFromL2Cache] stats - msgs:4686 full:0 size:[binsize: 1 max: 3 count: 4686 average: 1.06615 | standard deviation: 0.261349 | 0 4391 280 15 ]
MessageBuffer: [Chip 0 2, L2TCache, responseFromL2Cache] stats - msgs:34573 full:0 size:[binsize: 1 max: 7 count: 34573 average: 1.21245 | standard deviation: 0.439995 | 0 27647 6529 383 10 1 2 1 ]
MessageBuffer: [Chip 0 3, L2TCache, responseFromL2Cache] stats - msgs:30603 full:0 size:[binsize: 2 max: 56 count: 30603 average: 2.5057 | standard deviation: 6.36143 | 20582 8468 149 96 89 78 78 90 80 78 77 66 65 55 51 52 50 52 30 21 13 12 10 8 12 11 11 13 206 0 0 0 0 0 0 0 0 0 0 0 0 0 0 0 0 0 0 0 0 0 ]
MessageBuffer: [Chip 0 0, L2TCache, L1RequestToL2Cache] stats - msgs:0 full:0 size:[binsize: 1 max: 0 count: 0 average: NaN |standard deviation: NaN | 0 ]
MessageBuffer: [Chip 0 1, L2TCache, L1RequestToL2Cache] stats - msgs:4686 full:0 size:[binsize: 1 max: 2 count: 4686 average: 1.02518 | standard deviation: 0.157353 | 0 4568 118 ]
MessageBuffer: [Chip 0 2, L2TCache, L1RequestToL2Cache] stats - msgs:34573 full:0 size:[binsize: 1 max: 2 count: 34573 average: 1.03856 | standard deviation: 0.192567 | 0 33240 1333 ]
MessageBuffer: [Chip 0 3, L2TCache, L1RequestToL2Cache] stats - msgs:30603 full:0 size:[binsize: 1 max: 2 count: 30603 average: 1.04666 | standard deviation: 0.210967 | 0 29175 1428 ]
MessageBuffer: [Chip 0 0, L2TCache, requestFromL2TCache] stats - msgs:0 full:0 size:[binsize: 1 max: 0 count: 0 average: NaN |standard deviation: NaN | 0 ]
MessageBuffer: [Chip 0 1, L2TCache, requestFromL2TCache] stats - msgs:426 full:0 size:[binsize: 1 max: 40 count: 426 average: 15.3944 | standard deviation: 10.4377 | 0 41 27 13 7 11 9 13 20 8 11 12 9 15 14 15 12 8 10 9 20 17 9 9 13 6 11 9 7 7 9 10 10 10 5 3 3 1 1 1 1 ]
MessageBuffer: [Chip 0 2, L2TCache, requestFromL2TCache] stats - msgs:2080 full:0 size:[binsize: 1 max: 40 count: 2080 average: 8.3101 | standard deviation: 10.1349 | 0 1031 121 42 34 26 38 39 45 30 29 30 27 29 28 23 23 21 21 29 46 47 38 32 24 24 28 29 21 20 20 23 18 14 11 2 2 4 4 4 3 ]
MessageBuffer: [Chip 0 3, L2TCache, requestFromL2TCache] stats - msgs:1746 full:0 size:[binsize: 1 max: 34 count: 1746 average: 3.26804 | standard deviation: 6.59891 | 0 1482 19 19 9 7 8 15 11 5 4 4 6 6 8 9 8 6 6 6 9 6 7 7 7 9 12 12 7 5 5 10 9 2 1 ]
MessageBuffer: [Chip 0 0, L2TCache, responseFromL2TCache] stats - msgs:0 full:0 size:[binsize: 1 max: 0 count: 0 average: NaN |standard deviation: NaN | 0 ]
MessageBuffer: [Chip 0 1, L2TCache, responseFromL2TCache] stats - msgs:1 full:0 size:[binsize: 1 max: 1 count: 1 average:     1 | standard deviation: 0 | 0 1 ]
MessageBuffer: [Chip 0 2, L2TCache, responseFromL2TCache] stats - msgs:20 full:0 size:[binsize: 1 max: 1 count: 20 average:     1 | standard deviation: 0 | 0 20 ]
MessageBuffer: [Chip 0 3, L2TCache, responseFromL2TCache] stats - msgs:554 full:0 size:[binsize: 1 max: 1 count: 554 average:     1 | standard deviation: 0 | 0 554 ]
MessageBuffer: [Chip 0 0, L2TCache, unblockFromL2TCache] stats - msgs:0 full:0 size:[binsize: 1 max: 0 count: 0 average: NaN |standard deviation: NaN | 0 ]
MessageBuffer: [Chip 0 1, L2TCache, unblockFromL2TCache] stats - msgs:425 full:0 size:[binsize: 1 max: 2 count: 425 average: 1.07765 | standard deviation: 0.270395 | 0 392 33 ]
MessageBuffer: [Chip 0 2, L2TCache, unblockFromL2TCache] stats - msgs:2072 full:0 size:[binsize: 1 max: 3 count: 2072 average: 1.02992 | standard deviation: 0.174414 | 0 2011 60 1 ]
MessageBuffer: [Chip 0 3, L2TCache, unblockFromL2TCache] stats - msgs:1746 full:0 size:[binsize: 1 max: 2 count: 1746 average: 1.01718 | standard deviation: 0.131118 | 0 1716 30 ]
MessageBuffer: [Chip 0 0, L2TCache, requestToL2TCache] stats - msgs:0 full:0 size:[binsize: 1 max: 0 count: 0 average: NaN |standard deviation: NaN | 0 ]
MessageBuffer: [Chip 0 1, L2TCache, requestToL2TCache] stats - msgs:2 full:0 size:[binsize: 1 max: 1 count: 2 average:     1 | standard deviation: 0 | 0 2 ]
MessageBuffer: [Chip 0 2, L2TCache, requestToL2TCache] stats - msgs:28 full:0 size:[binsize: 1 max: 1 count: 28 average:     1 | standard deviation: 0 | 0 28 ]
MessageBuffer: [Chip 0 3, L2TCache, requestToL2TCache] stats - msgs:554 full:0 size:[binsize: 1 max: 1 count: 554 average:     1 | standard deviation: 0 | 0 554 ]
MessageBuffer: [Chip 0 0, L2TCache, responseToL2TCache] stats - msgs:0 full:0 size:[binsize: 1 max: 0 count: 0 average: NaN |standard deviation: NaN | 0 ]
MessageBuffer: [Chip 0 1, L2TCache, responseToL2TCache] stats - msgs:427 full:0 size:[binsize: 1 max: 2 count: 427 average: 1.0281 | standard deviation: 0.167836 | 0 415 12 ]
MessageBuffer: [Chip 0 2, L2TCache, responseToL2TCache] stats - msgs:2100 full:0 size:[binsize: 1 max: 2 count: 2100 average: 1.01429 | standard deviation: 0.119551 | 0 2070 30 ]
MessageBuffer: [Chip 0 3, L2TCache, responseToL2TCache] stats - msgs:2300 full:0 size:[binsize: 1 max: 2 count: 2300 average: 1.00522 | standard deviation: 0.0722472 | 0 2288 12 ]
MessageBuffer: [Chip 0 0, L2Cache, DirRequestFromL2Cache] stats - msgs:1 full:0 size:[binsize: 1 max: 1 count: 1 average:     1 | standard deviation: 0 | 0 1 ]
MessageBuffer: [Chip 0 1, L2Cache, DirRequestFromL2Cache] stats - msgs:1400 full:0 size:[binsize: 1 max: 1 count: 1400 average:     1 | standard deviation: 0 | 0 1400 ]
MessageBuffer: [Chip 0 2, L2Cache, DirRequestFromL2Cache] stats - msgs:2060 full:0 size:[binsize: 1 max: 2 count: 2060 average: 1.00049 | standard deviation: 0.022038 | 0 2059 1 ]
MessageBuffer: [Chip 0 3, L2Cache, DirRequestFromL2Cache] stats - msgs:1755 full:0 size:[binsize: 1 max: 1 count: 1755 average:     1 | standard deviation: 0 | 0 1755 ]
MessageBuffer: [Chip 0 0, L2Cache, L1RequestFromL2Cache] stats - msgs:0 full:0 size:[binsize: 1 max: 0 count: 0 average: NaN |standard deviation: NaN | 0 ]
MessageBuffer: [Chip 0 1, L2Cache, L1RequestFromL2Cache] stats - msgs:4 full:0 size:[binsize: 1 max: 1 count: 4 average:     1 | standard deviation: 0 | 0 4 ]
MessageBuffer: [Chip 0 2, L2Cache, L1RequestFromL2Cache] stats - msgs:661 full:0 size:[binsize: 1 max: 3 count: 661 average: 1.18154 | standard deviation: 0.455605 | 0 560 82 19 ]
MessageBuffer: [Chip 0 3, L2Cache, L1RequestFromL2Cache] stats - msgs:1814 full:0 size:[binsize: 1 max: 3 count: 1814 average: 1.10584 | standard deviation: 0.372822 | 0 1662 112 40 ]
MessageBuffer: [Chip 0 0, L2Cache, responseFromL2Cache] stats - msgs:1 full:0 size:[binsize: 1 max: 1 count: 1 average:     1 | standard deviation: 0 | 0 1 ]
MessageBuffer: [Chip 0 1, L2Cache, responseFromL2Cache] stats - msgs:3070 full:0 size:[binsize: 2 max: 50 count: 3070 average: 4.12443 | standard deviation: 9.49904 | 2622 54 20 24 31 22 19 15 15 12 11 13 15 15 16 20 19 15 17 15 14 15 13 22 15 1 0 0 0 0 0 0 0 0 0 0 0 0 0 0 0 0 0 0 0 0 0 0 0 0 ]
MessageBuffer: [Chip 0 2, L2Cache, responseFromL2Cache] stats - msgs:5006 full:0 size:[binsize: 1 max: 49 count: 5006 average: 5.03096 | standard deviation: 10.3438 | 0 3877 234 31 23 24 28 26 28 28 25 21 26 23 23 21 20 25 27 21 19 18 17 19 14 15 15 18 14 10 14 11 13 20 17 17 19 17 14 15 17 13 14 12 16 20 23 23 17 4 ]
MessageBuffer: [Chip 0 3, L2Cache, responseFromL2Cache] stats - msgs:2863 full:0 size:[binsize: 1 max: 2 count: 2863 average: 1.23891 | standard deviation: 0.426662 | 0 2179 684 ]
MessageBuffer: [Chip 0 0, L2Cache, unblockToL2Cache] stats - msgs:1 full:0 size:[binsize: 1 max: 1 count: 1 average:     1 | standard deviation: 0 | 0 1 ]
MessageBuffer: [Chip 0 1, L2Cache, unblockToL2Cache] stats - msgs:1831 full:0 size:[binsize: 1 max: 2 count: 1831 average: 1.01802 | standard deviation: 0.134286 | 0 1798 33 ]
MessageBuffer: [Chip 0 2, L2Cache, unblockToL2Cache] stats - msgs:4164 full:0 size:[binsize: 1 max: 2 count: 4164 average: 1.01921 | standard deviation: 0.137756 | 0 4084 80 ]
MessageBuffer: [Chip 0 3, L2Cache, unblockToL2Cache] stats - msgs:3569 full:0 size:[binsize: 1 max: 2 count: 3569 average: 1.00504 | standard deviation: 0.0710271 | 0 3551 18 ]
MessageBuffer: [Chip 0 0, L2Cache, L1RequestToL2Cache] stats - msgs:1 full:0 size:[binsize: 1 max: 1 count: 1 average:     1 | standard deviation: 0 | 0 1 ]
MessageBuffer: [Chip 0 1, L2Cache, L1RequestToL2Cache] stats - msgs:3071 full:0 size:[binsize: 1 max: 2 count: 3071 average: 1.05471 | standard deviation: 0.227578 | 0 2903 168 ]
MessageBuffer: [Chip 0 2, L2Cache, L1RequestToL2Cache] stats - msgs:5619 full:0 size:[binsize: 1 max: 2 count: 5619 average: 1.06496 | standard deviation: 0.24673 | 0 5254 365 ]
MessageBuffer: [Chip 0 3, L2Cache, L1RequestToL2Cache] stats - msgs:3569 full:0 size:[binsize: 1 max: 2 count: 3569 average: 1.01793 | standard deviation: 0.132879 | 0 3505 64 ]
MessageBuffer: [Chip 0 0, L2Cache, responseToL2Cache] stats - msgs:1 full:0 size:[binsize: 1 max: 1 count: 1 average:     1 | standard deviation: 0 | 0 1 ]
MessageBuffer: [Chip 0 1, L2Cache, responseToL2Cache] stats - msgs:1401 full:0 size:[binsize: 1 max: 1 count: 1401 average:     1 | standard deviation: 0 | 0 1401 ]
MessageBuffer: [Chip 0 2, L2Cache, responseToL2Cache] stats - msgs:2080 full:0 size:[binsize: 1 max: 2 count: 2080 average: 1.00048 | standard deviation: 0.0219317 | 0 2079 1 ]
MessageBuffer: [Chip 0 3, L2Cache, responseToL2Cache] stats - msgs:2309 full:0 size:[binsize: 1 max: 1 count: 2309 average:     1 | standard deviation: 0 | 0 2309 ]
MessageBuffer: [Chip 0 0, L1Cache, requestFromL1Cache] stats - msgs:8008 full:0 size:[binsize: 1 max: 4 count: 8008 average: 1.33591 | standard deviation: 0.473475 | 0 5321 2685 1 1 ]
MessageBuffer: [Chip 0 1, L1Cache, requestFromL1Cache] stats - msgs:0 full:0 size:[binsize: 1 max: 0 count: 0 average: NaN |standard deviation: NaN | 0 ]
MessageBuffer: [Chip 0 2, L1Cache, requestFromL1Cache] stats - msgs:0 full:0 size:[binsize: 1 max: 0 count: 0 average: NaN |standard deviation: NaN | 0 ]
MessageBuffer: [Chip 0 3, L1Cache, requestFromL1Cache] stats - msgs:0 full:0 size:[binsize: 1 max: 0 count: 0 average: NaN |standard deviation: NaN | 0 ]
MessageBuffer: [Chip 0 4, L1Cache, requestFromL1Cache] stats - msgs:0 full:0 size:[binsize: 1 max: 0 count: 0 average: NaN |standard deviation: NaN | 0 ]
MessageBuffer: [Chip 0 5, L1Cache, requestFromL1Cache] stats - msgs:0 full:0 size:[binsize: 1 max: 0 count: 0 average: NaN |standard deviation: NaN | 0 ]
MessageBuffer: [Chip 0 6, L1Cache, requestFromL1Cache] stats - msgs:0 full:0 size:[binsize: 1 max: 0 count: 0 average: NaN |standard deviation: NaN | 0 ]
MessageBuffer: [Chip 0 7, L1Cache, requestFromL1Cache] stats - msgs:0 full:0 size:[binsize: 1 max: 0 count: 0 average: NaN |standard deviation: NaN | 0 ]
MessageBuffer: [Chip 0 0, L1Cache, responseFromL1Cache] stats - msgs:1895 full:0 size:[binsize: 1 max: 29 count: 1895 average: 3.63536 | standard deviation: 5.79106 | 0 1428 48 30 21 17 19 16 25 23 19 28 21 20 19 19 15 20 15 13 13 13 9 13 12 9 4 2 2 2 ]
MessageBuffer: [Chip 0 1, L1Cache, responseFromL1Cache] stats - msgs:0 full:0 size:[binsize: 1 max: 0 count: 0 average: NaN |standard deviation: NaN | 0 ]
MessageBuffer: [Chip 0 2, L1Cache, responseFromL1Cache] stats - msgs:0 full:0 size:[binsize: 1 max: 0 count: 0 average: NaN |standard deviation: NaN | 0 ]
MessageBuffer: [Chip 0 3, L1Cache, responseFromL1Cache] stats - msgs:0 full:0 size:[binsize: 1 max: 0 count: 0 average: NaN |standard deviation: NaN | 0 ]
MessageBuffer: [Chip 0 4, L1Cache, responseFromL1Cache] stats - msgs:0 full:0 size:[binsize: 1 max: 0 count: 0 average: NaN |standard deviation: NaN | 0 ]
MessageBuffer: [Chip 0 5, L1Cache, responseFromL1Cache] stats - msgs:0 full:0 size:[binsize: 1 max: 0 count: 0 average: NaN |standard deviation: NaN | 0 ]
MessageBuffer: [Chip 0 6, L1Cache, responseFromL1Cache] stats - msgs:0 full:0 size:[binsize: 1 max: 0 count: 0 average: NaN |standard deviation: NaN | 0 ]
MessageBuffer: [Chip 0 7, L1Cache, responseFromL1Cache] stats - msgs:0 full:0 size:[binsize: 1 max: 0 count: 0 average: NaN |standard deviation: NaN | 0 ]
MessageBuffer: [Chip 0 0, L1Cache, unblockFromL1Cache] stats - msgs:5324 full:0 size:[binsize: 1 max: 1 count: 5324 average:     1 | standard deviation: 0 | 0 5324 ]
MessageBuffer: [Chip 0 1, L1Cache, unblockFromL1Cache] stats - msgs:0 full:0 size:[binsize: 1 max: 0 count: 0 average: NaN |standard deviation: NaN | 0 ]
MessageBuffer: [Chip 0 2, L1Cache, unblockFromL1Cache] stats - msgs:0 full:0 size:[binsize: 1 max: 0 count: 0 average: NaN |standard deviation: NaN | 0 ]
MessageBuffer: [Chip 0 3, L1Cache, unblockFromL1Cache] stats - msgs:0 full:0 size:[binsize: 1 max: 0 count: 0 average: NaN |standard deviation: NaN | 0 ]
MessageBuffer: [Chip 0 4, L1Cache, unblockFromL1Cache] stats - msgs:0 full:0 size:[binsize: 1 max: 0 count: 0 average: NaN |standard deviation: NaN | 0 ]
MessageBuffer: [Chip 0 5, L1Cache, unblockFromL1Cache] stats - msgs:0 full:0 size:[binsize: 1 max: 0 count: 0 average: NaN |standard deviation: NaN | 0 ]
MessageBuffer: [Chip 0 6, L1Cache, unblockFromL1Cache] stats - msgs:0 full:0 size:[binsize: 1 max: 0 count: 0 average: NaN |standard deviation: NaN | 0 ]
MessageBuffer: [Chip 0 7, L1Cache, unblockFromL1Cache] stats - msgs:0 full:0 size:[binsize: 1 max: 0 count: 0 average: NaN |standard deviation: NaN | 0 ]
MessageBuffer: [Chip 0 0, L1Cache, requestToL1Cache] stats - msgs:1895 full:0 size:[binsize: 1 max: 2 count: 1895 average: 1.07124 | standard deviation: 0.257926 | 0 1760 135 ]
MessageBuffer: [Chip 0 1, L1Cache, requestToL1Cache] stats - msgs:0 full:0 size:[binsize: 1 max: 0 count: 0 average: NaN |standard deviation: NaN | 0 ]
MessageBuffer: [Chip 0 2, L1Cache, requestToL1Cache] stats - msgs:0 full:0 size:[binsize: 1 max: 0 count: 0 average: NaN |standard deviation: NaN | 0 ]
MessageBuffer: [Chip 0 3, L1Cache, requestToL1Cache] stats - msgs:0 full:0 size:[binsize: 1 max: 0 count: 0 average: NaN |standard deviation: NaN | 0 ]
MessageBuffer: [Chip 0 4, L1Cache, requestToL1Cache] stats - msgs:0 full:0 size:[binsize: 1 max: 0 count: 0 average: NaN |standard deviation: NaN | 0 ]
MessageBuffer: [Chip 0 5, L1Cache, requestToL1Cache] stats - msgs:0 full:0 size:[binsize: 1 max: 0 count: 0 average: NaN |standard deviation: NaN | 0 ]
MessageBuffer: [Chip 0 6, L1Cache, requestToL1Cache] stats - msgs:0 full:0 size:[binsize: 1 max: 0 count: 0 average: NaN |standard deviation: NaN | 0 ]
MessageBuffer: [Chip 0 7, L1Cache, requestToL1Cache] stats - msgs:0 full:0 size:[binsize: 1 max: 0 count: 0 average: NaN |standard deviation: NaN | 0 ]
MessageBuffer: [Chip 0 0, L1Cache, responseToL1Cache] stats - msgs:8008 full:0 size:[binsize: 1 max: 1 count: 8008 average:     1 | standard deviation: 0 | 0 8008 ]
MessageBuffer: [Chip 0 1, L1Cache, responseToL1Cache] stats - msgs:0 full:0 size:[binsize: 1 max: 0 count: 0 average: NaN |standard deviation: NaN | 0 ]
MessageBuffer: [Chip 0 2, L1Cache, responseToL1Cache] stats - msgs:0 full:0 size:[binsize: 1 max: 0 count: 0 average: NaN |standard deviation: NaN | 0 ]
MessageBuffer: [Chip 0 3, L1Cache, responseToL1Cache] stats - msgs:0 full:0 size:[binsize: 1 max: 0 count: 0 average: NaN |standard deviation: NaN | 0 ]
MessageBuffer: [Chip 0 4, L1Cache, responseToL1Cache] stats - msgs:0 full:0 size:[binsize: 1 max: 0 count: 0 average: NaN |standard deviation: NaN | 0 ]
MessageBuffer: [Chip 0 5, L1Cache, responseToL1Cache] stats - msgs:0 full:0 size:[binsize: 1 max: 0 count: 0 average: NaN |standard deviation: NaN | 0 ]
MessageBuffer: [Chip 0 6, L1Cache, responseToL1Cache] stats - msgs:0 full:0 size:[binsize: 1 max: 0 count: 0 average: NaN |standard deviation: NaN | 0 ]
MessageBuffer: [Chip 0 7, L1Cache, responseToL1Cache] stats - msgs:0 full:0 size:[binsize: 1 max: 0 count: 0 average: NaN |standard deviation: NaN | 0 ]
MessageBuffer: [Chip 0 0, Directory, requestToDir] stats - msgs:1305 full:0 size:[binsize: 1 max: 1 count: 1305 average:     1 | standard deviation: 0 | 0 1305 ]
MessageBuffer: [Chip 0 1, Directory, requestToDir] stats - msgs:1305 full:0 size:[binsize: 1 max: 1 count: 1305 average:     1 | standard deviation: 0 | 0 1305 ]
MessageBuffer: [Chip 0 2, Directory, requestToDir] stats - msgs:1303 full:0 size:[binsize: 1 max: 1 count: 1303 average:     1 | standard deviation: 0 | 0 1303 ]
MessageBuffer: [Chip 0 3, Directory, requestToDir] stats - msgs:1303 full:0 size:[binsize: 1 max: 1 count: 1303 average:     1 | standard deviation: 0 | 0 1303 ]
MessageBuffer: [Chip 0 0, Directory, responseToDir] stats - msgs:0 full:0 size:[binsize: 1 max: 0 count: 0 average: NaN |standard deviation: NaN | 0 ]
MessageBuffer: [Chip 0 1, Directory, responseToDir] stats - msgs:0 full:0 size:[binsize: 1 max: 0 count: 0 average: NaN |standard deviation: NaN | 0 ]
MessageBuffer: [Chip 0 2, Directory, responseToDir] stats - msgs:0 full:0 size:[binsize: 1 max: 0 count: 0 average: NaN |standard deviation: NaN | 0 ]
MessageBuffer: [Chip 0 3, Directory, responseToDir] stats - msgs:0 full:0 size:[binsize: 1 max: 0 count: 0 average: NaN |standard deviation: NaN | 0 ]
MessageBuffer: [Chip 0 0, Directory, responseFromDir] stats - msgs:1305 full:0 size:[binsize: 1 max: 2 count: 1305 average: 1.0046 | standard deviation: 0.0678323 | 0 1299 6 ]
MessageBuffer: [Chip 0 1, Directory, responseFromDir] stats - msgs:1305 full:0 size:[binsize: 1 max: 2 count: 1305 average: 1.00383 | standard deviation: 0.0619222 | 0 1300 5 ]
MessageBuffer: [Chip 0 2, Directory, responseFromDir] stats - msgs:1303 full:0 size:[binsize: 1 max: 2 count: 1303 average: 1.00384 | standard deviation: 0.0619697 | 0 1298 5 ]
MessageBuffer: [Chip 0 3, Directory, responseFromDir] stats - msgs:1303 full:0 size:[binsize: 1 max: 2 count: 1303 average: 1.00307 | standard deviation: 0.0554274 | 0 1299 4 ]
