####################################################################################################
Interval
####################################################################################################

INST_COUNT_TOT                                           53870816                      53870816

CYC_COUNT_TOT                                           127882963                     127882963

EXE_TIME                                                        0                             0

NUM_REPEAT                                                      0                             0

CYC_COUNT_X86                                                   0                             0

CYC_COUNT_PTX                                                   0                             0

AVG_BLOCK_EXE_CYCLE                                             0                             0

AVG_BLOCK_EXE_CYCLE_BASE                                        0                             0

PROGRESS_ERROR                                                  0                             0

FILE_OPEN_ERROR                                                 0                             0

NUM_THREAD                                                      0                             0

APPL_CYC_COUNT_BASE0                                            0                             0

APPL_CYC_COUNT_BASE1                                            0                             0

APPL_CYC_COUNT_BASE2                                            0                             0

APPL_CYC_COUNT_BASE3                                            0                             0

APPL_CYC_COUNT_BASE4                                            0                             0

APPL_CYC_COUNT0                                                 0                           NaN

APPL_CYC_COUNT1                                                 0                           NaN

APPL_CYC_COUNT2                                                 0                           NaN

APPL_CYC_COUNT3                                                 0                           NaN

APPL_CYC_COUNT4                                                 0                           NaN

CPI_DELTA_BASE0                                                 0                             0

CPI_DELTA_BASE1                                                 0                             0

CPI_DELTA_BASE2                                                 0                             0

CPI_DELTA_BASE3                                                 0                             0

CPI_DELTA_BASE4                                                 0                             0

CPI_DELTA0                                                      0                           NaN

CPI_DELTA1                                                      0                           NaN

CPI_DELTA2                                                      0                           NaN

CPI_DELTA3                                                      0                           NaN

CPI_DELTA4                                                      0                           NaN

CYCLE_CPU                                               127882963                     127882963

CYCLE_GPU                                               127882963                     127882963

INST_COUNT_CORE_0                                             385                           385

CYC_COUNT_CORE_0                                        127882962                     127882962

INST_COUNT_CORE_1                                           90552                         90552

CYC_COUNT_CORE_1                                        127879342                     127879342

INST_COUNT_CORE_2                                        20451449                      20451449

CYC_COUNT_CORE_2                                        127879338                     127879338

INST_COUNT_CORE_3                                         1527423                       1527423

CYC_COUNT_CORE_3                                        127879338                     127879338

INST_COUNT_CORE_4                                         2549606                       2549606

CYC_COUNT_CORE_4                                        127879338                     127879338

INST_COUNT_CORE_5                                        29251401                      29251401

CYC_COUNT_CORE_5                                        127879338                     127879338

INST_COUNT_CORE_6                                               0                             0

CYC_COUNT_CORE_6                                        127879338                     127879338

INST_COUNT_CORE_7                                               0                             0

CYC_COUNT_CORE_7                                        127879338                     127879338

