####################################################################################################
Interval
####################################################################################################

DISPATCHED_INST                                          73258385                      73258385

DISPATCH_WAIT                                         14955860729                       204.152

NUM_NO_FETCH_CYCLES                                             0                             0

AVG_CORE_IDLE_CYCLE                                             0                             0

NUM_SAMPLES_CORE_0                                      123357386                     123357386

NUM_ACTIVE_BLOCKS_CORE_0                                        0                             0

NUM_ACTIVE_THREADS_CORE_0                               123357385                             1

NUM_SCHED_IDLE_CYCLE_CORE_0                                    87                            87

NUM_NO_SCHED_CYCLE_CORE_0                                       0                             0

CORE_DISPATCHED_INST_CORE_0                                   516                           516

CORE_DISPATCH_WAIT_CORE_0                                   75474                       146.267

CORE_CYCLES_CORE_0                                              0                             0

CORE_SCHED_THREADS_CORE_0                                       0                           NaN

CORE_NUM_NO_FETCH_CYCLES_CORE_0                                 0                             0

CORE_NUM_NO_FETCH_CYCLES_WITH_READY_THREADS_CORE_0                   0                             0

CORE_NUM_FETCH_CYCLES_CORE_0                                    0                             0

CORE_FETCH_DELTA_CORE_0                                         0                           NaN

CORE_NUM_RETIRE_CYCLES_CORE_0                                   0                             0

CORE_RETIRE_DELTA_CORE_0                                        0                           NaN

SCHED_FAILED_REASON_SUCCESS_CORE_0                           9187                       18.2152%
SCHED_FAILED_OPERANDS_NOT_READY_CORE_0                      40807                       80.9085%
SCHED_FAILED_NO_PORTS_CORE_0                                  442                      0.876358%
                                                            50436                           100%

NUM_SAMPLES_CORE_1                                      123353458                     123353458

NUM_ACTIVE_BLOCKS_CORE_1                                        0                             0

NUM_ACTIVE_THREADS_CORE_1                               123353458                             1

NUM_SCHED_IDLE_CYCLE_CORE_1                                     0                             0

NUM_NO_SCHED_CYCLE_CORE_1                                       0                             0

CORE_DISPATCHED_INST_CORE_1                                     0                             0

CORE_DISPATCH_WAIT_CORE_1                                       0                           NaN

CORE_CYCLES_CORE_1                                              0                             0

CORE_SCHED_THREADS_CORE_1                                       0                           NaN

CORE_NUM_NO_FETCH_CYCLES_CORE_1                                 0                             0

CORE_NUM_NO_FETCH_CYCLES_WITH_READY_THREADS_CORE_1                   0                             0

CORE_NUM_FETCH_CYCLES_CORE_1                                    0                             0

CORE_FETCH_DELTA_CORE_1                                         0                           NaN

CORE_NUM_RETIRE_CYCLES_CORE_1                                   0                             0

CORE_RETIRE_DELTA_CORE_1                                        0                           NaN

SCHED_FAILED_REASON_SUCCESS_CORE_1                              0                          NaN 
SCHED_FAILED_OPERANDS_NOT_READY_CORE_1                          0                          NaN 
SCHED_FAILED_NO_PORTS_CORE_1                                    0                          NaN 
                                                                0                           100%

NUM_SAMPLES_CORE_2                                      123353454                     123353454

NUM_ACTIVE_BLOCKS_CORE_2                                        0                             0

NUM_ACTIVE_THREADS_CORE_2                               123353454                             1

NUM_SCHED_IDLE_CYCLE_CORE_2                               1647919                       1647919

NUM_NO_SCHED_CYCLE_CORE_2                                       0                             0

CORE_DISPATCHED_INST_CORE_2                              27983748                      27983748

CORE_DISPATCH_WAIT_CORE_2                              4148039101                        148.23

CORE_CYCLES_CORE_2                                              0                             0

CORE_SCHED_THREADS_CORE_2                                       0                           NaN

CORE_NUM_NO_FETCH_CYCLES_CORE_2                                 0                             0

CORE_NUM_NO_FETCH_CYCLES_WITH_READY_THREADS_CORE_2                   0                             0

CORE_NUM_FETCH_CYCLES_CORE_2                                    0                             0

CORE_FETCH_DELTA_CORE_2                                         0                           NaN

CORE_NUM_RETIRE_CYCLES_CORE_2                                   0                             0

CORE_RETIRE_DELTA_CORE_2                                        0                           NaN

SCHED_FAILED_REASON_SUCCESS_CORE_2                      284320739                       6.90907%
SCHED_FAILED_OPERANDS_NOT_READY_CORE_2                 -464163165                      -11.2793%
SCHED_FAILED_NO_PORTS_CORE_2                                58001                    0.00140944%
                                                       4115182871                           100%

NUM_SAMPLES_CORE_3                                      123353454                     123353454

NUM_ACTIVE_BLOCKS_CORE_3                                        0                             0

NUM_ACTIVE_THREADS_CORE_3                               123353454                             1

NUM_SCHED_IDLE_CYCLE_CORE_3                                   258                           258

NUM_NO_SCHED_CYCLE_CORE_3                                       0                             0

CORE_DISPATCHED_INST_CORE_3                               2133963                       2133963

CORE_DISPATCH_WAIT_CORE_3                               586630374                       274.902

CORE_CYCLES_CORE_3                                              0                             0

CORE_SCHED_THREADS_CORE_3                                       0                           NaN

CORE_NUM_NO_FETCH_CYCLES_CORE_3                                 0                             0

CORE_NUM_NO_FETCH_CYCLES_WITH_READY_THREADS_CORE_3                   0                             0

CORE_NUM_FETCH_CYCLES_CORE_3                                    0                             0

CORE_FETCH_DELTA_CORE_3                                         0                           NaN

CORE_NUM_RETIRE_CYCLES_CORE_3                                   0                             0

CORE_RETIRE_DELTA_CORE_3                                        0                           NaN

SCHED_FAILED_REASON_SUCCESS_CORE_3                        2190161                      0.374709%
SCHED_FAILED_OPERANDS_NOT_READY_CORE_3                  582306250                       99.6253%
SCHED_FAILED_NO_PORTS_CORE_3                                    0                             0%
                                                        584496411                           100%

NUM_SAMPLES_CORE_4                                      123353454                     123353454

NUM_ACTIVE_BLOCKS_CORE_4                                        0                             0

NUM_ACTIVE_THREADS_CORE_4                               123353454                             1

NUM_SCHED_IDLE_CYCLE_CORE_4                                   328                           328

NUM_NO_SCHED_CYCLE_CORE_4                                       0                             0

CORE_DISPATCHED_INST_CORE_4                               3564269                       3564269

CORE_DISPATCH_WAIT_CORE_4                               511859260                       143.608

CORE_CYCLES_CORE_4                                              0                             0

CORE_SCHED_THREADS_CORE_4                                       0                           NaN

CORE_NUM_NO_FETCH_CYCLES_CORE_4                                 0                             0

CORE_NUM_NO_FETCH_CYCLES_WITH_READY_THREADS_CORE_4                   0                             0

CORE_NUM_FETCH_CYCLES_CORE_4                                    0                             0

CORE_FETCH_DELTA_CORE_4                                         0                           NaN

CORE_NUM_RETIRE_CYCLES_CORE_4                                   0                             0

CORE_RETIRE_DELTA_CORE_4                                        0                           NaN

SCHED_FAILED_REASON_SUCCESS_CORE_4                        3591488                      0.706576%
SCHED_FAILED_OPERANDS_NOT_READY_CORE_4                  504703503                       99.2934%
SCHED_FAILED_NO_PORTS_CORE_4                                    0                             0%
                                                        508294991                           100%

NUM_SAMPLES_CORE_5                                      123353454                     123353454

NUM_ACTIVE_BLOCKS_CORE_5                                        0                             0

NUM_ACTIVE_THREADS_CORE_5                               123353454                             1

NUM_SCHED_IDLE_CYCLE_CORE_5                                    15                            15

NUM_NO_SCHED_CYCLE_CORE_5                                       0                             0

CORE_DISPATCHED_INST_CORE_5                              39575889                      39575889

CORE_DISPATCH_WAIT_CORE_5                              9709256520                       245.333

CORE_CYCLES_CORE_5                                              0                             0

CORE_SCHED_THREADS_CORE_5                                       0                           NaN

CORE_NUM_NO_FETCH_CYCLES_CORE_5                                 0                             0

CORE_NUM_NO_FETCH_CYCLES_WITH_READY_THREADS_CORE_5                   0                             0

CORE_NUM_FETCH_CYCLES_CORE_5                                    0                             0

CORE_FETCH_DELTA_CORE_5                                         0                           NaN

CORE_NUM_RETIRE_CYCLES_CORE_5                                   0                             0

CORE_RETIRE_DELTA_CORE_5                                        0                           NaN

SCHED_FAILED_REASON_SUCCESS_CORE_5                      979626872                       10.1346%
SCHED_FAILED_OPERANDS_NOT_READY_CORE_5                   96561652                      0.998965%
SCHED_FAILED_NO_PORTS_CORE_5                                41492                    0.00042925%
                                                       9666164608                           100%

NUM_SAMPLES_CORE_6                                              0                             0

NUM_ACTIVE_BLOCKS_CORE_6                                        0                           NaN

NUM_ACTIVE_THREADS_CORE_6                                       0                           NaN

NUM_SCHED_IDLE_CYCLE_CORE_6                                     0                             0

NUM_NO_SCHED_CYCLE_CORE_6                                       0                             0

CORE_DISPATCHED_INST_CORE_6                                     0                             0

CORE_DISPATCH_WAIT_CORE_6                                       0                           NaN

CORE_CYCLES_CORE_6                                              0                             0

CORE_SCHED_THREADS_CORE_6                                       0                           NaN

CORE_NUM_NO_FETCH_CYCLES_CORE_6                                 0                             0

CORE_NUM_NO_FETCH_CYCLES_WITH_READY_THREADS_CORE_6                   0                             0

CORE_NUM_FETCH_CYCLES_CORE_6                                    0                             0

CORE_FETCH_DELTA_CORE_6                                         0                           NaN

CORE_NUM_RETIRE_CYCLES_CORE_6                                   0                             0

CORE_RETIRE_DELTA_CORE_6                                        0                           NaN

SCHED_FAILED_REASON_SUCCESS_CORE_6                              0                          NaN 
SCHED_FAILED_OPERANDS_NOT_READY_CORE_6                          0                          NaN 
SCHED_FAILED_NO_PORTS_CORE_6                                    0                          NaN 
                                                                0                           100%

NUM_SAMPLES_CORE_7                                              0                             0

NUM_ACTIVE_BLOCKS_CORE_7                                        0                           NaN

NUM_ACTIVE_THREADS_CORE_7                                       0                           NaN

NUM_SCHED_IDLE_CYCLE_CORE_7                                     0                             0

NUM_NO_SCHED_CYCLE_CORE_7                                       0                             0

CORE_DISPATCHED_INST_CORE_7                                     0                             0

CORE_DISPATCH_WAIT_CORE_7                                       0                           NaN

CORE_CYCLES_CORE_7                                              0                             0

CORE_SCHED_THREADS_CORE_7                                       0                           NaN

CORE_NUM_NO_FETCH_CYCLES_CORE_7                                 0                             0

CORE_NUM_NO_FETCH_CYCLES_WITH_READY_THREADS_CORE_7                   0                             0

CORE_NUM_FETCH_CYCLES_CORE_7                                    0                             0

CORE_FETCH_DELTA_CORE_7                                         0                           NaN

CORE_NUM_RETIRE_CYCLES_CORE_7                                   0                             0

CORE_RETIRE_DELTA_CORE_7                                        0                           NaN

SCHED_FAILED_REASON_SUCCESS_CORE_7                              0                          NaN 
SCHED_FAILED_OPERANDS_NOT_READY_CORE_7                          0                          NaN 
SCHED_FAILED_NO_PORTS_CORE_7                                    0                          NaN 
                                                                0                           100%

