####################################################################################################
Interval
####################################################################################################

POWER_L3CACHE_LINEFILL_BUF_R                                    0                             0

POWER_L3CACHE_LINEFILL_BUF_W                                    0                             0

POWER_L3CACHE_LINEFILL_BUF_R_TAG                                0                             0

POWER_L3CACHE_WB_BUF_R                                          0                             0

POWER_L3CACHE_WB_BUF_W                                          0                             0

POWER_L3CACHE_WB_BUF_R_TAG                                      0                             0

POWER_L3CACHE_R                                                 0                             0

POWER_L3CACHE_W                                                 0                             0

POWER_L3CACHE_R_TAG                                             0                             0

POWER_MC_R                                                      0                             0

POWER_MC_W                                                      0                             0

POWER_BLOCK_STATES_R_CORE_0                                  1952                          1952

POWER_BLOCK_STATES_W_CORE_0                                  1952                          1952

POWER_FETCH_QUEUE_R_CORE_0                                   7710                          7710

POWER_FETCH_QUEUE_W_CORE_0                                   7709                          7709

POWER_INST_QUEUE_R_CORE_0                                   19754                         19754

POWER_INST_QUEUE_W_CORE_0                                    7709                          7709

POWER_BR_PRED_R_CORE_0                                         32                            32

POWER_BR_PRED_W_CORE_0                                          0                             0

POWER_RAS_R_CORE_0                                            192                           192

POWER_RAS_W_CORE_0                                            255                           255

POWER_ICACHE_R_CORE_0                                        1952                          1952

POWER_ICACHE_W_CORE_0                                           0                             0

POWER_ICACHE_R_TAG_CORE_0                                    1760                          1760

POWER_ICACHE_MISS_BUF_R_CORE_0                                  0                             0

POWER_ICACHE_MISS_BUF_W_CORE_0                                  0                             0

POWER_ICACHE_MISS_BUF_R_TAG_CORE_0                              0                             0

POWER_ICACHE_MISS_BUF_W_TAG_CORE_0                              0                             0

POWER_ICACHE_TOT_ACC_CORE_0                                     0                             0

POWER_ICACHE_CONF_CORE_0                                        0                             0

POWER_INST_DECODER_R_CORE_0                                  6655                          6655

POWER_INST_DECODER_W_CORE_0                                     0                             0

POWER_MICRO_OP_SEQ_R_CORE_0                                     0                             0

POWER_MICRO_OP_SEQ_W_CORE_0                                     0                             0

POWER_OPERAND_DECODER_R_CORE_0                               6655                          6655

POWER_OPERAND_DECODER_W_CORE_0                                  0                             0

POWER_UOP_QUEUE_R_CORE_0                                    19754                         19754

POWER_UOP_QUEUE_W_CORE_0                                     7709                          7709

POWER_REG_RENAMING_TABLE_R_CORE_0                           19754                         19754

POWER_REG_RENAMING_TABLE_W_CORE_0                            7709                          7709

POWER_DEP_CHECK_LOGIC_R_CORE_0                               7709                          7709

POWER_FREELIST_R_CORE_0                                     19754                         19754

POWER_FREELIST_W_CORE_0                                      7709                          7709

POWER_RESERVATION_STATION_R_CORE_0                          71007                         71007

POWER_RESERVATION_STATION_W_CORE_0                           7709                          7709

POWER_RESERVATION_STATION_R_TAG_CORE_0                      71007                         71007

POWER_RESERVATION_STATION_W_TAG_CORE_0                          0                             0

POWER_INST_ISSUE_SEL_LOGIC_R_CORE_0                         71007                         71007

POWER_INST_ISSUE_SEL_LOGIC_W_CORE_0                          7709                          7709

POWER_PAYLOAD_RAM_R_CORE_0                                  71007                         71007

POWER_PAYLOAD_RAM_W_CORE_0                                   7709                          7709

POWER_EX_ALU_R_CORE_0                                        1790                          1790

POWER_EX_FPU_R_CORE_0                                           0                             0

POWER_EX_MUL_R_CORE_0                                           0                             0

POWER_EX_SFU_R_CORE_0                                           0                             0

POWER_REORDER_BUF_R_CORE_0                                   7709                          7709

POWER_REORDER_BUF_W_CORE_0                                  15418                         15418

POWER_INST_COMMIT_SEL_LOGIC_R_CORE_0                         7709                          7709

POWER_INST_COMMIT_SEL_LOGIC_W_CORE_0                         7709                          7709

POWER_FP_RENAME_R_CORE_0                                        0                             0

POWER_FP_RENAME_W_CORE_0                                        0                             0

POWER_LOAD_QUEUE_R_CORE_0                                   14442                         14442

POWER_LOAD_QUEUE_W_CORE_0                                   14442                         14442

POWER_LOAD_QUEUE_R_TAG_CORE_0                               14442                         14442

POWER_LOAD_QUEUE_W_TAG_CORE_0                                   0                             0

POWER_STORE_QUEUE_R_CORE_0                                  54775                         54775

POWER_STORE_QUEUE_W_CORE_0                                  54775                         54775

POWER_STORE_QUEUE_R_TAG_CORE_0                              54775                         54775

POWER_STORE_QUEUE_W_TAG_CORE_0                                  0                             0

POWER_DATA_TLB_R_CORE_0                                     14442                         14442

POWER_DATA_TLB_W_CORE_0                                         0                             0

POWER_DATA_TLB_R_TAG_CORE_0                                     0                             0

POWER_DATA_TLB_W_TAG_CORE_0                                     0                             0

POWER_INT_REGFILE_R_CORE_0                                   9499                          9499

POWER_INT_REGFILE_W_CORE_0                                   7709                          7709

POWER_FP_REGFILE_R_CORE_0                                       0                             0

POWER_FP_REGFILE_W_CORE_0                                       0                             0

POWER_GP_REGISTER_R_CORE_0                                   9499                          9499

POWER_GP_REGISTER_W_CORE_0                                   7709                          7709

POWER_FP_REGISTER_R_CORE_0                                      0                             0

POWER_FP_REGISTER_W_CORE_0                                      0                             0

POWER_SEGMENT_REGISTER_R_CORE_0                              5919                          5919

POWER_SEGMENT_REGISTER_W_CORE_0                             11838                         11838

POWER_CONTROL_REGISTER_R_CORE_0                                 0                             0

POWER_CONTROL_REGISTER_W_CORE_0                               416                           416

POWER_FLAG_REGISTER_R_CORE_0                                    0                             0

POWER_FLAG_REGISTER_W_CORE_0                                  256                           256

POWER_EXEC_BYPASS_CORE_0                                     7709                          7709

POWER_LOAD_BYPASS_CORE_0                                        0                             0

POWER_PIPELINE_CORE_0                                        6655                          6655

POWER_DCACHE_MISS_BUF_R_CORE_0                                  0                             0

POWER_DCACHE_MISS_BUF_R_TAG_CORE_0                           5919                          5919

POWER_DCACHE_MISS_BUF_W_CORE_0                               5919                          5919

POWER_DCACHE_MISS_BUF_W_TAG_CORE_0                              0                             0

POWER_DCACHE_LINEFILL_BUF_R_CORE_0                              0                             0

POWER_L2CACHE_LINEFILL_BUF_R_CORE_0                             0                             0

POWER_DCACHE_LINEFILL_BUF_W_CORE_0                              0                             0

POWER_L2CACHE_LINEFILL_BUF_W_CORE_0                             0                             0

POWER_DCACHE_LINEFILL_BUF_R_TAG_CORE_0                          0                             0

POWER_L2CACHE_LINEFILL_BUF_R_TAG_CORE_0                         0                             0

POWER_DCACHE_LINEFILL_BUF_W_TAG_CORE_0                          0                             0

POWER_DCACHE_WB_BUF_R_CORE_0                                    0                             0

POWER_L2CACHE_WB_BUF_R_CORE_0                                   0                             0

POWER_DCACHE_WB_BUF_W_CORE_0                                    0                             0

POWER_L2CACHE_WB_BUF_W_CORE_0                                   0                             0

POWER_DCACHE_WB_BUF_R_TAG_CORE_0                                0                             0

POWER_L2CACHE_WB_BUF_R_TAG_CORE_0                               0                             0

POWER_DCACHE_WB_BUF_W_TAG_CORE_0                                0                             0

POWER_DCACHE_R_CORE_0                                           0                             0

POWER_L2CACHE_R_CORE_0                                          0                             0

POWER_DCACHE_W_CORE_0                                           0                             0

POWER_L2CACHE_W_CORE_0                                          0                             0

POWER_DCACHE_R_TAG_CORE_0                                       0                             0

POWER_L2CACHE_R_TAG_CORE_0                                      0                             0

POWER_CONST_CACHE_R_CORE_0                                      0                             0

POWER_CONST_CACHE_W_CORE_0                                      0                             0

POWER_CONST_CACHE_R_TAG_CORE_0                                  0                             0

POWER_CONST_CACHE_W_TAG_CORE_0                                  0                             0

POWER_TEXTURE_CACHE_R_CORE_0                                    0                             0

POWER_TEXTURE_CACHE_W_CORE_0                                    0                             0

POWER_TEXTURE_CACHE_R_TAG_CORE_0                                0                             0

POWER_TEXTURE_CACHE_W_TAG_CORE_0                                0                             0

POWER_SHARED_MEM_R_CORE_0                                       0                             0

POWER_SHARED_MEM_W_CORE_0                                       0                             0

POWER_SHARED_MEM_R_TAG_CORE_0                                   0                             0

POWER_SHARED_MEM_W_TAG_CORE_0                                   0                             0

POWER_BLOCK_STATES_R_CORE_1                                  1216                          1216

POWER_BLOCK_STATES_W_CORE_1                                  1216                          1216

POWER_FETCH_QUEUE_R_CORE_1                                  85439                         85439

POWER_FETCH_QUEUE_W_CORE_1                                  85439                         85439

POWER_INST_QUEUE_R_CORE_1                                   85791                         85791

POWER_INST_QUEUE_W_CORE_1                                   85439                         85439

POWER_BR_PRED_R_CORE_1                                          0                             0

POWER_BR_PRED_W_CORE_1                                          0                             0

POWER_RAS_R_CORE_1                                              0                             0

POWER_RAS_W_CORE_1                                              0                             0

POWER_ICACHE_R_CORE_1                                         928                           928

POWER_ICACHE_W_CORE_1                                           0                             0

POWER_ICACHE_R_TAG_CORE_1                                     928                           928

POWER_ICACHE_MISS_BUF_R_CORE_1                                  0                             0

POWER_ICACHE_MISS_BUF_W_CORE_1                                  0                             0

POWER_ICACHE_MISS_BUF_R_TAG_CORE_1                              0                             0

POWER_ICACHE_MISS_BUF_W_TAG_CORE_1                              0                             0

POWER_ICACHE_TOT_ACC_CORE_1                                     0                             0

POWER_ICACHE_CONF_CORE_1                                        0                             0

POWER_INST_DECODER_R_CORE_1                                 80735                         80735

POWER_INST_DECODER_W_CORE_1                                     0                             0

POWER_MICRO_OP_SEQ_R_CORE_1                                     0                             0

POWER_MICRO_OP_SEQ_W_CORE_1                                     0                             0

POWER_OPERAND_DECODER_R_CORE_1                              80735                         80735

POWER_OPERAND_DECODER_W_CORE_1                                  0                             0

POWER_UOP_QUEUE_R_CORE_1                                    85791                         85791

POWER_UOP_QUEUE_W_CORE_1                                    85439                         85439

POWER_REG_RENAMING_TABLE_R_CORE_1                           85791                         85791

POWER_REG_RENAMING_TABLE_W_CORE_1                           85439                         85439

POWER_DEP_CHECK_LOGIC_R_CORE_1                              85439                         85439

POWER_FREELIST_R_CORE_1                                     85791                         85791

POWER_FREELIST_W_CORE_1                                     85439                         85439

POWER_RESERVATION_STATION_R_CORE_1                          87824                         87824

POWER_RESERVATION_STATION_W_CORE_1                          85439                         85439

POWER_RESERVATION_STATION_R_TAG_CORE_1                      87824                         87824

POWER_RESERVATION_STATION_W_TAG_CORE_1                          0                             0

POWER_INST_ISSUE_SEL_LOGIC_R_CORE_1                         87824                         87824

POWER_INST_ISSUE_SEL_LOGIC_W_CORE_1                         85439                         85439

POWER_PAYLOAD_RAM_R_CORE_1                                  87824                         87824

POWER_PAYLOAD_RAM_W_CORE_1                                  85439                         85439

POWER_EX_ALU_R_CORE_1                                         831                           831

POWER_EX_FPU_R_CORE_1                                        4672                          4672

POWER_EX_MUL_R_CORE_1                                          32                            32

POWER_EX_SFU_R_CORE_1                                           0                             0

POWER_REORDER_BUF_R_CORE_1                                  85439                         85439

POWER_REORDER_BUF_W_CORE_1                                 170878                        170878

POWER_INST_COMMIT_SEL_LOGIC_R_CORE_1                        85439                         85439

POWER_INST_COMMIT_SEL_LOGIC_W_CORE_1                        85439                         85439

POWER_FP_RENAME_R_CORE_1                                     9696                          9696

POWER_FP_RENAME_W_CORE_1                                        0                             0

POWER_LOAD_QUEUE_R_CORE_1                                   49905                         49905

POWER_LOAD_QUEUE_W_CORE_1                                   49905                         49905

POWER_LOAD_QUEUE_R_TAG_CORE_1                               49905                         49905

POWER_LOAD_QUEUE_W_TAG_CORE_1                                   0                             0

POWER_STORE_QUEUE_R_CORE_1                                  32384                         32384

POWER_STORE_QUEUE_W_CORE_1                                  32384                         32384

POWER_STORE_QUEUE_R_TAG_CORE_1                              32384                         32384

POWER_STORE_QUEUE_W_TAG_CORE_1                                  0                             0

POWER_DATA_TLB_R_CORE_1                                     49905                         49905

POWER_DATA_TLB_W_CORE_1                                         0                             0

POWER_DATA_TLB_R_TAG_CORE_1                                     0                             0

POWER_DATA_TLB_W_TAG_CORE_1                                     0                             0

POWER_INT_REGFILE_R_CORE_1                                  81630                         81630

POWER_INT_REGFILE_W_CORE_1                                  80767                         80767

POWER_FP_REGFILE_R_CORE_1                                    9344                          9344

POWER_FP_REGFILE_W_CORE_1                                    4672                          4672

POWER_GP_REGISTER_R_CORE_1                                  81630                         81630

POWER_GP_REGISTER_W_CORE_1                                  80767                         80767

POWER_FP_REGISTER_R_CORE_1                                   9344                          9344

POWER_FP_REGISTER_W_CORE_1                                   4672                          4672

POWER_SEGMENT_REGISTER_R_CORE_1                             79904                         79904

POWER_SEGMENT_REGISTER_W_CORE_1                            159808                        159808

POWER_CONTROL_REGISTER_R_CORE_1                                 0                             0

POWER_CONTROL_REGISTER_W_CORE_1                                 0                             0

POWER_FLAG_REGISTER_R_CORE_1                                    0                             0

POWER_FLAG_REGISTER_W_CORE_1                                   32                            32

POWER_EXEC_BYPASS_CORE_1                                    85439                         85439

POWER_LOAD_BYPASS_CORE_1                                        0                             0

POWER_PIPELINE_CORE_1                                       80735                         80735

POWER_DCACHE_MISS_BUF_R_CORE_1                                  0                             0

POWER_DCACHE_MISS_BUF_R_TAG_CORE_1                          79904                         79904

POWER_DCACHE_MISS_BUF_W_CORE_1                              79904                         79904

POWER_DCACHE_MISS_BUF_W_TAG_CORE_1                              0                             0

POWER_DCACHE_LINEFILL_BUF_R_CORE_1                              0                             0

POWER_L2CACHE_LINEFILL_BUF_R_CORE_1                             0                             0

POWER_DCACHE_LINEFILL_BUF_W_CORE_1                              0                             0

POWER_L2CACHE_LINEFILL_BUF_W_CORE_1                             0                             0

POWER_DCACHE_LINEFILL_BUF_R_TAG_CORE_1                          0                             0

POWER_L2CACHE_LINEFILL_BUF_R_TAG_CORE_1                         0                             0

POWER_DCACHE_LINEFILL_BUF_W_TAG_CORE_1                          0                             0

POWER_DCACHE_WB_BUF_R_CORE_1                                    0                             0

POWER_L2CACHE_WB_BUF_R_CORE_1                                   0                             0

POWER_DCACHE_WB_BUF_W_CORE_1                                    0                             0

POWER_L2CACHE_WB_BUF_W_CORE_1                                   0                             0

POWER_DCACHE_WB_BUF_R_TAG_CORE_1                                0                             0

POWER_L2CACHE_WB_BUF_R_TAG_CORE_1                               0                             0

POWER_DCACHE_WB_BUF_W_TAG_CORE_1                                0                             0

POWER_DCACHE_R_CORE_1                                           0                             0

POWER_L2CACHE_R_CORE_1                                          0                             0

POWER_DCACHE_W_CORE_1                                           0                             0

POWER_L2CACHE_W_CORE_1                                          0                             0

POWER_DCACHE_R_TAG_CORE_1                                       0                             0

POWER_L2CACHE_R_TAG_CORE_1                                      0                             0

POWER_CONST_CACHE_R_CORE_1                                      0                             0

POWER_CONST_CACHE_W_CORE_1                                      0                             0

POWER_CONST_CACHE_R_TAG_CORE_1                                  0                             0

POWER_CONST_CACHE_W_TAG_CORE_1                                  0                             0

POWER_TEXTURE_CACHE_R_CORE_1                                    0                             0

POWER_TEXTURE_CACHE_W_CORE_1                                    0                             0

POWER_TEXTURE_CACHE_R_TAG_CORE_1                                0                             0

POWER_TEXTURE_CACHE_W_TAG_CORE_1                                0                             0

POWER_SHARED_MEM_R_CORE_1                                       0                             0

POWER_SHARED_MEM_W_CORE_1                                       0                             0

POWER_SHARED_MEM_R_TAG_CORE_1                                   0                             0

POWER_SHARED_MEM_W_TAG_CORE_1                                   0                             0

POWER_BLOCK_STATES_R_CORE_2                                556497                        556497

POWER_BLOCK_STATES_W_CORE_2                                556497                        556497

POWER_FETCH_QUEUE_R_CORE_2                                1857983                       1857983

POWER_FETCH_QUEUE_W_CORE_2                                1857983                       1857983

POWER_INST_QUEUE_R_CORE_2                                 1858399                       1858399

POWER_INST_QUEUE_W_CORE_2                                 1857983                       1857983

POWER_BR_PRED_R_CORE_2                                      67584                         67584

POWER_BR_PRED_W_CORE_2                                      67584                         67584

POWER_RAS_R_CORE_2                                              0                             0

POWER_RAS_W_CORE_2                                             32                            32

POWER_ICACHE_R_CORE_2                                       11873                         11873

POWER_ICACHE_W_CORE_2                                           0                             0

POWER_ICACHE_R_TAG_CORE_2                                   11873                         11873

POWER_ICACHE_MISS_BUF_R_CORE_2                                  0                             0

POWER_ICACHE_MISS_BUF_W_CORE_2                                  0                             0

POWER_ICACHE_MISS_BUF_R_TAG_CORE_2                              0                             0

POWER_ICACHE_MISS_BUF_W_TAG_CORE_2                              0                             0

POWER_ICACHE_TOT_ACC_CORE_2                                     0                             0

POWER_ICACHE_CONF_CORE_2                                        0                             0

POWER_INST_DECODER_R_CORE_2                               1552800                       1552800

POWER_INST_DECODER_W_CORE_2                                     0                             0

POWER_MICRO_OP_SEQ_R_CORE_2                                     0                             0

POWER_MICRO_OP_SEQ_W_CORE_2                                     0                             0

POWER_OPERAND_DECODER_R_CORE_2                            1552800                       1552800

POWER_OPERAND_DECODER_W_CORE_2                                  0                             0

POWER_UOP_QUEUE_R_CORE_2                                  1858399                       1858399

POWER_UOP_QUEUE_W_CORE_2                                  1857983                       1857983

POWER_REG_RENAMING_TABLE_R_CORE_2                         1858399                       1858399

POWER_REG_RENAMING_TABLE_W_CORE_2                         1857983                       1857983

POWER_DEP_CHECK_LOGIC_R_CORE_2                            1857983                       1857983

POWER_FREELIST_R_CORE_2                                   1858399                       1858399

POWER_FREELIST_W_CORE_2                                   1857983                       1857983

POWER_RESERVATION_STATION_R_CORE_2                        4039266                       4039266

POWER_RESERVATION_STATION_W_CORE_2                        1857983                       1857983

POWER_RESERVATION_STATION_R_TAG_CORE_2                    4039266                       4039266

POWER_RESERVATION_STATION_W_TAG_CORE_2                          0                             0

POWER_INST_ISSUE_SEL_LOGIC_R_CORE_2                       4039266                       4039266

POWER_INST_ISSUE_SEL_LOGIC_W_CORE_2                       1857983                       1857983

POWER_PAYLOAD_RAM_R_CORE_2                                4039266                       4039266

POWER_PAYLOAD_RAM_W_CORE_2                                1857983                       1857983

POWER_EX_ALU_R_CORE_2                                      625886                        625886

POWER_EX_FPU_R_CORE_2                                       53056                         53056

POWER_EX_MUL_R_CORE_2                                       57376                         57376

POWER_EX_SFU_R_CORE_2                                           0                             0

POWER_REORDER_BUF_R_CORE_2                                1857983                       1857983

POWER_REORDER_BUF_W_CORE_2                                3715966                       3715966

POWER_INST_COMMIT_SEL_LOGIC_R_CORE_2                      1857983                       1857983

POWER_INST_COMMIT_SEL_LOGIC_W_CORE_2                      1857983                       1857983

POWER_FP_RENAME_R_CORE_2                                   206912                        206912

POWER_FP_RENAME_W_CORE_2                                        0                             0

POWER_LOAD_QUEUE_R_CORE_2                                 1032761                       1032761

POWER_LOAD_QUEUE_W_CORE_2                                 1032761                       1032761

POWER_LOAD_QUEUE_R_TAG_CORE_2                             1032761                       1032761

POWER_LOAD_QUEUE_W_TAG_CORE_2                                   0                             0

POWER_STORE_QUEUE_R_CORE_2                                1193322                       1193322

POWER_STORE_QUEUE_W_CORE_2                                1193322                       1193322

POWER_STORE_QUEUE_R_TAG_CORE_2                            1193322                       1193322

POWER_STORE_QUEUE_W_TAG_CORE_2                                  0                             0

POWER_DATA_TLB_R_CORE_2                                   1032761                       1032761

POWER_DATA_TLB_W_CORE_2                                         0                             0

POWER_DATA_TLB_R_TAG_CORE_2                                     0                             0

POWER_DATA_TLB_W_TAG_CORE_2                                     0                             0

POWER_INT_REGFILE_R_CORE_2                                2488189                       2488189

POWER_INT_REGFILE_W_CORE_2                                1804927                       1804927

POWER_FP_REGFILE_R_CORE_2                                   97920                         97920

POWER_FP_REGFILE_W_CORE_2                                   53056                         53056

POWER_GP_REGISTER_R_CORE_2                                2488189                       2488189

POWER_GP_REGISTER_W_CORE_2                                1804927                       1804927

POWER_FP_REGISTER_R_CORE_2                                 106112                        106112

POWER_FP_REGISTER_W_CORE_2                                  53056                         53056

POWER_SEGMENT_REGISTER_R_CORE_2                           1121665                       1121665

POWER_SEGMENT_REGISTER_W_CORE_2                           2233090                       2233090

POWER_CONTROL_REGISTER_R_CORE_2                                 0                             0

POWER_CONTROL_REGISTER_W_CORE_2                             23040                         23040

POWER_FLAG_REGISTER_R_CORE_2                                    0                             0

POWER_FLAG_REGISTER_W_CORE_2                               461152                        461152

POWER_EXEC_BYPASS_CORE_2                                  1857983                       1857983

POWER_LOAD_BYPASS_CORE_2                                        0                             0

POWER_PIPELINE_CORE_2                                     1552800                       1552800

POWER_DCACHE_MISS_BUF_R_CORE_2                                  0                             0

POWER_DCACHE_MISS_BUF_R_TAG_CORE_2                          44800                         44800

POWER_DCACHE_MISS_BUF_W_CORE_2                              44800                         44800

POWER_DCACHE_MISS_BUF_W_TAG_CORE_2                              0                             0

POWER_DCACHE_LINEFILL_BUF_R_CORE_2                              0                             0

POWER_L2CACHE_LINEFILL_BUF_R_CORE_2                             0                             0

POWER_DCACHE_LINEFILL_BUF_W_CORE_2                              0                             0

POWER_L2CACHE_LINEFILL_BUF_W_CORE_2                             0                             0

POWER_DCACHE_LINEFILL_BUF_R_TAG_CORE_2                          0                             0

POWER_L2CACHE_LINEFILL_BUF_R_TAG_CORE_2                         0                             0

POWER_DCACHE_LINEFILL_BUF_W_TAG_CORE_2                          0                             0

POWER_DCACHE_WB_BUF_R_CORE_2                                    0                             0

POWER_L2CACHE_WB_BUF_R_CORE_2                                   0                             0

POWER_DCACHE_WB_BUF_W_CORE_2                                    0                             0

POWER_L2CACHE_WB_BUF_W_CORE_2                                   0                             0

POWER_DCACHE_WB_BUF_R_TAG_CORE_2                                0                             0

POWER_L2CACHE_WB_BUF_R_TAG_CORE_2                               0                             0

POWER_DCACHE_WB_BUF_W_TAG_CORE_2                                0                             0

POWER_DCACHE_R_CORE_2                                           0                             0

POWER_L2CACHE_R_CORE_2                                          0                             0

POWER_DCACHE_W_CORE_2                                           0                             0

POWER_L2CACHE_W_CORE_2                                          0                             0

POWER_DCACHE_R_TAG_CORE_2                                       0                             0

POWER_L2CACHE_R_TAG_CORE_2                                      0                             0

POWER_CONST_CACHE_R_CORE_2                                      0                             0

POWER_CONST_CACHE_W_CORE_2                                      0                             0

POWER_CONST_CACHE_R_TAG_CORE_2                                  0                             0

POWER_CONST_CACHE_W_TAG_CORE_2                                  0                             0

POWER_TEXTURE_CACHE_R_CORE_2                                    0                             0

POWER_TEXTURE_CACHE_W_CORE_2                                    0                             0

POWER_TEXTURE_CACHE_R_TAG_CORE_2                                0                             0

POWER_TEXTURE_CACHE_W_TAG_CORE_2                                0                             0

POWER_SHARED_MEM_R_CORE_2                                       0                             0

POWER_SHARED_MEM_W_CORE_2                                       0                             0

POWER_SHARED_MEM_R_TAG_CORE_2                                   0                             0

POWER_SHARED_MEM_W_TAG_CORE_2                                   0                             0

POWER_BLOCK_STATES_R_CORE_3                                168517                        168517

POWER_BLOCK_STATES_W_CORE_3                                168517                        168517

POWER_FETCH_QUEUE_R_CORE_3                                 550367                        550367

POWER_FETCH_QUEUE_W_CORE_3                                 550367                        550367

POWER_INST_QUEUE_R_CORE_3                                  550367                        550367

POWER_INST_QUEUE_W_CORE_3                                  550367                        550367

POWER_BR_PRED_R_CORE_3                                      53248                         53248

POWER_BR_PRED_W_CORE_3                                      53248                         53248

POWER_RAS_R_CORE_3                                              0                             0

POWER_RAS_W_CORE_3                                             32                            32

POWER_ICACHE_R_CORE_3                                        3529                          3529

POWER_ICACHE_W_CORE_3                                           0                             0

POWER_ICACHE_R_TAG_CORE_3                                    3529                          3529

POWER_ICACHE_MISS_BUF_R_CORE_3                                  0                             0

POWER_ICACHE_MISS_BUF_W_CORE_3                                  0                             0

POWER_ICACHE_MISS_BUF_R_TAG_CORE_3                              0                             0

POWER_ICACHE_MISS_BUF_W_TAG_CORE_3                              0                             0

POWER_ICACHE_TOT_ACC_CORE_3                                     0                             0

POWER_ICACHE_CONF_CORE_3                                        0                             0

POWER_INST_DECODER_R_CORE_3                                488736                        488736

POWER_INST_DECODER_W_CORE_3                                     0                             0

POWER_MICRO_OP_SEQ_R_CORE_3                                     0                             0

POWER_MICRO_OP_SEQ_W_CORE_3                                     0                             0

POWER_OPERAND_DECODER_R_CORE_3                             488736                        488736

POWER_OPERAND_DECODER_W_CORE_3                                  0                             0

POWER_UOP_QUEUE_R_CORE_3                                   550367                        550367

POWER_UOP_QUEUE_W_CORE_3                                   550367                        550367

POWER_REG_RENAMING_TABLE_R_CORE_3                          550367                        550367

POWER_REG_RENAMING_TABLE_W_CORE_3                          550367                        550367

POWER_DEP_CHECK_LOGIC_R_CORE_3                             550367                        550367

POWER_FREELIST_R_CORE_3                                    550367                        550367

POWER_FREELIST_W_CORE_3                                    550367                        550367

POWER_RESERVATION_STATION_R_CORE_3                        1665260                       1665260

POWER_RESERVATION_STATION_W_CORE_3                         550367                        550367

POWER_RESERVATION_STATION_R_TAG_CORE_3                    1665260                       1665260

POWER_RESERVATION_STATION_W_TAG_CORE_3                          0                             0

POWER_INST_ISSUE_SEL_LOGIC_R_CORE_3                       1665260                       1665260

POWER_INST_ISSUE_SEL_LOGIC_W_CORE_3                        550367                        550367

POWER_PAYLOAD_RAM_R_CORE_3                                1665260                       1665260

POWER_PAYLOAD_RAM_W_CORE_3                                 550367                        550367

POWER_EX_ALU_R_CORE_3                                      308190                        308190

POWER_EX_FPU_R_CORE_3                                           0                             0

POWER_EX_MUL_R_CORE_3                                           0                             0

POWER_EX_SFU_R_CORE_3                                           0                             0

POWER_REORDER_BUF_R_CORE_3                                 550367                        550367

POWER_REORDER_BUF_W_CORE_3                                1100734                       1100734

POWER_INST_COMMIT_SEL_LOGIC_R_CORE_3                       550367                        550367

POWER_INST_COMMIT_SEL_LOGIC_W_CORE_3                       550367                        550367

POWER_FP_RENAME_R_CORE_3                                        0                             0

POWER_FP_RENAME_W_CORE_3                                        0                             0

POWER_LOAD_QUEUE_R_CORE_3                                  181016                        181016

POWER_LOAD_QUEUE_W_CORE_3                                  181016                        181016

POWER_LOAD_QUEUE_R_TAG_CORE_3                              181016                        181016

POWER_LOAD_QUEUE_W_TAG_CORE_3                                   0                             0

POWER_STORE_QUEUE_R_CORE_3                                 945378                        945378

POWER_STORE_QUEUE_W_CORE_3                                 945378                        945378

POWER_STORE_QUEUE_R_TAG_CORE_3                             945378                        945378

POWER_STORE_QUEUE_W_TAG_CORE_3                                  0                             0

POWER_DATA_TLB_R_CORE_3                                    181016                        181016

POWER_DATA_TLB_W_CORE_3                                         0                             0

POWER_DATA_TLB_R_TAG_CORE_3                                     0                             0

POWER_DATA_TLB_W_TAG_CORE_3                                     0                             0

POWER_INT_REGFILE_R_CORE_3                                 858557                        858557

POWER_INT_REGFILE_W_CORE_3                                 550367                        550367

POWER_FP_REGFILE_R_CORE_3                                       0                             0

POWER_FP_REGFILE_W_CORE_3                                       0                             0

POWER_GP_REGISTER_R_CORE_3                                 858557                        858557

POWER_GP_REGISTER_W_CORE_3                                 550367                        550367

POWER_FP_REGISTER_R_CORE_3                                      0                             0

POWER_FP_REGISTER_W_CORE_3                                      0                             0

POWER_SEGMENT_REGISTER_R_CORE_3                            242177                        242177

POWER_SEGMENT_REGISTER_W_CORE_3                            480258                        480258

POWER_CONTROL_REGISTER_R_CORE_3                                 0                             0

POWER_CONTROL_REGISTER_W_CORE_3                             14592                         14592

POWER_FLAG_REGISTER_R_CORE_3                                    0                             0

POWER_FLAG_REGISTER_W_CORE_3                               176480                        176480

POWER_EXEC_BYPASS_CORE_3                                   550367                        550367

POWER_LOAD_BYPASS_CORE_3                                        0                             0

POWER_PIPELINE_CORE_3                                      488736                        488736

POWER_DCACHE_MISS_BUF_R_CORE_3                                  0                             0

POWER_DCACHE_MISS_BUF_R_TAG_CORE_3                          11501                         11501

POWER_DCACHE_MISS_BUF_W_CORE_3                              11501                         11501

POWER_DCACHE_MISS_BUF_W_TAG_CORE_3                              0                             0

POWER_DCACHE_LINEFILL_BUF_R_CORE_3                              0                             0

POWER_L2CACHE_LINEFILL_BUF_R_CORE_3                             0                             0

POWER_DCACHE_LINEFILL_BUF_W_CORE_3                              0                             0

POWER_L2CACHE_LINEFILL_BUF_W_CORE_3                             0                             0

POWER_DCACHE_LINEFILL_BUF_R_TAG_CORE_3                          0                             0

POWER_L2CACHE_LINEFILL_BUF_R_TAG_CORE_3                         0                             0

POWER_DCACHE_LINEFILL_BUF_W_TAG_CORE_3                          0                             0

POWER_DCACHE_WB_BUF_R_CORE_3                                    0                             0

POWER_L2CACHE_WB_BUF_R_CORE_3                                   0                             0

POWER_DCACHE_WB_BUF_W_CORE_3                                    0                             0

POWER_L2CACHE_WB_BUF_W_CORE_3                                   0                             0

POWER_DCACHE_WB_BUF_R_TAG_CORE_3                                0                             0

POWER_L2CACHE_WB_BUF_R_TAG_CORE_3                               0                             0

POWER_DCACHE_WB_BUF_W_TAG_CORE_3                                0                             0

POWER_DCACHE_R_CORE_3                                           0                             0

POWER_L2CACHE_R_CORE_3                                          0                             0

POWER_DCACHE_W_CORE_3                                           0                             0

POWER_L2CACHE_W_CORE_3                                          0                             0

POWER_DCACHE_R_TAG_CORE_3                                       0                             0

POWER_L2CACHE_R_TAG_CORE_3                                      0                             0

POWER_CONST_CACHE_R_CORE_3                                      0                             0

POWER_CONST_CACHE_W_CORE_3                                      0                             0

POWER_CONST_CACHE_R_TAG_CORE_3                                  0                             0

POWER_CONST_CACHE_W_TAG_CORE_3                                  0                             0

POWER_TEXTURE_CACHE_R_CORE_3                                    0                             0

POWER_TEXTURE_CACHE_W_CORE_3                                    0                             0

POWER_TEXTURE_CACHE_R_TAG_CORE_3                                0                             0

POWER_TEXTURE_CACHE_W_TAG_CORE_3                                0                             0

POWER_SHARED_MEM_R_CORE_3                                       0                             0

POWER_SHARED_MEM_W_CORE_3                                       0                             0

POWER_SHARED_MEM_R_TAG_CORE_3                                   0                             0

POWER_SHARED_MEM_W_TAG_CORE_3                                   0                             0

POWER_BLOCK_STATES_R_CORE_4                                521283                        521283

POWER_BLOCK_STATES_W_CORE_4                                521283                        521283

POWER_FETCH_QUEUE_R_CORE_4                                1940127                       1940127

POWER_FETCH_QUEUE_W_CORE_4                                1940127                       1940127

POWER_INST_QUEUE_R_CORE_4                                 1940191                       1940191

POWER_INST_QUEUE_W_CORE_4                                 1940127                       1940127

POWER_BR_PRED_R_CORE_4                                      83968                         83968

POWER_BR_PRED_W_CORE_4                                      83968                         83968

POWER_RAS_R_CORE_4                                              0                             0

POWER_RAS_W_CORE_4                                             32                            32

POWER_ICACHE_R_CORE_4                                       12137                         12137

POWER_ICACHE_W_CORE_4                                           0                             0

POWER_ICACHE_R_TAG_CORE_4                                   12137                         12137

POWER_ICACHE_MISS_BUF_R_CORE_4                                  0                             0

POWER_ICACHE_MISS_BUF_W_CORE_4                                  0                             0

POWER_ICACHE_MISS_BUF_R_TAG_CORE_4                              0                             0

POWER_ICACHE_MISS_BUF_W_TAG_CORE_4                              0                             0

POWER_ICACHE_TOT_ACC_CORE_4                                     0                             0

POWER_ICACHE_CONF_CORE_4                                        0                             0

POWER_INST_DECODER_R_CORE_4                               1632064                       1632064

POWER_INST_DECODER_W_CORE_4                                     0                             0

POWER_MICRO_OP_SEQ_R_CORE_4                                     0                             0

POWER_MICRO_OP_SEQ_W_CORE_4                                     0                             0

POWER_OPERAND_DECODER_R_CORE_4                            1632064                       1632064

POWER_OPERAND_DECODER_W_CORE_4                                  0                             0

POWER_UOP_QUEUE_R_CORE_4                                  1940191                       1940191

POWER_UOP_QUEUE_W_CORE_4                                  1940127                       1940127

POWER_REG_RENAMING_TABLE_R_CORE_4                         1940191                       1940191

POWER_REG_RENAMING_TABLE_W_CORE_4                         1940127                       1940127

POWER_DEP_CHECK_LOGIC_R_CORE_4                            1940127                       1940127

POWER_FREELIST_R_CORE_4                                   1940191                       1940191

POWER_FREELIST_W_CORE_4                                   1940127                       1940127

POWER_RESERVATION_STATION_R_CORE_4                        4388547                       4388547

POWER_RESERVATION_STATION_W_CORE_4                        1940127                       1940127

POWER_RESERVATION_STATION_R_TAG_CORE_4                    4388547                       4388547

POWER_RESERVATION_STATION_W_TAG_CORE_4                          0                             0

POWER_INST_ISSUE_SEL_LOGIC_R_CORE_4                       4388547                       4388547

POWER_INST_ISSUE_SEL_LOGIC_W_CORE_4                       1940127                       1940127

POWER_PAYLOAD_RAM_R_CORE_4                                4388547                       4388547

POWER_PAYLOAD_RAM_W_CORE_4                                1940127                       1940127

POWER_EX_ALU_R_CORE_4                                      715710                        715710

POWER_EX_FPU_R_CORE_4                                       49824                         49824

POWER_EX_MUL_R_CORE_4                                       57344                         57344

POWER_EX_SFU_R_CORE_4                                           0                             0

POWER_REORDER_BUF_R_CORE_4                                1940127                       1940127

POWER_REORDER_BUF_W_CORE_4                                3880254                       3880254

POWER_INST_COMMIT_SEL_LOGIC_R_CORE_4                      1940127                       1940127

POWER_INST_COMMIT_SEL_LOGIC_W_CORE_4                      1940127                       1940127

POWER_FP_RENAME_R_CORE_4                                   200096                        200096

POWER_FP_RENAME_W_CORE_4                                        0                             0

POWER_LOAD_QUEUE_R_CORE_4                                 1012541                       1012541

POWER_LOAD_QUEUE_W_CORE_4                                 1012541                       1012541

POWER_LOAD_QUEUE_R_TAG_CORE_4                             1012541                       1012541

POWER_LOAD_QUEUE_W_TAG_CORE_4                                   0                             0

POWER_STORE_QUEUE_R_CORE_4                                1478574                       1478574

POWER_STORE_QUEUE_W_CORE_4                                1478574                       1478574

POWER_STORE_QUEUE_R_TAG_CORE_4                            1478574                       1478574

POWER_STORE_QUEUE_W_TAG_CORE_4                                  0                             0

POWER_DATA_TLB_R_CORE_4                                   1012541                       1012541

POWER_DATA_TLB_W_CORE_4                                         0                             0

POWER_DATA_TLB_R_TAG_CORE_4                                     0                             0

POWER_DATA_TLB_W_TAG_CORE_4                                     0                             0

POWER_INT_REGFILE_R_CORE_4                                2663357                       2663357

POWER_INT_REGFILE_W_CORE_4                                1890303                       1890303

POWER_FP_REGFILE_R_CORE_4                                   91456                         91456

POWER_FP_REGFILE_W_CORE_4                                   49824                         49824

POWER_GP_REGISTER_R_CORE_4                                2663357                       2663357

POWER_GP_REGISTER_W_CORE_4                                1890303                       1890303

POWER_FP_REGISTER_R_CORE_4                                  99648                         99648

POWER_FP_REGISTER_W_CORE_4                                  49824                         49824

POWER_SEGMENT_REGISTER_R_CORE_4                           1117249                       1117249

POWER_SEGMENT_REGISTER_W_CORE_4                           2226306                       2226306

POWER_CONTROL_REGISTER_R_CORE_4                                 0                             0

POWER_CONTROL_REGISTER_W_CORE_4                             27072                         27072

POWER_FLAG_REGISTER_R_CORE_4                                    0                             0

POWER_FLAG_REGISTER_W_CORE_4                               514144                        514144

POWER_EXEC_BYPASS_CORE_4                                  1940127                       1940127

POWER_LOAD_BYPASS_CORE_4                                        0                             0

POWER_PIPELINE_CORE_4                                     1632064                       1632064

POWER_DCACHE_MISS_BUF_R_CORE_4                                  0                             0

POWER_DCACHE_MISS_BUF_R_TAG_CORE_4                          42695                         42695

POWER_DCACHE_MISS_BUF_W_CORE_4                              42695                         42695

POWER_DCACHE_MISS_BUF_W_TAG_CORE_4                              0                             0

POWER_DCACHE_LINEFILL_BUF_R_CORE_4                              0                             0

POWER_L2CACHE_LINEFILL_BUF_R_CORE_4                             0                             0

POWER_DCACHE_LINEFILL_BUF_W_CORE_4                              0                             0

POWER_L2CACHE_LINEFILL_BUF_W_CORE_4                             0                             0

POWER_DCACHE_LINEFILL_BUF_R_TAG_CORE_4                          0                             0

POWER_L2CACHE_LINEFILL_BUF_R_TAG_CORE_4                         0                             0

POWER_DCACHE_LINEFILL_BUF_W_TAG_CORE_4                          0                             0

POWER_DCACHE_WB_BUF_R_CORE_4                                    0                             0

POWER_L2CACHE_WB_BUF_R_CORE_4                                   0                             0

POWER_DCACHE_WB_BUF_W_CORE_4                                    0                             0

POWER_L2CACHE_WB_BUF_W_CORE_4                                   0                             0

POWER_DCACHE_WB_BUF_R_TAG_CORE_4                                0                             0

POWER_L2CACHE_WB_BUF_R_TAG_CORE_4                               0                             0

POWER_DCACHE_WB_BUF_W_TAG_CORE_4                                0                             0

POWER_DCACHE_R_CORE_4                                           0                             0

POWER_L2CACHE_R_CORE_4                                          0                             0

POWER_DCACHE_W_CORE_4                                           0                             0

POWER_L2CACHE_W_CORE_4                                          0                             0

POWER_DCACHE_R_TAG_CORE_4                                       0                             0

POWER_L2CACHE_R_TAG_CORE_4                                      0                             0

POWER_CONST_CACHE_R_CORE_4                                      0                             0

POWER_CONST_CACHE_W_CORE_4                                      0                             0

POWER_CONST_CACHE_R_TAG_CORE_4                                  0                             0

POWER_CONST_CACHE_W_TAG_CORE_4                                  0                             0

POWER_TEXTURE_CACHE_R_CORE_4                                    0                             0

POWER_TEXTURE_CACHE_W_CORE_4                                    0                             0

POWER_TEXTURE_CACHE_R_TAG_CORE_4                                0                             0

POWER_TEXTURE_CACHE_W_TAG_CORE_4                                0                             0

POWER_SHARED_MEM_R_CORE_4                                       0                             0

POWER_SHARED_MEM_W_CORE_4                                       0                             0

POWER_SHARED_MEM_R_TAG_CORE_4                                   0                             0

POWER_SHARED_MEM_W_TAG_CORE_4                                   0                             0

POWER_BLOCK_STATES_R_CORE_5                                173128                        173128

POWER_BLOCK_STATES_W_CORE_5                                173128                        173128

POWER_FETCH_QUEUE_R_CORE_5                                 590335                        590335

POWER_FETCH_QUEUE_W_CORE_5                                 590335                        590335

POWER_INST_QUEUE_R_CORE_5                                  590335                        590335

POWER_INST_QUEUE_W_CORE_5                                  590335                        590335

POWER_BR_PRED_R_CORE_5                                      53248                         53248

POWER_BR_PRED_W_CORE_5                                      53248                         53248

POWER_RAS_R_CORE_5                                              0                             0

POWER_RAS_W_CORE_5                                             32                            32

POWER_ICACHE_R_CORE_5                                        3908                          3908

POWER_ICACHE_W_CORE_5                                           0                             0

POWER_ICACHE_R_TAG_CORE_5                                    3908                          3908

POWER_ICACHE_MISS_BUF_R_CORE_5                                  0                             0

POWER_ICACHE_MISS_BUF_W_CORE_5                                  0                             0

POWER_ICACHE_MISS_BUF_R_TAG_CORE_5                              0                             0

POWER_ICACHE_MISS_BUF_W_TAG_CORE_5                              0                             0

POWER_ICACHE_TOT_ACC_CORE_5                                     0                             0

POWER_ICACHE_CONF_CORE_5                                        0                             0

POWER_INST_DECODER_R_CORE_5                                522560                        522560

POWER_INST_DECODER_W_CORE_5                                     0                             0

POWER_MICRO_OP_SEQ_R_CORE_5                                     0                             0

POWER_MICRO_OP_SEQ_W_CORE_5                                     0                             0

POWER_OPERAND_DECODER_R_CORE_5                             522560                        522560

POWER_OPERAND_DECODER_W_CORE_5                                  0                             0

POWER_UOP_QUEUE_R_CORE_5                                   590335                        590335

POWER_UOP_QUEUE_W_CORE_5                                   590335                        590335

POWER_REG_RENAMING_TABLE_R_CORE_5                          590335                        590335

POWER_REG_RENAMING_TABLE_W_CORE_5                          590335                        590335

POWER_DEP_CHECK_LOGIC_R_CORE_5                             590335                        590335

POWER_FREELIST_R_CORE_5                                    590335                        590335

POWER_FREELIST_W_CORE_5                                    590335                        590335

POWER_RESERVATION_STATION_R_CORE_5                        1758610                       1758610

POWER_RESERVATION_STATION_W_CORE_5                         590335                        590335

POWER_RESERVATION_STATION_R_TAG_CORE_5                    1758610                       1758610

POWER_RESERVATION_STATION_W_TAG_CORE_5                          0                             0

POWER_INST_ISSUE_SEL_LOGIC_R_CORE_5                       1758610                       1758610

POWER_INST_ISSUE_SEL_LOGIC_W_CORE_5                        590335                        590335

POWER_PAYLOAD_RAM_R_CORE_5                                1758610                       1758610

POWER_PAYLOAD_RAM_W_CORE_5                                 590335                        590335

POWER_EX_ALU_R_CORE_5                                      314302                        314302

POWER_EX_FPU_R_CORE_5                                           0                             0

POWER_EX_MUL_R_CORE_5                                           0                             0

POWER_EX_SFU_R_CORE_5                                           0                             0

POWER_REORDER_BUF_R_CORE_5                                 590335                        590335

POWER_REORDER_BUF_W_CORE_5                                1180670                       1180670

POWER_INST_COMMIT_SEL_LOGIC_R_CORE_5                       590335                        590335

POWER_INST_COMMIT_SEL_LOGIC_W_CORE_5                       590335                        590335

POWER_FP_RENAME_R_CORE_5                                        0                             0

POWER_FP_RENAME_W_CORE_5                                        0                             0

POWER_LOAD_QUEUE_R_CORE_5                                  250932                        250932

POWER_LOAD_QUEUE_W_CORE_5                                  250932                        250932

POWER_LOAD_QUEUE_R_TAG_CORE_5                              250932                        250932

POWER_LOAD_QUEUE_W_TAG_CORE_5                                   0                             0

POWER_STORE_QUEUE_R_CORE_5                                 931870                        931870

POWER_STORE_QUEUE_W_CORE_5                                 931870                        931870

POWER_STORE_QUEUE_R_TAG_CORE_5                             931870                        931870

POWER_STORE_QUEUE_W_TAG_CORE_5                                  0                             0

POWER_DATA_TLB_R_CORE_5                                    250932                        250932

POWER_DATA_TLB_W_CORE_5                                         0                             0

POWER_DATA_TLB_R_TAG_CORE_5                                     0                             0

POWER_DATA_TLB_W_TAG_CORE_5                                     0                             0

POWER_INT_REGFILE_R_CORE_5                                 904637                        904637

POWER_INT_REGFILE_W_CORE_5                                 590335                        590335

POWER_FP_REGFILE_R_CORE_5                                       0                             0

POWER_FP_REGFILE_W_CORE_5                                       0                             0

POWER_GP_REGISTER_R_CORE_5                                 904637                        904637

POWER_GP_REGISTER_W_CORE_5                                 590335                        590335

POWER_FP_REGISTER_R_CORE_5                                      0                             0

POWER_FP_REGISTER_W_CORE_5                                      0                             0

POWER_SEGMENT_REGISTER_R_CORE_5                            276033                        276033

POWER_SEGMENT_REGISTER_W_CORE_5                            545922                        545922

POWER_CONTROL_REGISTER_R_CORE_5                                 0                             0

POWER_CONTROL_REGISTER_W_CORE_5                             26912                         26912

POWER_FLAG_REGISTER_R_CORE_5                                    0                             0

POWER_FLAG_REGISTER_W_CORE_5                               174400                        174400

POWER_EXEC_BYPASS_CORE_5                                   590335                        590335

POWER_LOAD_BYPASS_CORE_5                                        0                             0

POWER_PIPELINE_CORE_5                                      522560                        522560

POWER_DCACHE_MISS_BUF_R_CORE_5                                  0                             0

POWER_DCACHE_MISS_BUF_R_TAG_CORE_5                          14527                         14527

POWER_DCACHE_MISS_BUF_W_CORE_5                              14527                         14527

POWER_DCACHE_MISS_BUF_W_TAG_CORE_5                              0                             0

POWER_DCACHE_LINEFILL_BUF_R_CORE_5                              0                             0

POWER_L2CACHE_LINEFILL_BUF_R_CORE_5                             0                             0

POWER_DCACHE_LINEFILL_BUF_W_CORE_5                              0                             0

POWER_L2CACHE_LINEFILL_BUF_W_CORE_5                             0                             0

POWER_DCACHE_LINEFILL_BUF_R_TAG_CORE_5                          0                             0

POWER_L2CACHE_LINEFILL_BUF_R_TAG_CORE_5                         0                             0

POWER_DCACHE_LINEFILL_BUF_W_TAG_CORE_5                          0                             0

POWER_DCACHE_WB_BUF_R_CORE_5                                    0                             0

POWER_L2CACHE_WB_BUF_R_CORE_5                                   0                             0

POWER_DCACHE_WB_BUF_W_CORE_5                                    0                             0

POWER_L2CACHE_WB_BUF_W_CORE_5                                   0                             0

POWER_DCACHE_WB_BUF_R_TAG_CORE_5                                0                             0

POWER_L2CACHE_WB_BUF_R_TAG_CORE_5                               0                             0

POWER_DCACHE_WB_BUF_W_TAG_CORE_5                                0                             0

POWER_DCACHE_R_CORE_5                                           0                             0

POWER_L2CACHE_R_CORE_5                                          0                             0

POWER_DCACHE_W_CORE_5                                           0                             0

POWER_L2CACHE_W_CORE_5                                          0                             0

POWER_DCACHE_R_TAG_CORE_5                                       0                             0

POWER_L2CACHE_R_TAG_CORE_5                                      0                             0

POWER_CONST_CACHE_R_CORE_5                                      0                             0

POWER_CONST_CACHE_W_CORE_5                                      0                             0

POWER_CONST_CACHE_R_TAG_CORE_5                                  0                             0

POWER_CONST_CACHE_W_TAG_CORE_5                                  0                             0

POWER_TEXTURE_CACHE_R_CORE_5                                    0                             0

POWER_TEXTURE_CACHE_W_CORE_5                                    0                             0

POWER_TEXTURE_CACHE_R_TAG_CORE_5                                0                             0

POWER_TEXTURE_CACHE_W_TAG_CORE_5                                0                             0

POWER_SHARED_MEM_R_CORE_5                                       0                             0

POWER_SHARED_MEM_W_CORE_5                                       0                             0

POWER_SHARED_MEM_R_TAG_CORE_5                                   0                             0

POWER_SHARED_MEM_W_TAG_CORE_5                                   0                             0

POWER_BLOCK_STATES_R_CORE_6                                172852                        172852

POWER_BLOCK_STATES_W_CORE_6                                172852                        172852

POWER_FETCH_QUEUE_R_CORE_6                                 590335                        590335

POWER_FETCH_QUEUE_W_CORE_6                                 590335                        590335

POWER_INST_QUEUE_R_CORE_6                                  590335                        590335

POWER_INST_QUEUE_W_CORE_6                                  590335                        590335

POWER_BR_PRED_R_CORE_6                                      53248                         53248

POWER_BR_PRED_W_CORE_6                                      53248                         53248

POWER_RAS_R_CORE_6                                              0                             0

POWER_RAS_W_CORE_6                                             32                            32

POWER_ICACHE_R_CORE_6                                        3908                          3908

POWER_ICACHE_W_CORE_6                                           0                             0

POWER_ICACHE_R_TAG_CORE_6                                    3908                          3908

POWER_ICACHE_MISS_BUF_R_CORE_6                                  0                             0

POWER_ICACHE_MISS_BUF_W_CORE_6                                  0                             0

POWER_ICACHE_MISS_BUF_R_TAG_CORE_6                              0                             0

POWER_ICACHE_MISS_BUF_W_TAG_CORE_6                              0                             0

POWER_ICACHE_TOT_ACC_CORE_6                                     0                             0

POWER_ICACHE_CONF_CORE_6                                        0                             0

POWER_INST_DECODER_R_CORE_6                                522560                        522560

POWER_INST_DECODER_W_CORE_6                                     0                             0

POWER_MICRO_OP_SEQ_R_CORE_6                                     0                             0

POWER_MICRO_OP_SEQ_W_CORE_6                                     0                             0

POWER_OPERAND_DECODER_R_CORE_6                             522560                        522560

POWER_OPERAND_DECODER_W_CORE_6                                  0                             0

POWER_UOP_QUEUE_R_CORE_6                                   590335                        590335

POWER_UOP_QUEUE_W_CORE_6                                   590335                        590335

POWER_REG_RENAMING_TABLE_R_CORE_6                          590335                        590335

POWER_REG_RENAMING_TABLE_W_CORE_6                          590335                        590335

POWER_DEP_CHECK_LOGIC_R_CORE_6                             590335                        590335

POWER_FREELIST_R_CORE_6                                    590335                        590335

POWER_FREELIST_W_CORE_6                                    590335                        590335

POWER_RESERVATION_STATION_R_CORE_6                        1764290                       1764290

POWER_RESERVATION_STATION_W_CORE_6                         590335                        590335

POWER_RESERVATION_STATION_R_TAG_CORE_6                    1764290                       1764290

POWER_RESERVATION_STATION_W_TAG_CORE_6                          0                             0

POWER_INST_ISSUE_SEL_LOGIC_R_CORE_6                       1764290                       1764290

POWER_INST_ISSUE_SEL_LOGIC_W_CORE_6                        590335                        590335

POWER_PAYLOAD_RAM_R_CORE_6                                1764290                       1764290

POWER_PAYLOAD_RAM_W_CORE_6                                 590335                        590335

POWER_EX_ALU_R_CORE_6                                      314302                        314302

POWER_EX_FPU_R_CORE_6                                           0                             0

POWER_EX_MUL_R_CORE_6                                           0                             0

POWER_EX_SFU_R_CORE_6                                           0                             0

POWER_REORDER_BUF_R_CORE_6                                 590335                        590335

POWER_REORDER_BUF_W_CORE_6                                1180670                       1180670

POWER_INST_COMMIT_SEL_LOGIC_R_CORE_6                       590335                        590335

POWER_INST_COMMIT_SEL_LOGIC_W_CORE_6                       590335                        590335

POWER_FP_RENAME_R_CORE_6                                        0                             0

POWER_FP_RENAME_W_CORE_6                                        0                             0

POWER_LOAD_QUEUE_R_CORE_6                                  252001                        252001

POWER_LOAD_QUEUE_W_CORE_6                                  252001                        252001

POWER_LOAD_QUEUE_R_TAG_CORE_6                              252001                        252001

POWER_LOAD_QUEUE_W_TAG_CORE_6                                   0                             0

POWER_STORE_QUEUE_R_CORE_6                                 936481                        936481

POWER_STORE_QUEUE_W_CORE_6                                 936481                        936481

POWER_STORE_QUEUE_R_TAG_CORE_6                             936481                        936481

POWER_STORE_QUEUE_W_TAG_CORE_6                                  0                             0

POWER_DATA_TLB_R_CORE_6                                    252001                        252001

POWER_DATA_TLB_W_CORE_6                                         0                             0

POWER_DATA_TLB_R_TAG_CORE_6                                     0                             0

POWER_DATA_TLB_W_TAG_CORE_6                                     0                             0

POWER_INT_REGFILE_R_CORE_6                                 904637                        904637

POWER_INT_REGFILE_W_CORE_6                                 590335                        590335

POWER_FP_REGFILE_R_CORE_6                                       0                             0

POWER_FP_REGFILE_W_CORE_6                                       0                             0

POWER_GP_REGISTER_R_CORE_6                                 904637                        904637

POWER_GP_REGISTER_W_CORE_6                                 590335                        590335

POWER_FP_REGISTER_R_CORE_6                                      0                             0

POWER_FP_REGISTER_W_CORE_6                                      0                             0

POWER_SEGMENT_REGISTER_R_CORE_6                            276033                        276033

POWER_SEGMENT_REGISTER_W_CORE_6                            545922                        545922

POWER_CONTROL_REGISTER_R_CORE_6                                 0                             0

POWER_CONTROL_REGISTER_W_CORE_6                             26912                         26912

POWER_FLAG_REGISTER_R_CORE_6                                    0                             0

POWER_FLAG_REGISTER_W_CORE_6                               174400                        174400

POWER_EXEC_BYPASS_CORE_6                                   590335                        590335

POWER_LOAD_BYPASS_CORE_6                                        0                             0

POWER_PIPELINE_CORE_6                                      522560                        522560

POWER_DCACHE_MISS_BUF_R_CORE_6                                  0                             0

POWER_DCACHE_MISS_BUF_R_TAG_CORE_6                          14527                         14527

POWER_DCACHE_MISS_BUF_W_CORE_6                              14527                         14527

POWER_DCACHE_MISS_BUF_W_TAG_CORE_6                              0                             0

POWER_DCACHE_LINEFILL_BUF_R_CORE_6                              0                             0

POWER_L2CACHE_LINEFILL_BUF_R_CORE_6                             0                             0

POWER_DCACHE_LINEFILL_BUF_W_CORE_6                              0                             0

POWER_L2CACHE_LINEFILL_BUF_W_CORE_6                             0                             0

POWER_DCACHE_LINEFILL_BUF_R_TAG_CORE_6                          0                             0

POWER_L2CACHE_LINEFILL_BUF_R_TAG_CORE_6                         0                             0

POWER_DCACHE_LINEFILL_BUF_W_TAG_CORE_6                          0                             0

POWER_DCACHE_WB_BUF_R_CORE_6                                    0                             0

POWER_L2CACHE_WB_BUF_R_CORE_6                                   0                             0

POWER_DCACHE_WB_BUF_W_CORE_6                                    0                             0

POWER_L2CACHE_WB_BUF_W_CORE_6                                   0                             0

POWER_DCACHE_WB_BUF_R_TAG_CORE_6                                0                             0

POWER_L2CACHE_WB_BUF_R_TAG_CORE_6                               0                             0

POWER_DCACHE_WB_BUF_W_TAG_CORE_6                                0                             0

POWER_DCACHE_R_CORE_6                                           0                             0

POWER_L2CACHE_R_CORE_6                                          0                             0

POWER_DCACHE_W_CORE_6                                           0                             0

POWER_L2CACHE_W_CORE_6                                          0                             0

POWER_DCACHE_R_TAG_CORE_6                                       0                             0

POWER_L2CACHE_R_TAG_CORE_6                                      0                             0

POWER_CONST_CACHE_R_CORE_6                                      0                             0

POWER_CONST_CACHE_W_CORE_6                                      0                             0

POWER_CONST_CACHE_R_TAG_CORE_6                                  0                             0

POWER_CONST_CACHE_W_TAG_CORE_6                                  0                             0

POWER_TEXTURE_CACHE_R_CORE_6                                    0                             0

POWER_TEXTURE_CACHE_W_CORE_6                                    0                             0

POWER_TEXTURE_CACHE_R_TAG_CORE_6                                0                             0

POWER_TEXTURE_CACHE_W_TAG_CORE_6                                0                             0

POWER_SHARED_MEM_R_CORE_6                                       0                             0

POWER_SHARED_MEM_W_CORE_6                                       0                             0

POWER_SHARED_MEM_R_TAG_CORE_6                                   0                             0

POWER_SHARED_MEM_W_TAG_CORE_6                                   0                             0

POWER_BLOCK_STATES_R_CORE_7                                311582                        311582

POWER_BLOCK_STATES_W_CORE_7                                311582                        311582

POWER_FETCH_QUEUE_R_CORE_7                                1212799                       1212799

POWER_FETCH_QUEUE_W_CORE_7                                1212799                       1212799

POWER_INST_QUEUE_R_CORE_7                                 1212799                       1212799

POWER_INST_QUEUE_W_CORE_7                                 1212799                       1212799

POWER_BR_PRED_R_CORE_7                                      34816                         34816

POWER_BR_PRED_W_CORE_7                                      34816                         34816

POWER_RAS_R_CORE_7                                              0                             0

POWER_RAS_W_CORE_7                                             32                            32

POWER_ICACHE_R_CORE_7                                        7945                          7945

POWER_ICACHE_W_CORE_7                                           0                             0

POWER_ICACHE_R_TAG_CORE_7                                    7945                          7945

POWER_ICACHE_MISS_BUF_R_CORE_7                                  0                             0

POWER_ICACHE_MISS_BUF_W_CORE_7                                  0                             0

POWER_ICACHE_MISS_BUF_R_TAG_CORE_7                              0                             0

POWER_ICACHE_MISS_BUF_W_TAG_CORE_7                              0                             0

POWER_ICACHE_TOT_ACC_CORE_7                                     0                             0

POWER_ICACHE_CONF_CORE_7                                        0                             0

POWER_INST_DECODER_R_CORE_7                               1067104                       1067104

POWER_INST_DECODER_W_CORE_7                                     0                             0

POWER_MICRO_OP_SEQ_R_CORE_7                                     0                             0

POWER_MICRO_OP_SEQ_W_CORE_7                                     0                             0

POWER_OPERAND_DECODER_R_CORE_7                            1067104                       1067104

POWER_OPERAND_DECODER_W_CORE_7                                  0                             0

POWER_UOP_QUEUE_R_CORE_7                                  1212799                       1212799

POWER_UOP_QUEUE_W_CORE_7                                  1212799                       1212799

POWER_REG_RENAMING_TABLE_R_CORE_7                         1212799                       1212799

POWER_REG_RENAMING_TABLE_W_CORE_7                         1212799                       1212799

POWER_DEP_CHECK_LOGIC_R_CORE_7                            1212799                       1212799

POWER_FREELIST_R_CORE_7                                   1212799                       1212799

POWER_FREELIST_W_CORE_7                                   1212799                       1212799

POWER_RESERVATION_STATION_R_CORE_7                        2202836                       2202836

POWER_RESERVATION_STATION_W_CORE_7                        1212799                       1212799

POWER_RESERVATION_STATION_R_TAG_CORE_7                    2202836                       2202836

POWER_RESERVATION_STATION_W_TAG_CORE_7                          0                             0

POWER_INST_ISSUE_SEL_LOGIC_R_CORE_7                       2202836                       2202836

POWER_INST_ISSUE_SEL_LOGIC_W_CORE_7                       1212799                       1212799

POWER_PAYLOAD_RAM_R_CORE_7                                2202836                       2202836

POWER_PAYLOAD_RAM_W_CORE_7                                1212799                       1212799

POWER_EX_ALU_R_CORE_7                                      344958                        344958

POWER_EX_FPU_R_CORE_7                                       20576                         20576

POWER_EX_MUL_R_CORE_7                                           0                             0

POWER_EX_SFU_R_CORE_7                                           0                             0

POWER_REORDER_BUF_R_CORE_7                                1212799                       1212799

POWER_REORDER_BUF_W_CORE_7                                2425598                       2425598

POWER_INST_COMMIT_SEL_LOGIC_R_CORE_7                      1212799                       1212799

POWER_INST_COMMIT_SEL_LOGIC_W_CORE_7                      1212799                       1212799

POWER_FP_RENAME_R_CORE_7                                    55520                         55520

POWER_FP_RENAME_W_CORE_7                                        0                             0

POWER_LOAD_QUEUE_R_CORE_7                                  703635                        703635

POWER_LOAD_QUEUE_W_CORE_7                                  703635                        703635

POWER_LOAD_QUEUE_R_TAG_CORE_7                              703635                        703635

POWER_LOAD_QUEUE_W_TAG_CORE_7                                   0                             0

POWER_STORE_QUEUE_R_CORE_7                                 318662                        318662

POWER_STORE_QUEUE_W_CORE_7                                 318662                        318662

POWER_STORE_QUEUE_R_TAG_CORE_7                             318662                        318662

POWER_STORE_QUEUE_W_TAG_CORE_7                                  0                             0

POWER_DATA_TLB_R_CORE_7                                    703635                        703635

POWER_DATA_TLB_W_CORE_7                                         0                             0

POWER_DATA_TLB_R_TAG_CORE_7                                     0                             0

POWER_DATA_TLB_W_TAG_CORE_7                                     0                             0

POWER_INT_REGFILE_R_CORE_7                                1537181                       1537181

POWER_INT_REGFILE_W_CORE_7                                1192223                       1192223

POWER_FP_REGFILE_R_CORE_7                                   32960                         32960

POWER_FP_REGFILE_W_CORE_7                                   20576                         20576

POWER_GP_REGISTER_R_CORE_7                                1537181                       1537181

POWER_GP_REGISTER_W_CORE_7                                1192223                       1192223

POWER_FP_REGISTER_R_CORE_7                                  41152                         41152

POWER_FP_REGISTER_W_CORE_7                                  20576                         20576

POWER_SEGMENT_REGISTER_R_CORE_7                            847265                        847265

POWER_SEGMENT_REGISTER_W_CORE_7                           1688386                       1688386

POWER_CONTROL_REGISTER_R_CORE_7                                 0                             0

POWER_CONTROL_REGISTER_W_CORE_7                              4544                          4544

POWER_FLAG_REGISTER_R_CORE_7                                    0                             0

POWER_FLAG_REGISTER_W_CORE_7                               264256                        264256

POWER_EXEC_BYPASS_CORE_7                                  1212799                       1212799

POWER_LOAD_BYPASS_CORE_7                                        0                             0

POWER_PIPELINE_CORE_7                                     1067104                       1067104

POWER_DCACHE_MISS_BUF_R_CORE_7                                  0                             0

POWER_DCACHE_MISS_BUF_R_TAG_CORE_7                          32260                         32260

POWER_DCACHE_MISS_BUF_W_CORE_7                              32260                         32260

POWER_DCACHE_MISS_BUF_W_TAG_CORE_7                              0                             0

POWER_DCACHE_LINEFILL_BUF_R_CORE_7                              0                             0

POWER_L2CACHE_LINEFILL_BUF_R_CORE_7                             0                             0

POWER_DCACHE_LINEFILL_BUF_W_CORE_7                              0                             0

POWER_L2CACHE_LINEFILL_BUF_W_CORE_7                             0                             0

POWER_DCACHE_LINEFILL_BUF_R_TAG_CORE_7                          0                             0

POWER_L2CACHE_LINEFILL_BUF_R_TAG_CORE_7                         0                             0

POWER_DCACHE_LINEFILL_BUF_W_TAG_CORE_7                          0                             0

POWER_DCACHE_WB_BUF_R_CORE_7                                    0                             0

POWER_L2CACHE_WB_BUF_R_CORE_7                                   0                             0

POWER_DCACHE_WB_BUF_W_CORE_7                                    0                             0

POWER_L2CACHE_WB_BUF_W_CORE_7                                   0                             0

POWER_DCACHE_WB_BUF_R_TAG_CORE_7                                0                             0

POWER_L2CACHE_WB_BUF_R_TAG_CORE_7                               0                             0

POWER_DCACHE_WB_BUF_W_TAG_CORE_7                                0                             0

POWER_DCACHE_R_CORE_7                                           0                             0

POWER_L2CACHE_R_CORE_7                                          0                             0

POWER_DCACHE_W_CORE_7                                           0                             0

POWER_L2CACHE_W_CORE_7                                          0                             0

POWER_DCACHE_R_TAG_CORE_7                                       0                             0

POWER_L2CACHE_R_TAG_CORE_7                                      0                             0

POWER_CONST_CACHE_R_CORE_7                                      0                             0

POWER_CONST_CACHE_W_CORE_7                                      0                             0

POWER_CONST_CACHE_R_TAG_CORE_7                                  0                             0

POWER_CONST_CACHE_W_TAG_CORE_7                                  0                             0

POWER_TEXTURE_CACHE_R_CORE_7                                    0                             0

POWER_TEXTURE_CACHE_W_CORE_7                                    0                             0

POWER_TEXTURE_CACHE_R_TAG_CORE_7                                0                             0

POWER_TEXTURE_CACHE_W_TAG_CORE_7                                0                             0

POWER_SHARED_MEM_R_CORE_7                                       0                             0

POWER_SHARED_MEM_W_CORE_7                                       0                             0

POWER_SHARED_MEM_R_TAG_CORE_7                                   0                             0

POWER_SHARED_MEM_W_TAG_CORE_7                                   0                             0

