####################################################################################################
Interval
####################################################################################################

FP_OPS_TOT                                                  30720                         30720

FP_OPS_CORE_0                                                   0                             0

OP_CAT_INVALID_CORE_0                                           0                             0%
OP_CAT_3DNOW_CORE_0                                             0                             0%
OP_CAT_AES_CORE_0                                               0                             0%
OP_CAT_BASE_CORE_0                                              0                             0%
OP_CAT_BINARY_CORE_0                                          256                       3.84673%
OP_CAT_BITBYTE_CORE_0                                           0                             0%
OP_CAT_CALL_CORE_0                                              0                             0%
OP_CAT_CMOV_CORE_0                                            255                       3.83171%
OP_CAT_COND_BR_CORE_0                                           0                             0%
OP_CAT_DATAXFER_CORE_0                                          0                             0%
OP_CAT_DECIMAL_CORE_0                                           0                             0%
OP_CAT_FCMOV_CORE_0                                          5248                        78.858%
OP_CAT_FLAGOP_CORE_0                                            0                             0%
OP_CAT_INTERRUPT_CORE_0                                         0                             0%
OP_CAT_IO_CORE_0                                                0                             0%
OP_CAT_IOSTRINGOP_CORE_0                                        0                             0%
OP_CAT_LOGICAL_CORE_0                                           0                             0%
OP_CAT_MISC_CORE_0                                              0                             0%
OP_CAT_MMX_CORE_0                                               0                             0%
OP_CAT_NOP_CORE_0                                             224                       3.36589%
OP_CAT_PCLMULQDQ_CORE_0                                         0                             0%
OP_CAT_POP_CORE_0                                               0                             0%
OP_CAT_PREFETCH_CORE_0                                          0                             0%
OP_CAT_PUSH_CORE_0                                            128                       1.92337%
OP_CAT_RET_CORE_0                                               0                             0%
OP_CAT_ROTATE_CORE_0                                          128                       1.92337%
OP_CAT_SEGOP_CORE_0                                           192                       2.88505%
OP_CAT_SEMAPHORE_CORE_0                                         0                             0%
OP_CAT_SHIFT_CORE_0                                             0                             0%
OP_CAT_SSE_CORE_0                                               0                             0%
OP_CAT_SSE5_CORE_0                                              0                             0%
OP_CAT_STRINGOP_CORE_0                                          0                             0%
OP_CAT_SYSCALL_CORE_0                                           0                             0%
OP_CAT_SYSRET_CORE_0                                            0                             0%
OP_CAT_SYSTEM_CORE_0                                            0                             0%
OP_CAT_UNCOND_BR_CORE_0                                         0                             0%
OP_CAT_VTX_CORE_0                                               0                             0%
OP_CAT_WIDENOP_CORE_0                                          32                      0.480841%
OP_CAT_X87_ALU_CORE_0                                           0                             0%
OP_CAT_XSAVE_CORE_0                                             0                             0%
OP_CAT_TR_MUL_CORE_0                                            0                             0%
OP_CAT_TR_DIV_CORE_0                                            0                             0%
OP_CAT_TR_FMUL_CORE_0                                           0                             0%
OP_CAT_TR_FDIV_CORE_0                                           0                             0%
OP_CAT_TR_NOP_CORE_0                                            0                             0%
OP_CAT_PREFETCH_NTA_CORE_0                                      0                             0%
OP_CAT_PREFETCH_T0_CORE_0                                       0                             0%
OP_CAT_PREFETCH_T1_CORE_0                                     192                       2.88505%
OP_CAT_PREFETCH_T2_CORE_0                                       0                             0%
OP_CAT_TR_MEM_LD_LM_CORE_0                                      0                             0%
OP_CAT_TR_MEM_LD_SM_CORE_0                                      0                             0%
OP_CAT_TR_MEM_LD_GM_CORE_0                                      0                             0%
OP_CAT_TR_MEM_ST_LM_CORE_0                                      0                             0%
OP_CAT_TR_MEM_ST_SM_CORE_0                                      0                             0%
OP_CAT_TR_MEM_ST_GM_CORE_0                                      0                             0%
OP_CAT_TR_DATA_XFER_LM_CORE_0                                   0                             0%
OP_CAT_TR_DATA_XFER_SM_CORE_0                                   0                             0%
OP_CAT_TR_DATA_XFER_GM_CORE_0                                   0                             0%
OP_CAT_TR_LAST_CORE_0                                           0                             0%
                                                             6655                           100%

FP_OPS_CORE_1                                                   0                             0

OP_CAT_INVALID_CORE_1                                           0                          NaN 
OP_CAT_3DNOW_CORE_1                                             0                          NaN 
OP_CAT_AES_CORE_1                                               0                          NaN 
OP_CAT_BASE_CORE_1                                              0                          NaN 
OP_CAT_BINARY_CORE_1                                            0                          NaN 
OP_CAT_BITBYTE_CORE_1                                           0                          NaN 
OP_CAT_CALL_CORE_1                                              0                          NaN 
OP_CAT_CMOV_CORE_1                                              0                          NaN 
OP_CAT_COND_BR_CORE_1                                           0                          NaN 
OP_CAT_DATAXFER_CORE_1                                          0                          NaN 
OP_CAT_DECIMAL_CORE_1                                           0                          NaN 
OP_CAT_FCMOV_CORE_1                                             0                          NaN 
OP_CAT_FLAGOP_CORE_1                                            0                          NaN 
OP_CAT_INTERRUPT_CORE_1                                         0                          NaN 
OP_CAT_IO_CORE_1                                                0                          NaN 
OP_CAT_IOSTRINGOP_CORE_1                                        0                          NaN 
OP_CAT_LOGICAL_CORE_1                                           0                          NaN 
OP_CAT_MISC_CORE_1                                              0                          NaN 
OP_CAT_MMX_CORE_1                                               0                          NaN 
OP_CAT_NOP_CORE_1                                               0                          NaN 
OP_CAT_PCLMULQDQ_CORE_1                                         0                          NaN 
OP_CAT_POP_CORE_1                                               0                          NaN 
OP_CAT_PREFETCH_CORE_1                                          0                          NaN 
OP_CAT_PUSH_CORE_1                                              0                          NaN 
OP_CAT_RET_CORE_1                                               0                          NaN 
OP_CAT_ROTATE_CORE_1                                            0                          NaN 
OP_CAT_SEGOP_CORE_1                                             0                          NaN 
OP_CAT_SEMAPHORE_CORE_1                                         0                          NaN 
OP_CAT_SHIFT_CORE_1                                             0                          NaN 
OP_CAT_SSE_CORE_1                                               0                          NaN 
OP_CAT_SSE5_CORE_1                                              0                          NaN 
OP_CAT_STRINGOP_CORE_1                                          0                          NaN 
OP_CAT_SYSCALL_CORE_1                                           0                          NaN 
OP_CAT_SYSRET_CORE_1                                            0                          NaN 
OP_CAT_SYSTEM_CORE_1                                            0                          NaN 
OP_CAT_UNCOND_BR_CORE_1                                         0                          NaN 
OP_CAT_VTX_CORE_1                                               0                          NaN 
OP_CAT_WIDENOP_CORE_1                                           0                          NaN 
OP_CAT_X87_ALU_CORE_1                                           0                          NaN 
OP_CAT_XSAVE_CORE_1                                             0                          NaN 
OP_CAT_TR_MUL_CORE_1                                            0                          NaN 
OP_CAT_TR_DIV_CORE_1                                            0                          NaN 
OP_CAT_TR_FMUL_CORE_1                                           0                          NaN 
OP_CAT_TR_FDIV_CORE_1                                           0                          NaN 
OP_CAT_TR_NOP_CORE_1                                            0                          NaN 
OP_CAT_PREFETCH_NTA_CORE_1                                      0                          NaN 
OP_CAT_PREFETCH_T0_CORE_1                                       0                          NaN 
OP_CAT_PREFETCH_T1_CORE_1                                       0                          NaN 
OP_CAT_PREFETCH_T2_CORE_1                                       0                          NaN 
OP_CAT_TR_MEM_LD_LM_CORE_1                                      0                          NaN 
OP_CAT_TR_MEM_LD_SM_CORE_1                                      0                          NaN 
OP_CAT_TR_MEM_LD_GM_CORE_1                                      0                          NaN 
OP_CAT_TR_MEM_ST_LM_CORE_1                                      0                          NaN 
OP_CAT_TR_MEM_ST_SM_CORE_1                                      0                          NaN 
OP_CAT_TR_MEM_ST_GM_CORE_1                                      0                          NaN 
OP_CAT_TR_DATA_XFER_LM_CORE_1                                   0                          NaN 
OP_CAT_TR_DATA_XFER_SM_CORE_1                                   0                          NaN 
OP_CAT_TR_DATA_XFER_GM_CORE_1                                   0                          NaN 
OP_CAT_TR_LAST_CORE_1                                           0                          NaN 
                                                                0                           100%

FP_OPS_CORE_2                                               10240                         10240

OP_CAT_INVALID_CORE_2                                           0                             0%
OP_CAT_3DNOW_CORE_2                                             0                             0%
OP_CAT_AES_CORE_2                                               0                             0%
OP_CAT_BASE_CORE_2                                              0                             0%
OP_CAT_BINARY_CORE_2                                       393504                       25.5427%
OP_CAT_BITBYTE_CORE_2                                           0                             0%
OP_CAT_CALL_CORE_2                                              0                             0%
OP_CAT_CMOV_CORE_2                                             32                    0.00207715%
OP_CAT_COND_BR_CORE_2                                           0                             0%
OP_CAT_DATAXFER_CORE_2                                      67584                       4.38693%
OP_CAT_DECIMAL_CORE_2                                           0                             0%
OP_CAT_FCMOV_CORE_2                                        824640                       53.5281%
OP_CAT_FLAGOP_CORE_2                                            0                             0%
OP_CAT_INTERRUPT_CORE_2                                         0                             0%
OP_CAT_IO_CORE_2                                                0                             0%
OP_CAT_IOSTRINGOP_CORE_2                                        0                             0%
OP_CAT_LOGICAL_CORE_2                                           0                             0%
OP_CAT_MISC_CORE_2                                              0                             0%
OP_CAT_MMX_CORE_2                                            8224                      0.533827%
OP_CAT_NOP_CORE_2                                           23040                       1.49555%
OP_CAT_PCLMULQDQ_CORE_2                                         0                             0%
OP_CAT_POP_CORE_2                                               0                             0%
OP_CAT_PREFETCH_CORE_2                                          0                             0%
OP_CAT_PUSH_CORE_2                                            128                    0.00830859%
OP_CAT_RET_CORE_2                                               0                             0%
OP_CAT_ROTATE_CORE_2                                          128                    0.00830859%
OP_CAT_SEGOP_CORE_2                                             0                             0%
OP_CAT_SEMAPHORE_CORE_2                                         0                             0%
OP_CAT_SHIFT_CORE_2                                             0                             0%
OP_CAT_SSE_CORE_2                                               0                             0%
OP_CAT_SSE5_CORE_2                                           2048                      0.132937%
OP_CAT_STRINGOP_CORE_2                                          0                             0%
OP_CAT_SYSCALL_CORE_2                                           0                             0%
OP_CAT_SYSRET_CORE_2                                            0                             0%
OP_CAT_SYSTEM_CORE_2                                            0                             0%
OP_CAT_UNCOND_BR_CORE_2                                         0                             0%
OP_CAT_VTX_CORE_2                                               0                             0%
OP_CAT_WIDENOP_CORE_2                                           0                             0%
OP_CAT_X87_ALU_CORE_2                                           0                             0%
OP_CAT_XSAVE_CORE_2                                             0                             0%
OP_CAT_TR_MUL_CORE_2                                       151584                       9.83944%
OP_CAT_TR_DIV_CORE_2                                            0                             0%
OP_CAT_TR_FMUL_CORE_2                                           0                             0%
OP_CAT_TR_FDIV_CORE_2                                       57344                       3.72225%
OP_CAT_TR_NOP_CORE_2                                            0                             0%
OP_CAT_PREFETCH_NTA_CORE_2                                   8192                      0.531749%
OP_CAT_PREFETCH_T0_CORE_2                                       0                             0%
OP_CAT_PREFETCH_T1_CORE_2                                    4127                      0.267887%
OP_CAT_PREFETCH_T2_CORE_2                                       0                             0%
OP_CAT_TR_MEM_LD_LM_CORE_2                                      0                             0%
OP_CAT_TR_MEM_LD_SM_CORE_2                                      0                             0%
OP_CAT_TR_MEM_LD_GM_CORE_2                                      0                             0%
OP_CAT_TR_MEM_ST_LM_CORE_2                                      0                             0%
OP_CAT_TR_MEM_ST_SM_CORE_2                                      0                             0%
OP_CAT_TR_MEM_ST_GM_CORE_2                                      0                             0%
OP_CAT_TR_DATA_XFER_LM_CORE_2                                   0                             0%
OP_CAT_TR_DATA_XFER_SM_CORE_2                                   0                             0%
OP_CAT_TR_DATA_XFER_GM_CORE_2                                   0                             0%
OP_CAT_TR_LAST_CORE_2                                           0                             0%
                                                          1540575                           100%

FP_OPS_CORE_3                                                   0                             0

OP_CAT_INVALID_CORE_3                                           0                             0%
OP_CAT_3DNOW_CORE_3                                             0                             0%
OP_CAT_AES_CORE_3                                               0                             0%
OP_CAT_BASE_CORE_3                                              0                             0%
OP_CAT_BINARY_CORE_3                                       160032                       33.2558%
OP_CAT_BITBYTE_CORE_3                                           0                             0%
OP_CAT_CALL_CORE_3                                              0                             0%
OP_CAT_CMOV_CORE_3                                             32                    0.00664983%
OP_CAT_COND_BR_CORE_3                                           0                             0%
OP_CAT_DATAXFER_CORE_3                                      53248                       11.0653%
OP_CAT_DECIMAL_CORE_3                                           0                             0%
OP_CAT_FCMOV_CORE_3                                        236544                       49.1556%
OP_CAT_FLAGOP_CORE_3                                            0                             0%
OP_CAT_INTERRUPT_CORE_3                                         0                             0%
OP_CAT_IO_CORE_3                                                0                             0%
OP_CAT_IOSTRINGOP_CORE_3                                        0                             0%
OP_CAT_LOGICAL_CORE_3                                           0                             0%
OP_CAT_MISC_CORE_3                                              0                             0%
OP_CAT_MMX_CORE_3                                           10304                       2.14125%
OP_CAT_NOP_CORE_3                                           14592                       3.03232%
OP_CAT_PCLMULQDQ_CORE_3                                         0                             0%
OP_CAT_POP_CORE_3                                               0                             0%
OP_CAT_PREFETCH_CORE_3                                          0                             0%
OP_CAT_PUSH_CORE_3                                            128                     0.0265993%
OP_CAT_RET_CORE_3                                               0                             0%
OP_CAT_ROTATE_CORE_3                                          128                     0.0265993%
OP_CAT_SEGOP_CORE_3                                             0                             0%
OP_CAT_SEMAPHORE_CORE_3                                         0                             0%
OP_CAT_SHIFT_CORE_3                                             0                             0%
OP_CAT_SSE_CORE_3                                               0                             0%
OP_CAT_SSE5_CORE_3                                           6144                       1.27677%
OP_CAT_STRINGOP_CORE_3                                          0                             0%
OP_CAT_SYSCALL_CORE_3                                           0                             0%
OP_CAT_SYSRET_CORE_3                                            0                             0%
OP_CAT_SYSTEM_CORE_3                                            0                             0%
OP_CAT_UNCOND_BR_CORE_3                                         0                             0%
OP_CAT_VTX_CORE_3                                               0                             0%
OP_CAT_WIDENOP_CORE_3                                           0                             0%
OP_CAT_X87_ALU_CORE_3                                           0                             0%
OP_CAT_XSAVE_CORE_3                                             0                             0%
OP_CAT_TR_MUL_CORE_3                                            0                             0%
OP_CAT_TR_DIV_CORE_3                                            0                             0%
OP_CAT_TR_FMUL_CORE_3                                           0                             0%
OP_CAT_TR_FDIV_CORE_3                                           0                             0%
OP_CAT_TR_NOP_CORE_3                                            0                             0%
OP_CAT_PREFETCH_NTA_CORE_3                                      0                             0%
OP_CAT_PREFETCH_T0_CORE_3                                       0                             0%
OP_CAT_PREFETCH_T1_CORE_3                                      63                     0.0130919%
OP_CAT_PREFETCH_T2_CORE_3                                       0                             0%
OP_CAT_TR_MEM_LD_LM_CORE_3                                      0                             0%
OP_CAT_TR_MEM_LD_SM_CORE_3                                      0                             0%
OP_CAT_TR_MEM_LD_GM_CORE_3                                      0                             0%
OP_CAT_TR_MEM_ST_LM_CORE_3                                      0                             0%
OP_CAT_TR_MEM_ST_SM_CORE_3                                      0                             0%
OP_CAT_TR_MEM_ST_GM_CORE_3                                      0                             0%
OP_CAT_TR_DATA_XFER_LM_CORE_3                                   0                             0%
OP_CAT_TR_DATA_XFER_SM_CORE_3                                   0                             0%
OP_CAT_TR_DATA_XFER_GM_CORE_3                                   0                             0%
OP_CAT_TR_LAST_CORE_3                                           0                             0%
                                                           481215                           100%

FP_OPS_CORE_4                                               10240                         10240

OP_CAT_INVALID_CORE_4                                           0                             0%
OP_CAT_3DNOW_CORE_4                                             0                             0%
OP_CAT_AES_CORE_4                                               0                             0%
OP_CAT_BASE_CORE_4                                              0                             0%
OP_CAT_BINARY_CORE_4                                       438336                       27.0268%
OP_CAT_BITBYTE_CORE_4                                           0                             0%
OP_CAT_CALL_CORE_4                                              0                             0%
OP_CAT_CMOV_CORE_4                                             32                    0.00197305%
OP_CAT_COND_BR_CORE_4                                           0                             0%
OP_CAT_DATAXFER_CORE_4                                      83968                       5.17728%
OP_CAT_DECIMAL_CORE_4                                           0                             0%
OP_CAT_FCMOV_CORE_4                                        834464                       51.4512%
OP_CAT_FLAGOP_CORE_4                                            0                             0%
OP_CAT_INTERRUPT_CORE_4                                         0                             0%
OP_CAT_IO_CORE_4                                                0                             0%
OP_CAT_IOSTRINGOP_CORE_4                                        0                             0%
OP_CAT_LOGICAL_CORE_4                                           0                             0%
OP_CAT_MISC_CORE_4                                              0                             0%
OP_CAT_MMX_CORE_4                                           10272                      0.633349%
OP_CAT_NOP_CORE_4                                           27072                        1.6692%
OP_CAT_PCLMULQDQ_CORE_4                                         0                             0%
OP_CAT_POP_CORE_4                                               0                             0%
OP_CAT_PREFETCH_CORE_4                                          0                             0%
OP_CAT_PUSH_CORE_4                                            128                     0.0078922%
OP_CAT_RET_CORE_4                                               0                             0%
OP_CAT_ROTATE_CORE_4                                          128                     0.0078922%
OP_CAT_SEGOP_CORE_4                                             0                             0%
OP_CAT_SEMAPHORE_CORE_4                                         0                             0%
OP_CAT_SHIFT_CORE_4                                             0                             0%
OP_CAT_SSE_CORE_4                                               0                             0%
OP_CAT_SSE5_CORE_4                                           8192                      0.505101%
OP_CAT_STRINGOP_CORE_4                                          0                             0%
OP_CAT_SYSCALL_CORE_4                                           0                             0%
OP_CAT_SYSRET_CORE_4                                            0                             0%
OP_CAT_SYSTEM_CORE_4                                            0                             0%
OP_CAT_UNCOND_BR_CORE_4                                         0                             0%
OP_CAT_VTX_CORE_4                                               0                             0%
OP_CAT_WIDENOP_CORE_4                                           0                             0%
OP_CAT_X87_ALU_CORE_4                                           0                             0%
OP_CAT_XSAVE_CORE_4                                             0                             0%
OP_CAT_TR_MUL_CORE_4                                       151584                       9.34633%
OP_CAT_TR_DIV_CORE_4                                            0                             0%
OP_CAT_TR_FMUL_CORE_4                                           0                             0%
OP_CAT_TR_FDIV_CORE_4                                       57344                        3.5357%
OP_CAT_TR_NOP_CORE_4                                            0                             0%
OP_CAT_PREFETCH_NTA_CORE_4                                   8192                      0.505101%
OP_CAT_PREFETCH_T0_CORE_4                                       0                             0%
OP_CAT_PREFETCH_T1_CORE_4                                    2143                      0.132133%
OP_CAT_PREFETCH_T2_CORE_4                                       0                             0%
OP_CAT_TR_MEM_LD_LM_CORE_4                                      0                             0%
OP_CAT_TR_MEM_LD_SM_CORE_4                                      0                             0%
OP_CAT_TR_MEM_LD_GM_CORE_4                                      0                             0%
OP_CAT_TR_MEM_ST_LM_CORE_4                                      0                             0%
OP_CAT_TR_MEM_ST_SM_CORE_4                                      0                             0%
OP_CAT_TR_MEM_ST_GM_CORE_4                                      0                             0%
OP_CAT_TR_DATA_XFER_LM_CORE_4                                   0                             0%
OP_CAT_TR_DATA_XFER_SM_CORE_4                                   0                             0%
OP_CAT_TR_DATA_XFER_GM_CORE_4                                   0                             0%
OP_CAT_TR_LAST_CORE_4                                           0                             0%
                                                          1621855                           100%

FP_OPS_CORE_5                                                   0                             0

OP_CAT_INVALID_CORE_5                                           0                             0%
OP_CAT_3DNOW_CORE_5                                             0                             0%
OP_CAT_AES_CORE_5                                               0                             0%
OP_CAT_BASE_CORE_5                                              0                             0%
OP_CAT_BINARY_CORE_5                                       160032                       31.0198%
OP_CAT_BITBYTE_CORE_5                                           0                             0%
OP_CAT_CALL_CORE_5                                              0                             0%
OP_CAT_CMOV_CORE_5                                             32                    0.00620272%
OP_CAT_COND_BR_CORE_5                                           0                             0%
OP_CAT_DATAXFER_CORE_5                                      53248                       10.3213%
OP_CAT_DECIMAL_CORE_5                                           0                             0%
OP_CAT_FCMOV_CORE_5                                        258944                       50.1924%
OP_CAT_FLAGOP_CORE_5                                            0                             0%
OP_CAT_INTERRUPT_CORE_5                                         0                             0%
OP_CAT_IO_CORE_5                                                0                             0%
OP_CAT_IOSTRINGOP_CORE_5                                        0                             0%
OP_CAT_LOGICAL_CORE_5                                           0                             0%
OP_CAT_MISC_CORE_5                                              0                             0%
OP_CAT_MMX_CORE_5                                           10272                       1.99107%
OP_CAT_NOP_CORE_5                                           26912                       5.21648%
OP_CAT_PCLMULQDQ_CORE_5                                         0                             0%
OP_CAT_POP_CORE_5                                               0                             0%
OP_CAT_PREFETCH_CORE_5                                          0                             0%
OP_CAT_PUSH_CORE_5                                            128                     0.0248109%
OP_CAT_RET_CORE_5                                               0                             0%
OP_CAT_ROTATE_CORE_5                                          128                     0.0248109%
OP_CAT_SEGOP_CORE_5                                             0                             0%
OP_CAT_SEMAPHORE_CORE_5                                         0                             0%
OP_CAT_SHIFT_CORE_5                                             0                             0%
OP_CAT_SSE_CORE_5                                               0                             0%
OP_CAT_SSE5_CORE_5                                           4096                      0.793948%
OP_CAT_STRINGOP_CORE_5                                          0                             0%
OP_CAT_SYSCALL_CORE_5                                           0                             0%
OP_CAT_SYSRET_CORE_5                                            0                             0%
OP_CAT_SYSTEM_CORE_5                                            0                             0%
OP_CAT_UNCOND_BR_CORE_5                                         0                             0%
OP_CAT_VTX_CORE_5                                               0                             0%
OP_CAT_WIDENOP_CORE_5                                           0                             0%
OP_CAT_X87_ALU_CORE_5                                           0                             0%
OP_CAT_XSAVE_CORE_5                                             0                             0%
OP_CAT_TR_MUL_CORE_5                                            0                             0%
OP_CAT_TR_DIV_CORE_5                                            0                             0%
OP_CAT_TR_FMUL_CORE_5                                           0                             0%
OP_CAT_TR_FDIV_CORE_5                                           0                             0%
OP_CAT_TR_NOP_CORE_5                                            0                             0%
OP_CAT_PREFETCH_NTA_CORE_5                                      0                             0%
OP_CAT_PREFETCH_T0_CORE_5                                       0                             0%
OP_CAT_PREFETCH_T1_CORE_5                                    2111                      0.409185%
OP_CAT_PREFETCH_T2_CORE_5                                       0                             0%
OP_CAT_TR_MEM_LD_LM_CORE_5                                      0                             0%
OP_CAT_TR_MEM_LD_SM_CORE_5                                      0                             0%
OP_CAT_TR_MEM_LD_GM_CORE_5                                      0                             0%
OP_CAT_TR_MEM_ST_LM_CORE_5                                      0                             0%
OP_CAT_TR_MEM_ST_SM_CORE_5                                      0                             0%
OP_CAT_TR_MEM_ST_GM_CORE_5                                      0                             0%
OP_CAT_TR_DATA_XFER_LM_CORE_5                                   0                             0%
OP_CAT_TR_DATA_XFER_SM_CORE_5                                   0                             0%
OP_CAT_TR_DATA_XFER_GM_CORE_5                                   0                             0%
OP_CAT_TR_LAST_CORE_5                                           0                             0%
                                                           515903                           100%

FP_OPS_CORE_6                                                   0                             0

OP_CAT_INVALID_CORE_6                                           0                             0%
OP_CAT_3DNOW_CORE_6                                             0                             0%
OP_CAT_AES_CORE_6                                               0                             0%
OP_CAT_BASE_CORE_6                                              0                             0%
OP_CAT_BINARY_CORE_6                                       160032                       31.0198%
OP_CAT_BITBYTE_CORE_6                                           0                             0%
OP_CAT_CALL_CORE_6                                              0                             0%
OP_CAT_CMOV_CORE_6                                             32                    0.00620272%
OP_CAT_COND_BR_CORE_6                                           0                             0%
OP_CAT_DATAXFER_CORE_6                                      53248                       10.3213%
OP_CAT_DECIMAL_CORE_6                                           0                             0%
OP_CAT_FCMOV_CORE_6                                        258944                       50.1924%
OP_CAT_FLAGOP_CORE_6                                            0                             0%
OP_CAT_INTERRUPT_CORE_6                                         0                             0%
OP_CAT_IO_CORE_6                                                0                             0%
OP_CAT_IOSTRINGOP_CORE_6                                        0                             0%
OP_CAT_LOGICAL_CORE_6                                           0                             0%
OP_CAT_MISC_CORE_6                                              0                             0%
OP_CAT_MMX_CORE_6                                           10272                       1.99107%
OP_CAT_NOP_CORE_6                                           26912                       5.21648%
OP_CAT_PCLMULQDQ_CORE_6                                         0                             0%
OP_CAT_POP_CORE_6                                               0                             0%
OP_CAT_PREFETCH_CORE_6                                          0                             0%
OP_CAT_PUSH_CORE_6                                            128                     0.0248109%
OP_CAT_RET_CORE_6                                               0                             0%
OP_CAT_ROTATE_CORE_6                                          128                     0.0248109%
OP_CAT_SEGOP_CORE_6                                             0                             0%
OP_CAT_SEMAPHORE_CORE_6                                         0                             0%
OP_CAT_SHIFT_CORE_6                                             0                             0%
OP_CAT_SSE_CORE_6                                               0                             0%
OP_CAT_SSE5_CORE_6                                           4096                      0.793948%
OP_CAT_STRINGOP_CORE_6                                          0                             0%
OP_CAT_SYSCALL_CORE_6                                           0                             0%
OP_CAT_SYSRET_CORE_6                                            0                             0%
OP_CAT_SYSTEM_CORE_6                                            0                             0%
OP_CAT_UNCOND_BR_CORE_6                                         0                             0%
OP_CAT_VTX_CORE_6                                               0                             0%
OP_CAT_WIDENOP_CORE_6                                           0                             0%
OP_CAT_X87_ALU_CORE_6                                           0                             0%
OP_CAT_XSAVE_CORE_6                                             0                             0%
OP_CAT_TR_MUL_CORE_6                                            0                             0%
OP_CAT_TR_DIV_CORE_6                                            0                             0%
OP_CAT_TR_FMUL_CORE_6                                           0                             0%
OP_CAT_TR_FDIV_CORE_6                                           0                             0%
OP_CAT_TR_NOP_CORE_6                                            0                             0%
OP_CAT_PREFETCH_NTA_CORE_6                                      0                             0%
OP_CAT_PREFETCH_T0_CORE_6                                       0                             0%
OP_CAT_PREFETCH_T1_CORE_6                                    2111                      0.409185%
OP_CAT_PREFETCH_T2_CORE_6                                       0                             0%
OP_CAT_TR_MEM_LD_LM_CORE_6                                      0                             0%
OP_CAT_TR_MEM_LD_SM_CORE_6                                      0                             0%
OP_CAT_TR_MEM_LD_GM_CORE_6                                      0                             0%
OP_CAT_TR_MEM_ST_LM_CORE_6                                      0                             0%
OP_CAT_TR_MEM_ST_SM_CORE_6                                      0                             0%
OP_CAT_TR_MEM_ST_GM_CORE_6                                      0                             0%
OP_CAT_TR_DATA_XFER_LM_CORE_6                                   0                             0%
OP_CAT_TR_DATA_XFER_SM_CORE_6                                   0                             0%
OP_CAT_TR_DATA_XFER_GM_CORE_6                                   0                             0%
OP_CAT_TR_LAST_CORE_6                                           0                             0%
                                                           515903                           100%

FP_OPS_CORE_7                                               10240                         10240

OP_CAT_INVALID_CORE_7                                           0                             0%
OP_CAT_3DNOW_CORE_7                                             0                             0%
OP_CAT_AES_CORE_7                                               0                             0%
OP_CAT_BASE_CORE_7                                              0                             0%
OP_CAT_BINARY_CORE_7                                       260160                       24.4836%
OP_CAT_BITBYTE_CORE_7                                           0                             0%
OP_CAT_CALL_CORE_7                                              0                             0%
OP_CAT_CMOV_CORE_7                                             32                    0.00301151%
OP_CAT_COND_BR_CORE_7                                           0                             0%
OP_CAT_DATAXFER_CORE_7                                      34816                       3.27652%
OP_CAT_DECIMAL_CORE_7                                           0                             0%
OP_CAT_FCMOV_CORE_7                                        711488                       66.9578%
OP_CAT_FLAGOP_CORE_7                                            0                             0%
OP_CAT_INTERRUPT_CORE_7                                         0                             0%
OP_CAT_IO_CORE_7                                                0                             0%
OP_CAT_IOSTRINGOP_CORE_7                                        0                             0%
OP_CAT_LOGICAL_CORE_7                                           0                             0%
OP_CAT_MISC_CORE_7                                              0                             0%
OP_CAT_MMX_CORE_7                                            4096                      0.385473%
OP_CAT_NOP_CORE_7                                            4544                      0.427634%
OP_CAT_PCLMULQDQ_CORE_7                                         0                             0%
OP_CAT_POP_CORE_7                                               0                             0%
OP_CAT_PREFETCH_CORE_7                                          0                             0%
OP_CAT_PUSH_CORE_7                                            128                      0.012046%
OP_CAT_RET_CORE_7                                               0                             0%
OP_CAT_ROTATE_CORE_7                                          128                      0.012046%
OP_CAT_SEGOP_CORE_7                                             0                             0%
OP_CAT_SEMAPHORE_CORE_7                                         0                             0%
OP_CAT_SHIFT_CORE_7                                             0                             0%
OP_CAT_SSE_CORE_7                                               0                             0%
OP_CAT_SSE5_CORE_7                                              0                             0%
OP_CAT_STRINGOP_CORE_7                                          0                             0%
OP_CAT_SYSCALL_CORE_7                                           0                             0%
OP_CAT_SYSRET_CORE_7                                            0                             0%
OP_CAT_SYSTEM_CORE_7                                            0                             0%
OP_CAT_UNCOND_BR_CORE_7                                         0                             0%
OP_CAT_VTX_CORE_7                                               0                             0%
OP_CAT_WIDENOP_CORE_7                                           0                             0%
OP_CAT_X87_ALU_CORE_7                                           0                             0%
OP_CAT_XSAVE_CORE_7                                             0                             0%
OP_CAT_TR_MUL_CORE_7                                        36896                       3.47227%
OP_CAT_TR_DIV_CORE_7                                            0                             0%
OP_CAT_TR_FMUL_CORE_7                                           0                             0%
OP_CAT_TR_FDIV_CORE_7                                           0                             0%
OP_CAT_TR_NOP_CORE_7                                            0                             0%
OP_CAT_PREFETCH_NTA_CORE_7                                   8192                      0.770946%
OP_CAT_PREFETCH_T0_CORE_7                                       0                             0%
OP_CAT_PREFETCH_T1_CORE_7                                    2111                      0.198665%
OP_CAT_PREFETCH_T2_CORE_7                                       0                             0%
OP_CAT_TR_MEM_LD_LM_CORE_7                                      0                             0%
OP_CAT_TR_MEM_LD_SM_CORE_7                                      0                             0%
OP_CAT_TR_MEM_LD_GM_CORE_7                                      0                             0%
OP_CAT_TR_MEM_ST_LM_CORE_7                                      0                             0%
OP_CAT_TR_MEM_ST_SM_CORE_7                                      0                             0%
OP_CAT_TR_MEM_ST_GM_CORE_7                                      0                             0%
OP_CAT_TR_DATA_XFER_LM_CORE_7                                   0                             0%
OP_CAT_TR_DATA_XFER_SM_CORE_7                                   0                             0%
OP_CAT_TR_DATA_XFER_GM_CORE_7                                   0                             0%
OP_CAT_TR_LAST_CORE_7                                           0                             0%
                                                          1062591                           100%

