####################################################################################################
Interval
####################################################################################################

DISPATCHED_INST                                           6697169                       6697169

DISPATCH_WAIT                                           159037565                        23.747

NUM_NO_FETCH_CYCLES                                             0                             0

AVG_CORE_IDLE_CYCLE                                             0                             0

NUM_SAMPLES_CORE_0                                        1904169                       1904169

NUM_ACTIVE_BLOCKS_CORE_0                                        0                             0

NUM_ACTIVE_THREADS_CORE_0                                 1904168                      0.999999

NUM_SCHED_IDLE_CYCLE_CORE_0                                  2016                          2016

NUM_NO_SCHED_CYCLE_CORE_0                                       0                             0

CORE_DISPATCHED_INST_CORE_0                                  7709                          7709

CORE_DISPATCH_WAIT_CORE_0                                  191008                       24.7773

CORE_CYCLES_CORE_0                                              0                             0

CORE_SCHED_THREADS_CORE_0                                       0                           NaN

CORE_NUM_NO_FETCH_CYCLES_CORE_0                                 0                             0

CORE_NUM_NO_FETCH_CYCLES_WITH_READY_THREADS_CORE_0                   0                             0

CORE_NUM_FETCH_CYCLES_CORE_0                                    0                             0

CORE_FETCH_DELTA_CORE_0                                         0                           NaN

CORE_NUM_RETIRE_CYCLES_CORE_0                                   0                             0

CORE_RETIRE_DELTA_CORE_0                                        0                           NaN

SCHED_FAILED_REASON_SUCCESS_CORE_0                          45569                       49.5924%
SCHED_FAILED_OPERANDS_NOT_READY_CORE_0                      33246                       36.1814%
SCHED_FAILED_NO_PORTS_CORE_0                                13072                       14.2262%
                                                            91887                           100%

NUM_SAMPLES_CORE_1                                        1888884                       1888884

NUM_ACTIVE_BLOCKS_CORE_1                                        0                             0

NUM_ACTIVE_THREADS_CORE_1                                 1888884                             1

NUM_SCHED_IDLE_CYCLE_CORE_1                                     0                             0

NUM_NO_SCHED_CYCLE_CORE_1                                       0                             0

CORE_DISPATCHED_INST_CORE_1                                     0                             0

CORE_DISPATCH_WAIT_CORE_1                                       0                           NaN

CORE_CYCLES_CORE_1                                              0                             0

CORE_SCHED_THREADS_CORE_1                                       0                           NaN

CORE_NUM_NO_FETCH_CYCLES_CORE_1                                 0                             0

CORE_NUM_NO_FETCH_CYCLES_WITH_READY_THREADS_CORE_1                   0                             0

CORE_NUM_FETCH_CYCLES_CORE_1                                    0                             0

CORE_FETCH_DELTA_CORE_1                                         0                           NaN

CORE_NUM_RETIRE_CYCLES_CORE_1                                   0                             0

CORE_RETIRE_DELTA_CORE_1                                        0                           NaN

SCHED_FAILED_REASON_SUCCESS_CORE_1                              0                          NaN 
SCHED_FAILED_OPERANDS_NOT_READY_CORE_1                          0                          NaN 
SCHED_FAILED_NO_PORTS_CORE_1                                    0                          NaN 
                                                                0                           100%

NUM_SAMPLES_CORE_2                                        1888692                       1888692

NUM_ACTIVE_BLOCKS_CORE_2                                        0                             0

NUM_ACTIVE_THREADS_CORE_2                                 1888692                             1

NUM_SCHED_IDLE_CYCLE_CORE_2                                  1294                          1294

NUM_NO_SCHED_CYCLE_CORE_2                                       0                             0

CORE_DISPATCHED_INST_CORE_2                               1841822                       1841822

CORE_DISPATCH_WAIT_CORE_2                                40547602                       22.0149

CORE_CYCLES_CORE_2                                              0                             0

CORE_SCHED_THREADS_CORE_2                                       0                           NaN

CORE_NUM_NO_FETCH_CYCLES_CORE_2                                 0                             0

CORE_NUM_NO_FETCH_CYCLES_WITH_READY_THREADS_CORE_2                   0                             0

CORE_NUM_FETCH_CYCLES_CORE_2                                    0                             0

CORE_FETCH_DELTA_CORE_2                                         0                           NaN

CORE_NUM_RETIRE_CYCLES_CORE_2                                   0                             0

CORE_RETIRE_DELTA_CORE_2                                        0                           NaN

SCHED_FAILED_REASON_SUCCESS_CORE_2                        3468094                       8.96014%
SCHED_FAILED_OPERANDS_NOT_READY_CORE_2                   35237686                       91.0399%
SCHED_FAILED_NO_PORTS_CORE_2                                    0                             0%
                                                         38705780                           100%

NUM_SAMPLES_CORE_3                                        1888692                       1888692

NUM_ACTIVE_BLOCKS_CORE_3                                        0                             0

NUM_ACTIVE_THREADS_CORE_3                                 1888692                             1

NUM_SCHED_IDLE_CYCLE_CORE_3                                   828                           828

NUM_NO_SCHED_CYCLE_CORE_3                                       0                             0

CORE_DISPATCHED_INST_CORE_3                                542846                        542846

CORE_DISPATCH_WAIT_CORE_3                                12725686                       23.4425

CORE_CYCLES_CORE_3                                              0                             0

CORE_SCHED_THREADS_CORE_3                                       0                           NaN

CORE_NUM_NO_FETCH_CYCLES_CORE_3                                 0                             0

CORE_NUM_NO_FETCH_CYCLES_WITH_READY_THREADS_CORE_3                   0                             0

CORE_NUM_FETCH_CYCLES_CORE_3                                    0                             0

CORE_FETCH_DELTA_CORE_3                                         0                           NaN

CORE_NUM_RETIRE_CYCLES_CORE_3                                   0                             0

CORE_RETIRE_DELTA_CORE_3                                        0                           NaN

SCHED_FAILED_REASON_SUCCESS_CORE_3                        1062095                       8.71796%
SCHED_FAILED_OPERANDS_NOT_READY_CORE_3                   11120745                        91.282%
SCHED_FAILED_NO_PORTS_CORE_3                                    0                             0%
                                                         12182840                           100%

NUM_SAMPLES_CORE_4                                        1888692                       1888692

NUM_ACTIVE_BLOCKS_CORE_4                                        0                             0

NUM_ACTIVE_THREADS_CORE_4                                 1888692                             1

NUM_SCHED_IDLE_CYCLE_CORE_4                                  1491                          1491

NUM_NO_SCHED_CYCLE_CORE_4                                       0                             0

CORE_DISPATCHED_INST_CORE_4                               1929246                       1929246

CORE_DISPATCH_WAIT_CORE_4                                32487791                       16.8396

CORE_CYCLES_CORE_4                                              0                             0

CORE_SCHED_THREADS_CORE_4                                       0                           NaN

CORE_NUM_NO_FETCH_CYCLES_CORE_4                                 0                             0

CORE_NUM_NO_FETCH_CYCLES_WITH_READY_THREADS_CORE_4                   0                             0

CORE_NUM_FETCH_CYCLES_CORE_4                                    0                             0

CORE_FETCH_DELTA_CORE_4                                         0                           NaN

CORE_NUM_RETIRE_CYCLES_CORE_4                                   0                             0

CORE_RETIRE_DELTA_CORE_4                                        0                           NaN

SCHED_FAILED_REASON_SUCCESS_CORE_4                        3907665                       12.7875%
SCHED_FAILED_OPERANDS_NOT_READY_CORE_4                   26650880                       87.2125%
SCHED_FAILED_NO_PORTS_CORE_4                                    0                             0%
                                                         30558545                           100%

NUM_SAMPLES_CORE_5                                        1888692                       1888692

NUM_ACTIVE_BLOCKS_CORE_5                                        0                             0

NUM_ACTIVE_THREADS_CORE_5                                 1888692                             1

NUM_SCHED_IDLE_CYCLE_CORE_5                                   840                           840

NUM_NO_SCHED_CYCLE_CORE_5                                       0                             0

CORE_DISPATCHED_INST_CORE_5                                583678                        583678

CORE_DISPATCH_WAIT_CORE_5                                23214726                       39.7732

CORE_CYCLES_CORE_5                                              0                             0

CORE_SCHED_THREADS_CORE_5                                       0                           NaN

CORE_NUM_NO_FETCH_CYCLES_CORE_5                                 0                             0

CORE_NUM_NO_FETCH_CYCLES_WITH_READY_THREADS_CORE_5                   0                             0

CORE_NUM_FETCH_CYCLES_CORE_5                                    0                             0

CORE_FETCH_DELTA_CORE_5                                         0                           NaN

CORE_NUM_RETIRE_CYCLES_CORE_5                                   0                             0

CORE_RETIRE_DELTA_CORE_5                                        0                           NaN

SCHED_FAILED_REASON_SUCCESS_CORE_5                        1262428                        5.5783%
SCHED_FAILED_OPERANDS_NOT_READY_CORE_5                   21368620                       94.4217%
SCHED_FAILED_NO_PORTS_CORE_5                                    0                             0%
                                                         22631048                           100%

NUM_SAMPLES_CORE_6                                        1888692                       1888692

NUM_ACTIVE_BLOCKS_CORE_6                                        0                             0

NUM_ACTIVE_THREADS_CORE_6                                 1888692                             1

NUM_SCHED_IDLE_CYCLE_CORE_6                                   840                           840

NUM_NO_SCHED_CYCLE_CORE_6                                       0                             0

CORE_DISPATCHED_INST_CORE_6                                583678                        583678

CORE_DISPATCH_WAIT_CORE_6                                23310903                        39.938

CORE_CYCLES_CORE_6                                              0                             0

CORE_SCHED_THREADS_CORE_6                                       0                           NaN

CORE_NUM_NO_FETCH_CYCLES_CORE_6                                 0                             0

CORE_NUM_NO_FETCH_CYCLES_WITH_READY_THREADS_CORE_6                   0                             0

CORE_NUM_FETCH_CYCLES_CORE_6                                    0                             0

CORE_FETCH_DELTA_CORE_6                                         0                           NaN

CORE_NUM_RETIRE_CYCLES_CORE_6                                   0                             0

CORE_RETIRE_DELTA_CORE_6                                        0                           NaN

SCHED_FAILED_REASON_SUCCESS_CORE_6                        1269410                       5.58542%
SCHED_FAILED_OPERANDS_NOT_READY_CORE_6                   21457815                       94.4146%
SCHED_FAILED_NO_PORTS_CORE_6                                    0                             0%
                                                         22727225                           100%

NUM_SAMPLES_CORE_7                                        1888692                       1888692

NUM_ACTIVE_BLOCKS_CORE_7                                        0                             0

NUM_ACTIVE_THREADS_CORE_7                                 1888692                             1

NUM_SCHED_IDLE_CYCLE_CORE_7                                  1628                          1628

NUM_NO_SCHED_CYCLE_CORE_7                                       0                             0

CORE_DISPATCHED_INST_CORE_7                               1208190                       1208190

CORE_DISPATCH_WAIT_CORE_7                                26559849                       21.9832

CORE_CYCLES_CORE_7                                              0                             0

CORE_SCHED_THREADS_CORE_7                                       0                           NaN

CORE_NUM_NO_FETCH_CYCLES_CORE_7                                 0                             0

CORE_NUM_NO_FETCH_CYCLES_WITH_READY_THREADS_CORE_7                   0                             0

CORE_NUM_FETCH_CYCLES_CORE_7                                    0                             0

CORE_FETCH_DELTA_CORE_7                                         0                           NaN

CORE_NUM_RETIRE_CYCLES_CORE_7                                   0                             0

CORE_RETIRE_DELTA_CORE_7                                        0                           NaN

SCHED_FAILED_REASON_SUCCESS_CORE_7                        2076474                       8.19068%
SCHED_FAILED_OPERANDS_NOT_READY_CORE_7                   23275185                       91.8093%
SCHED_FAILED_NO_PORTS_CORE_7                                    0                             0%
                                                         25351659                           100%

