Real time: Nov/22/2014 01:13:16

Profiler Stats
--------------
Elapsed_time_in_seconds: 43
Elapsed_time_in_minutes: 0.716667
Elapsed_time_in_hours: 0.0119444
Elapsed_time_in_days: 0.000497685

Virtual_time_in_seconds: 42.66
Virtual_time_in_minutes: 0.711
Virtual_time_in_hours:   0.01185
Virtual_time_in_days:    0.01185

Ruby_current_time: 2667046
Ruby_start_time: 1
Ruby_cycles: 2667045

mbytes_resident: 78.4102
mbytes_total: 110.27
resident_ratio: 0.711077

Total_misses: 0
total_misses: 0 [ 0 0 0 0 0 0 0 0 ]
user_misses: 0 [ 0 0 0 0 0 0 0 0 ]
supervisor_misses: 0 [ 0 0 0 0 0 0 0 0 ]

instruction_executed: 8 [ 1 1 1 1 1 1 1 1 ]
simics_cycles_executed: 8 [ 1 1 1 1 1 1 1 1 ]
cycles_per_instruction: 2.66704e+06 [ 2.66704e+06 2.66704e+06 2.66704e+06 2.66704e+06 2.66704e+06 2.66704e+06 2.66704e+06 2.66704e+06 ]
misses_per_thousand_instructions: 0 [ 0 0 0 0 0 0 0 0 ]

transactions_started: 0 [ 0 0 0 0 0 0 0 0 ]
transactions_ended: 0 [ 0 0 0 0 0 0 0 0 ]
instructions_per_transaction: 0 [ 0 0 0 0 0 0 0 0 ]
cycles_per_transaction: 0 [ 0 0 0 0 0 0 0 0 ]
misses_per_transaction: 0 [ 0 0 0 0 0 0 0 0 ]

L1D_cache cache stats: 
  L1D_cache_total_requests: 2138
  L1D_cache_total_misses: 77	(3.6015%)
  L1D_cache_total_demand_misses: 77
  L1D_cache_total_prefetches: 0
  L1D_cache_total_sw_prefetches: 0
  L1D_cache_total_hw_prefetches: 0
  L1D_cache_misses_per_transaction: 77
  L1D_cache_misses_per_instruction: 77
  L1D_cache_instructions_per_misses: 0.012987

  L1D_cache_request_type_LD:   1318	(61.6464)%
  L1D_cache_request_type_ST:   820	(38.3536)%

  L1D_cache_request_size: [binsize: log2 max: 32 count: 2138 average:    32 | standard deviation: 0 | 0 0 0 0 0 0 2138 ]

  L1D_cache_miss_type_LD:   46	(59.7403)%
  L1D_cache_miss_type_ST:   31	(40.2597)%

L1I_cache cache stats: 
  L1I_cache_total_requests: 0
  L1I_cache_total_misses: 0
  L1I_cache_total_demand_misses: 0
  L1I_cache_total_prefetches: 0
  L1I_cache_total_sw_prefetches: 0
  L1I_cache_total_hw_prefetches: 0
  L1I_cache_misses_per_transaction: 0
  L1I_cache_misses_per_instruction: 0
  L1I_cache_instructions_per_misses: NaN

  L1I_cache_request_size: [binsize: log2 max: 0 count: 0 average: NaN |standard deviation: NaN | 0 ]

L1T_cache cache stats: 
  L1T_cache_total_requests: 187300
  L1T_cache_total_misses: 187300	(100%)
  L1T_cache_total_demand_misses: 187300
  L1T_cache_total_prefetches: 0
  L1T_cache_total_sw_prefetches: 0
  L1T_cache_total_hw_prefetches: 0
  L1T_cache_misses_per_transaction: 187300
  L1T_cache_misses_per_instruction: 187300
  L1T_cache_instructions_per_misses: 5.33903e-06

  L1T_cache_request_type_LD:   152095	(81.204)%
  L1T_cache_request_type_ST:   35205	(18.796)%

  L1T_cache_request_size: [binsize: log2 max: 32 count: 187300 average:    32 | standard deviation: 0 | 0 0 0 0 0 0 187300 ]

  L1T_cache_miss_type_LD:   152095	(81.204)%
  L1T_cache_miss_type_ST:   35205	(18.796)%

L2_cache cache stats: 
  L2_cache_total_requests: 383
  L2_cache_total_misses: 368	(96.0836%)
  L2_cache_total_demand_misses: 368
  L2_cache_total_prefetches: 0
  L2_cache_total_sw_prefetches: 0
  L2_cache_total_hw_prefetches: 0
  L2_cache_misses_per_transaction: 368
  L2_cache_misses_per_instruction: 368
  L2_cache_instructions_per_misses: 0.00271739

  L2_cache_request_type_LD:   46	(12.0104)%
  L2_cache_request_type_ST:   337	(87.9896)%

  L2_cache_request_size: [binsize: log2 max: 8 count: 383 average:     8 | standard deviation: 0 | 0 0 0 0 383 ]

  L2_cache_miss_type_LD:   44	(11.9565)%
  L2_cache_miss_type_ST:   324	(88.0435)%

L2T_cache cache stats: 
  L2T_cache_total_requests: 187300
  L2T_cache_total_misses: 306	(0.163374%)
  L2T_cache_total_demand_misses: 306
  L2T_cache_total_prefetches: 0
  L2T_cache_total_sw_prefetches: 0
  L2T_cache_total_hw_prefetches: 0
  L2T_cache_misses_per_transaction: 306
  L2T_cache_misses_per_instruction: 306
  L2T_cache_instructions_per_misses: 0.00326797

  L2T_cache_request_type_LD:   152095	(81.204)%
  L2T_cache_request_type_ST:   35205	(18.796)%

  L2T_cache_request_size: [binsize: log2 max: 32 count: 187300 average: 12.5111 | standard deviation: 9.37636 | 0 0 0 0 152095 0 35205 ]

  L2T_cache_miss_type_LD:   145	(47.3856)%
  L2T_cache_miss_type_ST:   161	(52.6144)%


TBE Queries: 188058
Busy TBE Counts: 0
Busy Controller Counts:
L1TCache-0:0  L1TCache-1:0  L1TCache-2:0  L1TCache-3:0  L1TCache-4:0  L1TCache-5:0  L1TCache-6:0  L1TCache-7:0  

L2TCache-0:0  L2TCache-1:0  L2TCache-2:0  L2TCache-3:0  
L2Cache-0:0  L2Cache-1:0  L2Cache-2:0  L2Cache-3:0  
L1Cache-0:0  L1Cache-1:0  L1Cache-2:0  L1Cache-3:0  L1Cache-4:0  L1Cache-5:0  L1Cache-6:0  L1Cache-7:0  

Directory-0:0  Directory-1:0  Directory-2:0  Directory-3:0  

Busy Bank Count:0

L1TBE_usage: [binsize: 1 max: 0 count: 0 average: NaN |standard deviation: NaN | 0 ]
L2TBE_usage: [binsize: 1 max: 5 count: 188058 average: 0.998171 | standard deviation: 0.575045 | 29303 131598 25513 1488 154 2 ]
StopTable_usage: [binsize: 1 max: 0 count: 0 average: NaN |standard deviation: NaN | 0 ]
sequencer_requests_outstanding: [binsize: 1 max: 7 count: 189438 average: 2.20982 | standard deviation: 0.565574 | 0 9459 135145 41102 3210 409 108 5 ]
store_buffer_size: [binsize: 1 max: 0 count: 0 average: NaN |standard deviation: NaN | 0 ]
unique_blocks_in_store_buffer: [binsize: 1 max: 0 count: 0 average: NaN |standard deviation: NaN | 0 ]

All Non-Zero Cycle Demand Cache Accesses
----------------------------------------
miss_latency: [binsize: 2 max: 387 count: 189438 average: 29.636 | standard deviation: 14.298 | 0 0 2061 0 0 0 0 0 0 0 0 0 0 0 160889 22656 3257 181 8 0 0 0 2 1 0 0 0 0 0 0 0 0 0 0 0 0 0 0 0 0 0 0 0 0 0 0 0 0 0 0 0 0 0 0 0 2 0 0 0 0 4 3 4 0 2 0 0 0 0 0 0 0 0 0 0 0 0 0 0 0 0 0 0 0 0 0 0 0 0 0 0 0 0 0 0 0 0 0 0 0 0 0 0 0 0 0 0 0 0 0 0 0 0 0 0 0 0 0 0 0 0 0 0 0 0 0 0 0 0 0 0 0 0 0 0 0 0 11 4 1 2 0 0 0 0 1 0 16 21 4 2 0 2 1 0 2 0 3 0 0 0 0 0 0 0 0 0 0 0 0 7 31 10 8 18 0 0 0 0 1 44 113 10 52 2 0 0 0 1 0 0 0 0 1 ]
miss_latency_LD: [binsize: 64 max: 387 count: 153413 average: 29.5126 | standard deviation: 11.2613 | 153222 5 1 0 44 140 1 0 0 ]
miss_latency_ST: [binsize: 64 max: 367 count: 36025 average: 30.1615 | standard deviation: 23.1221 | 35833 8 1 0 26 157 0 0 0 0 ]
miss_latency_NULL: [binsize: 2 max: 387 count: 189438 average: 29.636 | standard deviation: 14.298 | 0 0 2061 0 0 0 0 0 0 0 0 0 0 0 160889 22656 3257 181 8 0 0 0 2 1 0 0 0 0 0 0 0 0 0 0 0 0 0 0 0 0 0 0 0 0 0 0 0 0 0 0 0 0 0 0 0 2 0 0 0 0 4 3 4 0 2 0 0 0 0 0 0 0 0 0 0 0 0 0 0 0 0 0 0 0 0 0 0 0 0 0 0 0 0 0 0 0 0 0 0 0 0 0 0 0 0 0 0 0 0 0 0 0 0 0 0 0 0 0 0 0 0 0 0 0 0 0 0 0 0 0 0 0 0 0 0 0 0 11 4 1 2 0 0 0 0 1 0 16 21 4 2 0 2 1 0 2 0 3 0 0 0 0 0 0 0 0 0 0 0 0 7 31 10 8 18 0 0 0 0 1 44 113 10 52 2 0 0 0 1 0 0 0 0 1 ]
miss_latency_L2Miss: [binsize: 1 max: 0 count: 0 average: NaN |standard deviation: NaN | 0 ]

All Non-Zero Cycle SW Prefetch Requests
------------------------------------
prefetch_latency: [binsize: 1 max: 0 count: 0 average: NaN |standard deviation: NaN | 0 ]
prefetch_latency_L2Miss:[binsize: 1 max: 0 count: 0 average: NaN |standard deviation: NaN | 0 ]
multicast_retries: [binsize: 1 max: 0 count: 0 average: NaN |standard deviation: NaN | 0 ]
gets_mask_prediction_count: [binsize: 1 max: 0 count: 0 average: NaN |standard deviation: NaN | 0 ]
getx_mask_prediction_count: [binsize: 1 max: 0 count: 0 average: NaN |standard deviation: NaN | 0 ]
explicit_training_mask: [binsize: 1 max: 0 count: 0 average: NaN |standard deviation: NaN | 0 ]

Sequencer  Requests (MLP)
------------------------------------
Sequencer Requests All
Sequencer_ALL : [binsize: 1 max: 7 count: 189438 average: 2.20982 | standard deviation: 0.565574 | 0 9459 135145 41102 3210 409 108 5 ]
Sequencer_0: [binsize: 1 max: 7 count: 2138 average: 2.25959 | standard deviation: 1.13378 | 0 617 751 484 198 65 18 5 ]
Sequencer_1: [binsize: 1 max: 0 count: 0 average: NaN |standard deviation: NaN | 0 ]
Sequencer_2: [binsize: 1 max: 0 count: 0 average: NaN |standard deviation: NaN | 0 ]
Sequencer_3: [binsize: 1 max: 0 count: 0 average: NaN |standard deviation: NaN | 0 ]
Sequencer_4: [binsize: 1 max: 0 count: 0 average: NaN |standard deviation: NaN | 0 ]
Sequencer_5: [binsize: 1 max: 0 count: 0 average: NaN |standard deviation: NaN | 0 ]
Sequencer_6: [binsize: 1 max: 0 count: 0 average: NaN |standard deviation: NaN | 0 ]
Sequencer_7: [binsize: 1 max: 0 count: 0 average: NaN |standard deviation: NaN | 0 ]
SequencerACC_0: [binsize: 1 max: 6 count: 183579 average: 2.20631 | standard deviation: 0.549597 | 0 8264 133014 38966 2922 323 90 ]
SequencerACC_1: [binsize: 1 max: 5 count: 3721 average: 2.35394 | standard deviation: 0.788527 | 0 578 1380 1652 90 21 ]
SequencerACC_2: [binsize: 1 max: 0 count: 0 average: NaN |standard deviation: NaN | 0 ]
SequencerACC_3: [binsize: 1 max: 0 count: 0 average: NaN |standard deviation: NaN | 0 ]
SequencerACC_4: [binsize: 1 max: 0 count: 0 average: NaN |standard deviation: NaN | 0 ]
SequencerACC_5: [binsize: 1 max: 0 count: 0 average: NaN |standard deviation: NaN | 0 ]
SequencerACC_6: [binsize: 1 max: 0 count: 0 average: NaN |standard deviation: NaN | 0 ]
SequencerACC_7: [binsize: 1 max: 0 count: 0 average: NaN |standard deviation: NaN | 0 ]
Request vs. System State Profile
--------------------------------


filter_action: [binsize: 1 max: 0 count: 0 average: NaN |standard deviation: NaN | 0 ]

Message Delayed Cycles
----------------------
Total_delay_cycles: [binsize: 1 max: 42 count: 1226 average: 24.5139 | standard deviation: 6.39368 | 0 0 0 0 0 0 0 0 0 0 0 150 0 0 0 0 55 37 2 57 7 14 1 1 3 1 128 131 528 13 15 4 66 1 2 3 2 0 0 0 0 0 5 ]
Total_nonPF_delay_cycles: [binsize: 1 max: 42 count: 458 average: 23.4083 | standard deviation: 5.20709 | 0 0 0 0 0 0 0 0 0 0 0 8 0 0 0 0 55 37 2 57 7 2 1 1 3 1 128 131 4 7 4 1 0 1 0 1 2 0 0 0 0 0 5 ]
  virtual_network_0_delay_cycles: [binsize: 1 max: 35 count: 768 average: 25.1732 | standard deviation: 6.92594 | 0 0 0 0 0 0 0 0 0 0 0 142 0 0 0 0 0 0 0 0 0 12 0 0 0 0 0 0 524 6 11 3 66 0 2 2 ]
  virtual_network_1_delay_cycles: [binsize: 1 max: 0 count: 0 average: NaN |standard deviation: NaN | 0 ]
  virtual_network_2_delay_cycles: [binsize: 1 max: 11 count: 8 average:    11 | standard deviation: 0 | 0 0 0 0 0 0 0 0 0 0 0 8 ]
  virtual_network_3_delay_cycles: [binsize: 1 max: 42 count: 450 average: 23.6289 | standard deviation: 4.98059 | 0 0 0 0 0 0 0 0 0 0 0 0 0 0 0 0 55 37 2 57 7 2 1 1 3 1 128 131 4 7 4 1 0 1 0 1 2 0 0 0 0 0 5 ]
  virtual_network_4_delay_cycles: [binsize: 1 max: 0 count: 0 average: NaN |standard deviation: NaN | 0 ]
  virtual_network_5_delay_cycles: [binsize: 1 max: 0 count: 0 average: NaN |standard deviation: NaN | 0 ]
  virtual_network_6_delay_cycles: [binsize: 1 max: 0 count: 0 average: NaN |standard deviation: NaN | 0 ]
  virtual_network_7_delay_cycles: [binsize: 1 max: 0 count: 0 average: NaN |standard deviation: NaN | 0 ]

Resource Usage
--------------
page_size: 4096
user_time: 42
system_time: 0
page_reclaims: 20251
page_faults: 0
swaps: 0
block_inputs: 0
block_outputs: 592

Coherence Bandwidth Breakdown
----------------------
L1_ATOMIC = 0
L2_DATA = 1840
L2_TO_L2T_MSG = 7
L2_DATA_GX = 130
L2T_TO_L1T_DATA = 608380
L1_DATA_GX = 0
L2_TO_L2T_ACK = 7
L2T_TO_L1T_MSG = 35205
L2_DATA_S = 255
L2T_TO_L1T_ATOMIC = 0
L1_DATA_PC = 0
L1_MSG = 0
L2_COHMSG_FWD = 8
L1_DATA_F = 0
L1_DATA_PX = 25
L2_COHMSG_RCL = 0
L1T_TO_L2T_DATA = 140820
L2_MSG = 0
L2_COHMSG_INV = 0
L1_COHMSG_RCLACK = 0
L1T_TO_L2T_ATOMIC = 0
L2_COHMSG = 0
L2_ATOMIC = 0
L2_TO_L2T_DATA = 1530
L1_DATA = 0
L1_COHMSG = 768
L1_COHMSG_INVACK = 0
L1T_TO_L2T_MSG = 152095
----------------------
total_flits_messages = 941070
----------------------

DMA = 0
DATA_GX_OW = 124
DATA_PX_C = 20
DATA_PX_D = 5
DATA_GX_C = 31
Block_lifetimes_pow2: [binsize: log2 max: 0 count: 0 average: NaN |standard deviation: NaN | 0 ]
Block_lifetimes[WRITE]_pow2: [binsize: log2 max: 0 count: 0 average: NaN |standard deviation: NaN | 0 ]
Block_lifetimes[EVICT]_pow2: [binsize: log2 max: 0 count: 0 average: NaN |standard deviation: NaN | 0 ]
CL_stall_evict: [binsize: log2 max: 0 count: 0 average: NaN |standard deviation: NaN | 0 ]
CL_stall_fence: [binsize: log2 max: 0 count: 0 average: NaN |standard deviation: NaN | 0 ]
Private_L1_evictions: 0
MessageBuffer: [Chip 0 0, L1Cache, mandatoryQueue] stats - msgs:2138 full:0 size:[binsize: 1 max: 4 count: 2138 average: 1.92329 | standard deviation: 0.887705 | 0 811 799 409 119 ]
MessageBuffer: [Chip 0 1, L1Cache, mandatoryQueue] stats - msgs:0 full:0 size:[binsize: 1 max: 0 count: 0 average: NaN |standard deviation: NaN | 0 ]
MessageBuffer: [Chip 0 2, L1Cache, mandatoryQueue] stats - msgs:0 full:0 size:[binsize: 1 max: 0 count: 0 average: NaN |standard deviation: NaN | 0 ]
MessageBuffer: [Chip 0 3, L1Cache, mandatoryQueue] stats - msgs:0 full:0 size:[binsize: 1 max: 0 count: 0 average: NaN |standard deviation: NaN | 0 ]
MessageBuffer: [Chip 0 4, L1Cache, mandatoryQueue] stats - msgs:0 full:0 size:[binsize: 1 max: 0 count: 0 average: NaN |standard deviation: NaN | 0 ]
MessageBuffer: [Chip 0 5, L1Cache, mandatoryQueue] stats - msgs:0 full:0 size:[binsize: 1 max: 0 count: 0 average: NaN |standard deviation: NaN | 0 ]
MessageBuffer: [Chip 0 6, L1Cache, mandatoryQueue] stats - msgs:0 full:0 size:[binsize: 1 max: 0 count: 0 average: NaN |standard deviation: NaN | 0 ]
MessageBuffer: [Chip 0 7, L1Cache, mandatoryQueue] stats - msgs:0 full:0 size:[binsize: 1 max: 0 count: 0 average: NaN |standard deviation: NaN | 0 ]

Network Stats
-------------

Network interface outbound traffic
NI_0 (L1TCache) : [L1TCache]=0 [L2TCache]=285696 [L2Cache]=0 [L1Cache]=0 [Directory]=0 
NI_1 (L1TCache) : [L1TCache]=0 [L2TCache]=7219 [L2Cache]=0 [L1Cache]=0 [Directory]=0 
NI_2 (L1TCache) : [L1TCache]=0 [L2TCache]=0 [L2Cache]=0 [L1Cache]=0 [Directory]=0 
NI_3 (L1TCache) : [L1TCache]=0 [L2TCache]=0 [L2Cache]=0 [L1Cache]=0 [Directory]=0 
NI_4 (L1TCache) : [L1TCache]=0 [L2TCache]=0 [L2Cache]=0 [L1Cache]=0 [Directory]=0 
NI_5 (L1TCache) : [L1TCache]=0 [L2TCache]=0 [L2Cache]=0 [L1Cache]=0 [Directory]=0 
NI_6 (L1TCache) : [L1TCache]=0 [L2TCache]=0 [L2Cache]=0 [L1Cache]=0 [Directory]=0 
NI_7 (L1TCache) : [L1TCache]=0 [L2TCache]=0 [L2Cache]=0 [L1Cache]=0 [Directory]=0 
NI_8 (L2TCache) : [L1TCache]=642386 [L2TCache]=0 [L2Cache]=275 [L1Cache]=0 [Directory]=0 
NI_9 (L2TCache) : [L1TCache]=1199 [L2TCache]=0 [L2Cache]=364 [L1Cache]=0 [Directory]=0 
NI_10 (L2TCache) : [L1TCache]=0 [L2TCache]=0 [L2Cache]=0 [L1Cache]=0 [Directory]=0 
NI_11 (L2TCache) : [L1TCache]=0 [L2TCache]=0 [L2Cache]=0 [L1Cache]=0 [Directory]=0 
NI_12 (L2Cache) : [L1TCache]=0 [L2TCache]=594 [L2Cache]=0 [L1Cache]=363 [Directory]=180 
NI_13 (L2Cache) : [L1TCache]=0 [L2TCache]=910 [L2Cache]=0 [L1Cache]=5 [Directory]=183 
NI_14 (L2Cache) : [L1TCache]=0 [L2TCache]=0 [L2Cache]=0 [L1Cache]=25 [Directory]=5 
NI_15 (L2Cache) : [L1TCache]=0 [L2TCache]=0 [L2Cache]=0 [L1Cache]=0 [Directory]=0 
NI_16 (L1Cache) : [L1TCache]=0 [L2TCache]=40 [L2Cache]=154 [L1Cache]=0 [Directory]=0 
NI_17 (L1Cache) : [L1TCache]=0 [L2TCache]=0 [L2Cache]=0 [L1Cache]=0 [Directory]=0 
NI_18 (L1Cache) : [L1TCache]=0 [L2TCache]=0 [L2Cache]=0 [L1Cache]=0 [Directory]=0 
NI_19 (L1Cache) : [L1TCache]=0 [L2TCache]=0 [L2Cache]=0 [L1Cache]=0 [Directory]=0 
NI_20 (L1Cache) : [L1TCache]=0 [L2TCache]=0 [L2Cache]=0 [L1Cache]=0 [Directory]=0 
NI_21 (L1Cache) : [L1TCache]=0 [L2TCache]=0 [L2Cache]=0 [L1Cache]=0 [Directory]=0 
NI_22 (L1Cache) : [L1TCache]=0 [L2TCache]=0 [L2Cache]=0 [L1Cache]=0 [Directory]=0 
NI_23 (L1Cache) : [L1TCache]=0 [L2TCache]=0 [L2Cache]=0 [L1Cache]=0 [Directory]=0 
NI_24 (Directory) : [L1TCache]=0 [L2TCache]=0 [L2Cache]=490 [L1Cache]=0 [Directory]=0 
NI_25 (Directory) : [L1TCache]=0 [L2TCache]=0 [L2Cache]=445 [L1Cache]=0 [Directory]=0 
NI_26 (Directory) : [L1TCache]=0 [L2TCache]=0 [L2Cache]=455 [L1Cache]=0 [Directory]=0 
NI_27 (Directory) : [L1TCache]=0 [L2TCache]=0 [L2Cache]=450 [L1Cache]=0 [Directory]=0 
L1_L2_flits_transferred = 0
L1_out_flits = 0
L2_out_flits = 0
-------------
Average Link Utilization :: 0.0107404 flits/cycle
total_flits_on_link = 1890578
-------------
Total VC Load [0] = 340 flits
Total VC Load [1] = 352 flits
Total VC Load [2] = 354 flits
Total VC Load [3] = 352 flits
Total VC Load [4] = 8 flits
Total VC Load [5] = 12 flits
Total VC Load [6] = 14 flits
Total VC Load [7] = 10 flits
Total VC Load [8] = 308 flits
Total VC Load [9] = 339 flits
Total VC Load [10] = 323 flits
Total VC Load [11] = 308 flits
Total VC Load [12] = 3252 flits
Total VC Load [13] = 3472 flits
Total VC Load [14] = 3446 flits
Total VC Load [15] = 3298 flits
Total VC Load [16] = 333 flits
Total VC Load [17] = 361 flits
Total VC Load [18] = 349 flits
Total VC Load [19] = 347 flits
Total VC Load [20] = 146596 flits
Total VC Load [21] = 146516 flits
Total VC Load [22] = 146548 flits
Total VC Load [23] = 146170 flits
Total VC Load [24] = 322081 flits
Total VC Load [25] = 321516 flits
Total VC Load [26] = 321609 flits
Total VC Load [27] = 321964 flits
Total VC Load [28] = 0 flits
Total VC Load [29] = 0 flits
Total VC Load [30] = 0 flits
Total VC Load [31] = 0 flits
-------------
Average VC Load [0] = 0.000127482 flits/cycle 
Average VC Load [1] = 0.000131981 flits/cycle 
Average VC Load [2] = 0.000132731 flits/cycle 
Average VC Load [3] = 0.000131981 flits/cycle 
Average VC Load [4] = 2.99957e-06 flits/cycle 
Average VC Load [5] = 4.49936e-06 flits/cycle 
Average VC Load [6] = 5.24926e-06 flits/cycle 
Average VC Load [7] = 3.74947e-06 flits/cycle 
Average VC Load [8] = 0.000115484 flits/cycle 
Average VC Load [9] = 0.000127107 flits/cycle 
Average VC Load [10] = 0.000121108 flits/cycle 
Average VC Load [11] = 0.000115484 flits/cycle 
Average VC Load [12] = 0.00121933 flits/cycle 
Average VC Load [13] = 0.00130182 flits/cycle 
Average VC Load [14] = 0.00129207 flits/cycle 
Average VC Load [15] = 0.00123657 flits/cycle 
Average VC Load [16] = 0.000124857 flits/cycle 
Average VC Load [17] = 0.000135356 flits/cycle 
Average VC Load [18] = 0.000130856 flits/cycle 
Average VC Load [19] = 0.000130107 flits/cycle 
Average VC Load [20] = 0.0549657 flits/cycle 
Average VC Load [21] = 0.0549357 flits/cycle 
Average VC Load [22] = 0.0549477 flits/cycle 
Average VC Load [23] = 0.054806 flits/cycle 
Average VC Load [24] = 0.120763 flits/cycle 
Average VC Load [25] = 0.120551 flits/cycle 
Average VC Load [26] = 0.120586 flits/cycle 
Average VC Load [27] = 0.120719 flits/cycle 
Average VC Load [28] = 0 flits/cycle 
Average VC Load [29] = 0 flits/cycle 
Average VC Load [30] = 0 flits/cycle 
Average VC Load [31] = 0 flits/cycle 
-------------
Average network latency = 8.49965
-------------
Dynamic_Link_Power = 0.0785485
Static_Link_Power = 0.733365
Total_Link_Power = 0.811914
Total Link Area = 4.09374e+06 uM^2 
Router Dynamic Power:
       Input buffer: 0.00329996, Crossbar: 0.00632084, VC allocator: 0.000690829, SW allocator: 0.00189195, Clock: 0.153216, Total: 0.16542
Router Static Power:
       Input buffer: 0.891938, Crossbar: 0.1624, VC allocator: 0.438066, SW allocator: 0.0171352, Clock: 0.029369, Total: 1.53891
Router Total Power: 1.70433
Dynamic_Router_Power = 0.16542
Static_Router_Power = 1.53891
Total_Router_Power = 1.70433
Area:
Input buffer: 2.86355e-06, Crossbar: 2.50402e-06, VC allocator: 1.05856e-06, SW allocator: 4.14062e-08

Total_Dynamic_Power = 0.243968
Total_Static_Power = 2.27227
Total_Power = 2.51624
-------------

Gpusim Interface Stats
----------------------


Chip Stats
----------

 --- L1TCache ---
 - Event Counts -
Load  152095
L1_WThru  35205
L1_Atomic  0
L1_Replacement  63
Data  0
Data_Done  152095
Ack  0
Ack_Done  35205
DataAtomic  0
DataAtomic_Done  0

 - Transitions -
I  Load  152095
I  L1_WThru  35205
I  L1_Atomic  0 <-- 
I  L1_Replacement  63

S  Load  0 <-- 
S  L1_WThru  0 <-- 
S  L1_Atomic  0 <-- 
S  L1_Replacement  0 <-- 

I_S  L1_WThru  0 <-- 
I_S  L1_Atomic  0 <-- 
I_S  Data_Done  152095

I_I  Load  0 <-- 
I_I  L1_WThru  0 <-- 
I_I  L1_Atomic  0 <-- 
I_I  Data  0 <-- 
I_I  Data_Done  0 <-- 
I_I  Ack  0 <-- 
I_I  Ack_Done  35205
I_I  DataAtomic  0 <-- 
I_I  DataAtomic_Done  0 <-- 

SM  Load  0 <-- 
SM  L1_WThru  0 <-- 
SM  L1_Atomic  0 <-- 
SM  Data  0 <-- 
SM  Data_Done  0 <-- 
SM  Ack  0 <-- 
SM  Ack_Done  0 <-- 

 --- L2TCache ---
 - Event Counts -
L1_GETS  152095
L1_Write  35205
L1_Upgrade_T  0
L1_Upgrade_NT  0
L2_Atomic  0
L2_Expire  0
L2_Replacement  0
L2_Replacement_clean  0
Data  0
Data_all_Acks  306
Ack  0
Ack_all  0
WB_Ack  7
Fwd_GETX  5
Fwd_GETS  2
Inv  0

 - Transitions -
NP  L1_GETS  145
NP  L1_Write  161
NP  L1_Upgrade_NT  0 <-- 
NP  L2_Atomic  0 <-- 

E  L1_GETS  151950
E  L1_Write  35044
E  L1_Upgrade_NT  0 <-- 
E  L2_Atomic  0 <-- 
E  L2_Replacement  0 <-- 
E  L2_Replacement_clean  0 <-- 
E  Fwd_GETX  5
E  Fwd_GETS  2
E  Inv  0 <-- 

S  L1_GETS  0 <-- 
S  L1_Upgrade_T  0 <-- 
S  L2_Replacement  0 <-- 
S  L2_Replacement_clean  0 <-- 
S  Fwd_GETX  0 <-- 
S  Fwd_GETS  0 <-- 
S  Inv  0 <-- 

SS  L1_GETS  0 <-- 
SS  L2_Replacement  0 <-- 
SS  L2_Replacement_clean  0 <-- 
SS  Fwd_GETX  0 <-- 
SS  Fwd_GETS  0 <-- 
SS  Inv  0 <-- 

IS  L1_GETS  0 <-- 
IS  Data  0 <-- 
IS  Data_all_Acks  145
IS  Ack  0 <-- 
IS  Ack_all  0 <-- 

ISS  Data  0 <-- 
ISS  Data_all_Acks  0 <-- 
ISS  Ack  0 <-- 
ISS  Ack_all  0 <-- 

IM  Data  0 <-- 
IM  Data_all_Acks  161
IM  Ack  0 <-- 
IM  Ack_all  0 <-- 

IMA  Data  0 <-- 
IMA  Data_all_Acks  0 <-- 
IMA  Ack  0 <-- 
IMA  Ack_all  0 <-- 

MI  L2_Expire  0 <-- 
MI  Fwd_GETX  0 <-- 
MI  Fwd_GETS  0 <-- 
MI  Inv  0 <-- 

MI_Ack  WB_Ack  7
MI_Ack  Fwd_GETX  0 <-- 
MI_Ack  Fwd_GETS  0 <-- 
MI_Ack  Inv  0 <-- 

 --- L2Cache ---
 - Event Counts -
L1_GET_INSTR  0
L1_GETS  46
L1_GETX  337
L1_UPGRADE  0
L1_PUTX  0
L1_PUTX_old  0
Fwd_L1_GETX  0
Fwd_L1_GETS  0
Fwd_L1_GET_INSTR  0
L2_Replacement  0
L2_Replacement_clean  0
Mem_Data  368
WB_Data  0
WB_Data_clean  0
Ack  0
Ack_all  0
Mem_Ack  0
Unblock  0
Unblock_Cancel  0
Exclusive_Unblock  383
PUTX_ACC  2
DATA_ACC  5

 - Transitions -
NP  L1_GET_INSTR  0 <-- 
NP  L1_GETS  44
NP  L1_GETX  324
NP  L1_PUTX  0 <-- 
NP  L1_PUTX_old  0 <-- 

SS  L1_GET_INSTR  0 <-- 
SS  L1_GETS  0 <-- 
SS  L1_GETX  0 <-- 
SS  L1_UPGRADE  0 <-- 
SS  L1_PUTX  0 <-- 
SS  L1_PUTX_old  0 <-- 
SS  L2_Replacement  0 <-- 
SS  L2_Replacement_clean  0 <-- 

M  L1_GET_INSTR  0 <-- 
M  L1_GETS  0 <-- 
M  L1_GETX  0 <-- 
M  L1_PUTX  0 <-- 
M  L1_PUTX_old  0 <-- 
M  L2_Replacement  0 <-- 
M  L2_Replacement_clean  0 <-- 

MT  L1_GET_INSTR  0 <-- 
MT  L1_GETS  2
MT  L1_GETX  13
MT  L1_PUTX  0 <-- 
MT  L1_PUTX_old  0 <-- 
MT  L2_Replacement  0 <-- 
MT  L2_Replacement_clean  0 <-- 
MT  PUTX_ACC  0 <-- 
MT  DATA_ACC  0 <-- 

M_I  L1_GET_INSTR  0 <-- 
M_I  L1_GETS  0 <-- 
M_I  L1_GETX  0 <-- 
M_I  L1_UPGRADE  0 <-- 
M_I  Mem_Ack  0 <-- 

MT_I  L1_GET_INSTR  0 <-- 
MT_I  L1_GETS  0 <-- 
MT_I  L1_GETX  0 <-- 
MT_I  L1_UPGRADE  0 <-- 
MT_I  L1_PUTX  0 <-- 
MT_I  L1_PUTX_old  0 <-- 
MT_I  WB_Data  0 <-- 
MT_I  WB_Data_clean  0 <-- 
MT_I  Ack_all  0 <-- 
MT_I  PUTX_ACC  0 <-- 
MT_I  DATA_ACC  0 <-- 

MCT_I  L1_GET_INSTR  0 <-- 
MCT_I  L1_GETS  0 <-- 
MCT_I  L1_GETX  0 <-- 
MCT_I  L1_UPGRADE  0 <-- 
MCT_I  L1_PUTX  0 <-- 
MCT_I  L1_PUTX_old  0 <-- 
MCT_I  WB_Data  0 <-- 
MCT_I  WB_Data_clean  0 <-- 
MCT_I  Ack_all  0 <-- 
MCT_I  PUTX_ACC  0 <-- 
MCT_I  DATA_ACC  0 <-- 

I_I  L1_GET_INSTR  0 <-- 
I_I  L1_GETS  0 <-- 
I_I  L1_GETX  0 <-- 
I_I  L1_UPGRADE  0 <-- 
I_I  L1_PUTX  0 <-- 
I_I  L1_PUTX_old  0 <-- 
I_I  Ack  0 <-- 
I_I  Ack_all  0 <-- 

S_I  L1_GET_INSTR  0 <-- 
S_I  L1_GETS  0 <-- 
S_I  L1_GETX  0 <-- 
S_I  L1_UPGRADE  0 <-- 
S_I  L1_PUTX  0 <-- 
S_I  L1_PUTX_old  0 <-- 
S_I  Ack  0 <-- 
S_I  Ack_all  0 <-- 

ISS  L1_GET_INSTR  0 <-- 
ISS  L1_GETS  0 <-- 
ISS  L1_GETX  0 <-- 
ISS  L1_PUTX  0 <-- 
ISS  L1_PUTX_old  0 <-- 
ISS  L2_Replacement  0 <-- 
ISS  L2_Replacement_clean  0 <-- 
ISS  Mem_Data  44

IS  L1_GET_INSTR  0 <-- 
IS  L1_GETS  0 <-- 
IS  L1_GETX  0 <-- 
IS  L1_PUTX  0 <-- 
IS  L1_PUTX_old  0 <-- 
IS  L2_Replacement  0 <-- 
IS  L2_Replacement_clean  0 <-- 
IS  Mem_Data  0 <-- 

IM  L1_GET_INSTR  0 <-- 
IM  L1_GETS  0 <-- 
IM  L1_GETX  0 <-- 
IM  L1_PUTX  0 <-- 
IM  L1_PUTX_old  0 <-- 
IM  L2_Replacement  0 <-- 
IM  L2_Replacement_clean  0 <-- 
IM  Mem_Data  324

SS_MB  L1_GET_INSTR  0 <-- 
SS_MB  L1_GETS  0 <-- 
SS_MB  L1_GETX  0 <-- 
SS_MB  L1_UPGRADE  0 <-- 
SS_MB  L1_PUTX  0 <-- 
SS_MB  L1_PUTX_old  0 <-- 
SS_MB  L2_Replacement  0 <-- 
SS_MB  L2_Replacement_clean  0 <-- 
SS_MB  Exclusive_Unblock  0 <-- 

MT_MB  L1_GET_INSTR  0 <-- 
MT_MB  L1_GETS  0 <-- 
MT_MB  L1_GETX  0 <-- 
MT_MB  L1_UPGRADE  0 <-- 
MT_MB  L1_PUTX  0 <-- 
MT_MB  L1_PUTX_old  0 <-- 
MT_MB  L2_Replacement  0 <-- 
MT_MB  L2_Replacement_clean  0 <-- 
MT_MB  Exclusive_Unblock  383
MT_MB  PUTX_ACC  0 <-- 
MT_MB  DATA_ACC  5

M_MB  L1_GET_INSTR  0 <-- 
M_MB  L1_GETS  0 <-- 
M_MB  L1_GETX  0 <-- 
M_MB  L1_UPGRADE  0 <-- 
M_MB  L1_PUTX  0 <-- 
M_MB  L1_PUTX_old  0 <-- 
M_MB  L2_Replacement  0 <-- 
M_MB  L2_Replacement_clean  0 <-- 
M_MB  Exclusive_Unblock  0 <-- 

MT_IIB  L1_GET_INSTR  0 <-- 
MT_IIB  L1_GETS  0 <-- 
MT_IIB  L1_GETX  0 <-- 
MT_IIB  L1_UPGRADE  0 <-- 
MT_IIB  L1_PUTX  0 <-- 
MT_IIB  L1_PUTX_old  0 <-- 
MT_IIB  L2_Replacement  0 <-- 
MT_IIB  L2_Replacement_clean  0 <-- 
MT_IIB  WB_Data  0 <-- 
MT_IIB  WB_Data_clean  0 <-- 
MT_IIB  Unblock  0 <-- 
MT_IIB  PUTX_ACC  2
MT_IIB  DATA_ACC  0 <-- 

MT_IB  L1_GET_INSTR  0 <-- 
MT_IB  L1_GETS  0 <-- 
MT_IB  L1_GETX  0 <-- 
MT_IB  L1_UPGRADE  0 <-- 
MT_IB  L1_PUTX  0 <-- 
MT_IB  L1_PUTX_old  0 <-- 
MT_IB  L2_Replacement  0 <-- 
MT_IB  L2_Replacement_clean  0 <-- 
MT_IB  WB_Data  0 <-- 
MT_IB  WB_Data_clean  0 <-- 

MT_SB  L1_GET_INSTR  0 <-- 
MT_SB  L1_GETS  0 <-- 
MT_SB  L1_GETX  0 <-- 
MT_SB  L1_UPGRADE  0 <-- 
MT_SB  L1_PUTX  0 <-- 
MT_SB  L1_PUTX_old  0 <-- 
MT_SB  L2_Replacement  0 <-- 
MT_SB  L2_Replacement_clean  0 <-- 
MT_SB  Unblock  0 <-- 

 --- L1Cache ---
 - Event Counts -
Load  1318
Ifetch  0
Store  820
Inv  0
L1_Replacement  0
Fwd_GETX  8
Fwd_GETS  0
Fwd_GET_INSTR  0
Data  0
Data_Exclusive  51
DataS_fromL1  0
Data_all_Acks  26
Ack  0
Ack_all  0
WB_Ack  0

 - Transitions -
NP  Load  44
NP  Ifetch  0 <-- 
NP  Store  27
NP  Inv  0 <-- 
NP  L1_Replacement  0 <-- 

I  Load  2
I  Ifetch  0 <-- 
I  Store  4
I  Inv  0 <-- 
I  L1_Replacement  0 <-- 

S  Load  0 <-- 
S  Ifetch  0 <-- 
S  Store  0 <-- 
S  Inv  0 <-- 
S  L1_Replacement  0 <-- 

E  Load  305
E  Ifetch  0 <-- 
E  Store  12
E  Inv  0 <-- 
E  L1_Replacement  0 <-- 
E  Fwd_GETX  2
E  Fwd_GETS  0 <-- 
E  Fwd_GET_INSTR  0 <-- 

M  Load  967
M  Ifetch  0 <-- 
M  Store  777
M  Inv  0 <-- 
M  L1_Replacement  0 <-- 
M  Fwd_GETX  6
M  Fwd_GETS  0 <-- 
M  Fwd_GET_INSTR  0 <-- 

IS  Load  0 <-- 
IS  Ifetch  0 <-- 
IS  Store  0 <-- 
IS  Inv  0 <-- 
IS  L1_Replacement  0 <-- 
IS  Data_Exclusive  46
IS  DataS_fromL1  0 <-- 
IS  Data_all_Acks  0 <-- 

IM  Load  0 <-- 
IM  Ifetch  0 <-- 
IM  Store  0 <-- 
IM  Inv  0 <-- 
IM  L1_Replacement  0 <-- 
IM  Data  0 <-- 
IM  Data_Exclusive  5
IM  Data_all_Acks  26
IM  Ack  0 <-- 

SM  Load  0 <-- 
SM  Ifetch  0 <-- 
SM  Store  0 <-- 
SM  Inv  0 <-- 
SM  L1_Replacement  0 <-- 
SM  Ack  0 <-- 
SM  Ack_all  0 <-- 

IS_I  Load  0 <-- 
IS_I  Ifetch  0 <-- 
IS_I  Store  0 <-- 
IS_I  Inv  0 <-- 
IS_I  L1_Replacement  0 <-- 
IS_I  Data_Exclusive  0 <-- 
IS_I  DataS_fromL1  0 <-- 
IS_I  Data_all_Acks  0 <-- 

M_I  Load  0 <-- 
M_I  Ifetch  0 <-- 
M_I  Store  0 <-- 
M_I  Inv  0 <-- 
M_I  L1_Replacement  0 <-- 
M_I  Fwd_GETX  0 <-- 
M_I  Fwd_GETS  0 <-- 
M_I  Fwd_GET_INSTR  0 <-- 
M_I  WB_Ack  0 <-- 

E_I  Load  0 <-- 
E_I  Ifetch  0 <-- 
E_I  Store  0 <-- 
E_I  L1_Replacement  0 <-- 

SINK_WB_ACK  Load  0 <-- 
SINK_WB_ACK  Ifetch  0 <-- 
SINK_WB_ACK  Store  0 <-- 
SINK_WB_ACK  Inv  0 <-- 
SINK_WB_ACK  L1_Replacement  0 <-- 
SINK_WB_ACK  WB_Ack  0 <-- 

 --- Directory ---
 - Event Counts -
Fetch  368
Data  0

 - Transitions -
I  Fetch  368
I  Data  0 <-- 


Chip Buffer Stats
----------

MessageBuffer: [Chip 0 0, L1TCache, requestFromL1Cache] stats - msgs:183579 full:0 size:[binsize: 1 max: 3 count: 183579 average: 1.0591 | standard deviation: 0.235936 | 0 172734 10840 5 ]
MessageBuffer: [Chip 0 1, L1TCache, requestFromL1Cache] stats - msgs:3721 full:0 size:[binsize: 1 max: 4 count: 3721 average: 1.0731 | standard deviation: 0.265893 | 0 3453 265 2 1 ]
MessageBuffer: [Chip 0 2, L1TCache, requestFromL1Cache] stats - msgs:0 full:0 size:[binsize: 1 max: 0 count: 0 average: NaN |standard deviation: NaN | 0 ]
MessageBuffer: [Chip 0 3, L1TCache, requestFromL1Cache] stats - msgs:0 full:0 size:[binsize: 1 max: 0 count: 0 average: NaN |standard deviation: NaN | 0 ]
MessageBuffer: [Chip 0 4, L1TCache, requestFromL1Cache] stats - msgs:0 full:0 size:[binsize: 1 max: 0 count: 0 average: NaN |standard deviation: NaN | 0 ]
MessageBuffer: [Chip 0 5, L1TCache, requestFromL1Cache] stats - msgs:0 full:0 size:[binsize: 1 max: 0 count: 0 average: NaN |standard deviation: NaN | 0 ]
MessageBuffer: [Chip 0 6, L1TCache, requestFromL1Cache] stats - msgs:0 full:0 size:[binsize: 1 max: 0 count: 0 average: NaN |standard deviation: NaN | 0 ]
MessageBuffer: [Chip 0 7, L1TCache, requestFromL1Cache] stats - msgs:0 full:0 size:[binsize: 1 max: 0 count: 0 average: NaN |standard deviation: NaN | 0 ]
MessageBuffer: [Chip 0 0, L1TCache, responseToL1Cache] stats - msgs:183579 full:0 size:[binsize: 1 max: 2 count: 183579 average: 1.00535 | standard deviation: 0.0729893 | 0 182596 983 ]
MessageBuffer: [Chip 0 1, L1TCache, responseToL1Cache] stats - msgs:3721 full:0 size:[binsize: 1 max: 2 count: 3721 average: 1.00134 | standard deviation: 0.0366618 | 0 3716 5 ]
MessageBuffer: [Chip 0 2, L1TCache, responseToL1Cache] stats - msgs:0 full:0 size:[binsize: 1 max: 0 count: 0 average: NaN |standard deviation: NaN | 0 ]
MessageBuffer: [Chip 0 3, L1TCache, responseToL1Cache] stats - msgs:0 full:0 size:[binsize: 1 max: 0 count: 0 average: NaN |standard deviation: NaN | 0 ]
MessageBuffer: [Chip 0 4, L1TCache, responseToL1Cache] stats - msgs:0 full:0 size:[binsize: 1 max: 0 count: 0 average: NaN |standard deviation: NaN | 0 ]
MessageBuffer: [Chip 0 5, L1TCache, responseToL1Cache] stats - msgs:0 full:0 size:[binsize: 1 max: 0 count: 0 average: NaN |standard deviation: NaN | 0 ]
MessageBuffer: [Chip 0 6, L1TCache, responseToL1Cache] stats - msgs:0 full:0 size:[binsize: 1 max: 0 count: 0 average: NaN |standard deviation: NaN | 0 ]
MessageBuffer: [Chip 0 7, L1TCache, responseToL1Cache] stats - msgs:0 full:0 size:[binsize: 1 max: 0 count: 0 average: NaN |standard deviation: NaN | 0 ]
MessageBuffer: [Chip 0 0, L2TCache, responseFromL2Cache] stats - msgs:186872 full:0 size:[binsize: 1 max: 3 count: 186872 average: 1.1787 | standard deviation: 0.394624 | 0 154315 31720 837 ]
MessageBuffer: [Chip 0 1, L2TCache, responseFromL2Cache] stats - msgs:428 full:0 size:[binsize: 1 max: 2 count: 428 average: 1.00234 | standard deviation: 0.0483934 | 0 427 1 ]
MessageBuffer: [Chip 0 2, L2TCache, responseFromL2Cache] stats - msgs:0 full:0 size:[binsize: 1 max: 0 count: 0 average: NaN |standard deviation: NaN | 0 ]
MessageBuffer: [Chip 0 3, L2TCache, responseFromL2Cache] stats - msgs:0 full:0 size:[binsize: 1 max: 0 count: 0 average: NaN |standard deviation: NaN | 0 ]
MessageBuffer: [Chip 0 0, L2TCache, L1RequestToL2Cache] stats - msgs:186872 full:0 size:[binsize: 1 max: 2 count: 186872 average: 1.01971 | standard deviation: 0.139009 | 0 183189 3683 ]
MessageBuffer: [Chip 0 1, L2TCache, L1RequestToL2Cache] stats - msgs:428 full:0 size:[binsize: 1 max: 1 count: 428 average:     1 | standard deviation: 0 | 0 428 ]
MessageBuffer: [Chip 0 2, L2TCache, L1RequestToL2Cache] stats - msgs:0 full:0 size:[binsize: 1 max: 0 count: 0 average: NaN |standard deviation: NaN | 0 ]
MessageBuffer: [Chip 0 3, L2TCache, L1RequestToL2Cache] stats - msgs:0 full:0 size:[binsize: 1 max: 0 count: 0 average: NaN |standard deviation: NaN | 0 ]
MessageBuffer: [Chip 0 0, L2TCache, requestFromL2TCache] stats - msgs:126 full:0 size:[binsize: 1 max: 2 count: 126 average: 1.00794 | standard deviation: 0.0894427 | 0 125 1 ]
MessageBuffer: [Chip 0 1, L2TCache, requestFromL2TCache] stats - msgs:182 full:0 size:[binsize: 1 max: 1 count: 182 average:     1 | standard deviation: 0 | 0 182 ]
MessageBuffer: [Chip 0 2, L2TCache, requestFromL2TCache] stats - msgs:0 full:0 size:[binsize: 1 max: 0 count: 0 average: NaN |standard deviation: NaN | 0 ]
MessageBuffer: [Chip 0 3, L2TCache, requestFromL2TCache] stats - msgs:0 full:0 size:[binsize: 1 max: 0 count: 0 average: NaN |standard deviation: NaN | 0 ]
MessageBuffer: [Chip 0 0, L2TCache, responseFromL2TCache] stats - msgs:5 full:0 size:[binsize: 1 max: 1 count: 5 average:     1 | standard deviation: 0 | 0 5 ]
MessageBuffer: [Chip 0 1, L2TCache, responseFromL2TCache] stats - msgs:0 full:0 size:[binsize: 1 max: 0 count: 0 average: NaN |standard deviation: NaN | 0 ]
MessageBuffer: [Chip 0 2, L2TCache, responseFromL2TCache] stats - msgs:0 full:0 size:[binsize: 1 max: 0 count: 0 average: NaN |standard deviation: NaN | 0 ]
MessageBuffer: [Chip 0 3, L2TCache, responseFromL2TCache] stats - msgs:0 full:0 size:[binsize: 1 max: 0 count: 0 average: NaN |standard deviation: NaN | 0 ]
MessageBuffer: [Chip 0 0, L2TCache, unblockFromL2TCache] stats - msgs:124 full:0 size:[binsize: 1 max: 1 count: 124 average:     1 | standard deviation: 0 | 0 124 ]
MessageBuffer: [Chip 0 1, L2TCache, unblockFromL2TCache] stats - msgs:182 full:0 size:[binsize: 1 max: 1 count: 182 average:     1 | standard deviation: 0 | 0 182 ]
MessageBuffer: [Chip 0 2, L2TCache, unblockFromL2TCache] stats - msgs:0 full:0 size:[binsize: 1 max: 0 count: 0 average: NaN |standard deviation: NaN | 0 ]
MessageBuffer: [Chip 0 3, L2TCache, unblockFromL2TCache] stats - msgs:0 full:0 size:[binsize: 1 max: 0 count: 0 average: NaN |standard deviation: NaN | 0 ]
MessageBuffer: [Chip 0 0, L2TCache, requestToL2TCache] stats - msgs:7 full:0 size:[binsize: 1 max: 2 count: 7 average: 1.14286 | standard deviation: 0.408248 | 0 6 1 ]
MessageBuffer: [Chip 0 1, L2TCache, requestToL2TCache] stats - msgs:0 full:0 size:[binsize: 1 max: 0 count: 0 average: NaN |standard deviation: NaN | 0 ]
MessageBuffer: [Chip 0 2, L2TCache, requestToL2TCache] stats - msgs:0 full:0 size:[binsize: 1 max: 0 count: 0 average: NaN |standard deviation: NaN | 0 ]
MessageBuffer: [Chip 0 3, L2TCache, requestToL2TCache] stats - msgs:0 full:0 size:[binsize: 1 max: 0 count: 0 average: NaN |standard deviation: NaN | 0 ]
MessageBuffer: [Chip 0 0, L2TCache, responseToL2TCache] stats - msgs:131 full:0 size:[binsize: 1 max: 1 count: 131 average:     1 | standard deviation: 0 | 0 131 ]
MessageBuffer: [Chip 0 1, L2TCache, responseToL2TCache] stats - msgs:182 full:0 size:[binsize: 1 max: 1 count: 182 average:     1 | standard deviation: 0 | 0 182 ]
MessageBuffer: [Chip 0 2, L2TCache, responseToL2TCache] stats - msgs:0 full:0 size:[binsize: 1 max: 0 count: 0 average: NaN |standard deviation: NaN | 0 ]
MessageBuffer: [Chip 0 3, L2TCache, responseToL2TCache] stats - msgs:0 full:0 size:[binsize: 1 max: 0 count: 0 average: NaN |standard deviation: NaN | 0 ]
MessageBuffer: [Chip 0 0, L2Cache, DirRequestFromL2Cache] stats - msgs:180 full:0 size:[binsize: 1 max: 2 count: 180 average: 1.07222 | standard deviation: 0.269492 | 0 167 13 ]
MessageBuffer: [Chip 0 1, L2Cache, DirRequestFromL2Cache] stats - msgs:183 full:0 size:[binsize: 1 max: 1 count: 183 average:     1 | standard deviation: 0 | 0 183 ]
MessageBuffer: [Chip 0 2, L2Cache, DirRequestFromL2Cache] stats - msgs:5 full:0 size:[binsize: 1 max: 1 count: 5 average:     1 | standard deviation: 0 | 0 5 ]
MessageBuffer: [Chip 0 3, L2Cache, DirRequestFromL2Cache] stats - msgs:0 full:0 size:[binsize: 1 max: 0 count: 0 average: NaN |standard deviation: NaN | 0 ]
MessageBuffer: [Chip 0 0, L2Cache, L1RequestFromL2Cache] stats - msgs:15 full:0 size:[binsize: 1 max: 2 count: 15 average: 1.06667 | standard deviation: 0.267261 | 0 14 1 ]
MessageBuffer: [Chip 0 1, L2Cache, L1RequestFromL2Cache] stats - msgs:0 full:0 size:[binsize: 1 max: 0 count: 0 average: NaN |standard deviation: NaN | 0 ]
MessageBuffer: [Chip 0 2, L2Cache, L1RequestFromL2Cache] stats - msgs:0 full:0 size:[binsize: 1 max: 0 count: 0 average: NaN |standard deviation: NaN | 0 ]
MessageBuffer: [Chip 0 3, L2Cache, L1RequestFromL2Cache] stats - msgs:0 full:0 size:[binsize: 1 max: 0 count: 0 average: NaN |standard deviation: NaN | 0 ]
MessageBuffer: [Chip 0 0, L2Cache, responseFromL2Cache] stats - msgs:194 full:0 size:[binsize: 1 max: 3 count: 194 average: 1.16495 | standard deviation: 0.425849 | 0 166 24 4 ]
MessageBuffer: [Chip 0 1, L2Cache, responseFromL2Cache] stats - msgs:183 full:0 size:[binsize: 1 max: 1 count: 183 average:     1 | standard deviation: 0 | 0 183 ]
MessageBuffer: [Chip 0 2, L2Cache, responseFromL2Cache] stats - msgs:5 full:0 size:[binsize: 1 max: 1 count: 5 average:     1 | standard deviation: 0 | 0 5 ]
MessageBuffer: [Chip 0 3, L2Cache, responseFromL2Cache] stats - msgs:0 full:0 size:[binsize: 1 max: 0 count: 0 average: NaN |standard deviation: NaN | 0 ]
MessageBuffer: [Chip 0 0, L2Cache, unblockToL2Cache] stats - msgs:195 full:0 size:[binsize: 1 max: 2 count: 195 average: 1.00513 | standard deviation: 0.0717958 | 0 194 1 ]
MessageBuffer: [Chip 0 1, L2Cache, unblockToL2Cache] stats - msgs:183 full:0 size:[binsize: 1 max: 1 count: 183 average:     1 | standard deviation: 0 | 0 183 ]
MessageBuffer: [Chip 0 2, L2Cache, unblockToL2Cache] stats - msgs:5 full:0 size:[binsize: 1 max: 1 count: 5 average:     1 | standard deviation: 0 | 0 5 ]
MessageBuffer: [Chip 0 3, L2Cache, unblockToL2Cache] stats - msgs:0 full:0 size:[binsize: 1 max: 0 count: 0 average: NaN |standard deviation: NaN | 0 ]
MessageBuffer: [Chip 0 0, L2Cache, L1RequestToL2Cache] stats - msgs:197 full:0 size:[binsize: 1 max: 2 count: 197 average: 1.01015 | standard deviation: 0.101015 | 0 195 2 ]
MessageBuffer: [Chip 0 1, L2Cache, L1RequestToL2Cache] stats - msgs:183 full:0 size:[binsize: 1 max: 1 count: 183 average:     1 | standard deviation: 0 | 0 183 ]
MessageBuffer: [Chip 0 2, L2Cache, L1RequestToL2Cache] stats - msgs:5 full:0 size:[binsize: 1 max: 1 count: 5 average:     1 | standard deviation: 0 | 0 5 ]
MessageBuffer: [Chip 0 3, L2Cache, L1RequestToL2Cache] stats - msgs:0 full:0 size:[binsize: 1 max: 0 count: 0 average: NaN |standard deviation: NaN | 0 ]
MessageBuffer: [Chip 0 0, L2Cache, responseToL2Cache] stats - msgs:185 full:0 size:[binsize: 1 max: 1 count: 185 average:     1 | standard deviation: 0 | 0 185 ]
MessageBuffer: [Chip 0 1, L2Cache, responseToL2Cache] stats - msgs:183 full:0 size:[binsize: 1 max: 1 count: 183 average:     1 | standard deviation: 0 | 0 183 ]
MessageBuffer: [Chip 0 2, L2Cache, responseToL2Cache] stats - msgs:5 full:0 size:[binsize: 1 max: 1 count: 5 average:     1 | standard deviation: 0 | 0 5 ]
MessageBuffer: [Chip 0 3, L2Cache, responseToL2Cache] stats - msgs:0 full:0 size:[binsize: 1 max: 0 count: 0 average: NaN |standard deviation: NaN | 0 ]
MessageBuffer: [Chip 0 0, L1Cache, requestFromL1Cache] stats - msgs:77 full:0 size:[binsize: 1 max: 2 count: 77 average: 1.15584 | standard deviation: 0.380443 | 0 65 12 ]
MessageBuffer: [Chip 0 1, L1Cache, requestFromL1Cache] stats - msgs:0 full:0 size:[binsize: 1 max: 0 count: 0 average: NaN |standard deviation: NaN | 0 ]
MessageBuffer: [Chip 0 2, L1Cache, requestFromL1Cache] stats - msgs:0 full:0 size:[binsize: 1 max: 0 count: 0 average: NaN |standard deviation: NaN | 0 ]
MessageBuffer: [Chip 0 3, L1Cache, requestFromL1Cache] stats - msgs:0 full:0 size:[binsize: 1 max: 0 count: 0 average: NaN |standard deviation: NaN | 0 ]
MessageBuffer: [Chip 0 4, L1Cache, requestFromL1Cache] stats - msgs:0 full:0 size:[binsize: 1 max: 0 count: 0 average: NaN |standard deviation: NaN | 0 ]
MessageBuffer: [Chip 0 5, L1Cache, requestFromL1Cache] stats - msgs:0 full:0 size:[binsize: 1 max: 0 count: 0 average: NaN |standard deviation: NaN | 0 ]
MessageBuffer: [Chip 0 6, L1Cache, requestFromL1Cache] stats - msgs:0 full:0 size:[binsize: 1 max: 0 count: 0 average: NaN |standard deviation: NaN | 0 ]
MessageBuffer: [Chip 0 7, L1Cache, requestFromL1Cache] stats - msgs:0 full:0 size:[binsize: 1 max: 0 count: 0 average: NaN |standard deviation: NaN | 0 ]
MessageBuffer: [Chip 0 0, L1Cache, responseFromL1Cache] stats - msgs:8 full:0 size:[binsize: 1 max: 1 count: 8 average:     1 | standard deviation: 0 | 0 8 ]
MessageBuffer: [Chip 0 1, L1Cache, responseFromL1Cache] stats - msgs:0 full:0 size:[binsize: 1 max: 0 count: 0 average: NaN |standard deviation: NaN | 0 ]
MessageBuffer: [Chip 0 2, L1Cache, responseFromL1Cache] stats - msgs:0 full:0 size:[binsize: 1 max: 0 count: 0 average: NaN |standard deviation: NaN | 0 ]
MessageBuffer: [Chip 0 3, L1Cache, responseFromL1Cache] stats - msgs:0 full:0 size:[binsize: 1 max: 0 count: 0 average: NaN |standard deviation: NaN | 0 ]
MessageBuffer: [Chip 0 4, L1Cache, responseFromL1Cache] stats - msgs:0 full:0 size:[binsize: 1 max: 0 count: 0 average: NaN |standard deviation: NaN | 0 ]
MessageBuffer: [Chip 0 5, L1Cache, responseFromL1Cache] stats - msgs:0 full:0 size:[binsize: 1 max: 0 count: 0 average: NaN |standard deviation: NaN | 0 ]
MessageBuffer: [Chip 0 6, L1Cache, responseFromL1Cache] stats - msgs:0 full:0 size:[binsize: 1 max: 0 count: 0 average: NaN |standard deviation: NaN | 0 ]
MessageBuffer: [Chip 0 7, L1Cache, responseFromL1Cache] stats - msgs:0 full:0 size:[binsize: 1 max: 0 count: 0 average: NaN |standard deviation: NaN | 0 ]
MessageBuffer: [Chip 0 0, L1Cache, unblockFromL1Cache] stats - msgs:77 full:0 size:[binsize: 1 max: 2 count: 77 average: 1.02597 | standard deviation: 0.162221 | 0 75 2 ]
MessageBuffer: [Chip 0 1, L1Cache, unblockFromL1Cache] stats - msgs:0 full:0 size:[binsize: 1 max: 0 count: 0 average: NaN |standard deviation: NaN | 0 ]
MessageBuffer: [Chip 0 2, L1Cache, unblockFromL1Cache] stats - msgs:0 full:0 size:[binsize: 1 max: 0 count: 0 average: NaN |standard deviation: NaN | 0 ]
MessageBuffer: [Chip 0 3, L1Cache, unblockFromL1Cache] stats - msgs:0 full:0 size:[binsize: 1 max: 0 count: 0 average: NaN |standard deviation: NaN | 0 ]
MessageBuffer: [Chip 0 4, L1Cache, unblockFromL1Cache] stats - msgs:0 full:0 size:[binsize: 1 max: 0 count: 0 average: NaN |standard deviation: NaN | 0 ]
MessageBuffer: [Chip 0 5, L1Cache, unblockFromL1Cache] stats - msgs:0 full:0 size:[binsize: 1 max: 0 count: 0 average: NaN |standard deviation: NaN | 0 ]
MessageBuffer: [Chip 0 6, L1Cache, unblockFromL1Cache] stats - msgs:0 full:0 size:[binsize: 1 max: 0 count: 0 average: NaN |standard deviation: NaN | 0 ]
MessageBuffer: [Chip 0 7, L1Cache, unblockFromL1Cache] stats - msgs:0 full:0 size:[binsize: 1 max: 0 count: 0 average: NaN |standard deviation: NaN | 0 ]
MessageBuffer: [Chip 0 0, L1Cache, requestToL1Cache] stats - msgs:8 full:0 size:[binsize: 1 max: 1 count: 8 average:     1 | standard deviation: 0 | 0 8 ]
MessageBuffer: [Chip 0 1, L1Cache, requestToL1Cache] stats - msgs:0 full:0 size:[binsize: 1 max: 0 count: 0 average: NaN |standard deviation: NaN | 0 ]
MessageBuffer: [Chip 0 2, L1Cache, requestToL1Cache] stats - msgs:0 full:0 size:[binsize: 1 max: 0 count: 0 average: NaN |standard deviation: NaN | 0 ]
MessageBuffer: [Chip 0 3, L1Cache, requestToL1Cache] stats - msgs:0 full:0 size:[binsize: 1 max: 0 count: 0 average: NaN |standard deviation: NaN | 0 ]
MessageBuffer: [Chip 0 4, L1Cache, requestToL1Cache] stats - msgs:0 full:0 size:[binsize: 1 max: 0 count: 0 average: NaN |standard deviation: NaN | 0 ]
MessageBuffer: [Chip 0 5, L1Cache, requestToL1Cache] stats - msgs:0 full:0 size:[binsize: 1 max: 0 count: 0 average: NaN |standard deviation: NaN | 0 ]
MessageBuffer: [Chip 0 6, L1Cache, requestToL1Cache] stats - msgs:0 full:0 size:[binsize: 1 max: 0 count: 0 average: NaN |standard deviation: NaN | 0 ]
MessageBuffer: [Chip 0 7, L1Cache, requestToL1Cache] stats - msgs:0 full:0 size:[binsize: 1 max: 0 count: 0 average: NaN |standard deviation: NaN | 0 ]
MessageBuffer: [Chip 0 0, L1Cache, responseToL1Cache] stats - msgs:77 full:0 size:[binsize: 1 max: 1 count: 77 average:     1 | standard deviation: 0 | 0 77 ]
MessageBuffer: [Chip 0 1, L1Cache, responseToL1Cache] stats - msgs:0 full:0 size:[binsize: 1 max: 0 count: 0 average: NaN |standard deviation: NaN | 0 ]
MessageBuffer: [Chip 0 2, L1Cache, responseToL1Cache] stats - msgs:0 full:0 size:[binsize: 1 max: 0 count: 0 average: NaN |standard deviation: NaN | 0 ]
MessageBuffer: [Chip 0 3, L1Cache, responseToL1Cache] stats - msgs:0 full:0 size:[binsize: 1 max: 0 count: 0 average: NaN |standard deviation: NaN | 0 ]
MessageBuffer: [Chip 0 4, L1Cache, responseToL1Cache] stats - msgs:0 full:0 size:[binsize: 1 max: 0 count: 0 average: NaN |standard deviation: NaN | 0 ]
MessageBuffer: [Chip 0 5, L1Cache, responseToL1Cache] stats - msgs:0 full:0 size:[binsize: 1 max: 0 count: 0 average: NaN |standard deviation: NaN | 0 ]
MessageBuffer: [Chip 0 6, L1Cache, responseToL1Cache] stats - msgs:0 full:0 size:[binsize: 1 max: 0 count: 0 average: NaN |standard deviation: NaN | 0 ]
MessageBuffer: [Chip 0 7, L1Cache, responseToL1Cache] stats - msgs:0 full:0 size:[binsize: 1 max: 0 count: 0 average: NaN |standard deviation: NaN | 0 ]
MessageBuffer: [Chip 0 0, Directory, requestToDir] stats - msgs:98 full:0 size:[binsize: 1 max: 2 count: 98 average: 1.0102 | standard deviation: 0.101535 | 0 97 1 ]
MessageBuffer: [Chip 0 1, Directory, requestToDir] stats - msgs:89 full:0 size:[binsize: 1 max: 1 count: 89 average:     1 | standard deviation: 0 | 0 89 ]
MessageBuffer: [Chip 0 2, Directory, requestToDir] stats - msgs:91 full:0 size:[binsize: 1 max: 2 count: 91 average: 1.01099 | standard deviation: 0.105409 | 0 90 1 ]
MessageBuffer: [Chip 0 3, Directory, requestToDir] stats - msgs:90 full:0 size:[binsize: 1 max: 1 count: 90 average:     1 | standard deviation: 0 | 0 90 ]
MessageBuffer: [Chip 0 0, Directory, responseToDir] stats - msgs:0 full:0 size:[binsize: 1 max: 0 count: 0 average: NaN |standard deviation: NaN | 0 ]
MessageBuffer: [Chip 0 1, Directory, responseToDir] stats - msgs:0 full:0 size:[binsize: 1 max: 0 count: 0 average: NaN |standard deviation: NaN | 0 ]
MessageBuffer: [Chip 0 2, Directory, responseToDir] stats - msgs:0 full:0 size:[binsize: 1 max: 0 count: 0 average: NaN |standard deviation: NaN | 0 ]
MessageBuffer: [Chip 0 3, Directory, responseToDir] stats - msgs:0 full:0 size:[binsize: 1 max: 0 count: 0 average: NaN |standard deviation: NaN | 0 ]
MessageBuffer: [Chip 0 0, Directory, responseFromDir] stats - msgs:98 full:0 size:[binsize: 1 max: 3 count: 98 average: 1.17347 | standard deviation: 0.442579 | 0 83 13 2 ]
MessageBuffer: [Chip 0 1, Directory, responseFromDir] stats - msgs:89 full:0 size:[binsize: 1 max: 2 count: 89 average: 1.11236 | standard deviation: 0.319801 | 0 79 10 ]
MessageBuffer: [Chip 0 2, Directory, responseFromDir] stats - msgs:91 full:0 size:[binsize: 1 max: 3 count: 91 average: 1.14286 | standard deviation: 0.394405 | 0 79 11 1 ]
MessageBuffer: [Chip 0 3, Directory, responseFromDir] stats - msgs:90 full:0 size:[binsize: 1 max: 2 count: 90 average: 1.12222 | standard deviation: 0.335201 | 0 79 11 ]
