BP_MISPRED_STALL_CORE_0                                         0                             0

BP_RESOLVED_CORE_0                                              0                             0

BP_REDIRECT_RESOLVED_CORE_0                                     0                             0

PERFECT_TARGET_PRED_CORE_0                                      0                             0

BP_ON_PATH_CORRECT_CORE_0                                       0                          NaN 
BP_ON_PATH_MISPREDICT_CORE_0                                    0                          NaN 
BP_ON_PATH_MISFETCH_CORE_0                                      0                          NaN 
                                                                0                           100%

BP_OFF_PATH_CORRECT_CORE_0                                      0                          NaN 
BP_OFF_PATH_MISPREDICT_CORE_0                                   0                          NaN 
BP_OFF_PATH_MISFETCH_CORE_0                                     0                          NaN 
                                                                0                           100%

BP_MISPRED_STALL_CORE_1                                         0                             0

BP_RESOLVED_CORE_1                                              0                             0

BP_REDIRECT_RESOLVED_CORE_1                                     0                             0

PERFECT_TARGET_PRED_CORE_1                                      0                             0

BP_ON_PATH_CORRECT_CORE_1                                       0                          NaN 
BP_ON_PATH_MISPREDICT_CORE_1                                    0                          NaN 
BP_ON_PATH_MISFETCH_CORE_1                                      0                          NaN 
                                                                0                           100%

BP_OFF_PATH_CORRECT_CORE_1                                      0                          NaN 
BP_OFF_PATH_MISPREDICT_CORE_1                                   0                          NaN 
BP_OFF_PATH_MISFETCH_CORE_1                                     0                          NaN 
                                                                0                           100%

BP_MISPRED_STALL_CORE_2                                     59313                         59313

BP_RESOLVED_CORE_2                                           8256                          8256

BP_REDIRECT_RESOLVED_CORE_2                                     0                             0

PERFECT_TARGET_PRED_CORE_2                                      0                             0

BP_ON_PATH_CORRECT_CORE_2                                   59328                       87.7841%
BP_ON_PATH_MISPREDICT_CORE_2                                 8256                       12.2159%
BP_ON_PATH_MISFETCH_CORE_2                                      0                             0%
                                                            67584                           100%

BP_OFF_PATH_CORRECT_CORE_2                                      0                          NaN 
BP_OFF_PATH_MISPREDICT_CORE_2                                   0                          NaN 
BP_OFF_PATH_MISFETCH_CORE_2                                     0                          NaN 
                                                                0                           100%

BP_MISPRED_STALL_CORE_3                                      1437                          1437

BP_RESOLVED_CORE_3                                           6208                          6208

BP_REDIRECT_RESOLVED_CORE_3                                     0                             0

PERFECT_TARGET_PRED_CORE_3                                      0                             0

BP_ON_PATH_CORRECT_CORE_3                                   47040                       88.3413%
BP_ON_PATH_MISPREDICT_CORE_3                                 6208                       11.6587%
BP_ON_PATH_MISFETCH_CORE_3                                      0                             0%
                                                            53248                           100%

BP_OFF_PATH_CORRECT_CORE_3                                      0                          NaN 
BP_OFF_PATH_MISPREDICT_CORE_3                                   0                          NaN 
BP_OFF_PATH_MISFETCH_CORE_3                                     0                          NaN 
                                                                0                           100%

BP_MISPRED_STALL_CORE_4                                     49184                         49184

BP_RESOLVED_CORE_4                                          10304                         10304

BP_REDIRECT_RESOLVED_CORE_4                                     0                             0

PERFECT_TARGET_PRED_CORE_4                                      0                             0

BP_ON_PATH_CORRECT_CORE_4                                   73664                       87.7287%
BP_ON_PATH_MISPREDICT_CORE_4                                10304                       12.2713%
BP_ON_PATH_MISFETCH_CORE_4                                      0                             0%
                                                            83968                           100%

BP_OFF_PATH_CORRECT_CORE_4                                      0                          NaN 
BP_OFF_PATH_MISPREDICT_CORE_4                                   0                          NaN 
BP_OFF_PATH_MISFETCH_CORE_4                                     0                          NaN 
                                                                0                           100%

BP_MISPRED_STALL_CORE_5                                      5588                          5588

BP_RESOLVED_CORE_5                                           6208                          6208

BP_REDIRECT_RESOLVED_CORE_5                                     0                             0

PERFECT_TARGET_PRED_CORE_5                                      0                             0

BP_ON_PATH_CORRECT_CORE_5                                   47040                       88.3413%
BP_ON_PATH_MISPREDICT_CORE_5                                 6208                       11.6587%
BP_ON_PATH_MISFETCH_CORE_5                                      0                             0%
                                                            53248                           100%

BP_OFF_PATH_CORRECT_CORE_5                                      0                          NaN 
BP_OFF_PATH_MISPREDICT_CORE_5                                   0                          NaN 
BP_OFF_PATH_MISFETCH_CORE_5                                     0                          NaN 
                                                                0                           100%

BP_MISPRED_STALL_CORE_6                                      5406                          5406

BP_RESOLVED_CORE_6                                           6208                          6208

BP_REDIRECT_RESOLVED_CORE_6                                     0                             0

PERFECT_TARGET_PRED_CORE_6                                      0                             0

BP_ON_PATH_CORRECT_CORE_6                                   47040                       88.3413%
BP_ON_PATH_MISPREDICT_CORE_6                                 6208                       11.6587%
BP_ON_PATH_MISFETCH_CORE_6                                      0                             0%
                                                            53248                           100%

BP_OFF_PATH_CORRECT_CORE_6                                      0                          NaN 
BP_OFF_PATH_MISPREDICT_CORE_6                                   0                          NaN 
BP_OFF_PATH_MISFETCH_CORE_6                                     0                          NaN 
                                                                0                           100%

BP_MISPRED_STALL_CORE_7                                     50270                         50270

BP_RESOLVED_CORE_7                                           4128                          4128

BP_REDIRECT_RESOLVED_CORE_7                                     0                             0

PERFECT_TARGET_PRED_CORE_7                                      0                             0

BP_ON_PATH_CORRECT_CORE_7                                   30688                       88.1434%
BP_ON_PATH_MISPREDICT_CORE_7                                 4128                       11.8566%
BP_ON_PATH_MISFETCH_CORE_7                                      0                             0%
                                                            34816                           100%

BP_OFF_PATH_CORRECT_CORE_7                                      0                          NaN 
BP_OFF_PATH_MISPREDICT_CORE_7                                   0                          NaN 
BP_OFF_PATH_MISFETCH_CORE_7                                     0                          NaN 
                                                                0                           100%

