BP_MISPRED_STALL_CORE_0                                      6592                          6592

BP_RESOLVED_CORE_0                                             92                            92

BP_REDIRECT_RESOLVED_CORE_0                                     0                             0

PERFECT_TARGET_PRED_CORE_0                                      0                             0

BP_ON_PATH_CORRECT_CORE_0                                     133                       59.1111%
BP_ON_PATH_MISPREDICT_CORE_0                                   92                       40.8889%
BP_ON_PATH_MISFETCH_CORE_0                                      0                             0%
                                                              225                           100%

BP_OFF_PATH_CORRECT_CORE_0                                      0                          NaN 
BP_OFF_PATH_MISPREDICT_CORE_0                                   0                          NaN 
BP_OFF_PATH_MISFETCH_CORE_0                                     0                          NaN 
                                                                0                           100%

BP_MISPRED_STALL_CORE_1                                         0                             0

BP_RESOLVED_CORE_1                                              0                             0

BP_REDIRECT_RESOLVED_CORE_1                                     0                             0

PERFECT_TARGET_PRED_CORE_1                                      0                             0

BP_ON_PATH_CORRECT_CORE_1                                       0                          NaN 
BP_ON_PATH_MISPREDICT_CORE_1                                    0                          NaN 
BP_ON_PATH_MISFETCH_CORE_1                                      0                          NaN 
                                                                0                           100%

BP_OFF_PATH_CORRECT_CORE_1                                      0                          NaN 
BP_OFF_PATH_MISPREDICT_CORE_1                                   0                          NaN 
BP_OFF_PATH_MISFETCH_CORE_1                                     0                          NaN 
                                                                0                           100%

BP_MISPRED_STALL_CORE_2                                    119901                        119901

BP_RESOLVED_CORE_2                                        1461925                       1461925

BP_REDIRECT_RESOLVED_CORE_2                                     0                             0

PERFECT_TARGET_PRED_CORE_2                                      0                             0

BP_ON_PATH_CORRECT_CORE_2                                  747156                        33.822%
BP_ON_PATH_MISPREDICT_CORE_2                              1461925                        66.178%
BP_ON_PATH_MISFETCH_CORE_2                                      0                             0%
                                                          2209081                           100%

BP_OFF_PATH_CORRECT_CORE_2                                      0                          NaN 
BP_OFF_PATH_MISPREDICT_CORE_2                                   0                          NaN 
BP_OFF_PATH_MISFETCH_CORE_2                                     0                          NaN 
                                                                0                           100%

BP_MISPRED_STALL_CORE_3                                   1600221                       1600221

BP_RESOLVED_CORE_3                                          43431                         43431

BP_REDIRECT_RESOLVED_CORE_3                                     0                             0

PERFECT_TARGET_PRED_CORE_3                                      0                             0

BP_ON_PATH_CORRECT_CORE_3                                   54318                       55.5689%
BP_ON_PATH_MISPREDICT_CORE_3                                43431                       44.4311%
BP_ON_PATH_MISFETCH_CORE_3                                      0                             0%
                                                            97749                           100%

BP_OFF_PATH_CORRECT_CORE_3                                      0                          NaN 
BP_OFF_PATH_MISPREDICT_CORE_3                                   0                          NaN 
BP_OFF_PATH_MISFETCH_CORE_3                                     0                          NaN 
                                                                0                           100%

BP_MISPRED_STALL_CORE_4                                         0                             0

BP_RESOLVED_CORE_4                                              0                             0

BP_REDIRECT_RESOLVED_CORE_4                                     0                             0

PERFECT_TARGET_PRED_CORE_4                                      0                             0

BP_ON_PATH_CORRECT_CORE_4                                       0                          NaN 
BP_ON_PATH_MISPREDICT_CORE_4                                    0                          NaN 
BP_ON_PATH_MISFETCH_CORE_4                                      0                          NaN 
                                                                0                           100%

BP_OFF_PATH_CORRECT_CORE_4                                      0                          NaN 
BP_OFF_PATH_MISPREDICT_CORE_4                                   0                          NaN 
BP_OFF_PATH_MISFETCH_CORE_4                                     0                          NaN 
                                                                0                           100%

BP_MISPRED_STALL_CORE_5                                         0                             0

BP_RESOLVED_CORE_5                                              0                             0

BP_REDIRECT_RESOLVED_CORE_5                                     0                             0

PERFECT_TARGET_PRED_CORE_5                                      0                             0

BP_ON_PATH_CORRECT_CORE_5                                       0                          NaN 
BP_ON_PATH_MISPREDICT_CORE_5                                    0                          NaN 
BP_ON_PATH_MISFETCH_CORE_5                                      0                          NaN 
                                                                0                           100%

BP_OFF_PATH_CORRECT_CORE_5                                      0                          NaN 
BP_OFF_PATH_MISPREDICT_CORE_5                                   0                          NaN 
BP_OFF_PATH_MISFETCH_CORE_5                                     0                          NaN 
                                                                0                           100%

BP_MISPRED_STALL_CORE_6                                         0                             0

BP_RESOLVED_CORE_6                                              0                             0

BP_REDIRECT_RESOLVED_CORE_6                                     0                             0

PERFECT_TARGET_PRED_CORE_6                                      0                             0

BP_ON_PATH_CORRECT_CORE_6                                       0                          NaN 
BP_ON_PATH_MISPREDICT_CORE_6                                    0                          NaN 
BP_ON_PATH_MISFETCH_CORE_6                                      0                          NaN 
                                                                0                           100%

BP_OFF_PATH_CORRECT_CORE_6                                      0                          NaN 
BP_OFF_PATH_MISPREDICT_CORE_6                                   0                          NaN 
BP_OFF_PATH_MISFETCH_CORE_6                                     0                          NaN 
                                                                0                           100%

BP_MISPRED_STALL_CORE_7                                         0                             0

BP_RESOLVED_CORE_7                                              0                             0

BP_REDIRECT_RESOLVED_CORE_7                                     0                             0

PERFECT_TARGET_PRED_CORE_7                                      0                             0

BP_ON_PATH_CORRECT_CORE_7                                       0                          NaN 
BP_ON_PATH_MISPREDICT_CORE_7                                    0                          NaN 
BP_ON_PATH_MISFETCH_CORE_7                                      0                          NaN 
                                                                0                           100%

BP_OFF_PATH_CORRECT_CORE_7                                      0                          NaN 
BP_OFF_PATH_MISPREDICT_CORE_7                                   0                          NaN 
BP_OFF_PATH_MISFETCH_CORE_7                                     0                          NaN 
                                                                0                           100%

