BP_MISPRED_STALL_CORE_0                                  28978853                      28978853

BP_RESOLVED_CORE_0                                         472955                        472955

BP_REDIRECT_RESOLVED_CORE_0                                     0                             0

PERFECT_TARGET_PRED_CORE_0                                      0                             0

BP_ON_PATH_CORRECT_CORE_0                                 2193234                        82.261%
BP_ON_PATH_MISPREDICT_CORE_0                               472955                        17.739%
BP_ON_PATH_MISFETCH_CORE_0                                      0                             0%
                                                          2666189                           100%

BP_OFF_PATH_CORRECT_CORE_0                                      0                          NaN 
BP_OFF_PATH_MISPREDICT_CORE_0                                   0                          NaN 
BP_OFF_PATH_MISFETCH_CORE_0                                     0                          NaN 
                                                                0                           100%

BP_MISPRED_STALL_CORE_1                                         0                             0

BP_RESOLVED_CORE_1                                              0                             0

BP_REDIRECT_RESOLVED_CORE_1                                     0                             0

PERFECT_TARGET_PRED_CORE_1                                      0                             0

BP_ON_PATH_CORRECT_CORE_1                                       0                          NaN 
BP_ON_PATH_MISPREDICT_CORE_1                                    0                          NaN 
BP_ON_PATH_MISFETCH_CORE_1                                      0                          NaN 
                                                                0                           100%

BP_OFF_PATH_CORRECT_CORE_1                                      0                          NaN 
BP_OFF_PATH_MISPREDICT_CORE_1                                   0                          NaN 
BP_OFF_PATH_MISFETCH_CORE_1                                     0                          NaN 
                                                                0                           100%

BP_MISPRED_STALL_CORE_2                                    359249                        359249

BP_RESOLVED_CORE_2                                         615273                        615273

BP_REDIRECT_RESOLVED_CORE_2                                     0                             0

PERFECT_TARGET_PRED_CORE_2                                      0                             0

BP_ON_PATH_CORRECT_CORE_2                                  639211                       50.9541%
BP_ON_PATH_MISPREDICT_CORE_2                               615273                       49.0459%
BP_ON_PATH_MISFETCH_CORE_2                                      0                             0%
                                                          1254484                           100%

BP_OFF_PATH_CORRECT_CORE_2                                      0                          NaN 
BP_OFF_PATH_MISPREDICT_CORE_2                                   0                          NaN 
BP_OFF_PATH_MISFETCH_CORE_2                                     0                          NaN 
                                                                0                           100%

BP_MISPRED_STALL_CORE_3                                      1186                          1186

BP_RESOLVED_CORE_3                                              4                             4

BP_REDIRECT_RESOLVED_CORE_3                                     0                             0

PERFECT_TARGET_PRED_CORE_3                                      0                             0

BP_ON_PATH_CORRECT_CORE_3                                  203264                        99.998%
BP_ON_PATH_MISPREDICT_CORE_3                                    4                    0.00196785%
BP_ON_PATH_MISFETCH_CORE_3                                      0                             0%
                                                           203268                           100%

BP_OFF_PATH_CORRECT_CORE_3                                      0                          NaN 
BP_OFF_PATH_MISPREDICT_CORE_3                                   0                          NaN 
BP_OFF_PATH_MISFETCH_CORE_3                                     0                          NaN 
                                                                0                           100%

BP_MISPRED_STALL_CORE_4                                      5395                          5395

BP_RESOLVED_CORE_4                                             33                            33

BP_REDIRECT_RESOLVED_CORE_4                                     0                             0

PERFECT_TARGET_PRED_CORE_4                                      0                             0

BP_ON_PATH_CORRECT_CORE_4                                  406583                       99.9919%
BP_ON_PATH_MISPREDICT_CORE_4                                   33                    0.00811577%
BP_ON_PATH_MISFETCH_CORE_4                                      0                             0%
                                                           406616                           100%

BP_OFF_PATH_CORRECT_CORE_4                                      0                          NaN 
BP_OFF_PATH_MISPREDICT_CORE_4                                   0                          NaN 
BP_OFF_PATH_MISFETCH_CORE_4                                     0                          NaN 
                                                                0                           100%

BP_MISPRED_STALL_CORE_5                                         0                             0

BP_RESOLVED_CORE_5                                              0                             0

BP_REDIRECT_RESOLVED_CORE_5                                     0                             0

PERFECT_TARGET_PRED_CORE_5                                      0                             0

BP_ON_PATH_CORRECT_CORE_5                                       0                          NaN 
BP_ON_PATH_MISPREDICT_CORE_5                                    0                          NaN 
BP_ON_PATH_MISFETCH_CORE_5                                      0                          NaN 
                                                                0                           100%

BP_OFF_PATH_CORRECT_CORE_5                                      0                          NaN 
BP_OFF_PATH_MISPREDICT_CORE_5                                   0                          NaN 
BP_OFF_PATH_MISFETCH_CORE_5                                     0                          NaN 
                                                                0                           100%

BP_MISPRED_STALL_CORE_6                                         0                             0

BP_RESOLVED_CORE_6                                              0                             0

BP_REDIRECT_RESOLVED_CORE_6                                     0                             0

PERFECT_TARGET_PRED_CORE_6                                      0                             0

BP_ON_PATH_CORRECT_CORE_6                                       0                          NaN 
BP_ON_PATH_MISPREDICT_CORE_6                                    0                          NaN 
BP_ON_PATH_MISFETCH_CORE_6                                      0                          NaN 
                                                                0                           100%

BP_OFF_PATH_CORRECT_CORE_6                                      0                          NaN 
BP_OFF_PATH_MISPREDICT_CORE_6                                   0                          NaN 
BP_OFF_PATH_MISFETCH_CORE_6                                     0                          NaN 
                                                                0                           100%

BP_MISPRED_STALL_CORE_7                                         0                             0

BP_RESOLVED_CORE_7                                              0                             0

BP_REDIRECT_RESOLVED_CORE_7                                     0                             0

PERFECT_TARGET_PRED_CORE_7                                      0                             0

BP_ON_PATH_CORRECT_CORE_7                                       0                          NaN 
BP_ON_PATH_MISPREDICT_CORE_7                                    0                          NaN 
BP_ON_PATH_MISFETCH_CORE_7                                      0                          NaN 
                                                                0                           100%

BP_OFF_PATH_CORRECT_CORE_7                                      0                          NaN 
BP_OFF_PATH_MISPREDICT_CORE_7                                   0                          NaN 
BP_OFF_PATH_MISFETCH_CORE_7                                     0                          NaN 
                                                                0                           100%

