####################################################################################################
Interval
####################################################################################################

INST_COUNT_TOT                                           23567758                      23567758

CYC_COUNT_TOT                                            95490372                      95490372

EXE_TIME                                                        0                             0

NUM_REPEAT                                                      0                             0

CYC_COUNT_X86                                                   0                             0

CYC_COUNT_PTX                                                   0                             0

AVG_BLOCK_EXE_CYCLE                                             0                             0

AVG_BLOCK_EXE_CYCLE_BASE                                        0                             0

PROGRESS_ERROR                                                  0                             0

FILE_OPEN_ERROR                                                 0                             0

NUM_THREAD                                                      0                             0

APPL_CYC_COUNT_BASE0                                            0                             0

APPL_CYC_COUNT_BASE1                                            0                             0

APPL_CYC_COUNT_BASE2                                            0                             0

APPL_CYC_COUNT_BASE3                                            0                             0

APPL_CYC_COUNT_BASE4                                            0                             0

APPL_CYC_COUNT0                                                 0                           NaN

APPL_CYC_COUNT1                                                 0                           NaN

APPL_CYC_COUNT2                                                 0                           NaN

APPL_CYC_COUNT3                                                 0                           NaN

APPL_CYC_COUNT4                                                 0                           NaN

CPI_DELTA_BASE0                                                 0                             0

CPI_DELTA_BASE1                                                 0                             0

CPI_DELTA_BASE2                                                 0                             0

CPI_DELTA_BASE3                                                 0                             0

CPI_DELTA_BASE4                                                 0                             0

CPI_DELTA0                                                      0                           NaN

CPI_DELTA1                                                      0                           NaN

CPI_DELTA2                                                      0                           NaN

CPI_DELTA3                                                      0                           NaN

CPI_DELTA4                                                      0                           NaN

CYCLE_CPU                                                95490372                      95490372

CYCLE_GPU                                                95490372                      95490372

INST_COUNT_CORE_0                                              56                            56

CYC_COUNT_CORE_0                                         95490371                      95490371

INST_COUNT_CORE_1                                            2875                          2875

CYC_COUNT_CORE_1                                         95488270                      95488270

INST_COUNT_CORE_2                                           41936                         41936

CYC_COUNT_CORE_2                                         95488266                      95488266

INST_COUNT_CORE_3                                        18096572                      18096572

CYC_COUNT_CORE_3                                         95488266                      95488266

INST_COUNT_CORE_4                                         2145365                       2145365

CYC_COUNT_CORE_4                                         95488266                      95488266

INST_COUNT_CORE_5                                         3280954                       3280954

CYC_COUNT_CORE_5                                         95488266                      95488266

INST_COUNT_CORE_6                                               0                             0

CYC_COUNT_CORE_6                                         95488266                      95488266

INST_COUNT_CORE_7                                               0                             0

CYC_COUNT_CORE_7                                         95488266                      95488266

