####################################################################################################
Interval
####################################################################################################

INST_COUNT_TOT                                            5781841                       5781841

CYC_COUNT_TOT                                             1959738                       1959738

EXE_TIME                                                        0                             0

NUM_REPEAT                                                      0                             0

CYC_COUNT_X86                                                   0                             0

CYC_COUNT_PTX                                                   0                             0

AVG_BLOCK_EXE_CYCLE                                             0                             0

AVG_BLOCK_EXE_CYCLE_BASE                                        0                             0

PROGRESS_ERROR                                                  0                             0

FILE_OPEN_ERROR                                                 0                             0

NUM_THREAD                                                      0                             0

APPL_CYC_COUNT_BASE0                                            0                             0

APPL_CYC_COUNT_BASE1                                            0                             0

APPL_CYC_COUNT_BASE2                                            0                             0

APPL_CYC_COUNT_BASE3                                            0                             0

APPL_CYC_COUNT_BASE4                                            0                             0

APPL_CYC_COUNT0                                                 0                           NaN

APPL_CYC_COUNT1                                                 0                           NaN

APPL_CYC_COUNT2                                                 0                           NaN

APPL_CYC_COUNT3                                                 0                           NaN

APPL_CYC_COUNT4                                                 0                           NaN

CPI_DELTA_BASE0                                                 0                             0

CPI_DELTA_BASE1                                                 0                             0

CPI_DELTA_BASE2                                                 0                             0

CPI_DELTA_BASE3                                                 0                             0

CPI_DELTA_BASE4                                                 0                             0

CPI_DELTA0                                                      0                           NaN

CPI_DELTA1                                                      0                           NaN

CPI_DELTA2                                                      0                           NaN

CPI_DELTA3                                                      0                           NaN

CPI_DELTA4                                                      0                           NaN

CYCLE_CPU                                                 1959738                       1959738

CYCLE_GPU                                                 1959738                       1959738

INST_COUNT_CORE_0                                            6655                          6655

CYC_COUNT_CORE_0                                          1959737                       1959737

INST_COUNT_CORE_1                                               0                             0

CYC_COUNT_CORE_1                                          1944494                       1944494

INST_COUNT_CORE_2                                         1550845                       1550845

CYC_COUNT_CORE_2                                          1944302                       1944302

INST_COUNT_CORE_3                                          487709                        487709

CYC_COUNT_CORE_3                                          1944302                       1944302

INST_COUNT_CORE_4                                         1628830                       1628830

CYC_COUNT_CORE_4                                          1944302                       1944302

INST_COUNT_CORE_5                                          520413                        520413

CYC_COUNT_CORE_5                                          1944302                       1944302

INST_COUNT_CORE_6                                          520415                        520415

CYC_COUNT_CORE_6                                          1944302                       1944302

INST_COUNT_CORE_7                                         1066974                       1066974

CYC_COUNT_CORE_7                                          1944302                       1944302

