####################################################################################################
Interval
####################################################################################################

DISPATCHED_INST                                           6697169                       6697169

DISPATCH_WAIT                                           167371053                       24.9913

NUM_NO_FETCH_CYCLES                                             0                             0

AVG_CORE_IDLE_CYCLE                                             0                             0

NUM_SAMPLES_CORE_0                                        2000667                       2000667

NUM_ACTIVE_BLOCKS_CORE_0                                        0                             0

NUM_ACTIVE_THREADS_CORE_0                                 2000666                             1

NUM_SCHED_IDLE_CYCLE_CORE_0                                  2014                          2014

NUM_NO_SCHED_CYCLE_CORE_0                                       0                             0

CORE_DISPATCHED_INST_CORE_0                                  7709                          7709

CORE_DISPATCH_WAIT_CORE_0                                  190150                        24.666

CORE_CYCLES_CORE_0                                              0                             0

CORE_SCHED_THREADS_CORE_0                                       0                           NaN

CORE_NUM_NO_FETCH_CYCLES_CORE_0                                 0                             0

CORE_NUM_NO_FETCH_CYCLES_WITH_READY_THREADS_CORE_0                   0                             0

CORE_NUM_FETCH_CYCLES_CORE_0                                    0                             0

CORE_FETCH_DELTA_CORE_0                                         0                           NaN

CORE_NUM_RETIRE_CYCLES_CORE_0                                   0                             0

CORE_RETIRE_DELTA_CORE_0                                        0                           NaN

SCHED_FAILED_REASON_SUCCESS_CORE_0                          45429                       49.5344%
SCHED_FAILED_OPERANDS_NOT_READY_CORE_0                      33174                       36.1719%
SCHED_FAILED_NO_PORTS_CORE_0                                13109                       14.2937%
                                                            91712                           100%

NUM_SAMPLES_CORE_1                                        1985400                       1985400

NUM_ACTIVE_BLOCKS_CORE_1                                        0                             0

NUM_ACTIVE_THREADS_CORE_1                                 1985400                             1

NUM_SCHED_IDLE_CYCLE_CORE_1                                     0                             0

NUM_NO_SCHED_CYCLE_CORE_1                                       0                             0

CORE_DISPATCHED_INST_CORE_1                                     0                             0

CORE_DISPATCH_WAIT_CORE_1                                       0                           NaN

CORE_CYCLES_CORE_1                                              0                             0

CORE_SCHED_THREADS_CORE_1                                       0                           NaN

CORE_NUM_NO_FETCH_CYCLES_CORE_1                                 0                             0

CORE_NUM_NO_FETCH_CYCLES_WITH_READY_THREADS_CORE_1                   0                             0

CORE_NUM_FETCH_CYCLES_CORE_1                                    0                             0

CORE_FETCH_DELTA_CORE_1                                         0                           NaN

CORE_NUM_RETIRE_CYCLES_CORE_1                                   0                             0

CORE_RETIRE_DELTA_CORE_1                                        0                           NaN

SCHED_FAILED_REASON_SUCCESS_CORE_1                              0                          NaN 
SCHED_FAILED_OPERANDS_NOT_READY_CORE_1                          0                          NaN 
SCHED_FAILED_NO_PORTS_CORE_1                                    0                          NaN 
                                                                0                           100%

NUM_SAMPLES_CORE_2                                        1985208                       1985208

NUM_ACTIVE_BLOCKS_CORE_2                                        0                             0

NUM_ACTIVE_THREADS_CORE_2                                 1985208                             1

NUM_SCHED_IDLE_CYCLE_CORE_2                                  1416                          1416

NUM_NO_SCHED_CYCLE_CORE_2                                       0                             0

CORE_DISPATCHED_INST_CORE_2                               1841822                       1841822

CORE_DISPATCH_WAIT_CORE_2                                42523752                       23.0879

CORE_CYCLES_CORE_2                                              0                             0

CORE_SCHED_THREADS_CORE_2                                       0                           NaN

CORE_NUM_NO_FETCH_CYCLES_CORE_2                                 0                             0

CORE_NUM_NO_FETCH_CYCLES_WITH_READY_THREADS_CORE_2                   0                             0

CORE_NUM_FETCH_CYCLES_CORE_2                                    0                             0

CORE_FETCH_DELTA_CORE_2                                         0                           NaN

CORE_NUM_RETIRE_CYCLES_CORE_2                                   0                             0

CORE_RETIRE_DELTA_CORE_2                                        0                           NaN

SCHED_FAILED_REASON_SUCCESS_CORE_2                        3570107                       8.77566%
SCHED_FAILED_OPERANDS_NOT_READY_CORE_2                   37111823                       91.2243%
SCHED_FAILED_NO_PORTS_CORE_2                                    0                             0%
                                                         40681930                           100%

NUM_SAMPLES_CORE_3                                        1985208                       1985208

NUM_ACTIVE_BLOCKS_CORE_3                                        0                             0

NUM_ACTIVE_THREADS_CORE_3                                 1985208                             1

NUM_SCHED_IDLE_CYCLE_CORE_3                                   885                           885

NUM_NO_SCHED_CYCLE_CORE_3                                       0                             0

CORE_DISPATCHED_INST_CORE_3                                542846                        542846

CORE_DISPATCH_WAIT_CORE_3                                13414955                       24.7123

CORE_CYCLES_CORE_3                                              0                             0

CORE_SCHED_THREADS_CORE_3                                       0                           NaN

CORE_NUM_NO_FETCH_CYCLES_CORE_3                                 0                             0

CORE_NUM_NO_FETCH_CYCLES_WITH_READY_THREADS_CORE_3                   0                             0

CORE_NUM_FETCH_CYCLES_CORE_3                                    0                             0

CORE_FETCH_DELTA_CORE_3                                         0                           NaN

CORE_NUM_RETIRE_CYCLES_CORE_3                                   0                             0

CORE_RETIRE_DELTA_CORE_3                                        0                           NaN

SCHED_FAILED_REASON_SUCCESS_CORE_3                        1091972                       8.48324%
SCHED_FAILED_OPERANDS_NOT_READY_CORE_3                   11780137                       91.5168%
SCHED_FAILED_NO_PORTS_CORE_3                                    0                             0%
                                                         12872109                           100%

NUM_SAMPLES_CORE_4                                        1985208                       1985208

NUM_ACTIVE_BLOCKS_CORE_4                                        0                             0

NUM_ACTIVE_THREADS_CORE_4                                 1985208                             1

NUM_SCHED_IDLE_CYCLE_CORE_4                                  1617                          1617

NUM_NO_SCHED_CYCLE_CORE_4                                       0                             0

CORE_DISPATCHED_INST_CORE_4                               1929246                       1929246

CORE_DISPATCH_WAIT_CORE_4                                33874646                       17.5585

CORE_CYCLES_CORE_4                                              0                             0

CORE_SCHED_THREADS_CORE_4                                       0                           NaN

CORE_NUM_NO_FETCH_CYCLES_CORE_4                                 0                             0

CORE_NUM_NO_FETCH_CYCLES_WITH_READY_THREADS_CORE_4                   0                             0

CORE_NUM_FETCH_CYCLES_CORE_4                                    0                             0

CORE_FETCH_DELTA_CORE_4                                         0                           NaN

CORE_NUM_RETIRE_CYCLES_CORE_4                                   0                             0

CORE_RETIRE_DELTA_CORE_4                                        0                           NaN

SCHED_FAILED_REASON_SUCCESS_CORE_4                        4034600                       12.6297%
SCHED_FAILED_OPERANDS_NOT_READY_CORE_4                   27910800                       87.3703%
SCHED_FAILED_NO_PORTS_CORE_4                                    0                             0%
                                                         31945400                           100%

NUM_SAMPLES_CORE_5                                        1985208                       1985208

NUM_ACTIVE_BLOCKS_CORE_5                                        0                             0

NUM_ACTIVE_THREADS_CORE_5                                 1985208                             1

NUM_SCHED_IDLE_CYCLE_CORE_5                                   904                           904

NUM_NO_SCHED_CYCLE_CORE_5                                       0                             0

CORE_DISPATCHED_INST_CORE_5                                583678                        583678

CORE_DISPATCH_WAIT_CORE_5                                24765482                         42.43

CORE_CYCLES_CORE_5                                              0                             0

CORE_SCHED_THREADS_CORE_5                                       0                           NaN

CORE_NUM_NO_FETCH_CYCLES_CORE_5                                 0                             0

CORE_NUM_NO_FETCH_CYCLES_WITH_READY_THREADS_CORE_5                   0                             0

CORE_NUM_FETCH_CYCLES_CORE_5                                    0                             0

CORE_FETCH_DELTA_CORE_5                                         0                           NaN

CORE_NUM_RETIRE_CYCLES_CORE_5                                   0                             0

CORE_RETIRE_DELTA_CORE_5                                        0                           NaN

SCHED_FAILED_REASON_SUCCESS_CORE_5                        1314296                       5.43506%
SCHED_FAILED_OPERANDS_NOT_READY_CORE_5                   22867508                       94.5649%
SCHED_FAILED_NO_PORTS_CORE_5                                    0                             0%
                                                         24181804                           100%

NUM_SAMPLES_CORE_6                                        1985208                       1985208

NUM_ACTIVE_BLOCKS_CORE_6                                        0                             0

NUM_ACTIVE_THREADS_CORE_6                                 1985208                             1

NUM_SCHED_IDLE_CYCLE_CORE_6                                   904                           904

NUM_NO_SCHED_CYCLE_CORE_6                                       0                             0

CORE_DISPATCHED_INST_CORE_6                                583678                        583678

CORE_DISPATCH_WAIT_CORE_6                                24816570                       42.5176

CORE_CYCLES_CORE_6                                              0                             0

CORE_SCHED_THREADS_CORE_6                                       0                           NaN

CORE_NUM_NO_FETCH_CYCLES_CORE_6                                 0                             0

CORE_NUM_NO_FETCH_CYCLES_WITH_READY_THREADS_CORE_6                   0                             0

CORE_NUM_FETCH_CYCLES_CORE_6                                    0                             0

CORE_FETCH_DELTA_CORE_6                                         0                           NaN

CORE_NUM_RETIRE_CYCLES_CORE_6                                   0                             0

CORE_RETIRE_DELTA_CORE_6                                        0                           NaN

SCHED_FAILED_REASON_SUCCESS_CORE_6                        1307818                       5.39687%
SCHED_FAILED_OPERANDS_NOT_READY_CORE_6                   22925074                       94.6031%
SCHED_FAILED_NO_PORTS_CORE_6                                    0                             0%
                                                         24232892                           100%

NUM_SAMPLES_CORE_7                                        1985208                       1985208

NUM_ACTIVE_BLOCKS_CORE_7                                        0                             0

NUM_ACTIVE_THREADS_CORE_7                                 1985208                             1

NUM_SCHED_IDLE_CYCLE_CORE_7                                  1765                          1765

NUM_NO_SCHED_CYCLE_CORE_7                                       0                             0

CORE_DISPATCHED_INST_CORE_7                               1208190                       1208190

CORE_DISPATCH_WAIT_CORE_7                                27785498                       22.9976

CORE_CYCLES_CORE_7                                              0                             0

CORE_SCHED_THREADS_CORE_7                                       0                           NaN

CORE_NUM_NO_FETCH_CYCLES_CORE_7                                 0                             0

CORE_NUM_NO_FETCH_CYCLES_WITH_READY_THREADS_CORE_7                   0                             0

CORE_NUM_FETCH_CYCLES_CORE_7                                    0                             0

CORE_FETCH_DELTA_CORE_7                                         0                           NaN

CORE_NUM_RETIRE_CYCLES_CORE_7                                   0                             0

CORE_RETIRE_DELTA_CORE_7                                        0                           NaN

SCHED_FAILED_REASON_SUCCESS_CORE_7                        2135389                       8.03463%
SCHED_FAILED_OPERANDS_NOT_READY_CORE_7                   24441919                       91.9654%
SCHED_FAILED_NO_PORTS_CORE_7                                    0                             0%
                                                         26577308                           100%

