Real time: Nov/24/2014 14:21:32

Profiler Stats
--------------
Elapsed_time_in_seconds: 91
Elapsed_time_in_minutes: 1.51667
Elapsed_time_in_hours: 0.0252778
Elapsed_time_in_days: 0.00105324

Virtual_time_in_seconds: 90.45
Virtual_time_in_minutes: 1.5075
Virtual_time_in_hours:   0.025125
Virtual_time_in_days:    0.025125

Ruby_current_time: 2000669
Ruby_start_time: 1
Ruby_cycles: 2000668

mbytes_resident: 106.539
mbytes_total: 154.777
resident_ratio: 0.688338

Total_misses: 0
total_misses: 0 [ 0 0 0 0 0 0 0 0 ]
user_misses: 0 [ 0 0 0 0 0 0 0 0 ]
supervisor_misses: 0 [ 0 0 0 0 0 0 0 0 ]

instruction_executed: 8 [ 1 1 1 1 1 1 1 1 ]
simics_cycles_executed: 8 [ 1 1 1 1 1 1 1 1 ]
cycles_per_instruction: 2.00067e+06 [ 2.00067e+06 2.00067e+06 2.00067e+06 2.00067e+06 2.00067e+06 2.00067e+06 2.00067e+06 2.00067e+06 ]
misses_per_thousand_instructions: 0 [ 0 0 0 0 0 0 0 0 ]

transactions_started: 0 [ 0 0 0 0 0 0 0 0 ]
transactions_ended: 0 [ 0 0 0 0 0 0 0 0 ]
instructions_per_transaction: 0 [ 0 0 0 0 0 0 0 0 ]
cycles_per_transaction: 0 [ 0 0 0 0 0 0 0 0 ]
misses_per_transaction: 0 [ 0 0 0 0 0 0 0 0 ]

L1D_cache cache stats: 
  L1D_cache_total_requests: 5919
  L1D_cache_total_misses: 48	(0.810948%)
  L1D_cache_total_demand_misses: 48
  L1D_cache_total_prefetches: 0
  L1D_cache_total_sw_prefetches: 0
  L1D_cache_total_hw_prefetches: 0
  L1D_cache_misses_per_transaction: 48
  L1D_cache_misses_per_instruction: 48
  L1D_cache_instructions_per_misses: 0.0208333

  L1D_cache_request_type_LD:   2560	(43.2505)%
  L1D_cache_request_type_ST:   3359	(56.7495)%

  L1D_cache_request_size: [binsize: log2 max: 32 count: 5919 average:    32 | standard deviation: 0 | 0 0 0 0 0 0 5919 ]

  L1D_cache_miss_type_LD:   9	(18.75)%
  L1D_cache_miss_type_ST:   39	(81.25)%

L1I_cache cache stats: 
  L1I_cache_total_requests: 0
  L1I_cache_total_misses: 0
  L1I_cache_total_demand_misses: 0
  L1I_cache_total_prefetches: 0
  L1I_cache_total_sw_prefetches: 0
  L1I_cache_total_hw_prefetches: 0
  L1I_cache_misses_per_transaction: 0
  L1I_cache_misses_per_instruction: 0
  L1I_cache_instructions_per_misses: NaN

  L1I_cache_request_size: [binsize: log2 max: 0 count: 0 average: NaN |standard deviation: NaN | 0 ]

L1T_cache cache stats: 
  L1T_cache_total_requests: 158858
  L1T_cache_total_misses: 61251	(38.5571%)
  L1T_cache_total_demand_misses: 61251
  L1T_cache_total_prefetches: 0
  L1T_cache_total_sw_prefetches: 0
  L1T_cache_total_hw_prefetches: 0
  L1T_cache_misses_per_transaction: 61251
  L1T_cache_misses_per_instruction: 61251
  L1T_cache_instructions_per_misses: 1.63263e-05

  L1T_cache_request_type_LD:   82114	(51.6902)%
  L1T_cache_request_type_ST:   76744	(48.3098)%

  L1T_cache_request_size: [binsize: log2 max: 32 count: 158858 average:    32 | standard deviation: 0 | 0 0 0 0 0 0 158858 ]

  L1T_cache_miss_type_LD:   11151	(18.2054)%
  L1T_cache_miss_type_ST:   50100	(81.7946)%

L2_cache cache stats: 
  L2_cache_total_requests: 562
  L2_cache_total_misses: 479	(85.2313%)
  L2_cache_total_demand_misses: 479
  L2_cache_total_prefetches: 0
  L2_cache_total_sw_prefetches: 0
  L2_cache_total_hw_prefetches: 0
  L2_cache_misses_per_transaction: 479
  L2_cache_misses_per_instruction: 479
  L2_cache_instructions_per_misses: 0.00208768

  L2_cache_request_type_LD:   9	(1.60142)%
  L2_cache_request_type_ST:   553	(98.3986)%

  L2_cache_request_size: [binsize: log2 max: 8 count: 562 average:     8 | standard deviation: 0 | 0 0 0 0 562 ]

  L2_cache_miss_type_LD:   2	(0.417537)%
  L2_cache_miss_type_ST:   477	(99.5825)%

L2T_cache cache stats: 
  L2T_cache_total_requests: 87895
  L2T_cache_total_misses: 514	(0.584789%)
  L2T_cache_total_demand_misses: 514
  L2T_cache_total_prefetches: 0
  L2T_cache_total_sw_prefetches: 0
  L2T_cache_total_hw_prefetches: 0
  L2T_cache_misses_per_transaction: 514
  L2T_cache_misses_per_instruction: 514
  L2T_cache_instructions_per_misses: 0.00194553

  L2T_cache_request_type_LD:   11151	(12.6867)%
  L2T_cache_request_type_ST:   76744	(87.3133)%

  L2T_cache_request_size: [binsize: log2 max: 32 count: 87895 average: 28.9552 | standard deviation: 7.98783 | 0 0 0 0 11151 0 76744 ]

  L2T_cache_miss_type_LD:   273	(53.1128)%
  L2T_cache_miss_type_ST:   241	(46.8872)%


TBE Queries: 88977
Busy TBE Counts: 0
Busy Controller Counts:
L1TCache-0:0  L1TCache-1:0  L1TCache-2:0  L1TCache-3:0  L1TCache-4:0  L1TCache-5:0  L1TCache-6:0  L1TCache-7:0  

L2TCache-0:0  L2TCache-1:0  L2TCache-2:0  L2TCache-3:0  
L2Cache-0:0  L2Cache-1:0  L2Cache-2:0  L2Cache-3:0  
L1Cache-0:0  L1Cache-1:0  L1Cache-2:0  L1Cache-3:0  L1Cache-4:0  L1Cache-5:0  L1Cache-6:0  L1Cache-7:0  

Directory-0:0  Directory-1:0  Directory-2:0  Directory-3:0  

Busy Bank Count:0

L1TBE_usage: [binsize: 1 max: 0 count: 0 average: NaN |standard deviation: NaN | 0 ]
L2TBE_usage: [binsize: 1 max: 21 count: 88977 average: 1.74415 | standard deviation: 2.25974 | 39013 11223 12287 11599 6445 3233 1505 862 767 666 572 366 233 103 54 19 7 5 9 6 2 1 ]
StopTable_usage: [binsize: 1 max: 0 count: 0 average: NaN |standard deviation: NaN | 0 ]
sequencer_requests_outstanding: [binsize: 1 max: 23 count: 164777 average: 4.09889 | standard deviation: 2.61152 | 0 36073 14377 19526 26394 27382 17815 9365 5194 2175 1495 1910 1361 997 388 169 84 25 8 7 11 11 8 2 ]
store_buffer_size: [binsize: 1 max: 0 count: 0 average: NaN |standard deviation: NaN | 0 ]
unique_blocks_in_store_buffer: [binsize: 1 max: 0 count: 0 average: NaN |standard deviation: NaN | 0 ]

All Non-Zero Cycle Demand Cache Accesses
----------------------------------------
miss_latency: [binsize: 4 max: 500 count: 164777 average: 20.6431 | standard deviation: 24.1098 | 0 76829 1 0 1 1 1 0 75413 8940 1141 455 375 297 290 249 140 35 10 8 7 3 0 2 1 0 0 1 6 2 8 36 33 0 0 0 0 0 0 0 0 1 0 1 1 0 1 0 0 0 1 0 0 0 0 0 0 0 0 0 0 0 0 0 0 0 0 0 2 0 0 0 0 2 4 0 0 0 0 0 0 0 0 0 1 0 66 25 6 7 4 202 78 24 21 8 7 3 4 3 3 3 0 0 0 1 0 1 1 0 1 1 2 0 0 0 0 2 1 1 1 0 1 0 0 1 0 0 0 0 0 0 0 0 0 0 0 0 0 0 0 0 0 0 0 0 0 0 0 0 0 0 0 0 0 0 0 0 0 0 0 0 0 0 0 0 0 0 0 0 0 0 0 0 0 0 0 0 0 0 0 0 0 0 0 0 0 0 0 0 0 0 0 0 0 0 0 0 0 ]
miss_latency_LD: [binsize: 64 max: 480 count: 84674 average: 9.3334 | standard deviation: 23.1896 | 84251 154 2 0 2 232 28 5 0 0 ]
miss_latency_ST: [binsize: 64 max: 500 count: 80103 average: 32.5982 | standard deviation: 18.6859 | 79742 105 35 1 6 210 0 4 0 0 ]
miss_latency_NULL: [binsize: 4 max: 500 count: 164777 average: 20.6431 | standard deviation: 24.1098 | 0 76829 1 0 1 1 1 0 75413 8940 1141 455 375 297 290 249 140 35 10 8 7 3 0 2 1 0 0 1 6 2 8 36 33 0 0 0 0 0 0 0 0 1 0 1 1 0 1 0 0 0 1 0 0 0 0 0 0 0 0 0 0 0 0 0 0 0 0 0 2 0 0 0 0 2 4 0 0 0 0 0 0 0 0 0 1 0 66 25 6 7 4 202 78 24 21 8 7 3 4 3 3 3 0 0 0 1 0 1 1 0 1 1 2 0 0 0 0 2 1 1 1 0 1 0 0 1 0 0 0 0 0 0 0 0 0 0 0 0 0 0 0 0 0 0 0 0 0 0 0 0 0 0 0 0 0 0 0 0 0 0 0 0 0 0 0 0 0 0 0 0 0 0 0 0 0 0 0 0 0 0 0 0 0 0 0 0 0 0 0 0 0 0 0 0 0 0 0 0 0 ]
miss_latency_L2Miss: [binsize: 1 max: 0 count: 0 average: NaN |standard deviation: NaN | 0 ]

All Non-Zero Cycle SW Prefetch Requests
------------------------------------
prefetch_latency: [binsize: 1 max: 0 count: 0 average: NaN |standard deviation: NaN | 0 ]
prefetch_latency_L2Miss:[binsize: 1 max: 0 count: 0 average: NaN |standard deviation: NaN | 0 ]
multicast_retries: [binsize: 1 max: 0 count: 0 average: NaN |standard deviation: NaN | 0 ]
gets_mask_prediction_count: [binsize: 1 max: 0 count: 0 average: NaN |standard deviation: NaN | 0 ]
getx_mask_prediction_count: [binsize: 1 max: 0 count: 0 average: NaN |standard deviation: NaN | 0 ]
explicit_training_mask: [binsize: 1 max: 0 count: 0 average: NaN |standard deviation: NaN | 0 ]

Sequencer  Requests (MLP)
------------------------------------
Sequencer Requests All
Sequencer_ALL : [binsize: 1 max: 23 count: 164777 average: 4.09889 | standard deviation: 2.61152 | 0 36073 14377 19526 26394 27382 17815 9365 5194 2175 1495 1910 1361 997 388 169 84 25 8 7 11 11 8 2 ]
Sequencer_0: [binsize: 1 max: 4 count: 5919 average: 2.59317 | standard deviation: 0.777884 | 0 645 1549 3294 431 ]
Sequencer_1: [binsize: 1 max: 0 count: 0 average: NaN |standard deviation: NaN | 0 ]
Sequencer_2: [binsize: 1 max: 0 count: 0 average: NaN |standard deviation: NaN | 0 ]
Sequencer_3: [binsize: 1 max: 0 count: 0 average: NaN |standard deviation: NaN | 0 ]
Sequencer_4: [binsize: 1 max: 0 count: 0 average: NaN |standard deviation: NaN | 0 ]
Sequencer_5: [binsize: 1 max: 0 count: 0 average: NaN |standard deviation: NaN | 0 ]
Sequencer_6: [binsize: 1 max: 0 count: 0 average: NaN |standard deviation: NaN | 0 ]
Sequencer_7: [binsize: 1 max: 0 count: 0 average: NaN |standard deviation: NaN | 0 ]
SequencerACC_0: [binsize: 1 max: 22 count: 44424 average: 4.83036 | standard deviation: 2.94855 | 0 7580 3548 3280 5813 7661 6553 3856 2150 970 663 701 564 471 365 141 70 19 5 4 6 3 1 ]
SequencerACC_1: [binsize: 1 max: 22 count: 11272 average: 3.92601 | standard deviation: 2.99902 | 0 4012 440 958 1648 1449 609 753 521 176 165 304 214 4 1 1 2 2 1 2 3 5 2 ]
SequencerACC_2: [binsize: 1 max: 23 count: 42384 average: 4.30299 | standard deviation: 2.24175 | 0 4974 5273 4864 6895 9132 5907 2921 1389 200 115 97 167 421 3 5 2 4 2 1 2 3 5 2 ]
SequencerACC_3: [binsize: 1 max: 13 count: 14328 average: 2.88603 | standard deviation: 2.17598 | 0 6213 900 1681 2834 1543 413 191 111 105 126 198 11 2 ]
SequencerACC_4: [binsize: 1 max: 13 count: 14328 average: 2.86997 | standard deviation: 2.18376 | 0 6219 892 1867 2768 1432 414 156 123 105 128 190 32 2 ]
SequencerACC_5: [binsize: 1 max: 16 count: 32122 average: 4.24522 | standard deviation: 2.50007 | 0 6430 1775 3582 6005 6165 3919 1488 900 619 298 420 373 97 19 22 10 ]
SequencerACC_6: [binsize: 1 max: 0 count: 0 average: NaN |standard deviation: NaN | 0 ]
SequencerACC_7: [binsize: 1 max: 0 count: 0 average: NaN |standard deviation: NaN | 0 ]
Request vs. System State Profile
--------------------------------


filter_action: [binsize: 1 max: 0 count: 0 average: NaN |standard deviation: NaN | 0 ]

Message Delayed Cycles
----------------------
Total_delay_cycles: [binsize: 2 max: 82 count: 1734 average: 26.282 | standard deviation: 6.73572 | 0 0 0 0 0 138 0 0 102 49 5 1 2 304 984 42 28 8 8 9 8 34 2 2 0 1 0 0 0 0 3 0 0 0 0 1 1 1 0 0 0 1 0 ]
Total_nonPF_delay_cycles: [binsize: 2 max: 82 count: 602 average: 24.7757 | standard deviation: 7.94815 | 0 0 0 0 0 42 0 0 102 49 5 1 2 304 20 12 10 4 4 3 6 33 2 2 0 0 0 0 0 0 0 0 0 0 0 0 0 0 0 0 0 1 0 0 0 0 0 0 ]
  virtual_network_0_delay_cycles: [binsize: 2 max: 75 count: 1132 average: 27.083 | standard deviation: 5.83951 | 0 0 0 0 0 96 0 0 0 0 0 0 0 0 964 30 18 4 4 6 2 1 0 0 0 1 0 0 0 0 3 0 0 0 0 1 1 1 0 0 0 0 0 ]
  virtual_network_1_delay_cycles: [binsize: 1 max: 0 count: 0 average: NaN |standard deviation: NaN | 0 ]
  virtual_network_2_delay_cycles: [binsize: 1 max: 11 count: 42 average:    11 | standard deviation: 0 | 0 0 0 0 0 0 0 0 0 0 0 42 ]
  virtual_network_3_delay_cycles: [binsize: 2 max: 82 count: 560 average: 25.8089 | standard deviation: 7.25204 | 0 0 0 0 0 0 0 0 102 49 5 1 2 304 20 12 10 4 4 3 6 33 2 2 0 0 0 0 0 0 0 0 0 0 0 0 0 0 0 0 0 1 0 0 0 0 0 0 ]
  virtual_network_4_delay_cycles: [binsize: 1 max: 0 count: 0 average: NaN |standard deviation: NaN | 0 ]
  virtual_network_5_delay_cycles: [binsize: 1 max: 0 count: 0 average: NaN |standard deviation: NaN | 0 ]
  virtual_network_6_delay_cycles: [binsize: 1 max: 0 count: 0 average: NaN |standard deviation: NaN | 0 ]
  virtual_network_7_delay_cycles: [binsize: 1 max: 0 count: 0 average: NaN |standard deviation: NaN | 0 ]

Resource Usage
--------------
page_size: 4096
user_time: 85
system_time: 4
page_reclaims: 27446
page_faults: 0
swaps: 0
block_inputs: 0
block_outputs: 728

Coherence Bandwidth Breakdown
----------------------
L1_ATOMIC = 0
L2_DATA = 2395
L2_TO_L2T_MSG = 41
L2_DATA_GX = 25
L2T_TO_L1T_DATA = 44604
L1_DATA_GX = 0
L2_TO_L2T_ACK = 41
L2T_TO_L1T_MSG = 76744
L2_DATA_S = 215
L2T_TO_L1T_ATOMIC = 0
L1_DATA_PC = 0
L1_MSG = 0
L2_COHMSG_FWD = 42
L1_DATA_F = 0
L1_DATA_PX = 165
L2_COHMSG_RCL = 0
L1T_TO_L2T_DATA = 306976
L2_MSG = 0
L2_COHMSG_INV = 0
L1_COHMSG_RCLACK = 0
L1T_TO_L2T_ATOMIC = 0
L2_COHMSG = 0
L2_ATOMIC = 0
L2_TO_L2T_DATA = 2570
L1_DATA = 0
L1_COHMSG = 1132
L1_COHMSG_INVACK = 0
L1T_TO_L2T_MSG = 11151
----------------------
total_flits_messages = 446101
----------------------

DMA = 0
DATA_GX_OW = 156
DATA_PX_C = 132
DATA_PX_D = 33
DATA_GX_C = 39
Block_lifetimes_pow2: [binsize: log2 max: 0 count: 0 average: NaN |standard deviation: NaN | 0 ]
Block_lifetimes[WRITE]_pow2: [binsize: log2 max: 0 count: 0 average: NaN |standard deviation: NaN | 0 ]
Block_lifetimes[EVICT]_pow2: [binsize: log2 max: 0 count: 0 average: NaN |standard deviation: NaN | 0 ]
CL_stall_evict: [binsize: log2 max: 0 count: 0 average: NaN |standard deviation: NaN | 0 ]
CL_stall_fence: [binsize: log2 max: 0 count: 0 average: NaN |standard deviation: NaN | 0 ]
Private_L1_evictions: 0
MessageBuffer: [Chip 0 0, L1Cache, mandatoryQueue] stats - msgs:5919 full:0 size:[binsize: 1 max: 4 count: 5919 average: 2.36459 | standard deviation: 0.715776 | 0 733 2392 2697 97 ]
MessageBuffer: [Chip 0 1, L1Cache, mandatoryQueue] stats - msgs:0 full:0 size:[binsize: 1 max: 0 count: 0 average: NaN |standard deviation: NaN | 0 ]
MessageBuffer: [Chip 0 2, L1Cache, mandatoryQueue] stats - msgs:0 full:0 size:[binsize: 1 max: 0 count: 0 average: NaN |standard deviation: NaN | 0 ]
MessageBuffer: [Chip 0 3, L1Cache, mandatoryQueue] stats - msgs:0 full:0 size:[binsize: 1 max: 0 count: 0 average: NaN |standard deviation: NaN | 0 ]
MessageBuffer: [Chip 0 4, L1Cache, mandatoryQueue] stats - msgs:0 full:0 size:[binsize: 1 max: 0 count: 0 average: NaN |standard deviation: NaN | 0 ]
MessageBuffer: [Chip 0 5, L1Cache, mandatoryQueue] stats - msgs:0 full:0 size:[binsize: 1 max: 0 count: 0 average: NaN |standard deviation: NaN | 0 ]
MessageBuffer: [Chip 0 6, L1Cache, mandatoryQueue] stats - msgs:0 full:0 size:[binsize: 1 max: 0 count: 0 average: NaN |standard deviation: NaN | 0 ]
MessageBuffer: [Chip 0 7, L1Cache, mandatoryQueue] stats - msgs:0 full:0 size:[binsize: 1 max: 0 count: 0 average: NaN |standard deviation: NaN | 0 ]

Network Stats
-------------

Network interface outbound traffic
NI_0 (L1TCache) : [L1TCache]=0 [L2TCache]=81936 [L2Cache]=0 [L1Cache]=0 [Directory]=0 
NI_1 (L1TCache) : [L1TCache]=0 [L2TCache]=28079 [L2Cache]=0 [L1Cache]=0 [Directory]=0 
NI_2 (L1TCache) : [L1TCache]=0 [L2TCache]=76704 [L2Cache]=0 [L1Cache]=0 [Directory]=0 
NI_3 (L1TCache) : [L1TCache]=0 [L2TCache]=37593 [L2Cache]=0 [L1Cache]=0 [Directory]=0 
NI_4 (L1TCache) : [L1TCache]=0 [L2TCache]=37591 [L2Cache]=0 [L1Cache]=0 [Directory]=0 
NI_5 (L1TCache) : [L1TCache]=0 [L2TCache]=56224 [L2Cache]=0 [L1Cache]=0 [Directory]=0 
NI_6 (L1TCache) : [L1TCache]=0 [L2TCache]=0 [L2Cache]=0 [L1Cache]=0 [Directory]=0 
NI_7 (L1TCache) : [L1TCache]=0 [L2TCache]=0 [L2Cache]=0 [L1Cache]=0 [Directory]=0 
NI_8 (L2TCache) : [L1TCache]=70336 [L2TCache]=0 [L2Cache]=785 [L1Cache]=0 [Directory]=0 
NI_9 (L2TCache) : [L1TCache]=6680 [L2TCache]=0 [L2Cache]=260 [L1Cache]=0 [Directory]=0 
NI_10 (L2TCache) : [L1TCache]=44332 [L2TCache]=0 [L2Cache]=156 [L1Cache]=0 [Directory]=0 
NI_11 (L2TCache) : [L1TCache]=0 [L2TCache]=0 [L2Cache]=0 [L1Cache]=0 [Directory]=0 
NI_12 (L2Cache) : [L1TCache]=0 [L2TCache]=1402 [L2Cache]=0 [L1Cache]=282 [Directory]=271 
NI_13 (L2Cache) : [L1TCache]=0 [L2TCache]=650 [L2Cache]=0 [L1Cache]=0 [Directory]=130 
NI_14 (L2Cache) : [L1TCache]=0 [L2TCache]=390 [L2Cache]=0 [L1Cache]=0 [Directory]=78 
NI_15 (L2Cache) : [L1TCache]=0 [L2TCache]=0 [L2Cache]=0 [L1Cache]=0 [Directory]=0 
NI_16 (L1Cache) : [L1TCache]=0 [L2TCache]=210 [L2Cache]=96 [L1Cache]=0 [Directory]=0 
NI_17 (L1Cache) : [L1TCache]=0 [L2TCache]=0 [L2Cache]=0 [L1Cache]=0 [Directory]=0 
NI_18 (L1Cache) : [L1TCache]=0 [L2TCache]=0 [L2Cache]=0 [L1Cache]=0 [Directory]=0 
NI_19 (L1Cache) : [L1TCache]=0 [L2TCache]=0 [L2Cache]=0 [L1Cache]=0 [Directory]=0 
NI_20 (L1Cache) : [L1TCache]=0 [L2TCache]=0 [L2Cache]=0 [L1Cache]=0 [Directory]=0 
NI_21 (L1Cache) : [L1TCache]=0 [L2TCache]=0 [L2Cache]=0 [L1Cache]=0 [Directory]=0 
NI_22 (L1Cache) : [L1TCache]=0 [L2TCache]=0 [L2Cache]=0 [L1Cache]=0 [Directory]=0 
NI_23 (L1Cache) : [L1TCache]=0 [L2TCache]=0 [L2Cache]=0 [L1Cache]=0 [Directory]=0 
NI_24 (Directory) : [L1TCache]=0 [L2TCache]=0 [L2Cache]=610 [L1Cache]=0 [Directory]=0 
NI_25 (Directory) : [L1TCache]=0 [L2TCache]=0 [L2Cache]=610 [L1Cache]=0 [Directory]=0 
NI_26 (Directory) : [L1TCache]=0 [L2TCache]=0 [L2Cache]=590 [L1Cache]=0 [Directory]=0 
NI_27 (Directory) : [L1TCache]=0 [L2TCache]=0 [L2Cache]=585 [L1Cache]=0 [Directory]=0 
L1_L2_flits_transferred = 0
L1_out_flits = 0
L2_out_flits = 0
-------------
Average Link Utilization :: 0.00685518 flits/cycle
total_flits_on_link = 905186
-------------
Total VC Load [0] = 537 flits
Total VC Load [1] = 547 flits
Total VC Load [2] = 552 flits
Total VC Load [3] = 548 flits
Total VC Load [4] = 59 flits
Total VC Load [5] = 65 flits
Total VC Load [6] = 65 flits
Total VC Load [7] = 59 flits
Total VC Load [8] = 392 flits
Total VC Load [9] = 428 flits
Total VC Load [10] = 436 flits
Total VC Load [11] = 422 flits
Total VC Load [12] = 5065 flits
Total VC Load [13] = 5069 flits
Total VC Load [14] = 5015 flits
Total VC Load [15] = 4825 flits
Total VC Load [16] = 522 flits
Total VC Load [17] = 542 flits
Total VC Load [18] = 552 flits
Total VC Load [19] = 536 flits
Total VC Load [20] = 159883 flits
Total VC Load [21] = 158875 flits
Total VC Load [22] = 159032 flits
Total VC Load [23] = 158464 flits
Total VC Load [24] = 61005 flits
Total VC Load [25] = 60435 flits
Total VC Load [26] = 60675 flits
Total VC Load [27] = 60581 flits
Total VC Load [28] = 0 flits
Total VC Load [29] = 0 flits
Total VC Load [30] = 0 flits
Total VC Load [31] = 0 flits
-------------
Average VC Load [0] = 0.00026841 flits/cycle 
Average VC Load [1] = 0.000273409 flits/cycle 
Average VC Load [2] = 0.000275908 flits/cycle 
Average VC Load [3] = 0.000273909 flits/cycle 
Average VC Load [4] = 2.94902e-05 flits/cycle 
Average VC Load [5] = 3.24891e-05 flits/cycle 
Average VC Load [6] = 3.24891e-05 flits/cycle 
Average VC Load [7] = 2.94902e-05 flits/cycle 
Average VC Load [8] = 0.000195935 flits/cycle 
Average VC Load [9] = 0.000213929 flits/cycle 
Average VC Load [10] = 0.000217927 flits/cycle 
Average VC Load [11] = 0.00021093 flits/cycle 
Average VC Load [12] = 0.00253165 flits/cycle 
Average VC Load [13] = 0.00253365 flits/cycle 
Average VC Load [14] = 0.00250666 flits/cycle 
Average VC Load [15] = 0.00241169 flits/cycle 
Average VC Load [16] = 0.000260913 flits/cycle 
Average VC Load [17] = 0.00027091 flits/cycle 
Average VC Load [18] = 0.000275908 flits/cycle 
Average VC Load [19] = 0.000267911 flits/cycle 
Average VC Load [20] = 0.0799148 flits/cycle 
Average VC Load [21] = 0.079411 flits/cycle 
Average VC Load [22] = 0.0794895 flits/cycle 
Average VC Load [23] = 0.0792055 flits/cycle 
Average VC Load [24] = 0.0304923 flits/cycle 
Average VC Load [25] = 0.0302074 flits/cycle 
Average VC Load [26] = 0.0303274 flits/cycle 
Average VC Load [27] = 0.0302804 flits/cycle 
Average VC Load [28] = 0 flits/cycle 
Average VC Load [29] = 0 flits/cycle 
Average VC Load [30] = 0 flits/cycle 
Average VC Load [31] = 0 flits/cycle 
-------------
Average network latency = 9.10723
-------------
Dynamic_Link_Power = 0.0501345
Static_Link_Power = 0.733365
Total_Link_Power = 0.7835
Total Link Area = 4.09374e+06 uM^2 
Router Dynamic Power:
       Input buffer: 0.00212556, Crossbar: 0.00402312, VC allocator: 0.000439466, SW allocator: 0.00122023, Clock: 0.153216, Total: 0.161024
Router Static Power:
       Input buffer: 0.891938, Crossbar: 0.1624, VC allocator: 0.438066, SW allocator: 0.0171352, Clock: 0.029369, Total: 1.53891
Router Total Power: 1.69993
Dynamic_Router_Power = 0.161024
Static_Router_Power = 1.53891
Total_Router_Power = 1.69993
Area:
Input buffer: 2.86355e-06, Crossbar: 2.50402e-06, VC allocator: 1.05856e-06, SW allocator: 4.14062e-08

Total_Dynamic_Power = 0.211159
Total_Static_Power = 2.27227
Total_Power = 2.48343
-------------

Gpusim Interface Stats
----------------------


Chip Stats
----------

 --- L1TCache ---
 - Event Counts -
Load  82114
L1_WThru  76744
L1_Atomic  0
L1_Replacement  95
Data  0
Data_Done  11151
Ack  0
Ack_Done  76744
DataAtomic  0
DataAtomic_Done  0

 - Transitions -
I  Load  11151
I  L1_WThru  50100
I  L1_Atomic  0 <-- 
I  L1_Replacement  86

S  Load  70963
S  L1_WThru  26644
S  L1_Atomic  0 <-- 
S  L1_Replacement  9

I_S  L1_WThru  0 <-- 
I_S  L1_Atomic  0 <-- 
I_S  Data_Done  11151

I_I  Load  0 <-- 
I_I  L1_WThru  0 <-- 
I_I  L1_Atomic  0 <-- 
I_I  Data  0 <-- 
I_I  Data_Done  0 <-- 
I_I  Ack  0 <-- 
I_I  Ack_Done  52188
I_I  DataAtomic  0 <-- 
I_I  DataAtomic_Done  0 <-- 

SM  Load  0 <-- 
SM  L1_WThru  0 <-- 
SM  L1_Atomic  0 <-- 
SM  Data  0 <-- 
SM  Data_Done  0 <-- 
SM  Ack  0 <-- 
SM  Ack_Done  24556

 --- L2TCache ---
 - Event Counts -
L1_GETS  11151
L1_Write  50100
L1_Upgrade_T  25810
L1_Upgrade_NT  834
L2_Atomic  0
L2_Expire  2
L2_Replacement  0
L2_Replacement_clean  0
Data  0
Data_all_Acks  514
Ack  0
Ack_all  0
WB_Ack  41
Fwd_GETX  34
Fwd_GETS  7
Inv  0

 - Transitions -
NP  L1_GETS  273
NP  L1_Write  241
NP  L1_Upgrade_NT  0 <-- 
NP  L2_Atomic  0 <-- 

E  L1_GETS  10873
E  L1_Write  49859
E  L1_Upgrade_NT  834
E  L2_Atomic  0 <-- 
E  L2_Replacement  0 <-- 
E  L2_Replacement_clean  0 <-- 
E  Fwd_GETX  34
E  Fwd_GETS  5
E  Inv  0 <-- 

S  L1_GETS  5
S  L1_Upgrade_T  25810
S  L2_Replacement  0 <-- 
S  L2_Replacement_clean  0 <-- 
S  Fwd_GETX  0 <-- 
S  Fwd_GETS  2
S  Inv  0 <-- 

SS  L1_GETS  0 <-- 
SS  L2_Replacement  0 <-- 
SS  L2_Replacement_clean  0 <-- 
SS  Fwd_GETX  0 <-- 
SS  Fwd_GETS  0 <-- 
SS  Inv  0 <-- 

IS  L1_GETS  0 <-- 
IS  Data  0 <-- 
IS  Data_all_Acks  273
IS  Ack  0 <-- 
IS  Ack_all  0 <-- 

ISS  Data  0 <-- 
ISS  Data_all_Acks  0 <-- 
ISS  Ack  0 <-- 
ISS  Ack_all  0 <-- 

IM  Data  0 <-- 
IM  Data_all_Acks  241
IM  Ack  0 <-- 
IM  Ack_all  0 <-- 

IMA  Data  0 <-- 
IMA  Data_all_Acks  0 <-- 
IMA  Ack  0 <-- 
IMA  Ack_all  0 <-- 

MI  L2_Expire  2
MI  Fwd_GETX  0 <-- 
MI  Fwd_GETS  0 <-- 
MI  Inv  0 <-- 

MI_Ack  WB_Ack  41
MI_Ack  Fwd_GETX  0 <-- 
MI_Ack  Fwd_GETS  0 <-- 
MI_Ack  Inv  0 <-- 

 --- L2Cache ---
 - Event Counts -
L1_GET_INSTR  0
L1_GETS  9
L1_GETX  553
L1_UPGRADE  0
L1_PUTX  0
L1_PUTX_old  0
Fwd_L1_GETX  0
Fwd_L1_GETS  0
Fwd_L1_GET_INSTR  0
L2_Replacement  0
L2_Replacement_clean  0
Mem_Data  479
WB_Data  0
WB_Data_clean  0
Ack  0
Ack_all  0
Mem_Ack  0
Unblock  0
Unblock_Cancel  0
Exclusive_Unblock  562
PUTX_ACC  8
DATA_ACC  33

 - Transitions -
NP  L1_GET_INSTR  0 <-- 
NP  L1_GETS  2
NP  L1_GETX  477
NP  L1_PUTX  0 <-- 
NP  L1_PUTX_old  0 <-- 

SS  L1_GET_INSTR  0 <-- 
SS  L1_GETS  0 <-- 
SS  L1_GETX  0 <-- 
SS  L1_UPGRADE  0 <-- 
SS  L1_PUTX  0 <-- 
SS  L1_PUTX_old  0 <-- 
SS  L2_Replacement  0 <-- 
SS  L2_Replacement_clean  0 <-- 

M  L1_GET_INSTR  0 <-- 
M  L1_GETS  0 <-- 
M  L1_GETX  0 <-- 
M  L1_PUTX  0 <-- 
M  L1_PUTX_old  0 <-- 
M  L2_Replacement  0 <-- 
M  L2_Replacement_clean  0 <-- 

MT  L1_GET_INSTR  0 <-- 
MT  L1_GETS  7
MT  L1_GETX  76
MT  L1_PUTX  0 <-- 
MT  L1_PUTX_old  0 <-- 
MT  L2_Replacement  0 <-- 
MT  L2_Replacement_clean  0 <-- 
MT  PUTX_ACC  0 <-- 
MT  DATA_ACC  0 <-- 

M_I  L1_GET_INSTR  0 <-- 
M_I  L1_GETS  0 <-- 
M_I  L1_GETX  0 <-- 
M_I  L1_UPGRADE  0 <-- 
M_I  Mem_Ack  0 <-- 

MT_I  L1_GET_INSTR  0 <-- 
MT_I  L1_GETS  0 <-- 
MT_I  L1_GETX  0 <-- 
MT_I  L1_UPGRADE  0 <-- 
MT_I  L1_PUTX  0 <-- 
MT_I  L1_PUTX_old  0 <-- 
MT_I  WB_Data  0 <-- 
MT_I  WB_Data_clean  0 <-- 
MT_I  Ack_all  0 <-- 
MT_I  PUTX_ACC  0 <-- 
MT_I  DATA_ACC  0 <-- 

MCT_I  L1_GET_INSTR  0 <-- 
MCT_I  L1_GETS  0 <-- 
MCT_I  L1_GETX  0 <-- 
MCT_I  L1_UPGRADE  0 <-- 
MCT_I  L1_PUTX  0 <-- 
MCT_I  L1_PUTX_old  0 <-- 
MCT_I  WB_Data  0 <-- 
MCT_I  WB_Data_clean  0 <-- 
MCT_I  Ack_all  0 <-- 
MCT_I  PUTX_ACC  0 <-- 
MCT_I  DATA_ACC  0 <-- 

I_I  L1_GET_INSTR  0 <-- 
I_I  L1_GETS  0 <-- 
I_I  L1_GETX  0 <-- 
I_I  L1_UPGRADE  0 <-- 
I_I  L1_PUTX  0 <-- 
I_I  L1_PUTX_old  0 <-- 
I_I  Ack  0 <-- 
I_I  Ack_all  0 <-- 

S_I  L1_GET_INSTR  0 <-- 
S_I  L1_GETS  0 <-- 
S_I  L1_GETX  0 <-- 
S_I  L1_UPGRADE  0 <-- 
S_I  L1_PUTX  0 <-- 
S_I  L1_PUTX_old  0 <-- 
S_I  Ack  0 <-- 
S_I  Ack_all  0 <-- 

ISS  L1_GET_INSTR  0 <-- 
ISS  L1_GETS  0 <-- 
ISS  L1_GETX  0 <-- 
ISS  L1_PUTX  0 <-- 
ISS  L1_PUTX_old  0 <-- 
ISS  L2_Replacement  0 <-- 
ISS  L2_Replacement_clean  0 <-- 
ISS  Mem_Data  2

IS  L1_GET_INSTR  0 <-- 
IS  L1_GETS  0 <-- 
IS  L1_GETX  0 <-- 
IS  L1_PUTX  0 <-- 
IS  L1_PUTX_old  0 <-- 
IS  L2_Replacement  0 <-- 
IS  L2_Replacement_clean  0 <-- 
IS  Mem_Data  0 <-- 

IM  L1_GET_INSTR  0 <-- 
IM  L1_GETS  0 <-- 
IM  L1_GETX  0 <-- 
IM  L1_PUTX  0 <-- 
IM  L1_PUTX_old  0 <-- 
IM  L2_Replacement  0 <-- 
IM  L2_Replacement_clean  0 <-- 
IM  Mem_Data  477

SS_MB  L1_GET_INSTR  0 <-- 
SS_MB  L1_GETS  0 <-- 
SS_MB  L1_GETX  0 <-- 
SS_MB  L1_UPGRADE  0 <-- 
SS_MB  L1_PUTX  0 <-- 
SS_MB  L1_PUTX_old  0 <-- 
SS_MB  L2_Replacement  0 <-- 
SS_MB  L2_Replacement_clean  0 <-- 
SS_MB  Exclusive_Unblock  0 <-- 

MT_MB  L1_GET_INSTR  0 <-- 
MT_MB  L1_GETS  0 <-- 
MT_MB  L1_GETX  0 <-- 
MT_MB  L1_UPGRADE  0 <-- 
MT_MB  L1_PUTX  0 <-- 
MT_MB  L1_PUTX_old  0 <-- 
MT_MB  L2_Replacement  0 <-- 
MT_MB  L2_Replacement_clean  0 <-- 
MT_MB  Exclusive_Unblock  562
MT_MB  PUTX_ACC  2
MT_MB  DATA_ACC  32

M_MB  L1_GET_INSTR  0 <-- 
M_MB  L1_GETS  0 <-- 
M_MB  L1_GETX  0 <-- 
M_MB  L1_UPGRADE  0 <-- 
M_MB  L1_PUTX  0 <-- 
M_MB  L1_PUTX_old  0 <-- 
M_MB  L2_Replacement  0 <-- 
M_MB  L2_Replacement_clean  0 <-- 
M_MB  Exclusive_Unblock  0 <-- 

MT_IIB  L1_GET_INSTR  0 <-- 
MT_IIB  L1_GETS  0 <-- 
MT_IIB  L1_GETX  0 <-- 
MT_IIB  L1_UPGRADE  0 <-- 
MT_IIB  L1_PUTX  0 <-- 
MT_IIB  L1_PUTX_old  0 <-- 
MT_IIB  L2_Replacement  0 <-- 
MT_IIB  L2_Replacement_clean  0 <-- 
MT_IIB  WB_Data  0 <-- 
MT_IIB  WB_Data_clean  0 <-- 
MT_IIB  Unblock  0 <-- 
MT_IIB  PUTX_ACC  6
MT_IIB  DATA_ACC  1

MT_IB  L1_GET_INSTR  0 <-- 
MT_IB  L1_GETS  0 <-- 
MT_IB  L1_GETX  0 <-- 
MT_IB  L1_UPGRADE  0 <-- 
MT_IB  L1_PUTX  0 <-- 
MT_IB  L1_PUTX_old  0 <-- 
MT_IB  L2_Replacement  0 <-- 
MT_IB  L2_Replacement_clean  0 <-- 
MT_IB  WB_Data  0 <-- 
MT_IB  WB_Data_clean  0 <-- 

MT_SB  L1_GET_INSTR  0 <-- 
MT_SB  L1_GETS  0 <-- 
MT_SB  L1_GETX  0 <-- 
MT_SB  L1_UPGRADE  0 <-- 
MT_SB  L1_PUTX  0 <-- 
MT_SB  L1_PUTX_old  0 <-- 
MT_SB  L2_Replacement  0 <-- 
MT_SB  L2_Replacement_clean  0 <-- 
MT_SB  Unblock  0 <-- 

 --- L1Cache ---
 - Event Counts -
Load  2560
Ifetch  0
Store  3359
Inv  0
L1_Replacement  0
Fwd_GETX  42
Fwd_GETS  0
Fwd_GET_INSTR  0
Data  0
Data_Exclusive  43
DataS_fromL1  0
Data_all_Acks  5
Ack  0
Ack_all  0
WB_Ack  0

 - Transitions -
NP  Load  2
NP  Ifetch  0 <-- 
NP  Store  5
NP  Inv  0 <-- 
NP  L1_Replacement  0 <-- 

I  Load  7
I  Ifetch  0 <-- 
I  Store  34
I  Inv  0 <-- 
I  L1_Replacement  0 <-- 

S  Load  0 <-- 
S  Ifetch  0 <-- 
S  Store  0 <-- 
S  Inv  0 <-- 
S  L1_Replacement  0 <-- 

E  Load  162
E  Ifetch  0 <-- 
E  Store  5
E  Inv  0 <-- 
E  L1_Replacement  0 <-- 
E  Fwd_GETX  2
E  Fwd_GETS  0 <-- 
E  Fwd_GET_INSTR  0 <-- 

M  Load  2389
M  Ifetch  0 <-- 
M  Store  3315
M  Inv  0 <-- 
M  L1_Replacement  0 <-- 
M  Fwd_GETX  40
M  Fwd_GETS  0 <-- 
M  Fwd_GET_INSTR  0 <-- 

IS  Load  0 <-- 
IS  Ifetch  0 <-- 
IS  Store  0 <-- 
IS  Inv  0 <-- 
IS  L1_Replacement  0 <-- 
IS  Data_Exclusive  9
IS  DataS_fromL1  0 <-- 
IS  Data_all_Acks  0 <-- 

IM  Load  0 <-- 
IM  Ifetch  0 <-- 
IM  Store  0 <-- 
IM  Inv  0 <-- 
IM  L1_Replacement  0 <-- 
IM  Data  0 <-- 
IM  Data_Exclusive  34
IM  Data_all_Acks  5
IM  Ack  0 <-- 

SM  Load  0 <-- 
SM  Ifetch  0 <-- 
SM  Store  0 <-- 
SM  Inv  0 <-- 
SM  L1_Replacement  0 <-- 
SM  Ack  0 <-- 
SM  Ack_all  0 <-- 

IS_I  Load  0 <-- 
IS_I  Ifetch  0 <-- 
IS_I  Store  0 <-- 
IS_I  Inv  0 <-- 
IS_I  L1_Replacement  0 <-- 
IS_I  Data_Exclusive  0 <-- 
IS_I  DataS_fromL1  0 <-- 
IS_I  Data_all_Acks  0 <-- 

M_I  Load  0 <-- 
M_I  Ifetch  0 <-- 
M_I  Store  0 <-- 
M_I  Inv  0 <-- 
M_I  L1_Replacement  0 <-- 
M_I  Fwd_GETX  0 <-- 
M_I  Fwd_GETS  0 <-- 
M_I  Fwd_GET_INSTR  0 <-- 
M_I  WB_Ack  0 <-- 

E_I  Load  0 <-- 
E_I  Ifetch  0 <-- 
E_I  Store  0 <-- 
E_I  L1_Replacement  0 <-- 

SINK_WB_ACK  Load  0 <-- 
SINK_WB_ACK  Ifetch  0 <-- 
SINK_WB_ACK  Store  0 <-- 
SINK_WB_ACK  Inv  0 <-- 
SINK_WB_ACK  L1_Replacement  0 <-- 
SINK_WB_ACK  WB_Ack  0 <-- 

 --- Directory ---
 - Event Counts -
Fetch  479
Data  0

 - Transitions -
I  Fetch  479
I  Data  0 <-- 


Chip Buffer Stats
----------

MessageBuffer: [Chip 0 0, L1TCache, requestFromL1Cache] stats - msgs:22734 full:0 size:[binsize: 1 max: 13 count: 22734 average: 1.26353 | standard deviation: 0.644778 | 0 17988 4064 410 137 82 20 9 4 7 5 4 3 1 ]
MessageBuffer: [Chip 0 1, L1TCache, requestFromL1Cache] stats - msgs:7637 full:0 size:[binsize: 1 max: 11 count: 7637 average: 1.37698 | standard deviation: 1.23157 | 0 6625 476 86 65 119 113 84 64 3 1 1 ]
MessageBuffer: [Chip 0 2, L1TCache, requestFromL1Cache] stats - msgs:22488 full:0 size:[binsize: 1 max: 12 count: 22488 average: 1.31675 | standard deviation: 0.878763 | 0 17725 3927 363 107 68 95 67 94 39 1 1 1 ]
MessageBuffer: [Chip 0 3, L1TCache, requestFromL1Cache] stats - msgs:9873 full:0 size:[binsize: 1 max: 9 count: 9873 average: 1.1342 | standard deviation: 0.640192 | 0 9158 505 57 31 47 40 22 11 2 ]
MessageBuffer: [Chip 0 4, L1TCache, requestFromL1Cache] stats - msgs:9871 full:0 size:[binsize: 1 max: 9 count: 9871 average: 1.13849 | standard deviation: 0.636289 | 0 9098 565 60 33 44 34 23 13 1 ]
MessageBuffer: [Chip 0 5, L1TCache, requestFromL1Cache] stats - msgs:15292 full:0 size:[binsize: 1 max: 7 count: 15292 average: 1.1508 | standard deviation: 0.418258 | 0 13294 1723 253 16 2 3 1 ]
MessageBuffer: [Chip 0 6, L1TCache, requestFromL1Cache] stats - msgs:0 full:0 size:[binsize: 1 max: 0 count: 0 average: NaN |standard deviation: NaN | 0 ]
MessageBuffer: [Chip 0 7, L1TCache, requestFromL1Cache] stats - msgs:0 full:0 size:[binsize: 1 max: 0 count: 0 average: NaN |standard deviation: NaN | 0 ]
MessageBuffer: [Chip 0 0, L1TCache, responseToL1Cache] stats - msgs:22734 full:0 size:[binsize: 1 max: 2 count: 22734 average: 1.02345 | standard deviation: 0.151388 | 0 22201 533 ]
MessageBuffer: [Chip 0 1, L1TCache, responseToL1Cache] stats - msgs:7637 full:0 size:[binsize: 1 max: 2 count: 7637 average: 1.01401 | standard deviation: 0.11782 | 0 7530 107 ]
MessageBuffer: [Chip 0 2, L1TCache, responseToL1Cache] stats - msgs:22488 full:0 size:[binsize: 1 max: 2 count: 22488 average: 1.0217 | standard deviation: 0.145797 | 0 22000 488 ]
MessageBuffer: [Chip 0 3, L1TCache, responseToL1Cache] stats - msgs:9873 full:0 size:[binsize: 1 max: 2 count: 9873 average: 1.01398 | standard deviation: 0.117803 | 0 9735 138 ]
MessageBuffer: [Chip 0 4, L1TCache, responseToL1Cache] stats - msgs:9871 full:0 size:[binsize: 1 max: 2 count: 9871 average: 1.01246 | standard deviation: 0.111179 | 0 9748 123 ]
MessageBuffer: [Chip 0 5, L1TCache, responseToL1Cache] stats - msgs:15292 full:0 size:[binsize: 1 max: 2 count: 15292 average: 1.01059 | standard deviation: 0.102611 | 0 15130 162 ]
MessageBuffer: [Chip 0 6, L1TCache, responseToL1Cache] stats - msgs:0 full:0 size:[binsize: 1 max: 0 count: 0 average: NaN |standard deviation: NaN | 0 ]
MessageBuffer: [Chip 0 7, L1TCache, responseToL1Cache] stats - msgs:0 full:0 size:[binsize: 1 max: 0 count: 0 average: NaN |standard deviation: NaN | 0 ]
MessageBuffer: [Chip 0 0, L2TCache, responseFromL2Cache] stats - msgs:55078 full:0 size:[binsize: 1 max: 5 count: 55078 average: 1.14775 | standard deviation: 0.394554 | 0 47634 6870 459 110 5 ]
MessageBuffer: [Chip 0 1, L2TCache, responseFromL2Cache] stats - msgs:3590 full:0 size:[binsize: 1 max: 4 count: 3590 average: 1.29694 | standard deviation: 0.578234 | 0 2730 673 168 19 ]
MessageBuffer: [Chip 0 2, L2TCache, responseFromL2Cache] stats - msgs:29227 full:0 size:[binsize: 1 max: 10 count: 29227 average: 1.54587 | standard deviation: 0.7932 | 0 16720 10615 776 757 305 43 3 3 3 2 ]
MessageBuffer: [Chip 0 3, L2TCache, responseFromL2Cache] stats - msgs:0 full:0 size:[binsize: 1 max: 0 count: 0 average: NaN |standard deviation: NaN | 0 ]
MessageBuffer: [Chip 0 0, L2TCache, L1RequestToL2Cache] stats - msgs:55078 full:0 size:[binsize: 1 max: 3 count: 55078 average: 1.01173 | standard deviation: 0.107881 | 0 54433 644 1 ]
MessageBuffer: [Chip 0 1, L2TCache, L1RequestToL2Cache] stats - msgs:3590 full:0 size:[binsize: 1 max: 2 count: 3590 average: 1.02201 | standard deviation: 0.147421 | 0 3511 79 ]
MessageBuffer: [Chip 0 2, L2TCache, L1RequestToL2Cache] stats - msgs:29227 full:0 size:[binsize: 1 max: 4 count: 29227 average: 1.04403 | standard deviation: 0.207223 | 0 27949 1272 3 3 ]
MessageBuffer: [Chip 0 3, L2TCache, L1RequestToL2Cache] stats - msgs:0 full:0 size:[binsize: 1 max: 0 count: 0 average: NaN |standard deviation: NaN | 0 ]
MessageBuffer: [Chip 0 0, L2TCache, requestFromL2TCache] stats - msgs:314 full:0 size:[binsize: 1 max: 3 count: 314 average: 1.10191 | standard deviation: 0.387505 | 0 291 14 9 ]
MessageBuffer: [Chip 0 1, L2TCache, requestFromL2TCache] stats - msgs:130 full:0 size:[binsize: 1 max: 3 count: 130 average: 1.12308 | standard deviation: 0.38378 | 0 116 12 2 ]
MessageBuffer: [Chip 0 2, L2TCache, requestFromL2TCache] stats - msgs:78 full:0 size:[binsize: 1 max: 1 count: 78 average:     1 | standard deviation: 0 | 0 78 ]
MessageBuffer: [Chip 0 3, L2TCache, requestFromL2TCache] stats - msgs:0 full:0 size:[binsize: 1 max: 0 count: 0 average: NaN |standard deviation: NaN | 0 ]
MessageBuffer: [Chip 0 0, L2TCache, responseFromL2TCache] stats - msgs:33 full:0 size:[binsize: 1 max: 2 count: 33 average: 1.0303 | standard deviation: 0.176777 | 0 32 1 ]
MessageBuffer: [Chip 0 1, L2TCache, responseFromL2TCache] stats - msgs:0 full:0 size:[binsize: 1 max: 0 count: 0 average: NaN |standard deviation: NaN | 0 ]
MessageBuffer: [Chip 0 2, L2TCache, responseFromL2TCache] stats - msgs:0 full:0 size:[binsize: 1 max: 0 count: 0 average: NaN |standard deviation: NaN | 0 ]
MessageBuffer: [Chip 0 3, L2TCache, responseFromL2TCache] stats - msgs:0 full:0 size:[binsize: 1 max: 0 count: 0 average: NaN |standard deviation: NaN | 0 ]
MessageBuffer: [Chip 0 0, L2TCache, unblockFromL2TCache] stats - msgs:306 full:0 size:[binsize: 1 max: 2 count: 306 average: 1.00654 | standard deviation: 0.0809776 | 0 304 2 ]
MessageBuffer: [Chip 0 1, L2TCache, unblockFromL2TCache] stats - msgs:130 full:0 size:[binsize: 1 max: 2 count: 130 average: 1.02308 | standard deviation: 0.152499 | 0 127 3 ]
MessageBuffer: [Chip 0 2, L2TCache, unblockFromL2TCache] stats - msgs:78 full:0 size:[binsize: 1 max: 2 count: 78 average: 1.01282 | standard deviation: 0.113961 | 0 77 1 ]
MessageBuffer: [Chip 0 3, L2TCache, unblockFromL2TCache] stats - msgs:0 full:0 size:[binsize: 1 max: 0 count: 0 average: NaN |standard deviation: NaN | 0 ]
MessageBuffer: [Chip 0 0, L2TCache, requestToL2TCache] stats - msgs:41 full:0 size:[binsize: 1 max: 1 count: 41 average:     1 | standard deviation: 0 | 0 41 ]
MessageBuffer: [Chip 0 1, L2TCache, requestToL2TCache] stats - msgs:0 full:0 size:[binsize: 1 max: 0 count: 0 average: NaN |standard deviation: NaN | 0 ]
MessageBuffer: [Chip 0 2, L2TCache, requestToL2TCache] stats - msgs:0 full:0 size:[binsize: 1 max: 0 count: 0 average: NaN |standard deviation: NaN | 0 ]
MessageBuffer: [Chip 0 3, L2TCache, requestToL2TCache] stats - msgs:0 full:0 size:[binsize: 1 max: 0 count: 0 average: NaN |standard deviation: NaN | 0 ]
MessageBuffer: [Chip 0 0, L2TCache, responseToL2TCache] stats - msgs:347 full:0 size:[binsize: 1 max: 1 count: 347 average:     1 | standard deviation: 0 | 0 347 ]
MessageBuffer: [Chip 0 1, L2TCache, responseToL2TCache] stats - msgs:130 full:0 size:[binsize: 1 max: 2 count: 130 average: 1.00769 | standard deviation: 0.0880451 | 0 129 1 ]
MessageBuffer: [Chip 0 2, L2TCache, responseToL2TCache] stats - msgs:78 full:0 size:[binsize: 1 max: 1 count: 78 average:     1 | standard deviation: 0 | 0 78 ]
MessageBuffer: [Chip 0 3, L2TCache, responseToL2TCache] stats - msgs:0 full:0 size:[binsize: 1 max: 0 count: 0 average: NaN |standard deviation: NaN | 0 ]
MessageBuffer: [Chip 0 0, L2Cache, DirRequestFromL2Cache] stats - msgs:271 full:0 size:[binsize: 1 max: 3 count: 271 average: 1.12546 | standard deviation: 0.412759 | 0 245 18 8 ]
MessageBuffer: [Chip 0 1, L2Cache, DirRequestFromL2Cache] stats - msgs:130 full:0 size:[binsize: 1 max: 3 count: 130 average: 1.13846 | standard deviation: 0.39375 | 0 114 14 2 ]
MessageBuffer: [Chip 0 2, L2Cache, DirRequestFromL2Cache] stats - msgs:78 full:0 size:[binsize: 1 max: 1 count: 78 average:     1 | standard deviation: 0 | 0 78 ]
MessageBuffer: [Chip 0 3, L2Cache, DirRequestFromL2Cache] stats - msgs:0 full:0 size:[binsize: 1 max: 0 count: 0 average: NaN |standard deviation: NaN | 0 ]
MessageBuffer: [Chip 0 0, L2Cache, L1RequestFromL2Cache] stats - msgs:83 full:0 size:[binsize: 1 max: 2 count: 83 average: 1.0241 | standard deviation: 0.156174 | 0 81 2 ]
MessageBuffer: [Chip 0 1, L2Cache, L1RequestFromL2Cache] stats - msgs:0 full:0 size:[binsize: 1 max: 0 count: 0 average: NaN |standard deviation: NaN | 0 ]
MessageBuffer: [Chip 0 2, L2Cache, L1RequestFromL2Cache] stats - msgs:0 full:0 size:[binsize: 1 max: 0 count: 0 average: NaN |standard deviation: NaN | 0 ]
MessageBuffer: [Chip 0 3, L2Cache, L1RequestFromL2Cache] stats - msgs:0 full:0 size:[binsize: 1 max: 0 count: 0 average: NaN |standard deviation: NaN | 0 ]
MessageBuffer: [Chip 0 0, L2Cache, responseFromL2Cache] stats - msgs:353 full:0 size:[binsize: 1 max: 4 count: 353 average: 1.25779 | standard deviation: 0.511237 | 0 273 70 9 1 ]
MessageBuffer: [Chip 0 1, L2Cache, responseFromL2Cache] stats - msgs:130 full:0 size:[binsize: 1 max: 4 count: 130 average: 1.31538 | standard deviation: 0.603607 | 0 97 26 6 1 ]
MessageBuffer: [Chip 0 2, L2Cache, responseFromL2Cache] stats - msgs:78 full:0 size:[binsize: 1 max: 2 count: 78 average: 1.03846 | standard deviation: 0.197386 | 0 75 3 ]
MessageBuffer: [Chip 0 3, L2Cache, responseFromL2Cache] stats - msgs:0 full:0 size:[binsize: 1 max: 0 count: 0 average: NaN |standard deviation: NaN | 0 ]
MessageBuffer: [Chip 0 0, L2Cache, unblockToL2Cache] stats - msgs:354 full:0 size:[binsize: 1 max: 2 count: 354 average: 1.00565 | standard deviation: 0.075271 | 0 352 2 ]
MessageBuffer: [Chip 0 1, L2Cache, unblockToL2Cache] stats - msgs:130 full:0 size:[binsize: 1 max: 2 count: 130 average: 1.00769 | standard deviation: 0.0880451 | 0 129 1 ]
MessageBuffer: [Chip 0 2, L2Cache, unblockToL2Cache] stats - msgs:78 full:0 size:[binsize: 1 max: 2 count: 78 average: 1.01282 | standard deviation: 0.113961 | 0 77 1 ]
MessageBuffer: [Chip 0 3, L2Cache, unblockToL2Cache] stats - msgs:0 full:0 size:[binsize: 1 max: 0 count: 0 average: NaN |standard deviation: NaN | 0 ]
MessageBuffer: [Chip 0 0, L2Cache, L1RequestToL2Cache] stats - msgs:362 full:0 size:[binsize: 1 max: 2 count: 362 average: 1.0221 | standard deviation: 0.148865 | 0 354 8 ]
MessageBuffer: [Chip 0 1, L2Cache, L1RequestToL2Cache] stats - msgs:130 full:0 size:[binsize: 1 max: 2 count: 130 average: 1.02308 | standard deviation: 0.152499 | 0 127 3 ]
MessageBuffer: [Chip 0 2, L2Cache, L1RequestToL2Cache] stats - msgs:78 full:0 size:[binsize: 1 max: 1 count: 78 average:     1 | standard deviation: 0 | 0 78 ]
MessageBuffer: [Chip 0 3, L2Cache, L1RequestToL2Cache] stats - msgs:0 full:0 size:[binsize: 1 max: 0 count: 0 average: NaN |standard deviation: NaN | 0 ]
MessageBuffer: [Chip 0 0, L2Cache, responseToL2Cache] stats - msgs:304 full:0 size:[binsize: 1 max: 2 count: 304 average: 1.00987 | standard deviation: 0.0995037 | 0 301 3 ]
MessageBuffer: [Chip 0 1, L2Cache, responseToL2Cache] stats - msgs:130 full:0 size:[binsize: 1 max: 2 count: 130 average: 1.00769 | standard deviation: 0.0880451 | 0 129 1 ]
MessageBuffer: [Chip 0 2, L2Cache, responseToL2Cache] stats - msgs:78 full:0 size:[binsize: 1 max: 1 count: 78 average:     1 | standard deviation: 0 | 0 78 ]
MessageBuffer: [Chip 0 3, L2Cache, responseToL2Cache] stats - msgs:0 full:0 size:[binsize: 1 max: 0 count: 0 average: NaN |standard deviation: NaN | 0 ]
MessageBuffer: [Chip 0 0, L1Cache, requestFromL1Cache] stats - msgs:48 full:0 size:[binsize: 1 max: 2 count: 48 average: 1.04167 | standard deviation: 0.206284 | 0 46 2 ]
MessageBuffer: [Chip 0 1, L1Cache, requestFromL1Cache] stats - msgs:0 full:0 size:[binsize: 1 max: 0 count: 0 average: NaN |standard deviation: NaN | 0 ]
MessageBuffer: [Chip 0 2, L1Cache, requestFromL1Cache] stats - msgs:0 full:0 size:[binsize: 1 max: 0 count: 0 average: NaN |standard deviation: NaN | 0 ]
MessageBuffer: [Chip 0 3, L1Cache, requestFromL1Cache] stats - msgs:0 full:0 size:[binsize: 1 max: 0 count: 0 average: NaN |standard deviation: NaN | 0 ]
MessageBuffer: [Chip 0 4, L1Cache, requestFromL1Cache] stats - msgs:0 full:0 size:[binsize: 1 max: 0 count: 0 average: NaN |standard deviation: NaN | 0 ]
MessageBuffer: [Chip 0 5, L1Cache, requestFromL1Cache] stats - msgs:0 full:0 size:[binsize: 1 max: 0 count: 0 average: NaN |standard deviation: NaN | 0 ]
MessageBuffer: [Chip 0 6, L1Cache, requestFromL1Cache] stats - msgs:0 full:0 size:[binsize: 1 max: 0 count: 0 average: NaN |standard deviation: NaN | 0 ]
MessageBuffer: [Chip 0 7, L1Cache, requestFromL1Cache] stats - msgs:0 full:0 size:[binsize: 1 max: 0 count: 0 average: NaN |standard deviation: NaN | 0 ]
MessageBuffer: [Chip 0 0, L1Cache, responseFromL1Cache] stats - msgs:42 full:0 size:[binsize: 1 max: 1 count: 42 average:     1 | standard deviation: 0 | 0 42 ]
MessageBuffer: [Chip 0 1, L1Cache, responseFromL1Cache] stats - msgs:0 full:0 size:[binsize: 1 max: 0 count: 0 average: NaN |standard deviation: NaN | 0 ]
MessageBuffer: [Chip 0 2, L1Cache, responseFromL1Cache] stats - msgs:0 full:0 size:[binsize: 1 max: 0 count: 0 average: NaN |standard deviation: NaN | 0 ]
MessageBuffer: [Chip 0 3, L1Cache, responseFromL1Cache] stats - msgs:0 full:0 size:[binsize: 1 max: 0 count: 0 average: NaN |standard deviation: NaN | 0 ]
MessageBuffer: [Chip 0 4, L1Cache, responseFromL1Cache] stats - msgs:0 full:0 size:[binsize: 1 max: 0 count: 0 average: NaN |standard deviation: NaN | 0 ]
MessageBuffer: [Chip 0 5, L1Cache, responseFromL1Cache] stats - msgs:0 full:0 size:[binsize: 1 max: 0 count: 0 average: NaN |standard deviation: NaN | 0 ]
MessageBuffer: [Chip 0 6, L1Cache, responseFromL1Cache] stats - msgs:0 full:0 size:[binsize: 1 max: 0 count: 0 average: NaN |standard deviation: NaN | 0 ]
MessageBuffer: [Chip 0 7, L1Cache, responseFromL1Cache] stats - msgs:0 full:0 size:[binsize: 1 max: 0 count: 0 average: NaN |standard deviation: NaN | 0 ]
MessageBuffer: [Chip 0 0, L1Cache, unblockFromL1Cache] stats - msgs:48 full:0 size:[binsize: 1 max: 1 count: 48 average:     1 | standard deviation: 0 | 0 48 ]
MessageBuffer: [Chip 0 1, L1Cache, unblockFromL1Cache] stats - msgs:0 full:0 size:[binsize: 1 max: 0 count: 0 average: NaN |standard deviation: NaN | 0 ]
MessageBuffer: [Chip 0 2, L1Cache, unblockFromL1Cache] stats - msgs:0 full:0 size:[binsize: 1 max: 0 count: 0 average: NaN |standard deviation: NaN | 0 ]
MessageBuffer: [Chip 0 3, L1Cache, unblockFromL1Cache] stats - msgs:0 full:0 size:[binsize: 1 max: 0 count: 0 average: NaN |standard deviation: NaN | 0 ]
MessageBuffer: [Chip 0 4, L1Cache, unblockFromL1Cache] stats - msgs:0 full:0 size:[binsize: 1 max: 0 count: 0 average: NaN |standard deviation: NaN | 0 ]
MessageBuffer: [Chip 0 5, L1Cache, unblockFromL1Cache] stats - msgs:0 full:0 size:[binsize: 1 max: 0 count: 0 average: NaN |standard deviation: NaN | 0 ]
MessageBuffer: [Chip 0 6, L1Cache, unblockFromL1Cache] stats - msgs:0 full:0 size:[binsize: 1 max: 0 count: 0 average: NaN |standard deviation: NaN | 0 ]
MessageBuffer: [Chip 0 7, L1Cache, unblockFromL1Cache] stats - msgs:0 full:0 size:[binsize: 1 max: 0 count: 0 average: NaN |standard deviation: NaN | 0 ]
MessageBuffer: [Chip 0 0, L1Cache, requestToL1Cache] stats - msgs:42 full:0 size:[binsize: 1 max: 1 count: 42 average:     1 | standard deviation: 0 | 0 42 ]
MessageBuffer: [Chip 0 1, L1Cache, requestToL1Cache] stats - msgs:0 full:0 size:[binsize: 1 max: 0 count: 0 average: NaN |standard deviation: NaN | 0 ]
MessageBuffer: [Chip 0 2, L1Cache, requestToL1Cache] stats - msgs:0 full:0 size:[binsize: 1 max: 0 count: 0 average: NaN |standard deviation: NaN | 0 ]
MessageBuffer: [Chip 0 3, L1Cache, requestToL1Cache] stats - msgs:0 full:0 size:[binsize: 1 max: 0 count: 0 average: NaN |standard deviation: NaN | 0 ]
MessageBuffer: [Chip 0 4, L1Cache, requestToL1Cache] stats - msgs:0 full:0 size:[binsize: 1 max: 0 count: 0 average: NaN |standard deviation: NaN | 0 ]
MessageBuffer: [Chip 0 5, L1Cache, requestToL1Cache] stats - msgs:0 full:0 size:[binsize: 1 max: 0 count: 0 average: NaN |standard deviation: NaN | 0 ]
MessageBuffer: [Chip 0 6, L1Cache, requestToL1Cache] stats - msgs:0 full:0 size:[binsize: 1 max: 0 count: 0 average: NaN |standard deviation: NaN | 0 ]
MessageBuffer: [Chip 0 7, L1Cache, requestToL1Cache] stats - msgs:0 full:0 size:[binsize: 1 max: 0 count: 0 average: NaN |standard deviation: NaN | 0 ]
MessageBuffer: [Chip 0 0, L1Cache, responseToL1Cache] stats - msgs:48 full:0 size:[binsize: 1 max: 1 count: 48 average:     1 | standard deviation: 0 | 0 48 ]
MessageBuffer: [Chip 0 1, L1Cache, responseToL1Cache] stats - msgs:0 full:0 size:[binsize: 1 max: 0 count: 0 average: NaN |standard deviation: NaN | 0 ]
MessageBuffer: [Chip 0 2, L1Cache, responseToL1Cache] stats - msgs:0 full:0 size:[binsize: 1 max: 0 count: 0 average: NaN |standard deviation: NaN | 0 ]
MessageBuffer: [Chip 0 3, L1Cache, responseToL1Cache] stats - msgs:0 full:0 size:[binsize: 1 max: 0 count: 0 average: NaN |standard deviation: NaN | 0 ]
MessageBuffer: [Chip 0 4, L1Cache, responseToL1Cache] stats - msgs:0 full:0 size:[binsize: 1 max: 0 count: 0 average: NaN |standard deviation: NaN | 0 ]
MessageBuffer: [Chip 0 5, L1Cache, responseToL1Cache] stats - msgs:0 full:0 size:[binsize: 1 max: 0 count: 0 average: NaN |standard deviation: NaN | 0 ]
MessageBuffer: [Chip 0 6, L1Cache, responseToL1Cache] stats - msgs:0 full:0 size:[binsize: 1 max: 0 count: 0 average: NaN |standard deviation: NaN | 0 ]
MessageBuffer: [Chip 0 7, L1Cache, responseToL1Cache] stats - msgs:0 full:0 size:[binsize: 1 max: 0 count: 0 average: NaN |standard deviation: NaN | 0 ]
MessageBuffer: [Chip 0 0, Directory, requestToDir] stats - msgs:122 full:0 size:[binsize: 1 max: 2 count: 122 average: 1.04098 | standard deviation: 0.203279 | 0 117 5 ]
MessageBuffer: [Chip 0 1, Directory, requestToDir] stats - msgs:122 full:0 size:[binsize: 1 max: 2 count: 122 average: 1.05738 | standard deviation: 0.240523 | 0 115 7 ]
MessageBuffer: [Chip 0 2, Directory, requestToDir] stats - msgs:118 full:0 size:[binsize: 1 max: 2 count: 118 average: 1.05085 | standard deviation: 0.226455 | 0 112 6 ]
MessageBuffer: [Chip 0 3, Directory, requestToDir] stats - msgs:117 full:0 size:[binsize: 1 max: 2 count: 117 average: 1.03419 | standard deviation: 0.185695 | 0 113 4 ]
MessageBuffer: [Chip 0 0, Directory, responseToDir] stats - msgs:0 full:0 size:[binsize: 1 max: 0 count: 0 average: NaN |standard deviation: NaN | 0 ]
MessageBuffer: [Chip 0 1, Directory, responseToDir] stats - msgs:0 full:0 size:[binsize: 1 max: 0 count: 0 average: NaN |standard deviation: NaN | 0 ]
MessageBuffer: [Chip 0 2, Directory, responseToDir] stats - msgs:0 full:0 size:[binsize: 1 max: 0 count: 0 average: NaN |standard deviation: NaN | 0 ]
MessageBuffer: [Chip 0 3, Directory, responseToDir] stats - msgs:0 full:0 size:[binsize: 1 max: 0 count: 0 average: NaN |standard deviation: NaN | 0 ]
MessageBuffer: [Chip 0 0, Directory, responseFromDir] stats - msgs:122 full:0 size:[binsize: 1 max: 8 count: 122 average: 2.28689 | standard deviation: 1.95613 | 0 61 34 4 4 4 7 4 4 ]
MessageBuffer: [Chip 0 1, Directory, responseFromDir] stats - msgs:122 full:0 size:[binsize: 1 max: 17 count: 122 average: 2.87705 | standard deviation: 3.39664 | 0 60 31 6 4 3 3 3 3 1 1 1 1 1 1 1 1 1 ]
MessageBuffer: [Chip 0 2, Directory, responseFromDir] stats - msgs:118 full:0 size:[binsize: 1 max: 9 count: 118 average: 2.38983 | standard deviation: 2.1543 | 0 61 29 4 4 4 4 6 5 1 ]
MessageBuffer: [Chip 0 3, Directory, responseFromDir] stats - msgs:117 full:0 size:[binsize: 1 max: 8 count: 117 average: 2.21368 | standard deviation: 1.90734 | 0 61 30 6 4 4 4 4 4 ]
