Real time: Nov/23/2014 02:30:50

Profiler Stats
--------------
Elapsed_time_in_seconds: 544
Elapsed_time_in_minutes: 9.06667
Elapsed_time_in_hours: 0.151111
Elapsed_time_in_days: 0.0062963

Virtual_time_in_seconds: 541.78
Virtual_time_in_minutes: 9.02967
Virtual_time_in_hours:   0.150494
Virtual_time_in_days:    0.150494

Ruby_current_time: 31158919
Ruby_start_time: 1
Ruby_cycles: 31158918

mbytes_resident: 82.1875
mbytes_total: 119.078
resident_ratio: 0.690198

Total_misses: 0
total_misses: 0 [ 0 0 0 0 0 0 0 0 ]
user_misses: 0 [ 0 0 0 0 0 0 0 0 ]
supervisor_misses: 0 [ 0 0 0 0 0 0 0 0 ]

instruction_executed: 8 [ 1 1 1 1 1 1 1 1 ]
simics_cycles_executed: 8 [ 1 1 1 1 1 1 1 1 ]
cycles_per_instruction: 3.11589e+07 [ 3.11589e+07 3.11589e+07 3.11589e+07 3.11589e+07 3.11589e+07 3.11589e+07 3.11589e+07 3.11589e+07 ]
misses_per_thousand_instructions: 0 [ 0 0 0 0 0 0 0 0 ]

transactions_started: 0 [ 0 0 0 0 0 0 0 0 ]
transactions_ended: 0 [ 0 0 0 0 0 0 0 0 ]
instructions_per_transaction: 0 [ 0 0 0 0 0 0 0 0 ]
cycles_per_transaction: 0 [ 0 0 0 0 0 0 0 0 ]
misses_per_transaction: 0 [ 0 0 0 0 0 0 0 0 ]

L1D_cache cache stats: 
  L1D_cache_total_requests: 3923447
  L1D_cache_total_misses: 18951	(0.483019%)
  L1D_cache_total_demand_misses: 18951
  L1D_cache_total_prefetches: 0
  L1D_cache_total_sw_prefetches: 0
  L1D_cache_total_hw_prefetches: 0
  L1D_cache_misses_per_transaction: 18951
  L1D_cache_misses_per_instruction: 18951
  L1D_cache_instructions_per_misses: 5.27677e-05

  L1D_cache_request_type_LD:   3326596	(84.7876)%
  L1D_cache_request_type_ST:   596851	(15.2124)%

  L1D_cache_request_size: [binsize: log2 max: 32 count: 3923447 average:    32 | standard deviation: 0 | 0 0 0 0 0 0 3923447 ]

  L1D_cache_miss_type_LD:   6332	(33.4125)%
  L1D_cache_miss_type_ST:   12619	(66.5875)%

L1I_cache cache stats: 
  L1I_cache_total_requests: 0
  L1I_cache_total_misses: 0
  L1I_cache_total_demand_misses: 0
  L1I_cache_total_prefetches: 0
  L1I_cache_total_sw_prefetches: 0
  L1I_cache_total_hw_prefetches: 0
  L1I_cache_misses_per_transaction: 0
  L1I_cache_misses_per_instruction: 0
  L1I_cache_instructions_per_misses: NaN

  L1I_cache_request_size: [binsize: log2 max: 0 count: 0 average: NaN |standard deviation: NaN | 0 ]

L1T_cache cache stats: 
  L1T_cache_total_requests: 984764
  L1T_cache_total_misses: 735980	(74.7367%)
  L1T_cache_total_demand_misses: 735980
  L1T_cache_total_prefetches: 0
  L1T_cache_total_sw_prefetches: 0
  L1T_cache_total_hw_prefetches: 0
  L1T_cache_misses_per_transaction: 735980
  L1T_cache_misses_per_instruction: 735980
  L1T_cache_instructions_per_misses: 1.35873e-06

  L1T_cache_request_type_LD:   229176	(23.2722)%
  L1T_cache_request_type_ST:   755588	(76.7278)%

  L1T_cache_request_size: [binsize: log2 max: 32 count: 984764 average:    32 | standard deviation: 0 | 0 0 0 0 0 0 984764 ]

  L1T_cache_miss_type_LD:   5913	(0.803419)%
  L1T_cache_miss_type_ST:   730067	(99.1966)%

L2_cache cache stats: 
  L2_cache_total_requests: 22188
  L2_cache_total_misses: 11897	(53.6191%)
  L2_cache_total_demand_misses: 11897
  L2_cache_total_prefetches: 0
  L2_cache_total_sw_prefetches: 0
  L2_cache_total_hw_prefetches: 0
  L2_cache_misses_per_transaction: 11897
  L2_cache_misses_per_instruction: 11897
  L2_cache_instructions_per_misses: 8.40548e-05

  L2_cache_request_type_LD:   6332	(28.5379)%
  L2_cache_request_type_ST:   15856	(71.4621)%

  L2_cache_request_size: [binsize: log2 max: 8 count: 22188 average:     8 | standard deviation: 0 | 0 0 0 0 22188 ]

  L2_cache_miss_type_LD:   3129	(26.3007)%
  L2_cache_miss_type_ST:   8768	(73.6993)%

L2T_cache cache stats: 
  L2T_cache_total_requests: 761501
  L2T_cache_total_misses: 3237	(0.425082%)
  L2T_cache_total_demand_misses: 3237
  L2T_cache_total_prefetches: 0
  L2T_cache_total_sw_prefetches: 0
  L2T_cache_total_hw_prefetches: 0
  L2T_cache_misses_per_transaction: 3237
  L2T_cache_misses_per_instruction: 3237
  L2T_cache_instructions_per_misses: 0.000308928

  L2T_cache_request_type_LD:   5913	(0.776493)%
  L2T_cache_request_type_ST:   755588	(99.2235)%

  L2T_cache_request_size: [binsize: log2 max: 32 count: 761501 average: 31.8136 | standard deviation: 2.10663 | 0 0 0 0 5913 0 755588 ]

  L2T_cache_miss_type_LD:   40	(1.23571)%
  L2T_cache_miss_type_ST:   3197	(98.7643)%


TBE Queries: 813319
Busy TBE Counts: 0
Busy Controller Counts:
L1TCache-0:0  L1TCache-1:0  L1TCache-2:0  L1TCache-3:0  L1TCache-4:0  L1TCache-5:0  L1TCache-6:0  L1TCache-7:0  

L2TCache-0:0  L2TCache-1:0  L2TCache-2:0  L2TCache-3:0  
L2Cache-0:0  L2Cache-1:0  L2Cache-2:0  L2Cache-3:0  
L1Cache-0:0  L1Cache-1:0  L1Cache-2:0  L1Cache-3:0  L1Cache-4:0  L1Cache-5:0  L1Cache-6:0  L1Cache-7:0  

Directory-0:0  Directory-1:0  Directory-2:0  Directory-3:0  

Busy Bank Count:0

L1TBE_usage: [binsize: 1 max: 0 count: 0 average: NaN |standard deviation: NaN | 0 ]
L2TBE_usage: [binsize: 1 max: 13 count: 813319 average: 0.250609 | standard deviation: 0.491457 | 628700 167324 15727 1397 94 34 21 10 5 2 2 1 1 1 ]
StopTable_usage: [binsize: 1 max: 0 count: 0 average: NaN |standard deviation: NaN | 0 ]
sequencer_requests_outstanding: [binsize: 1 max: 11 count: 4908211 average: 2.26664 | standard deviation: 0.9342 | 0 1057223 2065514 1228666 533463 23154 117 40 20 10 2 2 ]
store_buffer_size: [binsize: 1 max: 0 count: 0 average: NaN |standard deviation: NaN | 0 ]
unique_blocks_in_store_buffer: [binsize: 1 max: 0 count: 0 average: NaN |standard deviation: NaN | 0 ]

All Non-Zero Cycle Demand Cache Accesses
----------------------------------------
miss_latency: [binsize: 2 max: 391 count: 4908211 average: 8.76486 | standard deviation: 18.0646 | 0 0 4127759 0 0 0 0 0 0 0 0 0 0 0 742888 10363 4830 132 33 14 3 0 1 363 16 3615 0 0 0 0 0 0 283 1102 1283 2775 2 4 1 4 3 0 1 0 0 0 0 0 0 0 0 0 0 0 0 0 1 5 2 0 0 1 1 0 1 7 5 1 3 1 0 4 799 1 5 2 0 0 0 0 0 0 0 0 0 0 0 0 0 0 0 0 0 0 0 0 0 0 0 0 0 0 0 0 0 0 0 0 0 0 0 0 0 0 0 0 0 0 0 0 0 0 0 0 0 0 0 0 0 0 0 0 0 0 0 0 0 0 355 513 0 0 0 0 0 0 0 838 2192 371 505 0 0 0 0 0 0 5 2160 3 1739 0 0 0 0 0 1 0 0 0 37 311 253 83 106 7 0 0 0 0 242 1148 585 259 176 3 1 0 1 0 1 0 0 1 0 1 ]
miss_latency_LD: [binsize: 64 max: 377 count: 3555772 average: 4.35712 | standard deviation: 9.15476 | 3551408 1185 20 0 2353 806 ]
miss_latency_ST: [binsize: 64 max: 391 count: 1352439 average: 20.3535 | standard deviation: 27.903 | 1338609 4283 809 0 4589 4147 2 ]
miss_latency_NULL: [binsize: 2 max: 391 count: 4908211 average: 8.76486 | standard deviation: 18.0646 | 0 0 4127759 0 0 0 0 0 0 0 0 0 0 0 742888 10363 4830 132 33 14 3 0 1 363 16 3615 0 0 0 0 0 0 283 1102 1283 2775 2 4 1 4 3 0 1 0 0 0 0 0 0 0 0 0 0 0 0 0 1 5 2 0 0 1 1 0 1 7 5 1 3 1 0 4 799 1 5 2 0 0 0 0 0 0 0 0 0 0 0 0 0 0 0 0 0 0 0 0 0 0 0 0 0 0 0 0 0 0 0 0 0 0 0 0 0 0 0 0 0 0 0 0 0 0 0 0 0 0 0 0 0 0 0 0 0 0 0 0 0 0 355 513 0 0 0 0 0 0 0 838 2192 371 505 0 0 0 0 0 0 5 2160 3 1739 0 0 0 0 0 1 0 0 0 37 311 253 83 106 7 0 0 0 0 242 1148 585 259 176 3 1 0 1 0 1 0 0 1 0 1 ]
miss_latency_L2Miss: [binsize: 1 max: 0 count: 0 average: NaN |standard deviation: NaN | 0 ]

All Non-Zero Cycle SW Prefetch Requests
------------------------------------
prefetch_latency: [binsize: 1 max: 0 count: 0 average: NaN |standard deviation: NaN | 0 ]
prefetch_latency_L2Miss:[binsize: 1 max: 0 count: 0 average: NaN |standard deviation: NaN | 0 ]
multicast_retries: [binsize: 1 max: 0 count: 0 average: NaN |standard deviation: NaN | 0 ]
gets_mask_prediction_count: [binsize: 1 max: 0 count: 0 average: NaN |standard deviation: NaN | 0 ]
getx_mask_prediction_count: [binsize: 1 max: 0 count: 0 average: NaN |standard deviation: NaN | 0 ]
explicit_training_mask: [binsize: 1 max: 0 count: 0 average: NaN |standard deviation: NaN | 0 ]

Sequencer  Requests (MLP)
------------------------------------
Sequencer Requests All
Sequencer_ALL : [binsize: 1 max: 11 count: 4908211 average: 2.26664 | standard deviation: 0.9342 | 0 1057223 2065514 1228666 533463 23154 117 40 20 10 2 2 ]
Sequencer_0: [binsize: 1 max: 8 count: 3923447 average: 2.42178 | standard deviation: 0.876389 | 0 481998 1832282 1100073 490564 18498 25 5 2 ]
Sequencer_1: [binsize: 1 max: 0 count: 0 average: NaN |standard deviation: NaN | 0 ]
Sequencer_2: [binsize: 1 max: 0 count: 0 average: NaN |standard deviation: NaN | 0 ]
Sequencer_3: [binsize: 1 max: 0 count: 0 average: NaN |standard deviation: NaN | 0 ]
Sequencer_4: [binsize: 1 max: 0 count: 0 average: NaN |standard deviation: NaN | 0 ]
Sequencer_5: [binsize: 1 max: 0 count: 0 average: NaN |standard deviation: NaN | 0 ]
Sequencer_6: [binsize: 1 max: 0 count: 0 average: NaN |standard deviation: NaN | 0 ]
Sequencer_7: [binsize: 1 max: 0 count: 0 average: NaN |standard deviation: NaN | 0 ]
SequencerACC_0: [binsize: 1 max: 11 count: 594716 average: 2.01078 | standard deviation: 0.974396 | 0 221855 196857 128516 42843 4582 26 20 8 5 2 2 ]
SequencerACC_1: [binsize: 1 max: 7 count: 140954 average: 1.25772 | standard deviation: 0.450709 | 0 105038 35751 50 25 54 31 5 ]
SequencerACC_2: [binsize: 1 max: 9 count: 249094 average: 1.0048 | standard deviation: 0.116332 | 0 248332 624 27 31 20 35 10 10 5 ]
SequencerACC_3: [binsize: 1 max: 0 count: 0 average: NaN |standard deviation: NaN | 0 ]
SequencerACC_4: [binsize: 1 max: 0 count: 0 average: NaN |standard deviation: NaN | 0 ]
SequencerACC_5: [binsize: 1 max: 0 count: 0 average: NaN |standard deviation: NaN | 0 ]
SequencerACC_6: [binsize: 1 max: 0 count: 0 average: NaN |standard deviation: NaN | 0 ]
SequencerACC_7: [binsize: 1 max: 0 count: 0 average: NaN |standard deviation: NaN | 0 ]
Request vs. System State Profile
--------------------------------


filter_action: [binsize: 1 max: 0 count: 0 average: NaN |standard deviation: NaN | 0 ]

Message Delayed Cycles
----------------------
Total_delay_cycles: [binsize: 1 max: 47 count: 109872 average: 21.4658 | standard deviation: 6.30641 | 0 0 0 0 0 0 0 0 0 0 0 16568 1570 72 11 4635 2487 482 1 12252 198 27077 1779 106 24 6086 1582 7350 11990 14489 253 8 9 4 4 3 3 2 1 2 2 0 599 218 2 1 1 1 ]
Total_nonPF_delay_cycles: [binsize: 1 max: 47 count: 48584 average: 22.3494 | standard deviation: 6.46804 | 0 0 0 0 0 0 0 0 0 0 0 6371 85 0 0 2 2487 482 1 7467 0 10240 119 96 1 0 1569 7348 2365 9115 5 5 3 1 0 1 0 0 0 0 0 0 599 218 2 0 1 1 ]
  virtual_network_0_delay_cycles: [binsize: 1 max: 45 count: 61288 average: 20.7654 | standard deviation: 6.08483 | 0 0 0 0 0 0 0 0 0 0 0 10197 1485 72 11 4633 0 0 0 4785 198 16837 1660 10 23 6086 13 2 9625 5374 248 3 6 3 4 2 3 2 1 2 2 0 0 0 0 1 ]
  virtual_network_1_delay_cycles: [binsize: 1 max: 0 count: 0 average: NaN |standard deviation: NaN | 0 ]
  virtual_network_2_delay_cycles: [binsize: 1 max: 21 count: 13 average: 20.2308 | standard deviation: 2.78388 | 0 0 0 0 0 0 0 0 0 0 0 1 0 0 0 0 0 0 0 0 0 12 ]
  virtual_network_3_delay_cycles: [binsize: 1 max: 47 count: 48571 average: 22.35 | standard deviation: 6.46867 | 0 0 0 0 0 0 0 0 0 0 0 6370 85 0 0 2 2487 482 1 7467 0 10228 119 96 1 0 1569 7348 2365 9115 5 5 3 1 0 1 0 0 0 0 0 0 599 218 2 0 1 1 ]
  virtual_network_4_delay_cycles: [binsize: 1 max: 0 count: 0 average: NaN |standard deviation: NaN | 0 ]
  virtual_network_5_delay_cycles: [binsize: 1 max: 0 count: 0 average: NaN |standard deviation: NaN | 0 ]
  virtual_network_6_delay_cycles: [binsize: 1 max: 0 count: 0 average: NaN |standard deviation: NaN | 0 ]
  virtual_network_7_delay_cycles: [binsize: 1 max: 0 count: 0 average: NaN |standard deviation: NaN | 0 ]

Resource Usage
--------------
page_size: 4096
user_time: 531
system_time: 10
page_reclaims: 21335
page_faults: 0
swaps: 0
block_inputs: 0
block_outputs: 688

Coherence Bandwidth Breakdown
----------------------
L1_ATOMIC = 0
L2_DATA = 59485
L2_TO_L2T_MSG = 817
L2_DATA_GX = 59095
L2T_TO_L1T_DATA = 23652
L1_DATA_GX = 0
L2_TO_L2T_ACK = 831
L2T_TO_L1T_MSG = 755588
L2_DATA_S = 35660
L2T_TO_L1T_ATOMIC = 0
L1_DATA_PC = 3135
L1_MSG = 0
L2_COHMSG_FWD = 13
L1_DATA_F = 0
L1_DATA_PX = 72940
L2_COHMSG_RCL = 0
L1T_TO_L2T_DATA = 3022352
L2_MSG = 0
L2_COHMSG_INV = 0
L1_COHMSG_RCLACK = 0
L1T_TO_L2T_ATOMIC = 0
L2_COHMSG = 16902
L2_ATOMIC = 0
L2_TO_L2T_DATA = 16185
L1_DATA = 0
L1_COHMSG = 44386
L1_COHMSG_INVACK = 0
L1T_TO_L2T_MSG = 5913
----------------------
total_flits_messages = 4116954
----------------------

DMA = 0
DATA_GX_OW = 50476
DATA_PX_C = 58352
DATA_PX_D = 14588
DATA_GX_C = 12619
Block_lifetimes_pow2: [binsize: log2 max: 0 count: 0 average: NaN |standard deviation: NaN | 0 ]
Block_lifetimes[WRITE]_pow2: [binsize: log2 max: 0 count: 0 average: NaN |standard deviation: NaN | 0 ]
Block_lifetimes[EVICT]_pow2: [binsize: log2 max: 0 count: 0 average: NaN |standard deviation: NaN | 0 ]
CL_stall_evict: [binsize: log2 max: 0 count: 0 average: NaN |standard deviation: NaN | 0 ]
CL_stall_fence: [binsize: log2 max: 0 count: 0 average: NaN |standard deviation: NaN | 0 ]
Private_L1_evictions: 0
MessageBuffer: [Chip 0 0, L1Cache, mandatoryQueue] stats - msgs:3923447 full:0 size:[binsize: 1 max: 4 count: 3923447 average: 2.28247 | standard deviation: 0.851545 | 0 642129 1913727 984816 382775 ]
MessageBuffer: [Chip 0 1, L1Cache, mandatoryQueue] stats - msgs:0 full:0 size:[binsize: 1 max: 0 count: 0 average: NaN |standard deviation: NaN | 0 ]
MessageBuffer: [Chip 0 2, L1Cache, mandatoryQueue] stats - msgs:0 full:0 size:[binsize: 1 max: 0 count: 0 average: NaN |standard deviation: NaN | 0 ]
MessageBuffer: [Chip 0 3, L1Cache, mandatoryQueue] stats - msgs:0 full:0 size:[binsize: 1 max: 0 count: 0 average: NaN |standard deviation: NaN | 0 ]
MessageBuffer: [Chip 0 4, L1Cache, mandatoryQueue] stats - msgs:0 full:0 size:[binsize: 1 max: 0 count: 0 average: NaN |standard deviation: NaN | 0 ]
MessageBuffer: [Chip 0 5, L1Cache, mandatoryQueue] stats - msgs:0 full:0 size:[binsize: 1 max: 0 count: 0 average: NaN |standard deviation: NaN | 0 ]
MessageBuffer: [Chip 0 6, L1Cache, mandatoryQueue] stats - msgs:0 full:0 size:[binsize: 1 max: 0 count: 0 average: NaN |standard deviation: NaN | 0 ]
MessageBuffer: [Chip 0 7, L1Cache, mandatoryQueue] stats - msgs:0 full:0 size:[binsize: 1 max: 0 count: 0 average: NaN |standard deviation: NaN | 0 ]

Network Stats
-------------

Network interface outbound traffic
NI_0 (L1TCache) : [L1TCache]=0 [L2TCache]=1468892 [L2Cache]=0 [L1Cache]=0 [Directory]=0 
NI_1 (L1TCache) : [L1TCache]=0 [L2TCache]=563322 [L2Cache]=0 [L1Cache]=0 [Directory]=0 
NI_2 (L1TCache) : [L1TCache]=0 [L2TCache]=996051 [L2Cache]=0 [L1Cache]=0 [Directory]=0 
NI_3 (L1TCache) : [L1TCache]=0 [L2TCache]=0 [L2Cache]=0 [L1Cache]=0 [Directory]=0 
NI_4 (L1TCache) : [L1TCache]=0 [L2TCache]=0 [L2Cache]=0 [L1Cache]=0 [Directory]=0 
NI_5 (L1TCache) : [L1TCache]=0 [L2TCache]=0 [L2Cache]=0 [L1Cache]=0 [Directory]=0 
NI_6 (L1TCache) : [L1TCache]=0 [L2TCache]=0 [L2Cache]=0 [L1Cache]=0 [Directory]=0 
NI_7 (L1TCache) : [L1TCache]=0 [L2TCache]=0 [L2Cache]=0 [L1Cache]=0 [Directory]=0 
NI_8 (L2TCache) : [L1TCache]=12161 [L2TCache]=0 [L2Cache]=1139 [L1Cache]=0 [Directory]=0 
NI_9 (L2TCache) : [L1TCache]=16503 [L2TCache]=0 [L2Cache]=5373 [L1Cache]=0 [Directory]=0 
NI_10 (L2TCache) : [L1TCache]=4649 [L2TCache]=0 [L2Cache]=3966 [L1Cache]=0 [Directory]=0 
NI_11 (L2TCache) : [L1TCache]=745927 [L2TCache]=0 [L2Cache]=111 [L1Cache]=0 [Directory]=0 
NI_12 (L2Cache) : [L1TCache]=0 [L2TCache]=2832 [L2Cache]=0 [L1Cache]=43794 [Directory]=4038 
NI_13 (L2Cache) : [L1TCache]=0 [L2TCache]=10802 [L2Cache]=0 [L1Cache]=2763 [Directory]=2058 
NI_14 (L2Cache) : [L1TCache]=0 [L2TCache]=4008 [L2Cache]=0 [L1Cache]=24500 [Directory]=2068 
NI_15 (L2Cache) : [L1TCache]=0 [L2TCache]=126 [L2Cache]=0 [L1Cache]=40613 [Directory]=3733 
NI_16 (L1Cache) : [L1TCache]=0 [L2TCache]=65 [L2Cache]=109872 [L1Cache]=0 [Directory]=0 
NI_17 (L1Cache) : [L1TCache]=0 [L2TCache]=0 [L2Cache]=0 [L1Cache]=0 [Directory]=0 
NI_18 (L1Cache) : [L1TCache]=0 [L2TCache]=0 [L2Cache]=0 [L1Cache]=0 [Directory]=0 
NI_19 (L1Cache) : [L1TCache]=0 [L2TCache]=0 [L2Cache]=0 [L1Cache]=0 [Directory]=0 
NI_20 (L1Cache) : [L1TCache]=0 [L2TCache]=0 [L2Cache]=0 [L1Cache]=0 [Directory]=0 
NI_21 (L1Cache) : [L1TCache]=0 [L2TCache]=0 [L2Cache]=0 [L1Cache]=0 [Directory]=0 
NI_22 (L1Cache) : [L1TCache]=0 [L2TCache]=0 [L2Cache]=0 [L1Cache]=0 [Directory]=0 
NI_23 (L1Cache) : [L1TCache]=0 [L2TCache]=0 [L2Cache]=0 [L1Cache]=0 [Directory]=0 
NI_24 (Directory) : [L1TCache]=0 [L2TCache]=0 [L2Cache]=14870 [L1Cache]=0 [Directory]=0 
NI_25 (Directory) : [L1TCache]=0 [L2TCache]=0 [L2Cache]=14880 [L1Cache]=0 [Directory]=0 
NI_26 (Directory) : [L1TCache]=0 [L2TCache]=0 [L2Cache]=14865 [L1Cache]=0 [Directory]=0 
NI_27 (Directory) : [L1TCache]=0 [L2TCache]=0 [L2Cache]=14870 [L1Cache]=0 [Directory]=0 
L1_L2_flits_transferred = 0
L1_out_flits = 0
L2_out_flits = 0
-------------
Average Link Utilization :: 0.00422781 flits/cycle
total_flits_on_link = 8694442
-------------
Total VC Load [0] = 78652 flits
Total VC Load [1] = 72835 flits
Total VC Load [2] = 84721 flits
Total VC Load [3] = 72662 flits
Total VC Load [4] = 822 flits
Total VC Load [5] = 842 flits
Total VC Load [6] = 833 flits
Total VC Load [7] = 821 flits
Total VC Load [8] = 10396 flits
Total VC Load [9] = 10426 flits
Total VC Load [10] = 10421 flits
Total VC Load [11] = 10407 flits
Total VC Load [12] = 161308 flits
Total VC Load [13] = 164086 flits
Total VC Load [14] = 162056 flits
Total VC Load [15] = 164326 flits
Total VC Load [16] = 18440 flits
Total VC Load [17] = 18461 flits
Total VC Load [18] = 18471 flits
Total VC Load [19] = 18446 flits
Total VC Load [20] = 1514241 flits
Total VC Load [21] = 1514398 flits
Total VC Load [22] = 1514197 flits
Total VC Load [23] = 1513694 flits
Total VC Load [24] = 389629 flits
Total VC Load [25] = 389800 flits
Total VC Load [26] = 389613 flits
Total VC Load [27] = 389438 flits
Total VC Load [28] = 0 flits
Total VC Load [29] = 0 flits
Total VC Load [30] = 0 flits
Total VC Load [31] = 0 flits
-------------
Average VC Load [0] = 0.00252422 flits/cycle 
Average VC Load [1] = 0.00233753 flits/cycle 
Average VC Load [2] = 0.002719 flits/cycle 
Average VC Load [3] = 0.00233198 flits/cycle 
Average VC Load [4] = 2.63809e-05 flits/cycle 
Average VC Load [5] = 2.70228e-05 flits/cycle 
Average VC Load [6] = 2.67339e-05 flits/cycle 
Average VC Load [7] = 2.63488e-05 flits/cycle 
Average VC Load [8] = 0.000333644 flits/cycle 
Average VC Load [9] = 0.000334607 flits/cycle 
Average VC Load [10] = 0.000334447 flits/cycle 
Average VC Load [11] = 0.000333997 flits/cycle 
Average VC Load [12] = 0.00517694 flits/cycle 
Average VC Load [13] = 0.0052661 flits/cycle 
Average VC Load [14] = 0.00520095 flits/cycle 
Average VC Load [15] = 0.0052738 flits/cycle 
Average VC Load [16] = 0.000591805 flits/cycle 
Average VC Load [17] = 0.000592479 flits/cycle 
Average VC Load [18] = 0.0005928 flits/cycle 
Average VC Load [19] = 0.000591997 flits/cycle 
Average VC Load [20] = 0.0485974 flits/cycle 
Average VC Load [21] = 0.0486024 flits/cycle 
Average VC Load [22] = 0.0485959 flits/cycle 
Average VC Load [23] = 0.0485798 flits/cycle 
Average VC Load [24] = 0.0125046 flits/cycle 
Average VC Load [25] = 0.0125101 flits/cycle 
Average VC Load [26] = 0.0125041 flits/cycle 
Average VC Load [27] = 0.0124984 flits/cycle 
Average VC Load [28] = 0 flits/cycle 
Average VC Load [29] = 0 flits/cycle 
Average VC Load [30] = 0 flits/cycle 
Average VC Load [31] = 0 flits/cycle 
-------------
Average network latency = 9.17424
-------------
Dynamic_Link_Power = 0.0309195
Static_Link_Power = 0.733365
Total_Link_Power = 0.764285
Total Link Area = 4.09374e+06 uM^2 
Router Dynamic Power:
       Input buffer: 0.0013587, Crossbar: 0.00239669, VC allocator: 0.000259751, SW allocator: 0.000748579, Clock: 0.153216, Total: 0.15798
Router Static Power:
       Input buffer: 0.891938, Crossbar: 0.1624, VC allocator: 0.438066, SW allocator: 0.0171352, Clock: 0.029369, Total: 1.53891
Router Total Power: 1.69689
Dynamic_Router_Power = 0.15798
Static_Router_Power = 1.53891
Total_Router_Power = 1.69689
Area:
Input buffer: 2.86355e-06, Crossbar: 2.50402e-06, VC allocator: 1.05856e-06, SW allocator: 4.14062e-08

Total_Dynamic_Power = 0.188899
Total_Static_Power = 2.27227
Total_Power = 2.46117
-------------

Gpusim Interface Stats
----------------------


Chip Stats
----------

 --- L1TCache ---
 - Event Counts -
Load  229176
L1_WThru  755588
L1_Atomic  0
L1_Replacement  0
Data  0
Data_Done  5913
Ack  0
Ack_Done  755588
DataAtomic  0
DataAtomic_Done  0

 - Transitions -
I  Load  5913
I  L1_WThru  730067
I  L1_Atomic  0 <-- 
I  L1_Replacement  0 <-- 

S  Load  223263
S  L1_WThru  25521
S  L1_Atomic  0 <-- 
S  L1_Replacement  0 <-- 

I_S  L1_WThru  0 <-- 
I_S  L1_Atomic  0 <-- 
I_S  Data_Done  5913

I_I  Load  0 <-- 
I_I  L1_WThru  0 <-- 
I_I  L1_Atomic  0 <-- 
I_I  Data  0 <-- 
I_I  Data_Done  0 <-- 
I_I  Ack  0 <-- 
I_I  Ack_Done  730450
I_I  DataAtomic  0 <-- 
I_I  DataAtomic_Done  0 <-- 

SM  Load  0 <-- 
SM  L1_WThru  0 <-- 
SM  L1_Atomic  0 <-- 
SM  Data  0 <-- 
SM  Data_Done  0 <-- 
SM  Ack  0 <-- 
SM  Ack_Done  25138

 --- L2TCache ---
 - Event Counts -
L1_GETS  5913
L1_Write  730067
L1_Upgrade_T  25195
L1_Upgrade_NT  326
L2_Atomic  0
L2_Expire  0
L2_Replacement  10
L2_Replacement_clean  4
Data  0
Data_all_Acks  3237
Ack  0
Ack_all  0
WB_Ack  831
Fwd_GETX  800
Fwd_GETS  17
Inv  0

 - Transitions -
NP  L1_GETS  40
NP  L1_Write  3197
NP  L1_Upgrade_NT  0 <-- 
NP  L2_Atomic  0 <-- 

E  L1_GETS  5873
E  L1_Write  726870
E  L1_Upgrade_NT  326
E  L2_Atomic  0 <-- 
E  L2_Replacement  10
E  L2_Replacement_clean  4
E  Fwd_GETX  800
E  Fwd_GETS  17
E  Inv  0 <-- 

S  L1_GETS  0 <-- 
S  L1_Upgrade_T  25195
S  L2_Replacement  0 <-- 
S  L2_Replacement_clean  0 <-- 
S  Fwd_GETX  0 <-- 
S  Fwd_GETS  0 <-- 
S  Inv  0 <-- 

SS  L1_GETS  0 <-- 
SS  L2_Replacement  0 <-- 
SS  L2_Replacement_clean  0 <-- 
SS  Fwd_GETX  0 <-- 
SS  Fwd_GETS  0 <-- 
SS  Inv  0 <-- 

IS  L1_GETS  0 <-- 
IS  Data  0 <-- 
IS  Data_all_Acks  40
IS  Ack  0 <-- 
IS  Ack_all  0 <-- 

ISS  Data  0 <-- 
ISS  Data_all_Acks  0 <-- 
ISS  Ack  0 <-- 
ISS  Ack_all  0 <-- 

IM  Data  0 <-- 
IM  Data_all_Acks  3197
IM  Ack  0 <-- 
IM  Ack_all  0 <-- 

IMA  Data  0 <-- 
IMA  Data_all_Acks  0 <-- 
IMA  Ack  0 <-- 
IMA  Ack_all  0 <-- 

MI  L2_Expire  0 <-- 
MI  Fwd_GETX  0 <-- 
MI  Fwd_GETS  0 <-- 
MI  Inv  0 <-- 

MI_Ack  WB_Ack  831
MI_Ack  Fwd_GETX  0 <-- 
MI_Ack  Fwd_GETS  0 <-- 
MI_Ack  Inv  0 <-- 

 --- L2Cache ---
 - Event Counts -
L1_GET_INSTR  0
L1_GETS  6332
L1_GETX  15856
L1_UPGRADE  0
L1_PUTX  16902
L1_PUTX_old  0
Fwd_L1_GETX  0
Fwd_L1_GETS  0
Fwd_L1_GET_INSTR  0
L2_Replacement  0
L2_Replacement_clean  0
Mem_Data  11897
WB_Data  0
WB_Data_clean  0
Ack  0
Ack_all  0
Mem_Ack  0
Unblock  0
Unblock_Cancel  0
Exclusive_Unblock  22188
PUTX_ACC  10
DATA_ACC  821

 - Transitions -
NP  L1_GET_INSTR  0 <-- 
NP  L1_GETS  3129
NP  L1_GETX  8768
NP  L1_PUTX  0 <-- 
NP  L1_PUTX_old  0 <-- 

SS  L1_GET_INSTR  0 <-- 
SS  L1_GETS  0 <-- 
SS  L1_GETX  0 <-- 
SS  L1_UPGRADE  0 <-- 
SS  L1_PUTX  0 <-- 
SS  L1_PUTX_old  0 <-- 
SS  L2_Replacement  0 <-- 
SS  L2_Replacement_clean  0 <-- 

M  L1_GET_INSTR  0 <-- 
M  L1_GETS  3186
M  L1_GETX  6275
M  L1_PUTX  0 <-- 
M  L1_PUTX_old  0 <-- 
M  L2_Replacement  0 <-- 
M  L2_Replacement_clean  0 <-- 

MT  L1_GET_INSTR  0 <-- 
MT  L1_GETS  17
MT  L1_GETX  813
MT  L1_PUTX  16902
MT  L1_PUTX_old  0 <-- 
MT  L2_Replacement  0 <-- 
MT  L2_Replacement_clean  0 <-- 
MT  PUTX_ACC  4
MT  DATA_ACC  10

M_I  L1_GET_INSTR  0 <-- 
M_I  L1_GETS  0 <-- 
M_I  L1_GETX  0 <-- 
M_I  L1_UPGRADE  0 <-- 
M_I  Mem_Ack  0 <-- 

MT_I  L1_GET_INSTR  0 <-- 
MT_I  L1_GETS  0 <-- 
MT_I  L1_GETX  0 <-- 
MT_I  L1_UPGRADE  0 <-- 
MT_I  L1_PUTX  0 <-- 
MT_I  L1_PUTX_old  0 <-- 
MT_I  WB_Data  0 <-- 
MT_I  WB_Data_clean  0 <-- 
MT_I  Ack_all  0 <-- 
MT_I  PUTX_ACC  0 <-- 
MT_I  DATA_ACC  0 <-- 

MCT_I  L1_GET_INSTR  0 <-- 
MCT_I  L1_GETS  0 <-- 
MCT_I  L1_GETX  0 <-- 
MCT_I  L1_UPGRADE  0 <-- 
MCT_I  L1_PUTX  0 <-- 
MCT_I  L1_PUTX_old  0 <-- 
MCT_I  WB_Data  0 <-- 
MCT_I  WB_Data_clean  0 <-- 
MCT_I  Ack_all  0 <-- 
MCT_I  PUTX_ACC  0 <-- 
MCT_I  DATA_ACC  0 <-- 

I_I  L1_GET_INSTR  0 <-- 
I_I  L1_GETS  0 <-- 
I_I  L1_GETX  0 <-- 
I_I  L1_UPGRADE  0 <-- 
I_I  L1_PUTX  0 <-- 
I_I  L1_PUTX_old  0 <-- 
I_I  Ack  0 <-- 
I_I  Ack_all  0 <-- 

S_I  L1_GET_INSTR  0 <-- 
S_I  L1_GETS  0 <-- 
S_I  L1_GETX  0 <-- 
S_I  L1_UPGRADE  0 <-- 
S_I  L1_PUTX  0 <-- 
S_I  L1_PUTX_old  0 <-- 
S_I  Ack  0 <-- 
S_I  Ack_all  0 <-- 

ISS  L1_GET_INSTR  0 <-- 
ISS  L1_GETS  0 <-- 
ISS  L1_GETX  0 <-- 
ISS  L1_PUTX  0 <-- 
ISS  L1_PUTX_old  0 <-- 
ISS  L2_Replacement  0 <-- 
ISS  L2_Replacement_clean  0 <-- 
ISS  Mem_Data  3129

IS  L1_GET_INSTR  0 <-- 
IS  L1_GETS  0 <-- 
IS  L1_GETX  0 <-- 
IS  L1_PUTX  0 <-- 
IS  L1_PUTX_old  0 <-- 
IS  L2_Replacement  0 <-- 
IS  L2_Replacement_clean  0 <-- 
IS  Mem_Data  0 <-- 

IM  L1_GET_INSTR  0 <-- 
IM  L1_GETS  0 <-- 
IM  L1_GETX  0 <-- 
IM  L1_PUTX  0 <-- 
IM  L1_PUTX_old  0 <-- 
IM  L2_Replacement  0 <-- 
IM  L2_Replacement_clean  0 <-- 
IM  Mem_Data  8768

SS_MB  L1_GET_INSTR  0 <-- 
SS_MB  L1_GETS  0 <-- 
SS_MB  L1_GETX  0 <-- 
SS_MB  L1_UPGRADE  0 <-- 
SS_MB  L1_PUTX  0 <-- 
SS_MB  L1_PUTX_old  0 <-- 
SS_MB  L2_Replacement  0 <-- 
SS_MB  L2_Replacement_clean  0 <-- 
SS_MB  Exclusive_Unblock  0 <-- 

MT_MB  L1_GET_INSTR  0 <-- 
MT_MB  L1_GETS  0 <-- 
MT_MB  L1_GETX  0 <-- 
MT_MB  L1_UPGRADE  0 <-- 
MT_MB  L1_PUTX  0 <-- 
MT_MB  L1_PUTX_old  0 <-- 
MT_MB  L2_Replacement  0 <-- 
MT_MB  L2_Replacement_clean  0 <-- 
MT_MB  Exclusive_Unblock  22188
MT_MB  PUTX_ACC  0 <-- 
MT_MB  DATA_ACC  800

M_MB  L1_GET_INSTR  0 <-- 
M_MB  L1_GETS  0 <-- 
M_MB  L1_GETX  0 <-- 
M_MB  L1_UPGRADE  0 <-- 
M_MB  L1_PUTX  0 <-- 
M_MB  L1_PUTX_old  0 <-- 
M_MB  L2_Replacement  0 <-- 
M_MB  L2_Replacement_clean  0 <-- 
M_MB  Exclusive_Unblock  0 <-- 

MT_IIB  L1_GET_INSTR  0 <-- 
MT_IIB  L1_GETS  0 <-- 
MT_IIB  L1_GETX  0 <-- 
MT_IIB  L1_UPGRADE  0 <-- 
MT_IIB  L1_PUTX  0 <-- 
MT_IIB  L1_PUTX_old  0 <-- 
MT_IIB  L2_Replacement  0 <-- 
MT_IIB  L2_Replacement_clean  0 <-- 
MT_IIB  WB_Data  0 <-- 
MT_IIB  WB_Data_clean  0 <-- 
MT_IIB  Unblock  0 <-- 
MT_IIB  PUTX_ACC  6
MT_IIB  DATA_ACC  11

MT_IB  L1_GET_INSTR  0 <-- 
MT_IB  L1_GETS  0 <-- 
MT_IB  L1_GETX  0 <-- 
MT_IB  L1_UPGRADE  0 <-- 
MT_IB  L1_PUTX  0 <-- 
MT_IB  L1_PUTX_old  0 <-- 
MT_IB  L2_Replacement  0 <-- 
MT_IB  L2_Replacement_clean  0 <-- 
MT_IB  WB_Data  0 <-- 
MT_IB  WB_Data_clean  0 <-- 

MT_SB  L1_GET_INSTR  0 <-- 
MT_SB  L1_GETS  0 <-- 
MT_SB  L1_GETX  0 <-- 
MT_SB  L1_UPGRADE  0 <-- 
MT_SB  L1_PUTX  0 <-- 
MT_SB  L1_PUTX_old  0 <-- 
MT_SB  L2_Replacement  0 <-- 
MT_SB  L2_Replacement_clean  0 <-- 
MT_SB  Unblock  0 <-- 

 --- L1Cache ---
 - Event Counts -
Load  3326596
Ifetch  0
Store  596851
Inv  0
L1_Replacement  16902
Fwd_GETX  13
Fwd_GETS  0
Fwd_GET_INSTR  0
Data  0
Data_Exclusive  7132
DataS_fromL1  0
Data_all_Acks  11819
Ack  0
Ack_all  0
WB_Ack  16902

 - Transitions -
NP  Load  6332
NP  Ifetch  0 <-- 
NP  Store  12618
NP  Inv  0 <-- 
NP  L1_Replacement  0 <-- 

I  Load  0 <-- 
I  Ifetch  0 <-- 
I  Store  1
I  Inv  0 <-- 
I  L1_Replacement  0 <-- 

S  Load  0 <-- 
S  Ifetch  0 <-- 
S  Store  0 <-- 
S  Inv  0 <-- 
S  L1_Replacement  0 <-- 

E  Load  389927
E  Ifetch  0 <-- 
E  Store  14
E  Inv  0 <-- 
E  L1_Replacement  5302
E  Fwd_GETX  3
E  Fwd_GETS  0 <-- 
E  Fwd_GET_INSTR  0 <-- 

M  Load  2930337
M  Ifetch  0 <-- 
M  Store  584218
M  Inv  0 <-- 
M  L1_Replacement  11600
M  Fwd_GETX  10
M  Fwd_GETS  0 <-- 
M  Fwd_GET_INSTR  0 <-- 

IS  Load  0 <-- 
IS  Ifetch  0 <-- 
IS  Store  0 <-- 
IS  Inv  0 <-- 
IS  L1_Replacement  0 <-- 
IS  Data_Exclusive  6332
IS  DataS_fromL1  0 <-- 
IS  Data_all_Acks  0 <-- 

IM  Load  0 <-- 
IM  Ifetch  0 <-- 
IM  Store  0 <-- 
IM  Inv  0 <-- 
IM  L1_Replacement  0 <-- 
IM  Data  0 <-- 
IM  Data_Exclusive  800
IM  Data_all_Acks  11819
IM  Ack  0 <-- 

SM  Load  0 <-- 
SM  Ifetch  0 <-- 
SM  Store  0 <-- 
SM  Inv  0 <-- 
SM  L1_Replacement  0 <-- 
SM  Ack  0 <-- 
SM  Ack_all  0 <-- 

IS_I  Load  0 <-- 
IS_I  Ifetch  0 <-- 
IS_I  Store  0 <-- 
IS_I  Inv  0 <-- 
IS_I  L1_Replacement  0 <-- 
IS_I  Data_Exclusive  0 <-- 
IS_I  DataS_fromL1  0 <-- 
IS_I  Data_all_Acks  0 <-- 

M_I  Load  0 <-- 
M_I  Ifetch  0 <-- 
M_I  Store  0 <-- 
M_I  Inv  0 <-- 
M_I  L1_Replacement  0 <-- 
M_I  Fwd_GETX  0 <-- 
M_I  Fwd_GETS  0 <-- 
M_I  Fwd_GET_INSTR  0 <-- 
M_I  WB_Ack  16902

E_I  Load  0 <-- 
E_I  Ifetch  0 <-- 
E_I  Store  0 <-- 
E_I  L1_Replacement  0 <-- 

SINK_WB_ACK  Load  0 <-- 
SINK_WB_ACK  Ifetch  0 <-- 
SINK_WB_ACK  Store  0 <-- 
SINK_WB_ACK  Inv  0 <-- 
SINK_WB_ACK  L1_Replacement  0 <-- 
SINK_WB_ACK  WB_Ack  0 <-- 

 --- Directory ---
 - Event Counts -
Fetch  11897
Data  0

 - Transitions -
I  Fetch  11897
I  Data  0 <-- 


Chip Buffer Stats
----------

MessageBuffer: [Chip 0 0, L1TCache, requestFromL1Cache] stats - msgs:371606 full:0 size:[binsize: 1 max: 7 count: 371606 average: 1.01389 | standard deviation: 0.119842 | 0 366533 5003 61 3 3 2 1 ]
MessageBuffer: [Chip 0 1, L1TCache, requestFromL1Cache] stats - msgs:140856 full:0 size:[binsize: 1 max: 5 count: 140856 average: 1.0081 | standard deviation: 0.0905926 | 0 139723 1128 3 1 1 ]
MessageBuffer: [Chip 0 2, L1TCache, requestFromL1Cache] stats - msgs:249039 full:0 size:[binsize: 1 max: 3 count: 249039 average: 1.00012 | standard deviation: 0.0123526 | 0 249013 22 4 ]
MessageBuffer: [Chip 0 3, L1TCache, requestFromL1Cache] stats - msgs:0 full:0 size:[binsize: 1 max: 0 count: 0 average: NaN |standard deviation: NaN | 0 ]
MessageBuffer: [Chip 0 4, L1TCache, requestFromL1Cache] stats - msgs:0 full:0 size:[binsize: 1 max: 0 count: 0 average: NaN |standard deviation: NaN | 0 ]
MessageBuffer: [Chip 0 5, L1TCache, requestFromL1Cache] stats - msgs:0 full:0 size:[binsize: 1 max: 0 count: 0 average: NaN |standard deviation: NaN | 0 ]
MessageBuffer: [Chip 0 6, L1TCache, requestFromL1Cache] stats - msgs:0 full:0 size:[binsize: 1 max: 0 count: 0 average: NaN |standard deviation: NaN | 0 ]
MessageBuffer: [Chip 0 7, L1TCache, requestFromL1Cache] stats - msgs:0 full:0 size:[binsize: 1 max: 0 count: 0 average: NaN |standard deviation: NaN | 0 ]
MessageBuffer: [Chip 0 0, L1TCache, responseToL1Cache] stats - msgs:371606 full:0 size:[binsize: 1 max: 2 count: 371606 average: 1.00051 | standard deviation: 0.0225523 | 0 371417 189 ]
MessageBuffer: [Chip 0 1, L1TCache, responseToL1Cache] stats - msgs:140856 full:0 size:[binsize: 1 max: 2 count: 140856 average: 1.00043 | standard deviation: 0.0208103 | 0 140795 61 ]
MessageBuffer: [Chip 0 2, L1TCache, responseToL1Cache] stats - msgs:249039 full:0 size:[binsize: 1 max: 2 count: 249039 average: 1.00001 | standard deviation: 0.00347079 | 0 249036 3 ]
MessageBuffer: [Chip 0 3, L1TCache, responseToL1Cache] stats - msgs:0 full:0 size:[binsize: 1 max: 0 count: 0 average: NaN |standard deviation: NaN | 0 ]
MessageBuffer: [Chip 0 4, L1TCache, responseToL1Cache] stats - msgs:0 full:0 size:[binsize: 1 max: 0 count: 0 average: NaN |standard deviation: NaN | 0 ]
MessageBuffer: [Chip 0 5, L1TCache, responseToL1Cache] stats - msgs:0 full:0 size:[binsize: 1 max: 0 count: 0 average: NaN |standard deviation: NaN | 0 ]
MessageBuffer: [Chip 0 6, L1TCache, responseToL1Cache] stats - msgs:0 full:0 size:[binsize: 1 max: 0 count: 0 average: NaN |standard deviation: NaN | 0 ]
MessageBuffer: [Chip 0 7, L1TCache, responseToL1Cache] stats - msgs:0 full:0 size:[binsize: 1 max: 0 count: 0 average: NaN |standard deviation: NaN | 0 ]
MessageBuffer: [Chip 0 0, L2TCache, responseFromL2Cache] stats - msgs:6419 full:0 size:[binsize: 1 max: 2 count: 6419 average: 1.00405 | standard deviation: 0.0636483 | 0 6393 26 ]
MessageBuffer: [Chip 0 1, L2TCache, responseFromL2Cache] stats - msgs:16434 full:0 size:[binsize: 1 max: 2 count: 16434 average: 1.00012 | standard deviation: 0.0110321 | 0 16432 2 ]
MessageBuffer: [Chip 0 2, L2TCache, responseFromL2Cache] stats - msgs:4532 full:0 size:[binsize: 1 max: 3 count: 4532 average: 1.00287 | standard deviation: 0.061253 | 0 4521 9 2 ]
MessageBuffer: [Chip 0 3, L2TCache, responseFromL2Cache] stats - msgs:734116 full:0 size:[binsize: 1 max: 3 count: 734116 average: 1.0112 | standard deviation: 0.105255 | 0 725894 8221 1 ]
MessageBuffer: [Chip 0 0, L2TCache, L1RequestToL2Cache] stats - msgs:6419 full:0 size:[binsize: 1 max: 2 count: 6419 average: 1.00218 | standard deviation: 0.0467051 | 0 6405 14 ]
MessageBuffer: [Chip 0 1, L2TCache, L1RequestToL2Cache] stats - msgs:16434 full:0 size:[binsize: 1 max: 2 count: 16434 average: 1.00018 | standard deviation: 0.0135115 | 0 16431 3 ]
MessageBuffer: [Chip 0 2, L2TCache, L1RequestToL2Cache] stats - msgs:4532 full:0 size:[binsize: 1 max: 2 count: 4532 average: 1.00177 | standard deviation: 0.0420192 | 0 4524 8 ]
MessageBuffer: [Chip 0 3, L2TCache, L1RequestToL2Cache] stats - msgs:734116 full:0 size:[binsize: 1 max: 2 count: 734116 average: 1.00009 | standard deviation: 0.00969488 | 0 734047 69 ]
MessageBuffer: [Chip 0 0, L2TCache, requestFromL2TCache] stats - msgs:567 full:0 size:[binsize: 1 max: 1 count: 567 average:     1 | standard deviation: 0 | 0 567 ]
MessageBuffer: [Chip 0 1, L2TCache, requestFromL2TCache] stats - msgs:2069 full:0 size:[binsize: 1 max: 2 count: 2069 average: 1.0029 | standard deviation: 0.0538642 | 0 2063 6 ]
MessageBuffer: [Chip 0 2, L2TCache, requestFromL2TCache] stats - msgs:582 full:0 size:[binsize: 1 max: 2 count: 582 average: 1.00859 | standard deviation: 0.0927677 | 0 577 5 ]
MessageBuffer: [Chip 0 3, L2TCache, requestFromL2TCache] stats - msgs:29 full:0 size:[binsize: 1 max: 2 count: 29 average: 1.03448 | standard deviation: 0.188982 | 0 28 1 ]
MessageBuffer: [Chip 0 0, L2TCache, responseFromL2TCache] stats - msgs:1 full:0 size:[binsize: 1 max: 1 count: 1 average:     1 | standard deviation: 0 | 0 1 ]
MessageBuffer: [Chip 0 1, L2TCache, responseFromL2TCache] stats - msgs:248 full:0 size:[binsize: 1 max: 1 count: 248 average:     1 | standard deviation: 0 | 0 248 ]
MessageBuffer: [Chip 0 2, L2TCache, responseFromL2TCache] stats - msgs:561 full:0 size:[binsize: 1 max: 1 count: 561 average:     1 | standard deviation: 0 | 0 561 ]
MessageBuffer: [Chip 0 3, L2TCache, responseFromL2TCache] stats - msgs:11 full:0 size:[binsize: 1 max: 2 count: 11 average: 1.18182 | standard deviation: 0.447214 | 0 9 2 ]
MessageBuffer: [Chip 0 0, L2TCache, unblockFromL2TCache] stats - msgs:567 full:0 size:[binsize: 1 max: 1 count: 567 average:     1 | standard deviation: 0 | 0 567 ]
MessageBuffer: [Chip 0 1, L2TCache, unblockFromL2TCache] stats - msgs:2064 full:0 size:[binsize: 1 max: 1 count: 2064 average:     1 | standard deviation: 0 | 0 2064 ]
MessageBuffer: [Chip 0 2, L2TCache, unblockFromL2TCache] stats - msgs:579 full:0 size:[binsize: 1 max: 2 count: 579 average: 1.00173 | standard deviation: 0.0415945 | 0 578 1 ]
MessageBuffer: [Chip 0 3, L2TCache, unblockFromL2TCache] stats - msgs:27 full:0 size:[binsize: 1 max: 1 count: 27 average:     1 | standard deviation: 0 | 0 27 ]
MessageBuffer: [Chip 0 0, L2TCache, requestToL2TCache] stats - msgs:1 full:0 size:[binsize: 1 max: 1 count: 1 average:     1 | standard deviation: 0 | 0 1 ]
MessageBuffer: [Chip 0 1, L2TCache, requestToL2TCache] stats - msgs:239 full:0 size:[binsize: 1 max: 1 count: 239 average:     1 | standard deviation: 0 | 0 239 ]
MessageBuffer: [Chip 0 2, L2TCache, requestToL2TCache] stats - msgs:564 full:0 size:[binsize: 1 max: 1 count: 564 average:     1 | standard deviation: 0 | 0 564 ]
MessageBuffer: [Chip 0 3, L2TCache, requestToL2TCache] stats - msgs:13 full:0 size:[binsize: 1 max: 1 count: 13 average:     1 | standard deviation: 0 | 0 13 ]
MessageBuffer: [Chip 0 0, L2TCache, responseToL2TCache] stats - msgs:568 full:0 size:[binsize: 1 max: 1 count: 568 average:     1 | standard deviation: 0 | 0 568 ]
MessageBuffer: [Chip 0 1, L2TCache, responseToL2TCache] stats - msgs:2317 full:0 size:[binsize: 1 max: 1 count: 2317 average:     1 | standard deviation: 0 | 0 2317 ]
MessageBuffer: [Chip 0 2, L2TCache, responseToL2TCache] stats - msgs:1143 full:0 size:[binsize: 1 max: 1 count: 1143 average:     1 | standard deviation: 0 | 0 1143 ]
MessageBuffer: [Chip 0 3, L2TCache, responseToL2TCache] stats - msgs:40 full:0 size:[binsize: 1 max: 1 count: 40 average:     1 | standard deviation: 0 | 0 40 ]
MessageBuffer: [Chip 0 0, L2Cache, DirRequestFromL2Cache] stats - msgs:4038 full:0 size:[binsize: 1 max: 1 count: 4038 average:     1 | standard deviation: 0 | 0 4038 ]
MessageBuffer: [Chip 0 1, L2Cache, DirRequestFromL2Cache] stats - msgs:2058 full:0 size:[binsize: 1 max: 2 count: 2058 average: 1.00097 | standard deviation: 0.0311816 | 0 2056 2 ]
MessageBuffer: [Chip 0 2, L2Cache, DirRequestFromL2Cache] stats - msgs:2068 full:0 size:[binsize: 1 max: 3 count: 2068 average: 1.00242 | standard deviation: 0.0581941 | 0 2064 3 1 ]
MessageBuffer: [Chip 0 3, L2Cache, DirRequestFromL2Cache] stats - msgs:3733 full:0 size:[binsize: 1 max: 2 count: 3733 average: 1.00054 | standard deviation: 0.0231496 | 0 3731 2 ]
MessageBuffer: [Chip 0 0, L2Cache, L1RequestFromL2Cache] stats - msgs:2 full:0 size:[binsize: 1 max: 1 count: 2 average:     1 | standard deviation: 0 | 0 2 ]
MessageBuffer: [Chip 0 1, L2Cache, L1RequestFromL2Cache] stats - msgs:241 full:0 size:[binsize: 1 max: 1 count: 241 average:     1 | standard deviation: 0 | 0 241 ]
MessageBuffer: [Chip 0 2, L2Cache, L1RequestFromL2Cache] stats - msgs:567 full:0 size:[binsize: 1 max: 1 count: 567 average:     1 | standard deviation: 0 | 0 567 ]
MessageBuffer: [Chip 0 3, L2Cache, L1RequestFromL2Cache] stats - msgs:20 full:0 size:[binsize: 1 max: 2 count: 20 average:  1.05 | standard deviation: 0.229416 | 0 19 1 ]
MessageBuffer: [Chip 0 0, L2Cache, responseFromL2Cache] stats - msgs:14492 full:0 size:[binsize: 1 max: 2 count: 14492 average: 1.12303 | standard deviation: 0.328526 | 0 12709 1783 ]
MessageBuffer: [Chip 0 1, L2Cache, responseFromL2Cache] stats - msgs:3232 full:0 size:[binsize: 1 max: 2 count: 3232 average: 1.07488 | standard deviation: 0.263303 | 0 2990 242 ]
MessageBuffer: [Chip 0 2, L2Cache, responseFromL2Cache] stats - msgs:9201 full:0 size:[binsize: 1 max: 3 count: 9201 average: 1.16422 | standard deviation: 0.371103 | 0 7692 1507 2 ]
MessageBuffer: [Chip 0 3, L2Cache, responseFromL2Cache] stats - msgs:12983 full:0 size:[binsize: 1 max: 3 count: 12983 average: 1.02395 | standard deviation: 0.15403 | 0 12674 307 2 ]
MessageBuffer: [Chip 0 0, L2Cache, unblockToL2Cache] stats - msgs:8034 full:0 size:[binsize: 1 max: 1 count: 8034 average:     1 | standard deviation: 0 | 0 8034 ]
MessageBuffer: [Chip 0 1, L2Cache, unblockToL2Cache] stats - msgs:2525 full:0 size:[binsize: 1 max: 1 count: 2525 average:     1 | standard deviation: 0 | 0 2525 ]
MessageBuffer: [Chip 0 2, L2Cache, unblockToL2Cache] stats - msgs:4688 full:0 size:[binsize: 1 max: 2 count: 4688 average: 1.00021 | standard deviation: 0.0146067 | 0 4687 1 ]
MessageBuffer: [Chip 0 3, L2Cache, unblockToL2Cache] stats - msgs:6941 full:0 size:[binsize: 1 max: 1 count: 6941 average:     1 | standard deviation: 0 | 0 6941 ]
MessageBuffer: [Chip 0 0, L2Cache, L1RequestToL2Cache] stats - msgs:14492 full:0 size:[binsize: 1 max: 2 count: 14492 average: 1.00069 | standard deviation: 0.0262694 | 0 14482 10 ]
MessageBuffer: [Chip 0 1, L2Cache, L1RequestToL2Cache] stats - msgs:2986 full:0 size:[binsize: 1 max: 2 count: 2986 average: 1.00033 | standard deviation: 0.0183032 | 0 2985 1 ]
MessageBuffer: [Chip 0 2, L2Cache, L1RequestToL2Cache] stats - msgs:8643 full:0 size:[binsize: 1 max: 2 count: 8643 average: 1.00046 | standard deviation: 0.0215141 | 0 8639 4 ]
MessageBuffer: [Chip 0 3, L2Cache, L1RequestToL2Cache] stats - msgs:12979 full:0 size:[binsize: 1 max: 2 count: 12979 average: 1.04769 | standard deviation: 0.213217 | 0 12360 619 ]
MessageBuffer: [Chip 0 0, L2Cache, responseToL2Cache] stats - msgs:4039 full:0 size:[binsize: 1 max: 1 count: 4039 average:     1 | standard deviation: 0 | 0 4039 ]
MessageBuffer: [Chip 0 1, L2Cache, responseToL2Cache] stats - msgs:2306 full:0 size:[binsize: 1 max: 1 count: 2306 average:     1 | standard deviation: 0 | 0 2306 ]
MessageBuffer: [Chip 0 2, L2Cache, responseToL2Cache] stats - msgs:2629 full:0 size:[binsize: 1 max: 1 count: 2629 average:     1 | standard deviation: 0 | 0 2629 ]
MessageBuffer: [Chip 0 3, L2Cache, responseToL2Cache] stats - msgs:3744 full:0 size:[binsize: 1 max: 1 count: 3744 average:     1 | standard deviation: 0 | 0 3744 ]
MessageBuffer: [Chip 0 0, L1Cache, requestFromL1Cache] stats - msgs:35853 full:0 size:[binsize: 1 max: 6 count: 35853 average: 1.47329 | standard deviation: 0.503197 | 0 18930 16896 12 12 2 1 ]
MessageBuffer: [Chip 0 1, L1Cache, requestFromL1Cache] stats - msgs:0 full:0 size:[binsize: 1 max: 0 count: 0 average: NaN |standard deviation: NaN | 0 ]
MessageBuffer: [Chip 0 2, L1Cache, requestFromL1Cache] stats - msgs:0 full:0 size:[binsize: 1 max: 0 count: 0 average: NaN |standard deviation: NaN | 0 ]
MessageBuffer: [Chip 0 3, L1Cache, requestFromL1Cache] stats - msgs:0 full:0 size:[binsize: 1 max: 0 count: 0 average: NaN |standard deviation: NaN | 0 ]
MessageBuffer: [Chip 0 4, L1Cache, requestFromL1Cache] stats - msgs:0 full:0 size:[binsize: 1 max: 0 count: 0 average: NaN |standard deviation: NaN | 0 ]
MessageBuffer: [Chip 0 5, L1Cache, requestFromL1Cache] stats - msgs:0 full:0 size:[binsize: 1 max: 0 count: 0 average: NaN |standard deviation: NaN | 0 ]
MessageBuffer: [Chip 0 6, L1Cache, requestFromL1Cache] stats - msgs:0 full:0 size:[binsize: 1 max: 0 count: 0 average: NaN |standard deviation: NaN | 0 ]
MessageBuffer: [Chip 0 7, L1Cache, requestFromL1Cache] stats - msgs:0 full:0 size:[binsize: 1 max: 0 count: 0 average: NaN |standard deviation: NaN | 0 ]
MessageBuffer: [Chip 0 0, L1Cache, responseFromL1Cache] stats - msgs:13 full:0 size:[binsize: 1 max: 1 count: 13 average:     1 | standard deviation: 0 | 0 13 ]
MessageBuffer: [Chip 0 1, L1Cache, responseFromL1Cache] stats - msgs:0 full:0 size:[binsize: 1 max: 0 count: 0 average: NaN |standard deviation: NaN | 0 ]
MessageBuffer: [Chip 0 2, L1Cache, responseFromL1Cache] stats - msgs:0 full:0 size:[binsize: 1 max: 0 count: 0 average: NaN |standard deviation: NaN | 0 ]
MessageBuffer: [Chip 0 3, L1Cache, responseFromL1Cache] stats - msgs:0 full:0 size:[binsize: 1 max: 0 count: 0 average: NaN |standard deviation: NaN | 0 ]
MessageBuffer: [Chip 0 4, L1Cache, responseFromL1Cache] stats - msgs:0 full:0 size:[binsize: 1 max: 0 count: 0 average: NaN |standard deviation: NaN | 0 ]
MessageBuffer: [Chip 0 5, L1Cache, responseFromL1Cache] stats - msgs:0 full:0 size:[binsize: 1 max: 0 count: 0 average: NaN |standard deviation: NaN | 0 ]
MessageBuffer: [Chip 0 6, L1Cache, responseFromL1Cache] stats - msgs:0 full:0 size:[binsize: 1 max: 0 count: 0 average: NaN |standard deviation: NaN | 0 ]
MessageBuffer: [Chip 0 7, L1Cache, responseFromL1Cache] stats - msgs:0 full:0 size:[binsize: 1 max: 0 count: 0 average: NaN |standard deviation: NaN | 0 ]
MessageBuffer: [Chip 0 0, L1Cache, unblockFromL1Cache] stats - msgs:18951 full:0 size:[binsize: 1 max: 2 count: 18951 average: 1.00016 | standard deviation: 0.0125822 | 0 18948 3 ]
MessageBuffer: [Chip 0 1, L1Cache, unblockFromL1Cache] stats - msgs:0 full:0 size:[binsize: 1 max: 0 count: 0 average: NaN |standard deviation: NaN | 0 ]
MessageBuffer: [Chip 0 2, L1Cache, unblockFromL1Cache] stats - msgs:0 full:0 size:[binsize: 1 max: 0 count: 0 average: NaN |standard deviation: NaN | 0 ]
MessageBuffer: [Chip 0 3, L1Cache, unblockFromL1Cache] stats - msgs:0 full:0 size:[binsize: 1 max: 0 count: 0 average: NaN |standard deviation: NaN | 0 ]
MessageBuffer: [Chip 0 4, L1Cache, unblockFromL1Cache] stats - msgs:0 full:0 size:[binsize: 1 max: 0 count: 0 average: NaN |standard deviation: NaN | 0 ]
MessageBuffer: [Chip 0 5, L1Cache, unblockFromL1Cache] stats - msgs:0 full:0 size:[binsize: 1 max: 0 count: 0 average: NaN |standard deviation: NaN | 0 ]
MessageBuffer: [Chip 0 6, L1Cache, unblockFromL1Cache] stats - msgs:0 full:0 size:[binsize: 1 max: 0 count: 0 average: NaN |standard deviation: NaN | 0 ]
MessageBuffer: [Chip 0 7, L1Cache, unblockFromL1Cache] stats - msgs:0 full:0 size:[binsize: 1 max: 0 count: 0 average: NaN |standard deviation: NaN | 0 ]
MessageBuffer: [Chip 0 0, L1Cache, requestToL1Cache] stats - msgs:13 full:0 size:[binsize: 1 max: 1 count: 13 average:     1 | standard deviation: 0 | 0 13 ]
MessageBuffer: [Chip 0 1, L1Cache, requestToL1Cache] stats - msgs:0 full:0 size:[binsize: 1 max: 0 count: 0 average: NaN |standard deviation: NaN | 0 ]
MessageBuffer: [Chip 0 2, L1Cache, requestToL1Cache] stats - msgs:0 full:0 size:[binsize: 1 max: 0 count: 0 average: NaN |standard deviation: NaN | 0 ]
MessageBuffer: [Chip 0 3, L1Cache, requestToL1Cache] stats - msgs:0 full:0 size:[binsize: 1 max: 0 count: 0 average: NaN |standard deviation: NaN | 0 ]
MessageBuffer: [Chip 0 4, L1Cache, requestToL1Cache] stats - msgs:0 full:0 size:[binsize: 1 max: 0 count: 0 average: NaN |standard deviation: NaN | 0 ]
MessageBuffer: [Chip 0 5, L1Cache, requestToL1Cache] stats - msgs:0 full:0 size:[binsize: 1 max: 0 count: 0 average: NaN |standard deviation: NaN | 0 ]
MessageBuffer: [Chip 0 6, L1Cache, requestToL1Cache] stats - msgs:0 full:0 size:[binsize: 1 max: 0 count: 0 average: NaN |standard deviation: NaN | 0 ]
MessageBuffer: [Chip 0 7, L1Cache, requestToL1Cache] stats - msgs:0 full:0 size:[binsize: 1 max: 0 count: 0 average: NaN |standard deviation: NaN | 0 ]
MessageBuffer: [Chip 0 0, L1Cache, responseToL1Cache] stats - msgs:35853 full:0 size:[binsize: 1 max: 2 count: 35853 average: 1.00056 | standard deviation: 0.0236188 | 0 35833 20 ]
MessageBuffer: [Chip 0 1, L1Cache, responseToL1Cache] stats - msgs:0 full:0 size:[binsize: 1 max: 0 count: 0 average: NaN |standard deviation: NaN | 0 ]
MessageBuffer: [Chip 0 2, L1Cache, responseToL1Cache] stats - msgs:0 full:0 size:[binsize: 1 max: 0 count: 0 average: NaN |standard deviation: NaN | 0 ]
MessageBuffer: [Chip 0 3, L1Cache, responseToL1Cache] stats - msgs:0 full:0 size:[binsize: 1 max: 0 count: 0 average: NaN |standard deviation: NaN | 0 ]
MessageBuffer: [Chip 0 4, L1Cache, responseToL1Cache] stats - msgs:0 full:0 size:[binsize: 1 max: 0 count: 0 average: NaN |standard deviation: NaN | 0 ]
MessageBuffer: [Chip 0 5, L1Cache, responseToL1Cache] stats - msgs:0 full:0 size:[binsize: 1 max: 0 count: 0 average: NaN |standard deviation: NaN | 0 ]
MessageBuffer: [Chip 0 6, L1Cache, responseToL1Cache] stats - msgs:0 full:0 size:[binsize: 1 max: 0 count: 0 average: NaN |standard deviation: NaN | 0 ]
MessageBuffer: [Chip 0 7, L1Cache, responseToL1Cache] stats - msgs:0 full:0 size:[binsize: 1 max: 0 count: 0 average: NaN |standard deviation: NaN | 0 ]
MessageBuffer: [Chip 0 0, Directory, requestToDir] stats - msgs:2974 full:0 size:[binsize: 1 max: 2 count: 2974 average: 1.00034 | standard deviation: 0.0183401 | 0 2973 1 ]
MessageBuffer: [Chip 0 1, Directory, requestToDir] stats - msgs:2976 full:0 size:[binsize: 1 max: 1 count: 2976 average:     1 | standard deviation: 0 | 0 2976 ]
MessageBuffer: [Chip 0 2, Directory, requestToDir] stats - msgs:2973 full:0 size:[binsize: 1 max: 2 count: 2973 average: 1.00034 | standard deviation: 0.0183432 | 0 2972 1 ]
MessageBuffer: [Chip 0 3, Directory, requestToDir] stats - msgs:2974 full:0 size:[binsize: 1 max: 1 count: 2974 average:     1 | standard deviation: 0 | 0 2974 ]
MessageBuffer: [Chip 0 0, Directory, responseToDir] stats - msgs:0 full:0 size:[binsize: 1 max: 0 count: 0 average: NaN |standard deviation: NaN | 0 ]
MessageBuffer: [Chip 0 1, Directory, responseToDir] stats - msgs:0 full:0 size:[binsize: 1 max: 0 count: 0 average: NaN |standard deviation: NaN | 0 ]
MessageBuffer: [Chip 0 2, Directory, responseToDir] stats - msgs:0 full:0 size:[binsize: 1 max: 0 count: 0 average: NaN |standard deviation: NaN | 0 ]
MessageBuffer: [Chip 0 3, Directory, responseToDir] stats - msgs:0 full:0 size:[binsize: 1 max: 0 count: 0 average: NaN |standard deviation: NaN | 0 ]
MessageBuffer: [Chip 0 0, Directory, responseFromDir] stats - msgs:2974 full:0 size:[binsize: 1 max: 3 count: 2974 average: 1.00168 | standard deviation: 0.0485234 | 0 2970 3 1 ]
MessageBuffer: [Chip 0 1, Directory, responseFromDir] stats - msgs:2976 full:0 size:[binsize: 1 max: 2 count: 2976 average: 1.00101 | standard deviation: 0.0317554 | 0 2973 3 ]
MessageBuffer: [Chip 0 2, Directory, responseFromDir] stats - msgs:2973 full:0 size:[binsize: 1 max: 3 count: 2973 average: 1.00168 | standard deviation: 0.0485316 | 0 2969 3 1 ]
MessageBuffer: [Chip 0 3, Directory, responseFromDir] stats - msgs:2974 full:0 size:[binsize: 1 max: 3 count: 2974 average: 1.00202 | standard deviation: 0.0579966 | 0 2970 2 2 ]
