####################################################################################################
Interval
####################################################################################################

POWER_L3CACHE_LINEFILL_BUF_R                                    0                             0

POWER_L3CACHE_LINEFILL_BUF_W                                    0                             0

POWER_L3CACHE_LINEFILL_BUF_R_TAG                                0                             0

POWER_L3CACHE_WB_BUF_R                                          0                             0

POWER_L3CACHE_WB_BUF_W                                          0                             0

POWER_L3CACHE_WB_BUF_R_TAG                                      0                             0

POWER_L3CACHE_R                                                 0                             0

POWER_L3CACHE_W                                                 0                             0

POWER_L3CACHE_R_TAG                                             0                             0

POWER_MC_R                                                      0                             0

POWER_MC_W                                                      0                             0

POWER_BLOCK_STATES_R_CORE_0                               1175001                       1175001

POWER_BLOCK_STATES_W_CORE_0                               1175001                       1175001

POWER_FETCH_QUEUE_R_CORE_0                                 428227                        428227

POWER_FETCH_QUEUE_W_CORE_0                                 428227                        428227

POWER_INST_QUEUE_R_CORE_0                                 1877583                       1877583

POWER_INST_QUEUE_W_CORE_0                                  428227                        428227

POWER_BR_PRED_R_CORE_0                                      74098                         74098

POWER_BR_PRED_W_CORE_0                                      74053                         74053

POWER_RAS_R_CORE_0                                             90                            90

POWER_RAS_W_CORE_0                                             94                            94

POWER_ICACHE_R_CORE_0                                      107067                        107067

POWER_ICACHE_W_CORE_0                                           0                             0

POWER_ICACHE_R_TAG_CORE_0                                  107027                        107027

POWER_ICACHE_MISS_BUF_R_CORE_0                                  0                             0

POWER_ICACHE_MISS_BUF_W_CORE_0                                  0                             0

POWER_ICACHE_MISS_BUF_R_TAG_CORE_0                              0                             0

POWER_ICACHE_MISS_BUF_W_TAG_CORE_0                              0                             0

POWER_ICACHE_TOT_ACC_CORE_0                                     0                             0

POWER_ICACHE_CONF_CORE_0                                        0                             0

POWER_INST_DECODER_R_CORE_0                                352636                        352636

POWER_INST_DECODER_W_CORE_0                                     0                             0

POWER_MICRO_OP_SEQ_R_CORE_0                                     0                             0

POWER_MICRO_OP_SEQ_W_CORE_0                                     0                             0

POWER_OPERAND_DECODER_R_CORE_0                             352636                        352636

POWER_OPERAND_DECODER_W_CORE_0                                  0                             0

POWER_UOP_QUEUE_R_CORE_0                                  1877583                       1877583

POWER_UOP_QUEUE_W_CORE_0                                   428227                        428227

POWER_REG_RENAMING_TABLE_R_CORE_0                         1877583                       1877583

POWER_REG_RENAMING_TABLE_W_CORE_0                          428227                        428227

POWER_DEP_CHECK_LOGIC_R_CORE_0                             428227                        428227

POWER_FREELIST_R_CORE_0                                   1877583                       1877583

POWER_FREELIST_W_CORE_0                                    428227                        428227

POWER_RESERVATION_STATION_R_CORE_0                        7742421                       7742421

POWER_RESERVATION_STATION_W_CORE_0                         428227                        428227

POWER_RESERVATION_STATION_R_TAG_CORE_0                    7742421                       7742421

POWER_RESERVATION_STATION_W_TAG_CORE_0                          0                             0

POWER_INST_ISSUE_SEL_LOGIC_R_CORE_0                       7742421                       7742421

POWER_INST_ISSUE_SEL_LOGIC_W_CORE_0                        428227                        428227

POWER_PAYLOAD_RAM_R_CORE_0                                7742421                       7742421

POWER_PAYLOAD_RAM_W_CORE_0                                 428227                        428227

POWER_EX_ALU_R_CORE_0                                      343836                        343836

POWER_EX_FPU_R_CORE_0                                           0                             0

POWER_EX_MUL_R_CORE_0                                         629                           629

POWER_EX_SFU_R_CORE_0                                           0                             0

POWER_REORDER_BUF_R_CORE_0                                 428227                        428227

POWER_REORDER_BUF_W_CORE_0                                 856454                        856454

POWER_INST_COMMIT_SEL_LOGIC_R_CORE_0                       428227                        428227

POWER_INST_COMMIT_SEL_LOGIC_W_CORE_0                       428227                        428227

POWER_FP_RENAME_R_CORE_0                                        0                             0

POWER_FP_RENAME_W_CORE_0                                        0                             0

POWER_LOAD_QUEUE_R_CORE_0                                 1209773                       1209773

POWER_LOAD_QUEUE_W_CORE_0                                 1209773                       1209773

POWER_LOAD_QUEUE_R_TAG_CORE_0                             1209773                       1209773

POWER_LOAD_QUEUE_W_TAG_CORE_0                                   0                             0

POWER_STORE_QUEUE_R_CORE_0                                6188183                       6188183

POWER_STORE_QUEUE_W_CORE_0                                6188183                       6188183

POWER_STORE_QUEUE_R_TAG_CORE_0                            6188183                       6188183

POWER_STORE_QUEUE_W_TAG_CORE_0                                  0                             0

POWER_DATA_TLB_R_CORE_0                                   1209773                       1209773

POWER_DATA_TLB_W_CORE_0                                         0                             0

POWER_DATA_TLB_R_TAG_CORE_0                                     0                             0

POWER_DATA_TLB_W_TAG_CORE_0                                     0                             0

POWER_INT_REGFILE_R_CORE_0                                 772692                        772692

POWER_INT_REGFILE_W_CORE_0                                 428227                        428227

POWER_FP_REGFILE_R_CORE_0                                       0                             0

POWER_FP_REGFILE_W_CORE_0                                       0                             0

POWER_GP_REGISTER_R_CORE_0                                 772692                        772692

POWER_GP_REGISTER_W_CORE_0                                 428227                        428227

POWER_FP_REGISTER_R_CORE_0                                      0                             0

POWER_FP_REGISTER_W_CORE_0                                      0                             0

POWER_SEGMENT_REGISTER_R_CORE_0                             83762                         83762

POWER_SEGMENT_REGISTER_W_CORE_0                            167501                        167501

POWER_CONTROL_REGISTER_R_CORE_0                                 0                             0

POWER_CONTROL_REGISTER_W_CORE_0                               956                           956

POWER_FLAG_REGISTER_R_CORE_0                                    0                             0

POWER_FLAG_REGISTER_W_CORE_0                               194235                        194235

POWER_EXEC_BYPASS_CORE_0                                   428227                        428227

POWER_LOAD_BYPASS_CORE_0                                        0                             0

POWER_PIPELINE_CORE_0                                      352636                        352636

POWER_DCACHE_MISS_BUF_R_CORE_0                                  0                             0

POWER_DCACHE_MISS_BUF_R_TAG_CORE_0                          83762                         83762

POWER_DCACHE_MISS_BUF_W_CORE_0                              83762                         83762

POWER_DCACHE_MISS_BUF_W_TAG_CORE_0                              0                             0

POWER_DCACHE_LINEFILL_BUF_R_CORE_0                              0                             0

POWER_L2CACHE_LINEFILL_BUF_R_CORE_0                             0                             0

POWER_DCACHE_LINEFILL_BUF_W_CORE_0                              0                             0

POWER_L2CACHE_LINEFILL_BUF_W_CORE_0                             0                             0

POWER_DCACHE_LINEFILL_BUF_R_TAG_CORE_0                          0                             0

POWER_L2CACHE_LINEFILL_BUF_R_TAG_CORE_0                         0                             0

POWER_DCACHE_LINEFILL_BUF_W_TAG_CORE_0                          0                             0

POWER_DCACHE_WB_BUF_R_CORE_0                                    0                             0

POWER_L2CACHE_WB_BUF_R_CORE_0                                   0                             0

POWER_DCACHE_WB_BUF_W_CORE_0                                    0                             0

POWER_L2CACHE_WB_BUF_W_CORE_0                                   0                             0

POWER_DCACHE_WB_BUF_R_TAG_CORE_0                                0                             0

POWER_L2CACHE_WB_BUF_R_TAG_CORE_0                               0                             0

POWER_DCACHE_WB_BUF_W_TAG_CORE_0                                0                             0

POWER_DCACHE_R_CORE_0                                           0                             0

POWER_L2CACHE_R_CORE_0                                          0                             0

POWER_DCACHE_W_CORE_0                                           0                             0

POWER_L2CACHE_W_CORE_0                                          0                             0

POWER_DCACHE_R_TAG_CORE_0                                       0                             0

POWER_L2CACHE_R_TAG_CORE_0                                      0                             0

POWER_CONST_CACHE_R_CORE_0                                      0                             0

POWER_CONST_CACHE_W_CORE_0                                      0                             0

POWER_CONST_CACHE_R_TAG_CORE_0                                  0                             0

POWER_CONST_CACHE_W_TAG_CORE_0                                  0                             0

POWER_TEXTURE_CACHE_R_CORE_0                                    0                             0

POWER_TEXTURE_CACHE_W_CORE_0                                    0                             0

POWER_TEXTURE_CACHE_R_TAG_CORE_0                                0                             0

POWER_TEXTURE_CACHE_W_TAG_CORE_0                                0                             0

POWER_SHARED_MEM_R_CORE_0                                       0                             0

POWER_SHARED_MEM_W_CORE_0                                       0                             0

POWER_SHARED_MEM_R_TAG_CORE_0                                   0                             0

POWER_SHARED_MEM_W_TAG_CORE_0                                   0                             0

POWER_BLOCK_STATES_R_CORE_1                                440715                        440715

POWER_BLOCK_STATES_W_CORE_1                                440715                        440715

POWER_FETCH_QUEUE_R_CORE_1                                 102624                        102624

POWER_FETCH_QUEUE_W_CORE_1                                 102624                        102624

POWER_INST_QUEUE_R_CORE_1                                  104671                        104671

POWER_INST_QUEUE_W_CORE_1                                  102624                        102624

POWER_BR_PRED_R_CORE_1                                          0                             0

POWER_BR_PRED_W_CORE_1                                          0                             0

POWER_RAS_R_CORE_1                                              0                             0

POWER_RAS_W_CORE_1                                              0                             0

POWER_ICACHE_R_CORE_1                                         816                           816

POWER_ICACHE_W_CORE_1                                           0                             0

POWER_ICACHE_R_TAG_CORE_1                                       0                             0

POWER_ICACHE_MISS_BUF_R_CORE_1                                  0                             0

POWER_ICACHE_MISS_BUF_W_CORE_1                                  0                             0

POWER_ICACHE_MISS_BUF_R_TAG_CORE_1                              0                             0

POWER_ICACHE_MISS_BUF_W_TAG_CORE_1                              0                             0

POWER_ICACHE_TOT_ACC_CORE_1                                     0                             0

POWER_ICACHE_CONF_CORE_1                                        0                             0

POWER_INST_DECODER_R_CORE_1                                 69063                         69063

POWER_INST_DECODER_W_CORE_1                                     0                             0

POWER_MICRO_OP_SEQ_R_CORE_1                                     0                             0

POWER_MICRO_OP_SEQ_W_CORE_1                                     0                             0

POWER_OPERAND_DECODER_R_CORE_1                              69063                         69063

POWER_OPERAND_DECODER_W_CORE_1                                  0                             0

POWER_UOP_QUEUE_R_CORE_1                                   104671                        104671

POWER_UOP_QUEUE_W_CORE_1                                   102624                        102624

POWER_REG_RENAMING_TABLE_R_CORE_1                          104671                        104671

POWER_REG_RENAMING_TABLE_W_CORE_1                          102624                        102624

POWER_DEP_CHECK_LOGIC_R_CORE_1                             102624                        102624

POWER_FREELIST_R_CORE_1                                    104671                        104671

POWER_FREELIST_W_CORE_1                                    102624                        102624

POWER_RESERVATION_STATION_R_CORE_1                         140284                        140284

POWER_RESERVATION_STATION_W_CORE_1                         102624                        102624

POWER_RESERVATION_STATION_R_TAG_CORE_1                     140284                        140284

POWER_RESERVATION_STATION_W_TAG_CORE_1                          0                             0

POWER_INST_ISSUE_SEL_LOGIC_R_CORE_1                        140284                        140284

POWER_INST_ISSUE_SEL_LOGIC_W_CORE_1                        102624                        102624

POWER_PAYLOAD_RAM_R_CORE_1                                 140284                        140284

POWER_PAYLOAD_RAM_W_CORE_1                                 102624                        102624

POWER_EX_ALU_R_CORE_1                                        4766                          4766

POWER_EX_FPU_R_CORE_1                                       28783                         28783

POWER_EX_MUL_R_CORE_1                                         298                           298

POWER_EX_SFU_R_CORE_1                                           0                             0

POWER_REORDER_BUF_R_CORE_1                                 102624                        102624

POWER_REORDER_BUF_W_CORE_1                                 205248                        205248

POWER_INST_COMMIT_SEL_LOGIC_R_CORE_1                       102624                        102624

POWER_INST_COMMIT_SEL_LOGIC_W_CORE_1                       102624                        102624

POWER_FP_RENAME_R_CORE_1                                    79778                         79778

POWER_FP_RENAME_W_CORE_1                                        0                             0

POWER_LOAD_QUEUE_R_CORE_1                                   80387                         80387

POWER_LOAD_QUEUE_W_CORE_1                                   80387                         80387

POWER_LOAD_QUEUE_R_TAG_CORE_1                               80387                         80387

POWER_LOAD_QUEUE_W_TAG_CORE_1                                   0                             0

POWER_STORE_QUEUE_R_CORE_1                                  26050                         26050

POWER_STORE_QUEUE_W_CORE_1                                  26050                         26050

POWER_STORE_QUEUE_R_TAG_CORE_1                              26050                         26050

POWER_STORE_QUEUE_W_TAG_CORE_1                                  0                             0

POWER_DATA_TLB_R_CORE_1                                     80387                         80387

POWER_DATA_TLB_W_CORE_1                                         0                             0

POWER_DATA_TLB_R_TAG_CORE_1                                     0                             0

POWER_DATA_TLB_W_TAG_CORE_1                                     0                             0

POWER_INT_REGFILE_R_CORE_1                                  78905                         78905

POWER_INT_REGFILE_W_CORE_1                                  73841                         73841

POWER_FP_REGFILE_R_CORE_1                                   57566                         57566

POWER_FP_REGFILE_W_CORE_1                                   28783                         28783

POWER_GP_REGISTER_R_CORE_1                                  78905                         78905

POWER_GP_REGISTER_W_CORE_1                                  73841                         73841

POWER_FP_REGISTER_R_CORE_1                                  57566                         57566

POWER_FP_REGISTER_W_CORE_1                                  28783                         28783

POWER_SEGMENT_REGISTER_R_CORE_1                             68777                         68777

POWER_SEGMENT_REGISTER_W_CORE_1                            137554                        137554

POWER_CONTROL_REGISTER_R_CORE_1                                 0                             0

POWER_CONTROL_REGISTER_W_CORE_1                                 0                             0

POWER_FLAG_REGISTER_R_CORE_1                                    0                             0

POWER_FLAG_REGISTER_W_CORE_1                                 4778                          4778

POWER_EXEC_BYPASS_CORE_1                                   102624                        102624

POWER_LOAD_BYPASS_CORE_1                                        0                             0

POWER_PIPELINE_CORE_1                                       69063                         69063

POWER_DCACHE_MISS_BUF_R_CORE_1                                  0                             0

POWER_DCACHE_MISS_BUF_R_TAG_CORE_1                          68777                         68777

POWER_DCACHE_MISS_BUF_W_CORE_1                              68777                         68777

POWER_DCACHE_MISS_BUF_W_TAG_CORE_1                              0                             0

POWER_DCACHE_LINEFILL_BUF_R_CORE_1                              0                             0

POWER_L2CACHE_LINEFILL_BUF_R_CORE_1                             0                             0

POWER_DCACHE_LINEFILL_BUF_W_CORE_1                              0                             0

POWER_L2CACHE_LINEFILL_BUF_W_CORE_1                             0                             0

POWER_DCACHE_LINEFILL_BUF_R_TAG_CORE_1                          0                             0

POWER_L2CACHE_LINEFILL_BUF_R_TAG_CORE_1                         0                             0

POWER_DCACHE_LINEFILL_BUF_W_TAG_CORE_1                          0                             0

POWER_DCACHE_WB_BUF_R_CORE_1                                    0                             0

POWER_L2CACHE_WB_BUF_R_CORE_1                                   0                             0

POWER_DCACHE_WB_BUF_W_CORE_1                                    0                             0

POWER_L2CACHE_WB_BUF_W_CORE_1                                   0                             0

POWER_DCACHE_WB_BUF_R_TAG_CORE_1                                0                             0

POWER_L2CACHE_WB_BUF_R_TAG_CORE_1                               0                             0

POWER_DCACHE_WB_BUF_W_TAG_CORE_1                                0                             0

POWER_DCACHE_R_CORE_1                                           0                             0

POWER_L2CACHE_R_CORE_1                                          0                             0

POWER_DCACHE_W_CORE_1                                           0                             0

POWER_L2CACHE_W_CORE_1                                          0                             0

POWER_DCACHE_R_TAG_CORE_1                                       0                             0

POWER_L2CACHE_R_TAG_CORE_1                                      0                             0

POWER_CONST_CACHE_R_CORE_1                                      0                             0

POWER_CONST_CACHE_W_CORE_1                                      0                             0

POWER_CONST_CACHE_R_TAG_CORE_1                                  0                             0

POWER_CONST_CACHE_W_TAG_CORE_1                                  0                             0

POWER_TEXTURE_CACHE_R_CORE_1                                    0                             0

POWER_TEXTURE_CACHE_W_CORE_1                                    0                             0

POWER_TEXTURE_CACHE_R_TAG_CORE_1                                0                             0

POWER_TEXTURE_CACHE_W_TAG_CORE_1                                0                             0

POWER_SHARED_MEM_R_CORE_1                                       0                             0

POWER_SHARED_MEM_W_CORE_1                                       0                             0

POWER_SHARED_MEM_R_TAG_CORE_1                                   0                             0

POWER_SHARED_MEM_W_TAG_CORE_1                                   0                             0

POWER_BLOCK_STATES_R_CORE_2                                 84254                         84254

POWER_BLOCK_STATES_W_CORE_2                                 84254                         84254

POWER_FETCH_QUEUE_R_CORE_2                                 284758                        284758

POWER_FETCH_QUEUE_W_CORE_2                                 284758                        284758

POWER_INST_QUEUE_R_CORE_2                                  284758                        284758

POWER_INST_QUEUE_W_CORE_2                                  284758                        284758

POWER_BR_PRED_R_CORE_2                                      34584                         34584

POWER_BR_PRED_W_CORE_2                                      34584                         34584

POWER_RAS_R_CORE_2                                              0                             0

POWER_RAS_W_CORE_2                                              0                             0

POWER_ICACHE_R_CORE_2                                        1757                          1757

POWER_ICACHE_W_CORE_2                                           0                             0

POWER_ICACHE_R_TAG_CORE_2                                    1757                          1757

POWER_ICACHE_MISS_BUF_R_CORE_2                                  0                             0

POWER_ICACHE_MISS_BUF_W_CORE_2                                  0                             0

POWER_ICACHE_MISS_BUF_R_TAG_CORE_2                              0                             0

POWER_ICACHE_MISS_BUF_W_TAG_CORE_2                              0                             0

POWER_ICACHE_TOT_ACC_CORE_2                                     0                             0

POWER_ICACHE_CONF_CORE_2                                        0                             0

POWER_INST_DECODER_R_CORE_2                                248207                        248207

POWER_INST_DECODER_W_CORE_2                                     0                             0

POWER_MICRO_OP_SEQ_R_CORE_2                                     0                             0

POWER_MICRO_OP_SEQ_W_CORE_2                                     0                             0

POWER_OPERAND_DECODER_R_CORE_2                             248207                        248207

POWER_OPERAND_DECODER_W_CORE_2                                  0                             0

POWER_UOP_QUEUE_R_CORE_2                                   284758                        284758

POWER_UOP_QUEUE_W_CORE_2                                   284758                        284758

POWER_REG_RENAMING_TABLE_R_CORE_2                          284758                        284758

POWER_REG_RENAMING_TABLE_W_CORE_2                          284758                        284758

POWER_DEP_CHECK_LOGIC_R_CORE_2                             284758                        284758

POWER_FREELIST_R_CORE_2                                    284758                        284758

POWER_FREELIST_W_CORE_2                                    284758                        284758

POWER_RESERVATION_STATION_R_CORE_2                        1088247                       1088247

POWER_RESERVATION_STATION_W_CORE_2                         284758                        284758

POWER_RESERVATION_STATION_R_TAG_CORE_2                    1088247                       1088247

POWER_RESERVATION_STATION_W_TAG_CORE_2                          0                             0

POWER_INST_ISSUE_SEL_LOGIC_R_CORE_2                       1088247                       1088247

POWER_INST_ISSUE_SEL_LOGIC_W_CORE_2                        284758                        284758

POWER_PAYLOAD_RAM_R_CORE_2                                1088247                       1088247

POWER_PAYLOAD_RAM_W_CORE_2                                 284758                        284758

POWER_EX_ALU_R_CORE_2                                      208510                        208510

POWER_EX_FPU_R_CORE_2                                           0                             0

POWER_EX_MUL_R_CORE_2                                        1000                          1000

POWER_EX_SFU_R_CORE_2                                           0                             0

POWER_REORDER_BUF_R_CORE_2                                 284758                        284758

POWER_REORDER_BUF_W_CORE_2                                 569516                        569516

POWER_INST_COMMIT_SEL_LOGIC_R_CORE_2                       284758                        284758

POWER_INST_COMMIT_SEL_LOGIC_W_CORE_2                       284758                        284758

POWER_FP_RENAME_R_CORE_2                                        0                             0

POWER_FP_RENAME_W_CORE_2                                        0                             0

POWER_LOAD_QUEUE_R_CORE_2                                   68938                         68938

POWER_LOAD_QUEUE_W_CORE_2                                   68938                         68938

POWER_LOAD_QUEUE_R_TAG_CORE_2                               68938                         68938

POWER_LOAD_QUEUE_W_TAG_CORE_2                                   0                             0

POWER_STORE_QUEUE_R_CORE_2                                 744340                        744340

POWER_STORE_QUEUE_W_CORE_2                                 744340                        744340

POWER_STORE_QUEUE_R_TAG_CORE_2                             744340                        744340

POWER_STORE_QUEUE_W_TAG_CORE_2                                  0                             0

POWER_DATA_TLB_R_CORE_2                                     68938                         68938

POWER_DATA_TLB_W_CORE_2                                         0                             0

POWER_DATA_TLB_R_TAG_CORE_2                                     0                             0

POWER_DATA_TLB_W_TAG_CORE_2                                     0                             0

POWER_INT_REGFILE_R_CORE_2                                 494268                        494268

POWER_INT_REGFILE_W_CORE_2                                 284758                        284758

POWER_FP_REGFILE_R_CORE_2                                       0                             0

POWER_FP_REGFILE_W_CORE_2                                       0                             0

POWER_GP_REGISTER_R_CORE_2                                 494268                        494268

POWER_GP_REGISTER_W_CORE_2                                 284758                        284758

POWER_FP_REGISTER_R_CORE_2                                      0                             0

POWER_FP_REGISTER_W_CORE_2                                      0                             0

POWER_SEGMENT_REGISTER_R_CORE_2                             75248                         75248

POWER_SEGMENT_REGISTER_W_CORE_2                            150496                        150496

POWER_CONTROL_REGISTER_R_CORE_2                                 0                             0

POWER_CONTROL_REGISTER_W_CORE_2                              1864                          1864

POWER_FLAG_REGISTER_R_CORE_2                                    0                             0

POWER_FLAG_REGISTER_W_CORE_2                               137936                        137936

POWER_EXEC_BYPASS_CORE_2                                   284758                        284758

POWER_LOAD_BYPASS_CORE_2                                        0                             0

POWER_PIPELINE_CORE_2                                      248207                        248207

POWER_DCACHE_MISS_BUF_R_CORE_2                                  0                             0

POWER_DCACHE_MISS_BUF_R_TAG_CORE_2                           9789                          9789

POWER_DCACHE_MISS_BUF_W_CORE_2                               9789                          9789

POWER_DCACHE_MISS_BUF_W_TAG_CORE_2                              0                             0

POWER_DCACHE_LINEFILL_BUF_R_CORE_2                              0                             0

POWER_L2CACHE_LINEFILL_BUF_R_CORE_2                             0                             0

POWER_DCACHE_LINEFILL_BUF_W_CORE_2                              0                             0

POWER_L2CACHE_LINEFILL_BUF_W_CORE_2                             0                             0

POWER_DCACHE_LINEFILL_BUF_R_TAG_CORE_2                          0                             0

POWER_L2CACHE_LINEFILL_BUF_R_TAG_CORE_2                         0                             0

POWER_DCACHE_LINEFILL_BUF_W_TAG_CORE_2                          0                             0

POWER_DCACHE_WB_BUF_R_CORE_2                                    0                             0

POWER_L2CACHE_WB_BUF_R_CORE_2                                   0                             0

POWER_DCACHE_WB_BUF_W_CORE_2                                    0                             0

POWER_L2CACHE_WB_BUF_W_CORE_2                                   0                             0

POWER_DCACHE_WB_BUF_R_TAG_CORE_2                                0                             0

POWER_L2CACHE_WB_BUF_R_TAG_CORE_2                               0                             0

POWER_DCACHE_WB_BUF_W_TAG_CORE_2                                0                             0

POWER_DCACHE_R_CORE_2                                           0                             0

POWER_L2CACHE_R_CORE_2                                          0                             0

POWER_DCACHE_W_CORE_2                                           0                             0

POWER_L2CACHE_W_CORE_2                                          0                             0

POWER_DCACHE_R_TAG_CORE_2                                       0                             0

POWER_L2CACHE_R_TAG_CORE_2                                      0                             0

POWER_CONST_CACHE_R_CORE_2                                      0                             0

POWER_CONST_CACHE_W_CORE_2                                      0                             0

POWER_CONST_CACHE_R_TAG_CORE_2                                  0                             0

POWER_CONST_CACHE_W_TAG_CORE_2                                  0                             0

POWER_TEXTURE_CACHE_R_CORE_2                                    0                             0

POWER_TEXTURE_CACHE_W_CORE_2                                    0                             0

POWER_TEXTURE_CACHE_R_TAG_CORE_2                                0                             0

POWER_TEXTURE_CACHE_W_TAG_CORE_2                                0                             0

POWER_SHARED_MEM_R_CORE_2                                       0                             0

POWER_SHARED_MEM_W_CORE_2                                       0                             0

POWER_SHARED_MEM_R_TAG_CORE_2                                   0                             0

POWER_SHARED_MEM_W_TAG_CORE_2                                   0                             0

POWER_BLOCK_STATES_R_CORE_3                                298896                        298896

POWER_BLOCK_STATES_W_CORE_3                                298896                        298896

POWER_FETCH_QUEUE_R_CORE_3                                 556351                        556351

POWER_FETCH_QUEUE_W_CORE_3                                 556351                        556351

POWER_INST_QUEUE_R_CORE_3                                  556351                        556351

POWER_INST_QUEUE_W_CORE_3                                  556351                        556351

POWER_BR_PRED_R_CORE_3                                      36200                         36200

POWER_BR_PRED_W_CORE_3                                      36200                         36200

POWER_RAS_R_CORE_3                                              0                             0

POWER_RAS_W_CORE_3                                              0                             0

POWER_ICACHE_R_CORE_3                                        3804                          3804

POWER_ICACHE_W_CORE_3                                           0                             0

POWER_ICACHE_R_TAG_CORE_3                                    3804                          3804

POWER_ICACHE_MISS_BUF_R_CORE_3                                  0                             0

POWER_ICACHE_MISS_BUF_W_CORE_3                                  0                             0

POWER_ICACHE_MISS_BUF_R_TAG_CORE_3                              0                             0

POWER_ICACHE_MISS_BUF_W_TAG_CORE_3                              0                             0

POWER_ICACHE_TOT_ACC_CORE_3                                     0                             0

POWER_ICACHE_CONF_CORE_3                                        0                             0

POWER_INST_DECODER_R_CORE_3                                441752                        441752

POWER_INST_DECODER_W_CORE_3                                     0                             0

POWER_MICRO_OP_SEQ_R_CORE_3                                     0                             0

POWER_MICRO_OP_SEQ_W_CORE_3                                     0                             0

POWER_OPERAND_DECODER_R_CORE_3                             441752                        441752

POWER_OPERAND_DECODER_W_CORE_3                                  0                             0

POWER_UOP_QUEUE_R_CORE_3                                   556351                        556351

POWER_UOP_QUEUE_W_CORE_3                                   556351                        556351

POWER_REG_RENAMING_TABLE_R_CORE_3                          556351                        556351

POWER_REG_RENAMING_TABLE_W_CORE_3                          556351                        556351

POWER_DEP_CHECK_LOGIC_R_CORE_3                             556351                        556351

POWER_FREELIST_R_CORE_3                                    556351                        556351

POWER_FREELIST_W_CORE_3                                    556351                        556351

POWER_RESERVATION_STATION_R_CORE_3                        2797743                       2797743

POWER_RESERVATION_STATION_W_CORE_3                         556351                        556351

POWER_RESERVATION_STATION_R_TAG_CORE_3                    2797743                       2797743

POWER_RESERVATION_STATION_W_TAG_CORE_3                          0                             0

POWER_INST_ISSUE_SEL_LOGIC_R_CORE_3                       2797743                       2797743

POWER_INST_ISSUE_SEL_LOGIC_W_CORE_3                        556351                        556351

POWER_PAYLOAD_RAM_R_CORE_3                                2797743                       2797743

POWER_PAYLOAD_RAM_W_CORE_3                                 556351                        556351

POWER_EX_ALU_R_CORE_3                                      292766                        292766

POWER_EX_FPU_R_CORE_3                                       35264                         35264

POWER_EX_MUL_R_CORE_3                                       36304                         36304

POWER_EX_SFU_R_CORE_3                                           0                             0

POWER_REORDER_BUF_R_CORE_3                                 556351                        556351

POWER_REORDER_BUF_W_CORE_3                                1112702                       1112702

POWER_INST_COMMIT_SEL_LOGIC_R_CORE_3                       556351                        556351

POWER_INST_COMMIT_SEL_LOGIC_W_CORE_3                       556351                        556351

POWER_FP_RENAME_R_CORE_3                                   105792                        105792

POWER_FP_RENAME_W_CORE_3                                        0                             0

POWER_LOAD_QUEUE_R_CORE_3                                  211302                        211302

POWER_LOAD_QUEUE_W_CORE_3                                  211302                        211302

POWER_LOAD_QUEUE_R_TAG_CORE_3                              211302                        211302

POWER_LOAD_QUEUE_W_TAG_CORE_3                                   0                             0

POWER_STORE_QUEUE_R_CORE_3                                2054876                       2054876

POWER_STORE_QUEUE_W_CORE_3                                2054876                       2054876

POWER_STORE_QUEUE_R_TAG_CORE_3                            2054876                       2054876

POWER_STORE_QUEUE_W_TAG_CORE_3                                  0                             0

POWER_DATA_TLB_R_CORE_3                                    211302                        211302

POWER_DATA_TLB_W_CORE_3                                         0                             0

POWER_DATA_TLB_R_TAG_CORE_3                                     0                             0

POWER_DATA_TLB_W_TAG_CORE_3                                     0                             0

POWER_INT_REGFILE_R_CORE_3                                 850157                        850157

POWER_INT_REGFILE_W_CORE_3                                 521087                        521087

POWER_FP_REGFILE_R_CORE_3                                   70528                         70528

POWER_FP_REGFILE_W_CORE_3                                   35264                         35264

POWER_GP_REGISTER_R_CORE_3                                 850157                        850157

POWER_GP_REGISTER_W_CORE_3                                 521087                        521087

POWER_FP_REGISTER_R_CORE_3                                  70528                         70528

POWER_FP_REGISTER_W_CORE_3                                  35264                         35264

POWER_SEGMENT_REGISTER_R_CORE_3                            192017                        192017

POWER_SEGMENT_REGISTER_W_CORE_3                            383106                        383106

POWER_CONTROL_REGISTER_R_CORE_3                                 0                             0

POWER_CONTROL_REGISTER_W_CORE_3                              1864                          1864

POWER_FLAG_REGISTER_R_CORE_3                                    0                             0

POWER_FLAG_REGISTER_W_CORE_3                               254712                        254712

POWER_EXEC_BYPASS_CORE_3                                   556351                        556351

POWER_LOAD_BYPASS_CORE_3                                        0                             0

POWER_PIPELINE_CORE_3                                      441752                        441752

POWER_DCACHE_MISS_BUF_R_CORE_3                                  0                             0

POWER_DCACHE_MISS_BUF_R_TAG_CORE_3                          24786                         24786

POWER_DCACHE_MISS_BUF_W_CORE_3                              24786                         24786

POWER_DCACHE_MISS_BUF_W_TAG_CORE_3                              0                             0

POWER_DCACHE_LINEFILL_BUF_R_CORE_3                              0                             0

POWER_L2CACHE_LINEFILL_BUF_R_CORE_3                             0                             0

POWER_DCACHE_LINEFILL_BUF_W_CORE_3                              0                             0

POWER_L2CACHE_LINEFILL_BUF_W_CORE_3                             0                             0

POWER_DCACHE_LINEFILL_BUF_R_TAG_CORE_3                          0                             0

POWER_L2CACHE_LINEFILL_BUF_R_TAG_CORE_3                         0                             0

POWER_DCACHE_LINEFILL_BUF_W_TAG_CORE_3                          0                             0

POWER_DCACHE_WB_BUF_R_CORE_3                                    0                             0

POWER_L2CACHE_WB_BUF_R_CORE_3                                   0                             0

POWER_DCACHE_WB_BUF_W_CORE_3                                    0                             0

POWER_L2CACHE_WB_BUF_W_CORE_3                                   0                             0

POWER_DCACHE_WB_BUF_R_TAG_CORE_3                                0                             0

POWER_L2CACHE_WB_BUF_R_TAG_CORE_3                               0                             0

POWER_DCACHE_WB_BUF_W_TAG_CORE_3                                0                             0

POWER_DCACHE_R_CORE_3                                           0                             0

POWER_L2CACHE_R_CORE_3                                          0                             0

POWER_DCACHE_W_CORE_3                                           0                             0

POWER_L2CACHE_W_CORE_3                                          0                             0

POWER_DCACHE_R_TAG_CORE_3                                       0                             0

POWER_L2CACHE_R_TAG_CORE_3                                      0                             0

POWER_CONST_CACHE_R_CORE_3                                      0                             0

POWER_CONST_CACHE_W_CORE_3                                      0                             0

POWER_CONST_CACHE_R_TAG_CORE_3                                  0                             0

POWER_CONST_CACHE_W_TAG_CORE_3                                  0                             0

POWER_TEXTURE_CACHE_R_CORE_3                                    0                             0

POWER_TEXTURE_CACHE_W_CORE_3                                    0                             0

POWER_TEXTURE_CACHE_R_TAG_CORE_3                                0                             0

POWER_TEXTURE_CACHE_W_TAG_CORE_3                                0                             0

POWER_SHARED_MEM_R_CORE_3                                       0                             0

POWER_SHARED_MEM_W_CORE_3                                       0                             0

POWER_SHARED_MEM_R_TAG_CORE_3                                   0                             0

POWER_SHARED_MEM_W_TAG_CORE_3                                   0                             0

POWER_BLOCK_STATES_R_CORE_4                                348564                        348564

POWER_BLOCK_STATES_W_CORE_4                                348564                        348564

POWER_FETCH_QUEUE_R_CORE_4                                 812375                        812375

POWER_FETCH_QUEUE_W_CORE_4                                 812375                        812375

POWER_INST_QUEUE_R_CORE_4                                  819182                        819182

POWER_INST_QUEUE_W_CORE_4                                  812375                        812375

POWER_BR_PRED_R_CORE_4                                      71920                         71920

POWER_BR_PRED_W_CORE_4                                      71920                         71920

POWER_RAS_R_CORE_4                                              0                             0

POWER_RAS_W_CORE_4                                              0                             0

POWER_ICACHE_R_CORE_4                                        5270                          5270

POWER_ICACHE_W_CORE_4                                           0                             0

POWER_ICACHE_R_TAG_CORE_4                                    5270                          5270

POWER_ICACHE_MISS_BUF_R_CORE_4                                  0                             0

POWER_ICACHE_MISS_BUF_W_CORE_4                                  0                             0

POWER_ICACHE_MISS_BUF_R_TAG_CORE_4                              0                             0

POWER_ICACHE_MISS_BUF_W_TAG_CORE_4                              0                             0

POWER_ICACHE_TOT_ACC_CORE_4                                     0                             0

POWER_ICACHE_CONF_CORE_4                                        0                             0

POWER_INST_DECODER_R_CORE_4                                587840                        587840

POWER_INST_DECODER_W_CORE_4                                     0                             0

POWER_MICRO_OP_SEQ_R_CORE_4                                     0                             0

POWER_MICRO_OP_SEQ_W_CORE_4                                     0                             0

POWER_OPERAND_DECODER_R_CORE_4                             587840                        587840

POWER_OPERAND_DECODER_W_CORE_4                                  0                             0

POWER_UOP_QUEUE_R_CORE_4                                   819182                        819182

POWER_UOP_QUEUE_W_CORE_4                                   812375                        812375

POWER_REG_RENAMING_TABLE_R_CORE_4                          819182                        819182

POWER_REG_RENAMING_TABLE_W_CORE_4                          812375                        812375

POWER_DEP_CHECK_LOGIC_R_CORE_4                             812375                        812375

POWER_FREELIST_R_CORE_4                                    819182                        819182

POWER_FREELIST_W_CORE_4                                    812375                        812375

POWER_RESERVATION_STATION_R_CORE_4                        1376604                       1376604

POWER_RESERVATION_STATION_W_CORE_4                         812375                        812375

POWER_RESERVATION_STATION_R_TAG_CORE_4                    1376604                       1376604

POWER_RESERVATION_STATION_W_TAG_CORE_4                          0                             0

POWER_INST_ISSUE_SEL_LOGIC_R_CORE_4                       1376604                       1376604

POWER_INST_ISSUE_SEL_LOGIC_W_CORE_4                        812375                        812375

POWER_PAYLOAD_RAM_R_CORE_4                                1376604                       1376604

POWER_PAYLOAD_RAM_W_CORE_4                                 812375                        812375

POWER_EX_ALU_R_CORE_4                                      431198                        431198

POWER_EX_FPU_R_CORE_4                                      152120                        152120

POWER_EX_MUL_R_CORE_4                                        1832                          1832

POWER_EX_SFU_R_CORE_4                                           0                             0

POWER_REORDER_BUF_R_CORE_4                                 812375                        812375

POWER_REORDER_BUF_W_CORE_4                                1624750                       1624750

POWER_INST_COMMIT_SEL_LOGIC_R_CORE_4                       812375                        812375

POWER_INST_COMMIT_SEL_LOGIC_W_CORE_4                       812375                        812375

POWER_FP_RENAME_R_CORE_4                                   380503                        380503

POWER_FP_RENAME_W_CORE_4                                        0                             0

POWER_LOAD_QUEUE_R_CORE_4                                  248813                        248813

POWER_LOAD_QUEUE_W_CORE_4                                  248813                        248813

POWER_LOAD_QUEUE_R_TAG_CORE_4                              248813                        248813

POWER_LOAD_QUEUE_W_TAG_CORE_4                                   0                             0

POWER_STORE_QUEUE_R_CORE_4                                 343795                        343795

POWER_STORE_QUEUE_W_CORE_4                                 343795                        343795

POWER_STORE_QUEUE_R_TAG_CORE_4                             343795                        343795

POWER_STORE_QUEUE_W_TAG_CORE_4                                  0                             0

POWER_DATA_TLB_R_CORE_4                                    248813                        248813

POWER_DATA_TLB_W_CORE_4                                         0                             0

POWER_DATA_TLB_R_TAG_CORE_4                                     0                             0

POWER_DATA_TLB_W_TAG_CORE_4                                     0                             0

POWER_INT_REGFILE_R_CORE_4                                1093285                       1093285

POWER_INT_REGFILE_W_CORE_4                                 660255                        660255

POWER_FP_REGFILE_R_CORE_4                                  304240                        304240

POWER_FP_REGFILE_W_CORE_4                                  152120                        152120

POWER_GP_REGISTER_R_CORE_4                                1093285                       1093285

POWER_GP_REGISTER_W_CORE_4                                 660255                        660255

POWER_FP_REGISTER_R_CORE_4                                 304240                        304240

POWER_FP_REGISTER_W_CORE_4                                 152120                        152120

POWER_SEGMENT_REGISTER_R_CORE_4                            227225                        227225

POWER_SEGMENT_REGISTER_W_CORE_4                            454450                        454450

POWER_CONTROL_REGISTER_R_CORE_4                                 0                             0

POWER_CONTROL_REGISTER_W_CORE_4                              3224                          3224

POWER_FLAG_REGISTER_R_CORE_4                                    0                             0

POWER_FLAG_REGISTER_W_CORE_4                               283992                        283992

POWER_EXEC_BYPASS_CORE_4                                   812375                        812375

POWER_LOAD_BYPASS_CORE_4                                        0                             0

POWER_PIPELINE_CORE_4                                      587840                        587840

POWER_DCACHE_MISS_BUF_R_CORE_4                                  0                             0

POWER_DCACHE_MISS_BUF_R_TAG_CORE_4                          28379                         28379

POWER_DCACHE_MISS_BUF_W_CORE_4                              28379                         28379

POWER_DCACHE_MISS_BUF_W_TAG_CORE_4                              0                             0

POWER_DCACHE_LINEFILL_BUF_R_CORE_4                              0                             0

POWER_L2CACHE_LINEFILL_BUF_R_CORE_4                             0                             0

POWER_DCACHE_LINEFILL_BUF_W_CORE_4                              0                             0

POWER_L2CACHE_LINEFILL_BUF_W_CORE_4                             0                             0

POWER_DCACHE_LINEFILL_BUF_R_TAG_CORE_4                          0                             0

POWER_L2CACHE_LINEFILL_BUF_R_TAG_CORE_4                         0                             0

POWER_DCACHE_LINEFILL_BUF_W_TAG_CORE_4                          0                             0

POWER_DCACHE_WB_BUF_R_CORE_4                                    0                             0

POWER_L2CACHE_WB_BUF_R_CORE_4                                   0                             0

POWER_DCACHE_WB_BUF_W_CORE_4                                    0                             0

POWER_L2CACHE_WB_BUF_W_CORE_4                                   0                             0

POWER_DCACHE_WB_BUF_R_TAG_CORE_4                                0                             0

POWER_L2CACHE_WB_BUF_R_TAG_CORE_4                               0                             0

POWER_DCACHE_WB_BUF_W_TAG_CORE_4                                0                             0

POWER_DCACHE_R_CORE_4                                           0                             0

POWER_L2CACHE_R_CORE_4                                          0                             0

POWER_DCACHE_W_CORE_4                                           0                             0

POWER_L2CACHE_W_CORE_4                                          0                             0

POWER_DCACHE_R_TAG_CORE_4                                       0                             0

POWER_L2CACHE_R_TAG_CORE_4                                      0                             0

POWER_CONST_CACHE_R_CORE_4                                      0                             0

POWER_CONST_CACHE_W_CORE_4                                      0                             0

POWER_CONST_CACHE_R_TAG_CORE_4                                  0                             0

POWER_CONST_CACHE_W_TAG_CORE_4                                  0                             0

POWER_TEXTURE_CACHE_R_CORE_4                                    0                             0

POWER_TEXTURE_CACHE_W_CORE_4                                    0                             0

POWER_TEXTURE_CACHE_R_TAG_CORE_4                                0                             0

POWER_TEXTURE_CACHE_W_TAG_CORE_4                                0                             0

POWER_SHARED_MEM_R_CORE_4                                       0                             0

POWER_SHARED_MEM_W_CORE_4                                       0                             0

POWER_SHARED_MEM_R_TAG_CORE_4                                   0                             0

POWER_SHARED_MEM_W_TAG_CORE_4                                   0                             0

POWER_BLOCK_STATES_R_CORE_5                                227519                        227519

POWER_BLOCK_STATES_W_CORE_5                                227519                        227519

POWER_FETCH_QUEUE_R_CORE_5                                 845295                        845295

POWER_FETCH_QUEUE_W_CORE_5                                 845295                        845295

POWER_INST_QUEUE_R_CORE_5                                  846142                        846142

POWER_INST_QUEUE_W_CORE_5                                  845295                        845295

POWER_BR_PRED_R_CORE_5                                      32264                         32264

POWER_BR_PRED_W_CORE_5                                      32264                         32264

POWER_RAS_R_CORE_5                                              0                             0

POWER_RAS_W_CORE_5                                              0                             0

POWER_ICACHE_R_CORE_5                                        6077                          6077

POWER_ICACHE_W_CORE_5                                           0                             0

POWER_ICACHE_R_TAG_CORE_5                                    6077                          6077

POWER_ICACHE_MISS_BUF_R_CORE_5                                  0                             0

POWER_ICACHE_MISS_BUF_W_CORE_5                                  0                             0

POWER_ICACHE_MISS_BUF_R_TAG_CORE_5                              0                             0

POWER_ICACHE_MISS_BUF_W_TAG_CORE_5                              0                             0

POWER_ICACHE_TOT_ACC_CORE_5                                     0                             0

POWER_ICACHE_CONF_CORE_5                                        0                             0

POWER_INST_DECODER_R_CORE_5                                585224                        585224

POWER_INST_DECODER_W_CORE_5                                     0                             0

POWER_MICRO_OP_SEQ_R_CORE_5                                     0                             0

POWER_MICRO_OP_SEQ_W_CORE_5                                     0                             0

POWER_OPERAND_DECODER_R_CORE_5                             585224                        585224

POWER_OPERAND_DECODER_W_CORE_5                                  0                             0

POWER_UOP_QUEUE_R_CORE_5                                   846142                        846142

POWER_UOP_QUEUE_W_CORE_5                                   845295                        845295

POWER_REG_RENAMING_TABLE_R_CORE_5                          846142                        846142

POWER_REG_RENAMING_TABLE_W_CORE_5                          845295                        845295

POWER_DEP_CHECK_LOGIC_R_CORE_5                             845295                        845295

POWER_FREELIST_R_CORE_5                                    846142                        846142

POWER_FREELIST_W_CORE_5                                    845295                        845295

POWER_RESERVATION_STATION_R_CORE_5                        1345297                       1345297

POWER_RESERVATION_STATION_W_CORE_5                         845295                        845295

POWER_RESERVATION_STATION_R_TAG_CORE_5                    1345297                       1345297

POWER_RESERVATION_STATION_W_TAG_CORE_5                          0                             0

POWER_INST_ISSUE_SEL_LOGIC_R_CORE_5                       1345297                       1345297

POWER_INST_ISSUE_SEL_LOGIC_W_CORE_5                        845295                        845295

POWER_PAYLOAD_RAM_R_CORE_5                                1345297                       1345297

POWER_PAYLOAD_RAM_W_CORE_5                                 845295                        845295

POWER_EX_ALU_R_CORE_5                                      227694                        227694

POWER_EX_FPU_R_CORE_5                                      132136                        132136

POWER_EX_MUL_R_CORE_5                                       31112                         31112

POWER_EX_SFU_R_CORE_5                                           0                             0

POWER_REORDER_BUF_R_CORE_5                                 845295                        845295

POWER_REORDER_BUF_W_CORE_5                                1690590                       1690590

POWER_INST_COMMIT_SEL_LOGIC_R_CORE_5                       845295                        845295

POWER_INST_COMMIT_SEL_LOGIC_W_CORE_5                       845295                        845295

POWER_FP_RENAME_R_CORE_5                                   296223                        296223

POWER_FP_RENAME_W_CORE_5                                        0                             0

POWER_LOAD_QUEUE_R_CORE_5                                  546855                        546855

POWER_LOAD_QUEUE_W_CORE_5                                  546855                        546855

POWER_LOAD_QUEUE_R_TAG_CORE_5                              546855                        546855

POWER_LOAD_QUEUE_W_TAG_CORE_5                                   0                             0

POWER_STORE_QUEUE_R_CORE_5                                  10395                         10395

POWER_STORE_QUEUE_W_CORE_5                                  10395                         10395

POWER_STORE_QUEUE_R_TAG_CORE_5                              10395                         10395

POWER_STORE_QUEUE_W_TAG_CORE_5                                  0                             0

POWER_DATA_TLB_R_CORE_5                                    546855                        546855

POWER_DATA_TLB_W_CORE_5                                         0                             0

POWER_DATA_TLB_R_TAG_CORE_5                                     0                             0

POWER_DATA_TLB_W_TAG_CORE_5                                     0                             0

POWER_INT_REGFILE_R_CORE_5                                 971965                        971965

POWER_INT_REGFILE_W_CORE_5                                 713159                        713159

POWER_FP_REGFILE_R_CORE_5                                  264272                        264272

POWER_FP_REGFILE_W_CORE_5                                  132136                        132136

POWER_GP_REGISTER_R_CORE_5                                 971965                        971965

POWER_GP_REGISTER_W_CORE_5                                 713159                        713159

POWER_FP_REGISTER_R_CORE_5                                 264272                        264272

POWER_FP_REGISTER_W_CORE_5                                 132136                        132136

POWER_SEGMENT_REGISTER_R_CORE_5                            454353                        454353

POWER_SEGMENT_REGISTER_W_CORE_5                            908130                        908130

POWER_CONTROL_REGISTER_R_CORE_5                                 0                             0

POWER_CONTROL_REGISTER_W_CORE_5                              1736                          1736

POWER_FLAG_REGISTER_R_CORE_5                                    0                             0

POWER_FLAG_REGISTER_W_CORE_5                               191872                        191872

POWER_EXEC_BYPASS_CORE_5                                   845295                        845295

POWER_LOAD_BYPASS_CORE_5                                        0                             0

POWER_PIPELINE_CORE_5                                      585224                        585224

POWER_DCACHE_MISS_BUF_R_CORE_5                                  0                             0

POWER_DCACHE_MISS_BUF_R_TAG_CORE_5                          57248                         57248

POWER_DCACHE_MISS_BUF_W_CORE_5                              57248                         57248

POWER_DCACHE_MISS_BUF_W_TAG_CORE_5                              0                             0

POWER_DCACHE_LINEFILL_BUF_R_CORE_5                              0                             0

POWER_L2CACHE_LINEFILL_BUF_R_CORE_5                             0                             0

POWER_DCACHE_LINEFILL_BUF_W_CORE_5                              0                             0

POWER_L2CACHE_LINEFILL_BUF_W_CORE_5                             0                             0

POWER_DCACHE_LINEFILL_BUF_R_TAG_CORE_5                          0                             0

POWER_L2CACHE_LINEFILL_BUF_R_TAG_CORE_5                         0                             0

POWER_DCACHE_LINEFILL_BUF_W_TAG_CORE_5                          0                             0

POWER_DCACHE_WB_BUF_R_CORE_5                                    0                             0

POWER_L2CACHE_WB_BUF_R_CORE_5                                   0                             0

POWER_DCACHE_WB_BUF_W_CORE_5                                    0                             0

POWER_L2CACHE_WB_BUF_W_CORE_5                                   0                             0

POWER_DCACHE_WB_BUF_R_TAG_CORE_5                                0                             0

POWER_L2CACHE_WB_BUF_R_TAG_CORE_5                               0                             0

POWER_DCACHE_WB_BUF_W_TAG_CORE_5                                0                             0

POWER_DCACHE_R_CORE_5                                           0                             0

POWER_L2CACHE_R_CORE_5                                          0                             0

POWER_DCACHE_W_CORE_5                                           0                             0

POWER_L2CACHE_W_CORE_5                                          0                             0

POWER_DCACHE_R_TAG_CORE_5                                       0                             0

POWER_L2CACHE_R_TAG_CORE_5                                      0                             0

POWER_CONST_CACHE_R_CORE_5                                      0                             0

POWER_CONST_CACHE_W_CORE_5                                      0                             0

POWER_CONST_CACHE_R_TAG_CORE_5                                  0                             0

POWER_CONST_CACHE_W_TAG_CORE_5                                  0                             0

POWER_TEXTURE_CACHE_R_CORE_5                                    0                             0

POWER_TEXTURE_CACHE_W_CORE_5                                    0                             0

POWER_TEXTURE_CACHE_R_TAG_CORE_5                                0                             0

POWER_TEXTURE_CACHE_W_TAG_CORE_5                                0                             0

POWER_SHARED_MEM_R_CORE_5                                       0                             0

POWER_SHARED_MEM_W_CORE_5                                       0                             0

POWER_SHARED_MEM_R_TAG_CORE_5                                   0                             0

POWER_SHARED_MEM_W_TAG_CORE_5                                   0                             0

POWER_BLOCK_STATES_R_CORE_6                                594969                        594969

POWER_BLOCK_STATES_W_CORE_6                                594969                        594969

POWER_FETCH_QUEUE_R_CORE_6                                 798055                        798055

POWER_FETCH_QUEUE_W_CORE_6                                 798055                        798055

POWER_INST_QUEUE_R_CORE_6                                  798983                        798983

POWER_INST_QUEUE_W_CORE_6                                  798055                        798055

POWER_BR_PRED_R_CORE_6                                      63080                         63080

POWER_BR_PRED_W_CORE_6                                      63080                         63080

POWER_RAS_R_CORE_6                                              0                             0

POWER_RAS_W_CORE_6                                              0                             0

POWER_ICACHE_R_CORE_6                                        5643                          5643

POWER_ICACHE_W_CORE_6                                           0                             0

POWER_ICACHE_R_TAG_CORE_6                                    5643                          5643

POWER_ICACHE_MISS_BUF_R_CORE_6                                  0                             0

POWER_ICACHE_MISS_BUF_W_CORE_6                                  0                             0

POWER_ICACHE_MISS_BUF_R_TAG_CORE_6                              0                             0

POWER_ICACHE_MISS_BUF_W_TAG_CORE_6                              0                             0

POWER_ICACHE_TOT_ACC_CORE_6                                     0                             0

POWER_ICACHE_CONF_CORE_6                                        0                             0

POWER_INST_DECODER_R_CORE_6                                614311                        614311

POWER_INST_DECODER_W_CORE_6                                     0                             0

POWER_MICRO_OP_SEQ_R_CORE_6                                     0                             0

POWER_MICRO_OP_SEQ_W_CORE_6                                     0                             0

POWER_OPERAND_DECODER_R_CORE_6                             614311                        614311

POWER_OPERAND_DECODER_W_CORE_6                                  0                             0

POWER_UOP_QUEUE_R_CORE_6                                   798983                        798983

POWER_UOP_QUEUE_W_CORE_6                                   798055                        798055

POWER_REG_RENAMING_TABLE_R_CORE_6                          798983                        798983

POWER_REG_RENAMING_TABLE_W_CORE_6                          798055                        798055

POWER_DEP_CHECK_LOGIC_R_CORE_6                             798055                        798055

POWER_FREELIST_R_CORE_6                                    798983                        798983

POWER_FREELIST_W_CORE_6                                    798055                        798055

POWER_RESERVATION_STATION_R_CORE_6                       17594077                      17594077

POWER_RESERVATION_STATION_W_CORE_6                         798055                        798055

POWER_RESERVATION_STATION_R_TAG_CORE_6                   17594077                      17594077

POWER_RESERVATION_STATION_W_TAG_CORE_6                          0                             0

POWER_INST_ISSUE_SEL_LOGIC_R_CORE_6                      17594077                      17594077

POWER_INST_ISSUE_SEL_LOGIC_W_CORE_6                        798055                        798055

POWER_PAYLOAD_RAM_R_CORE_6                               17594077                      17594077

POWER_PAYLOAD_RAM_W_CORE_6                                 798055                        798055

POWER_EX_ALU_R_CORE_6                                      293408                        293408

POWER_EX_FPU_R_CORE_6                                       78659                         78659

POWER_EX_MUL_R_CORE_6                                        9574                          9574

POWER_EX_SFU_R_CORE_6                                           0                             0

POWER_REORDER_BUF_R_CORE_6                                 798055                        798055

POWER_REORDER_BUF_W_CORE_6                                1596110                       1596110

POWER_INST_COMMIT_SEL_LOGIC_R_CORE_6                       798055                        798055

POWER_INST_COMMIT_SEL_LOGIC_W_CORE_6                       798055                        798055

POWER_FP_RENAME_R_CORE_6                                   353898                        353898

POWER_FP_RENAME_W_CORE_6                                        0                             0

POWER_LOAD_QUEUE_R_CORE_6                                12066969                      12066969

POWER_LOAD_QUEUE_W_CORE_6                                12066969                      12066969

POWER_LOAD_QUEUE_R_TAG_CORE_6                            12066969                      12066969

POWER_LOAD_QUEUE_W_TAG_CORE_6                                   0                             0

POWER_STORE_QUEUE_R_CORE_6                                4800665                       4800665

POWER_STORE_QUEUE_W_CORE_6                                4800665                       4800665

POWER_STORE_QUEUE_R_TAG_CORE_6                            4800665                       4800665

POWER_STORE_QUEUE_W_TAG_CORE_6                                  0                             0

POWER_DATA_TLB_R_CORE_6                                  12066969                      12066969

POWER_DATA_TLB_W_CORE_6                                         0                             0

POWER_DATA_TLB_R_TAG_CORE_6                                     0                             0

POWER_DATA_TLB_W_TAG_CORE_6                                     0                             0

POWER_INT_REGFILE_R_CORE_6                                1022378                       1022378

POWER_INT_REGFILE_W_CORE_6                                 719396                        719396

POWER_FP_REGFILE_R_CORE_6                                  157318                        157318

POWER_FP_REGFILE_W_CORE_6                                   78659                         78659

POWER_GP_REGISTER_R_CORE_6                                1022378                       1022378

POWER_GP_REGISTER_W_CORE_6                                 719396                        719396

POWER_FP_REGISTER_R_CORE_6                                 157318                        157318

POWER_FP_REGISTER_W_CORE_6                                  78659                         78659

POWER_SEGMENT_REGISTER_R_CORE_6                            416414                        416414

POWER_SEGMENT_REGISTER_W_CORE_6                            832396                        832396

POWER_CONTROL_REGISTER_R_CORE_6                                 0                             0

POWER_CONTROL_REGISTER_W_CORE_6                              9460                          9460

POWER_FLAG_REGISTER_R_CORE_6                                    0                             0

POWER_FLAG_REGISTER_W_CORE_6                               166846                        166846

POWER_EXEC_BYPASS_CORE_6                                   798055                        798055

POWER_LOAD_BYPASS_CORE_6                                        0                             0

POWER_PIPELINE_CORE_6                                      614311                        614311

POWER_DCACHE_MISS_BUF_R_CORE_6                                  0                             0

POWER_DCACHE_MISS_BUF_R_TAG_CORE_6                          71612                         71612

POWER_DCACHE_MISS_BUF_W_CORE_6                              71612                         71612

POWER_DCACHE_MISS_BUF_W_TAG_CORE_6                              0                             0

POWER_DCACHE_LINEFILL_BUF_R_CORE_6                              0                             0

POWER_L2CACHE_LINEFILL_BUF_R_CORE_6                             0                             0

POWER_DCACHE_LINEFILL_BUF_W_CORE_6                              0                             0

POWER_L2CACHE_LINEFILL_BUF_W_CORE_6                             0                             0

POWER_DCACHE_LINEFILL_BUF_R_TAG_CORE_6                          0                             0

POWER_L2CACHE_LINEFILL_BUF_R_TAG_CORE_6                         0                             0

POWER_DCACHE_LINEFILL_BUF_W_TAG_CORE_6                          0                             0

POWER_DCACHE_WB_BUF_R_CORE_6                                    0                             0

POWER_L2CACHE_WB_BUF_R_CORE_6                                   0                             0

POWER_DCACHE_WB_BUF_W_CORE_6                                    0                             0

POWER_L2CACHE_WB_BUF_W_CORE_6                                   0                             0

POWER_DCACHE_WB_BUF_R_TAG_CORE_6                                0                             0

POWER_L2CACHE_WB_BUF_R_TAG_CORE_6                               0                             0

POWER_DCACHE_WB_BUF_W_TAG_CORE_6                                0                             0

POWER_DCACHE_R_CORE_6                                           0                             0

POWER_L2CACHE_R_CORE_6                                          0                             0

POWER_DCACHE_W_CORE_6                                           0                             0

POWER_L2CACHE_W_CORE_6                                          0                             0

POWER_DCACHE_R_TAG_CORE_6                                       0                             0

POWER_L2CACHE_R_TAG_CORE_6                                      0                             0

POWER_CONST_CACHE_R_CORE_6                                      0                             0

POWER_CONST_CACHE_W_CORE_6                                      0                             0

POWER_CONST_CACHE_R_TAG_CORE_6                                  0                             0

POWER_CONST_CACHE_W_TAG_CORE_6                                  0                             0

POWER_TEXTURE_CACHE_R_CORE_6                                    0                             0

POWER_TEXTURE_CACHE_W_CORE_6                                    0                             0

POWER_TEXTURE_CACHE_R_TAG_CORE_6                                0                             0

POWER_TEXTURE_CACHE_W_TAG_CORE_6                                0                             0

POWER_SHARED_MEM_R_CORE_6                                       0                             0

POWER_SHARED_MEM_W_CORE_6                                       0                             0

POWER_SHARED_MEM_R_TAG_CORE_6                                   0                             0

POWER_SHARED_MEM_W_TAG_CORE_6                                   0                             0

POWER_BLOCK_STATES_R_CORE_7                                     0                             0

POWER_BLOCK_STATES_W_CORE_7                                     0                             0

POWER_FETCH_QUEUE_R_CORE_7                                      0                             0

POWER_FETCH_QUEUE_W_CORE_7                                      0                             0

POWER_INST_QUEUE_R_CORE_7                                       0                             0

POWER_INST_QUEUE_W_CORE_7                                       0                             0

POWER_BR_PRED_R_CORE_7                                          0                             0

POWER_BR_PRED_W_CORE_7                                          0                             0

POWER_RAS_R_CORE_7                                              0                             0

POWER_RAS_W_CORE_7                                              0                             0

POWER_ICACHE_R_CORE_7                                           0                             0

POWER_ICACHE_W_CORE_7                                           0                             0

POWER_ICACHE_R_TAG_CORE_7                                       0                             0

POWER_ICACHE_MISS_BUF_R_CORE_7                                  0                             0

POWER_ICACHE_MISS_BUF_W_CORE_7                                  0                             0

POWER_ICACHE_MISS_BUF_R_TAG_CORE_7                              0                             0

POWER_ICACHE_MISS_BUF_W_TAG_CORE_7                              0                             0

POWER_ICACHE_TOT_ACC_CORE_7                                     0                             0

POWER_ICACHE_CONF_CORE_7                                        0                             0

POWER_INST_DECODER_R_CORE_7                                     0                             0

POWER_INST_DECODER_W_CORE_7                                     0                             0

POWER_MICRO_OP_SEQ_R_CORE_7                                     0                             0

POWER_MICRO_OP_SEQ_W_CORE_7                                     0                             0

POWER_OPERAND_DECODER_R_CORE_7                                  0                             0

POWER_OPERAND_DECODER_W_CORE_7                                  0                             0

POWER_UOP_QUEUE_R_CORE_7                                        0                             0

POWER_UOP_QUEUE_W_CORE_7                                        0                             0

POWER_REG_RENAMING_TABLE_R_CORE_7                               0                             0

POWER_REG_RENAMING_TABLE_W_CORE_7                               0                             0

POWER_DEP_CHECK_LOGIC_R_CORE_7                                  0                             0

POWER_FREELIST_R_CORE_7                                         0                             0

POWER_FREELIST_W_CORE_7                                         0                             0

POWER_RESERVATION_STATION_R_CORE_7                              0                             0

POWER_RESERVATION_STATION_W_CORE_7                              0                             0

POWER_RESERVATION_STATION_R_TAG_CORE_7                          0                             0

POWER_RESERVATION_STATION_W_TAG_CORE_7                          0                             0

POWER_INST_ISSUE_SEL_LOGIC_R_CORE_7                             0                             0

POWER_INST_ISSUE_SEL_LOGIC_W_CORE_7                             0                             0

POWER_PAYLOAD_RAM_R_CORE_7                                      0                             0

POWER_PAYLOAD_RAM_W_CORE_7                                      0                             0

POWER_EX_ALU_R_CORE_7                                           0                             0

POWER_EX_FPU_R_CORE_7                                           0                             0

POWER_EX_MUL_R_CORE_7                                           0                             0

POWER_EX_SFU_R_CORE_7                                           0                             0

POWER_REORDER_BUF_R_CORE_7                                      0                             0

POWER_REORDER_BUF_W_CORE_7                                      0                             0

POWER_INST_COMMIT_SEL_LOGIC_R_CORE_7                            0                             0

POWER_INST_COMMIT_SEL_LOGIC_W_CORE_7                            0                             0

POWER_FP_RENAME_R_CORE_7                                        0                             0

POWER_FP_RENAME_W_CORE_7                                        0                             0

POWER_LOAD_QUEUE_R_CORE_7                                       0                             0

POWER_LOAD_QUEUE_W_CORE_7                                       0                             0

POWER_LOAD_QUEUE_R_TAG_CORE_7                                   0                             0

POWER_LOAD_QUEUE_W_TAG_CORE_7                                   0                             0

POWER_STORE_QUEUE_R_CORE_7                                      0                             0

POWER_STORE_QUEUE_W_CORE_7                                      0                             0

POWER_STORE_QUEUE_R_TAG_CORE_7                                  0                             0

POWER_STORE_QUEUE_W_TAG_CORE_7                                  0                             0

POWER_DATA_TLB_R_CORE_7                                         0                             0

POWER_DATA_TLB_W_CORE_7                                         0                             0

POWER_DATA_TLB_R_TAG_CORE_7                                     0                             0

POWER_DATA_TLB_W_TAG_CORE_7                                     0                             0

POWER_INT_REGFILE_R_CORE_7                                      0                             0

POWER_INT_REGFILE_W_CORE_7                                      0                             0

POWER_FP_REGFILE_R_CORE_7                                       0                             0

POWER_FP_REGFILE_W_CORE_7                                       0                             0

POWER_GP_REGISTER_R_CORE_7                                      0                             0

POWER_GP_REGISTER_W_CORE_7                                      0                             0

POWER_FP_REGISTER_R_CORE_7                                      0                             0

POWER_FP_REGISTER_W_CORE_7                                      0                             0

POWER_SEGMENT_REGISTER_R_CORE_7                                 0                             0

POWER_SEGMENT_REGISTER_W_CORE_7                                 0                             0

POWER_CONTROL_REGISTER_R_CORE_7                                 0                             0

POWER_CONTROL_REGISTER_W_CORE_7                                 0                             0

POWER_FLAG_REGISTER_R_CORE_7                                    0                             0

POWER_FLAG_REGISTER_W_CORE_7                                    0                             0

POWER_EXEC_BYPASS_CORE_7                                        0                             0

POWER_LOAD_BYPASS_CORE_7                                        0                             0

POWER_PIPELINE_CORE_7                                           0                             0

POWER_DCACHE_MISS_BUF_R_CORE_7                                  0                             0

POWER_DCACHE_MISS_BUF_R_TAG_CORE_7                              0                             0

POWER_DCACHE_MISS_BUF_W_CORE_7                                  0                             0

POWER_DCACHE_MISS_BUF_W_TAG_CORE_7                              0                             0

POWER_DCACHE_LINEFILL_BUF_R_CORE_7                              0                             0

POWER_L2CACHE_LINEFILL_BUF_R_CORE_7                             0                             0

POWER_DCACHE_LINEFILL_BUF_W_CORE_7                              0                             0

POWER_L2CACHE_LINEFILL_BUF_W_CORE_7                             0                             0

POWER_DCACHE_LINEFILL_BUF_R_TAG_CORE_7                          0                             0

POWER_L2CACHE_LINEFILL_BUF_R_TAG_CORE_7                         0                             0

POWER_DCACHE_LINEFILL_BUF_W_TAG_CORE_7                          0                             0

POWER_DCACHE_WB_BUF_R_CORE_7                                    0                             0

POWER_L2CACHE_WB_BUF_R_CORE_7                                   0                             0

POWER_DCACHE_WB_BUF_W_CORE_7                                    0                             0

POWER_L2CACHE_WB_BUF_W_CORE_7                                   0                             0

POWER_DCACHE_WB_BUF_R_TAG_CORE_7                                0                             0

POWER_L2CACHE_WB_BUF_R_TAG_CORE_7                               0                             0

POWER_DCACHE_WB_BUF_W_TAG_CORE_7                                0                             0

POWER_DCACHE_R_CORE_7                                           0                             0

POWER_L2CACHE_R_CORE_7                                          0                             0

POWER_DCACHE_W_CORE_7                                           0                             0

POWER_L2CACHE_W_CORE_7                                          0                             0

POWER_DCACHE_R_TAG_CORE_7                                       0                             0

POWER_L2CACHE_R_TAG_CORE_7                                      0                             0

POWER_CONST_CACHE_R_CORE_7                                      0                             0

POWER_CONST_CACHE_W_CORE_7                                      0                             0

POWER_CONST_CACHE_R_TAG_CORE_7                                  0                             0

POWER_CONST_CACHE_W_TAG_CORE_7                                  0                             0

POWER_TEXTURE_CACHE_R_CORE_7                                    0                             0

POWER_TEXTURE_CACHE_W_CORE_7                                    0                             0

POWER_TEXTURE_CACHE_R_TAG_CORE_7                                0                             0

POWER_TEXTURE_CACHE_W_TAG_CORE_7                                0                             0

POWER_SHARED_MEM_R_CORE_7                                       0                             0

POWER_SHARED_MEM_W_CORE_7                                       0                             0

POWER_SHARED_MEM_R_TAG_CORE_7                                   0                             0

POWER_SHARED_MEM_W_TAG_CORE_7                                   0                             0

