####################################################################################################
Interval
####################################################################################################

DISPATCHED_INST                                            401879                        401879

DISPATCH_WAIT                                           141839978                       352.942

NUM_NO_FETCH_CYCLES                                             0                             0

AVG_CORE_IDLE_CYCLE                                             0                             0

NUM_SAMPLES_CORE_0                                        1285127                       1285127

NUM_ACTIVE_BLOCKS_CORE_0                                        0                             0

NUM_ACTIVE_THREADS_CORE_0                                 1285126                      0.999999

NUM_SCHED_IDLE_CYCLE_CORE_0                                  1437                          1437

NUM_NO_SCHED_CYCLE_CORE_0                                       0                             0

CORE_DISPATCHED_INST_CORE_0                                  5615                          5615

CORE_DISPATCH_WAIT_CORE_0                                  272756                       48.5763

CORE_CYCLES_CORE_0                                              0                             0

CORE_SCHED_THREADS_CORE_0                                       0                           NaN

CORE_NUM_NO_FETCH_CYCLES_CORE_0                                 0                             0

CORE_NUM_NO_FETCH_CYCLES_WITH_READY_THREADS_CORE_0                   0                             0

CORE_NUM_FETCH_CYCLES_CORE_0                                    0                             0

CORE_FETCH_DELTA_CORE_0                                         0                           NaN

CORE_NUM_RETIRE_CYCLES_CORE_0                                   0                             0

CORE_RETIRE_DELTA_CORE_0                                        0                           NaN

SCHED_FAILED_REASON_SUCCESS_CORE_0                          27142                       14.8505%
SCHED_FAILED_OPERANDS_NOT_READY_CORE_0                     152618                       83.5037%
SCHED_FAILED_NO_PORTS_CORE_0                                 3008                        1.6458%
                                                           182768                           100%

NUM_SAMPLES_CORE_1                                        1267197                       1267197

NUM_ACTIVE_BLOCKS_CORE_1                                        0                             0

NUM_ACTIVE_THREADS_CORE_1                                 1267197                             1

NUM_SCHED_IDLE_CYCLE_CORE_1                                     0                             0

NUM_NO_SCHED_CYCLE_CORE_1                                       0                             0

CORE_DISPATCHED_INST_CORE_1                                     0                             0

CORE_DISPATCH_WAIT_CORE_1                                       0                           NaN

CORE_CYCLES_CORE_1                                              0                             0

CORE_SCHED_THREADS_CORE_1                                       0                           NaN

CORE_NUM_NO_FETCH_CYCLES_CORE_1                                 0                             0

CORE_NUM_NO_FETCH_CYCLES_WITH_READY_THREADS_CORE_1                   0                             0

CORE_NUM_FETCH_CYCLES_CORE_1                                    0                             0

CORE_FETCH_DELTA_CORE_1                                         0                           NaN

CORE_NUM_RETIRE_CYCLES_CORE_1                                   0                             0

CORE_RETIRE_DELTA_CORE_1                                        0                           NaN

SCHED_FAILED_REASON_SUCCESS_CORE_1                              0                          NaN 
SCHED_FAILED_OPERANDS_NOT_READY_CORE_1                          0                          NaN 
SCHED_FAILED_NO_PORTS_CORE_1                                    0                          NaN 
                                                                0                           100%

NUM_SAMPLES_CORE_2                                        1267195                       1267195

NUM_ACTIVE_BLOCKS_CORE_2                                        0                             0

NUM_ACTIVE_THREADS_CORE_2                                 1267195                             1

NUM_SCHED_IDLE_CYCLE_CORE_2                                   265                           265

NUM_NO_SCHED_CYCLE_CORE_2                                       0                             0

CORE_DISPATCHED_INST_CORE_2                                385966                        385966

CORE_DISPATCH_WAIT_CORE_2                               138136201                       357.897

CORE_CYCLES_CORE_2                                              0                             0

CORE_SCHED_THREADS_CORE_2                                       0                           NaN

CORE_NUM_NO_FETCH_CYCLES_CORE_2                                 0                             0

CORE_NUM_NO_FETCH_CYCLES_WITH_READY_THREADS_CORE_2                   0                             0

CORE_NUM_FETCH_CYCLES_CORE_2                                    0                             0

CORE_FETCH_DELTA_CORE_2                                         0                           NaN

CORE_NUM_RETIRE_CYCLES_CORE_2                                   0                             0

CORE_RETIRE_DELTA_CORE_2                                        0                           NaN

SCHED_FAILED_REASON_SUCCESS_CORE_2                        3058413                       2.22026%
SCHED_FAILED_OPERANDS_NOT_READY_CORE_2                  134691822                       97.7797%
SCHED_FAILED_NO_PORTS_CORE_2                                    0                             0%
                                                        137750235                           100%

NUM_SAMPLES_CORE_3                                        1267195                       1267195

NUM_ACTIVE_BLOCKS_CORE_3                                        0                             0

NUM_ACTIVE_THREADS_CORE_3                                 1267195                             1

NUM_SCHED_IDLE_CYCLE_CORE_3                                    31                            31

NUM_NO_SCHED_CYCLE_CORE_3                                       0                             0

CORE_DISPATCHED_INST_CORE_3                                 10298                         10298

CORE_DISPATCH_WAIT_CORE_3                                 3431021                       333.174

CORE_CYCLES_CORE_3                                              0                             0

CORE_SCHED_THREADS_CORE_3                                       0                           NaN

CORE_NUM_NO_FETCH_CYCLES_CORE_3                                 0                             0

CORE_NUM_NO_FETCH_CYCLES_WITH_READY_THREADS_CORE_3                   0                             0

CORE_NUM_FETCH_CYCLES_CORE_3                                    0                             0

CORE_FETCH_DELTA_CORE_3                                         0                           NaN

CORE_NUM_RETIRE_CYCLES_CORE_3                                   0                             0

CORE_RETIRE_DELTA_CORE_3                                        0                           NaN

SCHED_FAILED_REASON_SUCCESS_CORE_3                         104180                       3.04555%
SCHED_FAILED_OPERANDS_NOT_READY_CORE_3                    3316543                       96.9544%
SCHED_FAILED_NO_PORTS_CORE_3                                    0                             0%
                                                          3420723                           100%

NUM_SAMPLES_CORE_4                                              0                             0

NUM_ACTIVE_BLOCKS_CORE_4                                        0                           NaN

NUM_ACTIVE_THREADS_CORE_4                                       0                           NaN

NUM_SCHED_IDLE_CYCLE_CORE_4                                     0                             0

NUM_NO_SCHED_CYCLE_CORE_4                                       0                             0

CORE_DISPATCHED_INST_CORE_4                                     0                             0

CORE_DISPATCH_WAIT_CORE_4                                       0                           NaN

CORE_CYCLES_CORE_4                                              0                             0

CORE_SCHED_THREADS_CORE_4                                       0                           NaN

CORE_NUM_NO_FETCH_CYCLES_CORE_4                                 0                             0

CORE_NUM_NO_FETCH_CYCLES_WITH_READY_THREADS_CORE_4                   0                             0

CORE_NUM_FETCH_CYCLES_CORE_4                                    0                             0

CORE_FETCH_DELTA_CORE_4                                         0                           NaN

CORE_NUM_RETIRE_CYCLES_CORE_4                                   0                             0

CORE_RETIRE_DELTA_CORE_4                                        0                           NaN

SCHED_FAILED_REASON_SUCCESS_CORE_4                              0                          NaN 
SCHED_FAILED_OPERANDS_NOT_READY_CORE_4                          0                          NaN 
SCHED_FAILED_NO_PORTS_CORE_4                                    0                          NaN 
                                                                0                           100%

NUM_SAMPLES_CORE_5                                              0                             0

NUM_ACTIVE_BLOCKS_CORE_5                                        0                           NaN

NUM_ACTIVE_THREADS_CORE_5                                       0                           NaN

NUM_SCHED_IDLE_CYCLE_CORE_5                                     0                             0

NUM_NO_SCHED_CYCLE_CORE_5                                       0                             0

CORE_DISPATCHED_INST_CORE_5                                     0                             0

CORE_DISPATCH_WAIT_CORE_5                                       0                           NaN

CORE_CYCLES_CORE_5                                              0                             0

CORE_SCHED_THREADS_CORE_5                                       0                           NaN

CORE_NUM_NO_FETCH_CYCLES_CORE_5                                 0                             0

CORE_NUM_NO_FETCH_CYCLES_WITH_READY_THREADS_CORE_5                   0                             0

CORE_NUM_FETCH_CYCLES_CORE_5                                    0                             0

CORE_FETCH_DELTA_CORE_5                                         0                           NaN

CORE_NUM_RETIRE_CYCLES_CORE_5                                   0                             0

CORE_RETIRE_DELTA_CORE_5                                        0                           NaN

SCHED_FAILED_REASON_SUCCESS_CORE_5                              0                          NaN 
SCHED_FAILED_OPERANDS_NOT_READY_CORE_5                          0                          NaN 
SCHED_FAILED_NO_PORTS_CORE_5                                    0                          NaN 
                                                                0                           100%

NUM_SAMPLES_CORE_6                                              0                             0

NUM_ACTIVE_BLOCKS_CORE_6                                        0                           NaN

NUM_ACTIVE_THREADS_CORE_6                                       0                           NaN

NUM_SCHED_IDLE_CYCLE_CORE_6                                     0                             0

NUM_NO_SCHED_CYCLE_CORE_6                                       0                             0

CORE_DISPATCHED_INST_CORE_6                                     0                             0

CORE_DISPATCH_WAIT_CORE_6                                       0                           NaN

CORE_CYCLES_CORE_6                                              0                             0

CORE_SCHED_THREADS_CORE_6                                       0                           NaN

CORE_NUM_NO_FETCH_CYCLES_CORE_6                                 0                             0

CORE_NUM_NO_FETCH_CYCLES_WITH_READY_THREADS_CORE_6                   0                             0

CORE_NUM_FETCH_CYCLES_CORE_6                                    0                             0

CORE_FETCH_DELTA_CORE_6                                         0                           NaN

CORE_NUM_RETIRE_CYCLES_CORE_6                                   0                             0

CORE_RETIRE_DELTA_CORE_6                                        0                           NaN

SCHED_FAILED_REASON_SUCCESS_CORE_6                              0                          NaN 
SCHED_FAILED_OPERANDS_NOT_READY_CORE_6                          0                          NaN 
SCHED_FAILED_NO_PORTS_CORE_6                                    0                          NaN 
                                                                0                           100%

NUM_SAMPLES_CORE_7                                              0                             0

NUM_ACTIVE_BLOCKS_CORE_7                                        0                           NaN

NUM_ACTIVE_THREADS_CORE_7                                       0                           NaN

NUM_SCHED_IDLE_CYCLE_CORE_7                                     0                             0

NUM_NO_SCHED_CYCLE_CORE_7                                       0                             0

CORE_DISPATCHED_INST_CORE_7                                     0                             0

CORE_DISPATCH_WAIT_CORE_7                                       0                           NaN

CORE_CYCLES_CORE_7                                              0                             0

CORE_SCHED_THREADS_CORE_7                                       0                           NaN

CORE_NUM_NO_FETCH_CYCLES_CORE_7                                 0                             0

CORE_NUM_NO_FETCH_CYCLES_WITH_READY_THREADS_CORE_7                   0                             0

CORE_NUM_FETCH_CYCLES_CORE_7                                    0                             0

CORE_FETCH_DELTA_CORE_7                                         0                           NaN

CORE_NUM_RETIRE_CYCLES_CORE_7                                   0                             0

CORE_RETIRE_DELTA_CORE_7                                        0                           NaN

SCHED_FAILED_REASON_SUCCESS_CORE_7                              0                          NaN 
SCHED_FAILED_OPERANDS_NOT_READY_CORE_7                          0                          NaN 
SCHED_FAILED_NO_PORTS_CORE_7                                    0                          NaN 
                                                                0                           100%

