####################################################################################################
Interval
####################################################################################################

INST_COUNT_TOT                                           21060208                      21060208

CYC_COUNT_TOT                                            31963076                      31963076

EXE_TIME                                                        0                             0

NUM_REPEAT                                                      0                             0

CYC_COUNT_X86                                                   0                             0

CYC_COUNT_PTX                                                   0                             0

AVG_BLOCK_EXE_CYCLE                                             0                             0

AVG_BLOCK_EXE_CYCLE_BASE                                        0                             0

PROGRESS_ERROR                                                  0                             0

FILE_OPEN_ERROR                                                 0                             0

NUM_THREAD                                                      0                             0

APPL_CYC_COUNT_BASE0                                            0                             0

APPL_CYC_COUNT_BASE1                                            0                             0

APPL_CYC_COUNT_BASE2                                            0                             0

APPL_CYC_COUNT_BASE3                                            0                             0

APPL_CYC_COUNT_BASE4                                            0                             0

APPL_CYC_COUNT0                                                 0                           NaN

APPL_CYC_COUNT1                                                 0                           NaN

APPL_CYC_COUNT2                                                 0                           NaN

APPL_CYC_COUNT3                                                 0                           NaN

APPL_CYC_COUNT4                                                 0                           NaN

CPI_DELTA_BASE0                                                 0                             0

CPI_DELTA_BASE1                                                 0                             0

CPI_DELTA_BASE2                                                 0                             0

CPI_DELTA_BASE3                                                 0                             0

CPI_DELTA_BASE4                                                 0                             0

CPI_DELTA0                                                      0                           NaN

CPI_DELTA1                                                      0                           NaN

CPI_DELTA2                                                      0                           NaN

CPI_DELTA3                                                      0                           NaN

CPI_DELTA4                                                      0                           NaN

CYCLE_CPU                                                31963076                      31963076

CYCLE_GPU                                                31963076                      31963076

INST_COUNT_CORE_0                                         5089095                       5089095

CYC_COUNT_CORE_0                                         31963075                      31963075

INST_COUNT_CORE_1                                           67516                         67516

CYC_COUNT_CORE_1                                         22286120                      22286120

INST_COUNT_CORE_2                                         7645655                       7645655

CYC_COUNT_CORE_2                                         22286117                      22286117

INST_COUNT_CORE_3                                         2885892                       2885892

CYC_COUNT_CORE_3                                         22286117                      22286117

INST_COUNT_CORE_4                                         5372050                       5372050

CYC_COUNT_CORE_4                                         22286117                      22286117

INST_COUNT_CORE_5                                               0                             0

CYC_COUNT_CORE_5                                         22286117                      22286117

INST_COUNT_CORE_6                                               0                             0

CYC_COUNT_CORE_6                                         22286117                      22286117

INST_COUNT_CORE_7                                               0                             0

CYC_COUNT_CORE_7                                         22286117                      22286117

