####################################################################################################
Interval
####################################################################################################

AVG_MEMORY_LATENCY_BASE                                   4974809                       4974809

AVG_MEMORY_LATENCY                                       50953854                       10.2424

MSHR_FULL                                                       0                             0

TOTAL_MEMORY                                              4974809                       4974809

TOTAL_MEMORY_MERGE                                              0                             0

TOTAL_WB                                                        0                             0

L1_WB                                                           0                           NaN

L2_WB                                                           0                           NaN

L3_WB                                                           0                           NaN

TOTAL_DRAM                                                      0                             0

TOTAL_DRAM_MERGE                                                0                           NaN

L1_HIT_CPU                                                      0                             0

L1_HIT_GPU                                                      0                             0

L1_MISS_CPU                                                     0                             0

L1_MISS_GPU                                                     0                             0

L2_HIT_CPU                                                      0                             0

L2_HIT_GPU                                                      0                             0

L2_MISS_CPU                                                     0                             0

L2_MISS_GPU                                                     0                             0

L3_HIT_CPU                                                      0                             0

L3_HIT_GPU                                                      0                             0

L3_MISS_CPU                                                     0                             0

L3_MISS_GPU                                                     0                             0

L3_HIT_PROMOTION_CPU                                            0                             0

L3_HIT_PROMOTION_GPU                                            0                             0

FETCH_THREAD_SKIP_LD_WAIT                                       0                             0

FETCH_THREAD_SKIP_BR_WAIT                                       0                             0

FETCH_THREAD_SKIP_SCHED_WAIT                                    0                             0

NUM_MUL_TRANS_CM_TM_DM_INST                                     0                             0

NUM_MUL_TRANS_CM_TM_DM                                          0                           NaN

CONST_CACHE_HIT                                                 0                             0

CONST_CACHE_MISS                                                0                             0

CONST_CACHE_MISS_NO_EXECUTE                                     0                             0

CONST_CACHE_ACCESS                                              0                             0

TEXTURE_CACHE_HIT                                               0                             0

TEXTURE_CACHE_MISS                                              0                             0

TEXTURE_CACHE_NO_EXECUTE                                        0                             0

TEXTURE_CACHE_ACCESS                                            0                             0

SHARED_MEM_INST                                                 0                             0

SHARED_MEM_ACCESS                                               0                             0

CACHE_BANK_BUSY                                                 0                             0

ICACHE_MISS_TOTAL                                               0                             0

TOTAL_CAGE_PERIOD                                               0                             0

TOTAL_CAGE_APPL0                                                0                           NaN

TOTAL_CAGE_APPL1                                                0                           NaN

TOTAL_CAGE_APPL2                                                0                           NaN

TOTAL_CAGE_APPL3                                                0                           NaN

TOTAL_CAGE_APPL4                                                0                           NaN

ABIP_AVG_RATIO_BASE                                             0                             0

ABIP_AVG_RATIO                                                  0                           NaN

COAL_INST                                                       0                          NaN 
UNCOAL_INST                                                     0                          NaN 
                                                                0                           100%

COAL_INST_SINGLE_TRANS                                          0                          NaN 
COAL_INST_MUL_TRANS                                             0                          NaN 
UNCOAL_INST_MUL_TRANS                                           0                          NaN 
                                                                0                           100%

SM_COAL_INST                                                    0                          NaN 
CM_COAL_INST                                                    0                          NaN 
TM_COAL_INST                                                    0                          NaN 
DM_COAL_INST                                                    0                          NaN 
                                                                0                           100%

SM_UNCOAL_INST                                                  0                          NaN 
CM_UNCOAL_INST                                                  0                          NaN 
TM_UNCOAL_INST                                                  0                          NaN 
DM_UNCOAL_INST                                                  0                          NaN 
                                                                0                           100%

SM_COAL_INST_SINGLE_TRANS                                       0                          NaN 
CM_COAL_INST_SINGLE_TRANS                                       0                          NaN 
TM_COAL_INST_SINGLE_TRANS                                       0                          NaN 
DM_COAL_INST_SINGLE_TRANS                                       0                          NaN 
                                                                0                           100%

SM_COAL_INST_MUL_TRANS                                          0                          NaN 
CM_COAL_INST_MUL_TRANS                                          0                          NaN 
TM_COAL_INST_MUL_TRANS                                          0                          NaN 
DM_COAL_INST_MUL_TRANS                                          0                          NaN 
                                                                0                           100%

LD_NO_FORWARD                                             8434079                        61.597%
FORWARDED_LD                                              5258279                        38.403%
                                                         13692358                           100%

MEM_STALL_CYCLE_CORE_0                                          0                             0

ICACHE_FILL_CORE_0                                              0                             0

ICACHE_HIT_CORE_0                                         1782206                           100%
ICACHE_MISS_CORE_0                                              0                             0%
                                                          1782206                           100%

MEM_STALL_CYCLE_CORE_1                                          0                             0

ICACHE_FILL_CORE_1                                              0                             0

ICACHE_HIT_CORE_1                                             820                       61.0573%
ICACHE_MISS_CORE_1                                            523                       38.9427%
                                                             1343                           100%

MEM_STALL_CYCLE_CORE_2                                          0                             0

ICACHE_FILL_CORE_2                                              0                             0

ICACHE_HIT_CORE_2                                           56066                        99.549%
ICACHE_MISS_CORE_2                                            254                      0.450994%
                                                            56320                           100%

MEM_STALL_CYCLE_CORE_3                                          0                             0

ICACHE_FILL_CORE_3                                              0                             0

ICACHE_HIT_CORE_3                                           21548                       99.6209%
ICACHE_MISS_CORE_3                                             82                      0.379103%
                                                            21630                           100%

MEM_STALL_CYCLE_CORE_4                                          0                             0

ICACHE_FILL_CORE_4                                              0                             0

ICACHE_HIT_CORE_4                                           56003                       99.6778%
ICACHE_MISS_CORE_4                                            181                      0.322156%
                                                            56184                           100%

MEM_STALL_CYCLE_CORE_5                                          0                             0

ICACHE_FILL_CORE_5                                              0                             0

ICACHE_HIT_CORE_5                                               0                          NaN 
ICACHE_MISS_CORE_5                                              0                          NaN 
                                                                0                           100%

MEM_STALL_CYCLE_CORE_6                                          0                             0

ICACHE_FILL_CORE_6                                              0                             0

ICACHE_HIT_CORE_6                                               0                          NaN 
ICACHE_MISS_CORE_6                                              0                          NaN 
                                                                0                           100%

MEM_STALL_CYCLE_CORE_7                                          0                             0

ICACHE_FILL_CORE_7                                              0                             0

ICACHE_HIT_CORE_7                                               0                          NaN 
ICACHE_MISS_CORE_7                                              0                          NaN 
                                                                0                           100%

