####################################################################################################
Interval
####################################################################################################

INST_COUNT_TOT                                           16237844                      16237844

CYC_COUNT_TOT                                            55370118                      55370118

EXE_TIME                                                        0                             0

NUM_REPEAT                                                      0                             0

CYC_COUNT_X86                                                   0                             0

CYC_COUNT_PTX                                                   0                             0

AVG_BLOCK_EXE_CYCLE                                             0                             0

AVG_BLOCK_EXE_CYCLE_BASE                                        0                             0

PROGRESS_ERROR                                                  0                             0

FILE_OPEN_ERROR                                                 0                             0

NUM_THREAD                                                      0                             0

APPL_CYC_COUNT_BASE0                                            0                             0

APPL_CYC_COUNT_BASE1                                            0                             0

APPL_CYC_COUNT_BASE2                                            0                             0

APPL_CYC_COUNT_BASE3                                            0                             0

APPL_CYC_COUNT_BASE4                                            0                             0

APPL_CYC_COUNT0                                                 0                           NaN

APPL_CYC_COUNT1                                                 0                           NaN

APPL_CYC_COUNT2                                                 0                           NaN

APPL_CYC_COUNT3                                                 0                           NaN

APPL_CYC_COUNT4                                                 0                           NaN

CPI_DELTA_BASE0                                                 0                             0

CPI_DELTA_BASE1                                                 0                             0

CPI_DELTA_BASE2                                                 0                             0

CPI_DELTA_BASE3                                                 0                             0

CPI_DELTA_BASE4                                                 0                             0

CPI_DELTA0                                                      0                           NaN

CPI_DELTA1                                                      0                           NaN

CPI_DELTA2                                                      0                           NaN

CPI_DELTA3                                                      0                           NaN

CPI_DELTA4                                                      0                           NaN

CYCLE_CPU                                                55370118                      55370118

CYCLE_GPU                                                55370118                      55370118

INST_COUNT_CORE_0                                            1382                          1382

CYC_COUNT_CORE_0                                         55370117                      55370117

INST_COUNT_CORE_1                                               0                             0

CYC_COUNT_CORE_1                                         55362311                      55362311

INST_COUNT_CORE_2                                        11941231                      11941231

CYC_COUNT_CORE_2                                         55362309                      55362309

INST_COUNT_CORE_3                                         4295231                       4295231

CYC_COUNT_CORE_3                                         55362309                      55362309

INST_COUNT_CORE_4                                               0                             0

CYC_COUNT_CORE_4                                         55362309                      55362309

INST_COUNT_CORE_5                                               0                             0

CYC_COUNT_CORE_5                                         55362309                      55362309

INST_COUNT_CORE_6                                               0                             0

CYC_COUNT_CORE_6                                         55362309                      55362309

INST_COUNT_CORE_7                                               0                             0

CYC_COUNT_CORE_7                                         55362309                      55362309

