####################################################################################################
Interval
####################################################################################################

FP_OPS_TOT                                                 363685                        363685

FP_OPS_CORE_0                                                   0                             0

OP_CAT_INVALID_CORE_0                                           0                             0%
OP_CAT_3DNOW_CORE_0                                             0                             0%
OP_CAT_AES_CORE_0                                               0                             0%
OP_CAT_BASE_CORE_0                                              0                             0%
OP_CAT_BINARY_CORE_0                                          389                       28.1476%
OP_CAT_BITBYTE_CORE_0                                           4                      0.289436%
OP_CAT_CALL_CORE_0                                              0                             0%
OP_CAT_CMOV_CORE_0                                             24                       1.73661%
OP_CAT_COND_BR_CORE_0                                           2                      0.144718%
OP_CAT_DATAXFER_CORE_0                                        225                       16.2808%
OP_CAT_DECIMAL_CORE_0                                           0                             0%
OP_CAT_FCMOV_CORE_0                                           449                       32.4891%
OP_CAT_FLAGOP_CORE_0                                            0                             0%
OP_CAT_INTERRUPT_CORE_0                                         0                             0%
OP_CAT_IO_CORE_0                                                0                             0%
OP_CAT_IOSTRINGOP_CORE_0                                       18                       1.30246%
OP_CAT_LOGICAL_CORE_0                                           0                             0%
OP_CAT_MISC_CORE_0                                              0                             0%
OP_CAT_MMX_CORE_0                                              93                       6.72938%
OP_CAT_NOP_CORE_0                                              24                       1.73661%
OP_CAT_PCLMULQDQ_CORE_0                                         0                             0%
OP_CAT_POP_CORE_0                                               0                             0%
OP_CAT_PREFETCH_CORE_0                                          0                             0%
OP_CAT_PUSH_CORE_0                                             60                       4.34153%
OP_CAT_RET_CORE_0                                               0                             0%
OP_CAT_ROTATE_CORE_0                                           26                       1.88133%
OP_CAT_SEGOP_CORE_0                                            18                       1.30246%
OP_CAT_SEMAPHORE_CORE_0                                         0                             0%
OP_CAT_SHIFT_CORE_0                                             0                             0%
OP_CAT_SSE_CORE_0                                               0                             0%
OP_CAT_SSE5_CORE_0                                              0                             0%
OP_CAT_STRINGOP_CORE_0                                          0                             0%
OP_CAT_SYSCALL_CORE_0                                           0                             0%
OP_CAT_SYSRET_CORE_0                                            0                             0%
OP_CAT_SYSTEM_CORE_0                                            0                             0%
OP_CAT_UNCOND_BR_CORE_0                                         0                             0%
OP_CAT_VTX_CORE_0                                               4                      0.289436%
OP_CAT_WIDENOP_CORE_0                                          20                       1.44718%
OP_CAT_X87_ALU_CORE_0                                           0                             0%
OP_CAT_XSAVE_CORE_0                                             0                             0%
OP_CAT_TR_MUL_CORE_0                                            0                             0%
OP_CAT_TR_DIV_CORE_0                                            0                             0%
OP_CAT_TR_FMUL_CORE_0                                           0                             0%
OP_CAT_TR_FDIV_CORE_0                                           0                             0%
OP_CAT_TR_NOP_CORE_0                                           24                       1.73661%
OP_CAT_PREFETCH_NTA_CORE_0                                      0                             0%
OP_CAT_PREFETCH_T0_CORE_0                                       0                             0%
OP_CAT_PREFETCH_T1_CORE_0                                       2                      0.144718%
OP_CAT_PREFETCH_T2_CORE_0                                       0                             0%
OP_CAT_TR_MEM_LD_LM_CORE_0                                      0                             0%
OP_CAT_TR_MEM_LD_SM_CORE_0                                      0                             0%
OP_CAT_TR_MEM_LD_GM_CORE_0                                      0                             0%
OP_CAT_TR_MEM_ST_LM_CORE_0                                      0                             0%
OP_CAT_TR_MEM_ST_SM_CORE_0                                      0                             0%
OP_CAT_TR_MEM_ST_GM_CORE_0                                      0                             0%
OP_CAT_TR_DATA_XFER_LM_CORE_0                                   0                             0%
OP_CAT_TR_DATA_XFER_SM_CORE_0                                   0                             0%
OP_CAT_TR_DATA_XFER_GM_CORE_0                                   0                             0%
OP_CAT_TR_LAST_CORE_0                                           0                             0%
                                                             1382                           100%

FP_OPS_CORE_1                                                   0                             0

OP_CAT_INVALID_CORE_1                                           0                          NaN 
OP_CAT_3DNOW_CORE_1                                             0                          NaN 
OP_CAT_AES_CORE_1                                               0                          NaN 
OP_CAT_BASE_CORE_1                                              0                          NaN 
OP_CAT_BINARY_CORE_1                                            0                          NaN 
OP_CAT_BITBYTE_CORE_1                                           0                          NaN 
OP_CAT_CALL_CORE_1                                              0                          NaN 
OP_CAT_CMOV_CORE_1                                              0                          NaN 
OP_CAT_COND_BR_CORE_1                                           0                          NaN 
OP_CAT_DATAXFER_CORE_1                                          0                          NaN 
OP_CAT_DECIMAL_CORE_1                                           0                          NaN 
OP_CAT_FCMOV_CORE_1                                             0                          NaN 
OP_CAT_FLAGOP_CORE_1                                            0                          NaN 
OP_CAT_INTERRUPT_CORE_1                                         0                          NaN 
OP_CAT_IO_CORE_1                                                0                          NaN 
OP_CAT_IOSTRINGOP_CORE_1                                        0                          NaN 
OP_CAT_LOGICAL_CORE_1                                           0                          NaN 
OP_CAT_MISC_CORE_1                                              0                          NaN 
OP_CAT_MMX_CORE_1                                               0                          NaN 
OP_CAT_NOP_CORE_1                                               0                          NaN 
OP_CAT_PCLMULQDQ_CORE_1                                         0                          NaN 
OP_CAT_POP_CORE_1                                               0                          NaN 
OP_CAT_PREFETCH_CORE_1                                          0                          NaN 
OP_CAT_PUSH_CORE_1                                              0                          NaN 
OP_CAT_RET_CORE_1                                               0                          NaN 
OP_CAT_ROTATE_CORE_1                                            0                          NaN 
OP_CAT_SEGOP_CORE_1                                             0                          NaN 
OP_CAT_SEMAPHORE_CORE_1                                         0                          NaN 
OP_CAT_SHIFT_CORE_1                                             0                          NaN 
OP_CAT_SSE_CORE_1                                               0                          NaN 
OP_CAT_SSE5_CORE_1                                              0                          NaN 
OP_CAT_STRINGOP_CORE_1                                          0                          NaN 
OP_CAT_SYSCALL_CORE_1                                           0                          NaN 
OP_CAT_SYSRET_CORE_1                                            0                          NaN 
OP_CAT_SYSTEM_CORE_1                                            0                          NaN 
OP_CAT_UNCOND_BR_CORE_1                                         0                          NaN 
OP_CAT_VTX_CORE_1                                               0                          NaN 
OP_CAT_WIDENOP_CORE_1                                           0                          NaN 
OP_CAT_X87_ALU_CORE_1                                           0                          NaN 
OP_CAT_XSAVE_CORE_1                                             0                          NaN 
OP_CAT_TR_MUL_CORE_1                                            0                          NaN 
OP_CAT_TR_DIV_CORE_1                                            0                          NaN 
OP_CAT_TR_FMUL_CORE_1                                           0                          NaN 
OP_CAT_TR_FDIV_CORE_1                                           0                          NaN 
OP_CAT_TR_NOP_CORE_1                                            0                          NaN 
OP_CAT_PREFETCH_NTA_CORE_1                                      0                          NaN 
OP_CAT_PREFETCH_T0_CORE_1                                       0                          NaN 
OP_CAT_PREFETCH_T1_CORE_1                                       0                          NaN 
OP_CAT_PREFETCH_T2_CORE_1                                       0                          NaN 
OP_CAT_TR_MEM_LD_LM_CORE_1                                      0                          NaN 
OP_CAT_TR_MEM_LD_SM_CORE_1                                      0                          NaN 
OP_CAT_TR_MEM_LD_GM_CORE_1                                      0                          NaN 
OP_CAT_TR_MEM_ST_LM_CORE_1                                      0                          NaN 
OP_CAT_TR_MEM_ST_SM_CORE_1                                      0                          NaN 
OP_CAT_TR_MEM_ST_GM_CORE_1                                      0                          NaN 
OP_CAT_TR_DATA_XFER_LM_CORE_1                                   0                          NaN 
OP_CAT_TR_DATA_XFER_SM_CORE_1                                   0                          NaN 
OP_CAT_TR_DATA_XFER_GM_CORE_1                                   0                          NaN 
OP_CAT_TR_LAST_CORE_1                                           0                          NaN 
                                                                0                           100%

FP_OPS_CORE_2                                                   0                             0

OP_CAT_INVALID_CORE_2                                           0                             0%
OP_CAT_3DNOW_CORE_2                                             0                             0%
OP_CAT_AES_CORE_2                                               0                             0%
OP_CAT_BASE_CORE_2                                              0                             0%
OP_CAT_BINARY_CORE_2                                      3823521                       32.0195%
OP_CAT_BITBYTE_CORE_2                                        3997                     0.0334723%
OP_CAT_CALL_CORE_2                                              0                             0%
OP_CAT_CMOV_CORE_2                                          46657                      0.390723%
OP_CAT_COND_BR_CORE_2                                           0                             0%
OP_CAT_DATAXFER_CORE_2                                    2209081                       18.4996%
OP_CAT_DECIMAL_CORE_2                                           0                             0%
OP_CAT_FCMOV_CORE_2                                       3317995                       27.7861%
OP_CAT_FLAGOP_CORE_2                                            0                             0%
OP_CAT_INTERRUPT_CORE_2                                         0                             0%
OP_CAT_IO_CORE_2                                                0                             0%
OP_CAT_IOSTRINGOP_CORE_2                                     2523                     0.0211285%
OP_CAT_LOGICAL_CORE_2                                           0                             0%
OP_CAT_MISC_CORE_2                                              0                             0%
OP_CAT_MMX_CORE_2                                          720072                       6.03014%
OP_CAT_NOP_CORE_2                                          221733                       1.85687%
OP_CAT_PCLMULQDQ_CORE_2                                         0                             0%
OP_CAT_POP_CORE_2                                               0                             0%
OP_CAT_PREFETCH_CORE_2                                          0                             0%
OP_CAT_PUSH_CORE_2                                           2688                     0.0225103%
OP_CAT_RET_CORE_2                                               0                             0%
OP_CAT_ROTATE_CORE_2                                        23437                       0.19627%
OP_CAT_SEGOP_CORE_2                                         23329                      0.195365%
OP_CAT_SEMAPHORE_CORE_2                                         0                             0%
OP_CAT_SHIFT_CORE_2                                             0                             0%
OP_CAT_SSE_CORE_2                                               0                             0%
OP_CAT_SSE5_CORE_2                                         734995                       6.15511%
OP_CAT_STRINGOP_CORE_2                                          0                             0%
OP_CAT_SYSCALL_CORE_2                                       41526                      0.347754%
OP_CAT_SYSRET_CORE_2                                            0                             0%
OP_CAT_SYSTEM_CORE_2                                            0                             0%
OP_CAT_UNCOND_BR_CORE_2                                         0                             0%
OP_CAT_VTX_CORE_2                                               0                             0%
OP_CAT_WIDENOP_CORE_2                                      769460                       6.44374%
OP_CAT_X87_ALU_CORE_2                                           0                             0%
OP_CAT_XSAVE_CORE_2                                             0                             0%
OP_CAT_TR_MUL_CORE_2                                            0                             0%
OP_CAT_TR_DIV_CORE_2                                            0                             0%
OP_CAT_TR_FMUL_CORE_2                                           0                             0%
OP_CAT_TR_FDIV_CORE_2                                           0                             0%
OP_CAT_TR_NOP_CORE_2                                            0                             0%
OP_CAT_PREFETCH_NTA_CORE_2                                      0                             0%
OP_CAT_PREFETCH_T0_CORE_2                                       0                             0%
OP_CAT_PREFETCH_T1_CORE_2                                     196                    0.00164137%
OP_CAT_PREFETCH_T2_CORE_2                                       0                             0%
OP_CAT_TR_MEM_LD_LM_CORE_2                                      0                             0%
OP_CAT_TR_MEM_LD_SM_CORE_2                                      0                             0%
OP_CAT_TR_MEM_LD_GM_CORE_2                                      0                             0%
OP_CAT_TR_MEM_ST_LM_CORE_2                                      0                             0%
OP_CAT_TR_MEM_ST_SM_CORE_2                                      0                             0%
OP_CAT_TR_MEM_ST_GM_CORE_2                                      0                             0%
OP_CAT_TR_DATA_XFER_LM_CORE_2                                   0                             0%
OP_CAT_TR_DATA_XFER_SM_CORE_2                                   0                             0%
OP_CAT_TR_DATA_XFER_GM_CORE_2                                   0                             0%
OP_CAT_TR_LAST_CORE_2                                           0                             0%
                                                         11941210                           100%

FP_OPS_CORE_3                                              363685                        363685

OP_CAT_INVALID_CORE_3                                           0                             0%
OP_CAT_3DNOW_CORE_3                                             0                             0%
OP_CAT_AES_CORE_3                                               0                             0%
OP_CAT_BASE_CORE_3                                              0                             0%
OP_CAT_BINARY_CORE_3                                       797205                       18.5602%
OP_CAT_BITBYTE_CORE_3                                       97613                       2.27259%
OP_CAT_CALL_CORE_3                                              0                             0%
OP_CAT_CMOV_CORE_3                                          39489                      0.919369%
OP_CAT_COND_BR_CORE_3                                           0                             0%
OP_CAT_DATAXFER_CORE_3                                      97749                       2.27576%
OP_CAT_DECIMAL_CORE_3                                           0                             0%
OP_CAT_FCMOV_CORE_3                                       1615870                       37.6201%
OP_CAT_FLAGOP_CORE_3                                            0                             0%
OP_CAT_INTERRUPT_CORE_3                                         0                             0%
OP_CAT_IO_CORE_3                                                0                             0%
OP_CAT_IOSTRINGOP_CORE_3                                      883                     0.0205577%
OP_CAT_LOGICAL_CORE_3                                           0                             0%
OP_CAT_MISC_CORE_3                                              0                             0%
OP_CAT_MMX_CORE_3                                           97749                       2.27576%
OP_CAT_NOP_CORE_3                                           69985                       1.62937%
OP_CAT_PCLMULQDQ_CORE_3                                         0                             0%
OP_CAT_POP_CORE_3                                               0                             0%
OP_CAT_PREFETCH_CORE_3                                          0                             0%
OP_CAT_PUSH_CORE_3                                            887                     0.0206508%
OP_CAT_RET_CORE_3                                               0                             0%
OP_CAT_ROTATE_CORE_3                                            5                   0.000116408%
OP_CAT_SEGOP_CORE_3                                         39488                      0.919345%
OP_CAT_SEMAPHORE_CORE_3                                         0                             0%
OP_CAT_SHIFT_CORE_3                                             0                             0%
OP_CAT_SSE_CORE_3                                               0                             0%
OP_CAT_SSE5_CORE_3                                         248832                       5.79322%
OP_CAT_STRINGOP_CORE_3                                          0                             0%
OP_CAT_SYSCALL_CORE_3                                          21                   0.000488914%
OP_CAT_SYSRET_CORE_3                                            0                             0%
OP_CAT_SYSTEM_CORE_3                                            0                             0%
OP_CAT_UNCOND_BR_CORE_3                                         0                             0%
OP_CAT_VTX_CORE_3                                               0                             0%
OP_CAT_WIDENOP_CORE_3                                       82922                       1.93056%
OP_CAT_X87_ALU_CORE_3                                           0                             0%
OP_CAT_XSAVE_CORE_3                                             0                             0%
OP_CAT_TR_MUL_CORE_3                                       892084                       20.7692%
OP_CAT_TR_DIV_CORE_3                                            0                             0%
OP_CAT_TR_FMUL_CORE_3                                           0                             0%
OP_CAT_TR_FDIV_CORE_3                                           0                             0%
OP_CAT_TR_NOP_CORE_3                                        69984                       1.62934%
OP_CAT_PREFETCH_NTA_CORE_3                                 144464                       3.36336%
OP_CAT_PREFETCH_T0_CORE_3                                       0                             0%
OP_CAT_PREFETCH_T1_CORE_3                                       0                             0%
OP_CAT_PREFETCH_T2_CORE_3                                       0                             0%
OP_CAT_TR_MEM_LD_LM_CORE_3                                      0                             0%
OP_CAT_TR_MEM_LD_SM_CORE_3                                      0                             0%
OP_CAT_TR_MEM_LD_GM_CORE_3                                      0                             0%
OP_CAT_TR_MEM_ST_LM_CORE_3                                      0                             0%
OP_CAT_TR_MEM_ST_SM_CORE_3                                      0                             0%
OP_CAT_TR_MEM_ST_GM_CORE_3                                      0                             0%
OP_CAT_TR_DATA_XFER_LM_CORE_3                                   0                             0%
OP_CAT_TR_DATA_XFER_SM_CORE_3                                   0                             0%
OP_CAT_TR_DATA_XFER_GM_CORE_3                                   0                             0%
OP_CAT_TR_LAST_CORE_3                                           0                             0%
                                                          4295230                           100%

FP_OPS_CORE_4                                                   0                             0

OP_CAT_INVALID_CORE_4                                           0                          NaN 
OP_CAT_3DNOW_CORE_4                                             0                          NaN 
OP_CAT_AES_CORE_4                                               0                          NaN 
OP_CAT_BASE_CORE_4                                              0                          NaN 
OP_CAT_BINARY_CORE_4                                            0                          NaN 
OP_CAT_BITBYTE_CORE_4                                           0                          NaN 
OP_CAT_CALL_CORE_4                                              0                          NaN 
OP_CAT_CMOV_CORE_4                                              0                          NaN 
OP_CAT_COND_BR_CORE_4                                           0                          NaN 
OP_CAT_DATAXFER_CORE_4                                          0                          NaN 
OP_CAT_DECIMAL_CORE_4                                           0                          NaN 
OP_CAT_FCMOV_CORE_4                                             0                          NaN 
OP_CAT_FLAGOP_CORE_4                                            0                          NaN 
OP_CAT_INTERRUPT_CORE_4                                         0                          NaN 
OP_CAT_IO_CORE_4                                                0                          NaN 
OP_CAT_IOSTRINGOP_CORE_4                                        0                          NaN 
OP_CAT_LOGICAL_CORE_4                                           0                          NaN 
OP_CAT_MISC_CORE_4                                              0                          NaN 
OP_CAT_MMX_CORE_4                                               0                          NaN 
OP_CAT_NOP_CORE_4                                               0                          NaN 
OP_CAT_PCLMULQDQ_CORE_4                                         0                          NaN 
OP_CAT_POP_CORE_4                                               0                          NaN 
OP_CAT_PREFETCH_CORE_4                                          0                          NaN 
OP_CAT_PUSH_CORE_4                                              0                          NaN 
OP_CAT_RET_CORE_4                                               0                          NaN 
OP_CAT_ROTATE_CORE_4                                            0                          NaN 
OP_CAT_SEGOP_CORE_4                                             0                          NaN 
OP_CAT_SEMAPHORE_CORE_4                                         0                          NaN 
OP_CAT_SHIFT_CORE_4                                             0                          NaN 
OP_CAT_SSE_CORE_4                                               0                          NaN 
OP_CAT_SSE5_CORE_4                                              0                          NaN 
OP_CAT_STRINGOP_CORE_4                                          0                          NaN 
OP_CAT_SYSCALL_CORE_4                                           0                          NaN 
OP_CAT_SYSRET_CORE_4                                            0                          NaN 
OP_CAT_SYSTEM_CORE_4                                            0                          NaN 
OP_CAT_UNCOND_BR_CORE_4                                         0                          NaN 
OP_CAT_VTX_CORE_4                                               0                          NaN 
OP_CAT_WIDENOP_CORE_4                                           0                          NaN 
OP_CAT_X87_ALU_CORE_4                                           0                          NaN 
OP_CAT_XSAVE_CORE_4                                             0                          NaN 
OP_CAT_TR_MUL_CORE_4                                            0                          NaN 
OP_CAT_TR_DIV_CORE_4                                            0                          NaN 
OP_CAT_TR_FMUL_CORE_4                                           0                          NaN 
OP_CAT_TR_FDIV_CORE_4                                           0                          NaN 
OP_CAT_TR_NOP_CORE_4                                            0                          NaN 
OP_CAT_PREFETCH_NTA_CORE_4                                      0                          NaN 
OP_CAT_PREFETCH_T0_CORE_4                                       0                          NaN 
OP_CAT_PREFETCH_T1_CORE_4                                       0                          NaN 
OP_CAT_PREFETCH_T2_CORE_4                                       0                          NaN 
OP_CAT_TR_MEM_LD_LM_CORE_4                                      0                          NaN 
OP_CAT_TR_MEM_LD_SM_CORE_4                                      0                          NaN 
OP_CAT_TR_MEM_LD_GM_CORE_4                                      0                          NaN 
OP_CAT_TR_MEM_ST_LM_CORE_4                                      0                          NaN 
OP_CAT_TR_MEM_ST_SM_CORE_4                                      0                          NaN 
OP_CAT_TR_MEM_ST_GM_CORE_4                                      0                          NaN 
OP_CAT_TR_DATA_XFER_LM_CORE_4                                   0                          NaN 
OP_CAT_TR_DATA_XFER_SM_CORE_4                                   0                          NaN 
OP_CAT_TR_DATA_XFER_GM_CORE_4                                   0                          NaN 
OP_CAT_TR_LAST_CORE_4                                           0                          NaN 
                                                                0                           100%

FP_OPS_CORE_5                                                   0                             0

OP_CAT_INVALID_CORE_5                                           0                          NaN 
OP_CAT_3DNOW_CORE_5                                             0                          NaN 
OP_CAT_AES_CORE_5                                               0                          NaN 
OP_CAT_BASE_CORE_5                                              0                          NaN 
OP_CAT_BINARY_CORE_5                                            0                          NaN 
OP_CAT_BITBYTE_CORE_5                                           0                          NaN 
OP_CAT_CALL_CORE_5                                              0                          NaN 
OP_CAT_CMOV_CORE_5                                              0                          NaN 
OP_CAT_COND_BR_CORE_5                                           0                          NaN 
OP_CAT_DATAXFER_CORE_5                                          0                          NaN 
OP_CAT_DECIMAL_CORE_5                                           0                          NaN 
OP_CAT_FCMOV_CORE_5                                             0                          NaN 
OP_CAT_FLAGOP_CORE_5                                            0                          NaN 
OP_CAT_INTERRUPT_CORE_5                                         0                          NaN 
OP_CAT_IO_CORE_5                                                0                          NaN 
OP_CAT_IOSTRINGOP_CORE_5                                        0                          NaN 
OP_CAT_LOGICAL_CORE_5                                           0                          NaN 
OP_CAT_MISC_CORE_5                                              0                          NaN 
OP_CAT_MMX_CORE_5                                               0                          NaN 
OP_CAT_NOP_CORE_5                                               0                          NaN 
OP_CAT_PCLMULQDQ_CORE_5                                         0                          NaN 
OP_CAT_POP_CORE_5                                               0                          NaN 
OP_CAT_PREFETCH_CORE_5                                          0                          NaN 
OP_CAT_PUSH_CORE_5                                              0                          NaN 
OP_CAT_RET_CORE_5                                               0                          NaN 
OP_CAT_ROTATE_CORE_5                                            0                          NaN 
OP_CAT_SEGOP_CORE_5                                             0                          NaN 
OP_CAT_SEMAPHORE_CORE_5                                         0                          NaN 
OP_CAT_SHIFT_CORE_5                                             0                          NaN 
OP_CAT_SSE_CORE_5                                               0                          NaN 
OP_CAT_SSE5_CORE_5                                              0                          NaN 
OP_CAT_STRINGOP_CORE_5                                          0                          NaN 
OP_CAT_SYSCALL_CORE_5                                           0                          NaN 
OP_CAT_SYSRET_CORE_5                                            0                          NaN 
OP_CAT_SYSTEM_CORE_5                                            0                          NaN 
OP_CAT_UNCOND_BR_CORE_5                                         0                          NaN 
OP_CAT_VTX_CORE_5                                               0                          NaN 
OP_CAT_WIDENOP_CORE_5                                           0                          NaN 
OP_CAT_X87_ALU_CORE_5                                           0                          NaN 
OP_CAT_XSAVE_CORE_5                                             0                          NaN 
OP_CAT_TR_MUL_CORE_5                                            0                          NaN 
OP_CAT_TR_DIV_CORE_5                                            0                          NaN 
OP_CAT_TR_FMUL_CORE_5                                           0                          NaN 
OP_CAT_TR_FDIV_CORE_5                                           0                          NaN 
OP_CAT_TR_NOP_CORE_5                                            0                          NaN 
OP_CAT_PREFETCH_NTA_CORE_5                                      0                          NaN 
OP_CAT_PREFETCH_T0_CORE_5                                       0                          NaN 
OP_CAT_PREFETCH_T1_CORE_5                                       0                          NaN 
OP_CAT_PREFETCH_T2_CORE_5                                       0                          NaN 
OP_CAT_TR_MEM_LD_LM_CORE_5                                      0                          NaN 
OP_CAT_TR_MEM_LD_SM_CORE_5                                      0                          NaN 
OP_CAT_TR_MEM_LD_GM_CORE_5                                      0                          NaN 
OP_CAT_TR_MEM_ST_LM_CORE_5                                      0                          NaN 
OP_CAT_TR_MEM_ST_SM_CORE_5                                      0                          NaN 
OP_CAT_TR_MEM_ST_GM_CORE_5                                      0                          NaN 
OP_CAT_TR_DATA_XFER_LM_CORE_5                                   0                          NaN 
OP_CAT_TR_DATA_XFER_SM_CORE_5                                   0                          NaN 
OP_CAT_TR_DATA_XFER_GM_CORE_5                                   0                          NaN 
OP_CAT_TR_LAST_CORE_5                                           0                          NaN 
                                                                0                           100%

FP_OPS_CORE_6                                                   0                             0

OP_CAT_INVALID_CORE_6                                           0                          NaN 
OP_CAT_3DNOW_CORE_6                                             0                          NaN 
OP_CAT_AES_CORE_6                                               0                          NaN 
OP_CAT_BASE_CORE_6                                              0                          NaN 
OP_CAT_BINARY_CORE_6                                            0                          NaN 
OP_CAT_BITBYTE_CORE_6                                           0                          NaN 
OP_CAT_CALL_CORE_6                                              0                          NaN 
OP_CAT_CMOV_CORE_6                                              0                          NaN 
OP_CAT_COND_BR_CORE_6                                           0                          NaN 
OP_CAT_DATAXFER_CORE_6                                          0                          NaN 
OP_CAT_DECIMAL_CORE_6                                           0                          NaN 
OP_CAT_FCMOV_CORE_6                                             0                          NaN 
OP_CAT_FLAGOP_CORE_6                                            0                          NaN 
OP_CAT_INTERRUPT_CORE_6                                         0                          NaN 
OP_CAT_IO_CORE_6                                                0                          NaN 
OP_CAT_IOSTRINGOP_CORE_6                                        0                          NaN 
OP_CAT_LOGICAL_CORE_6                                           0                          NaN 
OP_CAT_MISC_CORE_6                                              0                          NaN 
OP_CAT_MMX_CORE_6                                               0                          NaN 
OP_CAT_NOP_CORE_6                                               0                          NaN 
OP_CAT_PCLMULQDQ_CORE_6                                         0                          NaN 
OP_CAT_POP_CORE_6                                               0                          NaN 
OP_CAT_PREFETCH_CORE_6                                          0                          NaN 
OP_CAT_PUSH_CORE_6                                              0                          NaN 
OP_CAT_RET_CORE_6                                               0                          NaN 
OP_CAT_ROTATE_CORE_6                                            0                          NaN 
OP_CAT_SEGOP_CORE_6                                             0                          NaN 
OP_CAT_SEMAPHORE_CORE_6                                         0                          NaN 
OP_CAT_SHIFT_CORE_6                                             0                          NaN 
OP_CAT_SSE_CORE_6                                               0                          NaN 
OP_CAT_SSE5_CORE_6                                              0                          NaN 
OP_CAT_STRINGOP_CORE_6                                          0                          NaN 
OP_CAT_SYSCALL_CORE_6                                           0                          NaN 
OP_CAT_SYSRET_CORE_6                                            0                          NaN 
OP_CAT_SYSTEM_CORE_6                                            0                          NaN 
OP_CAT_UNCOND_BR_CORE_6                                         0                          NaN 
OP_CAT_VTX_CORE_6                                               0                          NaN 
OP_CAT_WIDENOP_CORE_6                                           0                          NaN 
OP_CAT_X87_ALU_CORE_6                                           0                          NaN 
OP_CAT_XSAVE_CORE_6                                             0                          NaN 
OP_CAT_TR_MUL_CORE_6                                            0                          NaN 
OP_CAT_TR_DIV_CORE_6                                            0                          NaN 
OP_CAT_TR_FMUL_CORE_6                                           0                          NaN 
OP_CAT_TR_FDIV_CORE_6                                           0                          NaN 
OP_CAT_TR_NOP_CORE_6                                            0                          NaN 
OP_CAT_PREFETCH_NTA_CORE_6                                      0                          NaN 
OP_CAT_PREFETCH_T0_CORE_6                                       0                          NaN 
OP_CAT_PREFETCH_T1_CORE_6                                       0                          NaN 
OP_CAT_PREFETCH_T2_CORE_6                                       0                          NaN 
OP_CAT_TR_MEM_LD_LM_CORE_6                                      0                          NaN 
OP_CAT_TR_MEM_LD_SM_CORE_6                                      0                          NaN 
OP_CAT_TR_MEM_LD_GM_CORE_6                                      0                          NaN 
OP_CAT_TR_MEM_ST_LM_CORE_6                                      0                          NaN 
OP_CAT_TR_MEM_ST_SM_CORE_6                                      0                          NaN 
OP_CAT_TR_MEM_ST_GM_CORE_6                                      0                          NaN 
OP_CAT_TR_DATA_XFER_LM_CORE_6                                   0                          NaN 
OP_CAT_TR_DATA_XFER_SM_CORE_6                                   0                          NaN 
OP_CAT_TR_DATA_XFER_GM_CORE_6                                   0                          NaN 
OP_CAT_TR_LAST_CORE_6                                           0                          NaN 
                                                                0                           100%

FP_OPS_CORE_7                                                   0                             0

OP_CAT_INVALID_CORE_7                                           0                          NaN 
OP_CAT_3DNOW_CORE_7                                             0                          NaN 
OP_CAT_AES_CORE_7                                               0                          NaN 
OP_CAT_BASE_CORE_7                                              0                          NaN 
OP_CAT_BINARY_CORE_7                                            0                          NaN 
OP_CAT_BITBYTE_CORE_7                                           0                          NaN 
OP_CAT_CALL_CORE_7                                              0                          NaN 
OP_CAT_CMOV_CORE_7                                              0                          NaN 
OP_CAT_COND_BR_CORE_7                                           0                          NaN 
OP_CAT_DATAXFER_CORE_7                                          0                          NaN 
OP_CAT_DECIMAL_CORE_7                                           0                          NaN 
OP_CAT_FCMOV_CORE_7                                             0                          NaN 
OP_CAT_FLAGOP_CORE_7                                            0                          NaN 
OP_CAT_INTERRUPT_CORE_7                                         0                          NaN 
OP_CAT_IO_CORE_7                                                0                          NaN 
OP_CAT_IOSTRINGOP_CORE_7                                        0                          NaN 
OP_CAT_LOGICAL_CORE_7                                           0                          NaN 
OP_CAT_MISC_CORE_7                                              0                          NaN 
OP_CAT_MMX_CORE_7                                               0                          NaN 
OP_CAT_NOP_CORE_7                                               0                          NaN 
OP_CAT_PCLMULQDQ_CORE_7                                         0                          NaN 
OP_CAT_POP_CORE_7                                               0                          NaN 
OP_CAT_PREFETCH_CORE_7                                          0                          NaN 
OP_CAT_PUSH_CORE_7                                              0                          NaN 
OP_CAT_RET_CORE_7                                               0                          NaN 
OP_CAT_ROTATE_CORE_7                                            0                          NaN 
OP_CAT_SEGOP_CORE_7                                             0                          NaN 
OP_CAT_SEMAPHORE_CORE_7                                         0                          NaN 
OP_CAT_SHIFT_CORE_7                                             0                          NaN 
OP_CAT_SSE_CORE_7                                               0                          NaN 
OP_CAT_SSE5_CORE_7                                              0                          NaN 
OP_CAT_STRINGOP_CORE_7                                          0                          NaN 
OP_CAT_SYSCALL_CORE_7                                           0                          NaN 
OP_CAT_SYSRET_CORE_7                                            0                          NaN 
OP_CAT_SYSTEM_CORE_7                                            0                          NaN 
OP_CAT_UNCOND_BR_CORE_7                                         0                          NaN 
OP_CAT_VTX_CORE_7                                               0                          NaN 
OP_CAT_WIDENOP_CORE_7                                           0                          NaN 
OP_CAT_X87_ALU_CORE_7                                           0                          NaN 
OP_CAT_XSAVE_CORE_7                                             0                          NaN 
OP_CAT_TR_MUL_CORE_7                                            0                          NaN 
OP_CAT_TR_DIV_CORE_7                                            0                          NaN 
OP_CAT_TR_FMUL_CORE_7                                           0                          NaN 
OP_CAT_TR_FDIV_CORE_7                                           0                          NaN 
OP_CAT_TR_NOP_CORE_7                                            0                          NaN 
OP_CAT_PREFETCH_NTA_CORE_7                                      0                          NaN 
OP_CAT_PREFETCH_T0_CORE_7                                       0                          NaN 
OP_CAT_PREFETCH_T1_CORE_7                                       0                          NaN 
OP_CAT_PREFETCH_T2_CORE_7                                       0                          NaN 
OP_CAT_TR_MEM_LD_LM_CORE_7                                      0                          NaN 
OP_CAT_TR_MEM_LD_SM_CORE_7                                      0                          NaN 
OP_CAT_TR_MEM_LD_GM_CORE_7                                      0                          NaN 
OP_CAT_TR_MEM_ST_LM_CORE_7                                      0                          NaN 
OP_CAT_TR_MEM_ST_SM_CORE_7                                      0                          NaN 
OP_CAT_TR_MEM_ST_GM_CORE_7                                      0                          NaN 
OP_CAT_TR_DATA_XFER_LM_CORE_7                                   0                          NaN 
OP_CAT_TR_DATA_XFER_SM_CORE_7                                   0                          NaN 
OP_CAT_TR_DATA_XFER_GM_CORE_7                                   0                          NaN 
OP_CAT_TR_LAST_CORE_7                                           0                          NaN 
                                                                0                           100%

