####################################################################################################
Interval
####################################################################################################

AVG_MEMORY_LATENCY_BASE                                   4651096                       4651096

AVG_MEMORY_LATENCY                                       78524352                        16.883

MSHR_FULL                                                       0                             0

TOTAL_MEMORY                                              4651096                       4651096

TOTAL_MEMORY_MERGE                                              0                             0

TOTAL_WB                                                        0                             0

L1_WB                                                           0                           NaN

L2_WB                                                           0                           NaN

L3_WB                                                           0                           NaN

TOTAL_DRAM                                                      0                             0

TOTAL_DRAM_MERGE                                                0                           NaN

L1_HIT_CPU                                                      0                             0

L1_HIT_GPU                                                      0                             0

L1_MISS_CPU                                                     0                             0

L1_MISS_GPU                                                     0                             0

L2_HIT_CPU                                                      0                             0

L2_HIT_GPU                                                      0                             0

L2_MISS_CPU                                                     0                             0

L2_MISS_GPU                                                     0                             0

L3_HIT_CPU                                                      0                             0

L3_HIT_GPU                                                      0                             0

L3_MISS_CPU                                                     0                             0

L3_MISS_GPU                                                     0                             0

L3_HIT_PROMOTION_CPU                                            0                             0

L3_HIT_PROMOTION_GPU                                            0                             0

FETCH_THREAD_SKIP_LD_WAIT                                       0                             0

FETCH_THREAD_SKIP_BR_WAIT                                       0                             0

FETCH_THREAD_SKIP_SCHED_WAIT                                    0                             0

NUM_MUL_TRANS_CM_TM_DM_INST                                     0                             0

NUM_MUL_TRANS_CM_TM_DM                                          0                           NaN

CONST_CACHE_HIT                                                 0                             0

CONST_CACHE_MISS                                                0                             0

CONST_CACHE_MISS_NO_EXECUTE                                     0                             0

CONST_CACHE_ACCESS                                              0                             0

TEXTURE_CACHE_HIT                                               0                             0

TEXTURE_CACHE_MISS                                              0                             0

TEXTURE_CACHE_NO_EXECUTE                                        0                             0

TEXTURE_CACHE_ACCESS                                            0                             0

SHARED_MEM_INST                                                 0                             0

SHARED_MEM_ACCESS                                               0                             0

CACHE_BANK_BUSY                                                 0                             0

ICACHE_MISS_TOTAL                                               0                             0

TOTAL_CAGE_PERIOD                                               0                             0

TOTAL_CAGE_APPL0                                                0                           NaN

TOTAL_CAGE_APPL1                                                0                           NaN

TOTAL_CAGE_APPL2                                                0                           NaN

TOTAL_CAGE_APPL3                                                0                           NaN

TOTAL_CAGE_APPL4                                                0                           NaN

ABIP_AVG_RATIO_BASE                                             0                             0

ABIP_AVG_RATIO                                                  0                           NaN

COAL_INST                                                       0                          NaN 
UNCOAL_INST                                                     0                          NaN 
                                                                0                           100%

COAL_INST_SINGLE_TRANS                                          0                          NaN 
COAL_INST_MUL_TRANS                                             0                          NaN 
UNCOAL_INST_MUL_TRANS                                           0                          NaN 
                                                                0                           100%

SM_COAL_INST                                                    0                          NaN 
CM_COAL_INST                                                    0                          NaN 
TM_COAL_INST                                                    0                          NaN 
DM_COAL_INST                                                    0                          NaN 
                                                                0                           100%

SM_UNCOAL_INST                                                  0                          NaN 
CM_UNCOAL_INST                                                  0                          NaN 
TM_UNCOAL_INST                                                  0                          NaN 
DM_UNCOAL_INST                                                  0                          NaN 
                                                                0                           100%

SM_COAL_INST_SINGLE_TRANS                                       0                          NaN 
CM_COAL_INST_SINGLE_TRANS                                       0                          NaN 
TM_COAL_INST_SINGLE_TRANS                                       0                          NaN 
DM_COAL_INST_SINGLE_TRANS                                       0                          NaN 
                                                                0                           100%

SM_COAL_INST_MUL_TRANS                                          0                          NaN 
CM_COAL_INST_MUL_TRANS                                          0                          NaN 
TM_COAL_INST_MUL_TRANS                                          0                          NaN 
DM_COAL_INST_MUL_TRANS                                          0                          NaN 
                                                                0                           100%

LD_NO_FORWARD                                             2467537                       32.7831%
FORWARDED_LD                                              5059325                       67.2169%
                                                          7526862                           100%

MEM_STALL_CYCLE_CORE_0                                          0                             0

ICACHE_FILL_CORE_0                                              0                             0

ICACHE_HIT_CORE_0                                             475                           100%
ICACHE_MISS_CORE_0                                              0                             0%
                                                              475                           100%

MEM_STALL_CYCLE_CORE_1                                          0                             0

ICACHE_FILL_CORE_1                                              0                             0

ICACHE_HIT_CORE_1                                               0                          NaN 
ICACHE_MISS_CORE_1                                              0                          NaN 
                                                                0                           100%

MEM_STALL_CYCLE_CORE_2                                          0                             0

ICACHE_FILL_CORE_2                                              0                             0

ICACHE_HIT_CORE_2                                          138632                       99.9849%
ICACHE_MISS_CORE_2                                             21                     0.0151457%
                                                           138653                           100%

MEM_STALL_CYCLE_CORE_3                                          0                             0

ICACHE_FILL_CORE_3                                              0                             0

ICACHE_HIT_CORE_3                                           33691                        99.997%
ICACHE_MISS_CORE_3                                              1                    0.00296806%
                                                            33692                           100%

MEM_STALL_CYCLE_CORE_4                                          0                             0

ICACHE_FILL_CORE_4                                              0                             0

ICACHE_HIT_CORE_4                                               0                          NaN 
ICACHE_MISS_CORE_4                                              0                          NaN 
                                                                0                           100%

MEM_STALL_CYCLE_CORE_5                                          0                             0

ICACHE_FILL_CORE_5                                              0                             0

ICACHE_HIT_CORE_5                                               0                          NaN 
ICACHE_MISS_CORE_5                                              0                          NaN 
                                                                0                           100%

MEM_STALL_CYCLE_CORE_6                                          0                             0

ICACHE_FILL_CORE_6                                              0                             0

ICACHE_HIT_CORE_6                                               0                          NaN 
ICACHE_MISS_CORE_6                                              0                          NaN 
                                                                0                           100%

MEM_STALL_CYCLE_CORE_7                                          0                             0

ICACHE_FILL_CORE_7                                              0                             0

ICACHE_HIT_CORE_7                                               0                          NaN 
ICACHE_MISS_CORE_7                                              0                          NaN 
                                                                0                           100%

