####################################################################################################
Interval
####################################################################################################

POWER_L3CACHE_LINEFILL_BUF_R                                    0                             0

POWER_L3CACHE_LINEFILL_BUF_W                                    0                             0

POWER_L3CACHE_LINEFILL_BUF_R_TAG                                0                             0

POWER_L3CACHE_WB_BUF_R                                          0                             0

POWER_L3CACHE_WB_BUF_W                                          0                             0

POWER_L3CACHE_WB_BUF_R_TAG                                      0                             0

POWER_L3CACHE_R                                                 0                             0

POWER_L3CACHE_W                                                 0                             0

POWER_L3CACHE_R_TAG                                             0                             0

POWER_MC_R                                                      0                             0

POWER_MC_W                                                      0                             0

POWER_BLOCK_STATES_R_CORE_0                                  7074                          7074

POWER_BLOCK_STATES_W_CORE_0                                  7074                          7074

POWER_FETCH_QUEUE_R_CORE_0                                   1907                          1907

POWER_FETCH_QUEUE_W_CORE_0                                   1907                          1907

POWER_INST_QUEUE_R_CORE_0                                    5721                          5721

POWER_INST_QUEUE_W_CORE_0                                    1907                          1907

POWER_BR_PRED_R_CORE_0                                        241                           241

POWER_BR_PRED_W_CORE_0                                        225                           225

POWER_RAS_R_CORE_0                                             44                            44

POWER_RAS_W_CORE_0                                             24                            24

POWER_ICACHE_R_CORE_0                                         477                           477

POWER_ICACHE_W_CORE_0                                           0                             0

POWER_ICACHE_R_TAG_CORE_0                                     475                           475

POWER_ICACHE_MISS_BUF_R_CORE_0                                  0                             0

POWER_ICACHE_MISS_BUF_W_CORE_0                                  0                             0

POWER_ICACHE_MISS_BUF_R_TAG_CORE_0                              0                             0

POWER_ICACHE_MISS_BUF_W_TAG_CORE_0                              0                             0

POWER_ICACHE_TOT_ACC_CORE_0                                     0                             0

POWER_ICACHE_CONF_CORE_0                                        0                             0

POWER_INST_DECODER_R_CORE_0                                  1382                          1382

POWER_INST_DECODER_W_CORE_0                                     0                             0

POWER_MICRO_OP_SEQ_R_CORE_0                                     0                             0

POWER_MICRO_OP_SEQ_W_CORE_0                                     0                             0

POWER_OPERAND_DECODER_R_CORE_0                               1382                          1382

POWER_OPERAND_DECODER_W_CORE_0                                  0                             0

POWER_UOP_QUEUE_R_CORE_0                                     5721                          5721

POWER_UOP_QUEUE_W_CORE_0                                     1907                          1907

POWER_REG_RENAMING_TABLE_R_CORE_0                            5721                          5721

POWER_REG_RENAMING_TABLE_W_CORE_0                            1907                          1907

POWER_DEP_CHECK_LOGIC_R_CORE_0                               1907                          1907

POWER_FREELIST_R_CORE_0                                      5721                          5721

POWER_FREELIST_W_CORE_0                                      1907                          1907

POWER_RESERVATION_STATION_R_CORE_0                          15181                         15181

POWER_RESERVATION_STATION_W_CORE_0                           1907                          1907

POWER_RESERVATION_STATION_R_TAG_CORE_0                      15181                         15181

POWER_RESERVATION_STATION_W_TAG_CORE_0                          0                             0

POWER_INST_ISSUE_SEL_LOGIC_R_CORE_0                         15181                         15181

POWER_INST_ISSUE_SEL_LOGIC_W_CORE_0                          1907                          1907

POWER_PAYLOAD_RAM_R_CORE_0                                  15181                         15181

POWER_PAYLOAD_RAM_W_CORE_0                                   1907                          1907

POWER_EX_ALU_R_CORE_0                                        1262                          1262

POWER_EX_FPU_R_CORE_0                                           0                             0

POWER_EX_MUL_R_CORE_0                                          24                            24

POWER_EX_SFU_R_CORE_0                                           0                             0

POWER_REORDER_BUF_R_CORE_0                                   1907                          1907

POWER_REORDER_BUF_W_CORE_0                                   3814                          3814

POWER_INST_COMMIT_SEL_LOGIC_R_CORE_0                         1907                          1907

POWER_INST_COMMIT_SEL_LOGIC_W_CORE_0                         1907                          1907

POWER_FP_RENAME_R_CORE_0                                        0                             0

POWER_FP_RENAME_W_CORE_0                                        0                             0

POWER_LOAD_QUEUE_R_CORE_0                                    2647                          2647

POWER_LOAD_QUEUE_W_CORE_0                                    2647                          2647

POWER_LOAD_QUEUE_R_TAG_CORE_0                                2647                          2647

POWER_LOAD_QUEUE_W_TAG_CORE_0                                   0                             0

POWER_STORE_QUEUE_R_CORE_0                                  11248                         11248

POWER_STORE_QUEUE_W_CORE_0                                  11248                         11248

POWER_STORE_QUEUE_R_TAG_CORE_0                              11248                         11248

POWER_STORE_QUEUE_W_TAG_CORE_0                                  0                             0

POWER_DATA_TLB_R_CORE_0                                      2647                          2647

POWER_DATA_TLB_W_CORE_0                                         0                             0

POWER_DATA_TLB_R_TAG_CORE_0                                     0                             0

POWER_DATA_TLB_W_TAG_CORE_0                                     0                             0

POWER_INT_REGFILE_R_CORE_0                                   3193                          3193

POWER_INT_REGFILE_W_CORE_0                                   1907                          1907

POWER_FP_REGFILE_R_CORE_0                                       0                             0

POWER_FP_REGFILE_W_CORE_0                                       0                             0

POWER_GP_REGISTER_R_CORE_0                                   3193                          3193

POWER_GP_REGISTER_W_CORE_0                                   1907                          1907

POWER_FP_REGISTER_R_CORE_0                                      0                             0

POWER_FP_REGISTER_W_CORE_0                                      0                             0

POWER_SEGMENT_REGISTER_R_CORE_0                               621                           621

POWER_SEGMENT_REGISTER_W_CORE_0                              1236                          1236

POWER_CONTROL_REGISTER_R_CORE_0                                 0                             0

POWER_CONTROL_REGISTER_W_CORE_0                                64                            64

POWER_FLAG_REGISTER_R_CORE_0                                    0                             0

POWER_FLAG_REGISTER_W_CORE_0                                  524                           524

POWER_EXEC_BYPASS_CORE_0                                     1907                          1907

POWER_LOAD_BYPASS_CORE_0                                        0                             0

POWER_PIPELINE_CORE_0                                        1382                          1382

POWER_DCACHE_MISS_BUF_R_CORE_0                                  0                             0

POWER_DCACHE_MISS_BUF_R_TAG_CORE_0                            621                           621

POWER_DCACHE_MISS_BUF_W_CORE_0                                621                           621

POWER_DCACHE_MISS_BUF_W_TAG_CORE_0                              0                             0

POWER_DCACHE_LINEFILL_BUF_R_CORE_0                              0                             0

POWER_L2CACHE_LINEFILL_BUF_R_CORE_0                             0                             0

POWER_DCACHE_LINEFILL_BUF_W_CORE_0                              0                             0

POWER_L2CACHE_LINEFILL_BUF_W_CORE_0                             0                             0

POWER_DCACHE_LINEFILL_BUF_R_TAG_CORE_0                          0                             0

POWER_L2CACHE_LINEFILL_BUF_R_TAG_CORE_0                         0                             0

POWER_DCACHE_LINEFILL_BUF_W_TAG_CORE_0                          0                             0

POWER_DCACHE_WB_BUF_R_CORE_0                                    0                             0

POWER_L2CACHE_WB_BUF_R_CORE_0                                   0                             0

POWER_DCACHE_WB_BUF_W_CORE_0                                    0                             0

POWER_L2CACHE_WB_BUF_W_CORE_0                                   0                             0

POWER_DCACHE_WB_BUF_R_TAG_CORE_0                                0                             0

POWER_L2CACHE_WB_BUF_R_TAG_CORE_0                               0                             0

POWER_DCACHE_WB_BUF_W_TAG_CORE_0                                0                             0

POWER_DCACHE_R_CORE_0                                           0                             0

POWER_L2CACHE_R_CORE_0                                          0                             0

POWER_DCACHE_W_CORE_0                                           0                             0

POWER_L2CACHE_W_CORE_0                                          0                             0

POWER_DCACHE_R_TAG_CORE_0                                       0                             0

POWER_L2CACHE_R_TAG_CORE_0                                      0                             0

POWER_CONST_CACHE_R_CORE_0                                      0                             0

POWER_CONST_CACHE_W_CORE_0                                      0                             0

POWER_CONST_CACHE_R_TAG_CORE_0                                  0                             0

POWER_CONST_CACHE_W_TAG_CORE_0                                  0                             0

POWER_TEXTURE_CACHE_R_CORE_0                                    0                             0

POWER_TEXTURE_CACHE_W_CORE_0                                    0                             0

POWER_TEXTURE_CACHE_R_TAG_CORE_0                                0                             0

POWER_TEXTURE_CACHE_W_TAG_CORE_0                                0                             0

POWER_SHARED_MEM_R_CORE_0                                       0                             0

POWER_SHARED_MEM_W_CORE_0                                       0                             0

POWER_SHARED_MEM_R_TAG_CORE_0                                   0                             0

POWER_SHARED_MEM_W_TAG_CORE_0                                   0                             0

POWER_BLOCK_STATES_R_CORE_1                                     0                             0

POWER_BLOCK_STATES_W_CORE_1                                     0                             0

POWER_FETCH_QUEUE_R_CORE_1                                      0                             0

POWER_FETCH_QUEUE_W_CORE_1                                      0                             0

POWER_INST_QUEUE_R_CORE_1                                       0                             0

POWER_INST_QUEUE_W_CORE_1                                       0                             0

POWER_BR_PRED_R_CORE_1                                          0                             0

POWER_BR_PRED_W_CORE_1                                          0                             0

POWER_RAS_R_CORE_1                                              0                             0

POWER_RAS_W_CORE_1                                              0                             0

POWER_ICACHE_R_CORE_1                                           0                             0

POWER_ICACHE_W_CORE_1                                           0                             0

POWER_ICACHE_R_TAG_CORE_1                                       0                             0

POWER_ICACHE_MISS_BUF_R_CORE_1                                  0                             0

POWER_ICACHE_MISS_BUF_W_CORE_1                                  0                             0

POWER_ICACHE_MISS_BUF_R_TAG_CORE_1                              0                             0

POWER_ICACHE_MISS_BUF_W_TAG_CORE_1                              0                             0

POWER_ICACHE_TOT_ACC_CORE_1                                     0                             0

POWER_ICACHE_CONF_CORE_1                                        0                             0

POWER_INST_DECODER_R_CORE_1                                     0                             0

POWER_INST_DECODER_W_CORE_1                                     0                             0

POWER_MICRO_OP_SEQ_R_CORE_1                                     0                             0

POWER_MICRO_OP_SEQ_W_CORE_1                                     0                             0

POWER_OPERAND_DECODER_R_CORE_1                                  0                             0

POWER_OPERAND_DECODER_W_CORE_1                                  0                             0

POWER_UOP_QUEUE_R_CORE_1                                        0                             0

POWER_UOP_QUEUE_W_CORE_1                                        0                             0

POWER_REG_RENAMING_TABLE_R_CORE_1                               0                             0

POWER_REG_RENAMING_TABLE_W_CORE_1                               0                             0

POWER_DEP_CHECK_LOGIC_R_CORE_1                                  0                             0

POWER_FREELIST_R_CORE_1                                         0                             0

POWER_FREELIST_W_CORE_1                                         0                             0

POWER_RESERVATION_STATION_R_CORE_1                              0                             0

POWER_RESERVATION_STATION_W_CORE_1                              0                             0

POWER_RESERVATION_STATION_R_TAG_CORE_1                          0                             0

POWER_RESERVATION_STATION_W_TAG_CORE_1                          0                             0

POWER_INST_ISSUE_SEL_LOGIC_R_CORE_1                             0                             0

POWER_INST_ISSUE_SEL_LOGIC_W_CORE_1                             0                             0

POWER_PAYLOAD_RAM_R_CORE_1                                      0                             0

POWER_PAYLOAD_RAM_W_CORE_1                                      0                             0

POWER_EX_ALU_R_CORE_1                                           0                             0

POWER_EX_FPU_R_CORE_1                                           0                             0

POWER_EX_MUL_R_CORE_1                                           0                             0

POWER_EX_SFU_R_CORE_1                                           0                             0

POWER_REORDER_BUF_R_CORE_1                                      0                             0

POWER_REORDER_BUF_W_CORE_1                                      0                             0

POWER_INST_COMMIT_SEL_LOGIC_R_CORE_1                            0                             0

POWER_INST_COMMIT_SEL_LOGIC_W_CORE_1                            0                             0

POWER_FP_RENAME_R_CORE_1                                        0                             0

POWER_FP_RENAME_W_CORE_1                                        0                             0

POWER_LOAD_QUEUE_R_CORE_1                                       0                             0

POWER_LOAD_QUEUE_W_CORE_1                                       0                             0

POWER_LOAD_QUEUE_R_TAG_CORE_1                                   0                             0

POWER_LOAD_QUEUE_W_TAG_CORE_1                                   0                             0

POWER_STORE_QUEUE_R_CORE_1                                      0                             0

POWER_STORE_QUEUE_W_CORE_1                                      0                             0

POWER_STORE_QUEUE_R_TAG_CORE_1                                  0                             0

POWER_STORE_QUEUE_W_TAG_CORE_1                                  0                             0

POWER_DATA_TLB_R_CORE_1                                         0                             0

POWER_DATA_TLB_W_CORE_1                                         0                             0

POWER_DATA_TLB_R_TAG_CORE_1                                     0                             0

POWER_DATA_TLB_W_TAG_CORE_1                                     0                             0

POWER_INT_REGFILE_R_CORE_1                                      0                             0

POWER_INT_REGFILE_W_CORE_1                                      0                             0

POWER_FP_REGFILE_R_CORE_1                                       0                             0

POWER_FP_REGFILE_W_CORE_1                                       0                             0

POWER_GP_REGISTER_R_CORE_1                                      0                             0

POWER_GP_REGISTER_W_CORE_1                                      0                             0

POWER_FP_REGISTER_R_CORE_1                                      0                             0

POWER_FP_REGISTER_W_CORE_1                                      0                             0

POWER_SEGMENT_REGISTER_R_CORE_1                                 0                             0

POWER_SEGMENT_REGISTER_W_CORE_1                                 0                             0

POWER_CONTROL_REGISTER_R_CORE_1                                 0                             0

POWER_CONTROL_REGISTER_W_CORE_1                                 0                             0

POWER_FLAG_REGISTER_R_CORE_1                                    0                             0

POWER_FLAG_REGISTER_W_CORE_1                                    0                             0

POWER_EXEC_BYPASS_CORE_1                                        0                             0

POWER_LOAD_BYPASS_CORE_1                                        0                             0

POWER_PIPELINE_CORE_1                                           0                             0

POWER_DCACHE_MISS_BUF_R_CORE_1                                  0                             0

POWER_DCACHE_MISS_BUF_R_TAG_CORE_1                              0                             0

POWER_DCACHE_MISS_BUF_W_CORE_1                                  0                             0

POWER_DCACHE_MISS_BUF_W_TAG_CORE_1                              0                             0

POWER_DCACHE_LINEFILL_BUF_R_CORE_1                              0                             0

POWER_L2CACHE_LINEFILL_BUF_R_CORE_1                             0                             0

POWER_DCACHE_LINEFILL_BUF_W_CORE_1                              0                             0

POWER_L2CACHE_LINEFILL_BUF_W_CORE_1                             0                             0

POWER_DCACHE_LINEFILL_BUF_R_TAG_CORE_1                          0                             0

POWER_L2CACHE_LINEFILL_BUF_R_TAG_CORE_1                         0                             0

POWER_DCACHE_LINEFILL_BUF_W_TAG_CORE_1                          0                             0

POWER_DCACHE_WB_BUF_R_CORE_1                                    0                             0

POWER_L2CACHE_WB_BUF_R_CORE_1                                   0                             0

POWER_DCACHE_WB_BUF_W_CORE_1                                    0                             0

POWER_L2CACHE_WB_BUF_W_CORE_1                                   0                             0

POWER_DCACHE_WB_BUF_R_TAG_CORE_1                                0                             0

POWER_L2CACHE_WB_BUF_R_TAG_CORE_1                               0                             0

POWER_DCACHE_WB_BUF_W_TAG_CORE_1                                0                             0

POWER_DCACHE_R_CORE_1                                           0                             0

POWER_L2CACHE_R_CORE_1                                          0                             0

POWER_DCACHE_W_CORE_1                                           0                             0

POWER_L2CACHE_W_CORE_1                                          0                             0

POWER_DCACHE_R_TAG_CORE_1                                       0                             0

POWER_L2CACHE_R_TAG_CORE_1                                      0                             0

POWER_CONST_CACHE_R_CORE_1                                      0                             0

POWER_CONST_CACHE_W_CORE_1                                      0                             0

POWER_CONST_CACHE_R_TAG_CORE_1                                  0                             0

POWER_CONST_CACHE_W_TAG_CORE_1                                  0                             0

POWER_TEXTURE_CACHE_R_CORE_1                                    0                             0

POWER_TEXTURE_CACHE_W_CORE_1                                    0                             0

POWER_TEXTURE_CACHE_R_TAG_CORE_1                                0                             0

POWER_TEXTURE_CACHE_W_TAG_CORE_1                                0                             0

POWER_SHARED_MEM_R_CORE_1                                       0                             0

POWER_SHARED_MEM_W_CORE_1                                       0                             0

POWER_SHARED_MEM_R_TAG_CORE_1                                   0                             0

POWER_SHARED_MEM_W_TAG_CORE_1                                   0                             0

POWER_BLOCK_STATES_R_CORE_2                              49392471                      49392471

POWER_BLOCK_STATES_W_CORE_2                              49392471                      49392471

POWER_FETCH_QUEUE_R_CORE_2                               20083617                      20083617

POWER_FETCH_QUEUE_W_CORE_2                               20083617                      20083617

POWER_INST_QUEUE_R_CORE_2                                20083919                      20083919

POWER_INST_QUEUE_W_CORE_2                                20083617                      20083617

POWER_BR_PRED_R_CORE_2                                    2978541                       2978541

POWER_BR_PRED_W_CORE_2                                    2209081                       2209081

POWER_RAS_R_CORE_2                                          25852                         25852

POWER_RAS_W_CORE_2                                          46657                         46657

POWER_ICACHE_R_CORE_2                                      138632                        138632

POWER_ICACHE_W_CORE_2                                           0                             0

POWER_ICACHE_R_TAG_CORE_2                                  138632                        138632

POWER_ICACHE_MISS_BUF_R_CORE_2                                  0                             0

POWER_ICACHE_MISS_BUF_W_CORE_2                                  0                             0

POWER_ICACHE_MISS_BUF_R_TAG_CORE_2                              0                             0

POWER_ICACHE_MISS_BUF_W_TAG_CORE_2                              0                             0

POWER_ICACHE_TOT_ACC_CORE_2                                     0                             0

POWER_ICACHE_CONF_CORE_2                                        0                             0

POWER_INST_DECODER_R_CORE_2                              11941231                      11941231

POWER_INST_DECODER_W_CORE_2                                     0                             0

POWER_MICRO_OP_SEQ_R_CORE_2                                     0                             0

POWER_MICRO_OP_SEQ_W_CORE_2                                     0                             0

POWER_OPERAND_DECODER_R_CORE_2                           11941231                      11941231

POWER_OPERAND_DECODER_W_CORE_2                                  0                             0

POWER_UOP_QUEUE_R_CORE_2                                 20083919                      20083919

POWER_UOP_QUEUE_W_CORE_2                                 20083617                      20083617

POWER_REG_RENAMING_TABLE_R_CORE_2                        20083919                      20083919

POWER_REG_RENAMING_TABLE_W_CORE_2                        20083617                      20083617

POWER_DEP_CHECK_LOGIC_R_CORE_2                           20083617                      20083617

POWER_FREELIST_R_CORE_2                                  20083919                      20083919

POWER_FREELIST_W_CORE_2                                  20083617                      20083617

POWER_RESERVATION_STATION_R_CORE_2                      108913849                     108913849

POWER_RESERVATION_STATION_W_CORE_2                       20083617                      20083617

POWER_RESERVATION_STATION_R_TAG_CORE_2                  108913849                     108913849

POWER_RESERVATION_STATION_W_TAG_CORE_2                          0                             0

POWER_INST_ISSUE_SEL_LOGIC_R_CORE_2                     108913849                     108913849

POWER_INST_ISSUE_SEL_LOGIC_W_CORE_2                      20083617                      20083617

POWER_PAYLOAD_RAM_R_CORE_2                              108913849                     108913849

POWER_PAYLOAD_RAM_W_CORE_2                               20083617                      20083617

POWER_EX_ALU_R_CORE_2                                    12526315                      12526315

POWER_EX_FPU_R_CORE_2                                           0                             0

POWER_EX_MUL_R_CORE_2                                           0                             0

POWER_EX_SFU_R_CORE_2                                           0                             0

POWER_REORDER_BUF_R_CORE_2                               20083617                      20083617

POWER_REORDER_BUF_W_CORE_2                               40167234                      40167234

POWER_INST_COMMIT_SEL_LOGIC_R_CORE_2                     20083617                      20083617

POWER_INST_COMMIT_SEL_LOGIC_W_CORE_2                     20083617                      20083617

POWER_FP_RENAME_R_CORE_2                                        0                             0

POWER_FP_RENAME_W_CORE_2                                        0                             0

POWER_LOAD_QUEUE_R_CORE_2                                44586338                      44586338

POWER_LOAD_QUEUE_W_CORE_2                                44586338                      44586338

POWER_LOAD_QUEUE_R_TAG_CORE_2                            44586338                      44586338

POWER_LOAD_QUEUE_W_TAG_CORE_2                                   0                             0

POWER_STORE_QUEUE_R_CORE_2                               47506298                      47506298

POWER_STORE_QUEUE_W_CORE_2                               47506298                      47506298

POWER_STORE_QUEUE_R_TAG_CORE_2                           47506298                      47506298

POWER_STORE_QUEUE_W_TAG_CORE_2                                  0                             0

POWER_DATA_TLB_R_CORE_2                                  44586338                      44586338

POWER_DATA_TLB_W_CORE_2                                         0                             0

POWER_DATA_TLB_R_TAG_CORE_2                                     0                             0

POWER_DATA_TLB_W_TAG_CORE_2                                     0                             0

POWER_INT_REGFILE_R_CORE_2                               32609932                      32609932

POWER_INT_REGFILE_W_CORE_2                               20083617                      20083617

POWER_FP_REGFILE_R_CORE_2                                       0                             0

POWER_FP_REGFILE_W_CORE_2                                       0                             0

POWER_GP_REGISTER_R_CORE_2                               32609932                      32609932

POWER_GP_REGISTER_W_CORE_2                               20083617                      20083617

POWER_FP_REGISTER_R_CORE_2                                      0                             0

POWER_FP_REGISTER_W_CORE_2                                      0                             0

POWER_SEGMENT_REGISTER_R_CORE_2                           7557302                       7557302

POWER_SEGMENT_REGISTER_W_CORE_2                          13747585                      13747585

POWER_CONTROL_REGISTER_R_CORE_2                                 0                             0

POWER_CONTROL_REGISTER_W_CORE_2                            247585                        247585

POWER_FLAG_REGISTER_R_CORE_2                                    0                             0

POWER_FLAG_REGISTER_W_CORE_2                              5281111                       5281111

POWER_EXEC_BYPASS_CORE_2                                 20083617                      20083617

POWER_LOAD_BYPASS_CORE_2                                        0                             0

POWER_PIPELINE_CORE_2                                    11941231                      11941231

POWER_DCACHE_MISS_BUF_R_CORE_2                                  0                             0

POWER_DCACHE_MISS_BUF_R_TAG_CORE_2                        3262404                       3262404

POWER_DCACHE_MISS_BUF_W_CORE_2                            3262404                       3262404

POWER_DCACHE_MISS_BUF_W_TAG_CORE_2                              0                             0

POWER_DCACHE_LINEFILL_BUF_R_CORE_2                              0                             0

POWER_L2CACHE_LINEFILL_BUF_R_CORE_2                             0                             0

POWER_DCACHE_LINEFILL_BUF_W_CORE_2                              0                             0

POWER_L2CACHE_LINEFILL_BUF_W_CORE_2                             0                             0

POWER_DCACHE_LINEFILL_BUF_R_TAG_CORE_2                          0                             0

POWER_L2CACHE_LINEFILL_BUF_R_TAG_CORE_2                         0                             0

POWER_DCACHE_LINEFILL_BUF_W_TAG_CORE_2                          0                             0

POWER_DCACHE_WB_BUF_R_CORE_2                                    0                             0

POWER_L2CACHE_WB_BUF_R_CORE_2                                   0                             0

POWER_DCACHE_WB_BUF_W_CORE_2                                    0                             0

POWER_L2CACHE_WB_BUF_W_CORE_2                                   0                             0

POWER_DCACHE_WB_BUF_R_TAG_CORE_2                                0                             0

POWER_L2CACHE_WB_BUF_R_TAG_CORE_2                               0                             0

POWER_DCACHE_WB_BUF_W_TAG_CORE_2                                0                             0

POWER_DCACHE_R_CORE_2                                           0                             0

POWER_L2CACHE_R_CORE_2                                          0                             0

POWER_DCACHE_W_CORE_2                                           0                             0

POWER_L2CACHE_W_CORE_2                                          0                             0

POWER_DCACHE_R_TAG_CORE_2                                       0                             0

POWER_L2CACHE_R_TAG_CORE_2                                      0                             0

POWER_CONST_CACHE_R_CORE_2                                      0                             0

POWER_CONST_CACHE_W_CORE_2                                      0                             0

POWER_CONST_CACHE_R_TAG_CORE_2                                  0                             0

POWER_CONST_CACHE_W_TAG_CORE_2                                  0                             0

POWER_TEXTURE_CACHE_R_CORE_2                                    0                             0

POWER_TEXTURE_CACHE_W_CORE_2                                    0                             0

POWER_TEXTURE_CACHE_R_TAG_CORE_2                                0                             0

POWER_TEXTURE_CACHE_W_TAG_CORE_2                                0                             0

POWER_SHARED_MEM_R_CORE_2                                       0                             0

POWER_SHARED_MEM_W_CORE_2                                       0                             0

POWER_SHARED_MEM_R_TAG_CORE_2                                   0                             0

POWER_SHARED_MEM_W_TAG_CORE_2                                   0                             0

POWER_BLOCK_STATES_R_CORE_3                               5962918                       5962918

POWER_BLOCK_STATES_W_CORE_3                               5962918                       5962918

POWER_FETCH_QUEUE_R_CORE_3                                5431944                       5431944

POWER_FETCH_QUEUE_W_CORE_3                                5431944                       5431944

POWER_INST_QUEUE_R_CORE_3                                 5445935                       5445935

POWER_INST_QUEUE_W_CORE_3                                 5431944                       5431944

POWER_BR_PRED_R_CORE_3                                     141181                        141181

POWER_BR_PRED_W_CORE_3                                      97749                         97749

POWER_RAS_R_CORE_3                                          79861                         79861

POWER_RAS_W_CORE_3                                          39489                         39489

POWER_ICACHE_R_CORE_3                                       33691                         33691

POWER_ICACHE_W_CORE_3                                           0                             0

POWER_ICACHE_R_TAG_CORE_3                                   33691                         33691

POWER_ICACHE_MISS_BUF_R_CORE_3                                  0                             0

POWER_ICACHE_MISS_BUF_W_CORE_3                                  0                             0

POWER_ICACHE_MISS_BUF_R_TAG_CORE_3                              0                             0

POWER_ICACHE_MISS_BUF_W_TAG_CORE_3                              0                             0

POWER_ICACHE_TOT_ACC_CORE_3                                     0                             0

POWER_ICACHE_CONF_CORE_3                                        0                             0

POWER_INST_DECODER_R_CORE_3                               4295231                       4295231

POWER_INST_DECODER_W_CORE_3                                     0                             0

POWER_MICRO_OP_SEQ_R_CORE_3                                     0                             0

POWER_MICRO_OP_SEQ_W_CORE_3                                     0                             0

POWER_OPERAND_DECODER_R_CORE_3                            4295231                       4295231

POWER_OPERAND_DECODER_W_CORE_3                                  0                             0

POWER_UOP_QUEUE_R_CORE_3                                  5445935                       5445935

POWER_UOP_QUEUE_W_CORE_3                                  5431944                       5431944

POWER_REG_RENAMING_TABLE_R_CORE_3                         5445935                       5445935

POWER_REG_RENAMING_TABLE_W_CORE_3                         5431944                       5431944

POWER_DEP_CHECK_LOGIC_R_CORE_3                            5431944                       5431944

POWER_FREELIST_R_CORE_3                                   5445935                       5445935

POWER_FREELIST_W_CORE_3                                   5431944                       5431944

POWER_RESERVATION_STATION_R_CORE_3                       38183386                      38183386

POWER_RESERVATION_STATION_W_CORE_3                        5431944                       5431944

POWER_RESERVATION_STATION_R_TAG_CORE_3                   38183386                      38183386

POWER_RESERVATION_STATION_W_TAG_CORE_3                          0                             0

POWER_INST_ISSUE_SEL_LOGIC_R_CORE_3                      38183386                      38183386

POWER_INST_ISSUE_SEL_LOGIC_W_CORE_3                       5431944                       5431944

POWER_PAYLOAD_RAM_R_CORE_3                               38183386                      38183386

POWER_PAYLOAD_RAM_W_CORE_3                                5431944                       5431944

POWER_EX_ALU_R_CORE_3                                     2304827                       2304827

POWER_EX_FPU_R_CORE_3                                      848095                        848095

POWER_EX_MUL_R_CORE_3                                       69984                         69984

POWER_EX_SFU_R_CORE_3                                           0                             0

POWER_REORDER_BUF_R_CORE_3                                5431944                       5431944

POWER_REORDER_BUF_W_CORE_3                               10863888                      10863888

POWER_INST_COMMIT_SEL_LOGIC_R_CORE_3                      5431944                       5431944

POWER_INST_COMMIT_SEL_LOGIC_W_CORE_3                      5431944                       5431944

POWER_FP_RENAME_R_CORE_3                                  1534949                       1534949

POWER_FP_RENAME_W_CORE_3                                        0                             0

POWER_LOAD_QUEUE_R_CORE_3                                17719310                      17719310

POWER_LOAD_QUEUE_W_CORE_3                                17719310                      17719310

POWER_LOAD_QUEUE_R_TAG_CORE_3                            17719310                      17719310

POWER_LOAD_QUEUE_W_TAG_CORE_3                                   0                             0

POWER_STORE_QUEUE_R_CORE_3                               16420203                      16420203

POWER_STORE_QUEUE_W_CORE_3                               16420203                      16420203

POWER_STORE_QUEUE_R_TAG_CORE_3                           16420203                      16420203

POWER_STORE_QUEUE_W_TAG_CORE_3                                  0                             0

POWER_DATA_TLB_R_CORE_3                                  17719310                      17719310

POWER_DATA_TLB_W_CORE_3                                         0                             0

POWER_DATA_TLB_R_TAG_CORE_3                                     0                             0

POWER_DATA_TLB_W_TAG_CORE_3                                     0                             0

POWER_INT_REGFILE_R_CORE_3                                6958660                       6958660

POWER_INT_REGFILE_W_CORE_3                                4583849                       4583849

POWER_FP_REGFILE_R_CORE_3                                 1551726                       1551726

POWER_FP_REGFILE_W_CORE_3                                  848095                        848095

POWER_GP_REGISTER_R_CORE_3                                6958660                       6958660

POWER_GP_REGISTER_W_CORE_3                                4583849                       4583849

POWER_FP_REGISTER_R_CORE_3                                1696190                       1696190

POWER_FP_REGISTER_W_CORE_3                                 848095                        848095

POWER_SEGMENT_REGISTER_R_CORE_3                           2209038                       2209038

POWER_SEGMENT_REGISTER_W_CORE_3                           4367457                       4367457

POWER_CONTROL_REGISTER_R_CORE_3                                 0                             0

POWER_CONTROL_REGISTER_W_CORE_3                            110356                        110356

POWER_FLAG_REGISTER_R_CORE_3                                    0                             0

POWER_FLAG_REGISTER_W_CORE_3                              1246061                       1246061

POWER_EXEC_BYPASS_CORE_3                                  5431944                       5431944

POWER_LOAD_BYPASS_CORE_3                                        0                             0

POWER_PIPELINE_CORE_3                                     4295231                       4295231

POWER_DCACHE_MISS_BUF_R_CORE_3                                  0                             0

POWER_DCACHE_MISS_BUF_R_TAG_CORE_3                        1388071                       1388071

POWER_DCACHE_MISS_BUF_W_CORE_3                            1388071                       1388071

POWER_DCACHE_MISS_BUF_W_TAG_CORE_3                              0                             0

POWER_DCACHE_LINEFILL_BUF_R_CORE_3                              0                             0

POWER_L2CACHE_LINEFILL_BUF_R_CORE_3                             0                             0

POWER_DCACHE_LINEFILL_BUF_W_CORE_3                              0                             0

POWER_L2CACHE_LINEFILL_BUF_W_CORE_3                             0                             0

POWER_DCACHE_LINEFILL_BUF_R_TAG_CORE_3                          0                             0

POWER_L2CACHE_LINEFILL_BUF_R_TAG_CORE_3                         0                             0

POWER_DCACHE_LINEFILL_BUF_W_TAG_CORE_3                          0                             0

POWER_DCACHE_WB_BUF_R_CORE_3                                    0                             0

POWER_L2CACHE_WB_BUF_R_CORE_3                                   0                             0

POWER_DCACHE_WB_BUF_W_CORE_3                                    0                             0

POWER_L2CACHE_WB_BUF_W_CORE_3                                   0                             0

POWER_DCACHE_WB_BUF_R_TAG_CORE_3                                0                             0

POWER_L2CACHE_WB_BUF_R_TAG_CORE_3                               0                             0

POWER_DCACHE_WB_BUF_W_TAG_CORE_3                                0                             0

POWER_DCACHE_R_CORE_3                                           0                             0

POWER_L2CACHE_R_CORE_3                                          0                             0

POWER_DCACHE_W_CORE_3                                           0                             0

POWER_L2CACHE_W_CORE_3                                          0                             0

POWER_DCACHE_R_TAG_CORE_3                                       0                             0

POWER_L2CACHE_R_TAG_CORE_3                                      0                             0

POWER_CONST_CACHE_R_CORE_3                                      0                             0

POWER_CONST_CACHE_W_CORE_3                                      0                             0

POWER_CONST_CACHE_R_TAG_CORE_3                                  0                             0

POWER_CONST_CACHE_W_TAG_CORE_3                                  0                             0

POWER_TEXTURE_CACHE_R_CORE_3                                    0                             0

POWER_TEXTURE_CACHE_W_CORE_3                                    0                             0

POWER_TEXTURE_CACHE_R_TAG_CORE_3                                0                             0

POWER_TEXTURE_CACHE_W_TAG_CORE_3                                0                             0

POWER_SHARED_MEM_R_CORE_3                                       0                             0

POWER_SHARED_MEM_W_CORE_3                                       0                             0

POWER_SHARED_MEM_R_TAG_CORE_3                                   0                             0

POWER_SHARED_MEM_W_TAG_CORE_3                                   0                             0

POWER_BLOCK_STATES_R_CORE_4                                     0                             0

POWER_BLOCK_STATES_W_CORE_4                                     0                             0

POWER_FETCH_QUEUE_R_CORE_4                                      0                             0

POWER_FETCH_QUEUE_W_CORE_4                                      0                             0

POWER_INST_QUEUE_R_CORE_4                                       0                             0

POWER_INST_QUEUE_W_CORE_4                                       0                             0

POWER_BR_PRED_R_CORE_4                                          0                             0

POWER_BR_PRED_W_CORE_4                                          0                             0

POWER_RAS_R_CORE_4                                              0                             0

POWER_RAS_W_CORE_4                                              0                             0

POWER_ICACHE_R_CORE_4                                           0                             0

POWER_ICACHE_W_CORE_4                                           0                             0

POWER_ICACHE_R_TAG_CORE_4                                       0                             0

POWER_ICACHE_MISS_BUF_R_CORE_4                                  0                             0

POWER_ICACHE_MISS_BUF_W_CORE_4                                  0                             0

POWER_ICACHE_MISS_BUF_R_TAG_CORE_4                              0                             0

POWER_ICACHE_MISS_BUF_W_TAG_CORE_4                              0                             0

POWER_ICACHE_TOT_ACC_CORE_4                                     0                             0

POWER_ICACHE_CONF_CORE_4                                        0                             0

POWER_INST_DECODER_R_CORE_4                                     0                             0

POWER_INST_DECODER_W_CORE_4                                     0                             0

POWER_MICRO_OP_SEQ_R_CORE_4                                     0                             0

POWER_MICRO_OP_SEQ_W_CORE_4                                     0                             0

POWER_OPERAND_DECODER_R_CORE_4                                  0                             0

POWER_OPERAND_DECODER_W_CORE_4                                  0                             0

POWER_UOP_QUEUE_R_CORE_4                                        0                             0

POWER_UOP_QUEUE_W_CORE_4                                        0                             0

POWER_REG_RENAMING_TABLE_R_CORE_4                               0                             0

POWER_REG_RENAMING_TABLE_W_CORE_4                               0                             0

POWER_DEP_CHECK_LOGIC_R_CORE_4                                  0                             0

POWER_FREELIST_R_CORE_4                                         0                             0

POWER_FREELIST_W_CORE_4                                         0                             0

POWER_RESERVATION_STATION_R_CORE_4                              0                             0

POWER_RESERVATION_STATION_W_CORE_4                              0                             0

POWER_RESERVATION_STATION_R_TAG_CORE_4                          0                             0

POWER_RESERVATION_STATION_W_TAG_CORE_4                          0                             0

POWER_INST_ISSUE_SEL_LOGIC_R_CORE_4                             0                             0

POWER_INST_ISSUE_SEL_LOGIC_W_CORE_4                             0                             0

POWER_PAYLOAD_RAM_R_CORE_4                                      0                             0

POWER_PAYLOAD_RAM_W_CORE_4                                      0                             0

POWER_EX_ALU_R_CORE_4                                           0                             0

POWER_EX_FPU_R_CORE_4                                           0                             0

POWER_EX_MUL_R_CORE_4                                           0                             0

POWER_EX_SFU_R_CORE_4                                           0                             0

POWER_REORDER_BUF_R_CORE_4                                      0                             0

POWER_REORDER_BUF_W_CORE_4                                      0                             0

POWER_INST_COMMIT_SEL_LOGIC_R_CORE_4                            0                             0

POWER_INST_COMMIT_SEL_LOGIC_W_CORE_4                            0                             0

POWER_FP_RENAME_R_CORE_4                                        0                             0

POWER_FP_RENAME_W_CORE_4                                        0                             0

POWER_LOAD_QUEUE_R_CORE_4                                       0                             0

POWER_LOAD_QUEUE_W_CORE_4                                       0                             0

POWER_LOAD_QUEUE_R_TAG_CORE_4                                   0                             0

POWER_LOAD_QUEUE_W_TAG_CORE_4                                   0                             0

POWER_STORE_QUEUE_R_CORE_4                                      0                             0

POWER_STORE_QUEUE_W_CORE_4                                      0                             0

POWER_STORE_QUEUE_R_TAG_CORE_4                                  0                             0

POWER_STORE_QUEUE_W_TAG_CORE_4                                  0                             0

POWER_DATA_TLB_R_CORE_4                                         0                             0

POWER_DATA_TLB_W_CORE_4                                         0                             0

POWER_DATA_TLB_R_TAG_CORE_4                                     0                             0

POWER_DATA_TLB_W_TAG_CORE_4                                     0                             0

POWER_INT_REGFILE_R_CORE_4                                      0                             0

POWER_INT_REGFILE_W_CORE_4                                      0                             0

POWER_FP_REGFILE_R_CORE_4                                       0                             0

POWER_FP_REGFILE_W_CORE_4                                       0                             0

POWER_GP_REGISTER_R_CORE_4                                      0                             0

POWER_GP_REGISTER_W_CORE_4                                      0                             0

POWER_FP_REGISTER_R_CORE_4                                      0                             0

POWER_FP_REGISTER_W_CORE_4                                      0                             0

POWER_SEGMENT_REGISTER_R_CORE_4                                 0                             0

POWER_SEGMENT_REGISTER_W_CORE_4                                 0                             0

POWER_CONTROL_REGISTER_R_CORE_4                                 0                             0

POWER_CONTROL_REGISTER_W_CORE_4                                 0                             0

POWER_FLAG_REGISTER_R_CORE_4                                    0                             0

POWER_FLAG_REGISTER_W_CORE_4                                    0                             0

POWER_EXEC_BYPASS_CORE_4                                        0                             0

POWER_LOAD_BYPASS_CORE_4                                        0                             0

POWER_PIPELINE_CORE_4                                           0                             0

POWER_DCACHE_MISS_BUF_R_CORE_4                                  0                             0

POWER_DCACHE_MISS_BUF_R_TAG_CORE_4                              0                             0

POWER_DCACHE_MISS_BUF_W_CORE_4                                  0                             0

POWER_DCACHE_MISS_BUF_W_TAG_CORE_4                              0                             0

POWER_DCACHE_LINEFILL_BUF_R_CORE_4                              0                             0

POWER_L2CACHE_LINEFILL_BUF_R_CORE_4                             0                             0

POWER_DCACHE_LINEFILL_BUF_W_CORE_4                              0                             0

POWER_L2CACHE_LINEFILL_BUF_W_CORE_4                             0                             0

POWER_DCACHE_LINEFILL_BUF_R_TAG_CORE_4                          0                             0

POWER_L2CACHE_LINEFILL_BUF_R_TAG_CORE_4                         0                             0

POWER_DCACHE_LINEFILL_BUF_W_TAG_CORE_4                          0                             0

POWER_DCACHE_WB_BUF_R_CORE_4                                    0                             0

POWER_L2CACHE_WB_BUF_R_CORE_4                                   0                             0

POWER_DCACHE_WB_BUF_W_CORE_4                                    0                             0

POWER_L2CACHE_WB_BUF_W_CORE_4                                   0                             0

POWER_DCACHE_WB_BUF_R_TAG_CORE_4                                0                             0

POWER_L2CACHE_WB_BUF_R_TAG_CORE_4                               0                             0

POWER_DCACHE_WB_BUF_W_TAG_CORE_4                                0                             0

POWER_DCACHE_R_CORE_4                                           0                             0

POWER_L2CACHE_R_CORE_4                                          0                             0

POWER_DCACHE_W_CORE_4                                           0                             0

POWER_L2CACHE_W_CORE_4                                          0                             0

POWER_DCACHE_R_TAG_CORE_4                                       0                             0

POWER_L2CACHE_R_TAG_CORE_4                                      0                             0

POWER_CONST_CACHE_R_CORE_4                                      0                             0

POWER_CONST_CACHE_W_CORE_4                                      0                             0

POWER_CONST_CACHE_R_TAG_CORE_4                                  0                             0

POWER_CONST_CACHE_W_TAG_CORE_4                                  0                             0

POWER_TEXTURE_CACHE_R_CORE_4                                    0                             0

POWER_TEXTURE_CACHE_W_CORE_4                                    0                             0

POWER_TEXTURE_CACHE_R_TAG_CORE_4                                0                             0

POWER_TEXTURE_CACHE_W_TAG_CORE_4                                0                             0

POWER_SHARED_MEM_R_CORE_4                                       0                             0

POWER_SHARED_MEM_W_CORE_4                                       0                             0

POWER_SHARED_MEM_R_TAG_CORE_4                                   0                             0

POWER_SHARED_MEM_W_TAG_CORE_4                                   0                             0

POWER_BLOCK_STATES_R_CORE_5                                     0                             0

POWER_BLOCK_STATES_W_CORE_5                                     0                             0

POWER_FETCH_QUEUE_R_CORE_5                                      0                             0

POWER_FETCH_QUEUE_W_CORE_5                                      0                             0

POWER_INST_QUEUE_R_CORE_5                                       0                             0

POWER_INST_QUEUE_W_CORE_5                                       0                             0

POWER_BR_PRED_R_CORE_5                                          0                             0

POWER_BR_PRED_W_CORE_5                                          0                             0

POWER_RAS_R_CORE_5                                              0                             0

POWER_RAS_W_CORE_5                                              0                             0

POWER_ICACHE_R_CORE_5                                           0                             0

POWER_ICACHE_W_CORE_5                                           0                             0

POWER_ICACHE_R_TAG_CORE_5                                       0                             0

POWER_ICACHE_MISS_BUF_R_CORE_5                                  0                             0

POWER_ICACHE_MISS_BUF_W_CORE_5                                  0                             0

POWER_ICACHE_MISS_BUF_R_TAG_CORE_5                              0                             0

POWER_ICACHE_MISS_BUF_W_TAG_CORE_5                              0                             0

POWER_ICACHE_TOT_ACC_CORE_5                                     0                             0

POWER_ICACHE_CONF_CORE_5                                        0                             0

POWER_INST_DECODER_R_CORE_5                                     0                             0

POWER_INST_DECODER_W_CORE_5                                     0                             0

POWER_MICRO_OP_SEQ_R_CORE_5                                     0                             0

POWER_MICRO_OP_SEQ_W_CORE_5                                     0                             0

POWER_OPERAND_DECODER_R_CORE_5                                  0                             0

POWER_OPERAND_DECODER_W_CORE_5                                  0                             0

POWER_UOP_QUEUE_R_CORE_5                                        0                             0

POWER_UOP_QUEUE_W_CORE_5                                        0                             0

POWER_REG_RENAMING_TABLE_R_CORE_5                               0                             0

POWER_REG_RENAMING_TABLE_W_CORE_5                               0                             0

POWER_DEP_CHECK_LOGIC_R_CORE_5                                  0                             0

POWER_FREELIST_R_CORE_5                                         0                             0

POWER_FREELIST_W_CORE_5                                         0                             0

POWER_RESERVATION_STATION_R_CORE_5                              0                             0

POWER_RESERVATION_STATION_W_CORE_5                              0                             0

POWER_RESERVATION_STATION_R_TAG_CORE_5                          0                             0

POWER_RESERVATION_STATION_W_TAG_CORE_5                          0                             0

POWER_INST_ISSUE_SEL_LOGIC_R_CORE_5                             0                             0

POWER_INST_ISSUE_SEL_LOGIC_W_CORE_5                             0                             0

POWER_PAYLOAD_RAM_R_CORE_5                                      0                             0

POWER_PAYLOAD_RAM_W_CORE_5                                      0                             0

POWER_EX_ALU_R_CORE_5                                           0                             0

POWER_EX_FPU_R_CORE_5                                           0                             0

POWER_EX_MUL_R_CORE_5                                           0                             0

POWER_EX_SFU_R_CORE_5                                           0                             0

POWER_REORDER_BUF_R_CORE_5                                      0                             0

POWER_REORDER_BUF_W_CORE_5                                      0                             0

POWER_INST_COMMIT_SEL_LOGIC_R_CORE_5                            0                             0

POWER_INST_COMMIT_SEL_LOGIC_W_CORE_5                            0                             0

POWER_FP_RENAME_R_CORE_5                                        0                             0

POWER_FP_RENAME_W_CORE_5                                        0                             0

POWER_LOAD_QUEUE_R_CORE_5                                       0                             0

POWER_LOAD_QUEUE_W_CORE_5                                       0                             0

POWER_LOAD_QUEUE_R_TAG_CORE_5                                   0                             0

POWER_LOAD_QUEUE_W_TAG_CORE_5                                   0                             0

POWER_STORE_QUEUE_R_CORE_5                                      0                             0

POWER_STORE_QUEUE_W_CORE_5                                      0                             0

POWER_STORE_QUEUE_R_TAG_CORE_5                                  0                             0

POWER_STORE_QUEUE_W_TAG_CORE_5                                  0                             0

POWER_DATA_TLB_R_CORE_5                                         0                             0

POWER_DATA_TLB_W_CORE_5                                         0                             0

POWER_DATA_TLB_R_TAG_CORE_5                                     0                             0

POWER_DATA_TLB_W_TAG_CORE_5                                     0                             0

POWER_INT_REGFILE_R_CORE_5                                      0                             0

POWER_INT_REGFILE_W_CORE_5                                      0                             0

POWER_FP_REGFILE_R_CORE_5                                       0                             0

POWER_FP_REGFILE_W_CORE_5                                       0                             0

POWER_GP_REGISTER_R_CORE_5                                      0                             0

POWER_GP_REGISTER_W_CORE_5                                      0                             0

POWER_FP_REGISTER_R_CORE_5                                      0                             0

POWER_FP_REGISTER_W_CORE_5                                      0                             0

POWER_SEGMENT_REGISTER_R_CORE_5                                 0                             0

POWER_SEGMENT_REGISTER_W_CORE_5                                 0                             0

POWER_CONTROL_REGISTER_R_CORE_5                                 0                             0

POWER_CONTROL_REGISTER_W_CORE_5                                 0                             0

POWER_FLAG_REGISTER_R_CORE_5                                    0                             0

POWER_FLAG_REGISTER_W_CORE_5                                    0                             0

POWER_EXEC_BYPASS_CORE_5                                        0                             0

POWER_LOAD_BYPASS_CORE_5                                        0                             0

POWER_PIPELINE_CORE_5                                           0                             0

POWER_DCACHE_MISS_BUF_R_CORE_5                                  0                             0

POWER_DCACHE_MISS_BUF_R_TAG_CORE_5                              0                             0

POWER_DCACHE_MISS_BUF_W_CORE_5                                  0                             0

POWER_DCACHE_MISS_BUF_W_TAG_CORE_5                              0                             0

POWER_DCACHE_LINEFILL_BUF_R_CORE_5                              0                             0

POWER_L2CACHE_LINEFILL_BUF_R_CORE_5                             0                             0

POWER_DCACHE_LINEFILL_BUF_W_CORE_5                              0                             0

POWER_L2CACHE_LINEFILL_BUF_W_CORE_5                             0                             0

POWER_DCACHE_LINEFILL_BUF_R_TAG_CORE_5                          0                             0

POWER_L2CACHE_LINEFILL_BUF_R_TAG_CORE_5                         0                             0

POWER_DCACHE_LINEFILL_BUF_W_TAG_CORE_5                          0                             0

POWER_DCACHE_WB_BUF_R_CORE_5                                    0                             0

POWER_L2CACHE_WB_BUF_R_CORE_5                                   0                             0

POWER_DCACHE_WB_BUF_W_CORE_5                                    0                             0

POWER_L2CACHE_WB_BUF_W_CORE_5                                   0                             0

POWER_DCACHE_WB_BUF_R_TAG_CORE_5                                0                             0

POWER_L2CACHE_WB_BUF_R_TAG_CORE_5                               0                             0

POWER_DCACHE_WB_BUF_W_TAG_CORE_5                                0                             0

POWER_DCACHE_R_CORE_5                                           0                             0

POWER_L2CACHE_R_CORE_5                                          0                             0

POWER_DCACHE_W_CORE_5                                           0                             0

POWER_L2CACHE_W_CORE_5                                          0                             0

POWER_DCACHE_R_TAG_CORE_5                                       0                             0

POWER_L2CACHE_R_TAG_CORE_5                                      0                             0

POWER_CONST_CACHE_R_CORE_5                                      0                             0

POWER_CONST_CACHE_W_CORE_5                                      0                             0

POWER_CONST_CACHE_R_TAG_CORE_5                                  0                             0

POWER_CONST_CACHE_W_TAG_CORE_5                                  0                             0

POWER_TEXTURE_CACHE_R_CORE_5                                    0                             0

POWER_TEXTURE_CACHE_W_CORE_5                                    0                             0

POWER_TEXTURE_CACHE_R_TAG_CORE_5                                0                             0

POWER_TEXTURE_CACHE_W_TAG_CORE_5                                0                             0

POWER_SHARED_MEM_R_CORE_5                                       0                             0

POWER_SHARED_MEM_W_CORE_5                                       0                             0

POWER_SHARED_MEM_R_TAG_CORE_5                                   0                             0

POWER_SHARED_MEM_W_TAG_CORE_5                                   0                             0

POWER_BLOCK_STATES_R_CORE_6                                     0                             0

POWER_BLOCK_STATES_W_CORE_6                                     0                             0

POWER_FETCH_QUEUE_R_CORE_6                                      0                             0

POWER_FETCH_QUEUE_W_CORE_6                                      0                             0

POWER_INST_QUEUE_R_CORE_6                                       0                             0

POWER_INST_QUEUE_W_CORE_6                                       0                             0

POWER_BR_PRED_R_CORE_6                                          0                             0

POWER_BR_PRED_W_CORE_6                                          0                             0

POWER_RAS_R_CORE_6                                              0                             0

POWER_RAS_W_CORE_6                                              0                             0

POWER_ICACHE_R_CORE_6                                           0                             0

POWER_ICACHE_W_CORE_6                                           0                             0

POWER_ICACHE_R_TAG_CORE_6                                       0                             0

POWER_ICACHE_MISS_BUF_R_CORE_6                                  0                             0

POWER_ICACHE_MISS_BUF_W_CORE_6                                  0                             0

POWER_ICACHE_MISS_BUF_R_TAG_CORE_6                              0                             0

POWER_ICACHE_MISS_BUF_W_TAG_CORE_6                              0                             0

POWER_ICACHE_TOT_ACC_CORE_6                                     0                             0

POWER_ICACHE_CONF_CORE_6                                        0                             0

POWER_INST_DECODER_R_CORE_6                                     0                             0

POWER_INST_DECODER_W_CORE_6                                     0                             0

POWER_MICRO_OP_SEQ_R_CORE_6                                     0                             0

POWER_MICRO_OP_SEQ_W_CORE_6                                     0                             0

POWER_OPERAND_DECODER_R_CORE_6                                  0                             0

POWER_OPERAND_DECODER_W_CORE_6                                  0                             0

POWER_UOP_QUEUE_R_CORE_6                                        0                             0

POWER_UOP_QUEUE_W_CORE_6                                        0                             0

POWER_REG_RENAMING_TABLE_R_CORE_6                               0                             0

POWER_REG_RENAMING_TABLE_W_CORE_6                               0                             0

POWER_DEP_CHECK_LOGIC_R_CORE_6                                  0                             0

POWER_FREELIST_R_CORE_6                                         0                             0

POWER_FREELIST_W_CORE_6                                         0                             0

POWER_RESERVATION_STATION_R_CORE_6                              0                             0

POWER_RESERVATION_STATION_W_CORE_6                              0                             0

POWER_RESERVATION_STATION_R_TAG_CORE_6                          0                             0

POWER_RESERVATION_STATION_W_TAG_CORE_6                          0                             0

POWER_INST_ISSUE_SEL_LOGIC_R_CORE_6                             0                             0

POWER_INST_ISSUE_SEL_LOGIC_W_CORE_6                             0                             0

POWER_PAYLOAD_RAM_R_CORE_6                                      0                             0

POWER_PAYLOAD_RAM_W_CORE_6                                      0                             0

POWER_EX_ALU_R_CORE_6                                           0                             0

POWER_EX_FPU_R_CORE_6                                           0                             0

POWER_EX_MUL_R_CORE_6                                           0                             0

POWER_EX_SFU_R_CORE_6                                           0                             0

POWER_REORDER_BUF_R_CORE_6                                      0                             0

POWER_REORDER_BUF_W_CORE_6                                      0                             0

POWER_INST_COMMIT_SEL_LOGIC_R_CORE_6                            0                             0

POWER_INST_COMMIT_SEL_LOGIC_W_CORE_6                            0                             0

POWER_FP_RENAME_R_CORE_6                                        0                             0

POWER_FP_RENAME_W_CORE_6                                        0                             0

POWER_LOAD_QUEUE_R_CORE_6                                       0                             0

POWER_LOAD_QUEUE_W_CORE_6                                       0                             0

POWER_LOAD_QUEUE_R_TAG_CORE_6                                   0                             0

POWER_LOAD_QUEUE_W_TAG_CORE_6                                   0                             0

POWER_STORE_QUEUE_R_CORE_6                                      0                             0

POWER_STORE_QUEUE_W_CORE_6                                      0                             0

POWER_STORE_QUEUE_R_TAG_CORE_6                                  0                             0

POWER_STORE_QUEUE_W_TAG_CORE_6                                  0                             0

POWER_DATA_TLB_R_CORE_6                                         0                             0

POWER_DATA_TLB_W_CORE_6                                         0                             0

POWER_DATA_TLB_R_TAG_CORE_6                                     0                             0

POWER_DATA_TLB_W_TAG_CORE_6                                     0                             0

POWER_INT_REGFILE_R_CORE_6                                      0                             0

POWER_INT_REGFILE_W_CORE_6                                      0                             0

POWER_FP_REGFILE_R_CORE_6                                       0                             0

POWER_FP_REGFILE_W_CORE_6                                       0                             0

POWER_GP_REGISTER_R_CORE_6                                      0                             0

POWER_GP_REGISTER_W_CORE_6                                      0                             0

POWER_FP_REGISTER_R_CORE_6                                      0                             0

POWER_FP_REGISTER_W_CORE_6                                      0                             0

POWER_SEGMENT_REGISTER_R_CORE_6                                 0                             0

POWER_SEGMENT_REGISTER_W_CORE_6                                 0                             0

POWER_CONTROL_REGISTER_R_CORE_6                                 0                             0

POWER_CONTROL_REGISTER_W_CORE_6                                 0                             0

POWER_FLAG_REGISTER_R_CORE_6                                    0                             0

POWER_FLAG_REGISTER_W_CORE_6                                    0                             0

POWER_EXEC_BYPASS_CORE_6                                        0                             0

POWER_LOAD_BYPASS_CORE_6                                        0                             0

POWER_PIPELINE_CORE_6                                           0                             0

POWER_DCACHE_MISS_BUF_R_CORE_6                                  0                             0

POWER_DCACHE_MISS_BUF_R_TAG_CORE_6                              0                             0

POWER_DCACHE_MISS_BUF_W_CORE_6                                  0                             0

POWER_DCACHE_MISS_BUF_W_TAG_CORE_6                              0                             0

POWER_DCACHE_LINEFILL_BUF_R_CORE_6                              0                             0

POWER_L2CACHE_LINEFILL_BUF_R_CORE_6                             0                             0

POWER_DCACHE_LINEFILL_BUF_W_CORE_6                              0                             0

POWER_L2CACHE_LINEFILL_BUF_W_CORE_6                             0                             0

POWER_DCACHE_LINEFILL_BUF_R_TAG_CORE_6                          0                             0

POWER_L2CACHE_LINEFILL_BUF_R_TAG_CORE_6                         0                             0

POWER_DCACHE_LINEFILL_BUF_W_TAG_CORE_6                          0                             0

POWER_DCACHE_WB_BUF_R_CORE_6                                    0                             0

POWER_L2CACHE_WB_BUF_R_CORE_6                                   0                             0

POWER_DCACHE_WB_BUF_W_CORE_6                                    0                             0

POWER_L2CACHE_WB_BUF_W_CORE_6                                   0                             0

POWER_DCACHE_WB_BUF_R_TAG_CORE_6                                0                             0

POWER_L2CACHE_WB_BUF_R_TAG_CORE_6                               0                             0

POWER_DCACHE_WB_BUF_W_TAG_CORE_6                                0                             0

POWER_DCACHE_R_CORE_6                                           0                             0

POWER_L2CACHE_R_CORE_6                                          0                             0

POWER_DCACHE_W_CORE_6                                           0                             0

POWER_L2CACHE_W_CORE_6                                          0                             0

POWER_DCACHE_R_TAG_CORE_6                                       0                             0

POWER_L2CACHE_R_TAG_CORE_6                                      0                             0

POWER_CONST_CACHE_R_CORE_6                                      0                             0

POWER_CONST_CACHE_W_CORE_6                                      0                             0

POWER_CONST_CACHE_R_TAG_CORE_6                                  0                             0

POWER_CONST_CACHE_W_TAG_CORE_6                                  0                             0

POWER_TEXTURE_CACHE_R_CORE_6                                    0                             0

POWER_TEXTURE_CACHE_W_CORE_6                                    0                             0

POWER_TEXTURE_CACHE_R_TAG_CORE_6                                0                             0

POWER_TEXTURE_CACHE_W_TAG_CORE_6                                0                             0

POWER_SHARED_MEM_R_CORE_6                                       0                             0

POWER_SHARED_MEM_W_CORE_6                                       0                             0

POWER_SHARED_MEM_R_TAG_CORE_6                                   0                             0

POWER_SHARED_MEM_W_TAG_CORE_6                                   0                             0

POWER_BLOCK_STATES_R_CORE_7                                     0                             0

POWER_BLOCK_STATES_W_CORE_7                                     0                             0

POWER_FETCH_QUEUE_R_CORE_7                                      0                             0

POWER_FETCH_QUEUE_W_CORE_7                                      0                             0

POWER_INST_QUEUE_R_CORE_7                                       0                             0

POWER_INST_QUEUE_W_CORE_7                                       0                             0

POWER_BR_PRED_R_CORE_7                                          0                             0

POWER_BR_PRED_W_CORE_7                                          0                             0

POWER_RAS_R_CORE_7                                              0                             0

POWER_RAS_W_CORE_7                                              0                             0

POWER_ICACHE_R_CORE_7                                           0                             0

POWER_ICACHE_W_CORE_7                                           0                             0

POWER_ICACHE_R_TAG_CORE_7                                       0                             0

POWER_ICACHE_MISS_BUF_R_CORE_7                                  0                             0

POWER_ICACHE_MISS_BUF_W_CORE_7                                  0                             0

POWER_ICACHE_MISS_BUF_R_TAG_CORE_7                              0                             0

POWER_ICACHE_MISS_BUF_W_TAG_CORE_7                              0                             0

POWER_ICACHE_TOT_ACC_CORE_7                                     0                             0

POWER_ICACHE_CONF_CORE_7                                        0                             0

POWER_INST_DECODER_R_CORE_7                                     0                             0

POWER_INST_DECODER_W_CORE_7                                     0                             0

POWER_MICRO_OP_SEQ_R_CORE_7                                     0                             0

POWER_MICRO_OP_SEQ_W_CORE_7                                     0                             0

POWER_OPERAND_DECODER_R_CORE_7                                  0                             0

POWER_OPERAND_DECODER_W_CORE_7                                  0                             0

POWER_UOP_QUEUE_R_CORE_7                                        0                             0

POWER_UOP_QUEUE_W_CORE_7                                        0                             0

POWER_REG_RENAMING_TABLE_R_CORE_7                               0                             0

POWER_REG_RENAMING_TABLE_W_CORE_7                               0                             0

POWER_DEP_CHECK_LOGIC_R_CORE_7                                  0                             0

POWER_FREELIST_R_CORE_7                                         0                             0

POWER_FREELIST_W_CORE_7                                         0                             0

POWER_RESERVATION_STATION_R_CORE_7                              0                             0

POWER_RESERVATION_STATION_W_CORE_7                              0                             0

POWER_RESERVATION_STATION_R_TAG_CORE_7                          0                             0

POWER_RESERVATION_STATION_W_TAG_CORE_7                          0                             0

POWER_INST_ISSUE_SEL_LOGIC_R_CORE_7                             0                             0

POWER_INST_ISSUE_SEL_LOGIC_W_CORE_7                             0                             0

POWER_PAYLOAD_RAM_R_CORE_7                                      0                             0

POWER_PAYLOAD_RAM_W_CORE_7                                      0                             0

POWER_EX_ALU_R_CORE_7                                           0                             0

POWER_EX_FPU_R_CORE_7                                           0                             0

POWER_EX_MUL_R_CORE_7                                           0                             0

POWER_EX_SFU_R_CORE_7                                           0                             0

POWER_REORDER_BUF_R_CORE_7                                      0                             0

POWER_REORDER_BUF_W_CORE_7                                      0                             0

POWER_INST_COMMIT_SEL_LOGIC_R_CORE_7                            0                             0

POWER_INST_COMMIT_SEL_LOGIC_W_CORE_7                            0                             0

POWER_FP_RENAME_R_CORE_7                                        0                             0

POWER_FP_RENAME_W_CORE_7                                        0                             0

POWER_LOAD_QUEUE_R_CORE_7                                       0                             0

POWER_LOAD_QUEUE_W_CORE_7                                       0                             0

POWER_LOAD_QUEUE_R_TAG_CORE_7                                   0                             0

POWER_LOAD_QUEUE_W_TAG_CORE_7                                   0                             0

POWER_STORE_QUEUE_R_CORE_7                                      0                             0

POWER_STORE_QUEUE_W_CORE_7                                      0                             0

POWER_STORE_QUEUE_R_TAG_CORE_7                                  0                             0

POWER_STORE_QUEUE_W_TAG_CORE_7                                  0                             0

POWER_DATA_TLB_R_CORE_7                                         0                             0

POWER_DATA_TLB_W_CORE_7                                         0                             0

POWER_DATA_TLB_R_TAG_CORE_7                                     0                             0

POWER_DATA_TLB_W_TAG_CORE_7                                     0                             0

POWER_INT_REGFILE_R_CORE_7                                      0                             0

POWER_INT_REGFILE_W_CORE_7                                      0                             0

POWER_FP_REGFILE_R_CORE_7                                       0                             0

POWER_FP_REGFILE_W_CORE_7                                       0                             0

POWER_GP_REGISTER_R_CORE_7                                      0                             0

POWER_GP_REGISTER_W_CORE_7                                      0                             0

POWER_FP_REGISTER_R_CORE_7                                      0                             0

POWER_FP_REGISTER_W_CORE_7                                      0                             0

POWER_SEGMENT_REGISTER_R_CORE_7                                 0                             0

POWER_SEGMENT_REGISTER_W_CORE_7                                 0                             0

POWER_CONTROL_REGISTER_R_CORE_7                                 0                             0

POWER_CONTROL_REGISTER_W_CORE_7                                 0                             0

POWER_FLAG_REGISTER_R_CORE_7                                    0                             0

POWER_FLAG_REGISTER_W_CORE_7                                    0                             0

POWER_EXEC_BYPASS_CORE_7                                        0                             0

POWER_LOAD_BYPASS_CORE_7                                        0                             0

POWER_PIPELINE_CORE_7                                           0                             0

POWER_DCACHE_MISS_BUF_R_CORE_7                                  0                             0

POWER_DCACHE_MISS_BUF_R_TAG_CORE_7                              0                             0

POWER_DCACHE_MISS_BUF_W_CORE_7                                  0                             0

POWER_DCACHE_MISS_BUF_W_TAG_CORE_7                              0                             0

POWER_DCACHE_LINEFILL_BUF_R_CORE_7                              0                             0

POWER_L2CACHE_LINEFILL_BUF_R_CORE_7                             0                             0

POWER_DCACHE_LINEFILL_BUF_W_CORE_7                              0                             0

POWER_L2CACHE_LINEFILL_BUF_W_CORE_7                             0                             0

POWER_DCACHE_LINEFILL_BUF_R_TAG_CORE_7                          0                             0

POWER_L2CACHE_LINEFILL_BUF_R_TAG_CORE_7                         0                             0

POWER_DCACHE_LINEFILL_BUF_W_TAG_CORE_7                          0                             0

POWER_DCACHE_WB_BUF_R_CORE_7                                    0                             0

POWER_L2CACHE_WB_BUF_R_CORE_7                                   0                             0

POWER_DCACHE_WB_BUF_W_CORE_7                                    0                             0

POWER_L2CACHE_WB_BUF_W_CORE_7                                   0                             0

POWER_DCACHE_WB_BUF_R_TAG_CORE_7                                0                             0

POWER_L2CACHE_WB_BUF_R_TAG_CORE_7                               0                             0

POWER_DCACHE_WB_BUF_W_TAG_CORE_7                                0                             0

POWER_DCACHE_R_CORE_7                                           0                             0

POWER_L2CACHE_R_CORE_7                                          0                             0

POWER_DCACHE_W_CORE_7                                           0                             0

POWER_L2CACHE_W_CORE_7                                          0                             0

POWER_DCACHE_R_TAG_CORE_7                                       0                             0

POWER_L2CACHE_R_TAG_CORE_7                                      0                             0

POWER_CONST_CACHE_R_CORE_7                                      0                             0

POWER_CONST_CACHE_W_CORE_7                                      0                             0

POWER_CONST_CACHE_R_TAG_CORE_7                                  0                             0

POWER_CONST_CACHE_W_TAG_CORE_7                                  0                             0

POWER_TEXTURE_CACHE_R_CORE_7                                    0                             0

POWER_TEXTURE_CACHE_W_CORE_7                                    0                             0

POWER_TEXTURE_CACHE_R_TAG_CORE_7                                0                             0

POWER_TEXTURE_CACHE_W_TAG_CORE_7                                0                             0

POWER_SHARED_MEM_R_CORE_7                                       0                             0

POWER_SHARED_MEM_W_CORE_7                                       0                             0

POWER_SHARED_MEM_R_TAG_CORE_7                                   0                             0

POWER_SHARED_MEM_W_TAG_CORE_7                                   0                             0

