Real time: Nov/23/2014 16:45:45

Profiler Stats
--------------
Elapsed_time_in_seconds: 475
Elapsed_time_in_minutes: 7.91667
Elapsed_time_in_hours: 0.131944
Elapsed_time_in_days: 0.00549769

Virtual_time_in_seconds: 473.77
Virtual_time_in_minutes: 7.89617
Virtual_time_in_hours:   0.131603
Virtual_time_in_days:    0.131603

Ruby_current_time: 29571573
Ruby_start_time: 1
Ruby_cycles: 29571572

mbytes_resident: 87.0742
mbytes_total: 118.148
resident_ratio: 0.73699

Total_misses: 0
total_misses: 0 [ 0 0 0 0 0 0 0 0 ]
user_misses: 0 [ 0 0 0 0 0 0 0 0 ]
supervisor_misses: 0 [ 0 0 0 0 0 0 0 0 ]

instruction_executed: 8 [ 1 1 1 1 1 1 1 1 ]
simics_cycles_executed: 8 [ 1 1 1 1 1 1 1 1 ]
cycles_per_instruction: 2.95716e+07 [ 2.95716e+07 2.95716e+07 2.95716e+07 2.95716e+07 2.95716e+07 2.95716e+07 2.95716e+07 2.95716e+07 ]
misses_per_thousand_instructions: 0 [ 0 0 0 0 0 0 0 0 ]

transactions_started: 0 [ 0 0 0 0 0 0 0 0 ]
transactions_ended: 0 [ 0 0 0 0 0 0 0 0 ]
instructions_per_transaction: 0 [ 0 0 0 0 0 0 0 0 ]
cycles_per_transaction: 0 [ 0 0 0 0 0 0 0 0 ]
misses_per_transaction: 0 [ 0 0 0 0 0 0 0 0 ]

L1D_cache cache stats: 
  L1D_cache_total_requests: 202870
  L1D_cache_total_misses: 549	(0.270617%)
  L1D_cache_total_demand_misses: 549
  L1D_cache_total_prefetches: 0
  L1D_cache_total_sw_prefetches: 0
  L1D_cache_total_hw_prefetches: 0
  L1D_cache_misses_per_transaction: 549
  L1D_cache_misses_per_instruction: 549
  L1D_cache_instructions_per_misses: 0.00182149

  L1D_cache_request_type_LD:   157767	(77.7675)%
  L1D_cache_request_type_ST:   45103	(22.2325)%

  L1D_cache_request_size: [binsize: log2 max: 32 count: 202870 average:    32 | standard deviation: 0 | 0 0 0 0 0 0 202870 ]

  L1D_cache_miss_type_LD:   541	(98.5428)%
  L1D_cache_miss_type_ST:   8	(1.45719)%

L1I_cache cache stats: 
  L1I_cache_total_requests: 0
  L1I_cache_total_misses: 0
  L1I_cache_total_demand_misses: 0
  L1I_cache_total_prefetches: 0
  L1I_cache_total_sw_prefetches: 0
  L1I_cache_total_hw_prefetches: 0
  L1I_cache_misses_per_transaction: 0
  L1I_cache_misses_per_instruction: 0
  L1I_cache_instructions_per_misses: NaN

  L1I_cache_request_size: [binsize: log2 max: 0 count: 0 average: NaN |standard deviation: NaN | 0 ]

L1T_cache cache stats: 
  L1T_cache_total_requests: 2500436
  L1T_cache_total_misses: 540515	(21.6168%)
  L1T_cache_total_demand_misses: 540515
  L1T_cache_total_prefetches: 0
  L1T_cache_total_sw_prefetches: 0
  L1T_cache_total_hw_prefetches: 0
  L1T_cache_misses_per_transaction: 540515
  L1T_cache_misses_per_instruction: 540515
  L1T_cache_instructions_per_misses: 1.85009e-06

  L1T_cache_request_type_LD:   1437682	(57.4973)%
  L1T_cache_request_type_ST:   1062754	(42.5027)%

  L1T_cache_request_size: [binsize: log2 max: 32 count: 2500436 average:    32 | standard deviation: 0 | 0 0 0 0 0 0 2500436 ]

  L1T_cache_miss_type_LD:   75568	(13.9807)%
  L1T_cache_miss_type_ST:   464947	(86.0193)%

L2_cache cache stats: 
  L2_cache_total_requests: 1996
  L2_cache_total_misses: 901	(45.1403%)
  L2_cache_total_demand_misses: 901
  L2_cache_total_prefetches: 0
  L2_cache_total_sw_prefetches: 0
  L2_cache_total_hw_prefetches: 0
  L2_cache_misses_per_transaction: 901
  L2_cache_misses_per_instruction: 901
  L2_cache_instructions_per_misses: 0.00110988

  L2_cache_request_type_LD:   541	(27.1042)%
  L2_cache_request_type_ST:   1455	(72.8958)%

  L2_cache_request_size: [binsize: log2 max: 8 count: 1996 average:     8 | standard deviation: 0 | 0 0 0 0 1996 ]

  L2_cache_miss_type_LD:   1	(0.110988)%
  L2_cache_miss_type_ST:   900	(99.889)%

L2T_cache cache stats: 
  L2T_cache_total_requests: 1138322
  L2T_cache_total_misses: 1447	(0.127117%)
  L2T_cache_total_demand_misses: 1447
  L2T_cache_total_prefetches: 0
  L2T_cache_total_sw_prefetches: 0
  L2T_cache_total_hw_prefetches: 0
  L2T_cache_misses_per_transaction: 1447
  L2T_cache_misses_per_instruction: 1447
  L2T_cache_instructions_per_misses: 0.000691085

  L2T_cache_request_type_LD:   75568	(6.63854)%
  L2T_cache_request_type_ST:   1062754	(93.3615)%

  L2T_cache_request_size: [binsize: log2 max: 32 count: 1138322 average: 30.4067 | standard deviation: 5.97491 | 0 0 0 0 75568 0 1062754 ]

  L2T_cache_miss_type_LD:   1259	(87.0076)%
  L2T_cache_miss_type_ST:   188	(12.9924)%


TBE Queries: 1141767
Busy TBE Counts: 0
Busy Controller Counts:
L1TCache-0:0  L1TCache-1:0  L1TCache-2:0  L1TCache-3:0  L1TCache-4:0  L1TCache-5:0  L1TCache-6:0  L1TCache-7:0  

L2TCache-0:0  L2TCache-1:0  L2TCache-2:0  L2TCache-3:0  
L2Cache-0:0  L2Cache-1:0  L2Cache-2:0  L2Cache-3:0  
L1Cache-0:0  L1Cache-1:0  L1Cache-2:0  L1Cache-3:0  L1Cache-4:0  L1Cache-5:0  L1Cache-6:0  L1Cache-7:0  

Directory-0:0  Directory-1:0  Directory-2:0  Directory-3:0  

Busy Bank Count:0

L1TBE_usage: [binsize: 1 max: 0 count: 0 average: NaN |standard deviation: NaN | 0 ]
L2TBE_usage: [binsize: 1 max: 6 count: 1141767 average: 0.513638 | standard deviation: 0.6272 | 631662 439216 65565 5197 118 8 1 ]
StopTable_usage: [binsize: 1 max: 0 count: 0 average: NaN |standard deviation: NaN | 0 ]
sequencer_requests_outstanding: [binsize: 1 max: 7 count: 2703306 average: 1.62636 | standard deviation: 0.712661 | 0 1358492 1017743 306020 20758 275 12 6 ]
store_buffer_size: [binsize: 1 max: 0 count: 0 average: NaN |standard deviation: NaN | 0 ]
unique_blocks_in_store_buffer: [binsize: 1 max: 0 count: 0 average: NaN |standard deviation: NaN | 0 ]

All Non-Zero Cycle Demand Cache Accesses
----------------------------------------
miss_latency: [binsize: 8 max: 1398 count: 2703306 average: 15.6298 | standard deviation: 15.2325 | 1564435 0 0 1041429 95408 25 0 0 0 0 0 0 0 0 0 0 752 155 184 0 0 0 1 0 0 0 0 0 0 0 0 1 0 0 0 0 1 0 0 0 1 2 36 189 0 638 36 0 0 1 1 0 0 0 0 0 0 0 0 0 1 0 0 0 0 0 0 0 0 0 0 0 0 1 0 0 0 0 0 0 0 0 0 0 0 0 0 0 0 0 0 0 0 0 0 0 0 0 0 0 0 0 0 0 0 0 0 0 0 0 0 0 0 0 0 0 0 0 0 0 0 0 0 0 0 0 0 0 0 0 0 0 0 0 0 0 0 1 0 0 0 0 2 1 0 0 0 0 0 0 0 0 0 0 0 0 0 0 0 0 0 0 0 0 0 0 0 0 0 0 0 0 1 1 3 0 0 0 0 0 0 0 0 0 0 0 0 0 0 0 0 0 0 0 0 0 0 0 0 ]
miss_latency_LD: [binsize: 64 max: 404 count: 1595449 average: 5.54824 | standard deviation: 10.1409 | 1593649 0 1079 0 1 719 1 ]
miss_latency_ST: [binsize: 256 max: 1398 count: 1107857 average: 30.1486 | standard deviation: 7.80468 | 1107662 185 1 0 4 5 0 0 0 ]
miss_latency_NULL: [binsize: 8 max: 1398 count: 2703306 average: 15.6298 | standard deviation: 15.2325 | 1564435 0 0 1041429 95408 25 0 0 0 0 0 0 0 0 0 0 752 155 184 0 0 0 1 0 0 0 0 0 0 0 0 1 0 0 0 0 1 0 0 0 1 2 36 189 0 638 36 0 0 1 1 0 0 0 0 0 0 0 0 0 1 0 0 0 0 0 0 0 0 0 0 0 0 1 0 0 0 0 0 0 0 0 0 0 0 0 0 0 0 0 0 0 0 0 0 0 0 0 0 0 0 0 0 0 0 0 0 0 0 0 0 0 0 0 0 0 0 0 0 0 0 0 0 0 0 0 0 0 0 0 0 0 0 0 0 0 0 1 0 0 0 0 2 1 0 0 0 0 0 0 0 0 0 0 0 0 0 0 0 0 0 0 0 0 0 0 0 0 0 0 0 0 1 1 3 0 0 0 0 0 0 0 0 0 0 0 0 0 0 0 0 0 0 0 0 0 0 0 0 ]
miss_latency_L2Miss: [binsize: 1 max: 0 count: 0 average: NaN |standard deviation: NaN | 0 ]

All Non-Zero Cycle SW Prefetch Requests
------------------------------------
prefetch_latency: [binsize: 1 max: 0 count: 0 average: NaN |standard deviation: NaN | 0 ]
prefetch_latency_L2Miss:[binsize: 1 max: 0 count: 0 average: NaN |standard deviation: NaN | 0 ]
multicast_retries: [binsize: 1 max: 0 count: 0 average: NaN |standard deviation: NaN | 0 ]
gets_mask_prediction_count: [binsize: 1 max: 0 count: 0 average: NaN |standard deviation: NaN | 0 ]
getx_mask_prediction_count: [binsize: 1 max: 0 count: 0 average: NaN |standard deviation: NaN | 0 ]
explicit_training_mask: [binsize: 1 max: 0 count: 0 average: NaN |standard deviation: NaN | 0 ]

Sequencer  Requests (MLP)
------------------------------------
Sequencer Requests All
Sequencer_ALL : [binsize: 1 max: 7 count: 2703306 average: 1.62636 | standard deviation: 0.712661 | 0 1358492 1017743 306020 20758 275 12 6 ]
Sequencer_0: [binsize: 1 max: 3 count: 202870 average: 1.40326 | standard deviation: 0.491723 | 0 121176 81578 116 ]
Sequencer_1: [binsize: 1 max: 0 count: 0 average: NaN |standard deviation: NaN | 0 ]
Sequencer_2: [binsize: 1 max: 0 count: 0 average: NaN |standard deviation: NaN | 0 ]
Sequencer_3: [binsize: 1 max: 0 count: 0 average: NaN |standard deviation: NaN | 0 ]
Sequencer_4: [binsize: 1 max: 0 count: 0 average: NaN |standard deviation: NaN | 0 ]
Sequencer_5: [binsize: 1 max: 0 count: 0 average: NaN |standard deviation: NaN | 0 ]
Sequencer_6: [binsize: 1 max: 0 count: 0 average: NaN |standard deviation: NaN | 0 ]
Sequencer_7: [binsize: 1 max: 0 count: 0 average: NaN |standard deviation: NaN | 0 ]
SequencerACC_0: [binsize: 1 max: 7 count: 1020513 average: 1.59683 | standard deviation: 0.65808 | 0 504969 426374 85087 3829 237 11 6 ]
SequencerACC_1: [binsize: 1 max: 6 count: 1479923 average: 1.67731 | standard deviation: 0.765463 | 0 732347 509791 220817 16929 38 1 ]
SequencerACC_2: [binsize: 1 max: 0 count: 0 average: NaN |standard deviation: NaN | 0 ]
SequencerACC_3: [binsize: 1 max: 0 count: 0 average: NaN |standard deviation: NaN | 0 ]
SequencerACC_4: [binsize: 1 max: 0 count: 0 average: NaN |standard deviation: NaN | 0 ]
SequencerACC_5: [binsize: 1 max: 0 count: 0 average: NaN |standard deviation: NaN | 0 ]
SequencerACC_6: [binsize: 1 max: 0 count: 0 average: NaN |standard deviation: NaN | 0 ]
SequencerACC_7: [binsize: 1 max: 0 count: 0 average: NaN |standard deviation: NaN | 0 ]
Request vs. System State Profile
--------------------------------


filter_action: [binsize: 1 max: 0 count: 0 average: NaN |standard deviation: NaN | 0 ]

Message Delayed Cycles
----------------------
Total_delay_cycles: [binsize: 1 max: 43 count: 6537 average: 26.1418 | standard deviation: 4.43676 | 0 0 0 0 0 0 0 0 0 0 0 0 0 0 0 0 99 126 0 0 0 1645 0 0 0 0 259 416 3674 125 0 0 1 0 0 1 3 0 0 0 1 0 101 86 ]
Total_nonPF_delay_cycles: [binsize: 1 max: 43 count: 2184 average: 25.9286 | standard deviation: 6.33617 | 0 0 0 0 0 0 0 0 0 0 0 0 0 0 0 0 99 126 0 0 0 547 0 0 0 0 259 416 441 109 0 0 0 0 0 0 0 0 0 0 0 0 101 86 ]
  virtual_network_0_delay_cycles: [binsize: 1 max: 40 count: 4353 average: 26.2488 | standard deviation: 3.06449 | 0 0 0 0 0 0 0 0 0 0 0 0 0 0 0 0 0 0 0 0 0 1098 0 0 0 0 0 0 3233 16 0 0 1 0 0 1 3 0 0 0 1 ]
  virtual_network_1_delay_cycles: [binsize: 1 max: 0 count: 0 average: NaN |standard deviation: NaN | 0 ]
  virtual_network_2_delay_cycles: [binsize: 1 max: 21 count: 547 average:    21 | standard deviation: 0 | 0 0 0 0 0 0 0 0 0 0 0 0 0 0 0 0 0 0 0 0 0 547 ]
  virtual_network_3_delay_cycles: [binsize: 1 max: 43 count: 1637 average: 27.5754 | standard deviation: 6.53718 | 0 0 0 0 0 0 0 0 0 0 0 0 0 0 0 0 99 126 0 0 0 0 0 0 0 0 259 416 441 109 0 0 0 0 0 0 0 0 0 0 0 0 101 86 ]
  virtual_network_4_delay_cycles: [binsize: 1 max: 0 count: 0 average: NaN |standard deviation: NaN | 0 ]
  virtual_network_5_delay_cycles: [binsize: 1 max: 0 count: 0 average: NaN |standard deviation: NaN | 0 ]
  virtual_network_6_delay_cycles: [binsize: 1 max: 0 count: 0 average: NaN |standard deviation: NaN | 0 ]
  virtual_network_7_delay_cycles: [binsize: 1 max: 0 count: 0 average: NaN |standard deviation: NaN | 0 ]

Resource Usage
--------------
page_size: 4096
user_time: 468
system_time: 5
page_reclaims: 22504
page_faults: 0
swaps: 0
block_inputs: 0
block_outputs: 632

Coherence Bandwidth Breakdown
----------------------
L1_ATOMIC = 0
L2_DATA = 4505
L2_TO_L2T_MSG = 548
L2_DATA_GX = 0
L2T_TO_L1T_DATA = 302272
L1_DATA_GX = 0
L2_TO_L2T_ACK = 548
L2T_TO_L1T_MSG = 1062754
L2_DATA_S = 2745
L2T_TO_L1T_ATOMIC = 0
L1_DATA_PC = 0
L1_MSG = 0
L2_COHMSG_FWD = 547
L1_DATA_F = 0
L1_DATA_PX = 935
L2_COHMSG_RCL = 0
L1T_TO_L2T_DATA = 4251016
L2_MSG = 0
L2_COHMSG_INV = 0
L1_COHMSG_RCLACK = 0
L1T_TO_L2T_ATOMIC = 0
L2_COHMSG = 0
L2_ATOMIC = 0
L2_TO_L2T_DATA = 7235
L1_DATA = 0
L1_COHMSG = 4353
L1_COHMSG_INVACK = 0
L1T_TO_L2T_MSG = 75568
----------------------
total_flits_messages = 5713026
----------------------

DMA = 0
DATA_GX_OW = 32
DATA_PX_C = 748
DATA_PX_D = 187
DATA_GX_C = 8
Block_lifetimes_pow2: [binsize: log2 max: 0 count: 0 average: NaN |standard deviation: NaN | 0 ]
Block_lifetimes[WRITE]_pow2: [binsize: log2 max: 0 count: 0 average: NaN |standard deviation: NaN | 0 ]
Block_lifetimes[EVICT]_pow2: [binsize: log2 max: 0 count: 0 average: NaN |standard deviation: NaN | 0 ]
CL_stall_evict: [binsize: log2 max: 0 count: 0 average: NaN |standard deviation: NaN | 0 ]
CL_stall_fence: [binsize: log2 max: 0 count: 0 average: NaN |standard deviation: NaN | 0 ]
Private_L1_evictions: 0
MessageBuffer: [Chip 0 0, L1Cache, mandatoryQueue] stats - msgs:202870 full:0 size:[binsize: 1 max: 2 count: 202870 average: 1.33098 | standard deviation: 0.470567 | 0 135725 67145 ]
MessageBuffer: [Chip 0 1, L1Cache, mandatoryQueue] stats - msgs:0 full:0 size:[binsize: 1 max: 0 count: 0 average: NaN |standard deviation: NaN | 0 ]
MessageBuffer: [Chip 0 2, L1Cache, mandatoryQueue] stats - msgs:0 full:0 size:[binsize: 1 max: 0 count: 0 average: NaN |standard deviation: NaN | 0 ]
MessageBuffer: [Chip 0 3, L1Cache, mandatoryQueue] stats - msgs:0 full:0 size:[binsize: 1 max: 0 count: 0 average: NaN |standard deviation: NaN | 0 ]
MessageBuffer: [Chip 0 4, L1Cache, mandatoryQueue] stats - msgs:0 full:0 size:[binsize: 1 max: 0 count: 0 average: NaN |standard deviation: NaN | 0 ]
MessageBuffer: [Chip 0 5, L1Cache, mandatoryQueue] stats - msgs:0 full:0 size:[binsize: 1 max: 0 count: 0 average: NaN |standard deviation: NaN | 0 ]
MessageBuffer: [Chip 0 6, L1Cache, mandatoryQueue] stats - msgs:0 full:0 size:[binsize: 1 max: 0 count: 0 average: NaN |standard deviation: NaN | 0 ]
MessageBuffer: [Chip 0 7, L1Cache, mandatoryQueue] stats - msgs:0 full:0 size:[binsize: 1 max: 0 count: 0 average: NaN |standard deviation: NaN | 0 ]

Network Stats
-------------

Network interface outbound traffic
NI_0 (L1TCache) : [L1TCache]=0 [L2TCache]=2265899 [L2Cache]=0 [L1Cache]=0 [Directory]=0 
NI_1 (L1TCache) : [L1TCache]=0 [L2TCache]=2060685 [L2Cache]=0 [L1Cache]=0 [Directory]=0 
NI_2 (L1TCache) : [L1TCache]=0 [L2TCache]=0 [L2Cache]=0 [L1Cache]=0 [Directory]=0 
NI_3 (L1TCache) : [L1TCache]=0 [L2TCache]=0 [L2Cache]=0 [L1Cache]=0 [Directory]=0 
NI_4 (L1TCache) : [L1TCache]=0 [L2TCache]=0 [L2Cache]=0 [L1Cache]=0 [Directory]=0 
NI_5 (L1TCache) : [L1TCache]=0 [L2TCache]=0 [L2Cache]=0 [L1Cache]=0 [Directory]=0 
NI_6 (L1TCache) : [L1TCache]=0 [L2TCache]=0 [L2Cache]=0 [L1Cache]=0 [Directory]=0 
NI_7 (L1TCache) : [L1TCache]=0 [L2TCache]=0 [L2Cache]=0 [L1Cache]=0 [Directory]=0 
NI_8 (L2TCache) : [L1TCache]=0 [L2TCache]=0 [L2Cache]=0 [L1Cache]=0 [Directory]=0 
NI_9 (L2TCache) : [L1TCache]=0 [L2TCache]=0 [L2Cache]=0 [L1Cache]=0 [Directory]=0 
NI_10 (L2TCache) : [L1TCache]=1143116 [L2TCache]=0 [L2Cache]=74 [L1Cache]=0 [Directory]=0 
NI_11 (L2TCache) : [L1TCache]=221910 [L2TCache]=0 [L2Cache]=4116 [L1Cache]=0 [Directory]=0 
NI_12 (L2Cache) : [L1TCache]=0 [L2TCache]=0 [L2Cache]=0 [L1Cache]=0 [Directory]=0 
NI_13 (L2Cache) : [L1TCache]=0 [L2TCache]=0 [L2Cache]=0 [L1Cache]=0 [Directory]=0 
NI_14 (L2Cache) : [L1TCache]=0 [L2TCache]=44 [L2Cache]=0 [L1Cache]=76 [Directory]=5 
NI_15 (L2Cache) : [L1TCache]=0 [L2TCache]=5552 [L2Cache]=0 [L1Cache]=3216 [Directory]=896 
NI_16 (L1Cache) : [L1TCache]=0 [L2TCache]=2735 [L2Cache]=1098 [L1Cache]=0 [Directory]=0 
NI_17 (L1Cache) : [L1TCache]=0 [L2TCache]=0 [L2Cache]=0 [L1Cache]=0 [Directory]=0 
NI_18 (L1Cache) : [L1TCache]=0 [L2TCache]=0 [L2Cache]=0 [L1Cache]=0 [Directory]=0 
NI_19 (L1Cache) : [L1TCache]=0 [L2TCache]=0 [L2Cache]=0 [L1Cache]=0 [Directory]=0 
NI_20 (L1Cache) : [L1TCache]=0 [L2TCache]=0 [L2Cache]=0 [L1Cache]=0 [Directory]=0 
NI_21 (L1Cache) : [L1TCache]=0 [L2TCache]=0 [L2Cache]=0 [L1Cache]=0 [Directory]=0 
NI_22 (L1Cache) : [L1TCache]=0 [L2TCache]=0 [L2Cache]=0 [L1Cache]=0 [Directory]=0 
NI_23 (L1Cache) : [L1TCache]=0 [L2TCache]=0 [L2Cache]=0 [L1Cache]=0 [Directory]=0 
NI_24 (Directory) : [L1TCache]=0 [L2TCache]=0 [L2Cache]=1125 [L1Cache]=0 [Directory]=0 
NI_25 (Directory) : [L1TCache]=0 [L2TCache]=0 [L2Cache]=1125 [L1Cache]=0 [Directory]=0 
NI_26 (Directory) : [L1TCache]=0 [L2TCache]=0 [L2Cache]=1135 [L1Cache]=0 [Directory]=0 
NI_27 (Directory) : [L1TCache]=0 [L2TCache]=0 [L2Cache]=1120 [L1Cache]=0 [Directory]=0 
L1_L2_flits_transferred = 0
L1_out_flits = 0
L2_out_flits = 0
-------------
Average Link Utilization :: 0.00587675 flits/cycle
total_flits_on_link = 11469788
-------------
Total VC Load [0] = 2349 flits
Total VC Load [1] = 2359 flits
Total VC Load [2] = 2363 flits
Total VC Load [3] = 2357 flits
Total VC Load [4] = 1091 flits
Total VC Load [5] = 1099 flits
Total VC Load [6] = 1099 flits
Total VC Load [7] = 1091 flits
Total VC Load [8] = 780 flits
Total VC Load [9] = 794 flits
Total VC Load [10] = 796 flits
Total VC Load [11] = 784 flits
Total VC Load [12] = 15606 flits
Total VC Load [13] = 15257 flits
Total VC Load [14] = 15572 flits
Total VC Load [15] = 15187 flits
Total VC Load [16] = 1990 flits
Total VC Load [17] = 2001 flits
Total VC Load [18] = 2000 flits
Total VC Load [19] = 1993 flits
Total VC Load [20] = 2162718 flits
Total VC Load [21] = 2162669 flits
Total VC Load [22] = 2161651 flits
Total VC Load [23] = 2166130 flits
Total VC Load [24] = 682719 flits
Total VC Load [25] = 683304 flits
Total VC Load [26] = 681934 flits
Total VC Load [27] = 682095 flits
Total VC Load [28] = 0 flits
Total VC Load [29] = 0 flits
Total VC Load [30] = 0 flits
Total VC Load [31] = 0 flits
-------------
Average VC Load [0] = 7.94344e-05 flits/cycle 
Average VC Load [1] = 7.97726e-05 flits/cycle 
Average VC Load [2] = 7.99078e-05 flits/cycle 
Average VC Load [3] = 7.97049e-05 flits/cycle 
Average VC Load [4] = 3.68935e-05 flits/cycle 
Average VC Load [5] = 3.71641e-05 flits/cycle 
Average VC Load [6] = 3.71641e-05 flits/cycle 
Average VC Load [7] = 3.68935e-05 flits/cycle 
Average VC Load [8] = 2.63767e-05 flits/cycle 
Average VC Load [9] = 2.68501e-05 flits/cycle 
Average VC Load [10] = 2.69177e-05 flits/cycle 
Average VC Load [11] = 2.65119e-05 flits/cycle 
Average VC Load [12] = 0.000527737 flits/cycle 
Average VC Load [13] = 0.000515935 flits/cycle 
Average VC Load [14] = 0.000526587 flits/cycle 
Average VC Load [15] = 0.000513568 flits/cycle 
Average VC Load [16] = 6.72944e-05 flits/cycle 
Average VC Load [17] = 6.76663e-05 flits/cycle 
Average VC Load [18] = 6.76325e-05 flits/cycle 
Average VC Load [19] = 6.73958e-05 flits/cycle 
Average VC Load [20] = 0.073135 flits/cycle 
Average VC Load [21] = 0.0731334 flits/cycle 
Average VC Load [22] = 0.073099 flits/cycle 
Average VC Load [23] = 0.0732504 flits/cycle 
Average VC Load [24] = 0.023087 flits/cycle 
Average VC Load [25] = 0.0231068 flits/cycle 
Average VC Load [26] = 0.0230605 flits/cycle 
Average VC Load [27] = 0.0230659 flits/cycle 
Average VC Load [28] = 0 flits/cycle 
Average VC Load [29] = 0 flits/cycle 
Average VC Load [30] = 0 flits/cycle 
Average VC Load [31] = 0 flits/cycle 
-------------
Average network latency = 8.42252
-------------
Dynamic_Link_Power = 0.0429788
Static_Link_Power = 0.733365
Total_Link_Power = 0.776344
Total Link Area = 4.09374e+06 uM^2 
Router Dynamic Power:
       Input buffer: 0.00180487, Crossbar: 0.00346082, VC allocator: 0.000378632, SW allocator: 0.00103514, Clock: 0.153216, Total: 0.159895
Router Static Power:
       Input buffer: 0.891938, Crossbar: 0.1624, VC allocator: 0.438066, SW allocator: 0.0171352, Clock: 0.029369, Total: 1.53891
Router Total Power: 1.6988
Dynamic_Router_Power = 0.159895
Static_Router_Power = 1.53891
Total_Router_Power = 1.6988
Area:
Input buffer: 2.86355e-06, Crossbar: 2.50402e-06, VC allocator: 1.05856e-06, SW allocator: 4.14062e-08

Total_Dynamic_Power = 0.202874
Total_Static_Power = 2.27227
Total_Power = 2.47515
-------------

Gpusim Interface Stats
----------------------


Chip Stats
----------

 --- L1TCache ---
 - Event Counts -
Load  1437682
L1_WThru  1062754
L1_Atomic  0
L1_Replacement  484
Data  0
Data_Done  75568
Ack  0
Ack_Done  1062754
DataAtomic  0
DataAtomic_Done  0

 - Transitions -
I  Load  75568
I  L1_WThru  464947
I  L1_Atomic  0 <-- 
I  L1_Replacement  475

S  Load  1362114
S  L1_WThru  597807
S  L1_Atomic  0 <-- 
S  L1_Replacement  9

I_S  L1_WThru  0 <-- 
I_S  L1_Atomic  0 <-- 
I_S  Data_Done  75568

I_I  Load  0 <-- 
I_I  L1_WThru  0 <-- 
I_I  L1_Atomic  0 <-- 
I_I  Data  0 <-- 
I_I  Data_Done  0 <-- 
I_I  Ack  0 <-- 
I_I  Ack_Done  474528
I_I  DataAtomic  0 <-- 
I_I  DataAtomic_Done  0 <-- 

SM  Load  0 <-- 
SM  L1_WThru  0 <-- 
SM  L1_Atomic  0 <-- 
SM  Data  0 <-- 
SM  Data_Done  0 <-- 
SM  Ack  0 <-- 
SM  Ack_Done  588226

 --- L2TCache ---
 - Event Counts -
L1_GETS  75568
L1_Write  464947
L1_Upgrade_T  593230
L1_Upgrade_NT  4577
L2_Atomic  0
L2_Expire  3
L2_Replacement  0
L2_Replacement_clean  0
Data  0
Data_all_Acks  1447
Ack  0
Ack_all  0
WB_Ack  548
Fwd_GETX  8
Fwd_GETS  540
Inv  0

 - Transitions -
NP  L1_GETS  1259
NP  L1_Write  188
NP  L1_Upgrade_NT  0 <-- 
NP  L2_Atomic  0 <-- 

E  L1_GETS  74307
E  L1_Write  464759
E  L1_Upgrade_NT  4577
E  L2_Atomic  0 <-- 
E  L2_Replacement  0 <-- 
E  L2_Replacement_clean  0 <-- 
E  Fwd_GETX  5
E  Fwd_GETS  540
E  Inv  0 <-- 

S  L1_GETS  2
S  L1_Upgrade_T  593230
S  L2_Replacement  0 <-- 
S  L2_Replacement_clean  0 <-- 
S  Fwd_GETX  3
S  Fwd_GETS  0 <-- 
S  Inv  0 <-- 

SS  L1_GETS  0 <-- 
SS  L2_Replacement  0 <-- 
SS  L2_Replacement_clean  0 <-- 
SS  Fwd_GETX  0 <-- 
SS  Fwd_GETS  0 <-- 
SS  Inv  0 <-- 

IS  L1_GETS  0 <-- 
IS  Data  0 <-- 
IS  Data_all_Acks  1259
IS  Ack  0 <-- 
IS  Ack_all  0 <-- 

ISS  Data  0 <-- 
ISS  Data_all_Acks  0 <-- 
ISS  Ack  0 <-- 
ISS  Ack_all  0 <-- 

IM  Data  0 <-- 
IM  Data_all_Acks  188
IM  Ack  0 <-- 
IM  Ack_all  0 <-- 

IMA  Data  0 <-- 
IMA  Data_all_Acks  0 <-- 
IMA  Ack  0 <-- 
IMA  Ack_all  0 <-- 

MI  L2_Expire  3
MI  Fwd_GETX  0 <-- 
MI  Fwd_GETS  0 <-- 
MI  Inv  0 <-- 

MI_Ack  WB_Ack  548
MI_Ack  Fwd_GETX  0 <-- 
MI_Ack  Fwd_GETS  0 <-- 
MI_Ack  Inv  0 <-- 

 --- L2Cache ---
 - Event Counts -
L1_GET_INSTR  0
L1_GETS  541
L1_GETX  1455
L1_UPGRADE  0
L1_PUTX  0
L1_PUTX_old  0
Fwd_L1_GETX  0
Fwd_L1_GETS  0
Fwd_L1_GET_INSTR  0
L2_Replacement  0
L2_Replacement_clean  0
Mem_Data  901
WB_Data  0
WB_Data_clean  0
Ack  0
Ack_all  0
Mem_Ack  0
Unblock  0
Unblock_Cancel  0
Exclusive_Unblock  1996
PUTX_ACC  361
DATA_ACC  187

 - Transitions -
NP  L1_GET_INSTR  0 <-- 
NP  L1_GETS  1
NP  L1_GETX  900
NP  L1_PUTX  0 <-- 
NP  L1_PUTX_old  0 <-- 

SS  L1_GET_INSTR  0 <-- 
SS  L1_GETS  0 <-- 
SS  L1_GETX  0 <-- 
SS  L1_UPGRADE  0 <-- 
SS  L1_PUTX  0 <-- 
SS  L1_PUTX_old  0 <-- 
SS  L2_Replacement  0 <-- 
SS  L2_Replacement_clean  0 <-- 

M  L1_GET_INSTR  0 <-- 
M  L1_GETS  0 <-- 
M  L1_GETX  0 <-- 
M  L1_PUTX  0 <-- 
M  L1_PUTX_old  0 <-- 
M  L2_Replacement  0 <-- 
M  L2_Replacement_clean  0 <-- 

MT  L1_GET_INSTR  0 <-- 
MT  L1_GETS  540
MT  L1_GETX  555
MT  L1_PUTX  0 <-- 
MT  L1_PUTX_old  0 <-- 
MT  L2_Replacement  0 <-- 
MT  L2_Replacement_clean  0 <-- 
MT  PUTX_ACC  0 <-- 
MT  DATA_ACC  0 <-- 

M_I  L1_GET_INSTR  0 <-- 
M_I  L1_GETS  0 <-- 
M_I  L1_GETX  0 <-- 
M_I  L1_UPGRADE  0 <-- 
M_I  Mem_Ack  0 <-- 

MT_I  L1_GET_INSTR  0 <-- 
MT_I  L1_GETS  0 <-- 
MT_I  L1_GETX  0 <-- 
MT_I  L1_UPGRADE  0 <-- 
MT_I  L1_PUTX  0 <-- 
MT_I  L1_PUTX_old  0 <-- 
MT_I  WB_Data  0 <-- 
MT_I  WB_Data_clean  0 <-- 
MT_I  Ack_all  0 <-- 
MT_I  PUTX_ACC  0 <-- 
MT_I  DATA_ACC  0 <-- 

MCT_I  L1_GET_INSTR  0 <-- 
MCT_I  L1_GETS  0 <-- 
MCT_I  L1_GETX  0 <-- 
MCT_I  L1_UPGRADE  0 <-- 
MCT_I  L1_PUTX  0 <-- 
MCT_I  L1_PUTX_old  0 <-- 
MCT_I  WB_Data  0 <-- 
MCT_I  WB_Data_clean  0 <-- 
MCT_I  Ack_all  0 <-- 
MCT_I  PUTX_ACC  0 <-- 
MCT_I  DATA_ACC  0 <-- 

I_I  L1_GET_INSTR  0 <-- 
I_I  L1_GETS  0 <-- 
I_I  L1_GETX  0 <-- 
I_I  L1_UPGRADE  0 <-- 
I_I  L1_PUTX  0 <-- 
I_I  L1_PUTX_old  0 <-- 
I_I  Ack  0 <-- 
I_I  Ack_all  0 <-- 

S_I  L1_GET_INSTR  0 <-- 
S_I  L1_GETS  0 <-- 
S_I  L1_GETX  0 <-- 
S_I  L1_UPGRADE  0 <-- 
S_I  L1_PUTX  0 <-- 
S_I  L1_PUTX_old  0 <-- 
S_I  Ack  0 <-- 
S_I  Ack_all  0 <-- 

ISS  L1_GET_INSTR  0 <-- 
ISS  L1_GETS  0 <-- 
ISS  L1_GETX  0 <-- 
ISS  L1_PUTX  0 <-- 
ISS  L1_PUTX_old  0 <-- 
ISS  L2_Replacement  0 <-- 
ISS  L2_Replacement_clean  0 <-- 
ISS  Mem_Data  1

IS  L1_GET_INSTR  0 <-- 
IS  L1_GETS  0 <-- 
IS  L1_GETX  0 <-- 
IS  L1_PUTX  0 <-- 
IS  L1_PUTX_old  0 <-- 
IS  L2_Replacement  0 <-- 
IS  L2_Replacement_clean  0 <-- 
IS  Mem_Data  0 <-- 

IM  L1_GET_INSTR  0 <-- 
IM  L1_GETS  0 <-- 
IM  L1_GETX  0 <-- 
IM  L1_PUTX  0 <-- 
IM  L1_PUTX_old  0 <-- 
IM  L2_Replacement  0 <-- 
IM  L2_Replacement_clean  0 <-- 
IM  Mem_Data  900

SS_MB  L1_GET_INSTR  0 <-- 
SS_MB  L1_GETS  0 <-- 
SS_MB  L1_GETX  0 <-- 
SS_MB  L1_UPGRADE  0 <-- 
SS_MB  L1_PUTX  0 <-- 
SS_MB  L1_PUTX_old  0 <-- 
SS_MB  L2_Replacement  0 <-- 
SS_MB  L2_Replacement_clean  0 <-- 
SS_MB  Exclusive_Unblock  0 <-- 

MT_MB  L1_GET_INSTR  0 <-- 
MT_MB  L1_GETS  0 <-- 
MT_MB  L1_GETX  0 <-- 
MT_MB  L1_UPGRADE  0 <-- 
MT_MB  L1_PUTX  0 <-- 
MT_MB  L1_PUTX_old  0 <-- 
MT_MB  L2_Replacement  0 <-- 
MT_MB  L2_Replacement_clean  0 <-- 
MT_MB  Exclusive_Unblock  1996
MT_MB  PUTX_ACC  0 <-- 
MT_MB  DATA_ACC  8

M_MB  L1_GET_INSTR  0 <-- 
M_MB  L1_GETS  0 <-- 
M_MB  L1_GETX  0 <-- 
M_MB  L1_UPGRADE  0 <-- 
M_MB  L1_PUTX  0 <-- 
M_MB  L1_PUTX_old  0 <-- 
M_MB  L2_Replacement  0 <-- 
M_MB  L2_Replacement_clean  0 <-- 
M_MB  Exclusive_Unblock  0 <-- 

MT_IIB  L1_GET_INSTR  0 <-- 
MT_IIB  L1_GETS  0 <-- 
MT_IIB  L1_GETX  0 <-- 
MT_IIB  L1_UPGRADE  0 <-- 
MT_IIB  L1_PUTX  0 <-- 
MT_IIB  L1_PUTX_old  0 <-- 
MT_IIB  L2_Replacement  0 <-- 
MT_IIB  L2_Replacement_clean  0 <-- 
MT_IIB  WB_Data  0 <-- 
MT_IIB  WB_Data_clean  0 <-- 
MT_IIB  Unblock  0 <-- 
MT_IIB  PUTX_ACC  361
MT_IIB  DATA_ACC  179

MT_IB  L1_GET_INSTR  0 <-- 
MT_IB  L1_GETS  0 <-- 
MT_IB  L1_GETX  0 <-- 
MT_IB  L1_UPGRADE  0 <-- 
MT_IB  L1_PUTX  0 <-- 
MT_IB  L1_PUTX_old  0 <-- 
MT_IB  L2_Replacement  0 <-- 
MT_IB  L2_Replacement_clean  0 <-- 
MT_IB  WB_Data  0 <-- 
MT_IB  WB_Data_clean  0 <-- 

MT_SB  L1_GET_INSTR  0 <-- 
MT_SB  L1_GETS  0 <-- 
MT_SB  L1_GETX  0 <-- 
MT_SB  L1_UPGRADE  0 <-- 
MT_SB  L1_PUTX  0 <-- 
MT_SB  L1_PUTX_old  0 <-- 
MT_SB  L2_Replacement  0 <-- 
MT_SB  L2_Replacement_clean  0 <-- 
MT_SB  Unblock  0 <-- 

 --- L1Cache ---
 - Event Counts -
Load  157767
Ifetch  0
Store  45103
Inv  0
L1_Replacement  0
Fwd_GETX  547
Fwd_GETS  0
Fwd_GET_INSTR  0
Data  0
Data_Exclusive  549
DataS_fromL1  0
Data_all_Acks  0
Ack  0
Ack_all  0
WB_Ack  0

 - Transitions -
NP  Load  179
NP  Ifetch  0 <-- 
NP  Store  1
NP  Inv  0 <-- 
NP  L1_Replacement  0 <-- 

I  Load  362
I  Ifetch  0 <-- 
I  Store  7
I  Inv  0 <-- 
I  L1_Replacement  0 <-- 

S  Load  0 <-- 
S  Ifetch  0 <-- 
S  Store  0 <-- 
S  Inv  0 <-- 
S  L1_Replacement  0 <-- 

E  Load  569
E  Ifetch  0 <-- 
E  Store  537
E  Inv  0 <-- 
E  L1_Replacement  0 <-- 
E  Fwd_GETX  4
E  Fwd_GETS  0 <-- 
E  Fwd_GET_INSTR  0 <-- 

M  Load  156657
M  Ifetch  0 <-- 
M  Store  44558
M  Inv  0 <-- 
M  L1_Replacement  0 <-- 
M  Fwd_GETX  543
M  Fwd_GETS  0 <-- 
M  Fwd_GET_INSTR  0 <-- 

IS  Load  0 <-- 
IS  Ifetch  0 <-- 
IS  Store  0 <-- 
IS  Inv  0 <-- 
IS  L1_Replacement  0 <-- 
IS  Data_Exclusive  541
IS  DataS_fromL1  0 <-- 
IS  Data_all_Acks  0 <-- 

IM  Load  0 <-- 
IM  Ifetch  0 <-- 
IM  Store  0 <-- 
IM  Inv  0 <-- 
IM  L1_Replacement  0 <-- 
IM  Data  0 <-- 
IM  Data_Exclusive  8
IM  Data_all_Acks  0 <-- 
IM  Ack  0 <-- 

SM  Load  0 <-- 
SM  Ifetch  0 <-- 
SM  Store  0 <-- 
SM  Inv  0 <-- 
SM  L1_Replacement  0 <-- 
SM  Ack  0 <-- 
SM  Ack_all  0 <-- 

IS_I  Load  0 <-- 
IS_I  Ifetch  0 <-- 
IS_I  Store  0 <-- 
IS_I  Inv  0 <-- 
IS_I  L1_Replacement  0 <-- 
IS_I  Data_Exclusive  0 <-- 
IS_I  DataS_fromL1  0 <-- 
IS_I  Data_all_Acks  0 <-- 

M_I  Load  0 <-- 
M_I  Ifetch  0 <-- 
M_I  Store  0 <-- 
M_I  Inv  0 <-- 
M_I  L1_Replacement  0 <-- 
M_I  Fwd_GETX  0 <-- 
M_I  Fwd_GETS  0 <-- 
M_I  Fwd_GET_INSTR  0 <-- 
M_I  WB_Ack  0 <-- 

E_I  Load  0 <-- 
E_I  Ifetch  0 <-- 
E_I  Store  0 <-- 
E_I  L1_Replacement  0 <-- 

SINK_WB_ACK  Load  0 <-- 
SINK_WB_ACK  Ifetch  0 <-- 
SINK_WB_ACK  Store  0 <-- 
SINK_WB_ACK  Inv  0 <-- 
SINK_WB_ACK  L1_Replacement  0 <-- 
SINK_WB_ACK  WB_Ack  0 <-- 

 --- Directory ---
 - Event Counts -
Fetch  901
Data  0

 - Transitions -
I  Fetch  901
I  Data  0 <-- 


Chip Buffer Stats
----------

MessageBuffer: [Chip 0 0, L1TCache, requestFromL1Cache] stats - msgs:586508 full:0 size:[binsize: 1 max: 4 count: 586508 average: 1.026 | standard deviation: 0.161064 | 0 571442 14886 179 1 ]
MessageBuffer: [Chip 0 1, L1TCache, requestFromL1Cache] stats - msgs:551814 full:0 size:[binsize: 1 max: 3 count: 551814 average: 1.08517 | standard deviation: 0.280794 | 0 505075 46482 257 ]
MessageBuffer: [Chip 0 2, L1TCache, requestFromL1Cache] stats - msgs:0 full:0 size:[binsize: 1 max: 0 count: 0 average: NaN |standard deviation: NaN | 0 ]
MessageBuffer: [Chip 0 3, L1TCache, requestFromL1Cache] stats - msgs:0 full:0 size:[binsize: 1 max: 0 count: 0 average: NaN |standard deviation: NaN | 0 ]
MessageBuffer: [Chip 0 4, L1TCache, requestFromL1Cache] stats - msgs:0 full:0 size:[binsize: 1 max: 0 count: 0 average: NaN |standard deviation: NaN | 0 ]
MessageBuffer: [Chip 0 5, L1TCache, requestFromL1Cache] stats - msgs:0 full:0 size:[binsize: 1 max: 0 count: 0 average: NaN |standard deviation: NaN | 0 ]
MessageBuffer: [Chip 0 6, L1TCache, requestFromL1Cache] stats - msgs:0 full:0 size:[binsize: 1 max: 0 count: 0 average: NaN |standard deviation: NaN | 0 ]
MessageBuffer: [Chip 0 7, L1TCache, requestFromL1Cache] stats - msgs:0 full:0 size:[binsize: 1 max: 0 count: 0 average: NaN |standard deviation: NaN | 0 ]
MessageBuffer: [Chip 0 0, L1TCache, responseToL1Cache] stats - msgs:586508 full:0 size:[binsize: 1 max: 2 count: 586508 average: 1.00472 | standard deviation: 0.068512 | 0 583742 2766 ]
MessageBuffer: [Chip 0 1, L1TCache, responseToL1Cache] stats - msgs:551814 full:0 size:[binsize: 1 max: 2 count: 551814 average: 1.00436 | standard deviation: 0.065908 | 0 549407 2407 ]
MessageBuffer: [Chip 0 2, L1TCache, responseToL1Cache] stats - msgs:0 full:0 size:[binsize: 1 max: 0 count: 0 average: NaN |standard deviation: NaN | 0 ]
MessageBuffer: [Chip 0 3, L1TCache, responseToL1Cache] stats - msgs:0 full:0 size:[binsize: 1 max: 0 count: 0 average: NaN |standard deviation: NaN | 0 ]
MessageBuffer: [Chip 0 4, L1TCache, responseToL1Cache] stats - msgs:0 full:0 size:[binsize: 1 max: 0 count: 0 average: NaN |standard deviation: NaN | 0 ]
MessageBuffer: [Chip 0 5, L1TCache, responseToL1Cache] stats - msgs:0 full:0 size:[binsize: 1 max: 0 count: 0 average: NaN |standard deviation: NaN | 0 ]
MessageBuffer: [Chip 0 6, L1TCache, responseToL1Cache] stats - msgs:0 full:0 size:[binsize: 1 max: 0 count: 0 average: NaN |standard deviation: NaN | 0 ]
MessageBuffer: [Chip 0 7, L1TCache, responseToL1Cache] stats - msgs:0 full:0 size:[binsize: 1 max: 0 count: 0 average: NaN |standard deviation: NaN | 0 ]
MessageBuffer: [Chip 0 0, L2TCache, responseFromL2Cache] stats - msgs:0 full:0 size:[binsize: 1 max: 0 count: 0 average: NaN |standard deviation: NaN | 0 ]
MessageBuffer: [Chip 0 1, L2TCache, responseFromL2Cache] stats - msgs:0 full:0 size:[binsize: 1 max: 0 count: 0 average: NaN |standard deviation: NaN | 0 ]
MessageBuffer: [Chip 0 2, L2TCache, responseFromL2Cache] stats - msgs:1053086 full:0 size:[binsize: 1 max: 3 count: 1053086 average: 1.10843 | standard deviation: 0.312119 | 0 939295 113398 393 ]
MessageBuffer: [Chip 0 3, L2TCache, responseFromL2Cache] stats - msgs:85236 full:0 size:[binsize: 1 max: 2 count: 85236 average: 1.03624 | standard deviation: 0.186919 | 0 82147 3089 ]
MessageBuffer: [Chip 0 0, L2TCache, L1RequestToL2Cache] stats - msgs:0 full:0 size:[binsize: 1 max: 0 count: 0 average: NaN |standard deviation: NaN | 0 ]
MessageBuffer: [Chip 0 1, L2TCache, L1RequestToL2Cache] stats - msgs:0 full:0 size:[binsize: 1 max: 0 count: 0 average: NaN |standard deviation: NaN | 0 ]
MessageBuffer: [Chip 0 2, L2TCache, L1RequestToL2Cache] stats - msgs:1053086 full:0 size:[binsize: 1 max: 3 count: 1053086 average: 1.00219 | standard deviation: 0.0467948 | 0 1050778 2307 1 ]
MessageBuffer: [Chip 0 3, L2TCache, L1RequestToL2Cache] stats - msgs:85236 full:0 size:[binsize: 1 max: 2 count: 85236 average: 1.01987 | standard deviation: 0.139597 | 0 83542 1694 ]
MessageBuffer: [Chip 0 0, L2TCache, requestFromL2TCache] stats - msgs:0 full:0 size:[binsize: 1 max: 0 count: 0 average: NaN |standard deviation: NaN | 0 ]
MessageBuffer: [Chip 0 1, L2TCache, requestFromL2TCache] stats - msgs:0 full:0 size:[binsize: 1 max: 0 count: 0 average: NaN |standard deviation: NaN | 0 ]
MessageBuffer: [Chip 0 2, L2TCache, requestFromL2TCache] stats - msgs:19 full:0 size:[binsize: 1 max: 1 count: 19 average:     1 | standard deviation: 0 | 0 19 ]
MessageBuffer: [Chip 0 3, L2TCache, requestFromL2TCache] stats - msgs:1789 full:0 size:[binsize: 1 max: 2 count: 1789 average: 1.00056 | standard deviation: 0.0236492 | 0 1788 1 ]
MessageBuffer: [Chip 0 0, L2TCache, responseFromL2TCache] stats - msgs:0 full:0 size:[binsize: 1 max: 0 count: 0 average: NaN |standard deviation: NaN | 0 ]
MessageBuffer: [Chip 0 1, L2TCache, responseFromL2TCache] stats - msgs:0 full:0 size:[binsize: 1 max: 0 count: 0 average: NaN |standard deviation: NaN | 0 ]
MessageBuffer: [Chip 0 2, L2TCache, responseFromL2TCache] stats - msgs:8 full:0 size:[binsize: 1 max: 1 count: 8 average:     1 | standard deviation: 0 | 0 8 ]
MessageBuffer: [Chip 0 3, L2TCache, responseFromL2TCache] stats - msgs:179 full:0 size:[binsize: 1 max: 1 count: 179 average:     1 | standard deviation: 0 | 0 179 ]
MessageBuffer: [Chip 0 0, L2TCache, unblockFromL2TCache] stats - msgs:0 full:0 size:[binsize: 1 max: 0 count: 0 average: NaN |standard deviation: NaN | 0 ]
MessageBuffer: [Chip 0 1, L2TCache, unblockFromL2TCache] stats - msgs:0 full:0 size:[binsize: 1 max: 0 count: 0 average: NaN |standard deviation: NaN | 0 ]
MessageBuffer: [Chip 0 2, L2TCache, unblockFromL2TCache] stats - msgs:15 full:0 size:[binsize: 1 max: 1 count: 15 average:     1 | standard deviation: 0 | 0 15 ]
MessageBuffer: [Chip 0 3, L2TCache, unblockFromL2TCache] stats - msgs:1432 full:0 size:[binsize: 1 max: 1 count: 1432 average:     1 | standard deviation: 0 | 0 1432 ]
MessageBuffer: [Chip 0 0, L2TCache, requestToL2TCache] stats - msgs:0 full:0 size:[binsize: 1 max: 0 count: 0 average: NaN |standard deviation: NaN | 0 ]
MessageBuffer: [Chip 0 1, L2TCache, requestToL2TCache] stats - msgs:0 full:0 size:[binsize: 1 max: 0 count: 0 average: NaN |standard deviation: NaN | 0 ]
MessageBuffer: [Chip 0 2, L2TCache, requestToL2TCache] stats - msgs:12 full:0 size:[binsize: 1 max: 1 count: 12 average:     1 | standard deviation: 0 | 0 12 ]
MessageBuffer: [Chip 0 3, L2TCache, requestToL2TCache] stats - msgs:536 full:0 size:[binsize: 1 max: 1 count: 536 average:     1 | standard deviation: 0 | 0 536 ]
MessageBuffer: [Chip 0 0, L2TCache, responseToL2TCache] stats - msgs:0 full:0 size:[binsize: 1 max: 0 count: 0 average: NaN |standard deviation: NaN | 0 ]
MessageBuffer: [Chip 0 1, L2TCache, responseToL2TCache] stats - msgs:0 full:0 size:[binsize: 1 max: 0 count: 0 average: NaN |standard deviation: NaN | 0 ]
MessageBuffer: [Chip 0 2, L2TCache, responseToL2TCache] stats - msgs:27 full:0 size:[binsize: 1 max: 1 count: 27 average:     1 | standard deviation: 0 | 0 27 ]
MessageBuffer: [Chip 0 3, L2TCache, responseToL2TCache] stats - msgs:1968 full:0 size:[binsize: 1 max: 1 count: 1968 average:     1 | standard deviation: 0 | 0 1968 ]
MessageBuffer: [Chip 0 0, L2Cache, DirRequestFromL2Cache] stats - msgs:0 full:0 size:[binsize: 1 max: 0 count: 0 average: NaN |standard deviation: NaN | 0 ]
MessageBuffer: [Chip 0 1, L2Cache, DirRequestFromL2Cache] stats - msgs:0 full:0 size:[binsize: 1 max: 0 count: 0 average: NaN |standard deviation: NaN | 0 ]
MessageBuffer: [Chip 0 2, L2Cache, DirRequestFromL2Cache] stats - msgs:5 full:0 size:[binsize: 1 max: 1 count: 5 average:     1 | standard deviation: 0 | 0 5 ]
MessageBuffer: [Chip 0 3, L2Cache, DirRequestFromL2Cache] stats - msgs:896 full:0 size:[binsize: 1 max: 2 count: 896 average: 1.00112 | standard deviation: 0.0334263 | 0 895 1 ]
MessageBuffer: [Chip 0 0, L2Cache, L1RequestFromL2Cache] stats - msgs:0 full:0 size:[binsize: 1 max: 0 count: 0 average: NaN |standard deviation: NaN | 0 ]
MessageBuffer: [Chip 0 1, L2Cache, L1RequestFromL2Cache] stats - msgs:0 full:0 size:[binsize: 1 max: 0 count: 0 average: NaN |standard deviation: NaN | 0 ]
MessageBuffer: [Chip 0 2, L2Cache, L1RequestFromL2Cache] stats - msgs:23 full:0 size:[binsize: 1 max: 1 count: 23 average:     1 | standard deviation: 0 | 0 23 ]
MessageBuffer: [Chip 0 3, L2Cache, L1RequestFromL2Cache] stats - msgs:1072 full:0 size:[binsize: 1 max: 1 count: 1072 average:     1 | standard deviation: 0 | 0 1072 ]
MessageBuffer: [Chip 0 0, L2Cache, responseFromL2Cache] stats - msgs:0 full:0 size:[binsize: 1 max: 0 count: 0 average: NaN |standard deviation: NaN | 0 ]
MessageBuffer: [Chip 0 1, L2Cache, responseFromL2Cache] stats - msgs:0 full:0 size:[binsize: 1 max: 0 count: 0 average: NaN |standard deviation: NaN | 0 ]
MessageBuffer: [Chip 0 2, L2Cache, responseFromL2Cache] stats - msgs:29 full:0 size:[binsize: 1 max: 2 count: 29 average: 1.44828 | standard deviation: 0.534522 | 0 16 13 ]
MessageBuffer: [Chip 0 3, L2Cache, responseFromL2Cache] stats - msgs:1968 full:0 size:[binsize: 1 max: 2 count: 1968 average: 1.27287 | standard deviation: 0.445847 | 0 1431 537 ]
MessageBuffer: [Chip 0 0, L2Cache, unblockToL2Cache] stats - msgs:0 full:0 size:[binsize: 1 max: 0 count: 0 average: NaN |standard deviation: NaN | 0 ]
MessageBuffer: [Chip 0 1, L2Cache, unblockToL2Cache] stats - msgs:0 full:0 size:[binsize: 1 max: 0 count: 0 average: NaN |standard deviation: NaN | 0 ]
MessageBuffer: [Chip 0 2, L2Cache, unblockToL2Cache] stats - msgs:28 full:0 size:[binsize: 1 max: 1 count: 28 average:     1 | standard deviation: 0 | 0 28 ]
MessageBuffer: [Chip 0 3, L2Cache, unblockToL2Cache] stats - msgs:1968 full:0 size:[binsize: 1 max: 1 count: 1968 average:     1 | standard deviation: 0 | 0 1968 ]
MessageBuffer: [Chip 0 0, L2Cache, L1RequestToL2Cache] stats - msgs:0 full:0 size:[binsize: 1 max: 0 count: 0 average: NaN |standard deviation: NaN | 0 ]
MessageBuffer: [Chip 0 1, L2Cache, L1RequestToL2Cache] stats - msgs:0 full:0 size:[binsize: 1 max: 0 count: 0 average: NaN |standard deviation: NaN | 0 ]
MessageBuffer: [Chip 0 2, L2Cache, L1RequestToL2Cache] stats - msgs:32 full:0 size:[binsize: 1 max: 1 count: 32 average:     1 | standard deviation: 0 | 0 32 ]
MessageBuffer: [Chip 0 3, L2Cache, L1RequestToL2Cache] stats - msgs:2325 full:0 size:[binsize: 1 max: 1 count: 2325 average:     1 | standard deviation: 0 | 0 2325 ]
MessageBuffer: [Chip 0 0, L2Cache, responseToL2Cache] stats - msgs:0 full:0 size:[binsize: 1 max: 0 count: 0 average: NaN |standard deviation: NaN | 0 ]
MessageBuffer: [Chip 0 1, L2Cache, responseToL2Cache] stats - msgs:0 full:0 size:[binsize: 1 max: 0 count: 0 average: NaN |standard deviation: NaN | 0 ]
MessageBuffer: [Chip 0 2, L2Cache, responseToL2Cache] stats - msgs:13 full:0 size:[binsize: 1 max: 1 count: 13 average:     1 | standard deviation: 0 | 0 13 ]
MessageBuffer: [Chip 0 3, L2Cache, responseToL2Cache] stats - msgs:1075 full:0 size:[binsize: 1 max: 1 count: 1075 average:     1 | standard deviation: 0 | 0 1075 ]
MessageBuffer: [Chip 0 0, L1Cache, requestFromL1Cache] stats - msgs:549 full:0 size:[binsize: 1 max: 2 count: 549 average: 1.00182 | standard deviation: 0.0427179 | 0 548 1 ]
MessageBuffer: [Chip 0 1, L1Cache, requestFromL1Cache] stats - msgs:0 full:0 size:[binsize: 1 max: 0 count: 0 average: NaN |standard deviation: NaN | 0 ]
MessageBuffer: [Chip 0 2, L1Cache, requestFromL1Cache] stats - msgs:0 full:0 size:[binsize: 1 max: 0 count: 0 average: NaN |standard deviation: NaN | 0 ]
MessageBuffer: [Chip 0 3, L1Cache, requestFromL1Cache] stats - msgs:0 full:0 size:[binsize: 1 max: 0 count: 0 average: NaN |standard deviation: NaN | 0 ]
MessageBuffer: [Chip 0 4, L1Cache, requestFromL1Cache] stats - msgs:0 full:0 size:[binsize: 1 max: 0 count: 0 average: NaN |standard deviation: NaN | 0 ]
MessageBuffer: [Chip 0 5, L1Cache, requestFromL1Cache] stats - msgs:0 full:0 size:[binsize: 1 max: 0 count: 0 average: NaN |standard deviation: NaN | 0 ]
MessageBuffer: [Chip 0 6, L1Cache, requestFromL1Cache] stats - msgs:0 full:0 size:[binsize: 1 max: 0 count: 0 average: NaN |standard deviation: NaN | 0 ]
MessageBuffer: [Chip 0 7, L1Cache, requestFromL1Cache] stats - msgs:0 full:0 size:[binsize: 1 max: 0 count: 0 average: NaN |standard deviation: NaN | 0 ]
MessageBuffer: [Chip 0 0, L1Cache, responseFromL1Cache] stats - msgs:547 full:0 size:[binsize: 1 max: 1 count: 547 average:     1 | standard deviation: 0 | 0 547 ]
MessageBuffer: [Chip 0 1, L1Cache, responseFromL1Cache] stats - msgs:0 full:0 size:[binsize: 1 max: 0 count: 0 average: NaN |standard deviation: NaN | 0 ]
MessageBuffer: [Chip 0 2, L1Cache, responseFromL1Cache] stats - msgs:0 full:0 size:[binsize: 1 max: 0 count: 0 average: NaN |standard deviation: NaN | 0 ]
MessageBuffer: [Chip 0 3, L1Cache, responseFromL1Cache] stats - msgs:0 full:0 size:[binsize: 1 max: 0 count: 0 average: NaN |standard deviation: NaN | 0 ]
MessageBuffer: [Chip 0 4, L1Cache, responseFromL1Cache] stats - msgs:0 full:0 size:[binsize: 1 max: 0 count: 0 average: NaN |standard deviation: NaN | 0 ]
MessageBuffer: [Chip 0 5, L1Cache, responseFromL1Cache] stats - msgs:0 full:0 size:[binsize: 1 max: 0 count: 0 average: NaN |standard deviation: NaN | 0 ]
MessageBuffer: [Chip 0 6, L1Cache, responseFromL1Cache] stats - msgs:0 full:0 size:[binsize: 1 max: 0 count: 0 average: NaN |standard deviation: NaN | 0 ]
MessageBuffer: [Chip 0 7, L1Cache, responseFromL1Cache] stats - msgs:0 full:0 size:[binsize: 1 max: 0 count: 0 average: NaN |standard deviation: NaN | 0 ]
MessageBuffer: [Chip 0 0, L1Cache, unblockFromL1Cache] stats - msgs:549 full:0 size:[binsize: 1 max: 1 count: 549 average:     1 | standard deviation: 0 | 0 549 ]
MessageBuffer: [Chip 0 1, L1Cache, unblockFromL1Cache] stats - msgs:0 full:0 size:[binsize: 1 max: 0 count: 0 average: NaN |standard deviation: NaN | 0 ]
MessageBuffer: [Chip 0 2, L1Cache, unblockFromL1Cache] stats - msgs:0 full:0 size:[binsize: 1 max: 0 count: 0 average: NaN |standard deviation: NaN | 0 ]
MessageBuffer: [Chip 0 3, L1Cache, unblockFromL1Cache] stats - msgs:0 full:0 size:[binsize: 1 max: 0 count: 0 average: NaN |standard deviation: NaN | 0 ]
MessageBuffer: [Chip 0 4, L1Cache, unblockFromL1Cache] stats - msgs:0 full:0 size:[binsize: 1 max: 0 count: 0 average: NaN |standard deviation: NaN | 0 ]
MessageBuffer: [Chip 0 5, L1Cache, unblockFromL1Cache] stats - msgs:0 full:0 size:[binsize: 1 max: 0 count: 0 average: NaN |standard deviation: NaN | 0 ]
MessageBuffer: [Chip 0 6, L1Cache, unblockFromL1Cache] stats - msgs:0 full:0 size:[binsize: 1 max: 0 count: 0 average: NaN |standard deviation: NaN | 0 ]
MessageBuffer: [Chip 0 7, L1Cache, unblockFromL1Cache] stats - msgs:0 full:0 size:[binsize: 1 max: 0 count: 0 average: NaN |standard deviation: NaN | 0 ]
MessageBuffer: [Chip 0 0, L1Cache, requestToL1Cache] stats - msgs:547 full:0 size:[binsize: 1 max: 1 count: 547 average:     1 | standard deviation: 0 | 0 547 ]
MessageBuffer: [Chip 0 1, L1Cache, requestToL1Cache] stats - msgs:0 full:0 size:[binsize: 1 max: 0 count: 0 average: NaN |standard deviation: NaN | 0 ]
MessageBuffer: [Chip 0 2, L1Cache, requestToL1Cache] stats - msgs:0 full:0 size:[binsize: 1 max: 0 count: 0 average: NaN |standard deviation: NaN | 0 ]
MessageBuffer: [Chip 0 3, L1Cache, requestToL1Cache] stats - msgs:0 full:0 size:[binsize: 1 max: 0 count: 0 average: NaN |standard deviation: NaN | 0 ]
MessageBuffer: [Chip 0 4, L1Cache, requestToL1Cache] stats - msgs:0 full:0 size:[binsize: 1 max: 0 count: 0 average: NaN |standard deviation: NaN | 0 ]
MessageBuffer: [Chip 0 5, L1Cache, requestToL1Cache] stats - msgs:0 full:0 size:[binsize: 1 max: 0 count: 0 average: NaN |standard deviation: NaN | 0 ]
MessageBuffer: [Chip 0 6, L1Cache, requestToL1Cache] stats - msgs:0 full:0 size:[binsize: 1 max: 0 count: 0 average: NaN |standard deviation: NaN | 0 ]
MessageBuffer: [Chip 0 7, L1Cache, requestToL1Cache] stats - msgs:0 full:0 size:[binsize: 1 max: 0 count: 0 average: NaN |standard deviation: NaN | 0 ]
MessageBuffer: [Chip 0 0, L1Cache, responseToL1Cache] stats - msgs:549 full:0 size:[binsize: 1 max: 1 count: 549 average:     1 | standard deviation: 0 | 0 549 ]
MessageBuffer: [Chip 0 1, L1Cache, responseToL1Cache] stats - msgs:0 full:0 size:[binsize: 1 max: 0 count: 0 average: NaN |standard deviation: NaN | 0 ]
MessageBuffer: [Chip 0 2, L1Cache, responseToL1Cache] stats - msgs:0 full:0 size:[binsize: 1 max: 0 count: 0 average: NaN |standard deviation: NaN | 0 ]
MessageBuffer: [Chip 0 3, L1Cache, responseToL1Cache] stats - msgs:0 full:0 size:[binsize: 1 max: 0 count: 0 average: NaN |standard deviation: NaN | 0 ]
MessageBuffer: [Chip 0 4, L1Cache, responseToL1Cache] stats - msgs:0 full:0 size:[binsize: 1 max: 0 count: 0 average: NaN |standard deviation: NaN | 0 ]
MessageBuffer: [Chip 0 5, L1Cache, responseToL1Cache] stats - msgs:0 full:0 size:[binsize: 1 max: 0 count: 0 average: NaN |standard deviation: NaN | 0 ]
MessageBuffer: [Chip 0 6, L1Cache, responseToL1Cache] stats - msgs:0 full:0 size:[binsize: 1 max: 0 count: 0 average: NaN |standard deviation: NaN | 0 ]
MessageBuffer: [Chip 0 7, L1Cache, responseToL1Cache] stats - msgs:0 full:0 size:[binsize: 1 max: 0 count: 0 average: NaN |standard deviation: NaN | 0 ]
MessageBuffer: [Chip 0 0, Directory, requestToDir] stats - msgs:225 full:0 size:[binsize: 1 max: 1 count: 225 average:     1 | standard deviation: 0 | 0 225 ]
MessageBuffer: [Chip 0 1, Directory, requestToDir] stats - msgs:225 full:0 size:[binsize: 1 max: 1 count: 225 average:     1 | standard deviation: 0 | 0 225 ]
MessageBuffer: [Chip 0 2, Directory, requestToDir] stats - msgs:227 full:0 size:[binsize: 1 max: 2 count: 227 average: 1.00441 | standard deviation: 0.066519 | 0 226 1 ]
MessageBuffer: [Chip 0 3, Directory, requestToDir] stats - msgs:224 full:0 size:[binsize: 1 max: 1 count: 224 average:     1 | standard deviation: 0 | 0 224 ]
MessageBuffer: [Chip 0 0, Directory, responseToDir] stats - msgs:0 full:0 size:[binsize: 1 max: 0 count: 0 average: NaN |standard deviation: NaN | 0 ]
MessageBuffer: [Chip 0 1, Directory, responseToDir] stats - msgs:0 full:0 size:[binsize: 1 max: 0 count: 0 average: NaN |standard deviation: NaN | 0 ]
MessageBuffer: [Chip 0 2, Directory, responseToDir] stats - msgs:0 full:0 size:[binsize: 1 max: 0 count: 0 average: NaN |standard deviation: NaN | 0 ]
MessageBuffer: [Chip 0 3, Directory, responseToDir] stats - msgs:0 full:0 size:[binsize: 1 max: 0 count: 0 average: NaN |standard deviation: NaN | 0 ]
MessageBuffer: [Chip 0 0, Directory, responseFromDir] stats - msgs:225 full:0 size:[binsize: 1 max: 1 count: 225 average:     1 | standard deviation: 0 | 0 225 ]
MessageBuffer: [Chip 0 1, Directory, responseFromDir] stats - msgs:225 full:0 size:[binsize: 1 max: 1 count: 225 average:     1 | standard deviation: 0 | 0 225 ]
MessageBuffer: [Chip 0 2, Directory, responseFromDir] stats - msgs:227 full:0 size:[binsize: 1 max: 4 count: 227 average: 1.02643 | standard deviation: 0.248891 | 0 224 1 1 1 ]
MessageBuffer: [Chip 0 3, Directory, responseFromDir] stats - msgs:224 full:0 size:[binsize: 1 max: 1 count: 224 average:     1 | standard deviation: 0 | 0 224 ]
