####################################################################################################
Interval
####################################################################################################

INST_COUNT_TOT                                           20955500                      20955500

CYC_COUNT_TOT                                            34967178                      34967178

EXE_TIME                                                        0                             0

NUM_REPEAT                                                      0                             0

CYC_COUNT_X86                                                   0                             0

CYC_COUNT_PTX                                                   0                             0

AVG_BLOCK_EXE_CYCLE                                             0                             0

AVG_BLOCK_EXE_CYCLE_BASE                                        0                             0

PROGRESS_ERROR                                                  0                             0

FILE_OPEN_ERROR                                                 0                             0

NUM_THREAD                                                      0                             0

APPL_CYC_COUNT_BASE0                                            0                             0

APPL_CYC_COUNT_BASE1                                            0                             0

APPL_CYC_COUNT_BASE2                                            0                             0

APPL_CYC_COUNT_BASE3                                            0                             0

APPL_CYC_COUNT_BASE4                                            0                             0

APPL_CYC_COUNT0                                                 0                           NaN

APPL_CYC_COUNT1                                                 0                           NaN

APPL_CYC_COUNT2                                                 0                           NaN

APPL_CYC_COUNT3                                                 0                           NaN

APPL_CYC_COUNT4                                                 0                           NaN

CPI_DELTA_BASE0                                                 0                             0

CPI_DELTA_BASE1                                                 0                             0

CPI_DELTA_BASE2                                                 0                             0

CPI_DELTA_BASE3                                                 0                             0

CPI_DELTA_BASE4                                                 0                             0

CPI_DELTA0                                                      0                           NaN

CPI_DELTA1                                                      0                           NaN

CPI_DELTA2                                                      0                           NaN

CPI_DELTA3                                                      0                           NaN

CPI_DELTA4                                                      0                           NaN

CYCLE_CPU                                                34967178                      34967178

CYCLE_GPU                                                34967178                      34967178

INST_COUNT_CORE_0                                         5089095                       5089095

CYC_COUNT_CORE_0                                         34967177                      34967177

INST_COUNT_CORE_1                                               0                             0

CYC_COUNT_CORE_1                                         24590076                      24590076

INST_COUNT_CORE_2                                         7625390                       7625390

CYC_COUNT_CORE_2                                         24590073                      24590073

INST_COUNT_CORE_3                                         2879839                       2879839

CYC_COUNT_CORE_3                                         24590073                      24590073

INST_COUNT_CORE_4                                         5361176                       5361176

CYC_COUNT_CORE_4                                         24590073                      24590073

INST_COUNT_CORE_5                                               0                             0

CYC_COUNT_CORE_5                                         24590073                      24590073

INST_COUNT_CORE_6                                               0                             0

CYC_COUNT_CORE_6                                         24590073                      24590073

INST_COUNT_CORE_7                                               0                             0

CYC_COUNT_CORE_7                                         24590073                      24590073

