####################################################################################################
Interval
####################################################################################################

INST_COUNT_TOT                                           16235711                      16235711

CYC_COUNT_TOT                                            74664351                      74664351

EXE_TIME                                                        0                             0

NUM_REPEAT                                                      0                             0

CYC_COUNT_X86                                                   0                             0

CYC_COUNT_PTX                                                   0                             0

AVG_BLOCK_EXE_CYCLE                                             0                             0

AVG_BLOCK_EXE_CYCLE_BASE                                        0                             0

PROGRESS_ERROR                                                  0                             0

FILE_OPEN_ERROR                                                 0                             0

NUM_THREAD                                                      0                             0

APPL_CYC_COUNT_BASE0                                            0                             0

APPL_CYC_COUNT_BASE1                                            0                             0

APPL_CYC_COUNT_BASE2                                            0                             0

APPL_CYC_COUNT_BASE3                                            0                             0

APPL_CYC_COUNT_BASE4                                            0                             0

APPL_CYC_COUNT0                                                 0                           NaN

APPL_CYC_COUNT1                                                 0                           NaN

APPL_CYC_COUNT2                                                 0                           NaN

APPL_CYC_COUNT3                                                 0                           NaN

APPL_CYC_COUNT4                                                 0                           NaN

CPI_DELTA_BASE0                                                 0                             0

CPI_DELTA_BASE1                                                 0                             0

CPI_DELTA_BASE2                                                 0                             0

CPI_DELTA_BASE3                                                 0                             0

CPI_DELTA_BASE4                                                 0                             0

CPI_DELTA0                                                      0                           NaN

CPI_DELTA1                                                      0                           NaN

CPI_DELTA2                                                      0                           NaN

CPI_DELTA3                                                      0                           NaN

CPI_DELTA4                                                      0                           NaN

CYCLE_CPU                                                74664351                      74664351

CYCLE_GPU                                                74664351                      74664351

INST_COUNT_CORE_0                                            1382                          1382

CYC_COUNT_CORE_0                                         74664350                      74664350

INST_COUNT_CORE_1                                               0                             0

CYC_COUNT_CORE_1                                         74657090                      74657090

INST_COUNT_CORE_2                                        11939110                      11939110

CYC_COUNT_CORE_2                                         74657088                      74657088

INST_COUNT_CORE_3                                         4295219                       4295219

CYC_COUNT_CORE_3                                         74657088                      74657088

INST_COUNT_CORE_4                                               0                             0

CYC_COUNT_CORE_4                                         74657088                      74657088

INST_COUNT_CORE_5                                               0                             0

CYC_COUNT_CORE_5                                         74657088                      74657088

INST_COUNT_CORE_6                                               0                             0

CYC_COUNT_CORE_6                                         74657088                      74657088

INST_COUNT_CORE_7                                               0                             0

CYC_COUNT_CORE_7                                         74657088                      74657088

