####################################################################################################
Interval
####################################################################################################

DISPATCHED_INST                                          36327436                      36327436

DISPATCH_WAIT                                          8859410969                       243.877

NUM_NO_FETCH_CYCLES                                             0                             0

AVG_CORE_IDLE_CYCLE                                             0                             0

NUM_SAMPLES_CORE_0                                       92559442                      92559442

NUM_ACTIVE_BLOCKS_CORE_0                                        0                             0

NUM_ACTIVE_THREADS_CORE_0                                92559441                             1

NUM_SCHED_IDLE_CYCLE_CORE_0                                    39                            39

NUM_NO_SCHED_CYCLE_CORE_0                                       0                             0

CORE_DISPATCHED_INST_CORE_0                                    73                            73

CORE_DISPATCH_WAIT_CORE_0                                   19964                       273.479

CORE_CYCLES_CORE_0                                              0                             0

CORE_SCHED_THREADS_CORE_0                                       0                           NaN

CORE_NUM_NO_FETCH_CYCLES_CORE_0                                 0                             0

CORE_NUM_NO_FETCH_CYCLES_WITH_READY_THREADS_CORE_0                   0                             0

CORE_NUM_FETCH_CYCLES_CORE_0                                    0                             0

CORE_FETCH_DELTA_CORE_0                                         0                           NaN

CORE_NUM_RETIRE_CYCLES_CORE_0                                   0                             0

CORE_RETIRE_DELTA_CORE_0                                        0                           NaN

SCHED_FAILED_REASON_SUCCESS_CORE_0                           7344                       39.3295%
SCHED_FAILED_OPERANDS_NOT_READY_CORE_0                      11273                       60.3706%
SCHED_FAILED_NO_PORTS_CORE_0                                   56                      0.299898%
                                                            18673                           100%

NUM_SAMPLES_CORE_1                                       92556253                      92556253

NUM_ACTIVE_BLOCKS_CORE_1                                        0                             0

NUM_ACTIVE_THREADS_CORE_1                                92556253                             1

NUM_SCHED_IDLE_CYCLE_CORE_1                                     0                             0

NUM_NO_SCHED_CYCLE_CORE_1                                       0                             0

CORE_DISPATCHED_INST_CORE_1                                     0                             0

CORE_DISPATCH_WAIT_CORE_1                                       0                           NaN

CORE_CYCLES_CORE_1                                              0                             0

CORE_SCHED_THREADS_CORE_1                                       0                           NaN

CORE_NUM_NO_FETCH_CYCLES_CORE_1                                 0                             0

CORE_NUM_NO_FETCH_CYCLES_WITH_READY_THREADS_CORE_1                   0                             0

CORE_NUM_FETCH_CYCLES_CORE_1                                    0                             0

CORE_FETCH_DELTA_CORE_1                                         0                           NaN

CORE_NUM_RETIRE_CYCLES_CORE_1                                   0                             0

CORE_RETIRE_DELTA_CORE_1                                        0                           NaN

SCHED_FAILED_REASON_SUCCESS_CORE_1                              0                          NaN 
SCHED_FAILED_OPERANDS_NOT_READY_CORE_1                          0                          NaN 
SCHED_FAILED_NO_PORTS_CORE_1                                    0                          NaN 
                                                                0                           100%

NUM_SAMPLES_CORE_2                                       92556249                      92556249

NUM_ACTIVE_BLOCKS_CORE_2                                        0                             0

NUM_ACTIVE_THREADS_CORE_2                                92556249                             1

NUM_SCHED_IDLE_CYCLE_CORE_2                                     4                             4

NUM_NO_SCHED_CYCLE_CORE_2                                       0                             0

CORE_DISPATCHED_INST_CORE_2                                 61407                         61407

CORE_DISPATCH_WAIT_CORE_2                                 1219062                       19.8522

CORE_CYCLES_CORE_2                                              0                             0

CORE_SCHED_THREADS_CORE_2                                       0                           NaN

CORE_NUM_NO_FETCH_CYCLES_CORE_2                                 0                             0

CORE_NUM_NO_FETCH_CYCLES_WITH_READY_THREADS_CORE_2                   0                             0

CORE_NUM_FETCH_CYCLES_CORE_2                                    0                             0

CORE_FETCH_DELTA_CORE_2                                         0                           NaN

CORE_NUM_RETIRE_CYCLES_CORE_2                                   0                             0

CORE_RETIRE_DELTA_CORE_2                                        0                           NaN

SCHED_FAILED_REASON_SUCCESS_CORE_2                          63677                       5.51373%
SCHED_FAILED_OPERANDS_NOT_READY_CORE_2                    1091204                       94.4863%
SCHED_FAILED_NO_PORTS_CORE_2                                    0                             0%
                                                          1154881                           100%

NUM_SAMPLES_CORE_3                                       92556249                      92556249

NUM_ACTIVE_BLOCKS_CORE_3                                        0                             0

NUM_ACTIVE_THREADS_CORE_3                                92556249                             1

NUM_SCHED_IDLE_CYCLE_CORE_3                                   668                           668

NUM_NO_SCHED_CYCLE_CORE_3                                       0                             0

CORE_DISPATCHED_INST_CORE_3                              28255264                      28255264

CORE_DISPATCH_WAIT_CORE_3                              5889643741                       208.444

CORE_CYCLES_CORE_3                                              0                             0

CORE_SCHED_THREADS_CORE_3                                       0                           NaN

CORE_NUM_NO_FETCH_CYCLES_CORE_3                                 0                             0

CORE_NUM_NO_FETCH_CYCLES_WITH_READY_THREADS_CORE_3                   0                             0

CORE_NUM_FETCH_CYCLES_CORE_3                                    0                             0

CORE_FETCH_DELTA_CORE_3                                         0                           NaN

CORE_NUM_RETIRE_CYCLES_CORE_3                                   0                             0

CORE_RETIRE_DELTA_CORE_3                                        0                           NaN

SCHED_FAILED_REASON_SUCCESS_CORE_3                      153303976                       2.61549%
SCHED_FAILED_OPERANDS_NOT_READY_CORE_3                 1413113818                       24.1089%
SCHED_FAILED_NO_PORTS_CORE_3                                    0                             0%
                                                       5861385090                           100%

NUM_SAMPLES_CORE_4                                       92556249                      92556249

NUM_ACTIVE_BLOCKS_CORE_4                                        0                             0

NUM_ACTIVE_THREADS_CORE_4                                92556249                             1

NUM_SCHED_IDLE_CYCLE_CORE_4                                  5104                          5104

NUM_NO_SCHED_CYCLE_CORE_4                                       0                             0

CORE_DISPATCHED_INST_CORE_4                               3173810                       3173810

CORE_DISPATCH_WAIT_CORE_4                               453606956                       142.922

CORE_CYCLES_CORE_4                                              0                             0

CORE_SCHED_THREADS_CORE_4                                       0                           NaN

CORE_NUM_NO_FETCH_CYCLES_CORE_4                                 0                             0

CORE_NUM_NO_FETCH_CYCLES_WITH_READY_THREADS_CORE_4                   0                             0

CORE_NUM_FETCH_CYCLES_CORE_4                                    0                             0

CORE_FETCH_DELTA_CORE_4                                         0                           NaN

CORE_NUM_RETIRE_CYCLES_CORE_4                                   0                             0

CORE_RETIRE_DELTA_CORE_4                                        0                           NaN

SCHED_FAILED_REASON_SUCCESS_CORE_4                       10430519                       2.31568%
SCHED_FAILED_OPERANDS_NOT_READY_CORE_4                  440000347                       97.6843%
SCHED_FAILED_NO_PORTS_CORE_4                                    0                             0%
                                                        450430866                           100%

NUM_SAMPLES_CORE_5                                       92556249                      92556249

NUM_ACTIVE_BLOCKS_CORE_5                                        0                             0

NUM_ACTIVE_THREADS_CORE_5                                92556249                             1

NUM_SCHED_IDLE_CYCLE_CORE_5                                  5404                          5404

NUM_NO_SCHED_CYCLE_CORE_5                                       0                             0

CORE_DISPATCHED_INST_CORE_5                               4836882                       4836882

CORE_DISPATCH_WAIT_CORE_5                              2514921246                       519.947

CORE_CYCLES_CORE_5                                              0                             0

CORE_SCHED_THREADS_CORE_5                                       0                           NaN

CORE_NUM_NO_FETCH_CYCLES_CORE_5                                 0                             0

CORE_NUM_NO_FETCH_CYCLES_WITH_READY_THREADS_CORE_5                   0                             0

CORE_NUM_FETCH_CYCLES_CORE_5                                    0                             0

CORE_FETCH_DELTA_CORE_5                                         0                           NaN

CORE_NUM_RETIRE_CYCLES_CORE_5                                   0                             0

CORE_RETIRE_DELTA_CORE_5                                        0                           NaN

SCHED_FAILED_REASON_SUCCESS_CORE_5                       46102821                        1.8367%
SCHED_FAILED_OPERANDS_NOT_READY_CORE_5                -1830987004                      -72.9453%
SCHED_FAILED_NO_PORTS_CORE_5                                    0                             0%
                                                       2510083113                           100%

NUM_SAMPLES_CORE_6                                       92556249                      92556249

NUM_ACTIVE_BLOCKS_CORE_6                                        0                             0

NUM_ACTIVE_THREADS_CORE_6                                92556249                             1

NUM_SCHED_IDLE_CYCLE_CORE_6                                     0                             0

NUM_NO_SCHED_CYCLE_CORE_6                                       0                             0

CORE_DISPATCHED_INST_CORE_6                                     0                             0

CORE_DISPATCH_WAIT_CORE_6                                       0                           NaN

CORE_CYCLES_CORE_6                                              0                             0

CORE_SCHED_THREADS_CORE_6                                       0                           NaN

CORE_NUM_NO_FETCH_CYCLES_CORE_6                                 0                             0

CORE_NUM_NO_FETCH_CYCLES_WITH_READY_THREADS_CORE_6                   0                             0

CORE_NUM_FETCH_CYCLES_CORE_6                                    0                             0

CORE_FETCH_DELTA_CORE_6                                         0                           NaN

CORE_NUM_RETIRE_CYCLES_CORE_6                                   0                             0

CORE_RETIRE_DELTA_CORE_6                                        0                           NaN

SCHED_FAILED_REASON_SUCCESS_CORE_6                              0                          NaN 
SCHED_FAILED_OPERANDS_NOT_READY_CORE_6                          0                          NaN 
SCHED_FAILED_NO_PORTS_CORE_6                                    0                          NaN 
                                                                0                           100%

NUM_SAMPLES_CORE_7                                       92556249                      92556249

NUM_ACTIVE_BLOCKS_CORE_7                                        0                             0

NUM_ACTIVE_THREADS_CORE_7                                92556249                             1

NUM_SCHED_IDLE_CYCLE_CORE_7                                     0                             0

NUM_NO_SCHED_CYCLE_CORE_7                                       0                             0

CORE_DISPATCHED_INST_CORE_7                                     0                             0

CORE_DISPATCH_WAIT_CORE_7                                       0                           NaN

CORE_CYCLES_CORE_7                                              0                             0

CORE_SCHED_THREADS_CORE_7                                       0                           NaN

CORE_NUM_NO_FETCH_CYCLES_CORE_7                                 0                             0

CORE_NUM_NO_FETCH_CYCLES_WITH_READY_THREADS_CORE_7                   0                             0

CORE_NUM_FETCH_CYCLES_CORE_7                                    0                             0

CORE_FETCH_DELTA_CORE_7                                         0                           NaN

CORE_NUM_RETIRE_CYCLES_CORE_7                                   0                             0

CORE_RETIRE_DELTA_CORE_7                                        0                           NaN

SCHED_FAILED_REASON_SUCCESS_CORE_7                              0                          NaN 
SCHED_FAILED_OPERANDS_NOT_READY_CORE_7                          0                          NaN 
SCHED_FAILED_NO_PORTS_CORE_7                                    0                          NaN 
                                                                0                           100%

