####################################################################################################
Interval
####################################################################################################

FP_OPS_TOT                                                  56965                         56965

FP_OPS_CORE_0                                                   0                             0

OP_CAT_INVALID_CORE_0                                           0                             0%
OP_CAT_3DNOW_CORE_0                                             0                             0%
OP_CAT_AES_CORE_0                                               0                             0%
OP_CAT_BASE_CORE_0                                              0                             0%
OP_CAT_BINARY_CORE_0                                            0                             0%
OP_CAT_BITBYTE_CORE_0                                           0                             0%
OP_CAT_CALL_CORE_0                                              0                             0%
OP_CAT_CMOV_CORE_0                                              4                       7.14286%
OP_CAT_COND_BR_CORE_0                                           0                             0%
OP_CAT_DATAXFER_CORE_0                                          0                             0%
OP_CAT_DECIMAL_CORE_0                                           0                             0%
OP_CAT_FCMOV_CORE_0                                            40                       71.4286%
OP_CAT_FLAGOP_CORE_0                                            0                             0%
OP_CAT_INTERRUPT_CORE_0                                         0                             0%
OP_CAT_IO_CORE_0                                                0                             0%
OP_CAT_IOSTRINGOP_CORE_0                                        0                             0%
OP_CAT_LOGICAL_CORE_0                                           0                             0%
OP_CAT_MISC_CORE_0                                              0                             0%
OP_CAT_MMX_CORE_0                                               0                             0%
OP_CAT_NOP_CORE_0                                               2                       3.57143%
OP_CAT_PCLMULQDQ_CORE_0                                         0                             0%
OP_CAT_POP_CORE_0                                               0                             0%
OP_CAT_PREFETCH_CORE_0                                          0                             0%
OP_CAT_PUSH_CORE_0                                              0                             0%
OP_CAT_RET_CORE_0                                               0                             0%
OP_CAT_ROTATE_CORE_0                                            0                             0%
OP_CAT_SEGOP_CORE_0                                             4                       7.14286%
OP_CAT_SEMAPHORE_CORE_0                                         0                             0%
OP_CAT_SHIFT_CORE_0                                             0                             0%
OP_CAT_SSE_CORE_0                                               0                             0%
OP_CAT_SSE5_CORE_0                                              0                             0%
OP_CAT_STRINGOP_CORE_0                                          0                             0%
OP_CAT_SYSCALL_CORE_0                                           0                             0%
OP_CAT_SYSRET_CORE_0                                            0                             0%
OP_CAT_SYSTEM_CORE_0                                            0                             0%
OP_CAT_UNCOND_BR_CORE_0                                         0                             0%
OP_CAT_VTX_CORE_0                                               0                             0%
OP_CAT_WIDENOP_CORE_0                                           0                             0%
OP_CAT_X87_ALU_CORE_0                                           0                             0%
OP_CAT_XSAVE_CORE_0                                             0                             0%
OP_CAT_TR_MUL_CORE_0                                            2                       3.57143%
OP_CAT_TR_DIV_CORE_0                                            0                             0%
OP_CAT_TR_FMUL_CORE_0                                           0                             0%
OP_CAT_TR_FDIV_CORE_0                                           0                             0%
OP_CAT_TR_NOP_CORE_0                                            0                             0%
OP_CAT_PREFETCH_NTA_CORE_0                                      0                             0%
OP_CAT_PREFETCH_T0_CORE_0                                       0                             0%
OP_CAT_PREFETCH_T1_CORE_0                                       4                       7.14286%
OP_CAT_PREFETCH_T2_CORE_0                                       0                             0%
OP_CAT_TR_MEM_LD_LM_CORE_0                                      0                             0%
OP_CAT_TR_MEM_LD_SM_CORE_0                                      0                             0%
OP_CAT_TR_MEM_LD_GM_CORE_0                                      0                             0%
OP_CAT_TR_MEM_ST_LM_CORE_0                                      0                             0%
OP_CAT_TR_MEM_ST_SM_CORE_0                                      0                             0%
OP_CAT_TR_MEM_ST_GM_CORE_0                                      0                             0%
OP_CAT_TR_DATA_XFER_LM_CORE_0                                   0                             0%
OP_CAT_TR_DATA_XFER_SM_CORE_0                                   0                             0%
OP_CAT_TR_DATA_XFER_GM_CORE_0                                   0                             0%
OP_CAT_TR_LAST_CORE_0                                           0                             0%
                                                               56                           100%

FP_OPS_CORE_1                                                   0                             0

OP_CAT_INVALID_CORE_1                                           0                             0%
OP_CAT_3DNOW_CORE_1                                             0                             0%
OP_CAT_AES_CORE_1                                               0                             0%
OP_CAT_BASE_CORE_1                                              0                             0%
OP_CAT_BINARY_CORE_1                                            5                       0.17343%
OP_CAT_BITBYTE_CORE_1                                           0                             0%
OP_CAT_CALL_CORE_1                                              0                             0%
OP_CAT_CMOV_CORE_1                                              0                             0%
OP_CAT_COND_BR_CORE_1                                           0                             0%
OP_CAT_DATAXFER_CORE_1                                          0                             0%
OP_CAT_DECIMAL_CORE_1                                           0                             0%
OP_CAT_FCMOV_CORE_1                                          2845                       98.6819%
OP_CAT_FLAGOP_CORE_1                                            0                             0%
OP_CAT_INTERRUPT_CORE_1                                         0                             0%
OP_CAT_IO_CORE_1                                                0                             0%
OP_CAT_IOSTRINGOP_CORE_1                                        0                             0%
OP_CAT_LOGICAL_CORE_1                                           0                             0%
OP_CAT_MISC_CORE_1                                              0                             0%
OP_CAT_MMX_CORE_1                                               1                     0.0346861%
OP_CAT_NOP_CORE_1                                               0                             0%
OP_CAT_PCLMULQDQ_CORE_1                                         0                             0%
OP_CAT_POP_CORE_1                                               0                             0%
OP_CAT_PREFETCH_CORE_1                                          0                             0%
OP_CAT_PUSH_CORE_1                                              0                             0%
OP_CAT_RET_CORE_1                                               0                             0%
OP_CAT_ROTATE_CORE_1                                            0                             0%
OP_CAT_SEGOP_CORE_1                                             0                             0%
OP_CAT_SEMAPHORE_CORE_1                                         0                             0%
OP_CAT_SHIFT_CORE_1                                             0                             0%
OP_CAT_SSE_CORE_1                                               0                             0%
OP_CAT_SSE5_CORE_1                                              0                             0%
OP_CAT_STRINGOP_CORE_1                                          0                             0%
OP_CAT_SYSCALL_CORE_1                                           0                             0%
OP_CAT_SYSRET_CORE_1                                            0                             0%
OP_CAT_SYSTEM_CORE_1                                            0                             0%
OP_CAT_UNCOND_BR_CORE_1                                         0                             0%
OP_CAT_VTX_CORE_1                                               0                             0%
OP_CAT_WIDENOP_CORE_1                                           1                     0.0346861%
OP_CAT_X87_ALU_CORE_1                                           0                             0%
OP_CAT_XSAVE_CORE_1                                             0                             0%
OP_CAT_TR_MUL_CORE_1                                           14                      0.485605%
OP_CAT_TR_DIV_CORE_1                                            0                             0%
OP_CAT_TR_FMUL_CORE_1                                           0                             0%
OP_CAT_TR_FDIV_CORE_1                                           0                             0%
OP_CAT_TR_NOP_CORE_1                                            0                             0%
OP_CAT_PREFETCH_NTA_CORE_1                                      0                             0%
OP_CAT_PREFETCH_T0_CORE_1                                       0                             0%
OP_CAT_PREFETCH_T1_CORE_1                                      17                      0.589664%
OP_CAT_PREFETCH_T2_CORE_1                                       0                             0%
OP_CAT_TR_MEM_LD_LM_CORE_1                                      0                             0%
OP_CAT_TR_MEM_LD_SM_CORE_1                                      0                             0%
OP_CAT_TR_MEM_LD_GM_CORE_1                                      0                             0%
OP_CAT_TR_MEM_ST_LM_CORE_1                                      0                             0%
OP_CAT_TR_MEM_ST_SM_CORE_1                                      0                             0%
OP_CAT_TR_MEM_ST_GM_CORE_1                                      0                             0%
OP_CAT_TR_DATA_XFER_LM_CORE_1                                   0                             0%
OP_CAT_TR_DATA_XFER_SM_CORE_1                                   0                             0%
OP_CAT_TR_DATA_XFER_GM_CORE_1                                   0                             0%
OP_CAT_TR_LAST_CORE_1                                           0                             0%
                                                             2883                           100%

FP_OPS_CORE_2                                                7637                          7637

OP_CAT_INVALID_CORE_2                                           0                             0%
OP_CAT_3DNOW_CORE_2                                             0                             0%
OP_CAT_AES_CORE_2                                               0                             0%
OP_CAT_BASE_CORE_2                                              0                             0%
OP_CAT_BINARY_CORE_2                                         5555                       13.2461%
OP_CAT_BITBYTE_CORE_2                                           0                             0%
OP_CAT_CALL_CORE_2                                              0                             0%
OP_CAT_CMOV_CORE_2                                            906                       2.16038%
OP_CAT_COND_BR_CORE_2                                           0                             0%
OP_CAT_DATAXFER_CORE_2                                       3742                       8.92291%
OP_CAT_DECIMAL_CORE_2                                           0                             0%
OP_CAT_FCMOV_CORE_2                                          7373                       17.5811%
OP_CAT_FLAGOP_CORE_2                                            0                             0%
OP_CAT_INTERRUPT_CORE_2                                         0                             0%
OP_CAT_IO_CORE_2                                                0                             0%
OP_CAT_IOSTRINGOP_CORE_2                                        0                             0%
OP_CAT_LOGICAL_CORE_2                                           0                             0%
OP_CAT_MISC_CORE_2                                              0                             0%
OP_CAT_MMX_CORE_2                                             121                      0.288528%
OP_CAT_NOP_CORE_2                                               2                    0.00476906%
OP_CAT_PCLMULQDQ_CORE_2                                         0                             0%
OP_CAT_POP_CORE_2                                               0                             0%
OP_CAT_PREFETCH_CORE_2                                          0                             0%
OP_CAT_PUSH_CORE_2                                              0                             0%
OP_CAT_RET_CORE_2                                               0                             0%
OP_CAT_ROTATE_CORE_2                                            1                    0.00238453%
OP_CAT_SEGOP_CORE_2                                           905                         2.158%
OP_CAT_SEMAPHORE_CORE_2                                         0                             0%
OP_CAT_SHIFT_CORE_2                                             0                             0%
OP_CAT_SSE_CORE_2                                               0                             0%
OP_CAT_SSE5_CORE_2                                              0                             0%
OP_CAT_STRINGOP_CORE_2                                          0                             0%
OP_CAT_SYSCALL_CORE_2                                           0                             0%
OP_CAT_SYSRET_CORE_2                                            0                             0%
OP_CAT_SYSTEM_CORE_2                                            0                             0%
OP_CAT_UNCOND_BR_CORE_2                                         0                             0%
OP_CAT_VTX_CORE_2                                               0                             0%
OP_CAT_WIDENOP_CORE_2                                        1299                        3.0975%
OP_CAT_X87_ALU_CORE_2                                           0                             0%
OP_CAT_XSAVE_CORE_2                                             0                             0%
OP_CAT_TR_MUL_CORE_2                                        19347                       46.1335%
OP_CAT_TR_DIV_CORE_2                                            0                             0%
OP_CAT_TR_FMUL_CORE_2                                           0                             0%
OP_CAT_TR_FDIV_CORE_2                                           0                             0%
OP_CAT_TR_NOP_CORE_2                                            0                             0%
OP_CAT_PREFETCH_NTA_CORE_2                                   2173                       5.18158%
OP_CAT_PREFETCH_T0_CORE_2                                     513                       1.22326%
OP_CAT_PREFETCH_T1_CORE_2                                       0                             0%
OP_CAT_PREFETCH_T2_CORE_2                                       0                             0%
OP_CAT_TR_MEM_LD_LM_CORE_2                                      0                             0%
OP_CAT_TR_MEM_LD_SM_CORE_2                                      0                             0%
OP_CAT_TR_MEM_LD_GM_CORE_2                                      0                             0%
OP_CAT_TR_MEM_ST_LM_CORE_2                                      0                             0%
OP_CAT_TR_MEM_ST_SM_CORE_2                                      0                             0%
OP_CAT_TR_MEM_ST_GM_CORE_2                                      0                             0%
OP_CAT_TR_DATA_XFER_LM_CORE_2                                   0                             0%
OP_CAT_TR_DATA_XFER_SM_CORE_2                                   0                             0%
OP_CAT_TR_DATA_XFER_GM_CORE_2                                   0                             0%
OP_CAT_TR_LAST_CORE_2                                           0                             0%
                                                            41937                           100%

FP_OPS_CORE_3                                                4055                          4055

OP_CAT_INVALID_CORE_3                                           0                             0%
OP_CAT_3DNOW_CORE_3                                             0                             0%
OP_CAT_AES_CORE_3                                               0                             0%
OP_CAT_BASE_CORE_3                                              0                             0%
OP_CAT_BINARY_CORE_3                                      5819505                       32.1581%
OP_CAT_BITBYTE_CORE_3                                           2                   1.10518e-05%
OP_CAT_CALL_CORE_3                                              0                             0%
OP_CAT_CMOV_CORE_3                                            290                    0.00160251%
OP_CAT_COND_BR_CORE_3                                           0                             0%
OP_CAT_DATAXFER_CORE_3                                     794151                       4.38841%
OP_CAT_DECIMAL_CORE_3                                           0                             0%
OP_CAT_FCMOV_CORE_3                                      10021093                       55.3756%
OP_CAT_FLAGOP_CORE_3                                            0                             0%
OP_CAT_INTERRUPT_CORE_3                                         0                             0%
OP_CAT_IO_CORE_3                                                0                             0%
OP_CAT_IOSTRINGOP_CORE_3                                        0                             0%
OP_CAT_LOGICAL_CORE_3                                           0                             0%
OP_CAT_MISC_CORE_3                                              0                             0%
OP_CAT_MMX_CORE_3                                             245                    0.00135385%
OP_CAT_NOP_CORE_3                                            4294                     0.0237282%
OP_CAT_PCLMULQDQ_CORE_3                                         0                             0%
OP_CAT_POP_CORE_3                                               0                             0%
OP_CAT_PREFETCH_CORE_3                                          0                             0%
OP_CAT_PUSH_CORE_3                                              9                   4.97332e-05%
OP_CAT_RET_CORE_3                                               0                             0%
OP_CAT_ROTATE_CORE_3                                            5                   2.76295e-05%
OP_CAT_SEGOP_CORE_3                                           227                    0.00125438%
OP_CAT_SEMAPHORE_CORE_3                                         0                             0%
OP_CAT_SHIFT_CORE_3                                             0                             0%
OP_CAT_SSE_CORE_3                                               0                             0%
OP_CAT_SSE5_CORE_3                                           3073                     0.0169811%
OP_CAT_STRINGOP_CORE_3                                          0                             0%
OP_CAT_SYSCALL_CORE_3                                           0                             0%
OP_CAT_SYSRET_CORE_3                                            0                             0%
OP_CAT_SYSTEM_CORE_3                                            0                             0%
OP_CAT_UNCOND_BR_CORE_3                                         0                             0%
OP_CAT_VTX_CORE_3                                               0                             0%
OP_CAT_WIDENOP_CORE_3                                       49455                      0.273284%
OP_CAT_X87_ALU_CORE_3                                           0                             0%
OP_CAT_XSAVE_CORE_3                                             0                             0%
OP_CAT_TR_MUL_CORE_3                                         6547                     0.0361781%
OP_CAT_TR_DIV_CORE_3                                            0                             0%
OP_CAT_TR_FMUL_CORE_3                                           0                             0%
OP_CAT_TR_FDIV_CORE_3                                     1393928                       7.70272%
OP_CAT_TR_NOP_CORE_3                                         3072                     0.0169756%
OP_CAT_PREFETCH_NTA_CORE_3                                    452                    0.00249771%
OP_CAT_PREFETCH_T0_CORE_3                                     225                    0.00124333%
OP_CAT_PREFETCH_T1_CORE_3                                       1                   5.52591e-06%
OP_CAT_PREFETCH_T2_CORE_3                                       0                             0%
OP_CAT_TR_MEM_LD_LM_CORE_3                                      0                             0%
OP_CAT_TR_MEM_LD_SM_CORE_3                                      0                             0%
OP_CAT_TR_MEM_LD_GM_CORE_3                                      0                             0%
OP_CAT_TR_MEM_ST_LM_CORE_3                                      0                             0%
OP_CAT_TR_MEM_ST_SM_CORE_3                                      0                             0%
OP_CAT_TR_MEM_ST_GM_CORE_3                                      0                             0%
OP_CAT_TR_DATA_XFER_LM_CORE_3                                   0                             0%
OP_CAT_TR_DATA_XFER_SM_CORE_3                                   0                             0%
OP_CAT_TR_DATA_XFER_GM_CORE_3                                   0                             0%
OP_CAT_TR_LAST_CORE_3                                           0                             0%
                                                         18096574                           100%

FP_OPS_CORE_4                                               13566                         13566

OP_CAT_INVALID_CORE_4                                           0                             0%
OP_CAT_3DNOW_CORE_4                                             0                             0%
OP_CAT_AES_CORE_4                                               0                             0%
OP_CAT_BASE_CORE_4                                              0                             0%
OP_CAT_BINARY_CORE_4                                       913220                        42.567%
OP_CAT_BITBYTE_CORE_4                                        2394                      0.111589%
OP_CAT_CALL_CORE_4                                              0                             0%
OP_CAT_CMOV_CORE_4                                              5                    0.00023306%
OP_CAT_COND_BR_CORE_4                                           0                             0%
OP_CAT_DATAXFER_CORE_4                                      57520                       2.68112%
OP_CAT_DECIMAL_CORE_4                                           0                             0%
OP_CAT_FCMOV_CORE_4                                       1078555                       50.2736%
OP_CAT_FLAGOP_CORE_4                                            0                             0%
OP_CAT_INTERRUPT_CORE_4                                         0                             0%
OP_CAT_IO_CORE_4                                                0                             0%
OP_CAT_IOSTRINGOP_CORE_4                                        0                             0%
OP_CAT_LOGICAL_CORE_4                                           0                             0%
OP_CAT_MISC_CORE_4                                              0                             0%
OP_CAT_MMX_CORE_4                                            3995                      0.186215%
OP_CAT_NOP_CORE_4                                           11799                      0.549975%
OP_CAT_PCLMULQDQ_CORE_4                                         0                             0%
OP_CAT_POP_CORE_4                                               0                             0%
OP_CAT_PREFETCH_CORE_4                                          0                             0%
OP_CAT_PUSH_CORE_4                                              2                    9.3224e-05%
OP_CAT_RET_CORE_4                                               0                             0%
OP_CAT_ROTATE_CORE_4                                            2                    9.3224e-05%
OP_CAT_SEGOP_CORE_4                                             0                             0%
OP_CAT_SEMAPHORE_CORE_4                                         0                             0%
OP_CAT_SHIFT_CORE_4                                             0                             0%
OP_CAT_SSE_CORE_4                                               0                             0%
OP_CAT_SSE5_CORE_4                                          16963                      0.790679%
OP_CAT_STRINGOP_CORE_4                                          0                             0%
OP_CAT_SYSCALL_CORE_4                                           0                             0%
OP_CAT_SYSRET_CORE_4                                            0                             0%
OP_CAT_SYSTEM_CORE_4                                            0                             0%
OP_CAT_UNCOND_BR_CORE_4                                         0                             0%
OP_CAT_VTX_CORE_4                                               0                             0%
OP_CAT_WIDENOP_CORE_4                                        1624                     0.0756979%
OP_CAT_X87_ALU_CORE_4                                           0                             0%
OP_CAT_XSAVE_CORE_4                                             0                             0%
OP_CAT_TR_MUL_CORE_4                                        30327                        1.4136%
OP_CAT_TR_DIV_CORE_4                                            0                             0%
OP_CAT_TR_FMUL_CORE_4                                           0                             0%
OP_CAT_TR_FDIV_CORE_4                                       24980                       1.16437%
OP_CAT_TR_NOP_CORE_4                                         1586                     0.0739266%
OP_CAT_PREFETCH_NTA_CORE_4                                   1596                     0.0743928%
OP_CAT_PREFETCH_T0_CORE_4                                     798                     0.0371964%
OP_CAT_PREFETCH_T1_CORE_4                                       4                   0.000186448%
OP_CAT_PREFETCH_T2_CORE_4                                       0                             0%
OP_CAT_TR_MEM_LD_LM_CORE_4                                      0                             0%
OP_CAT_TR_MEM_LD_SM_CORE_4                                      0                             0%
OP_CAT_TR_MEM_LD_GM_CORE_4                                      0                             0%
OP_CAT_TR_MEM_ST_LM_CORE_4                                      0                             0%
OP_CAT_TR_MEM_ST_SM_CORE_4                                      0                             0%
OP_CAT_TR_MEM_ST_GM_CORE_4                                      0                             0%
OP_CAT_TR_DATA_XFER_LM_CORE_4                                   0                             0%
OP_CAT_TR_DATA_XFER_SM_CORE_4                                   0                             0%
OP_CAT_TR_DATA_XFER_GM_CORE_4                                   0                             0%
OP_CAT_TR_LAST_CORE_4                                           0                             0%
                                                          2145370                           100%

FP_OPS_CORE_5                                               31707                         31707

OP_CAT_INVALID_CORE_5                                           0                             0%
OP_CAT_3DNOW_CORE_5                                             0                             0%
OP_CAT_AES_CORE_5                                               0                             0%
OP_CAT_BASE_CORE_5                                              0                             0%
OP_CAT_BINARY_CORE_5                                      1383462                       42.1664%
OP_CAT_BITBYTE_CORE_5                                        6844                      0.208598%
OP_CAT_CALL_CORE_5                                              0                             0%
OP_CAT_CMOV_CORE_5                                              1                   3.04789e-05%
OP_CAT_COND_BR_CORE_5                                           0                             0%
OP_CAT_DATAXFER_CORE_5                                      33293                       1.01473%
OP_CAT_DECIMAL_CORE_5                                           0                             0%
OP_CAT_FCMOV_CORE_5                                       1675456                       51.0661%
OP_CAT_FLAGOP_CORE_5                                            0                             0%
OP_CAT_INTERRUPT_CORE_5                                         0                             0%
OP_CAT_IO_CORE_5                                                0                             0%
OP_CAT_IOSTRINGOP_CORE_5                                        0                             0%
OP_CAT_LOGICAL_CORE_5                                           0                             0%
OP_CAT_MISC_CORE_5                                              0                             0%
OP_CAT_MMX_CORE_5                                            9084                      0.276871%
OP_CAT_NOP_CORE_5                                           11157                      0.340053%
OP_CAT_PCLMULQDQ_CORE_5                                         0                             0%
OP_CAT_POP_CORE_5                                               0                             0%
OP_CAT_PREFETCH_CORE_5                                          0                             0%
OP_CAT_PUSH_CORE_5                                              2                   6.09578e-05%
OP_CAT_RET_CORE_5                                               0                             0%
OP_CAT_ROTATE_CORE_5                                            2                   6.09578e-05%
OP_CAT_SEGOP_CORE_5                                             0                             0%
OP_CAT_SEMAPHORE_CORE_5                                         0                             0%
OP_CAT_SHIFT_CORE_5                                             0                             0%
OP_CAT_SSE_CORE_5                                               0                             0%
OP_CAT_SSE5_CORE_5                                          72465                       2.20866%
OP_CAT_STRINGOP_CORE_5                                          0                             0%
OP_CAT_SYSCALL_CORE_5                                           0                             0%
OP_CAT_SYSRET_CORE_5                                            0                             0%
OP_CAT_SYSTEM_CORE_5                                            0                             0%
OP_CAT_UNCOND_BR_CORE_5                                         0                             0%
OP_CAT_VTX_CORE_5                                               0                             0%
OP_CAT_WIDENOP_CORE_5                                        3616                      0.110212%
OP_CAT_X87_ALU_CORE_5                                           0                             0%
OP_CAT_XSAVE_CORE_5                                             0                             0%
OP_CAT_TR_MUL_CORE_5                                        54243                       1.65327%
OP_CAT_TR_DIV_CORE_5                                            0                             0%
OP_CAT_TR_FMUL_CORE_5                                           0                             0%
OP_CAT_TR_FDIV_CORE_5                                       26911                      0.820218%
OP_CAT_TR_NOP_CORE_5                                            0                             0%
OP_CAT_PREFETCH_NTA_CORE_5                                   2181                     0.0664745%
OP_CAT_PREFETCH_T0_CORE_5                                    2235                     0.0681204%
OP_CAT_PREFETCH_T1_CORE_5                                       4                   0.000121916%
OP_CAT_PREFETCH_T2_CORE_5                                       0                             0%
OP_CAT_TR_MEM_LD_LM_CORE_5                                      0                             0%
OP_CAT_TR_MEM_LD_SM_CORE_5                                      0                             0%
OP_CAT_TR_MEM_LD_GM_CORE_5                                      0                             0%
OP_CAT_TR_MEM_ST_LM_CORE_5                                      0                             0%
OP_CAT_TR_MEM_ST_SM_CORE_5                                      0                             0%
OP_CAT_TR_MEM_ST_GM_CORE_5                                      0                             0%
OP_CAT_TR_DATA_XFER_LM_CORE_5                                   0                             0%
OP_CAT_TR_DATA_XFER_SM_CORE_5                                   0                             0%
OP_CAT_TR_DATA_XFER_GM_CORE_5                                   0                             0%
OP_CAT_TR_LAST_CORE_5                                           0                             0%
                                                          3280956                           100%

FP_OPS_CORE_6                                                   0                             0

OP_CAT_INVALID_CORE_6                                           0                          NaN 
OP_CAT_3DNOW_CORE_6                                             0                          NaN 
OP_CAT_AES_CORE_6                                               0                          NaN 
OP_CAT_BASE_CORE_6                                              0                          NaN 
OP_CAT_BINARY_CORE_6                                            0                          NaN 
OP_CAT_BITBYTE_CORE_6                                           0                          NaN 
OP_CAT_CALL_CORE_6                                              0                          NaN 
OP_CAT_CMOV_CORE_6                                              0                          NaN 
OP_CAT_COND_BR_CORE_6                                           0                          NaN 
OP_CAT_DATAXFER_CORE_6                                          0                          NaN 
OP_CAT_DECIMAL_CORE_6                                           0                          NaN 
OP_CAT_FCMOV_CORE_6                                             0                          NaN 
OP_CAT_FLAGOP_CORE_6                                            0                          NaN 
OP_CAT_INTERRUPT_CORE_6                                         0                          NaN 
OP_CAT_IO_CORE_6                                                0                          NaN 
OP_CAT_IOSTRINGOP_CORE_6                                        0                          NaN 
OP_CAT_LOGICAL_CORE_6                                           0                          NaN 
OP_CAT_MISC_CORE_6                                              0                          NaN 
OP_CAT_MMX_CORE_6                                               0                          NaN 
OP_CAT_NOP_CORE_6                                               0                          NaN 
OP_CAT_PCLMULQDQ_CORE_6                                         0                          NaN 
OP_CAT_POP_CORE_6                                               0                          NaN 
OP_CAT_PREFETCH_CORE_6                                          0                          NaN 
OP_CAT_PUSH_CORE_6                                              0                          NaN 
OP_CAT_RET_CORE_6                                               0                          NaN 
OP_CAT_ROTATE_CORE_6                                            0                          NaN 
OP_CAT_SEGOP_CORE_6                                             0                          NaN 
OP_CAT_SEMAPHORE_CORE_6                                         0                          NaN 
OP_CAT_SHIFT_CORE_6                                             0                          NaN 
OP_CAT_SSE_CORE_6                                               0                          NaN 
OP_CAT_SSE5_CORE_6                                              0                          NaN 
OP_CAT_STRINGOP_CORE_6                                          0                          NaN 
OP_CAT_SYSCALL_CORE_6                                           0                          NaN 
OP_CAT_SYSRET_CORE_6                                            0                          NaN 
OP_CAT_SYSTEM_CORE_6                                            0                          NaN 
OP_CAT_UNCOND_BR_CORE_6                                         0                          NaN 
OP_CAT_VTX_CORE_6                                               0                          NaN 
OP_CAT_WIDENOP_CORE_6                                           0                          NaN 
OP_CAT_X87_ALU_CORE_6                                           0                          NaN 
OP_CAT_XSAVE_CORE_6                                             0                          NaN 
OP_CAT_TR_MUL_CORE_6                                            0                          NaN 
OP_CAT_TR_DIV_CORE_6                                            0                          NaN 
OP_CAT_TR_FMUL_CORE_6                                           0                          NaN 
OP_CAT_TR_FDIV_CORE_6                                           0                          NaN 
OP_CAT_TR_NOP_CORE_6                                            0                          NaN 
OP_CAT_PREFETCH_NTA_CORE_6                                      0                          NaN 
OP_CAT_PREFETCH_T0_CORE_6                                       0                          NaN 
OP_CAT_PREFETCH_T1_CORE_6                                       0                          NaN 
OP_CAT_PREFETCH_T2_CORE_6                                       0                          NaN 
OP_CAT_TR_MEM_LD_LM_CORE_6                                      0                          NaN 
OP_CAT_TR_MEM_LD_SM_CORE_6                                      0                          NaN 
OP_CAT_TR_MEM_LD_GM_CORE_6                                      0                          NaN 
OP_CAT_TR_MEM_ST_LM_CORE_6                                      0                          NaN 
OP_CAT_TR_MEM_ST_SM_CORE_6                                      0                          NaN 
OP_CAT_TR_MEM_ST_GM_CORE_6                                      0                          NaN 
OP_CAT_TR_DATA_XFER_LM_CORE_6                                   0                          NaN 
OP_CAT_TR_DATA_XFER_SM_CORE_6                                   0                          NaN 
OP_CAT_TR_DATA_XFER_GM_CORE_6                                   0                          NaN 
OP_CAT_TR_LAST_CORE_6                                           0                          NaN 
                                                                0                           100%

FP_OPS_CORE_7                                                   0                             0

OP_CAT_INVALID_CORE_7                                           0                          NaN 
OP_CAT_3DNOW_CORE_7                                             0                          NaN 
OP_CAT_AES_CORE_7                                               0                          NaN 
OP_CAT_BASE_CORE_7                                              0                          NaN 
OP_CAT_BINARY_CORE_7                                            0                          NaN 
OP_CAT_BITBYTE_CORE_7                                           0                          NaN 
OP_CAT_CALL_CORE_7                                              0                          NaN 
OP_CAT_CMOV_CORE_7                                              0                          NaN 
OP_CAT_COND_BR_CORE_7                                           0                          NaN 
OP_CAT_DATAXFER_CORE_7                                          0                          NaN 
OP_CAT_DECIMAL_CORE_7                                           0                          NaN 
OP_CAT_FCMOV_CORE_7                                             0                          NaN 
OP_CAT_FLAGOP_CORE_7                                            0                          NaN 
OP_CAT_INTERRUPT_CORE_7                                         0                          NaN 
OP_CAT_IO_CORE_7                                                0                          NaN 
OP_CAT_IOSTRINGOP_CORE_7                                        0                          NaN 
OP_CAT_LOGICAL_CORE_7                                           0                          NaN 
OP_CAT_MISC_CORE_7                                              0                          NaN 
OP_CAT_MMX_CORE_7                                               0                          NaN 
OP_CAT_NOP_CORE_7                                               0                          NaN 
OP_CAT_PCLMULQDQ_CORE_7                                         0                          NaN 
OP_CAT_POP_CORE_7                                               0                          NaN 
OP_CAT_PREFETCH_CORE_7                                          0                          NaN 
OP_CAT_PUSH_CORE_7                                              0                          NaN 
OP_CAT_RET_CORE_7                                               0                          NaN 
OP_CAT_ROTATE_CORE_7                                            0                          NaN 
OP_CAT_SEGOP_CORE_7                                             0                          NaN 
OP_CAT_SEMAPHORE_CORE_7                                         0                          NaN 
OP_CAT_SHIFT_CORE_7                                             0                          NaN 
OP_CAT_SSE_CORE_7                                               0                          NaN 
OP_CAT_SSE5_CORE_7                                              0                          NaN 
OP_CAT_STRINGOP_CORE_7                                          0                          NaN 
OP_CAT_SYSCALL_CORE_7                                           0                          NaN 
OP_CAT_SYSRET_CORE_7                                            0                          NaN 
OP_CAT_SYSTEM_CORE_7                                            0                          NaN 
OP_CAT_UNCOND_BR_CORE_7                                         0                          NaN 
OP_CAT_VTX_CORE_7                                               0                          NaN 
OP_CAT_WIDENOP_CORE_7                                           0                          NaN 
OP_CAT_X87_ALU_CORE_7                                           0                          NaN 
OP_CAT_XSAVE_CORE_7                                             0                          NaN 
OP_CAT_TR_MUL_CORE_7                                            0                          NaN 
OP_CAT_TR_DIV_CORE_7                                            0                          NaN 
OP_CAT_TR_FMUL_CORE_7                                           0                          NaN 
OP_CAT_TR_FDIV_CORE_7                                           0                          NaN 
OP_CAT_TR_NOP_CORE_7                                            0                          NaN 
OP_CAT_PREFETCH_NTA_CORE_7                                      0                          NaN 
OP_CAT_PREFETCH_T0_CORE_7                                       0                          NaN 
OP_CAT_PREFETCH_T1_CORE_7                                       0                          NaN 
OP_CAT_PREFETCH_T2_CORE_7                                       0                          NaN 
OP_CAT_TR_MEM_LD_LM_CORE_7                                      0                          NaN 
OP_CAT_TR_MEM_LD_SM_CORE_7                                      0                          NaN 
OP_CAT_TR_MEM_LD_GM_CORE_7                                      0                          NaN 
OP_CAT_TR_MEM_ST_LM_CORE_7                                      0                          NaN 
OP_CAT_TR_MEM_ST_SM_CORE_7                                      0                          NaN 
OP_CAT_TR_MEM_ST_GM_CORE_7                                      0                          NaN 
OP_CAT_TR_DATA_XFER_LM_CORE_7                                   0                          NaN 
OP_CAT_TR_DATA_XFER_SM_CORE_7                                   0                          NaN 
OP_CAT_TR_DATA_XFER_GM_CORE_7                                   0                          NaN 
OP_CAT_TR_LAST_CORE_7                                           0                          NaN 
                                                                0                           100%

