####################################################################################################
Interval
####################################################################################################

INST_COUNT_TOT                                            6229918                       6229918

CYC_COUNT_TOT                                            28302254                      28302254

EXE_TIME                                                        0                             0

NUM_REPEAT                                                      0                             0

CYC_COUNT_X86                                                   0                             0

CYC_COUNT_PTX                                                   0                             0

AVG_BLOCK_EXE_CYCLE                                             0                             0

AVG_BLOCK_EXE_CYCLE_BASE                                        0                             0

PROGRESS_ERROR                                                  0                             0

FILE_OPEN_ERROR                                                 0                             0

NUM_THREAD                                                      0                             0

APPL_CYC_COUNT_BASE0                                            0                             0

APPL_CYC_COUNT_BASE1                                            0                             0

APPL_CYC_COUNT_BASE2                                            0                             0

APPL_CYC_COUNT_BASE3                                            0                             0

APPL_CYC_COUNT_BASE4                                            0                             0

APPL_CYC_COUNT0                                                 0                           NaN

APPL_CYC_COUNT1                                                 0                           NaN

APPL_CYC_COUNT2                                                 0                           NaN

APPL_CYC_COUNT3                                                 0                           NaN

APPL_CYC_COUNT4                                                 0                           NaN

CPI_DELTA_BASE0                                                 0                             0

CPI_DELTA_BASE1                                                 0                             0

CPI_DELTA_BASE2                                                 0                             0

CPI_DELTA_BASE3                                                 0                             0

CPI_DELTA_BASE4                                                 0                             0

CPI_DELTA0                                                      0                           NaN

CPI_DELTA1                                                      0                           NaN

CPI_DELTA2                                                      0                           NaN

CPI_DELTA3                                                      0                           NaN

CPI_DELTA4                                                      0                           NaN

CYCLE_CPU                                                28302254                      28302254

CYCLE_GPU                                                28302254                      28302254

INST_COUNT_CORE_0                                          225516                        225516

CYC_COUNT_CORE_0                                         28302253                      28302253

INST_COUNT_CORE_1                                            7659                          7659

CYC_COUNT_CORE_1                                         27601516                      27601516

INST_COUNT_CORE_2                                         3299958                       3299958

CYC_COUNT_CORE_2                                         27601508                      27601508

INST_COUNT_CORE_3                                         2696785                       2696785

CYC_COUNT_CORE_3                                         27601508                      27601508

INST_COUNT_CORE_4                                               0                             0

CYC_COUNT_CORE_4                                         27601508                      27601508

INST_COUNT_CORE_5                                               0                             0

CYC_COUNT_CORE_5                                         27601508                      27601508

INST_COUNT_CORE_6                                               0                             0

CYC_COUNT_CORE_6                                         27601508                      27601508

INST_COUNT_CORE_7                                               0                             0

CYC_COUNT_CORE_7                                         27601508                      27601508

