Real time: Nov/23/2014 16:38:28

Profiler Stats
--------------
Elapsed_time_in_seconds: 38
Elapsed_time_in_minutes: 0.633333
Elapsed_time_in_hours: 0.0105556
Elapsed_time_in_days: 0.000439815

Virtual_time_in_seconds: 37.7
Virtual_time_in_minutes: 0.628333
Virtual_time_in_hours:   0.0104722
Virtual_time_in_days:    0.0104722

Ruby_current_time: 1410845
Ruby_start_time: 1
Ruby_cycles: 1410844

mbytes_resident: 86.832
mbytes_total: 120.75
resident_ratio: 0.719106

Total_misses: 0
total_misses: 0 [ 0 0 0 0 0 0 0 0 ]
user_misses: 0 [ 0 0 0 0 0 0 0 0 ]
supervisor_misses: 0 [ 0 0 0 0 0 0 0 0 ]

instruction_executed: 8 [ 1 1 1 1 1 1 1 1 ]
simics_cycles_executed: 8 [ 1 1 1 1 1 1 1 1 ]
cycles_per_instruction: 1.41084e+06 [ 1.41084e+06 1.41084e+06 1.41084e+06 1.41084e+06 1.41084e+06 1.41084e+06 1.41084e+06 1.41084e+06 ]
misses_per_thousand_instructions: 0 [ 0 0 0 0 0 0 0 0 ]

transactions_started: 0 [ 0 0 0 0 0 0 0 0 ]
transactions_ended: 0 [ 0 0 0 0 0 0 0 0 ]
instructions_per_transaction: 0 [ 0 0 0 0 0 0 0 0 ]
cycles_per_transaction: 0 [ 0 0 0 0 0 0 0 0 ]
misses_per_transaction: 0 [ 0 0 0 0 0 0 0 0 ]

L1D_cache cache stats: 
  L1D_cache_total_requests: 2138
  L1D_cache_total_misses: 77	(3.6015%)
  L1D_cache_total_demand_misses: 77
  L1D_cache_total_prefetches: 0
  L1D_cache_total_sw_prefetches: 0
  L1D_cache_total_hw_prefetches: 0
  L1D_cache_misses_per_transaction: 77
  L1D_cache_misses_per_instruction: 77
  L1D_cache_instructions_per_misses: 0.012987

  L1D_cache_request_type_LD:   1318	(61.6464)%
  L1D_cache_request_type_ST:   820	(38.3536)%

  L1D_cache_request_size: [binsize: log2 max: 32 count: 2138 average:    32 | standard deviation: 0 | 0 0 0 0 0 0 2138 ]

  L1D_cache_miss_type_LD:   46	(59.7403)%
  L1D_cache_miss_type_ST:   31	(40.2597)%

L1I_cache cache stats: 
  L1I_cache_total_requests: 0
  L1I_cache_total_misses: 0
  L1I_cache_total_demand_misses: 0
  L1I_cache_total_prefetches: 0
  L1I_cache_total_sw_prefetches: 0
  L1I_cache_total_hw_prefetches: 0
  L1I_cache_misses_per_transaction: 0
  L1I_cache_misses_per_instruction: 0
  L1I_cache_instructions_per_misses: NaN

  L1I_cache_request_size: [binsize: log2 max: 0 count: 0 average: NaN |standard deviation: NaN | 0 ]

L1T_cache cache stats: 
  L1T_cache_total_requests: 187584
  L1T_cache_total_misses: 8529	(4.54676%)
  L1T_cache_total_demand_misses: 8529
  L1T_cache_total_prefetches: 0
  L1T_cache_total_sw_prefetches: 0
  L1T_cache_total_hw_prefetches: 0
  L1T_cache_misses_per_transaction: 8529
  L1T_cache_misses_per_instruction: 8529
  L1T_cache_instructions_per_misses: 0.000117247

  L1T_cache_request_type_LD:   152379	(81.2324)%
  L1T_cache_request_type_ST:   35205	(18.7676)%

  L1T_cache_request_size: [binsize: log2 max: 32 count: 187584 average:    32 | standard deviation: 0 | 0 0 0 0 0 0 187584 ]

  L1T_cache_miss_type_LD:   6221	(72.9394)%
  L1T_cache_miss_type_ST:   2308	(27.0606)%

L2_cache cache stats: 
  L2_cache_total_requests: 384
  L2_cache_total_misses: 369	(96.0938%)
  L2_cache_total_demand_misses: 369
  L2_cache_total_prefetches: 0
  L2_cache_total_sw_prefetches: 0
  L2_cache_total_hw_prefetches: 0
  L2_cache_misses_per_transaction: 369
  L2_cache_misses_per_instruction: 369
  L2_cache_instructions_per_misses: 0.00271003

  L2_cache_request_type_LD:   46	(11.9792)%
  L2_cache_request_type_ST:   338	(88.0208)%

  L2_cache_request_size: [binsize: log2 max: 8 count: 384 average:     8 | standard deviation: 0 | 0 0 0 0 384 ]

  L2_cache_miss_type_LD:   44	(11.9241)%
  L2_cache_miss_type_ST:   325	(88.0759)%

L2T_cache cache stats: 
  L2T_cache_total_requests: 41426
  L2T_cache_total_misses: 307	(0.74108%)
  L2T_cache_total_demand_misses: 307
  L2T_cache_total_prefetches: 0
  L2T_cache_total_sw_prefetches: 0
  L2T_cache_total_hw_prefetches: 0
  L2T_cache_misses_per_transaction: 307
  L2T_cache_misses_per_instruction: 307
  L2T_cache_instructions_per_misses: 0.00325733

  L2T_cache_request_type_LD:   6221	(15.0171)%
  L2T_cache_request_type_ST:   35205	(84.9829)%

  L2T_cache_request_size: [binsize: log2 max: 32 count: 41426 average: 28.3959 | standard deviation: 8.57385 | 0 0 0 0 6221 0 35205 ]

  L2T_cache_miss_type_LD:   164	(53.4202)%
  L2T_cache_miss_type_ST:   143	(46.5798)%


TBE Queries: 42186
Busy TBE Counts: 0
Busy Controller Counts:
L1TCache-0:0  L1TCache-1:0  L1TCache-2:0  L1TCache-3:0  L1TCache-4:0  L1TCache-5:0  L1TCache-6:0  L1TCache-7:0  

L2TCache-0:0  L2TCache-1:0  L2TCache-2:0  L2TCache-3:0  
L2Cache-0:0  L2Cache-1:0  L2Cache-2:0  L2Cache-3:0  
L1Cache-0:0  L1Cache-1:0  L1Cache-2:0  L1Cache-3:0  L1Cache-4:0  L1Cache-5:0  L1Cache-6:0  L1Cache-7:0  

Directory-0:0  Directory-1:0  Directory-2:0  Directory-3:0  

Busy Bank Count:0

L1TBE_usage: [binsize: 1 max: 0 count: 0 average: NaN |standard deviation: NaN | 0 ]
L2TBE_usage: [binsize: 1 max: 5 count: 42186 average: 0.255488 | standard deviation: 0.56008 | 33276 7633 819 337 109 12 ]
StopTable_usage: [binsize: 1 max: 0 count: 0 average: NaN |standard deviation: NaN | 0 ]
sequencer_requests_outstanding: [binsize: 1 max: 7 count: 189722 average: 1.74463 | standard deviation: 0.69437 | 0 70497 101773 13784 2863 690 108 7 ]
store_buffer_size: [binsize: 1 max: 0 count: 0 average: NaN |standard deviation: NaN | 0 ]
unique_blocks_in_store_buffer: [binsize: 1 max: 0 count: 0 average: NaN |standard deviation: NaN | 0 ]

All Non-Zero Cycle Demand Cache Accesses
----------------------------------------
miss_latency: [binsize: 4 max: 578 count: 189722 average: 10.5504 | standard deviation: 18.7343 | 0 148219 0 0 0 0 0 39642 1426 51 0 0 0 0 0 0 0 0 0 0 0 0 0 0 0 0 0 0 2 0 7 2 1 0 0 0 0 0 0 0 0 0 0 0 0 0 0 0 0 0 0 0 0 0 0 0 0 0 0 0 0 0 0 0 0 0 0 0 11 7 1 0 0 17 21 4 4 1 3 1 0 1 0 0 0 5 67 2 0 0 10 207 5 2 0 1 0 0 0 0 0 0 0 0 0 0 0 0 0 0 0 0 0 0 0 0 0 0 0 0 0 0 0 0 0 0 0 0 0 0 0 0 0 0 0 0 0 0 0 1 0 0 0 0 1 0 0 0 0 0 0 0 0 0 0 0 0 0 0 0 0 0 0 0 0 0 0 0 0 0 0 0 0 0 0 0 0 0 0 0 0 0 0 0 0 0 0 0 0 0 0 ]
miss_latency_LD: [binsize: 64 max: 380 count: 153697 average: 5.5347 | standard deviation: 13.5335 | 153487 5 1 0 44 160 0 0 0 ]
miss_latency_ST: [binsize: 64 max: 578 count: 36025 average: 31.9493 | standard deviation: 22.3991 | 35851 6 0 0 26 140 0 0 1 1 ]
miss_latency_NULL: [binsize: 4 max: 578 count: 189722 average: 10.5504 | standard deviation: 18.7343 | 0 148219 0 0 0 0 0 39642 1426 51 0 0 0 0 0 0 0 0 0 0 0 0 0 0 0 0 0 0 2 0 7 2 1 0 0 0 0 0 0 0 0 0 0 0 0 0 0 0 0 0 0 0 0 0 0 0 0 0 0 0 0 0 0 0 0 0 0 0 11 7 1 0 0 17 21 4 4 1 3 1 0 1 0 0 0 5 67 2 0 0 10 207 5 2 0 1 0 0 0 0 0 0 0 0 0 0 0 0 0 0 0 0 0 0 0 0 0 0 0 0 0 0 0 0 0 0 0 0 0 0 0 0 0 0 0 0 0 0 0 1 0 0 0 0 1 0 0 0 0 0 0 0 0 0 0 0 0 0 0 0 0 0 0 0 0 0 0 0 0 0 0 0 0 0 0 0 0 0 0 0 0 0 0 0 0 0 0 0 0 0 0 ]
miss_latency_L2Miss: [binsize: 1 max: 0 count: 0 average: NaN |standard deviation: NaN | 0 ]

All Non-Zero Cycle SW Prefetch Requests
------------------------------------
prefetch_latency: [binsize: 1 max: 0 count: 0 average: NaN |standard deviation: NaN | 0 ]
prefetch_latency_L2Miss:[binsize: 1 max: 0 count: 0 average: NaN |standard deviation: NaN | 0 ]
multicast_retries: [binsize: 1 max: 0 count: 0 average: NaN |standard deviation: NaN | 0 ]
gets_mask_prediction_count: [binsize: 1 max: 0 count: 0 average: NaN |standard deviation: NaN | 0 ]
getx_mask_prediction_count: [binsize: 1 max: 0 count: 0 average: NaN |standard deviation: NaN | 0 ]
explicit_training_mask: [binsize: 1 max: 0 count: 0 average: NaN |standard deviation: NaN | 0 ]

Sequencer  Requests (MLP)
------------------------------------
Sequencer Requests All
Sequencer_ALL : [binsize: 1 max: 7 count: 189722 average: 1.74463 | standard deviation: 0.69437 | 0 70497 101773 13784 2863 690 108 7 ]
Sequencer_0: [binsize: 1 max: 7 count: 2138 average: 2.24275 | standard deviation: 1.12362 | 0 621 763 481 187 64 17 5 ]
Sequencer_1: [binsize: 1 max: 0 count: 0 average: NaN |standard deviation: NaN | 0 ]
Sequencer_2: [binsize: 1 max: 0 count: 0 average: NaN |standard deviation: NaN | 0 ]
Sequencer_3: [binsize: 1 max: 0 count: 0 average: NaN |standard deviation: NaN | 0 ]
Sequencer_4: [binsize: 1 max: 0 count: 0 average: NaN |standard deviation: NaN | 0 ]
Sequencer_5: [binsize: 1 max: 0 count: 0 average: NaN |standard deviation: NaN | 0 ]
Sequencer_6: [binsize: 1 max: 0 count: 0 average: NaN |standard deviation: NaN | 0 ]
Sequencer_7: [binsize: 1 max: 0 count: 0 average: NaN |standard deviation: NaN | 0 ]
SequencerACC_0: [binsize: 1 max: 6 count: 183727 average: 1.71377 | standard deviation: 0.645828 | 0 69453 99836 12249 1972 197 20 ]
SequencerACC_1: [binsize: 1 max: 7 count: 3857 average: 2.93855 | standard deviation: 1.24146 | 0 423 1174 1054 704 429 71 2 ]
SequencerACC_2: [binsize: 1 max: 0 count: 0 average: NaN |standard deviation: NaN | 0 ]
SequencerACC_3: [binsize: 1 max: 0 count: 0 average: NaN |standard deviation: NaN | 0 ]
SequencerACC_4: [binsize: 1 max: 0 count: 0 average: NaN |standard deviation: NaN | 0 ]
SequencerACC_5: [binsize: 1 max: 0 count: 0 average: NaN |standard deviation: NaN | 0 ]
SequencerACC_6: [binsize: 1 max: 0 count: 0 average: NaN |standard deviation: NaN | 0 ]
SequencerACC_7: [binsize: 1 max: 0 count: 0 average: NaN |standard deviation: NaN | 0 ]
Request vs. System State Profile
--------------------------------


filter_action: [binsize: 1 max: 0 count: 0 average: NaN |standard deviation: NaN | 0 ]

Message Delayed Cycles
----------------------
Total_delay_cycles: [binsize: 1 max: 43 count: 1229 average: 24.2596 | standard deviation: 6.20162 | 0 0 0 0 0 0 0 0 0 0 0 150 0 0 0 0 59 35 2 57 4 15 1 1 2 2 165 91 612 14 6 1 0 1 1 0 2 1 0 1 0 0 4 2 ]
Total_nonPF_delay_cycles: [binsize: 1 max: 43 count: 459 average: 23.3725 | standard deviation: 5.282 | 0 0 0 0 0 0 0 0 0 0 0 8 0 0 0 0 59 35 2 57 4 3 1 1 2 2 165 91 4 8 6 1 0 1 1 0 1 1 0 0 0 0 4 2 ]
  virtual_network_0_delay_cycles: [binsize: 1 max: 39 count: 770 average: 24.7883 | standard deviation: 6.63707 | 0 0 0 0 0 0 0 0 0 0 0 142 0 0 0 0 0 0 0 0 0 12 0 0 0 0 0 0 608 6 0 0 0 0 0 0 1 0 0 1 ]
  virtual_network_1_delay_cycles: [binsize: 1 max: 0 count: 0 average: NaN |standard deviation: NaN | 0 ]
  virtual_network_2_delay_cycles: [binsize: 1 max: 11 count: 8 average:    11 | standard deviation: 0 | 0 0 0 0 0 0 0 0 0 0 0 8 ]
  virtual_network_3_delay_cycles: [binsize: 1 max: 43 count: 451 average: 23.592 | standard deviation: 5.06206 | 0 0 0 0 0 0 0 0 0 0 0 0 0 0 0 0 59 35 2 57 4 3 1 1 2 2 165 91 4 8 6 1 0 1 1 0 1 1 0 0 0 0 4 2 ]
  virtual_network_4_delay_cycles: [binsize: 1 max: 0 count: 0 average: NaN |standard deviation: NaN | 0 ]
  virtual_network_5_delay_cycles: [binsize: 1 max: 0 count: 0 average: NaN |standard deviation: NaN | 0 ]
  virtual_network_6_delay_cycles: [binsize: 1 max: 0 count: 0 average: NaN |standard deviation: NaN | 0 ]
  virtual_network_7_delay_cycles: [binsize: 1 max: 0 count: 0 average: NaN |standard deviation: NaN | 0 ]

Resource Usage
--------------
page_size: 4096
user_time: 37
system_time: 0
page_reclaims: 22403
page_faults: 0
swaps: 0
block_inputs: 0
block_outputs: 592

Coherence Bandwidth Breakdown
----------------------
L1_ATOMIC = 0
L2_DATA = 1845
L2_TO_L2T_MSG = 7
L2_DATA_GX = 130
L2T_TO_L1T_DATA = 24884
L1_DATA_GX = 0
L2_TO_L2T_ACK = 7
L2T_TO_L1T_MSG = 35205
L2_DATA_S = 255
L2T_TO_L1T_ATOMIC = 0
L1_DATA_PC = 0
L1_MSG = 0
L2_COHMSG_FWD = 8
L1_DATA_F = 0
L1_DATA_PX = 25
L2_COHMSG_RCL = 0
L1T_TO_L2T_DATA = 140820
L2_MSG = 0
L2_COHMSG_INV = 0
L1_COHMSG_RCLACK = 0
L1T_TO_L2T_ATOMIC = 0
L2_COHMSG = 0
L2_ATOMIC = 0
L2_TO_L2T_DATA = 1535
L1_DATA = 0
L1_COHMSG = 770
L1_COHMSG_INVACK = 0
L1T_TO_L2T_MSG = 6221
----------------------
total_flits_messages = 211712
----------------------

DMA = 0
DATA_GX_OW = 124
DATA_PX_C = 20
DATA_PX_D = 5
DATA_GX_C = 31
Block_lifetimes_pow2: [binsize: log2 max: 0 count: 0 average: NaN |standard deviation: NaN | 0 ]
Block_lifetimes[WRITE]_pow2: [binsize: log2 max: 0 count: 0 average: NaN |standard deviation: NaN | 0 ]
Block_lifetimes[EVICT]_pow2: [binsize: log2 max: 0 count: 0 average: NaN |standard deviation: NaN | 0 ]
CL_stall_evict: [binsize: log2 max: 0 count: 0 average: NaN |standard deviation: NaN | 0 ]
CL_stall_fence: [binsize: log2 max: 0 count: 0 average: NaN |standard deviation: NaN | 0 ]
Private_L1_evictions: 0
MessageBuffer: [Chip 0 0, L1Cache, mandatoryQueue] stats - msgs:2138 full:0 size:[binsize: 1 max: 4 count: 2138 average: 1.91908 | standard deviation: 0.885594 | 0 813 803 404 118 ]
MessageBuffer: [Chip 0 1, L1Cache, mandatoryQueue] stats - msgs:0 full:0 size:[binsize: 1 max: 0 count: 0 average: NaN |standard deviation: NaN | 0 ]
MessageBuffer: [Chip 0 2, L1Cache, mandatoryQueue] stats - msgs:0 full:0 size:[binsize: 1 max: 0 count: 0 average: NaN |standard deviation: NaN | 0 ]
MessageBuffer: [Chip 0 3, L1Cache, mandatoryQueue] stats - msgs:0 full:0 size:[binsize: 1 max: 0 count: 0 average: NaN |standard deviation: NaN | 0 ]
MessageBuffer: [Chip 0 4, L1Cache, mandatoryQueue] stats - msgs:0 full:0 size:[binsize: 1 max: 0 count: 0 average: NaN |standard deviation: NaN | 0 ]
MessageBuffer: [Chip 0 5, L1Cache, mandatoryQueue] stats - msgs:0 full:0 size:[binsize: 1 max: 0 count: 0 average: NaN |standard deviation: NaN | 0 ]
MessageBuffer: [Chip 0 6, L1Cache, mandatoryQueue] stats - msgs:0 full:0 size:[binsize: 1 max: 0 count: 0 average: NaN |standard deviation: NaN | 0 ]
MessageBuffer: [Chip 0 7, L1Cache, mandatoryQueue] stats - msgs:0 full:0 size:[binsize: 1 max: 0 count: 0 average: NaN |standard deviation: NaN | 0 ]

Network Stats
-------------

Network interface outbound traffic
NI_0 (L1TCache) : [L1TCache]=0 [L2TCache]=142056 [L2Cache]=0 [L1Cache]=0 [Directory]=0 
NI_1 (L1TCache) : [L1TCache]=0 [L2TCache]=4985 [L2Cache]=0 [L1Cache]=0 [Directory]=0 
NI_2 (L1TCache) : [L1TCache]=0 [L2TCache]=0 [L2Cache]=0 [L1Cache]=0 [Directory]=0 
NI_3 (L1TCache) : [L1TCache]=0 [L2TCache]=0 [L2Cache]=0 [L1Cache]=0 [Directory]=0 
NI_4 (L1TCache) : [L1TCache]=0 [L2TCache]=0 [L2Cache]=0 [L1Cache]=0 [Directory]=0 
NI_5 (L1TCache) : [L1TCache]=0 [L2TCache]=0 [L2Cache]=0 [L1Cache]=0 [Directory]=0 
NI_6 (L1TCache) : [L1TCache]=0 [L2TCache]=0 [L2Cache]=0 [L1Cache]=0 [Directory]=0 
NI_7 (L1TCache) : [L1TCache]=0 [L2TCache]=0 [L2Cache]=0 [L1Cache]=0 [Directory]=0 
NI_8 (L2TCache) : [L1TCache]=58326 [L2TCache]=0 [L2Cache]=275 [L1Cache]=0 [Directory]=0 
NI_9 (L2TCache) : [L1TCache]=1763 [L2TCache]=0 [L2Cache]=366 [L1Cache]=0 [Directory]=0 
NI_10 (L2TCache) : [L1TCache]=0 [L2TCache]=0 [L2Cache]=0 [L1Cache]=0 [Directory]=0 
NI_11 (L2TCache) : [L1TCache]=0 [L2TCache]=0 [L2Cache]=0 [L1Cache]=0 [Directory]=0 
NI_12 (L2Cache) : [L1TCache]=0 [L2TCache]=594 [L2Cache]=0 [L1Cache]=363 [Directory]=180 
NI_13 (L2Cache) : [L1TCache]=0 [L2TCache]=915 [L2Cache]=0 [L1Cache]=5 [Directory]=184 
NI_14 (L2Cache) : [L1TCache]=0 [L2TCache]=0 [L2Cache]=0 [L1Cache]=25 [Directory]=5 
NI_15 (L2Cache) : [L1TCache]=0 [L2TCache]=0 [L2Cache]=0 [L1Cache]=0 [Directory]=0 
NI_16 (L1Cache) : [L1TCache]=0 [L2TCache]=40 [L2Cache]=154 [L1Cache]=0 [Directory]=0 
NI_17 (L1Cache) : [L1TCache]=0 [L2TCache]=0 [L2Cache]=0 [L1Cache]=0 [Directory]=0 
NI_18 (L1Cache) : [L1TCache]=0 [L2TCache]=0 [L2Cache]=0 [L1Cache]=0 [Directory]=0 
NI_19 (L1Cache) : [L1TCache]=0 [L2TCache]=0 [L2Cache]=0 [L1Cache]=0 [Directory]=0 
NI_20 (L1Cache) : [L1TCache]=0 [L2TCache]=0 [L2Cache]=0 [L1Cache]=0 [Directory]=0 
NI_21 (L1Cache) : [L1TCache]=0 [L2TCache]=0 [L2Cache]=0 [L1Cache]=0 [Directory]=0 
NI_22 (L1Cache) : [L1TCache]=0 [L2TCache]=0 [L2Cache]=0 [L1Cache]=0 [Directory]=0 
NI_23 (L1Cache) : [L1TCache]=0 [L2TCache]=0 [L2Cache]=0 [L1Cache]=0 [Directory]=0 
NI_24 (Directory) : [L1TCache]=0 [L2TCache]=0 [L2Cache]=495 [L1Cache]=0 [Directory]=0 
NI_25 (Directory) : [L1TCache]=0 [L2TCache]=0 [L2Cache]=445 [L1Cache]=0 [Directory]=0 
NI_26 (Directory) : [L1TCache]=0 [L2TCache]=0 [L2Cache]=455 [L1Cache]=0 [Directory]=0 
NI_27 (Directory) : [L1TCache]=0 [L2TCache]=0 [L2Cache]=450 [L1Cache]=0 [Directory]=0 
L1_L2_flits_transferred = 0
L1_out_flits = 0
L2_out_flits = 0
-------------
Average Link Utilization :: 0.00463821 flits/cycle
total_flits_on_link = 431890
-------------
Total VC Load [0] = 344 flits
Total VC Load [1] = 351 flits
Total VC Load [2] = 359 flits
Total VC Load [3] = 348 flits
Total VC Load [4] = 7 flits
Total VC Load [5] = 12 flits
Total VC Load [6] = 14 flits
Total VC Load [7] = 11 flits
Total VC Load [8] = 305 flits
Total VC Load [9] = 339 flits
Total VC Load [10] = 323 flits
Total VC Load [11] = 315 flits
Total VC Load [12] = 3274 flits
Total VC Load [13] = 3478 flits
Total VC Load [14] = 3440 flits
Total VC Load [15] = 3316 flits
Total VC Load [16] = 338 flits
Total VC Load [17] = 358 flits
Total VC Load [18] = 350 flits
Total VC Load [19] = 348 flits
Total VC Load [20] = 73451 flits
Total VC Load [21] = 73312 flits
Total VC Load [22] = 73718 flits
Total VC Load [23] = 73601 flits
Total VC Load [24] = 30006 flits
Total VC Load [25] = 30222 flits
Total VC Load [26] = 30006 flits
Total VC Load [27] = 29944 flits
Total VC Load [28] = 0 flits
Total VC Load [29] = 0 flits
Total VC Load [30] = 0 flits
Total VC Load [31] = 0 flits
-------------
Average VC Load [0] = 0.000243826 flits/cycle 
Average VC Load [1] = 0.000248787 flits/cycle 
Average VC Load [2] = 0.000254458 flits/cycle 
Average VC Load [3] = 0.000246661 flits/cycle 
Average VC Load [4] = 4.96157e-06 flits/cycle 
Average VC Load [5] = 8.50555e-06 flits/cycle 
Average VC Load [6] = 9.92314e-06 flits/cycle 
Average VC Load [7] = 7.79675e-06 flits/cycle 
Average VC Load [8] = 0.000216183 flits/cycle 
Average VC Load [9] = 0.000240282 flits/cycle 
Average VC Load [10] = 0.000228941 flits/cycle 
Average VC Load [11] = 0.000223271 flits/cycle 
Average VC Load [12] = 0.0023206 flits/cycle 
Average VC Load [13] = 0.00246519 flits/cycle 
Average VC Load [14] = 0.00243826 flits/cycle 
Average VC Load [15] = 0.00235037 flits/cycle 
Average VC Load [16] = 0.000239573 flits/cycle 
Average VC Load [17] = 0.000253749 flits/cycle 
Average VC Load [18] = 0.000248078 flits/cycle 
Average VC Load [19] = 0.000246661 flits/cycle 
Average VC Load [20] = 0.0520617 flits/cycle 
Average VC Load [21] = 0.0519632 flits/cycle 
Average VC Load [22] = 0.052251 flits/cycle 
Average VC Load [23] = 0.0521681 flits/cycle 
Average VC Load [24] = 0.0212681 flits/cycle 
Average VC Load [25] = 0.0214212 flits/cycle 
Average VC Load [26] = 0.0212681 flits/cycle 
Average VC Load [27] = 0.0212242 flits/cycle 
Average VC Load [28] = 0 flits/cycle 
Average VC Load [29] = 0 flits/cycle 
Average VC Load [30] = 0 flits/cycle 
Average VC Load [31] = 0 flits/cycle 
-------------
Average network latency = 8.59374
-------------
Dynamic_Link_Power = 0.0339209
Static_Link_Power = 0.733365
Total_Link_Power = 0.767286
Total Link Area = 4.09374e+06 uM^2 
Router Dynamic Power:
       Input buffer: 0.00144469, Crossbar: 0.00271323, VC allocator: 0.000295978, SW allocator: 0.000820358, Clock: 0.153216, Total: 0.15849
Router Static Power:
       Input buffer: 0.891938, Crossbar: 0.1624, VC allocator: 0.438066, SW allocator: 0.0171352, Clock: 0.029369, Total: 1.53891
Router Total Power: 1.6974
Dynamic_Router_Power = 0.15849
Static_Router_Power = 1.53891
Total_Router_Power = 1.6974
Area:
Input buffer: 2.86355e-06, Crossbar: 2.50402e-06, VC allocator: 1.05856e-06, SW allocator: 4.14062e-08

Total_Dynamic_Power = 0.192411
Total_Static_Power = 2.27227
Total_Power = 2.46468
-------------

Gpusim Interface Stats
----------------------


Chip Stats
----------

 --- L1TCache ---
 - Event Counts -
Load  152379
L1_WThru  35205
L1_Atomic  0
L1_Replacement  0
Data  0
Data_Done  6221
Ack  0
Ack_Done  35205
DataAtomic  0
DataAtomic_Done  0

 - Transitions -
I  Load  6221
I  L1_WThru  2308
I  L1_Atomic  0 <-- 
I  L1_Replacement  0 <-- 

S  Load  146158
S  L1_WThru  32897
S  L1_Atomic  0 <-- 
S  L1_Replacement  0 <-- 

I_S  L1_WThru  0 <-- 
I_S  L1_Atomic  0 <-- 
I_S  Data_Done  6221

I_I  Load  0 <-- 
I_I  L1_WThru  0 <-- 
I_I  L1_Atomic  0 <-- 
I_I  Data  0 <-- 
I_I  Data_Done  0 <-- 
I_I  Ack  0 <-- 
I_I  Ack_Done  3229
I_I  DataAtomic  0 <-- 
I_I  DataAtomic_Done  0 <-- 

SM  Load  0 <-- 
SM  L1_WThru  0 <-- 
SM  L1_Atomic  0 <-- 
SM  Data  0 <-- 
SM  Data_Done  0 <-- 
SM  Ack  0 <-- 
SM  Ack_Done  31976

 --- L2TCache ---
 - Event Counts -
L1_GETS  6221
L1_Write  2308
L1_Upgrade_T  32292
L1_Upgrade_NT  605
L2_Atomic  0
L2_Expire  3
L2_Replacement  0
L2_Replacement_clean  0
Data  0
Data_all_Acks  307
Ack  0
Ack_all  0
WB_Ack  7
Fwd_GETX  5
Fwd_GETS  2
Inv  0

 - Transitions -
NP  L1_GETS  164
NP  L1_Write  143
NP  L1_Upgrade_NT  0 <-- 
NP  L2_Atomic  0 <-- 

E  L1_GETS  6057
E  L1_Write  2165
E  L1_Upgrade_NT  605
E  L2_Atomic  0 <-- 
E  L2_Replacement  0 <-- 
E  L2_Replacement_clean  0 <-- 
E  Fwd_GETX  2
E  Fwd_GETS  2
E  Inv  0 <-- 

S  L1_GETS  0 <-- 
S  L1_Upgrade_T  32292
S  L2_Replacement  0 <-- 
S  L2_Replacement_clean  0 <-- 
S  Fwd_GETX  3
S  Fwd_GETS  0 <-- 
S  Inv  0 <-- 

SS  L1_GETS  0 <-- 
SS  L2_Replacement  0 <-- 
SS  L2_Replacement_clean  0 <-- 
SS  Fwd_GETX  0 <-- 
SS  Fwd_GETS  0 <-- 
SS  Inv  0 <-- 

IS  L1_GETS  0 <-- 
IS  Data  0 <-- 
IS  Data_all_Acks  164
IS  Ack  0 <-- 
IS  Ack_all  0 <-- 

ISS  Data  0 <-- 
ISS  Data_all_Acks  0 <-- 
ISS  Ack  0 <-- 
ISS  Ack_all  0 <-- 

IM  Data  0 <-- 
IM  Data_all_Acks  143
IM  Ack  0 <-- 
IM  Ack_all  0 <-- 

IMA  Data  0 <-- 
IMA  Data_all_Acks  0 <-- 
IMA  Ack  0 <-- 
IMA  Ack_all  0 <-- 

MI  L2_Expire  3
MI  Fwd_GETX  0 <-- 
MI  Fwd_GETS  0 <-- 
MI  Inv  0 <-- 

MI_Ack  WB_Ack  7
MI_Ack  Fwd_GETX  0 <-- 
MI_Ack  Fwd_GETS  0 <-- 
MI_Ack  Inv  0 <-- 

 --- L2Cache ---
 - Event Counts -
L1_GET_INSTR  0
L1_GETS  46
L1_GETX  338
L1_UPGRADE  0
L1_PUTX  0
L1_PUTX_old  0
Fwd_L1_GETX  0
Fwd_L1_GETS  0
Fwd_L1_GET_INSTR  0
L2_Replacement  0
L2_Replacement_clean  0
Mem_Data  369
WB_Data  0
WB_Data_clean  0
Ack  0
Ack_all  0
Mem_Ack  0
Unblock  0
Unblock_Cancel  0
Exclusive_Unblock  384
PUTX_ACC  2
DATA_ACC  5

 - Transitions -
NP  L1_GET_INSTR  0 <-- 
NP  L1_GETS  44
NP  L1_GETX  325
NP  L1_PUTX  0 <-- 
NP  L1_PUTX_old  0 <-- 

SS  L1_GET_INSTR  0 <-- 
SS  L1_GETS  0 <-- 
SS  L1_GETX  0 <-- 
SS  L1_UPGRADE  0 <-- 
SS  L1_PUTX  0 <-- 
SS  L1_PUTX_old  0 <-- 
SS  L2_Replacement  0 <-- 
SS  L2_Replacement_clean  0 <-- 

M  L1_GET_INSTR  0 <-- 
M  L1_GETS  0 <-- 
M  L1_GETX  0 <-- 
M  L1_PUTX  0 <-- 
M  L1_PUTX_old  0 <-- 
M  L2_Replacement  0 <-- 
M  L2_Replacement_clean  0 <-- 

MT  L1_GET_INSTR  0 <-- 
MT  L1_GETS  2
MT  L1_GETX  13
MT  L1_PUTX  0 <-- 
MT  L1_PUTX_old  0 <-- 
MT  L2_Replacement  0 <-- 
MT  L2_Replacement_clean  0 <-- 
MT  PUTX_ACC  0 <-- 
MT  DATA_ACC  0 <-- 

M_I  L1_GET_INSTR  0 <-- 
M_I  L1_GETS  0 <-- 
M_I  L1_GETX  0 <-- 
M_I  L1_UPGRADE  0 <-- 
M_I  Mem_Ack  0 <-- 

MT_I  L1_GET_INSTR  0 <-- 
MT_I  L1_GETS  0 <-- 
MT_I  L1_GETX  0 <-- 
MT_I  L1_UPGRADE  0 <-- 
MT_I  L1_PUTX  0 <-- 
MT_I  L1_PUTX_old  0 <-- 
MT_I  WB_Data  0 <-- 
MT_I  WB_Data_clean  0 <-- 
MT_I  Ack_all  0 <-- 
MT_I  PUTX_ACC  0 <-- 
MT_I  DATA_ACC  0 <-- 

MCT_I  L1_GET_INSTR  0 <-- 
MCT_I  L1_GETS  0 <-- 
MCT_I  L1_GETX  0 <-- 
MCT_I  L1_UPGRADE  0 <-- 
MCT_I  L1_PUTX  0 <-- 
MCT_I  L1_PUTX_old  0 <-- 
MCT_I  WB_Data  0 <-- 
MCT_I  WB_Data_clean  0 <-- 
MCT_I  Ack_all  0 <-- 
MCT_I  PUTX_ACC  0 <-- 
MCT_I  DATA_ACC  0 <-- 

I_I  L1_GET_INSTR  0 <-- 
I_I  L1_GETS  0 <-- 
I_I  L1_GETX  0 <-- 
I_I  L1_UPGRADE  0 <-- 
I_I  L1_PUTX  0 <-- 
I_I  L1_PUTX_old  0 <-- 
I_I  Ack  0 <-- 
I_I  Ack_all  0 <-- 

S_I  L1_GET_INSTR  0 <-- 
S_I  L1_GETS  0 <-- 
S_I  L1_GETX  0 <-- 
S_I  L1_UPGRADE  0 <-- 
S_I  L1_PUTX  0 <-- 
S_I  L1_PUTX_old  0 <-- 
S_I  Ack  0 <-- 
S_I  Ack_all  0 <-- 

ISS  L1_GET_INSTR  0 <-- 
ISS  L1_GETS  0 <-- 
ISS  L1_GETX  0 <-- 
ISS  L1_PUTX  0 <-- 
ISS  L1_PUTX_old  0 <-- 
ISS  L2_Replacement  0 <-- 
ISS  L2_Replacement_clean  0 <-- 
ISS  Mem_Data  44

IS  L1_GET_INSTR  0 <-- 
IS  L1_GETS  0 <-- 
IS  L1_GETX  0 <-- 
IS  L1_PUTX  0 <-- 
IS  L1_PUTX_old  0 <-- 
IS  L2_Replacement  0 <-- 
IS  L2_Replacement_clean  0 <-- 
IS  Mem_Data  0 <-- 

IM  L1_GET_INSTR  0 <-- 
IM  L1_GETS  0 <-- 
IM  L1_GETX  0 <-- 
IM  L1_PUTX  0 <-- 
IM  L1_PUTX_old  0 <-- 
IM  L2_Replacement  0 <-- 
IM  L2_Replacement_clean  0 <-- 
IM  Mem_Data  325

SS_MB  L1_GET_INSTR  0 <-- 
SS_MB  L1_GETS  0 <-- 
SS_MB  L1_GETX  0 <-- 
SS_MB  L1_UPGRADE  0 <-- 
SS_MB  L1_PUTX  0 <-- 
SS_MB  L1_PUTX_old  0 <-- 
SS_MB  L2_Replacement  0 <-- 
SS_MB  L2_Replacement_clean  0 <-- 
SS_MB  Exclusive_Unblock  0 <-- 

MT_MB  L1_GET_INSTR  0 <-- 
MT_MB  L1_GETS  0 <-- 
MT_MB  L1_GETX  0 <-- 
MT_MB  L1_UPGRADE  0 <-- 
MT_MB  L1_PUTX  0 <-- 
MT_MB  L1_PUTX_old  0 <-- 
MT_MB  L2_Replacement  0 <-- 
MT_MB  L2_Replacement_clean  0 <-- 
MT_MB  Exclusive_Unblock  384
MT_MB  PUTX_ACC  0 <-- 
MT_MB  DATA_ACC  5

M_MB  L1_GET_INSTR  0 <-- 
M_MB  L1_GETS  0 <-- 
M_MB  L1_GETX  0 <-- 
M_MB  L1_UPGRADE  0 <-- 
M_MB  L1_PUTX  0 <-- 
M_MB  L1_PUTX_old  0 <-- 
M_MB  L2_Replacement  0 <-- 
M_MB  L2_Replacement_clean  0 <-- 
M_MB  Exclusive_Unblock  0 <-- 

MT_IIB  L1_GET_INSTR  0 <-- 
MT_IIB  L1_GETS  0 <-- 
MT_IIB  L1_GETX  0 <-- 
MT_IIB  L1_UPGRADE  0 <-- 
MT_IIB  L1_PUTX  0 <-- 
MT_IIB  L1_PUTX_old  0 <-- 
MT_IIB  L2_Replacement  0 <-- 
MT_IIB  L2_Replacement_clean  0 <-- 
MT_IIB  WB_Data  0 <-- 
MT_IIB  WB_Data_clean  0 <-- 
MT_IIB  Unblock  0 <-- 
MT_IIB  PUTX_ACC  2
MT_IIB  DATA_ACC  0 <-- 

MT_IB  L1_GET_INSTR  0 <-- 
MT_IB  L1_GETS  0 <-- 
MT_IB  L1_GETX  0 <-- 
MT_IB  L1_UPGRADE  0 <-- 
MT_IB  L1_PUTX  0 <-- 
MT_IB  L1_PUTX_old  0 <-- 
MT_IB  L2_Replacement  0 <-- 
MT_IB  L2_Replacement_clean  0 <-- 
MT_IB  WB_Data  0 <-- 
MT_IB  WB_Data_clean  0 <-- 

MT_SB  L1_GET_INSTR  0 <-- 
MT_SB  L1_GETS  0 <-- 
MT_SB  L1_GETX  0 <-- 
MT_SB  L1_UPGRADE  0 <-- 
MT_SB  L1_PUTX  0 <-- 
MT_SB  L1_PUTX_old  0 <-- 
MT_SB  L2_Replacement  0 <-- 
MT_SB  L2_Replacement_clean  0 <-- 
MT_SB  Unblock  0 <-- 

 --- L1Cache ---
 - Event Counts -
Load  1318
Ifetch  0
Store  820
Inv  0
L1_Replacement  0
Fwd_GETX  8
Fwd_GETS  0
Fwd_GET_INSTR  0
Data  0
Data_Exclusive  51
DataS_fromL1  0
Data_all_Acks  26
Ack  0
Ack_all  0
WB_Ack  0

 - Transitions -
NP  Load  44
NP  Ifetch  0 <-- 
NP  Store  27
NP  Inv  0 <-- 
NP  L1_Replacement  0 <-- 

I  Load  2
I  Ifetch  0 <-- 
I  Store  4
I  Inv  0 <-- 
I  L1_Replacement  0 <-- 

S  Load  0 <-- 
S  Ifetch  0 <-- 
S  Store  0 <-- 
S  Inv  0 <-- 
S  L1_Replacement  0 <-- 

E  Load  305
E  Ifetch  0 <-- 
E  Store  12
E  Inv  0 <-- 
E  L1_Replacement  0 <-- 
E  Fwd_GETX  2
E  Fwd_GETS  0 <-- 
E  Fwd_GET_INSTR  0 <-- 

M  Load  967
M  Ifetch  0 <-- 
M  Store  777
M  Inv  0 <-- 
M  L1_Replacement  0 <-- 
M  Fwd_GETX  6
M  Fwd_GETS  0 <-- 
M  Fwd_GET_INSTR  0 <-- 

IS  Load  0 <-- 
IS  Ifetch  0 <-- 
IS  Store  0 <-- 
IS  Inv  0 <-- 
IS  L1_Replacement  0 <-- 
IS  Data_Exclusive  46
IS  DataS_fromL1  0 <-- 
IS  Data_all_Acks  0 <-- 

IM  Load  0 <-- 
IM  Ifetch  0 <-- 
IM  Store  0 <-- 
IM  Inv  0 <-- 
IM  L1_Replacement  0 <-- 
IM  Data  0 <-- 
IM  Data_Exclusive  5
IM  Data_all_Acks  26
IM  Ack  0 <-- 

SM  Load  0 <-- 
SM  Ifetch  0 <-- 
SM  Store  0 <-- 
SM  Inv  0 <-- 
SM  L1_Replacement  0 <-- 
SM  Ack  0 <-- 
SM  Ack_all  0 <-- 

IS_I  Load  0 <-- 
IS_I  Ifetch  0 <-- 
IS_I  Store  0 <-- 
IS_I  Inv  0 <-- 
IS_I  L1_Replacement  0 <-- 
IS_I  Data_Exclusive  0 <-- 
IS_I  DataS_fromL1  0 <-- 
IS_I  Data_all_Acks  0 <-- 

M_I  Load  0 <-- 
M_I  Ifetch  0 <-- 
M_I  Store  0 <-- 
M_I  Inv  0 <-- 
M_I  L1_Replacement  0 <-- 
M_I  Fwd_GETX  0 <-- 
M_I  Fwd_GETS  0 <-- 
M_I  Fwd_GET_INSTR  0 <-- 
M_I  WB_Ack  0 <-- 

E_I  Load  0 <-- 
E_I  Ifetch  0 <-- 
E_I  Store  0 <-- 
E_I  L1_Replacement  0 <-- 

SINK_WB_ACK  Load  0 <-- 
SINK_WB_ACK  Ifetch  0 <-- 
SINK_WB_ACK  Store  0 <-- 
SINK_WB_ACK  Inv  0 <-- 
SINK_WB_ACK  L1_Replacement  0 <-- 
SINK_WB_ACK  WB_Ack  0 <-- 

 --- Directory ---
 - Event Counts -
Fetch  369
Data  0

 - Transitions -
I  Fetch  369
I  Data  0 <-- 


Chip Buffer Stats
----------

MessageBuffer: [Chip 0 0, L1TCache, requestFromL1Cache] stats - msgs:39939 full:0 size:[binsize: 1 max: 5 count: 39939 average: 1.00538 | standard deviation: 0.0765446 | 0 39730 206 1 1 1 ]
MessageBuffer: [Chip 0 1, L1TCache, requestFromL1Cache] stats - msgs:1487 full:0 size:[binsize: 1 max: 3 count: 1487 average: 1.10894 | standard deviation: 0.320875 | 0 1329 154 4 ]
MessageBuffer: [Chip 0 2, L1TCache, requestFromL1Cache] stats - msgs:0 full:0 size:[binsize: 1 max: 0 count: 0 average: NaN |standard deviation: NaN | 0 ]
MessageBuffer: [Chip 0 3, L1TCache, requestFromL1Cache] stats - msgs:0 full:0 size:[binsize: 1 max: 0 count: 0 average: NaN |standard deviation: NaN | 0 ]
MessageBuffer: [Chip 0 4, L1TCache, requestFromL1Cache] stats - msgs:0 full:0 size:[binsize: 1 max: 0 count: 0 average: NaN |standard deviation: NaN | 0 ]
MessageBuffer: [Chip 0 5, L1TCache, requestFromL1Cache] stats - msgs:0 full:0 size:[binsize: 1 max: 0 count: 0 average: NaN |standard deviation: NaN | 0 ]
MessageBuffer: [Chip 0 6, L1TCache, requestFromL1Cache] stats - msgs:0 full:0 size:[binsize: 1 max: 0 count: 0 average: NaN |standard deviation: NaN | 0 ]
MessageBuffer: [Chip 0 7, L1TCache, requestFromL1Cache] stats - msgs:0 full:0 size:[binsize: 1 max: 0 count: 0 average: NaN |standard deviation: NaN | 0 ]
MessageBuffer: [Chip 0 0, L1TCache, responseToL1Cache] stats - msgs:39939 full:0 size:[binsize: 1 max: 2 count: 39939 average: 1.00225 | standard deviation: 0.047471 | 0 39849 90 ]
MessageBuffer: [Chip 0 1, L1TCache, responseToL1Cache] stats - msgs:1487 full:0 size:[binsize: 1 max: 2 count: 1487 average: 1.00538 | standard deviation: 0.0733729 | 0 1479 8 ]
MessageBuffer: [Chip 0 2, L1TCache, responseToL1Cache] stats - msgs:0 full:0 size:[binsize: 1 max: 0 count: 0 average: NaN |standard deviation: NaN | 0 ]
MessageBuffer: [Chip 0 3, L1TCache, responseToL1Cache] stats - msgs:0 full:0 size:[binsize: 1 max: 0 count: 0 average: NaN |standard deviation: NaN | 0 ]
MessageBuffer: [Chip 0 4, L1TCache, responseToL1Cache] stats - msgs:0 full:0 size:[binsize: 1 max: 0 count: 0 average: NaN |standard deviation: NaN | 0 ]
MessageBuffer: [Chip 0 5, L1TCache, responseToL1Cache] stats - msgs:0 full:0 size:[binsize: 1 max: 0 count: 0 average: NaN |standard deviation: NaN | 0 ]
MessageBuffer: [Chip 0 6, L1TCache, responseToL1Cache] stats - msgs:0 full:0 size:[binsize: 1 max: 0 count: 0 average: NaN |standard deviation: NaN | 0 ]
MessageBuffer: [Chip 0 7, L1TCache, responseToL1Cache] stats - msgs:0 full:0 size:[binsize: 1 max: 0 count: 0 average: NaN |standard deviation: NaN | 0 ]
MessageBuffer: [Chip 0 0, L2TCache, responseFromL2Cache] stats - msgs:40857 full:0 size:[binsize: 1 max: 3 count: 40857 average: 1.05916 | standard deviation: 0.238347 | 0 38463 2371 23 ]
MessageBuffer: [Chip 0 1, L2TCache, responseFromL2Cache] stats - msgs:569 full:0 size:[binsize: 1 max: 2 count: 569 average: 1.02285 | standard deviation: 0.151286 | 0 556 13 ]
MessageBuffer: [Chip 0 2, L2TCache, responseFromL2Cache] stats - msgs:0 full:0 size:[binsize: 1 max: 0 count: 0 average: NaN |standard deviation: NaN | 0 ]
MessageBuffer: [Chip 0 3, L2TCache, responseFromL2Cache] stats - msgs:0 full:0 size:[binsize: 1 max: 0 count: 0 average: NaN |standard deviation: NaN | 0 ]
MessageBuffer: [Chip 0 0, L2TCache, L1RequestToL2Cache] stats - msgs:40857 full:0 size:[binsize: 1 max: 2 count: 40857 average: 1.00967 | standard deviation: 0.0979524 | 0 40462 395 ]
MessageBuffer: [Chip 0 1, L2TCache, L1RequestToL2Cache] stats - msgs:569 full:0 size:[binsize: 1 max: 1 count: 569 average:     1 | standard deviation: 0 | 0 569 ]
MessageBuffer: [Chip 0 2, L2TCache, L1RequestToL2Cache] stats - msgs:0 full:0 size:[binsize: 1 max: 0 count: 0 average: NaN |standard deviation: NaN | 0 ]
MessageBuffer: [Chip 0 3, L2TCache, L1RequestToL2Cache] stats - msgs:0 full:0 size:[binsize: 1 max: 0 count: 0 average: NaN |standard deviation: NaN | 0 ]
MessageBuffer: [Chip 0 0, L2TCache, requestFromL2TCache] stats - msgs:126 full:0 size:[binsize: 1 max: 3 count: 126 average: 1.03175 | standard deviation: 0.219089 | 0 123 2 1 ]
MessageBuffer: [Chip 0 1, L2TCache, requestFromL2TCache] stats - msgs:183 full:0 size:[binsize: 1 max: 1 count: 183 average:     1 | standard deviation: 0 | 0 183 ]
MessageBuffer: [Chip 0 2, L2TCache, requestFromL2TCache] stats - msgs:0 full:0 size:[binsize: 1 max: 0 count: 0 average: NaN |standard deviation: NaN | 0 ]
MessageBuffer: [Chip 0 3, L2TCache, requestFromL2TCache] stats - msgs:0 full:0 size:[binsize: 1 max: 0 count: 0 average: NaN |standard deviation: NaN | 0 ]
MessageBuffer: [Chip 0 0, L2TCache, responseFromL2TCache] stats - msgs:5 full:0 size:[binsize: 1 max: 1 count: 5 average:     1 | standard deviation: 0 | 0 5 ]
MessageBuffer: [Chip 0 1, L2TCache, responseFromL2TCache] stats - msgs:0 full:0 size:[binsize: 1 max: 0 count: 0 average: NaN |standard deviation: NaN | 0 ]
MessageBuffer: [Chip 0 2, L2TCache, responseFromL2TCache] stats - msgs:0 full:0 size:[binsize: 1 max: 0 count: 0 average: NaN |standard deviation: NaN | 0 ]
MessageBuffer: [Chip 0 3, L2TCache, responseFromL2TCache] stats - msgs:0 full:0 size:[binsize: 1 max: 0 count: 0 average: NaN |standard deviation: NaN | 0 ]
MessageBuffer: [Chip 0 0, L2TCache, unblockFromL2TCache] stats - msgs:124 full:0 size:[binsize: 1 max: 2 count: 124 average: 1.00806 | standard deviation: 0.090167 | 0 123 1 ]
MessageBuffer: [Chip 0 1, L2TCache, unblockFromL2TCache] stats - msgs:183 full:0 size:[binsize: 1 max: 1 count: 183 average:     1 | standard deviation: 0 | 0 183 ]
MessageBuffer: [Chip 0 2, L2TCache, unblockFromL2TCache] stats - msgs:0 full:0 size:[binsize: 1 max: 0 count: 0 average: NaN |standard deviation: NaN | 0 ]
MessageBuffer: [Chip 0 3, L2TCache, unblockFromL2TCache] stats - msgs:0 full:0 size:[binsize: 1 max: 0 count: 0 average: NaN |standard deviation: NaN | 0 ]
MessageBuffer: [Chip 0 0, L2TCache, requestToL2TCache] stats - msgs:7 full:0 size:[binsize: 1 max: 2 count: 7 average: 1.14286 | standard deviation: 0.408248 | 0 6 1 ]
MessageBuffer: [Chip 0 1, L2TCache, requestToL2TCache] stats - msgs:0 full:0 size:[binsize: 1 max: 0 count: 0 average: NaN |standard deviation: NaN | 0 ]
MessageBuffer: [Chip 0 2, L2TCache, requestToL2TCache] stats - msgs:0 full:0 size:[binsize: 1 max: 0 count: 0 average: NaN |standard deviation: NaN | 0 ]
MessageBuffer: [Chip 0 3, L2TCache, requestToL2TCache] stats - msgs:0 full:0 size:[binsize: 1 max: 0 count: 0 average: NaN |standard deviation: NaN | 0 ]
MessageBuffer: [Chip 0 0, L2TCache, responseToL2TCache] stats - msgs:131 full:0 size:[binsize: 1 max: 1 count: 131 average:     1 | standard deviation: 0 | 0 131 ]
MessageBuffer: [Chip 0 1, L2TCache, responseToL2TCache] stats - msgs:183 full:0 size:[binsize: 1 max: 1 count: 183 average:     1 | standard deviation: 0 | 0 183 ]
MessageBuffer: [Chip 0 2, L2TCache, responseToL2TCache] stats - msgs:0 full:0 size:[binsize: 1 max: 0 count: 0 average: NaN |standard deviation: NaN | 0 ]
MessageBuffer: [Chip 0 3, L2TCache, responseToL2TCache] stats - msgs:0 full:0 size:[binsize: 1 max: 0 count: 0 average: NaN |standard deviation: NaN | 0 ]
MessageBuffer: [Chip 0 0, L2Cache, DirRequestFromL2Cache] stats - msgs:180 full:0 size:[binsize: 1 max: 3 count: 180 average: 1.08889 | standard deviation: 0.308175 | 0 165 14 1 ]
MessageBuffer: [Chip 0 1, L2Cache, DirRequestFromL2Cache] stats - msgs:184 full:0 size:[binsize: 1 max: 1 count: 184 average:     1 | standard deviation: 0 | 0 184 ]
MessageBuffer: [Chip 0 2, L2Cache, DirRequestFromL2Cache] stats - msgs:5 full:0 size:[binsize: 1 max: 1 count: 5 average:     1 | standard deviation: 0 | 0 5 ]
MessageBuffer: [Chip 0 3, L2Cache, DirRequestFromL2Cache] stats - msgs:0 full:0 size:[binsize: 1 max: 0 count: 0 average: NaN |standard deviation: NaN | 0 ]
MessageBuffer: [Chip 0 0, L2Cache, L1RequestFromL2Cache] stats - msgs:15 full:0 size:[binsize: 1 max: 2 count: 15 average: 1.06667 | standard deviation: 0.267261 | 0 14 1 ]
MessageBuffer: [Chip 0 1, L2Cache, L1RequestFromL2Cache] stats - msgs:0 full:0 size:[binsize: 1 max: 0 count: 0 average: NaN |standard deviation: NaN | 0 ]
MessageBuffer: [Chip 0 2, L2Cache, L1RequestFromL2Cache] stats - msgs:0 full:0 size:[binsize: 1 max: 0 count: 0 average: NaN |standard deviation: NaN | 0 ]
MessageBuffer: [Chip 0 3, L2Cache, L1RequestFromL2Cache] stats - msgs:0 full:0 size:[binsize: 1 max: 0 count: 0 average: NaN |standard deviation: NaN | 0 ]
MessageBuffer: [Chip 0 0, L2Cache, responseFromL2Cache] stats - msgs:194 full:0 size:[binsize: 1 max: 3 count: 194 average: 1.18041 | standard deviation: 0.472015 | 0 166 21 7 ]
MessageBuffer: [Chip 0 1, L2Cache, responseFromL2Cache] stats - msgs:184 full:0 size:[binsize: 1 max: 1 count: 184 average:     1 | standard deviation: 0 | 0 184 ]
MessageBuffer: [Chip 0 2, L2Cache, responseFromL2Cache] stats - msgs:5 full:0 size:[binsize: 1 max: 1 count: 5 average:     1 | standard deviation: 0 | 0 5 ]
MessageBuffer: [Chip 0 3, L2Cache, responseFromL2Cache] stats - msgs:0 full:0 size:[binsize: 1 max: 0 count: 0 average: NaN |standard deviation: NaN | 0 ]
MessageBuffer: [Chip 0 0, L2Cache, unblockToL2Cache] stats - msgs:195 full:0 size:[binsize: 1 max: 1 count: 195 average:     1 | standard deviation: 0 | 0 195 ]
MessageBuffer: [Chip 0 1, L2Cache, unblockToL2Cache] stats - msgs:184 full:0 size:[binsize: 1 max: 1 count: 184 average:     1 | standard deviation: 0 | 0 184 ]
MessageBuffer: [Chip 0 2, L2Cache, unblockToL2Cache] stats - msgs:5 full:0 size:[binsize: 1 max: 1 count: 5 average:     1 | standard deviation: 0 | 0 5 ]
MessageBuffer: [Chip 0 3, L2Cache, unblockToL2Cache] stats - msgs:0 full:0 size:[binsize: 1 max: 0 count: 0 average: NaN |standard deviation: NaN | 0 ]
MessageBuffer: [Chip 0 0, L2Cache, L1RequestToL2Cache] stats - msgs:197 full:0 size:[binsize: 1 max: 2 count: 197 average: 1.0203 | standard deviation: 0.142857 | 0 193 4 ]
MessageBuffer: [Chip 0 1, L2Cache, L1RequestToL2Cache] stats - msgs:184 full:0 size:[binsize: 1 max: 1 count: 184 average:     1 | standard deviation: 0 | 0 184 ]
MessageBuffer: [Chip 0 2, L2Cache, L1RequestToL2Cache] stats - msgs:5 full:0 size:[binsize: 1 max: 1 count: 5 average:     1 | standard deviation: 0 | 0 5 ]
MessageBuffer: [Chip 0 3, L2Cache, L1RequestToL2Cache] stats - msgs:0 full:0 size:[binsize: 1 max: 0 count: 0 average: NaN |standard deviation: NaN | 0 ]
MessageBuffer: [Chip 0 0, L2Cache, responseToL2Cache] stats - msgs:185 full:0 size:[binsize: 1 max: 1 count: 185 average:     1 | standard deviation: 0 | 0 185 ]
MessageBuffer: [Chip 0 1, L2Cache, responseToL2Cache] stats - msgs:184 full:0 size:[binsize: 1 max: 1 count: 184 average:     1 | standard deviation: 0 | 0 184 ]
MessageBuffer: [Chip 0 2, L2Cache, responseToL2Cache] stats - msgs:5 full:0 size:[binsize: 1 max: 1 count: 5 average:     1 | standard deviation: 0 | 0 5 ]
MessageBuffer: [Chip 0 3, L2Cache, responseToL2Cache] stats - msgs:0 full:0 size:[binsize: 1 max: 0 count: 0 average: NaN |standard deviation: NaN | 0 ]
MessageBuffer: [Chip 0 0, L1Cache, requestFromL1Cache] stats - msgs:77 full:0 size:[binsize: 1 max: 2 count: 77 average: 1.15584 | standard deviation: 0.380443 | 0 65 12 ]
MessageBuffer: [Chip 0 1, L1Cache, requestFromL1Cache] stats - msgs:0 full:0 size:[binsize: 1 max: 0 count: 0 average: NaN |standard deviation: NaN | 0 ]
MessageBuffer: [Chip 0 2, L1Cache, requestFromL1Cache] stats - msgs:0 full:0 size:[binsize: 1 max: 0 count: 0 average: NaN |standard deviation: NaN | 0 ]
MessageBuffer: [Chip 0 3, L1Cache, requestFromL1Cache] stats - msgs:0 full:0 size:[binsize: 1 max: 0 count: 0 average: NaN |standard deviation: NaN | 0 ]
MessageBuffer: [Chip 0 4, L1Cache, requestFromL1Cache] stats - msgs:0 full:0 size:[binsize: 1 max: 0 count: 0 average: NaN |standard deviation: NaN | 0 ]
MessageBuffer: [Chip 0 5, L1Cache, requestFromL1Cache] stats - msgs:0 full:0 size:[binsize: 1 max: 0 count: 0 average: NaN |standard deviation: NaN | 0 ]
MessageBuffer: [Chip 0 6, L1Cache, requestFromL1Cache] stats - msgs:0 full:0 size:[binsize: 1 max: 0 count: 0 average: NaN |standard deviation: NaN | 0 ]
MessageBuffer: [Chip 0 7, L1Cache, requestFromL1Cache] stats - msgs:0 full:0 size:[binsize: 1 max: 0 count: 0 average: NaN |standard deviation: NaN | 0 ]
MessageBuffer: [Chip 0 0, L1Cache, responseFromL1Cache] stats - msgs:8 full:0 size:[binsize: 1 max: 1 count: 8 average:     1 | standard deviation: 0 | 0 8 ]
MessageBuffer: [Chip 0 1, L1Cache, responseFromL1Cache] stats - msgs:0 full:0 size:[binsize: 1 max: 0 count: 0 average: NaN |standard deviation: NaN | 0 ]
MessageBuffer: [Chip 0 2, L1Cache, responseFromL1Cache] stats - msgs:0 full:0 size:[binsize: 1 max: 0 count: 0 average: NaN |standard deviation: NaN | 0 ]
MessageBuffer: [Chip 0 3, L1Cache, responseFromL1Cache] stats - msgs:0 full:0 size:[binsize: 1 max: 0 count: 0 average: NaN |standard deviation: NaN | 0 ]
MessageBuffer: [Chip 0 4, L1Cache, responseFromL1Cache] stats - msgs:0 full:0 size:[binsize: 1 max: 0 count: 0 average: NaN |standard deviation: NaN | 0 ]
MessageBuffer: [Chip 0 5, L1Cache, responseFromL1Cache] stats - msgs:0 full:0 size:[binsize: 1 max: 0 count: 0 average: NaN |standard deviation: NaN | 0 ]
MessageBuffer: [Chip 0 6, L1Cache, responseFromL1Cache] stats - msgs:0 full:0 size:[binsize: 1 max: 0 count: 0 average: NaN |standard deviation: NaN | 0 ]
MessageBuffer: [Chip 0 7, L1Cache, responseFromL1Cache] stats - msgs:0 full:0 size:[binsize: 1 max: 0 count: 0 average: NaN |standard deviation: NaN | 0 ]
MessageBuffer: [Chip 0 0, L1Cache, unblockFromL1Cache] stats - msgs:77 full:0 size:[binsize: 1 max: 2 count: 77 average: 1.05195 | standard deviation: 0.229416 | 0 73 4 ]
MessageBuffer: [Chip 0 1, L1Cache, unblockFromL1Cache] stats - msgs:0 full:0 size:[binsize: 1 max: 0 count: 0 average: NaN |standard deviation: NaN | 0 ]
MessageBuffer: [Chip 0 2, L1Cache, unblockFromL1Cache] stats - msgs:0 full:0 size:[binsize: 1 max: 0 count: 0 average: NaN |standard deviation: NaN | 0 ]
MessageBuffer: [Chip 0 3, L1Cache, unblockFromL1Cache] stats - msgs:0 full:0 size:[binsize: 1 max: 0 count: 0 average: NaN |standard deviation: NaN | 0 ]
MessageBuffer: [Chip 0 4, L1Cache, unblockFromL1Cache] stats - msgs:0 full:0 size:[binsize: 1 max: 0 count: 0 average: NaN |standard deviation: NaN | 0 ]
MessageBuffer: [Chip 0 5, L1Cache, unblockFromL1Cache] stats - msgs:0 full:0 size:[binsize: 1 max: 0 count: 0 average: NaN |standard deviation: NaN | 0 ]
MessageBuffer: [Chip 0 6, L1Cache, unblockFromL1Cache] stats - msgs:0 full:0 size:[binsize: 1 max: 0 count: 0 average: NaN |standard deviation: NaN | 0 ]
MessageBuffer: [Chip 0 7, L1Cache, unblockFromL1Cache] stats - msgs:0 full:0 size:[binsize: 1 max: 0 count: 0 average: NaN |standard deviation: NaN | 0 ]
MessageBuffer: [Chip 0 0, L1Cache, requestToL1Cache] stats - msgs:8 full:0 size:[binsize: 1 max: 1 count: 8 average:     1 | standard deviation: 0 | 0 8 ]
MessageBuffer: [Chip 0 1, L1Cache, requestToL1Cache] stats - msgs:0 full:0 size:[binsize: 1 max: 0 count: 0 average: NaN |standard deviation: NaN | 0 ]
MessageBuffer: [Chip 0 2, L1Cache, requestToL1Cache] stats - msgs:0 full:0 size:[binsize: 1 max: 0 count: 0 average: NaN |standard deviation: NaN | 0 ]
MessageBuffer: [Chip 0 3, L1Cache, requestToL1Cache] stats - msgs:0 full:0 size:[binsize: 1 max: 0 count: 0 average: NaN |standard deviation: NaN | 0 ]
MessageBuffer: [Chip 0 4, L1Cache, requestToL1Cache] stats - msgs:0 full:0 size:[binsize: 1 max: 0 count: 0 average: NaN |standard deviation: NaN | 0 ]
MessageBuffer: [Chip 0 5, L1Cache, requestToL1Cache] stats - msgs:0 full:0 size:[binsize: 1 max: 0 count: 0 average: NaN |standard deviation: NaN | 0 ]
MessageBuffer: [Chip 0 6, L1Cache, requestToL1Cache] stats - msgs:0 full:0 size:[binsize: 1 max: 0 count: 0 average: NaN |standard deviation: NaN | 0 ]
MessageBuffer: [Chip 0 7, L1Cache, requestToL1Cache] stats - msgs:0 full:0 size:[binsize: 1 max: 0 count: 0 average: NaN |standard deviation: NaN | 0 ]
MessageBuffer: [Chip 0 0, L1Cache, responseToL1Cache] stats - msgs:77 full:0 size:[binsize: 1 max: 1 count: 77 average:     1 | standard deviation: 0 | 0 77 ]
MessageBuffer: [Chip 0 1, L1Cache, responseToL1Cache] stats - msgs:0 full:0 size:[binsize: 1 max: 0 count: 0 average: NaN |standard deviation: NaN | 0 ]
MessageBuffer: [Chip 0 2, L1Cache, responseToL1Cache] stats - msgs:0 full:0 size:[binsize: 1 max: 0 count: 0 average: NaN |standard deviation: NaN | 0 ]
MessageBuffer: [Chip 0 3, L1Cache, responseToL1Cache] stats - msgs:0 full:0 size:[binsize: 1 max: 0 count: 0 average: NaN |standard deviation: NaN | 0 ]
MessageBuffer: [Chip 0 4, L1Cache, responseToL1Cache] stats - msgs:0 full:0 size:[binsize: 1 max: 0 count: 0 average: NaN |standard deviation: NaN | 0 ]
MessageBuffer: [Chip 0 5, L1Cache, responseToL1Cache] stats - msgs:0 full:0 size:[binsize: 1 max: 0 count: 0 average: NaN |standard deviation: NaN | 0 ]
MessageBuffer: [Chip 0 6, L1Cache, responseToL1Cache] stats - msgs:0 full:0 size:[binsize: 1 max: 0 count: 0 average: NaN |standard deviation: NaN | 0 ]
MessageBuffer: [Chip 0 7, L1Cache, responseToL1Cache] stats - msgs:0 full:0 size:[binsize: 1 max: 0 count: 0 average: NaN |standard deviation: NaN | 0 ]
MessageBuffer: [Chip 0 0, Directory, requestToDir] stats - msgs:99 full:0 size:[binsize: 1 max: 1 count: 99 average:     1 | standard deviation: 0 | 0 99 ]
MessageBuffer: [Chip 0 1, Directory, requestToDir] stats - msgs:89 full:0 size:[binsize: 1 max: 1 count: 89 average:     1 | standard deviation: 0 | 0 89 ]
MessageBuffer: [Chip 0 2, Directory, requestToDir] stats - msgs:91 full:0 size:[binsize: 1 max: 2 count: 91 average: 1.01099 | standard deviation: 0.105409 | 0 90 1 ]
MessageBuffer: [Chip 0 3, Directory, requestToDir] stats - msgs:90 full:0 size:[binsize: 1 max: 1 count: 90 average:     1 | standard deviation: 0 | 0 90 ]
MessageBuffer: [Chip 0 0, Directory, responseToDir] stats - msgs:0 full:0 size:[binsize: 1 max: 0 count: 0 average: NaN |standard deviation: NaN | 0 ]
MessageBuffer: [Chip 0 1, Directory, responseToDir] stats - msgs:0 full:0 size:[binsize: 1 max: 0 count: 0 average: NaN |standard deviation: NaN | 0 ]
MessageBuffer: [Chip 0 2, Directory, responseToDir] stats - msgs:0 full:0 size:[binsize: 1 max: 0 count: 0 average: NaN |standard deviation: NaN | 0 ]
MessageBuffer: [Chip 0 3, Directory, responseToDir] stats - msgs:0 full:0 size:[binsize: 1 max: 0 count: 0 average: NaN |standard deviation: NaN | 0 ]
MessageBuffer: [Chip 0 0, Directory, responseFromDir] stats - msgs:99 full:0 size:[binsize: 1 max: 3 count: 99 average: 1.08081 | standard deviation: 0.319438 | 0 92 6 1 ]
MessageBuffer: [Chip 0 1, Directory, responseFromDir] stats - msgs:89 full:0 size:[binsize: 1 max: 2 count: 89 average: 1.03371 | standard deviation: 0.184637 | 0 86 3 ]
MessageBuffer: [Chip 0 2, Directory, responseFromDir] stats - msgs:91 full:0 size:[binsize: 1 max: 3 count: 91 average: 1.05495 | standard deviation: 0.278887 | 0 87 3 1 ]
MessageBuffer: [Chip 0 3, Directory, responseFromDir] stats - msgs:90 full:0 size:[binsize: 1 max: 2 count: 90 average: 1.03333 | standard deviation: 0.183597 | 0 87 3 ]
