####################################################################################################
Interval
####################################################################################################

INST_COUNT_TOT                                           23563218                      23563218

CYC_COUNT_TOT                                            89557690                      89557690

EXE_TIME                                                        0                             0

NUM_REPEAT                                                      0                             0

CYC_COUNT_X86                                                   0                             0

CYC_COUNT_PTX                                                   0                             0

AVG_BLOCK_EXE_CYCLE                                             0                             0

AVG_BLOCK_EXE_CYCLE_BASE                                        0                             0

PROGRESS_ERROR                                                  0                             0

FILE_OPEN_ERROR                                                 0                             0

NUM_THREAD                                                      0                             0

APPL_CYC_COUNT_BASE0                                            0                             0

APPL_CYC_COUNT_BASE1                                            0                             0

APPL_CYC_COUNT_BASE2                                            0                             0

APPL_CYC_COUNT_BASE3                                            0                             0

APPL_CYC_COUNT_BASE4                                            0                             0

APPL_CYC_COUNT0                                                 0                           NaN

APPL_CYC_COUNT1                                                 0                           NaN

APPL_CYC_COUNT2                                                 0                           NaN

APPL_CYC_COUNT3                                                 0                           NaN

APPL_CYC_COUNT4                                                 0                           NaN

CPI_DELTA_BASE0                                                 0                             0

CPI_DELTA_BASE1                                                 0                             0

CPI_DELTA_BASE2                                                 0                             0

CPI_DELTA_BASE3                                                 0                             0

CPI_DELTA_BASE4                                                 0                             0

CPI_DELTA0                                                      0                           NaN

CPI_DELTA1                                                      0                           NaN

CPI_DELTA2                                                      0                           NaN

CPI_DELTA3                                                      0                           NaN

CPI_DELTA4                                                      0                           NaN

CYCLE_CPU                                                89557690                      89557690

CYCLE_GPU                                                89557690                      89557690

INST_COUNT_CORE_0                                              56                            56

CYC_COUNT_CORE_0                                         89557689                      89557689

INST_COUNT_CORE_1                                               0                             0

CYC_COUNT_CORE_1                                         89554830                      89554830

INST_COUNT_CORE_2                                           41929                         41929

CYC_COUNT_CORE_2                                         89554826                      89554826

INST_COUNT_CORE_3                                        18096306                      18096306

CYC_COUNT_CORE_3                                         89554826                      89554826

INST_COUNT_CORE_4                                         2144700                       2144700

CYC_COUNT_CORE_4                                         89554826                      89554826

INST_COUNT_CORE_5                                         3280227                       3280227

CYC_COUNT_CORE_5                                         89554826                      89554826

INST_COUNT_CORE_6                                               0                             0

CYC_COUNT_CORE_6                                                0                             0

INST_COUNT_CORE_7                                               0                             0

CYC_COUNT_CORE_7                                                0                             0

