####################################################################################################
Interval
####################################################################################################

INST_COUNT_TOT                                            6229410                       6229410

CYC_COUNT_TOT                                            30058274                      30058274

EXE_TIME                                                        0                             0

NUM_REPEAT                                                      0                             0

CYC_COUNT_X86                                                   0                             0

CYC_COUNT_PTX                                                   0                             0

AVG_BLOCK_EXE_CYCLE                                             0                             0

AVG_BLOCK_EXE_CYCLE_BASE                                        0                             0

PROGRESS_ERROR                                                  0                             0

FILE_OPEN_ERROR                                                 0                             0

NUM_THREAD                                                      0                             0

APPL_CYC_COUNT_BASE0                                            0                             0

APPL_CYC_COUNT_BASE1                                            0                             0

APPL_CYC_COUNT_BASE2                                            0                             0

APPL_CYC_COUNT_BASE3                                            0                             0

APPL_CYC_COUNT_BASE4                                            0                             0

APPL_CYC_COUNT0                                                 0                           NaN

APPL_CYC_COUNT1                                                 0                           NaN

APPL_CYC_COUNT2                                                 0                           NaN

APPL_CYC_COUNT3                                                 0                           NaN

APPL_CYC_COUNT4                                                 0                           NaN

CPI_DELTA_BASE0                                                 0                             0

CPI_DELTA_BASE1                                                 0                             0

CPI_DELTA_BASE2                                                 0                             0

CPI_DELTA_BASE3                                                 0                             0

CPI_DELTA_BASE4                                                 0                             0

CPI_DELTA0                                                      0                           NaN

CPI_DELTA1                                                      0                           NaN

CPI_DELTA2                                                      0                           NaN

CPI_DELTA3                                                      0                           NaN

CPI_DELTA4                                                      0                           NaN

CYCLE_CPU                                                30058274                      30058274

CYCLE_GPU                                                30058274                      30058274

INST_COUNT_CORE_0                                          225516                        225516

CYC_COUNT_CORE_0                                         30058273                      30058273

INST_COUNT_CORE_1                                            7389                          7389

CYC_COUNT_CORE_1                                         29346121                      29346121

INST_COUNT_CORE_2                                         3299823                       3299823

CYC_COUNT_CORE_2                                         29346113                      29346113

INST_COUNT_CORE_3                                         2696682                       2696682

CYC_COUNT_CORE_3                                         29346113                      29346113

INST_COUNT_CORE_4                                               0                             0

CYC_COUNT_CORE_4                                         29346113                      29346113

INST_COUNT_CORE_5                                               0                             0

CYC_COUNT_CORE_5                                         29346113                      29346113

INST_COUNT_CORE_6                                               0                             0

CYC_COUNT_CORE_6                                         29346113                      29346113

INST_COUNT_CORE_7                                               0                             0

CYC_COUNT_CORE_7                                         29346113                      29346113

