####################################################################################################
Interval
####################################################################################################

DISPATCHED_INST                                          73258385                      73258385

DISPATCH_WAIT                                         13800482924                       188.381

NUM_NO_FETCH_CYCLES                                             0                             0

AVG_CORE_IDLE_CYCLE                                             0                             0

NUM_SAMPLES_CORE_0                                      114177153                     114177153

NUM_ACTIVE_BLOCKS_CORE_0                                        0                             0

NUM_ACTIVE_THREADS_CORE_0                               114177152                             1

NUM_SCHED_IDLE_CYCLE_CORE_0                                    87                            87

NUM_NO_SCHED_CYCLE_CORE_0                                       0                             0

CORE_DISPATCHED_INST_CORE_0                                   516                           516

CORE_DISPATCH_WAIT_CORE_0                                   76801                       148.839

CORE_CYCLES_CORE_0                                              0                             0

CORE_SCHED_THREADS_CORE_0                                       0                           NaN

CORE_NUM_NO_FETCH_CYCLES_CORE_0                                 0                             0

CORE_NUM_NO_FETCH_CYCLES_WITH_READY_THREADS_CORE_0                   0                             0

CORE_NUM_FETCH_CYCLES_CORE_0                                    0                             0

CORE_FETCH_DELTA_CORE_0                                         0                           NaN

CORE_NUM_RETIRE_CYCLES_CORE_0                                   0                             0

CORE_RETIRE_DELTA_CORE_0                                        0                           NaN

SCHED_FAILED_REASON_SUCCESS_CORE_0                           9058                       17.6807%
SCHED_FAILED_OPERANDS_NOT_READY_CORE_0                      41748                       81.4897%
SCHED_FAILED_NO_PORTS_CORE_0                                  425                      0.829576%
                                                            51231                           100%

NUM_SAMPLES_CORE_1                                      114173207                     114173207

NUM_ACTIVE_BLOCKS_CORE_1                                        0                             0

NUM_ACTIVE_THREADS_CORE_1                               114173207                             1

NUM_SCHED_IDLE_CYCLE_CORE_1                                     0                             0

NUM_NO_SCHED_CYCLE_CORE_1                                       0                             0

CORE_DISPATCHED_INST_CORE_1                                     0                             0

CORE_DISPATCH_WAIT_CORE_1                                       0                           NaN

CORE_CYCLES_CORE_1                                              0                             0

CORE_SCHED_THREADS_CORE_1                                       0                           NaN

CORE_NUM_NO_FETCH_CYCLES_CORE_1                                 0                             0

CORE_NUM_NO_FETCH_CYCLES_WITH_READY_THREADS_CORE_1                   0                             0

CORE_NUM_FETCH_CYCLES_CORE_1                                    0                             0

CORE_FETCH_DELTA_CORE_1                                         0                           NaN

CORE_NUM_RETIRE_CYCLES_CORE_1                                   0                             0

CORE_RETIRE_DELTA_CORE_1                                        0                           NaN

SCHED_FAILED_REASON_SUCCESS_CORE_1                              0                          NaN 
SCHED_FAILED_OPERANDS_NOT_READY_CORE_1                          0                          NaN 
SCHED_FAILED_NO_PORTS_CORE_1                                    0                          NaN 
                                                                0                           100%

NUM_SAMPLES_CORE_2                                      114173203                     114173203

NUM_ACTIVE_BLOCKS_CORE_2                                        0                             0

NUM_ACTIVE_THREADS_CORE_2                               114173203                             1

NUM_SCHED_IDLE_CYCLE_CORE_2                               1745808                       1745808

NUM_NO_SCHED_CYCLE_CORE_2                                       0                             0

CORE_DISPATCHED_INST_CORE_2                              27983748                      27983748

CORE_DISPATCH_WAIT_CORE_2                              3868715644                       138.249

CORE_CYCLES_CORE_2                                              0                             0

CORE_SCHED_THREADS_CORE_2                                       0                           NaN

CORE_NUM_NO_FETCH_CYCLES_CORE_2                                 0                             0

CORE_NUM_NO_FETCH_CYCLES_WITH_READY_THREADS_CORE_2                   0                             0

CORE_NUM_FETCH_CYCLES_CORE_2                                    0                             0

CORE_FETCH_DELTA_CORE_2                                         0                           NaN

CORE_NUM_RETIRE_CYCLES_CORE_2                                   0                             0

CORE_RETIRE_DELTA_CORE_2                                        0                           NaN

SCHED_FAILED_REASON_SUCCESS_CORE_2                      265816720                       6.92958%
SCHED_FAILED_OPERANDS_NOT_READY_CORE_2                 -724872330                      -18.8967%
SCHED_FAILED_NO_PORTS_CORE_2                                58001                    0.00151203%
                                                       3835969687                           100%

NUM_SAMPLES_CORE_3                                      114173203                     114173203

NUM_ACTIVE_BLOCKS_CORE_3                                        0                             0

NUM_ACTIVE_THREADS_CORE_3                               114173203                             1

NUM_SCHED_IDLE_CYCLE_CORE_3                                   364                           364

NUM_NO_SCHED_CYCLE_CORE_3                                       0                             0

CORE_DISPATCHED_INST_CORE_3                               2133963                       2133963

CORE_DISPATCH_WAIT_CORE_3                               533691302                       250.094

CORE_CYCLES_CORE_3                                              0                             0

CORE_SCHED_THREADS_CORE_3                                       0                           NaN

CORE_NUM_NO_FETCH_CYCLES_CORE_3                                 0                             0

CORE_NUM_NO_FETCH_CYCLES_WITH_READY_THREADS_CORE_3                   0                             0

CORE_NUM_FETCH_CYCLES_CORE_3                                    0                             0

CORE_FETCH_DELTA_CORE_3                                         0                           NaN

CORE_NUM_RETIRE_CYCLES_CORE_3                                   0                             0

CORE_RETIRE_DELTA_CORE_3                                        0                           NaN

SCHED_FAILED_REASON_SUCCESS_CORE_3                        2203679                       0.41457%
SCHED_FAILED_OPERANDS_NOT_READY_CORE_3                  529353660                       99.5854%
SCHED_FAILED_NO_PORTS_CORE_3                                    0                             0%
                                                        531557339                           100%

NUM_SAMPLES_CORE_4                                      114173203                     114173203

NUM_ACTIVE_BLOCKS_CORE_4                                        0                             0

NUM_ACTIVE_THREADS_CORE_4                               114173203                             1

NUM_SCHED_IDLE_CYCLE_CORE_4                                   328                           328

NUM_NO_SCHED_CYCLE_CORE_4                                       0                             0

CORE_DISPATCHED_INST_CORE_4                               3564269                       3564269

CORE_DISPATCH_WAIT_CORE_4                               466387810                       130.851

CORE_CYCLES_CORE_4                                              0                             0

CORE_SCHED_THREADS_CORE_4                                       0                           NaN

CORE_NUM_NO_FETCH_CYCLES_CORE_4                                 0                             0

CORE_NUM_NO_FETCH_CYCLES_WITH_READY_THREADS_CORE_4                   0                             0

CORE_NUM_FETCH_CYCLES_CORE_4                                    0                             0

CORE_FETCH_DELTA_CORE_4                                         0                           NaN

CORE_NUM_RETIRE_CYCLES_CORE_4                                   0                             0

CORE_RETIRE_DELTA_CORE_4                                        0                           NaN

SCHED_FAILED_REASON_SUCCESS_CORE_4                        3588588                      0.775369%
SCHED_FAILED_OPERANDS_NOT_READY_CORE_4                  459234953                       99.2246%
SCHED_FAILED_NO_PORTS_CORE_4                                    0                             0%
                                                        462823541                           100%

NUM_SAMPLES_CORE_5                                      114173203                     114173203

NUM_ACTIVE_BLOCKS_CORE_5                                        0                             0

NUM_ACTIVE_THREADS_CORE_5                               114173203                             1

NUM_SCHED_IDLE_CYCLE_CORE_5                                    39                            39

NUM_NO_SCHED_CYCLE_CORE_5                                       0                             0

CORE_DISPATCHED_INST_CORE_5                              39575889                      39575889

CORE_DISPATCH_WAIT_CORE_5                              8931611367                       225.683

CORE_CYCLES_CORE_5                                              0                             0

CORE_SCHED_THREADS_CORE_5                                       0                           NaN

CORE_NUM_NO_FETCH_CYCLES_CORE_5                                 0                             0

CORE_NUM_NO_FETCH_CYCLES_WITH_READY_THREADS_CORE_5                   0                             0

CORE_NUM_FETCH_CYCLES_CORE_5                                    0                             0

CORE_FETCH_DELTA_CORE_5                                         0                           NaN

CORE_NUM_RETIRE_CYCLES_CORE_5                                   0                             0

CORE_RETIRE_DELTA_CORE_5                                        0                           NaN

SCHED_FAILED_REASON_SUCCESS_CORE_5                      892255010                       10.0383%
SCHED_FAILED_OPERANDS_NOT_READY_CORE_5                 -593736840                      -6.67984%
SCHED_FAILED_NO_PORTS_CORE_5                                41477                   0.000466637%
                                                       8888494239                           100%

NUM_SAMPLES_CORE_6                                              0                             0

NUM_ACTIVE_BLOCKS_CORE_6                                        0                           NaN

NUM_ACTIVE_THREADS_CORE_6                                       0                           NaN

NUM_SCHED_IDLE_CYCLE_CORE_6                                     0                             0

NUM_NO_SCHED_CYCLE_CORE_6                                       0                             0

CORE_DISPATCHED_INST_CORE_6                                     0                             0

CORE_DISPATCH_WAIT_CORE_6                                       0                           NaN

CORE_CYCLES_CORE_6                                              0                             0

CORE_SCHED_THREADS_CORE_6                                       0                           NaN

CORE_NUM_NO_FETCH_CYCLES_CORE_6                                 0                             0

CORE_NUM_NO_FETCH_CYCLES_WITH_READY_THREADS_CORE_6                   0                             0

CORE_NUM_FETCH_CYCLES_CORE_6                                    0                             0

CORE_FETCH_DELTA_CORE_6                                         0                           NaN

CORE_NUM_RETIRE_CYCLES_CORE_6                                   0                             0

CORE_RETIRE_DELTA_CORE_6                                        0                           NaN

SCHED_FAILED_REASON_SUCCESS_CORE_6                              0                          NaN 
SCHED_FAILED_OPERANDS_NOT_READY_CORE_6                          0                          NaN 
SCHED_FAILED_NO_PORTS_CORE_6                                    0                          NaN 
                                                                0                           100%

NUM_SAMPLES_CORE_7                                              0                             0

NUM_ACTIVE_BLOCKS_CORE_7                                        0                           NaN

NUM_ACTIVE_THREADS_CORE_7                                       0                           NaN

NUM_SCHED_IDLE_CYCLE_CORE_7                                     0                             0

NUM_NO_SCHED_CYCLE_CORE_7                                       0                             0

CORE_DISPATCHED_INST_CORE_7                                     0                             0

CORE_DISPATCH_WAIT_CORE_7                                       0                           NaN

CORE_CYCLES_CORE_7                                              0                             0

CORE_SCHED_THREADS_CORE_7                                       0                           NaN

CORE_NUM_NO_FETCH_CYCLES_CORE_7                                 0                             0

CORE_NUM_NO_FETCH_CYCLES_WITH_READY_THREADS_CORE_7                   0                             0

CORE_NUM_FETCH_CYCLES_CORE_7                                    0                             0

CORE_FETCH_DELTA_CORE_7                                         0                           NaN

CORE_NUM_RETIRE_CYCLES_CORE_7                                   0                             0

CORE_RETIRE_DELTA_CORE_7                                        0                           NaN

SCHED_FAILED_REASON_SUCCESS_CORE_7                              0                          NaN 
SCHED_FAILED_OPERANDS_NOT_READY_CORE_7                          0                          NaN 
SCHED_FAILED_NO_PORTS_CORE_7                                    0                          NaN 
                                                                0                           100%

