####################################################################################################
Interval
####################################################################################################

INST_COUNT_TOT                                           53732391                      53732391

CYC_COUNT_TOT                                           113329245                     113329245

EXE_TIME                                                        0                             0

NUM_REPEAT                                                      0                             0

CYC_COUNT_X86                                                   0                             0

CYC_COUNT_PTX                                                   0                             0

AVG_BLOCK_EXE_CYCLE                                             0                             0

AVG_BLOCK_EXE_CYCLE_BASE                                        0                             0

PROGRESS_ERROR                                                  0                             0

FILE_OPEN_ERROR                                                 0                             0

NUM_THREAD                                                      0                             0

APPL_CYC_COUNT_BASE0                                            0                             0

APPL_CYC_COUNT_BASE1                                            0                             0

APPL_CYC_COUNT_BASE2                                            0                             0

APPL_CYC_COUNT_BASE3                                            0                             0

APPL_CYC_COUNT_BASE4                                            0                             0

APPL_CYC_COUNT0                                                 0                           NaN

APPL_CYC_COUNT1                                                 0                           NaN

APPL_CYC_COUNT2                                                 0                           NaN

APPL_CYC_COUNT3                                                 0                           NaN

APPL_CYC_COUNT4                                                 0                           NaN

CPI_DELTA_BASE0                                                 0                             0

CPI_DELTA_BASE1                                                 0                             0

CPI_DELTA_BASE2                                                 0                             0

CPI_DELTA_BASE3                                                 0                             0

CPI_DELTA_BASE4                                                 0                             0

CPI_DELTA0                                                      0                           NaN

CPI_DELTA1                                                      0                           NaN

CPI_DELTA2                                                      0                           NaN

CPI_DELTA3                                                      0                           NaN

CPI_DELTA4                                                      0                           NaN

CYCLE_CPU                                               113329245                     113329245

CYCLE_GPU                                               113329245                     113329245

INST_COUNT_CORE_0                                             385                           385

CYC_COUNT_CORE_0                                        113329244                     113329244

INST_COUNT_CORE_1                                               0                             0

CYC_COUNT_CORE_1                                        113319191                     113319191

INST_COUNT_CORE_2                                        20440868                      20440868

CYC_COUNT_CORE_2                                        113319187                     113319187

INST_COUNT_CORE_3                                         1523939                       1523939

CYC_COUNT_CORE_3                                        113319187                     113319187

INST_COUNT_CORE_4                                         2545776                       2545776

CYC_COUNT_CORE_4                                        113319187                     113319187

INST_COUNT_CORE_5                                        29221423                      29221423

CYC_COUNT_CORE_5                                        113319187                     113319187

INST_COUNT_CORE_6                                               0                             0

CYC_COUNT_CORE_6                                                0                             0

INST_COUNT_CORE_7                                               0                             0

CYC_COUNT_CORE_7                                                0                             0

