BP_MISPRED_STALL_CORE_0                                    466864                        466864

BP_RESOLVED_CORE_0                                          22865                         22865

BP_REDIRECT_RESOLVED_CORE_0                                     0                             0

PERFECT_TARGET_PRED_CORE_0                                      0                             0

BP_ON_PATH_CORRECT_CORE_0                                   20742                       47.5658%
BP_ON_PATH_MISPREDICT_CORE_0                                22865                       52.4342%
BP_ON_PATH_MISFETCH_CORE_0                                      0                             0%
                                                            43607                           100%

BP_OFF_PATH_CORRECT_CORE_0                                      0                          NaN 
BP_OFF_PATH_MISPREDICT_CORE_0                                   0                          NaN 
BP_OFF_PATH_MISFETCH_CORE_0                                     0                          NaN 
                                                                0                           100%

BP_MISPRED_STALL_CORE_1                                         0                             0

BP_RESOLVED_CORE_1                                              0                             0

BP_REDIRECT_RESOLVED_CORE_1                                     0                             0

PERFECT_TARGET_PRED_CORE_1                                      0                             0

BP_ON_PATH_CORRECT_CORE_1                                       0                          NaN 
BP_ON_PATH_MISPREDICT_CORE_1                                    0                          NaN 
BP_ON_PATH_MISFETCH_CORE_1                                      0                          NaN 
                                                                0                           100%

BP_OFF_PATH_CORRECT_CORE_1                                      0                          NaN 
BP_OFF_PATH_MISPREDICT_CORE_1                                   0                          NaN 
BP_OFF_PATH_MISFETCH_CORE_1                                     0                          NaN 
                                                                0                           100%

BP_MISPRED_STALL_CORE_2                                     43313                         43313

BP_RESOLVED_CORE_2                                           8349                          8349

BP_REDIRECT_RESOLVED_CORE_2                                     0                             0

PERFECT_TARGET_PRED_CORE_2                                      0                             0

BP_ON_PATH_CORRECT_CORE_2                                   59328                       87.6635%
BP_ON_PATH_MISPREDICT_CORE_2                                 8349                       12.3365%
BP_ON_PATH_MISFETCH_CORE_2                                      0                             0%
                                                            67677                           100%

BP_OFF_PATH_CORRECT_CORE_2                                      0                          NaN 
BP_OFF_PATH_MISPREDICT_CORE_2                                   0                          NaN 
BP_OFF_PATH_MISFETCH_CORE_2                                     0                          NaN 
                                                                0                           100%

BP_MISPRED_STALL_CORE_3                                      3755                          3755

BP_RESOLVED_CORE_3                                           6301                          6301

BP_REDIRECT_RESOLVED_CORE_3                                     0                             0

PERFECT_TARGET_PRED_CORE_3                                      0                             0

BP_ON_PATH_CORRECT_CORE_3                                   47040                       88.1873%
BP_ON_PATH_MISPREDICT_CORE_3                                 6301                       11.8127%
BP_ON_PATH_MISFETCH_CORE_3                                      0                             0%
                                                            53341                           100%

BP_OFF_PATH_CORRECT_CORE_3                                      0                          NaN 
BP_OFF_PATH_MISPREDICT_CORE_3                                   0                          NaN 
BP_OFF_PATH_MISFETCH_CORE_3                                     0                          NaN 
                                                                0                           100%

BP_MISPRED_STALL_CORE_4                                     47167                         47167

BP_RESOLVED_CORE_4                                          10304                         10304

BP_REDIRECT_RESOLVED_CORE_4                                     0                             0

PERFECT_TARGET_PRED_CORE_4                                      0                             0

BP_ON_PATH_CORRECT_CORE_4                                   73695                       87.7332%
BP_ON_PATH_MISPREDICT_CORE_4                                10304                       12.2668%
BP_ON_PATH_MISFETCH_CORE_4                                      0                             0%
                                                            83999                           100%

BP_OFF_PATH_CORRECT_CORE_4                                      0                          NaN 
BP_OFF_PATH_MISPREDICT_CORE_4                                   0                          NaN 
BP_OFF_PATH_MISFETCH_CORE_4                                     0                          NaN 
                                                                0                           100%

BP_MISPRED_STALL_CORE_5                                     21079                         21079

BP_RESOLVED_CORE_5                                           6208                          6208

BP_REDIRECT_RESOLVED_CORE_5                                     0                             0

PERFECT_TARGET_PRED_CORE_5                                      0                             0

BP_ON_PATH_CORRECT_CORE_5                                   47071                       88.3481%
BP_ON_PATH_MISPREDICT_CORE_5                                 6208                       11.6519%
BP_ON_PATH_MISFETCH_CORE_5                                      0                             0%
                                                            53279                           100%

BP_OFF_PATH_CORRECT_CORE_5                                      0                          NaN 
BP_OFF_PATH_MISPREDICT_CORE_5                                   0                          NaN 
BP_OFF_PATH_MISFETCH_CORE_5                                     0                          NaN 
                                                                0                           100%

BP_MISPRED_STALL_CORE_6                                     17514                         17514

BP_RESOLVED_CORE_6                                           6208                          6208

BP_REDIRECT_RESOLVED_CORE_6                                     0                             0

PERFECT_TARGET_PRED_CORE_6                                      0                             0

BP_ON_PATH_CORRECT_CORE_6                                   47071                       88.3481%
BP_ON_PATH_MISPREDICT_CORE_6                                 6208                       11.6519%
BP_ON_PATH_MISFETCH_CORE_6                                      0                             0%
                                                            53279                           100%

BP_OFF_PATH_CORRECT_CORE_6                                      0                          NaN 
BP_OFF_PATH_MISPREDICT_CORE_6                                   0                          NaN 
BP_OFF_PATH_MISFETCH_CORE_6                                     0                          NaN 
                                                                0                           100%

BP_MISPRED_STALL_CORE_7                                     52197                         52197

BP_RESOLVED_CORE_7                                           4128                          4128

BP_REDIRECT_RESOLVED_CORE_7                                     0                             0

PERFECT_TARGET_PRED_CORE_7                                      0                             0

BP_ON_PATH_CORRECT_CORE_7                                   30719                       88.1539%
BP_ON_PATH_MISPREDICT_CORE_7                                 4128                       11.8461%
BP_ON_PATH_MISFETCH_CORE_7                                      0                             0%
                                                            34847                           100%

BP_OFF_PATH_CORRECT_CORE_7                                      0                          NaN 
BP_OFF_PATH_MISPREDICT_CORE_7                                   0                          NaN 
BP_OFF_PATH_MISFETCH_CORE_7                                     0                          NaN 
                                                                0                           100%

