####################################################################################################
Interval
####################################################################################################

DISPATCHED_INST                                           6835094                       6835094

DISPATCH_WAIT                                           164931632                       24.1301

NUM_NO_FETCH_CYCLES                                             0                             0

AVG_CORE_IDLE_CYCLE                                             0                             0

NUM_SAMPLES_CORE_0                                        2234132                       2234132

NUM_ACTIVE_BLOCKS_CORE_0                                        0                             0

NUM_ACTIVE_THREADS_CORE_0                                 2234131                             1

NUM_SCHED_IDLE_CYCLE_CORE_0                                  2281                          2281

NUM_NO_SCHED_CYCLE_CORE_0                                       0                             0

CORE_DISPATCHED_INST_CORE_0                                  7709                          7709

CORE_DISPATCH_WAIT_CORE_0                                  289059                       37.4963

CORE_CYCLES_CORE_0                                              0                             0

CORE_SCHED_THREADS_CORE_0                                       0                           NaN

CORE_NUM_NO_FETCH_CYCLES_CORE_0                                 0                             0

CORE_NUM_NO_FETCH_CYCLES_WITH_READY_THREADS_CORE_0                   0                             0

CORE_NUM_FETCH_CYCLES_CORE_0                                    0                             0

CORE_FETCH_DELTA_CORE_0                                         0                           NaN

CORE_NUM_RETIRE_CYCLES_CORE_0                                   0                             0

CORE_RETIRE_DELTA_CORE_0                                        0                           NaN

SCHED_FAILED_REASON_SUCCESS_CORE_0                          72826                       42.8497%
SCHED_FAILED_OPERANDS_NOT_READY_CORE_0                      85488                       50.2998%
SCHED_FAILED_NO_PORTS_CORE_0                                11643                       6.85056%
                                                           169957                           100%

NUM_SAMPLES_CORE_1                                        2207546                       2207546

NUM_ACTIVE_BLOCKS_CORE_1                                        0                             0

NUM_ACTIVE_THREADS_CORE_1                                 2207545                             1

NUM_SCHED_IDLE_CYCLE_CORE_1                                 49758                         49758

NUM_NO_SCHED_CYCLE_CORE_1                                       0                             0

CORE_DISPATCHED_INST_CORE_1                                 85439                         85439

CORE_DISPATCH_WAIT_CORE_1                                10446688                       122.271

CORE_CYCLES_CORE_1                                              0                             0

CORE_SCHED_THREADS_CORE_1                                       0                           NaN

CORE_NUM_NO_FETCH_CYCLES_CORE_1                                 0                             0

CORE_NUM_NO_FETCH_CYCLES_WITH_READY_THREADS_CORE_1                   0                             0

CORE_NUM_FETCH_CYCLES_CORE_1                                    0                             0

CORE_FETCH_DELTA_CORE_1                                         0                           NaN

CORE_NUM_RETIRE_CYCLES_CORE_1                                   0                             0

CORE_RETIRE_DELTA_CORE_1                                        0                           NaN

SCHED_FAILED_REASON_SUCCESS_CORE_1                        8030798                       77.5315%
SCHED_FAILED_OPERANDS_NOT_READY_CORE_1                    2326775                       22.4633%
SCHED_FAILED_NO_PORTS_CORE_1                                  540                     0.0052133%
                                                         10358113                           100%

NUM_SAMPLES_CORE_2                                        2207354                       2207354

NUM_ACTIVE_BLOCKS_CORE_2                                        0                             0

NUM_ACTIVE_THREADS_CORE_2                                 2207354                             1

NUM_SCHED_IDLE_CYCLE_CORE_2                                  3913                          3913

NUM_NO_SCHED_CYCLE_CORE_2                                       0                             0

CORE_DISPATCHED_INST_CORE_2                               1857983                       1857983

CORE_DISPATCH_WAIT_CORE_2                                46472435                       25.0123

CORE_CYCLES_CORE_2                                              0                             0

CORE_SCHED_THREADS_CORE_2                                       0                           NaN

CORE_NUM_NO_FETCH_CYCLES_CORE_2                                 0                             0

CORE_NUM_NO_FETCH_CYCLES_WITH_READY_THREADS_CORE_2                   0                             0

CORE_NUM_FETCH_CYCLES_CORE_2                                    0                             0

CORE_FETCH_DELTA_CORE_2                                         0                           NaN

CORE_NUM_RETIRE_CYCLES_CORE_2                                   0                             0

CORE_RETIRE_DELTA_CORE_2                                        0                           NaN

SCHED_FAILED_REASON_SUCCESS_CORE_2                        4097028                       9.18404%
SCHED_FAILED_OPERANDS_NOT_READY_CORE_2                   40510506                       90.8097%
SCHED_FAILED_NO_PORTS_CORE_2                                 2790                    0.00625416%
                                                         44610324                           100%

NUM_SAMPLES_CORE_3                                        2207354                       2207354

NUM_ACTIVE_BLOCKS_CORE_3                                        0                             0

NUM_ACTIVE_THREADS_CORE_3                                 2207354                             1

NUM_SCHED_IDLE_CYCLE_CORE_3                                  1209                          1209

NUM_NO_SCHED_CYCLE_CORE_3                                       0                             0

CORE_DISPATCHED_INST_CORE_3                                550367                        550367

CORE_DISPATCH_WAIT_CORE_3                                13568365                       24.6533

CORE_CYCLES_CORE_3                                              0                             0

CORE_SCHED_THREADS_CORE_3                                       0                           NaN

CORE_NUM_NO_FETCH_CYCLES_CORE_3                                 0                             0

CORE_NUM_NO_FETCH_CYCLES_WITH_READY_THREADS_CORE_3                   0                             0

CORE_NUM_FETCH_CYCLES_CORE_3                                    0                             0

CORE_FETCH_DELTA_CORE_3                                         0                           NaN

CORE_NUM_RETIRE_CYCLES_CORE_3                                   0                             0

CORE_RETIRE_DELTA_CORE_3                                        0                           NaN

SCHED_FAILED_REASON_SUCCESS_CORE_3                        1723250                       13.2374%
SCHED_FAILED_OPERANDS_NOT_READY_CORE_3                   11294748                       86.7626%
SCHED_FAILED_NO_PORTS_CORE_3                                    0                             0%
                                                         13017998                           100%

NUM_SAMPLES_CORE_4                                        2207354                       2207354

NUM_ACTIVE_BLOCKS_CORE_4                                        0                             0

NUM_ACTIVE_THREADS_CORE_4                                 2207354                             1

NUM_SCHED_IDLE_CYCLE_CORE_4                                  1990                          1990

NUM_NO_SCHED_CYCLE_CORE_4                                       0                             0

CORE_DISPATCHED_INST_CORE_4                               1940127                       1940127

CORE_DISPATCH_WAIT_CORE_4                                38732845                       19.9641

CORE_CYCLES_CORE_4                                              0                             0

CORE_SCHED_THREADS_CORE_4                                       0                           NaN

CORE_NUM_NO_FETCH_CYCLES_CORE_4                                 0                             0

CORE_NUM_NO_FETCH_CYCLES_WITH_READY_THREADS_CORE_4                   0                             0

CORE_NUM_FETCH_CYCLES_CORE_4                                    0                             0

CORE_FETCH_DELTA_CORE_4                                         0                           NaN

CORE_NUM_RETIRE_CYCLES_CORE_4                                   0                             0

CORE_RETIRE_DELTA_CORE_4                                        0                           NaN

SCHED_FAILED_REASON_SUCCESS_CORE_4                        4296775                       11.6784%
SCHED_FAILED_OPERANDS_NOT_READY_CORE_4                   32495628                       88.3212%
SCHED_FAILED_NO_PORTS_CORE_4                                  155                   0.000421281%
                                                         36792558                           100%

NUM_SAMPLES_CORE_5                                        2207354                       2207354

NUM_ACTIVE_BLOCKS_CORE_5                                        0                             0

NUM_ACTIVE_THREADS_CORE_5                                 2207354                             1

NUM_SCHED_IDLE_CYCLE_CORE_5                                  1309                          1309

NUM_NO_SCHED_CYCLE_CORE_5                                       0                             0

CORE_DISPATCHED_INST_CORE_5                                590335                        590335

CORE_DISPATCH_WAIT_CORE_5                                16542875                       28.0229

CORE_CYCLES_CORE_5                                              0                             0

CORE_SCHED_THREADS_CORE_5                                       0                           NaN

CORE_NUM_NO_FETCH_CYCLES_CORE_5                                 0                             0

CORE_NUM_NO_FETCH_CYCLES_WITH_READY_THREADS_CORE_5                   0                             0

CORE_NUM_FETCH_CYCLES_CORE_5                                    0                             0

CORE_FETCH_DELTA_CORE_5                                         0                           NaN

CORE_NUM_RETIRE_CYCLES_CORE_5                                   0                             0

CORE_RETIRE_DELTA_CORE_5                                        0                           NaN

SCHED_FAILED_REASON_SUCCESS_CORE_5                        1800052                       11.2838%
SCHED_FAILED_OPERANDS_NOT_READY_CORE_5                   14152488                       88.7162%
SCHED_FAILED_NO_PORTS_CORE_5                                    0                             0%
                                                         15952540                           100%

NUM_SAMPLES_CORE_6                                        2207354                       2207354

NUM_ACTIVE_BLOCKS_CORE_6                                        0                             0

NUM_ACTIVE_THREADS_CORE_6                                 2207354                             1

NUM_SCHED_IDLE_CYCLE_CORE_6                                  1308                          1308

NUM_NO_SCHED_CYCLE_CORE_6                                       0                             0

CORE_DISPATCHED_INST_CORE_6                                590335                        590335

CORE_DISPATCH_WAIT_CORE_6                                16546746                       28.0294

CORE_CYCLES_CORE_6                                              0                             0

CORE_SCHED_THREADS_CORE_6                                       0                           NaN

CORE_NUM_NO_FETCH_CYCLES_CORE_6                                 0                             0

CORE_NUM_NO_FETCH_CYCLES_WITH_READY_THREADS_CORE_6                   0                             0

CORE_NUM_FETCH_CYCLES_CORE_6                                    0                             0

CORE_FETCH_DELTA_CORE_6                                         0                           NaN

CORE_NUM_RETIRE_CYCLES_CORE_6                                   0                             0

CORE_RETIRE_DELTA_CORE_6                                        0                           NaN

SCHED_FAILED_REASON_SUCCESS_CORE_6                        1802712                       11.2977%
SCHED_FAILED_OPERANDS_NOT_READY_CORE_6                   14153699                       88.7023%
SCHED_FAILED_NO_PORTS_CORE_6                                    0                             0%
                                                         15956411                           100%

NUM_SAMPLES_CORE_7                                        2207354                       2207354

NUM_ACTIVE_BLOCKS_CORE_7                                        0                             0

NUM_ACTIVE_THREADS_CORE_7                                 2207354                             1

NUM_SCHED_IDLE_CYCLE_CORE_7                                  1854                          1854

NUM_NO_SCHED_CYCLE_CORE_7                                       0                             0

CORE_DISPATCHED_INST_CORE_7                               1212799                       1212799

CORE_DISPATCH_WAIT_CORE_7                                22332619                       18.4141

CORE_CYCLES_CORE_7                                              0                             0

CORE_SCHED_THREADS_CORE_7                                       0                           NaN

CORE_NUM_NO_FETCH_CYCLES_CORE_7                                 0                             0

CORE_NUM_NO_FETCH_CYCLES_WITH_READY_THREADS_CORE_7                   0                             0

CORE_NUM_FETCH_CYCLES_CORE_7                                    0                             0

CORE_FETCH_DELTA_CORE_7                                         0                           NaN

CORE_NUM_RETIRE_CYCLES_CORE_7                                   0                             0

CORE_RETIRE_DELTA_CORE_7                                        0                           NaN

SCHED_FAILED_REASON_SUCCESS_CORE_7                        2176023                       10.3032%
SCHED_FAILED_OPERANDS_NOT_READY_CORE_7                   18943797                       89.6968%
SCHED_FAILED_NO_PORTS_CORE_7                                    0                             0%
                                                         21119820                           100%

