####################################################################################################
Interval
####################################################################################################

INST_COUNT_TOT                                            5885708                       5885708

CYC_COUNT_TOT                                             2733881                       2733881

EXE_TIME                                                        0                             0

NUM_REPEAT                                                      0                             0

CYC_COUNT_X86                                                   0                             0

CYC_COUNT_PTX                                                   0                             0

AVG_BLOCK_EXE_CYCLE                                             0                             0

AVG_BLOCK_EXE_CYCLE_BASE                                        0                             0

PROGRESS_ERROR                                                  0                             0

FILE_OPEN_ERROR                                                 0                             0

NUM_THREAD                                                      0                             0

APPL_CYC_COUNT_BASE0                                            0                             0

APPL_CYC_COUNT_BASE1                                            0                             0

APPL_CYC_COUNT_BASE2                                            0                             0

APPL_CYC_COUNT_BASE3                                            0                             0

APPL_CYC_COUNT_BASE4                                            0                             0

APPL_CYC_COUNT0                                                 0                           NaN

APPL_CYC_COUNT1                                                 0                           NaN

APPL_CYC_COUNT2                                                 0                           NaN

APPL_CYC_COUNT3                                                 0                           NaN

APPL_CYC_COUNT4                                                 0                           NaN

CPI_DELTA_BASE0                                                 0                             0

CPI_DELTA_BASE1                                                 0                             0

CPI_DELTA_BASE2                                                 0                             0

CPI_DELTA_BASE3                                                 0                             0

CPI_DELTA_BASE4                                                 0                             0

CPI_DELTA0                                                      0                           NaN

CPI_DELTA1                                                      0                           NaN

CPI_DELTA2                                                      0                           NaN

CPI_DELTA3                                                      0                           NaN

CPI_DELTA4                                                      0                           NaN

CYCLE_CPU                                                 2733881                       2733881

CYCLE_GPU                                                 2733881                       2733881

INST_COUNT_CORE_0                                            6655                          6655

CYC_COUNT_CORE_0                                          2733880                       2733880

INST_COUNT_CORE_1                                           87992                         87992

CYC_COUNT_CORE_1                                          2718035                       2718035

INST_COUNT_CORE_2                                         1553470                       1553470

CYC_COUNT_CORE_2                                          2717843                       2717843

INST_COUNT_CORE_3                                          490143                        490143

CYC_COUNT_CORE_3                                          2717843                       2717843

INST_COUNT_CORE_4                                         1633504                       1633504

CYC_COUNT_CORE_4                                          2717843                       2717843

INST_COUNT_CORE_5                                          523132                        523132

CYC_COUNT_CORE_5                                          2717843                       2717843

INST_COUNT_CORE_6                                          523136                        523136

CYC_COUNT_CORE_6                                          2717843                       2717843

INST_COUNT_CORE_7                                         1067676                       1067676

CYC_COUNT_CORE_7                                          2717843                       2717843

