####################################################################################################
Interval
####################################################################################################

FP_OPS_TOT                                               12001477                      12001477

FP_OPS_CORE_0                                                   0                             0

OP_CAT_INVALID_CORE_0                                           0                             0%
OP_CAT_3DNOW_CORE_0                                             0                             0%
OP_CAT_AES_CORE_0                                               0                             0%
OP_CAT_BASE_CORE_0                                              0                             0%
OP_CAT_BINARY_CORE_0                                           34                       8.83117%
OP_CAT_BITBYTE_CORE_0                                           0                             0%
OP_CAT_CALL_CORE_0                                              0                             0%
OP_CAT_CMOV_CORE_0                                             20                       5.19481%
OP_CAT_COND_BR_CORE_0                                           0                             0%
OP_CAT_DATAXFER_CORE_0                                         20                       5.19481%
OP_CAT_DECIMAL_CORE_0                                           0                             0%
OP_CAT_FCMOV_CORE_0                                           226                       58.7013%
OP_CAT_FLAGOP_CORE_0                                            0                             0%
OP_CAT_INTERRUPT_CORE_0                                         0                             0%
OP_CAT_IO_CORE_0                                                0                             0%
OP_CAT_IOSTRINGOP_CORE_0                                       14                       3.63636%
OP_CAT_LOGICAL_CORE_0                                           0                             0%
OP_CAT_MISC_CORE_0                                              0                             0%
OP_CAT_MMX_CORE_0                                              12                       3.11688%
OP_CAT_NOP_CORE_0                                              12                       3.11688%
OP_CAT_PCLMULQDQ_CORE_0                                         0                             0%
OP_CAT_POP_CORE_0                                               0                             0%
OP_CAT_PREFETCH_CORE_0                                          0                             0%
OP_CAT_PUSH_CORE_0                                             18                       4.67532%
OP_CAT_RET_CORE_0                                               0                             0%
OP_CAT_ROTATE_CORE_0                                            3                      0.779221%
OP_CAT_SEGOP_CORE_0                                             7                       1.81818%
OP_CAT_SEMAPHORE_CORE_0                                         0                             0%
OP_CAT_SHIFT_CORE_0                                             0                             0%
OP_CAT_SSE_CORE_0                                               0                             0%
OP_CAT_SSE5_CORE_0                                              5                        1.2987%
OP_CAT_STRINGOP_CORE_0                                          0                             0%
OP_CAT_SYSCALL_CORE_0                                           0                             0%
OP_CAT_SYSRET_CORE_0                                            0                             0%
OP_CAT_SYSTEM_CORE_0                                            0                             0%
OP_CAT_UNCOND_BR_CORE_0                                         0                             0%
OP_CAT_VTX_CORE_0                                               0                             0%
OP_CAT_WIDENOP_CORE_0                                           1                       0.25974%
OP_CAT_X87_ALU_CORE_0                                           0                             0%
OP_CAT_XSAVE_CORE_0                                             0                             0%
OP_CAT_TR_MUL_CORE_0                                            0                             0%
OP_CAT_TR_DIV_CORE_0                                            0                             0%
OP_CAT_TR_FMUL_CORE_0                                           0                             0%
OP_CAT_TR_FDIV_CORE_0                                           9                       2.33766%
OP_CAT_TR_NOP_CORE_0                                            0                             0%
OP_CAT_PREFETCH_NTA_CORE_0                                      0                             0%
OP_CAT_PREFETCH_T0_CORE_0                                       0                             0%
OP_CAT_PREFETCH_T1_CORE_0                                       4                       1.03896%
OP_CAT_PREFETCH_T2_CORE_0                                       0                             0%
OP_CAT_TR_MEM_LD_LM_CORE_0                                      0                             0%
OP_CAT_TR_MEM_LD_SM_CORE_0                                      0                             0%
OP_CAT_TR_MEM_LD_GM_CORE_0                                      0                             0%
OP_CAT_TR_MEM_ST_LM_CORE_0                                      0                             0%
OP_CAT_TR_MEM_ST_SM_CORE_0                                      0                             0%
OP_CAT_TR_MEM_ST_GM_CORE_0                                      0                             0%
OP_CAT_TR_DATA_XFER_LM_CORE_0                                   0                             0%
OP_CAT_TR_DATA_XFER_SM_CORE_0                                   0                             0%
OP_CAT_TR_DATA_XFER_GM_CORE_0                                   0                             0%
OP_CAT_TR_LAST_CORE_0                                           0                             0%
                                                              385                           100%

FP_OPS_CORE_1                                                   0                             0

OP_CAT_INVALID_CORE_1                                           0                          NaN 
OP_CAT_3DNOW_CORE_1                                             0                          NaN 
OP_CAT_AES_CORE_1                                               0                          NaN 
OP_CAT_BASE_CORE_1                                              0                          NaN 
OP_CAT_BINARY_CORE_1                                            0                          NaN 
OP_CAT_BITBYTE_CORE_1                                           0                          NaN 
OP_CAT_CALL_CORE_1                                              0                          NaN 
OP_CAT_CMOV_CORE_1                                              0                          NaN 
OP_CAT_COND_BR_CORE_1                                           0                          NaN 
OP_CAT_DATAXFER_CORE_1                                          0                          NaN 
OP_CAT_DECIMAL_CORE_1                                           0                          NaN 
OP_CAT_FCMOV_CORE_1                                             0                          NaN 
OP_CAT_FLAGOP_CORE_1                                            0                          NaN 
OP_CAT_INTERRUPT_CORE_1                                         0                          NaN 
OP_CAT_IO_CORE_1                                                0                          NaN 
OP_CAT_IOSTRINGOP_CORE_1                                        0                          NaN 
OP_CAT_LOGICAL_CORE_1                                           0                          NaN 
OP_CAT_MISC_CORE_1                                              0                          NaN 
OP_CAT_MMX_CORE_1                                               0                          NaN 
OP_CAT_NOP_CORE_1                                               0                          NaN 
OP_CAT_PCLMULQDQ_CORE_1                                         0                          NaN 
OP_CAT_POP_CORE_1                                               0                          NaN 
OP_CAT_PREFETCH_CORE_1                                          0                          NaN 
OP_CAT_PUSH_CORE_1                                              0                          NaN 
OP_CAT_RET_CORE_1                                               0                          NaN 
OP_CAT_ROTATE_CORE_1                                            0                          NaN 
OP_CAT_SEGOP_CORE_1                                             0                          NaN 
OP_CAT_SEMAPHORE_CORE_1                                         0                          NaN 
OP_CAT_SHIFT_CORE_1                                             0                          NaN 
OP_CAT_SSE_CORE_1                                               0                          NaN 
OP_CAT_SSE5_CORE_1                                              0                          NaN 
OP_CAT_STRINGOP_CORE_1                                          0                          NaN 
OP_CAT_SYSCALL_CORE_1                                           0                          NaN 
OP_CAT_SYSRET_CORE_1                                            0                          NaN 
OP_CAT_SYSTEM_CORE_1                                            0                          NaN 
OP_CAT_UNCOND_BR_CORE_1                                         0                          NaN 
OP_CAT_VTX_CORE_1                                               0                          NaN 
OP_CAT_WIDENOP_CORE_1                                           0                          NaN 
OP_CAT_X87_ALU_CORE_1                                           0                          NaN 
OP_CAT_XSAVE_CORE_1                                             0                          NaN 
OP_CAT_TR_MUL_CORE_1                                            0                          NaN 
OP_CAT_TR_DIV_CORE_1                                            0                          NaN 
OP_CAT_TR_FMUL_CORE_1                                           0                          NaN 
OP_CAT_TR_FDIV_CORE_1                                           0                          NaN 
OP_CAT_TR_NOP_CORE_1                                            0                          NaN 
OP_CAT_PREFETCH_NTA_CORE_1                                      0                          NaN 
OP_CAT_PREFETCH_T0_CORE_1                                       0                          NaN 
OP_CAT_PREFETCH_T1_CORE_1                                       0                          NaN 
OP_CAT_PREFETCH_T2_CORE_1                                       0                          NaN 
OP_CAT_TR_MEM_LD_LM_CORE_1                                      0                          NaN 
OP_CAT_TR_MEM_LD_SM_CORE_1                                      0                          NaN 
OP_CAT_TR_MEM_LD_GM_CORE_1                                      0                          NaN 
OP_CAT_TR_MEM_ST_LM_CORE_1                                      0                          NaN 
OP_CAT_TR_MEM_ST_SM_CORE_1                                      0                          NaN 
OP_CAT_TR_MEM_ST_GM_CORE_1                                      0                          NaN 
OP_CAT_TR_DATA_XFER_LM_CORE_1                                   0                          NaN 
OP_CAT_TR_DATA_XFER_SM_CORE_1                                   0                          NaN 
OP_CAT_TR_DATA_XFER_GM_CORE_1                                   0                          NaN 
OP_CAT_TR_LAST_CORE_1                                           0                          NaN 
                                                                0                           100%

FP_OPS_CORE_2                                             4984665                       4984665

OP_CAT_INVALID_CORE_2                                           0                             0%
OP_CAT_3DNOW_CORE_2                                             0                             0%
OP_CAT_AES_CORE_2                                               0                             0%
OP_CAT_BASE_CORE_2                                              0                             0%
OP_CAT_BINARY_CORE_2                                       811010                       3.96759%
OP_CAT_BITBYTE_CORE_2                                      811002                       3.96755%
OP_CAT_CALL_CORE_2                                              0                             0%
OP_CAT_CMOV_CORE_2                                              1                   4.89216e-06%
OP_CAT_COND_BR_CORE_2                                           0                             0%
OP_CAT_DATAXFER_CORE_2                                    1254478                       6.13711%
OP_CAT_DECIMAL_CORE_2                                           0                             0%
OP_CAT_FCMOV_CORE_2                                       4058690                       19.8558%
OP_CAT_FLAGOP_CORE_2                                            0                             0%
OP_CAT_INTERRUPT_CORE_2                                         0                             0%
OP_CAT_IO_CORE_2                                                0                             0%
OP_CAT_IOSTRINGOP_CORE_2                                     3606                     0.0176411%
OP_CAT_LOGICAL_CORE_2                                           0                             0%
OP_CAT_MISC_CORE_2                                              0                             0%
OP_CAT_MMX_CORE_2                                          811002                       3.96755%
OP_CAT_NOP_CORE_2                                               1                   4.89216e-06%
OP_CAT_PCLMULQDQ_CORE_2                                         0                             0%
OP_CAT_POP_CORE_2                                               0                             0%
OP_CAT_PREFETCH_CORE_2                                          0                             0%
OP_CAT_PUSH_CORE_2                                           3606                     0.0176411%
OP_CAT_RET_CORE_2                                               0                             0%
OP_CAT_ROTATE_CORE_2                                            1                   4.89216e-06%
OP_CAT_SEGOP_CORE_2                                             0                             0%
OP_CAT_SEMAPHORE_CORE_2                                         0                             0%
OP_CAT_SHIFT_CORE_2                                             0                             0%
OP_CAT_SSE_CORE_2                                               0                             0%
OP_CAT_SSE5_CORE_2                                         202752                      0.991895%
OP_CAT_STRINGOP_CORE_2                                          0                             0%
OP_CAT_SYSCALL_CORE_2                                           0                             0%
OP_CAT_SYSRET_CORE_2                                            0                             0%
OP_CAT_SYSTEM_CORE_2                                            0                             0%
OP_CAT_UNCOND_BR_CORE_2                                         0                             0%
OP_CAT_VTX_CORE_2                                               0                             0%
OP_CAT_WIDENOP_CORE_2                                      391143                       1.91353%
OP_CAT_X87_ALU_CORE_2                                           0                             0%
OP_CAT_XSAVE_CORE_2                                             0                             0%
OP_CAT_TR_MUL_CORE_2                                     10471629                       51.2289%
OP_CAT_TR_DIV_CORE_2                                            0                             0%
OP_CAT_TR_FMUL_CORE_2                                           0                             0%
OP_CAT_TR_FDIV_CORE_2                                      101377                      0.495953%
OP_CAT_TR_NOP_CORE_2                                            0                             0%
OP_CAT_PREFETCH_NTA_CORE_2                                 101376                      0.495948%
OP_CAT_PREFETCH_T0_CORE_2                                 1419194                       6.94292%
OP_CAT_PREFETCH_T1_CORE_2                                       0                             0%
OP_CAT_PREFETCH_T2_CORE_2                                       0                             0%
OP_CAT_TR_MEM_LD_LM_CORE_2                                      0                             0%
OP_CAT_TR_MEM_LD_SM_CORE_2                                      0                             0%
OP_CAT_TR_MEM_LD_GM_CORE_2                                      0                             0%
OP_CAT_TR_MEM_ST_LM_CORE_2                                      0                             0%
OP_CAT_TR_MEM_ST_SM_CORE_2                                      0                             0%
OP_CAT_TR_MEM_ST_GM_CORE_2                                      0                             0%
OP_CAT_TR_DATA_XFER_LM_CORE_2                                   0                             0%
OP_CAT_TR_DATA_XFER_SM_CORE_2                                   0                             0%
OP_CAT_TR_DATA_XFER_GM_CORE_2                                   0                             0%
OP_CAT_TR_LAST_CORE_2                                           0                             0%
                                                         20440868                           100%

FP_OPS_CORE_3                                                   0                             0

OP_CAT_INVALID_CORE_3                                           0                             0%
OP_CAT_3DNOW_CORE_3                                             0                             0%
OP_CAT_AES_CORE_3                                               0                             0%
OP_CAT_BASE_CORE_3                                              0                             0%
OP_CAT_BINARY_CORE_3                                       507651                       33.3118%
OP_CAT_BITBYTE_CORE_3                                      101634                       6.66916%
OP_CAT_CALL_CORE_3                                              0                             0%
OP_CAT_CMOV_CORE_3                                              1                   6.56194e-05%
OP_CAT_COND_BR_CORE_3                                           0                             0%
OP_CAT_DATAXFER_CORE_3                                     101634                       6.66916%
OP_CAT_DECIMAL_CORE_3                                           0                             0%
OP_CAT_FCMOV_CORE_3                                        609269                       39.9799%
OP_CAT_FLAGOP_CORE_3                                            0                             0%
OP_CAT_INTERRUPT_CORE_3                                         0                             0%
OP_CAT_IO_CORE_3                                                0                             0%
OP_CAT_IOSTRINGOP_CORE_3                                      240                     0.0157487%
OP_CAT_LOGICAL_CORE_3                                           0                             0%
OP_CAT_MISC_CORE_3                                              0                             0%
OP_CAT_MMX_CORE_3                                          101634                       6.66916%
OP_CAT_NOP_CORE_3                                               1                   6.56194e-05%
OP_CAT_PCLMULQDQ_CORE_3                                         0                             0%
OP_CAT_POP_CORE_3                                               0                             0%
OP_CAT_PREFETCH_CORE_3                                          0                             0%
OP_CAT_PUSH_CORE_3                                            240                     0.0157487%
OP_CAT_RET_CORE_3                                               0                             0%
OP_CAT_ROTATE_CORE_3                                            1                   6.56194e-05%
OP_CAT_SEGOP_CORE_3                                             0                             0%
OP_CAT_SEMAPHORE_CORE_3                                         0                             0%
OP_CAT_SHIFT_CORE_3                                             0                             0%
OP_CAT_SSE_CORE_3                                               0                             0%
OP_CAT_SSE5_CORE_3                                         101632                       6.66903%
OP_CAT_STRINGOP_CORE_3                                          0                             0%
OP_CAT_SYSCALL_CORE_3                                           0                             0%
OP_CAT_SYSRET_CORE_3                                            0                             0%
OP_CAT_SYSTEM_CORE_3                                            0                             0%
OP_CAT_UNCOND_BR_CORE_3                                         0                             0%
OP_CAT_VTX_CORE_3                                               0                             0%
OP_CAT_WIDENOP_CORE_3                                           2                   0.000131239%
OP_CAT_X87_ALU_CORE_3                                           0                             0%
OP_CAT_XSAVE_CORE_3                                             0                             0%
OP_CAT_TR_MUL_CORE_3                                            0                             0%
OP_CAT_TR_DIV_CORE_3                                            0                             0%
OP_CAT_TR_FMUL_CORE_3                                           0                             0%
OP_CAT_TR_FDIV_CORE_3                                           0                             0%
OP_CAT_TR_NOP_CORE_3                                            0                             0%
OP_CAT_PREFETCH_NTA_CORE_3                                      0                             0%
OP_CAT_PREFETCH_T0_CORE_3                                       0                             0%
OP_CAT_PREFETCH_T1_CORE_3                                       0                             0%
OP_CAT_PREFETCH_T2_CORE_3                                       0                             0%
OP_CAT_TR_MEM_LD_LM_CORE_3                                      0                             0%
OP_CAT_TR_MEM_LD_SM_CORE_3                                      0                             0%
OP_CAT_TR_MEM_LD_GM_CORE_3                                      0                             0%
OP_CAT_TR_MEM_ST_LM_CORE_3                                      0                             0%
OP_CAT_TR_MEM_ST_SM_CORE_3                                      0                             0%
OP_CAT_TR_MEM_ST_GM_CORE_3                                      0                             0%
OP_CAT_TR_DATA_XFER_LM_CORE_3                                   0                             0%
OP_CAT_TR_DATA_XFER_SM_CORE_3                                   0                             0%
OP_CAT_TR_DATA_XFER_GM_CORE_3                                   0                             0%
OP_CAT_TR_LAST_CORE_3                                           0                             0%
                                                          1523939                           100%

FP_OPS_CORE_4                                                1024                          1024

OP_CAT_INVALID_CORE_4                                           0                             0%
OP_CAT_3DNOW_CORE_4                                             0                             0%
OP_CAT_AES_CORE_4                                               0                             0%
OP_CAT_BASE_CORE_4                                              0                             0%
OP_CAT_BINARY_CORE_4                                       812589                       31.9191%
OP_CAT_BITBYTE_CORE_4                                      101648                       3.99281%
OP_CAT_CALL_CORE_4                                              0                             0%
OP_CAT_CMOV_CORE_4                                              2                   7.85615e-05%
OP_CAT_COND_BR_CORE_4                                           0                             0%
OP_CAT_DATAXFER_CORE_4                                     203280                       7.98499%
OP_CAT_DECIMAL_CORE_4                                           0                             0%
OP_CAT_FCMOV_CORE_4                                       1118671                       43.9422%
OP_CAT_FLAGOP_CORE_4                                            0                             0%
OP_CAT_INTERRUPT_CORE_4                                         0                             0%
OP_CAT_IO_CORE_4                                                0                             0%
OP_CAT_IOSTRINGOP_CORE_4                                      407                     0.0159873%
OP_CAT_LOGICAL_CORE_4                                           0                             0%
OP_CAT_MISC_CORE_4                                              0                             0%
OP_CAT_MMX_CORE_4                                          101904                       4.00287%
OP_CAT_NOP_CORE_4                                               1                   3.92808e-05%
OP_CAT_PCLMULQDQ_CORE_4                                         0                             0%
OP_CAT_POP_CORE_4                                               0                             0%
OP_CAT_PREFETCH_CORE_4                                          0                             0%
OP_CAT_PUSH_CORE_4                                            407                     0.0159873%
OP_CAT_RET_CORE_4                                               0                             0%
OP_CAT_ROTATE_CORE_4                                            1                   3.92808e-05%
OP_CAT_SEGOP_CORE_4                                             0                             0%
OP_CAT_SEMAPHORE_CORE_4                                         0                             0%
OP_CAT_SHIFT_CORE_4                                             0                             0%
OP_CAT_SSE_CORE_4                                               0                             0%
OP_CAT_SSE5_CORE_4                                         203534                       7.99497%
OP_CAT_STRINGOP_CORE_4                                          0                             0%
OP_CAT_SYSCALL_CORE_4                                           0                             0%
OP_CAT_SYSRET_CORE_4                                            0                             0%
OP_CAT_SYSTEM_CORE_4                                            0                             0%
OP_CAT_UNCOND_BR_CORE_4                                         0                             0%
OP_CAT_VTX_CORE_4                                               0                             0%
OP_CAT_WIDENOP_CORE_4                                           4                   0.000157123%
OP_CAT_X87_ALU_CORE_4                                           0                             0%
OP_CAT_XSAVE_CORE_4                                             0                             0%
OP_CAT_TR_MUL_CORE_4                                         2816                      0.110615%
OP_CAT_TR_DIV_CORE_4                                            0                             0%
OP_CAT_TR_FMUL_CORE_4                                           0                             0%
OP_CAT_TR_FDIV_CORE_4                                           0                             0%
OP_CAT_TR_NOP_CORE_4                                            0                             0%
OP_CAT_PREFETCH_NTA_CORE_4                                    256                     0.0100559%
OP_CAT_PREFETCH_T0_CORE_4                                     256                     0.0100559%
OP_CAT_PREFETCH_T1_CORE_4                                       0                             0%
OP_CAT_PREFETCH_T2_CORE_4                                       0                             0%
OP_CAT_TR_MEM_LD_LM_CORE_4                                      0                             0%
OP_CAT_TR_MEM_LD_SM_CORE_4                                      0                             0%
OP_CAT_TR_MEM_LD_GM_CORE_4                                      0                             0%
OP_CAT_TR_MEM_ST_LM_CORE_4                                      0                             0%
OP_CAT_TR_MEM_ST_SM_CORE_4                                      0                             0%
OP_CAT_TR_MEM_ST_GM_CORE_4                                      0                             0%
OP_CAT_TR_DATA_XFER_LM_CORE_4                                   0                             0%
OP_CAT_TR_DATA_XFER_SM_CORE_4                                   0                             0%
OP_CAT_TR_DATA_XFER_GM_CORE_4                                   0                             0%
OP_CAT_TR_LAST_CORE_4                                           0                             0%
                                                          2545776                           100%

FP_OPS_CORE_5                                             7015788                       7015788

OP_CAT_INVALID_CORE_5                                           0                             0%
OP_CAT_3DNOW_CORE_5                                             0                             0%
OP_CAT_AES_CORE_5                                               0                             0%
OP_CAT_BASE_CORE_5                                              0                             0%
OP_CAT_BINARY_CORE_5                                      1419218                       4.85677%
OP_CAT_BITBYTE_CORE_5                                     1462877                       5.00618%
OP_CAT_CALL_CORE_5                                              0                             0%
OP_CAT_CMOV_CORE_5                                         608221                       2.08142%
OP_CAT_COND_BR_CORE_5                                           0                             0%
OP_CAT_DATAXFER_CORE_5                                    1969733                       6.74072%
OP_CAT_DECIMAL_CORE_5                                           0                             0%
OP_CAT_FCMOV_CORE_5                                       6594716                       22.5681%
OP_CAT_FLAGOP_CORE_5                                            0                             0%
OP_CAT_INTERRUPT_CORE_5                                         0                             0%
OP_CAT_IO_CORE_5                                                0                             0%
OP_CAT_IOSTRINGOP_CORE_5                                     5409                     0.0185104%
OP_CAT_LOGICAL_CORE_5                                           0                             0%
OP_CAT_MISC_CORE_5                                              0                             0%
OP_CAT_MMX_CORE_5                                         1462877                       5.00618%
OP_CAT_NOP_CORE_5                                          608209                       2.08138%
OP_CAT_PCLMULQDQ_CORE_5                                         0                             0%
OP_CAT_POP_CORE_5                                               0                             0%
OP_CAT_PREFETCH_CORE_5                                          0                             0%
OP_CAT_PUSH_CORE_5                                         309516                       1.05921%
OP_CAT_RET_CORE_5                                               0                             0%
OP_CAT_ROTATE_CORE_5                                       304126                       1.04076%
OP_CAT_SEGOP_CORE_5                                        304155                       1.04086%
OP_CAT_SEMAPHORE_CORE_5                                         0                             0%
OP_CAT_SHIFT_CORE_5                                             0                             0%
OP_CAT_SSE_CORE_5                                               0                             0%
OP_CAT_SSE5_CORE_5                                         202752                      0.693847%
OP_CAT_STRINGOP_CORE_5                                          0                             0%
OP_CAT_SYSCALL_CORE_5                                           0                             0%
OP_CAT_SYSRET_CORE_5                                            0                             0%
OP_CAT_SYSTEM_CORE_5                                            0                             0%
OP_CAT_UNCOND_BR_CORE_5                                         0                             0%
OP_CAT_VTX_CORE_5                                               0                             0%
OP_CAT_WIDENOP_CORE_5                                      557293                       1.90714%
OP_CAT_X87_ALU_CORE_5                                           0                             0%
OP_CAT_XSAVE_CORE_5                                             0                             0%
OP_CAT_TR_MUL_CORE_5                                     12172972                       41.6577%
OP_CAT_TR_DIV_CORE_5                                            0                             0%
OP_CAT_TR_FMUL_CORE_5                                           0                             0%
OP_CAT_TR_FDIV_CORE_5                                      101377                      0.346927%
OP_CAT_TR_NOP_CORE_5                                            0                             0%
OP_CAT_PREFETCH_NTA_CORE_5                                1036596                       3.54738%
OP_CAT_PREFETCH_T0_CORE_5                                  101376                      0.346924%
OP_CAT_PREFETCH_T1_CORE_5                                       0                             0%
OP_CAT_PREFETCH_T2_CORE_5                                       0                             0%
OP_CAT_TR_MEM_LD_LM_CORE_5                                      0                             0%
OP_CAT_TR_MEM_LD_SM_CORE_5                                      0                             0%
OP_CAT_TR_MEM_LD_GM_CORE_5                                      0                             0%
OP_CAT_TR_MEM_ST_LM_CORE_5                                      0                             0%
OP_CAT_TR_MEM_ST_SM_CORE_5                                      0                             0%
OP_CAT_TR_MEM_ST_GM_CORE_5                                      0                             0%
OP_CAT_TR_DATA_XFER_LM_CORE_5                                   0                             0%
OP_CAT_TR_DATA_XFER_SM_CORE_5                                   0                             0%
OP_CAT_TR_DATA_XFER_GM_CORE_5                                   0                             0%
OP_CAT_TR_LAST_CORE_5                                           0                             0%
                                                         29221423                           100%

FP_OPS_CORE_6                                                   0                             0

OP_CAT_INVALID_CORE_6                                           0                          NaN 
OP_CAT_3DNOW_CORE_6                                             0                          NaN 
OP_CAT_AES_CORE_6                                               0                          NaN 
OP_CAT_BASE_CORE_6                                              0                          NaN 
OP_CAT_BINARY_CORE_6                                            0                          NaN 
OP_CAT_BITBYTE_CORE_6                                           0                          NaN 
OP_CAT_CALL_CORE_6                                              0                          NaN 
OP_CAT_CMOV_CORE_6                                              0                          NaN 
OP_CAT_COND_BR_CORE_6                                           0                          NaN 
OP_CAT_DATAXFER_CORE_6                                          0                          NaN 
OP_CAT_DECIMAL_CORE_6                                           0                          NaN 
OP_CAT_FCMOV_CORE_6                                             0                          NaN 
OP_CAT_FLAGOP_CORE_6                                            0                          NaN 
OP_CAT_INTERRUPT_CORE_6                                         0                          NaN 
OP_CAT_IO_CORE_6                                                0                          NaN 
OP_CAT_IOSTRINGOP_CORE_6                                        0                          NaN 
OP_CAT_LOGICAL_CORE_6                                           0                          NaN 
OP_CAT_MISC_CORE_6                                              0                          NaN 
OP_CAT_MMX_CORE_6                                               0                          NaN 
OP_CAT_NOP_CORE_6                                               0                          NaN 
OP_CAT_PCLMULQDQ_CORE_6                                         0                          NaN 
OP_CAT_POP_CORE_6                                               0                          NaN 
OP_CAT_PREFETCH_CORE_6                                          0                          NaN 
OP_CAT_PUSH_CORE_6                                              0                          NaN 
OP_CAT_RET_CORE_6                                               0                          NaN 
OP_CAT_ROTATE_CORE_6                                            0                          NaN 
OP_CAT_SEGOP_CORE_6                                             0                          NaN 
OP_CAT_SEMAPHORE_CORE_6                                         0                          NaN 
OP_CAT_SHIFT_CORE_6                                             0                          NaN 
OP_CAT_SSE_CORE_6                                               0                          NaN 
OP_CAT_SSE5_CORE_6                                              0                          NaN 
OP_CAT_STRINGOP_CORE_6                                          0                          NaN 
OP_CAT_SYSCALL_CORE_6                                           0                          NaN 
OP_CAT_SYSRET_CORE_6                                            0                          NaN 
OP_CAT_SYSTEM_CORE_6                                            0                          NaN 
OP_CAT_UNCOND_BR_CORE_6                                         0                          NaN 
OP_CAT_VTX_CORE_6                                               0                          NaN 
OP_CAT_WIDENOP_CORE_6                                           0                          NaN 
OP_CAT_X87_ALU_CORE_6                                           0                          NaN 
OP_CAT_XSAVE_CORE_6                                             0                          NaN 
OP_CAT_TR_MUL_CORE_6                                            0                          NaN 
OP_CAT_TR_DIV_CORE_6                                            0                          NaN 
OP_CAT_TR_FMUL_CORE_6                                           0                          NaN 
OP_CAT_TR_FDIV_CORE_6                                           0                          NaN 
OP_CAT_TR_NOP_CORE_6                                            0                          NaN 
OP_CAT_PREFETCH_NTA_CORE_6                                      0                          NaN 
OP_CAT_PREFETCH_T0_CORE_6                                       0                          NaN 
OP_CAT_PREFETCH_T1_CORE_6                                       0                          NaN 
OP_CAT_PREFETCH_T2_CORE_6                                       0                          NaN 
OP_CAT_TR_MEM_LD_LM_CORE_6                                      0                          NaN 
OP_CAT_TR_MEM_LD_SM_CORE_6                                      0                          NaN 
OP_CAT_TR_MEM_LD_GM_CORE_6                                      0                          NaN 
OP_CAT_TR_MEM_ST_LM_CORE_6                                      0                          NaN 
OP_CAT_TR_MEM_ST_SM_CORE_6                                      0                          NaN 
OP_CAT_TR_MEM_ST_GM_CORE_6                                      0                          NaN 
OP_CAT_TR_DATA_XFER_LM_CORE_6                                   0                          NaN 
OP_CAT_TR_DATA_XFER_SM_CORE_6                                   0                          NaN 
OP_CAT_TR_DATA_XFER_GM_CORE_6                                   0                          NaN 
OP_CAT_TR_LAST_CORE_6                                           0                          NaN 
                                                                0                           100%

FP_OPS_CORE_7                                                   0                             0

OP_CAT_INVALID_CORE_7                                           0                          NaN 
OP_CAT_3DNOW_CORE_7                                             0                          NaN 
OP_CAT_AES_CORE_7                                               0                          NaN 
OP_CAT_BASE_CORE_7                                              0                          NaN 
OP_CAT_BINARY_CORE_7                                            0                          NaN 
OP_CAT_BITBYTE_CORE_7                                           0                          NaN 
OP_CAT_CALL_CORE_7                                              0                          NaN 
OP_CAT_CMOV_CORE_7                                              0                          NaN 
OP_CAT_COND_BR_CORE_7                                           0                          NaN 
OP_CAT_DATAXFER_CORE_7                                          0                          NaN 
OP_CAT_DECIMAL_CORE_7                                           0                          NaN 
OP_CAT_FCMOV_CORE_7                                             0                          NaN 
OP_CAT_FLAGOP_CORE_7                                            0                          NaN 
OP_CAT_INTERRUPT_CORE_7                                         0                          NaN 
OP_CAT_IO_CORE_7                                                0                          NaN 
OP_CAT_IOSTRINGOP_CORE_7                                        0                          NaN 
OP_CAT_LOGICAL_CORE_7                                           0                          NaN 
OP_CAT_MISC_CORE_7                                              0                          NaN 
OP_CAT_MMX_CORE_7                                               0                          NaN 
OP_CAT_NOP_CORE_7                                               0                          NaN 
OP_CAT_PCLMULQDQ_CORE_7                                         0                          NaN 
OP_CAT_POP_CORE_7                                               0                          NaN 
OP_CAT_PREFETCH_CORE_7                                          0                          NaN 
OP_CAT_PUSH_CORE_7                                              0                          NaN 
OP_CAT_RET_CORE_7                                               0                          NaN 
OP_CAT_ROTATE_CORE_7                                            0                          NaN 
OP_CAT_SEGOP_CORE_7                                             0                          NaN 
OP_CAT_SEMAPHORE_CORE_7                                         0                          NaN 
OP_CAT_SHIFT_CORE_7                                             0                          NaN 
OP_CAT_SSE_CORE_7                                               0                          NaN 
OP_CAT_SSE5_CORE_7                                              0                          NaN 
OP_CAT_STRINGOP_CORE_7                                          0                          NaN 
OP_CAT_SYSCALL_CORE_7                                           0                          NaN 
OP_CAT_SYSRET_CORE_7                                            0                          NaN 
OP_CAT_SYSTEM_CORE_7                                            0                          NaN 
OP_CAT_UNCOND_BR_CORE_7                                         0                          NaN 
OP_CAT_VTX_CORE_7                                               0                          NaN 
OP_CAT_WIDENOP_CORE_7                                           0                          NaN 
OP_CAT_X87_ALU_CORE_7                                           0                          NaN 
OP_CAT_XSAVE_CORE_7                                             0                          NaN 
OP_CAT_TR_MUL_CORE_7                                            0                          NaN 
OP_CAT_TR_DIV_CORE_7                                            0                          NaN 
OP_CAT_TR_FMUL_CORE_7                                           0                          NaN 
OP_CAT_TR_FDIV_CORE_7                                           0                          NaN 
OP_CAT_TR_NOP_CORE_7                                            0                          NaN 
OP_CAT_PREFETCH_NTA_CORE_7                                      0                          NaN 
OP_CAT_PREFETCH_T0_CORE_7                                       0                          NaN 
OP_CAT_PREFETCH_T1_CORE_7                                       0                          NaN 
OP_CAT_PREFETCH_T2_CORE_7                                       0                          NaN 
OP_CAT_TR_MEM_LD_LM_CORE_7                                      0                          NaN 
OP_CAT_TR_MEM_LD_SM_CORE_7                                      0                          NaN 
OP_CAT_TR_MEM_LD_GM_CORE_7                                      0                          NaN 
OP_CAT_TR_MEM_ST_LM_CORE_7                                      0                          NaN 
OP_CAT_TR_MEM_ST_SM_CORE_7                                      0                          NaN 
OP_CAT_TR_MEM_ST_GM_CORE_7                                      0                          NaN 
OP_CAT_TR_DATA_XFER_LM_CORE_7                                   0                          NaN 
OP_CAT_TR_DATA_XFER_SM_CORE_7                                   0                          NaN 
OP_CAT_TR_DATA_XFER_GM_CORE_7                                   0                          NaN 
OP_CAT_TR_LAST_CORE_7                                           0                          NaN 
                                                                0                           100%

