####################################################################################################
Interval
####################################################################################################

DISPATCHED_INST                                           4001091                       4001091

DISPATCH_WAIT                                           180137722                       45.0222

NUM_NO_FETCH_CYCLES                                             0                             0

AVG_CORE_IDLE_CYCLE                                             0                             0

NUM_SAMPLES_CORE_0                                        3334953                       3334953

NUM_ACTIVE_BLOCKS_CORE_0                                        0                             0

NUM_ACTIVE_THREADS_CORE_0                                 3334952                             1

NUM_SCHED_IDLE_CYCLE_CORE_0                                  1046                          1046

NUM_NO_SCHED_CYCLE_CORE_0                                       0                             0

CORE_DISPATCHED_INST_CORE_0                                428227                        428227

CORE_DISPATCH_WAIT_CORE_0                                23692651                       55.3273

CORE_CYCLES_CORE_0                                              0                             0

CORE_SCHED_THREADS_CORE_0                                       0                           NaN

CORE_NUM_NO_FETCH_CYCLES_CORE_0                                 0                             0

CORE_NUM_NO_FETCH_CYCLES_WITH_READY_THREADS_CORE_0                   0                             0

CORE_NUM_FETCH_CYCLES_CORE_0                                    0                             0

CORE_FETCH_DELTA_CORE_0                                         0                           NaN

CORE_NUM_RETIRE_CYCLES_CORE_0                                   0                             0

CORE_RETIRE_DELTA_CORE_0                                        0                           NaN

SCHED_FAILED_REASON_SUCCESS_CORE_0                        7741138                       74.5736%
SCHED_FAILED_OPERANDS_NOT_READY_CORE_0                    2207485                       21.2656%
SCHED_FAILED_NO_PORTS_CORE_0                               431911                       4.16078%
                                                         10380534                           100%

NUM_SAMPLES_CORE_1                                        2157001                       2157001

NUM_ACTIVE_BLOCKS_CORE_1                                        0                             0

NUM_ACTIVE_THREADS_CORE_1                                 2157000                             1

NUM_SCHED_IDLE_CYCLE_CORE_1                                 18983                         18983

NUM_NO_SCHED_CYCLE_CORE_1                                       0                             0

CORE_DISPATCHED_INST_CORE_1                                201125                        201125

CORE_DISPATCH_WAIT_CORE_1                                34738061                       172.719

CORE_CYCLES_CORE_1                                              0                             0

CORE_SCHED_THREADS_CORE_1                                       0                           NaN

CORE_NUM_NO_FETCH_CYCLES_CORE_1                                 0                             0

CORE_NUM_NO_FETCH_CYCLES_WITH_READY_THREADS_CORE_1                   0                             0

CORE_NUM_FETCH_CYCLES_CORE_1                                    0                             0

CORE_FETCH_DELTA_CORE_1                                         0                           NaN

CORE_NUM_RETIRE_CYCLES_CORE_1                                   0                             0

CORE_RETIRE_DELTA_CORE_1                                        0                           NaN

SCHED_FAILED_REASON_SUCCESS_CORE_1                       13369232                       38.8129%
SCHED_FAILED_OPERANDS_NOT_READY_CORE_1                   21065138                       61.1553%
SCHED_FAILED_NO_PORTS_CORE_1                                10941                     0.0317634%
                                                         34445311                           100%

NUM_SAMPLES_CORE_2                                        2156961                       2156961

NUM_ACTIVE_BLOCKS_CORE_2                                        0                             0

NUM_ACTIVE_THREADS_CORE_2                                 2156961                             1

NUM_SCHED_IDLE_CYCLE_CORE_2                                   667                           667

NUM_NO_SCHED_CYCLE_CORE_2                                       0                             0

CORE_DISPATCHED_INST_CORE_2                                284912                        284912

CORE_DISPATCH_WAIT_CORE_2                                 6403629                       22.4758

CORE_CYCLES_CORE_2                                              0                             0

CORE_SCHED_THREADS_CORE_2                                       0                           NaN

CORE_NUM_NO_FETCH_CYCLES_CORE_2                                 0                             0

CORE_NUM_NO_FETCH_CYCLES_WITH_READY_THREADS_CORE_2                   0                             0

CORE_NUM_FETCH_CYCLES_CORE_2                                    0                             0

CORE_FETCH_DELTA_CORE_2                                         0                           NaN

CORE_NUM_RETIRE_CYCLES_CORE_2                                   0                             0

CORE_RETIRE_DELTA_CORE_2                                        0                           NaN

SCHED_FAILED_REASON_SUCCESS_CORE_2                        1316375                       21.5139%
SCHED_FAILED_OPERANDS_NOT_READY_CORE_2                    4802342                       78.4861%
SCHED_FAILED_NO_PORTS_CORE_2                                    0                             0%
                                                          6118717                           100%

NUM_SAMPLES_CORE_3                                        2156961                       2156961

NUM_ACTIVE_BLOCKS_CORE_3                                        0                             0

NUM_ACTIVE_THREADS_CORE_3                                 2156961                             1

NUM_SCHED_IDLE_CYCLE_CORE_3                                  1632                          1632

NUM_NO_SCHED_CYCLE_CORE_3                                       0                             0

CORE_DISPATCHED_INST_CORE_3                                556719                        556719

CORE_DISPATCH_WAIT_CORE_3                                22072697                       39.6478

CORE_CYCLES_CORE_3                                              0                             0

CORE_SCHED_THREADS_CORE_3                                       0                           NaN

CORE_NUM_NO_FETCH_CYCLES_CORE_3                                 0                             0

CORE_NUM_NO_FETCH_CYCLES_WITH_READY_THREADS_CORE_3                   0                             0

CORE_NUM_FETCH_CYCLES_CORE_3                                    0                             0

CORE_FETCH_DELTA_CORE_3                                         0                           NaN

CORE_NUM_RETIRE_CYCLES_CORE_3                                   0                             0

CORE_RETIRE_DELTA_CORE_3                                        0                           NaN

SCHED_FAILED_REASON_SUCCESS_CORE_3                        2610826                       12.1344%
SCHED_FAILED_OPERANDS_NOT_READY_CORE_3                   18905152                       87.8656%
SCHED_FAILED_NO_PORTS_CORE_3                                    0                             0%
                                                         21515978                           100%

NUM_SAMPLES_CORE_4                                        2156961                       2156961

NUM_ACTIVE_BLOCKS_CORE_4                                        0                             0

NUM_ACTIVE_THREADS_CORE_4                                 2156961                             1

NUM_SCHED_IDLE_CYCLE_CORE_4                                  2117                          2117

NUM_NO_SCHED_CYCLE_CORE_4                                       0                             0

CORE_DISPATCHED_INST_CORE_4                                812687                        812687

CORE_DISPATCH_WAIT_CORE_4                                26566759                         32.69

CORE_CYCLES_CORE_4                                              0                             0

CORE_SCHED_THREADS_CORE_4                                       0                           NaN

CORE_NUM_NO_FETCH_CYCLES_CORE_4                                 0                             0

CORE_NUM_NO_FETCH_CYCLES_WITH_READY_THREADS_CORE_4                   0                             0

CORE_NUM_FETCH_CYCLES_CORE_4                                    0                             0

CORE_FETCH_DELTA_CORE_4                                         0                           NaN

CORE_NUM_RETIRE_CYCLES_CORE_4                                   0                             0

CORE_RETIRE_DELTA_CORE_4                                        0                           NaN

SCHED_FAILED_REASON_SUCCESS_CORE_4                        1582706                       6.15767%
SCHED_FAILED_OPERANDS_NOT_READY_CORE_4                   24114011                        93.818%
SCHED_FAILED_NO_PORTS_CORE_4                                 6265                     0.0243746%
                                                         25702982                           100%

NUM_SAMPLES_CORE_5                                        2156961                       2156961

NUM_ACTIVE_BLOCKS_CORE_5                                        0                             0

NUM_ACTIVE_THREADS_CORE_5                                 2156961                             1

NUM_SCHED_IDLE_CYCLE_CORE_5                                 35958                         35958

NUM_NO_SCHED_CYCLE_CORE_5                                       0                             0

CORE_DISPATCHED_INST_CORE_5                                919095                        919095

CORE_DISPATCH_WAIT_CORE_5                                10658694                       11.5969

CORE_CYCLES_CORE_5                                              0                             0

CORE_SCHED_THREADS_CORE_5                                       0                           NaN

CORE_NUM_NO_FETCH_CYCLES_CORE_5                                 0                             0

CORE_NUM_NO_FETCH_CYCLES_WITH_READY_THREADS_CORE_5                   0                             0

CORE_NUM_FETCH_CYCLES_CORE_5                                    0                             0

CORE_FETCH_DELTA_CORE_5                                         0                           NaN

CORE_NUM_RETIRE_CYCLES_CORE_5                                   0                             0

CORE_RETIRE_DELTA_CORE_5                                        0                           NaN

SCHED_FAILED_REASON_SUCCESS_CORE_5                        1923840                       19.9148%
SCHED_FAILED_OPERANDS_NOT_READY_CORE_5                    7730843                       80.0263%
SCHED_FAILED_NO_PORTS_CORE_5                                 5691                     0.0589108%
                                                          9660374                           100%

NUM_SAMPLES_CORE_6                                        2156961                       2156961

NUM_ACTIVE_BLOCKS_CORE_6                                        0                             0

NUM_ACTIVE_THREADS_CORE_6                                 2156961                             1

NUM_SCHED_IDLE_CYCLE_CORE_6                                   753                           753

NUM_NO_SCHED_CYCLE_CORE_6                                       0                             0

CORE_DISPATCHED_INST_CORE_6                                798326                        798326

CORE_DISPATCH_WAIT_CORE_6                                56005231                       70.1533

CORE_CYCLES_CORE_6                                              0                             0

CORE_SCHED_THREADS_CORE_6                                       0                           NaN

CORE_NUM_NO_FETCH_CYCLES_CORE_6                                 0                             0

CORE_NUM_NO_FETCH_CYCLES_WITH_READY_THREADS_CORE_6                   0                             0

CORE_NUM_FETCH_CYCLES_CORE_6                                    0                             0

CORE_FETCH_DELTA_CORE_6                                         0                           NaN

CORE_NUM_RETIRE_CYCLES_CORE_6                                   0                             0

CORE_RETIRE_DELTA_CORE_6                                        0                           NaN

SCHED_FAILED_REASON_SUCCESS_CORE_6                       16571902                       30.0278%
SCHED_FAILED_OPERANDS_NOT_READY_CORE_6                   38610672                       69.9615%
SCHED_FAILED_NO_PORTS_CORE_6                                 5916                     0.0107196%
                                                         55188490                           100%

NUM_SAMPLES_CORE_7                                        2156961                       2156961

NUM_ACTIVE_BLOCKS_CORE_7                                        0                             0

NUM_ACTIVE_THREADS_CORE_7                                 2156961                             1

NUM_SCHED_IDLE_CYCLE_CORE_7                                     0                             0

NUM_NO_SCHED_CYCLE_CORE_7                                       0                             0

CORE_DISPATCHED_INST_CORE_7                                     0                             0

CORE_DISPATCH_WAIT_CORE_7                                       0                           NaN

CORE_CYCLES_CORE_7                                              0                             0

CORE_SCHED_THREADS_CORE_7                                       0                           NaN

CORE_NUM_NO_FETCH_CYCLES_CORE_7                                 0                             0

CORE_NUM_NO_FETCH_CYCLES_WITH_READY_THREADS_CORE_7                   0                             0

CORE_NUM_FETCH_CYCLES_CORE_7                                    0                             0

CORE_FETCH_DELTA_CORE_7                                         0                           NaN

CORE_NUM_RETIRE_CYCLES_CORE_7                                   0                             0

CORE_RETIRE_DELTA_CORE_7                                        0                           NaN

SCHED_FAILED_REASON_SUCCESS_CORE_7                              0                          NaN 
SCHED_FAILED_OPERANDS_NOT_READY_CORE_7                          0                          NaN 
SCHED_FAILED_NO_PORTS_CORE_7                                    0                          NaN 
                                                                0                           100%

