####################################################################################################
Interval
####################################################################################################

INST_COUNT_TOT                                            3000040                       3000040

CYC_COUNT_TOT                                             4642412                       4642412

EXE_TIME                                                        0                             0

NUM_REPEAT                                                      0                             0

CYC_COUNT_X86                                                   0                             0

CYC_COUNT_PTX                                                   0                             0

AVG_BLOCK_EXE_CYCLE                                             0                             0

AVG_BLOCK_EXE_CYCLE_BASE                                        0                             0

PROGRESS_ERROR                                                  0                             0

FILE_OPEN_ERROR                                                 0                             0

NUM_THREAD                                                      0                             0

APPL_CYC_COUNT_BASE0                                            0                             0

APPL_CYC_COUNT_BASE1                                            0                             0

APPL_CYC_COUNT_BASE2                                            0                             0

APPL_CYC_COUNT_BASE3                                            0                             0

APPL_CYC_COUNT_BASE4                                            0                             0

APPL_CYC_COUNT0                                                 0                           NaN

APPL_CYC_COUNT1                                                 0                           NaN

APPL_CYC_COUNT2                                                 0                           NaN

APPL_CYC_COUNT3                                                 0                           NaN

APPL_CYC_COUNT4                                                 0                           NaN

CPI_DELTA_BASE0                                                 0                             0

CPI_DELTA_BASE1                                                 0                             0

CPI_DELTA_BASE2                                                 0                             0

CPI_DELTA_BASE3                                                 0                             0

CPI_DELTA_BASE4                                                 0                             0

CPI_DELTA0                                                      0                           NaN

CPI_DELTA1                                                      0                           NaN

CPI_DELTA2                                                      0                           NaN

CPI_DELTA3                                                      0                           NaN

CPI_DELTA4                                                      0                           NaN

CYCLE_CPU                                                 4642412                       4642412

CYCLE_GPU                                                 4642412                       4642412

INST_COUNT_CORE_0                                          352636                        352636

CYC_COUNT_CORE_0                                          4642411                       4642411

INST_COUNT_CORE_1                                          131136                        131136

CYC_COUNT_CORE_1                                          3465074                       3465074

INST_COUNT_CORE_2                                          248363                        248363

CYC_COUNT_CORE_2                                          3465034                       3465034

INST_COUNT_CORE_3                                          442088                        442088

CYC_COUNT_CORE_3                                          3465034                       3465034

INST_COUNT_CORE_4                                          588192                        588192

CYC_COUNT_CORE_4                                          3465034                       3465034

INST_COUNT_CORE_5                                          623088                        623088

CYC_COUNT_CORE_5                                          3465034                       3465034

INST_COUNT_CORE_6                                          614537                        614537

CYC_COUNT_CORE_6                                          3465034                       3465034

INST_COUNT_CORE_7                                               0                             0

CYC_COUNT_CORE_7                                          3465034                       3465034

