BP_MISPRED_STALL_CORE_0                                      2514                          2514

BP_RESOLVED_CORE_0                                             10                            10

BP_REDIRECT_RESOLVED_CORE_0                                     0                             0

PERFECT_TARGET_PRED_CORE_0                                      0                             0

BP_ON_PATH_CORRECT_CORE_0                                      10                            50%
BP_ON_PATH_MISPREDICT_CORE_0                                   10                            50%
BP_ON_PATH_MISFETCH_CORE_0                                      0                             0%
                                                               20                           100%

BP_OFF_PATH_CORRECT_CORE_0                                      0                          NaN 
BP_OFF_PATH_MISPREDICT_CORE_0                                   0                          NaN 
BP_OFF_PATH_MISFETCH_CORE_0                                     0                          NaN 
                                                                0                           100%

BP_MISPRED_STALL_CORE_1                                         0                             0

BP_RESOLVED_CORE_1                                              0                             0

BP_REDIRECT_RESOLVED_CORE_1                                     0                             0

PERFECT_TARGET_PRED_CORE_1                                      0                             0

BP_ON_PATH_CORRECT_CORE_1                                       0                          NaN 
BP_ON_PATH_MISPREDICT_CORE_1                                    0                          NaN 
BP_ON_PATH_MISFETCH_CORE_1                                      0                          NaN 
                                                                0                           100%

BP_OFF_PATH_CORRECT_CORE_1                                      0                          NaN 
BP_OFF_PATH_MISPREDICT_CORE_1                                   0                          NaN 
BP_OFF_PATH_MISFETCH_CORE_1                                     0                          NaN 
                                                                0                           100%

BP_MISPRED_STALL_CORE_2                                    193616                        193616

BP_RESOLVED_CORE_2                                         615270                        615270

BP_REDIRECT_RESOLVED_CORE_2                                     0                             0

PERFECT_TARGET_PRED_CORE_2                                      0                             0

BP_ON_PATH_CORRECT_CORE_2                                  639208                       50.9541%
BP_ON_PATH_MISPREDICT_CORE_2                               615270                       49.0459%
BP_ON_PATH_MISFETCH_CORE_2                                      0                             0%
                                                          1254478                           100%

BP_OFF_PATH_CORRECT_CORE_2                                      0                          NaN 
BP_OFF_PATH_MISPREDICT_CORE_2                                   0                          NaN 
BP_OFF_PATH_MISFETCH_CORE_2                                     0                          NaN 
                                                                0                           100%

BP_MISPRED_STALL_CORE_3                                       577                           577

BP_RESOLVED_CORE_3                                              2                             2

BP_REDIRECT_RESOLVED_CORE_3                                     0                             0

PERFECT_TARGET_PRED_CORE_3                                      0                             0

BP_ON_PATH_CORRECT_CORE_3                                  101632                        99.998%
BP_ON_PATH_MISPREDICT_CORE_3                                    2                    0.00196785%
BP_ON_PATH_MISFETCH_CORE_3                                      0                             0%
                                                           101634                           100%

BP_OFF_PATH_CORRECT_CORE_3                                      0                          NaN 
BP_OFF_PATH_MISPREDICT_CORE_3                                   0                          NaN 
BP_OFF_PATH_MISFETCH_CORE_3                                     0                          NaN 
                                                                0                           100%

BP_MISPRED_STALL_CORE_4                                       561                           561

BP_RESOLVED_CORE_4                                              3                             3

BP_REDIRECT_RESOLVED_CORE_4                                     0                             0

PERFECT_TARGET_PRED_CORE_4                                      0                             0

BP_ON_PATH_CORRECT_CORE_4                                  203277                       99.9985%
BP_ON_PATH_MISPREDICT_CORE_4                                    3                     0.0014758%
BP_ON_PATH_MISFETCH_CORE_4                                      0                             0%
                                                           203280                           100%

BP_OFF_PATH_CORRECT_CORE_4                                      0                          NaN 
BP_OFF_PATH_MISPREDICT_CORE_4                                   0                          NaN 
BP_OFF_PATH_MISFETCH_CORE_4                                     0                          NaN 
                                                                0                           100%

BP_MISPRED_STALL_CORE_5                                    715350                        715350

BP_RESOLVED_CORE_5                                         455049                        455049

BP_REDIRECT_RESOLVED_CORE_5                                     0                             0

PERFECT_TARGET_PRED_CORE_5                                      0                             0

BP_ON_PATH_CORRECT_CORE_5                                 1514684                       76.8979%
BP_ON_PATH_MISPREDICT_CORE_5                               455049                       23.1021%
BP_ON_PATH_MISFETCH_CORE_5                                      0                             0%
                                                          1969733                           100%

BP_OFF_PATH_CORRECT_CORE_5                                      0                          NaN 
BP_OFF_PATH_MISPREDICT_CORE_5                                   0                          NaN 
BP_OFF_PATH_MISFETCH_CORE_5                                     0                          NaN 
                                                                0                           100%

BP_MISPRED_STALL_CORE_6                                         0                             0

BP_RESOLVED_CORE_6                                              0                             0

BP_REDIRECT_RESOLVED_CORE_6                                     0                             0

PERFECT_TARGET_PRED_CORE_6                                      0                             0

BP_ON_PATH_CORRECT_CORE_6                                       0                          NaN 
BP_ON_PATH_MISPREDICT_CORE_6                                    0                          NaN 
BP_ON_PATH_MISFETCH_CORE_6                                      0                          NaN 
                                                                0                           100%

BP_OFF_PATH_CORRECT_CORE_6                                      0                          NaN 
BP_OFF_PATH_MISPREDICT_CORE_6                                   0                          NaN 
BP_OFF_PATH_MISFETCH_CORE_6                                     0                          NaN 
                                                                0                           100%

BP_MISPRED_STALL_CORE_7                                         0                             0

BP_RESOLVED_CORE_7                                              0                             0

BP_REDIRECT_RESOLVED_CORE_7                                     0                             0

PERFECT_TARGET_PRED_CORE_7                                      0                             0

BP_ON_PATH_CORRECT_CORE_7                                       0                          NaN 
BP_ON_PATH_MISPREDICT_CORE_7                                    0                          NaN 
BP_ON_PATH_MISFETCH_CORE_7                                      0                          NaN 
                                                                0                           100%

BP_OFF_PATH_CORRECT_CORE_7                                      0                          NaN 
BP_OFF_PATH_MISPREDICT_CORE_7                                   0                          NaN 
BP_OFF_PATH_MISFETCH_CORE_7                                     0                          NaN 
                                                                0                           100%

