####################################################################################################
Interval
####################################################################################################

DISPATCHED_INST                                          73258385                      73258385

DISPATCH_WAIT                                         33711665213                       460.175

NUM_NO_FETCH_CYCLES                                             0                             0

AVG_CORE_IDLE_CYCLE                                             0                             0

NUM_SAMPLES_CORE_0                                      259710409                     259710409

NUM_ACTIVE_BLOCKS_CORE_0                                        0                             0

NUM_ACTIVE_THREADS_CORE_0                               259710408                             1

NUM_SCHED_IDLE_CYCLE_CORE_0                                    87                            87

NUM_NO_SCHED_CYCLE_CORE_0                                       0                             0

CORE_DISPATCHED_INST_CORE_0                                   516                           516

CORE_DISPATCH_WAIT_CORE_0                                   70125                       135.901

CORE_CYCLES_CORE_0                                              0                             0

CORE_SCHED_THREADS_CORE_0                                       0                           NaN

CORE_NUM_NO_FETCH_CYCLES_CORE_0                                 0                             0

CORE_NUM_NO_FETCH_CYCLES_WITH_READY_THREADS_CORE_0                   0                             0

CORE_NUM_FETCH_CYCLES_CORE_0                                    0                             0

CORE_FETCH_DELTA_CORE_0                                         0                           NaN

CORE_NUM_RETIRE_CYCLES_CORE_0                                   0                             0

CORE_RETIRE_DELTA_CORE_0                                        0                           NaN

SCHED_FAILED_REASON_SUCCESS_CORE_0                           8886                       18.5013%
SCHED_FAILED_OPERANDS_NOT_READY_CORE_0                      38679                       80.5326%
SCHED_FAILED_NO_PORTS_CORE_0                                  464                      0.966083%
                                                            48029                           100%

NUM_SAMPLES_CORE_1                                      259706658                     259706658

NUM_ACTIVE_BLOCKS_CORE_1                                        0                             0

NUM_ACTIVE_THREADS_CORE_1                               259706658                             1

NUM_SCHED_IDLE_CYCLE_CORE_1                                     0                             0

NUM_NO_SCHED_CYCLE_CORE_1                                       0                             0

CORE_DISPATCHED_INST_CORE_1                                     0                             0

CORE_DISPATCH_WAIT_CORE_1                                       0                           NaN

CORE_CYCLES_CORE_1                                              0                             0

CORE_SCHED_THREADS_CORE_1                                       0                           NaN

CORE_NUM_NO_FETCH_CYCLES_CORE_1                                 0                             0

CORE_NUM_NO_FETCH_CYCLES_WITH_READY_THREADS_CORE_1                   0                             0

CORE_NUM_FETCH_CYCLES_CORE_1                                    0                             0

CORE_FETCH_DELTA_CORE_1                                         0                           NaN

CORE_NUM_RETIRE_CYCLES_CORE_1                                   0                             0

CORE_RETIRE_DELTA_CORE_1                                        0                           NaN

SCHED_FAILED_REASON_SUCCESS_CORE_1                              0                          NaN 
SCHED_FAILED_OPERANDS_NOT_READY_CORE_1                          0                          NaN 
SCHED_FAILED_NO_PORTS_CORE_1                                    0                          NaN 
                                                                0                           100%

NUM_SAMPLES_CORE_2                                      259706654                     259706654

NUM_ACTIVE_BLOCKS_CORE_2                                        0                             0

NUM_ACTIVE_THREADS_CORE_2                               259706654                             1

NUM_SCHED_IDLE_CYCLE_CORE_2                                   326                           326

NUM_NO_SCHED_CYCLE_CORE_2                                       0                             0

CORE_DISPATCHED_INST_CORE_2                              27983748                      27983748

CORE_DISPATCH_WAIT_CORE_2                             11900801066                       425.275

CORE_CYCLES_CORE_2                                              0                             0

CORE_SCHED_THREADS_CORE_2                                       0                           NaN

CORE_NUM_NO_FETCH_CYCLES_CORE_2                                 0                             0

CORE_NUM_NO_FETCH_CYCLES_WITH_READY_THREADS_CORE_2                   0                             0

CORE_NUM_FETCH_CYCLES_CORE_2                                    0                             0

CORE_FETCH_DELTA_CORE_2                                         0                           NaN

CORE_NUM_RETIRE_CYCLES_CORE_2                                   0                             0

CORE_RETIRE_DELTA_CORE_2                                        0                           NaN

SCHED_FAILED_REASON_SUCCESS_CORE_2                     1000827591                       8.43295%
SCHED_FAILED_OPERANDS_NOT_READY_CORE_2                -2017733068                      -17.0014%
SCHED_FAILED_NO_PORTS_CORE_2                                57992                   0.000488639%
                                                      11868054403                           100%

NUM_SAMPLES_CORE_3                                      259706654                     259706654

NUM_ACTIVE_BLOCKS_CORE_3                                        0                             0

NUM_ACTIVE_THREADS_CORE_3                               259706654                             1

NUM_SCHED_IDLE_CYCLE_CORE_3                                   258                           258

NUM_NO_SCHED_CYCLE_CORE_3                                       0                             0

CORE_DISPATCHED_INST_CORE_3                               2133963                       2133963

CORE_DISPATCH_WAIT_CORE_3                               552793167                       259.045

CORE_CYCLES_CORE_3                                              0                             0

CORE_SCHED_THREADS_CORE_3                                       0                           NaN

CORE_NUM_NO_FETCH_CYCLES_CORE_3                                 0                             0

CORE_NUM_NO_FETCH_CYCLES_WITH_READY_THREADS_CORE_3                   0                             0

CORE_NUM_FETCH_CYCLES_CORE_3                                    0                             0

CORE_FETCH_DELTA_CORE_3                                         0                           NaN

CORE_NUM_RETIRE_CYCLES_CORE_3                                   0                             0

CORE_RETIRE_DELTA_CORE_3                                        0                           NaN

SCHED_FAILED_REASON_SUCCESS_CORE_3                        2186207                      0.397016%
SCHED_FAILED_OPERANDS_NOT_READY_CORE_3                  548472997                        99.603%
SCHED_FAILED_NO_PORTS_CORE_3                                    0                             0%
                                                        550659204                           100%

NUM_SAMPLES_CORE_4                                      259706654                     259706654

NUM_ACTIVE_BLOCKS_CORE_4                                        0                             0

NUM_ACTIVE_THREADS_CORE_4                               259706654                             1

NUM_SCHED_IDLE_CYCLE_CORE_4                                   355                           355

NUM_NO_SCHED_CYCLE_CORE_4                                       0                             0

CORE_DISPATCHED_INST_CORE_4                               3564269                       3564269

CORE_DISPATCH_WAIT_CORE_4                               481545707                       135.104

CORE_CYCLES_CORE_4                                              0                             0

CORE_SCHED_THREADS_CORE_4                                       0                           NaN

CORE_NUM_NO_FETCH_CYCLES_CORE_4                                 0                             0

CORE_NUM_NO_FETCH_CYCLES_WITH_READY_THREADS_CORE_4                   0                             0

CORE_NUM_FETCH_CYCLES_CORE_4                                    0                             0

CORE_FETCH_DELTA_CORE_4                                         0                           NaN

CORE_NUM_RETIRE_CYCLES_CORE_4                                   0                             0

CORE_RETIRE_DELTA_CORE_4                                        0                           NaN

SCHED_FAILED_REASON_SUCCESS_CORE_4                        3589521                      0.750975%
SCHED_FAILED_OPERANDS_NOT_READY_CORE_4                  474391917                        99.249%
SCHED_FAILED_NO_PORTS_CORE_4                                    0                             0%
                                                        477981438                           100%

NUM_SAMPLES_CORE_5                                      259706654                     259706654

NUM_ACTIVE_BLOCKS_CORE_5                                        0                             0

NUM_ACTIVE_THREADS_CORE_5                               259706654                             1

NUM_SCHED_IDLE_CYCLE_CORE_5                                     5                             5

NUM_NO_SCHED_CYCLE_CORE_5                                       0                             0

CORE_DISPATCHED_INST_CORE_5                              39575889                      39575889

CORE_DISPATCH_WAIT_CORE_5                             20776455148                       524.978

CORE_CYCLES_CORE_5                                              0                             0

CORE_SCHED_THREADS_CORE_5                                       0                           NaN

CORE_NUM_NO_FETCH_CYCLES_CORE_5                                 0                             0

CORE_NUM_NO_FETCH_CYCLES_WITH_READY_THREADS_CORE_5                   0                             0

CORE_NUM_FETCH_CYCLES_CORE_5                                    0                             0

CORE_FETCH_DELTA_CORE_5                                         0                           NaN

CORE_NUM_RETIRE_CYCLES_CORE_5                                   0                             0

CORE_RETIRE_DELTA_CORE_5                                        0                           NaN

SCHED_FAILED_REASON_SUCCESS_CORE_5                     2097986144                       10.1187%
SCHED_FAILED_OPERANDS_NOT_READY_CORE_5                 1455886731                       7.02181%
SCHED_FAILED_NO_PORTS_CORE_5                                41468                   0.000200002%
                                                      20733783527                           100%

NUM_SAMPLES_CORE_6                                              0                             0

NUM_ACTIVE_BLOCKS_CORE_6                                        0                           NaN

NUM_ACTIVE_THREADS_CORE_6                                       0                           NaN

NUM_SCHED_IDLE_CYCLE_CORE_6                                     0                             0

NUM_NO_SCHED_CYCLE_CORE_6                                       0                             0

CORE_DISPATCHED_INST_CORE_6                                     0                             0

CORE_DISPATCH_WAIT_CORE_6                                       0                           NaN

CORE_CYCLES_CORE_6                                              0                             0

CORE_SCHED_THREADS_CORE_6                                       0                           NaN

CORE_NUM_NO_FETCH_CYCLES_CORE_6                                 0                             0

CORE_NUM_NO_FETCH_CYCLES_WITH_READY_THREADS_CORE_6                   0                             0

CORE_NUM_FETCH_CYCLES_CORE_6                                    0                             0

CORE_FETCH_DELTA_CORE_6                                         0                           NaN

CORE_NUM_RETIRE_CYCLES_CORE_6                                   0                             0

CORE_RETIRE_DELTA_CORE_6                                        0                           NaN

SCHED_FAILED_REASON_SUCCESS_CORE_6                              0                          NaN 
SCHED_FAILED_OPERANDS_NOT_READY_CORE_6                          0                          NaN 
SCHED_FAILED_NO_PORTS_CORE_6                                    0                          NaN 
                                                                0                           100%

NUM_SAMPLES_CORE_7                                              0                             0

NUM_ACTIVE_BLOCKS_CORE_7                                        0                           NaN

NUM_ACTIVE_THREADS_CORE_7                                       0                           NaN

NUM_SCHED_IDLE_CYCLE_CORE_7                                     0                             0

NUM_NO_SCHED_CYCLE_CORE_7                                       0                             0

CORE_DISPATCHED_INST_CORE_7                                     0                             0

CORE_DISPATCH_WAIT_CORE_7                                       0                           NaN

CORE_CYCLES_CORE_7                                              0                             0

CORE_SCHED_THREADS_CORE_7                                       0                           NaN

CORE_NUM_NO_FETCH_CYCLES_CORE_7                                 0                             0

CORE_NUM_NO_FETCH_CYCLES_WITH_READY_THREADS_CORE_7                   0                             0

CORE_NUM_FETCH_CYCLES_CORE_7                                    0                             0

CORE_FETCH_DELTA_CORE_7                                         0                           NaN

CORE_NUM_RETIRE_CYCLES_CORE_7                                   0                             0

CORE_RETIRE_DELTA_CORE_7                                        0                           NaN

SCHED_FAILED_REASON_SUCCESS_CORE_7                              0                          NaN 
SCHED_FAILED_OPERANDS_NOT_READY_CORE_7                          0                          NaN 
SCHED_FAILED_NO_PORTS_CORE_7                                    0                          NaN 
                                                                0                           100%

