Real time: Nov/23/2014 16:38:56

Profiler Stats
--------------
Elapsed_time_in_seconds: 66
Elapsed_time_in_minutes: 1.1
Elapsed_time_in_hours: 0.0183333
Elapsed_time_in_days: 0.000763889

Virtual_time_in_seconds: 65.58
Virtual_time_in_minutes: 1.093
Virtual_time_in_hours:   0.0182167
Virtual_time_in_days:    0.0182167

Ruby_current_time: 3964732
Ruby_start_time: 1
Ruby_cycles: 3964731

mbytes_resident: 93.1719
mbytes_total: 137.887
resident_ratio: 0.675713

Total_misses: 0
total_misses: 0 [ 0 0 0 0 0 0 0 0 ]
user_misses: 0 [ 0 0 0 0 0 0 0 0 ]
supervisor_misses: 0 [ 0 0 0 0 0 0 0 0 ]

instruction_executed: 8 [ 1 1 1 1 1 1 1 1 ]
simics_cycles_executed: 8 [ 1 1 1 1 1 1 1 1 ]
cycles_per_instruction: 3.96473e+06 [ 3.96473e+06 3.96473e+06 3.96473e+06 3.96473e+06 3.96473e+06 3.96473e+06 3.96473e+06 3.96473e+06 ]
misses_per_thousand_instructions: 0 [ 0 0 0 0 0 0 0 0 ]

transactions_started: 0 [ 0 0 0 0 0 0 0 0 ]
transactions_ended: 0 [ 0 0 0 0 0 0 0 0 ]
instructions_per_transaction: 0 [ 0 0 0 0 0 0 0 0 ]
cycles_per_transaction: 0 [ 0 0 0 0 0 0 0 0 ]
misses_per_transaction: 0 [ 0 0 0 0 0 0 0 0 ]

L1D_cache cache stats: 
  L1D_cache_total_requests: 83762
  L1D_cache_total_misses: 5324	(6.3561%)
  L1D_cache_total_demand_misses: 5324
  L1D_cache_total_prefetches: 0
  L1D_cache_total_sw_prefetches: 0
  L1D_cache_total_hw_prefetches: 0
  L1D_cache_misses_per_transaction: 5324
  L1D_cache_misses_per_instruction: 5324
  L1D_cache_instructions_per_misses: 0.000187829

  L1D_cache_request_type_LD:   10194	(12.1702)%
  L1D_cache_request_type_ST:   73568	(87.8298)%

  L1D_cache_request_size: [binsize: log2 max: 32 count: 83762 average:    32 | standard deviation: 0 | 0 0 0 0 0 0 83762 ]

  L1D_cache_miss_type_LD:   1000	(18.7829)%
  L1D_cache_miss_type_ST:   4324	(81.2171)%

L1I_cache cache stats: 
  L1I_cache_total_requests: 0
  L1I_cache_total_misses: 0
  L1I_cache_total_demand_misses: 0
  L1I_cache_total_prefetches: 0
  L1I_cache_total_sw_prefetches: 0
  L1I_cache_total_hw_prefetches: 0
  L1I_cache_misses_per_transaction: 0
  L1I_cache_misses_per_instruction: 0
  L1I_cache_instructions_per_misses: NaN

  L1I_cache_request_size: [binsize: log2 max: 0 count: 0 average: NaN |standard deviation: NaN | 0 ]

L1T_cache cache stats: 
  L1T_cache_total_requests: 186474
  L1T_cache_total_misses: 186474	(100%)
  L1T_cache_total_demand_misses: 186474
  L1T_cache_total_prefetches: 0
  L1T_cache_total_sw_prefetches: 0
  L1T_cache_total_hw_prefetches: 0
  L1T_cache_misses_per_transaction: 186474
  L1T_cache_misses_per_instruction: 186474
  L1T_cache_instructions_per_misses: 5.36268e-06

  L1T_cache_request_type_LD:   138922	(74.4994)%
  L1T_cache_request_type_ST:   47552	(25.5006)%

  L1T_cache_request_size: [binsize: log2 max: 32 count: 186474 average:    32 | standard deviation: 0 | 0 0 0 0 0 0 186474 ]

  L1T_cache_miss_type_LD:   138922	(74.4994)%
  L1T_cache_miss_type_ST:   47552	(25.5006)%

L2_cache cache stats: 
  L2_cache_total_requests: 9567
  L2_cache_total_misses: 5216	(54.5207%)
  L2_cache_total_demand_misses: 5216
  L2_cache_total_prefetches: 0
  L2_cache_total_sw_prefetches: 0
  L2_cache_total_hw_prefetches: 0
  L2_cache_misses_per_transaction: 5216
  L2_cache_misses_per_instruction: 5216
  L2_cache_instructions_per_misses: 0.000191718

  L2_cache_request_type_LD:   1000	(10.4526)%
  L2_cache_request_type_ST:   8567	(89.5474)%

  L2_cache_request_size: [binsize: log2 max: 8 count: 9567 average:     8 | standard deviation: 0 | 0 0 0 0 9567 ]

  L2_cache_miss_type_LD:   990	(18.9801)%
  L2_cache_miss_type_ST:   4226	(81.0199)%

L2T_cache cache stats: 
  L2T_cache_total_requests: 186474
  L2T_cache_total_misses: 4243	(2.27538%)
  L2T_cache_total_demand_misses: 4243
  L2T_cache_total_prefetches: 0
  L2T_cache_total_sw_prefetches: 0
  L2T_cache_total_hw_prefetches: 0
  L2T_cache_misses_per_transaction: 4243
  L2T_cache_misses_per_instruction: 4243
  L2T_cache_instructions_per_misses: 0.000235682

  L2T_cache_request_type_LD:   138922	(74.4994)%
  L2T_cache_request_type_ST:   47552	(25.5006)%

  L2T_cache_request_size: [binsize: log2 max: 32 count: 186474 average: 14.1201 | standard deviation: 10.4608 | 0 0 0 0 138922 0 47552 ]

  L2T_cache_miss_type_LD:   1603	(37.7799)%
  L2T_cache_miss_type_ST:   2640	(62.2201)%


TBE Queries: 204525
Busy TBE Counts: 0
Busy Controller Counts:
L1TCache-0:0  L1TCache-1:0  L1TCache-2:0  L1TCache-3:0  L1TCache-4:0  L1TCache-5:0  L1TCache-6:0  L1TCache-7:0  

L2TCache-0:0  L2TCache-1:0  L2TCache-2:0  L2TCache-3:0  
L2Cache-0:0  L2Cache-1:0  L2Cache-2:0  L2Cache-3:0  
L1Cache-0:0  L1Cache-1:0  L1Cache-2:0  L1Cache-3:0  L1Cache-4:0  L1Cache-5:0  L1Cache-6:0  L1Cache-7:0  

Directory-0:0  Directory-1:0  Directory-2:0  Directory-3:0  

Busy Bank Count:0

L1TBE_usage: [binsize: 1 max: 0 count: 0 average: NaN |standard deviation: NaN | 0 ]
L2TBE_usage: [binsize: 1 max: 11 count: 204525 average: 1.9171 | standard deviation: 1.73206 | 49488 46355 47390 30478 8229 12075 8074 1861 451 86 37 1 ]
StopTable_usage: [binsize: 1 max: 0 count: 0 average: NaN |standard deviation: NaN | 0 ]
sequencer_requests_outstanding: [binsize: 1 max: 12 count: 270236 average: 2.92384 | standard deviation: 1.76714 | 0 62653 70404 53701 43526 11808 10319 13600 3121 791 257 25 31 ]
store_buffer_size: [binsize: 1 max: 0 count: 0 average: NaN |standard deviation: NaN | 0 ]
unique_blocks_in_store_buffer: [binsize: 1 max: 0 count: 0 average: NaN |standard deviation: NaN | 0 ]

All Non-Zero Cycle Demand Cache Accesses
----------------------------------------
miss_latency: [binsize: 2 max: 373 count: 270236 average: 30.791 | standard deviation: 44.1384 | 0 0 78438 0 0 0 0 0 0 0 0 0 0 0 0 125430 25506 27871 1693 1147 217 323 22 9 3 3 1 1 0 0 1 4 2 4 3 1 0 0 0 0 0 0 0 0 0 0 0 0 0 0 0 0 0 0 0 0 0 571 872 220 88 87 10 11 5 3 594 731 259 150 78 47 19 585 5 2 2 1 1 0 0 0 0 0 0 0 0 0 0 0 0 0 0 0 0 0 0 0 0 0 0 0 0 0 0 0 0 0 0 0 0 0 0 0 0 0 0 0 0 0 0 0 0 0 0 0 0 0 0 0 0 0 0 0 0 0 0 0 1 0 0 0 0 0 0 0 0 382 329 303 166 1 0 0 0 0 0 1247 900 841 527 26 6 1 0 0 0 0 0 0 0 18 45 40 15 2 1 0 0 0 0 27 101 66 29 132 10 ]
miss_latency_LD: [binsize: 64 max: 320 count: 149116 average: 33.0798 | standard deviation: 25.6284 | 146513 1375 238 0 623 367 0 0 0 0 ]
miss_latency_ST: [binsize: 64 max: 373 count: 121120 average: 27.9731 | standard deviation: 59.3609 | 114156 494 2244 0 3547 679 0 0 0 0 ]
miss_latency_NULL: [binsize: 2 max: 373 count: 270236 average: 30.791 | standard deviation: 44.1384 | 0 0 78438 0 0 0 0 0 0 0 0 0 0 0 0 125430 25506 27871 1693 1147 217 323 22 9 3 3 1 1 0 0 1 4 2 4 3 1 0 0 0 0 0 0 0 0 0 0 0 0 0 0 0 0 0 0 0 0 0 571 872 220 88 87 10 11 5 3 594 731 259 150 78 47 19 585 5 2 2 1 1 0 0 0 0 0 0 0 0 0 0 0 0 0 0 0 0 0 0 0 0 0 0 0 0 0 0 0 0 0 0 0 0 0 0 0 0 0 0 0 0 0 0 0 0 0 0 0 0 0 0 0 0 0 0 0 0 0 0 0 1 0 0 0 0 0 0 0 0 382 329 303 166 1 0 0 0 0 0 1247 900 841 527 26 6 1 0 0 0 0 0 0 0 18 45 40 15 2 1 0 0 0 0 27 101 66 29 132 10 ]
miss_latency_L2Miss: [binsize: 1 max: 0 count: 0 average: NaN |standard deviation: NaN | 0 ]

All Non-Zero Cycle SW Prefetch Requests
------------------------------------
prefetch_latency: [binsize: 1 max: 0 count: 0 average: NaN |standard deviation: NaN | 0 ]
prefetch_latency_L2Miss:[binsize: 1 max: 0 count: 0 average: NaN |standard deviation: NaN | 0 ]
multicast_retries: [binsize: 1 max: 0 count: 0 average: NaN |standard deviation: NaN | 0 ]
gets_mask_prediction_count: [binsize: 1 max: 0 count: 0 average: NaN |standard deviation: NaN | 0 ]
getx_mask_prediction_count: [binsize: 1 max: 0 count: 0 average: NaN |standard deviation: NaN | 0 ]
explicit_training_mask: [binsize: 1 max: 0 count: 0 average: NaN |standard deviation: NaN | 0 ]

Sequencer  Requests (MLP)
------------------------------------
Sequencer Requests All
Sequencer_ALL : [binsize: 1 max: 12 count: 270236 average: 2.92384 | standard deviation: 1.76714 | 0 62653 70404 53701 43526 11808 10319 13600 3121 791 257 25 31 ]
Sequencer_0: [binsize: 1 max: 6 count: 83762 average: 1.79655 | standard deviation: 0.773366 | 0 33606 35052 13876 997 229 2 ]
Sequencer_1: [binsize: 1 max: 0 count: 0 average: NaN |standard deviation: NaN | 0 ]
Sequencer_2: [binsize: 1 max: 0 count: 0 average: NaN |standard deviation: NaN | 0 ]
Sequencer_3: [binsize: 1 max: 0 count: 0 average: NaN |standard deviation: NaN | 0 ]
Sequencer_4: [binsize: 1 max: 0 count: 0 average: NaN |standard deviation: NaN | 0 ]
Sequencer_5: [binsize: 1 max: 0 count: 0 average: NaN |standard deviation: NaN | 0 ]
Sequencer_6: [binsize: 1 max: 0 count: 0 average: NaN |standard deviation: NaN | 0 ]
Sequencer_7: [binsize: 1 max: 0 count: 0 average: NaN |standard deviation: NaN | 0 ]
SequencerACC_0: [binsize: 1 max: 10 count: 9221 average: 6.62087 | standard deviation: 0.940589 | 0 4 5 4 36 823 3342 3586 1196 206 19 ]
SequencerACC_1: [binsize: 1 max: 7 count: 23654 average: 3.04984 | standard deviation: 1.2267 | 0 1478 6253 9848 3614 993 1084 384 ]
SequencerACC_2: [binsize: 1 max: 12 count: 26708 average: 4.71859 | standard deviation: 2.42026 | 0 1352 7015 2740 681 2547 3689 5903 1902 585 238 25 31 ]
SequencerACC_3: [binsize: 1 max: 8 count: 56280 average: 4.09853 | standard deviation: 1.11001 | 0 756 922 12100 29929 6952 2081 3517 23 ]
SequencerACC_4: [binsize: 1 max: 7 count: 70611 average: 2.12094 | standard deviation: 1.07893 | 0 25457 21157 15133 8269 264 121 210 ]
SequencerACC_5: [binsize: 1 max: 0 count: 0 average: NaN |standard deviation: NaN | 0 ]
SequencerACC_6: [binsize: 1 max: 0 count: 0 average: NaN |standard deviation: NaN | 0 ]
SequencerACC_7: [binsize: 1 max: 0 count: 0 average: NaN |standard deviation: NaN | 0 ]
Request vs. System State Profile
--------------------------------


filter_action: [binsize: 1 max: 0 count: 0 average: NaN |standard deviation: NaN | 0 ]

Message Delayed Cycles
----------------------
Total_delay_cycles: [binsize: 1 max: 43 count: 37519 average: 25.109 | standard deviation: 4.32258 | 0 0 0 0 0 0 0 0 0 0 0 1 1 0 0 0 717 555 31 1 0 13260 878 38 19 1778 2325 1590 9272 5527 515 211 112 27 23 26 13 12 4 2 2 1 553 25 ]
Total_nonPF_delay_cycles: [binsize: 1 max: 43 count: 15694 average: 25.362 | standard deviation: 5.15272 | 0 0 0 0 0 0 0 0 0 0 0 0 0 0 0 0 717 555 31 1 0 4577 1 0 0 1 2261 1590 1770 3540 57 13 3 1 1 0 0 0 0 0 0 0 553 22 ]
  virtual_network_0_delay_cycles: [binsize: 1 max: 43 count: 21825 average: 24.927 | standard deviation: 3.59865 | 0 0 0 0 0 0 0 0 0 0 0 1 1 0 0 0 0 0 0 0 0 8683 877 38 19 1777 64 0 7502 1987 458 198 109 26 22 26 13 12 4 2 2 1 0 3 ]
  virtual_network_1_delay_cycles: [binsize: 1 max: 0 count: 0 average: NaN |standard deviation: NaN | 0 ]
  virtual_network_2_delay_cycles: [binsize: 1 max: 21 count: 1895 average:    21 | standard deviation: 0 | 0 0 0 0 0 0 0 0 0 0 0 0 0 0 0 0 0 0 0 0 0 1895 ]
  virtual_network_3_delay_cycles: [binsize: 1 max: 43 count: 13799 average: 25.9611 | standard deviation: 5.21775 | 0 0 0 0 0 0 0 0 0 0 0 0 0 0 0 0 717 555 31 1 0 2682 1 0 0 1 2261 1590 1770 3540 57 13 3 1 1 0 0 0 0 0 0 0 553 22 ]
  virtual_network_4_delay_cycles: [binsize: 1 max: 0 count: 0 average: NaN |standard deviation: NaN | 0 ]
  virtual_network_5_delay_cycles: [binsize: 1 max: 0 count: 0 average: NaN |standard deviation: NaN | 0 ]
  virtual_network_6_delay_cycles: [binsize: 1 max: 0 count: 0 average: NaN |standard deviation: NaN | 0 ]
  virtual_network_7_delay_cycles: [binsize: 1 max: 0 count: 0 average: NaN |standard deviation: NaN | 0 ]

Resource Usage
--------------
page_size: 4096
user_time: 64
system_time: 0
page_reclaims: 24094
page_faults: 0
swaps: 0
block_inputs: 0
block_outputs: 592

Coherence Bandwidth Breakdown
----------------------
L1_ATOMIC = 0
L2_DATA = 26080
L2_TO_L2T_MSG = 584
L2_DATA_GX = 18725
L2T_TO_L1T_DATA = 555688
L1_DATA_GX = 0
L2_TO_L2T_ACK = 584
L2T_TO_L1T_MSG = 47552
L2_DATA_S = 7895
L2T_TO_L1T_ATOMIC = 0
L1_DATA_PC = 815
L1_MSG = 0
L2_COHMSG_FWD = 1895
L1_DATA_F = 0
L1_DATA_PX = 12220
L2_COHMSG_RCL = 0
L1T_TO_L2T_DATA = 190208
L2_MSG = 0
L2_COHMSG_INV = 0
L1_COHMSG_RCLACK = 0
L1T_TO_L2T_ATOMIC = 0
L2_COHMSG = 2684
L2_ATOMIC = 0
L2_TO_L2T_DATA = 21215
L1_DATA = 0
L1_COHMSG = 19141
L1_COHMSG_INVACK = 0
L1T_TO_L2T_MSG = 138922
----------------------
total_flits_messages = 1044208
----------------------

DMA = 0
DATA_GX_OW = 17296
DATA_PX_C = 9776
DATA_PX_D = 2444
DATA_GX_C = 4324
Block_lifetimes_pow2: [binsize: log2 max: 0 count: 0 average: NaN |standard deviation: NaN | 0 ]
Block_lifetimes[WRITE]_pow2: [binsize: log2 max: 0 count: 0 average: NaN |standard deviation: NaN | 0 ]
Block_lifetimes[EVICT]_pow2: [binsize: log2 max: 0 count: 0 average: NaN |standard deviation: NaN | 0 ]
CL_stall_evict: [binsize: log2 max: 0 count: 0 average: NaN |standard deviation: NaN | 0 ]
CL_stall_fence: [binsize: log2 max: 0 count: 0 average: NaN |standard deviation: NaN | 0 ]
Private_L1_evictions: 0
MessageBuffer: [Chip 0 0, L1Cache, mandatoryQueue] stats - msgs:83762 full:0 size:[binsize: 1 max: 4 count: 83762 average: 1.39849 | standard deviation: 0.657169 | 0 57854 19016 6314 578 ]
MessageBuffer: [Chip 0 1, L1Cache, mandatoryQueue] stats - msgs:0 full:0 size:[binsize: 1 max: 0 count: 0 average: NaN |standard deviation: NaN | 0 ]
MessageBuffer: [Chip 0 2, L1Cache, mandatoryQueue] stats - msgs:0 full:0 size:[binsize: 1 max: 0 count: 0 average: NaN |standard deviation: NaN | 0 ]
MessageBuffer: [Chip 0 3, L1Cache, mandatoryQueue] stats - msgs:0 full:0 size:[binsize: 1 max: 0 count: 0 average: NaN |standard deviation: NaN | 0 ]
MessageBuffer: [Chip 0 4, L1Cache, mandatoryQueue] stats - msgs:0 full:0 size:[binsize: 1 max: 0 count: 0 average: NaN |standard deviation: NaN | 0 ]
MessageBuffer: [Chip 0 5, L1Cache, mandatoryQueue] stats - msgs:0 full:0 size:[binsize: 1 max: 0 count: 0 average: NaN |standard deviation: NaN | 0 ]
MessageBuffer: [Chip 0 6, L1Cache, mandatoryQueue] stats - msgs:0 full:0 size:[binsize: 1 max: 0 count: 0 average: NaN |standard deviation: NaN | 0 ]
MessageBuffer: [Chip 0 7, L1Cache, mandatoryQueue] stats - msgs:0 full:0 size:[binsize: 1 max: 0 count: 0 average: NaN |standard deviation: NaN | 0 ]

Network Stats
-------------

Network interface outbound traffic
NI_0 (L1TCache) : [L1TCache]=0 [L2TCache]=22445 [L2Cache]=0 [L1Cache]=0 [Directory]=0 
NI_1 (L1TCache) : [L1TCache]=0 [L2TCache]=52883 [L2Cache]=0 [L1Cache]=0 [Directory]=0 
NI_2 (L1TCache) : [L1TCache]=0 [L2TCache]=53150 [L2Cache]=0 [L1Cache]=0 [Directory]=0 
NI_3 (L1TCache) : [L1TCache]=0 [L2TCache]=70737 [L2Cache]=0 [L1Cache]=0 [Directory]=0 
NI_4 (L1TCache) : [L1TCache]=0 [L2TCache]=129915 [L2Cache]=0 [L1Cache]=0 [Directory]=0 
NI_5 (L1TCache) : [L1TCache]=0 [L2TCache]=0 [L2Cache]=0 [L1Cache]=0 [Directory]=0 
NI_6 (L1TCache) : [L1TCache]=0 [L2TCache]=0 [L2Cache]=0 [L1Cache]=0 [Directory]=0 
NI_7 (L1TCache) : [L1TCache]=0 [L2TCache]=0 [L2Cache]=0 [L1Cache]=0 [Directory]=0 
NI_8 (L2TCache) : [L1TCache]=0 [L2TCache]=0 [L2Cache]=0 [L1Cache]=0 [Directory]=0 
NI_9 (L2TCache) : [L1TCache]=17085 [L2TCache]=0 [L2Cache]=856 [L1Cache]=0 [Directory]=0 
NI_10 (L2TCache) : [L1TCache]=413915 [L2TCache]=0 [L2Cache]=4252 [L1Cache]=0 [Directory]=0 
NI_11 (L2TCache) : [L1TCache]=172240 [L2TCache]=0 [L2Cache]=6262 [L1Cache]=0 [Directory]=0 
NI_12 (L2Cache) : [L1TCache]=0 [L2TCache]=0 [L2Cache]=0 [L1Cache]=5 [Directory]=1 
NI_13 (L2Cache) : [L1TCache]=0 [L2TCache]=2119 [L2Cache]=0 [L1Cache]=8271 [Directory]=1400 
NI_14 (L2Cache) : [L1TCache]=0 [L2TCache]=7251 [L2Cache]=0 [L1Cache]=12548 [Directory]=2060 
NI_15 (L2Cache) : [L1TCache]=0 [L2TCache]=3538 [L2Cache]=0 [L1Cache]=10375 [Directory]=1755 
NI_16 (L1Cache) : [L1TCache]=0 [L2TCache]=9475 [L2Cache]=20808 [L1Cache]=0 [Directory]=0 
NI_17 (L1Cache) : [L1TCache]=0 [L2TCache]=0 [L2Cache]=0 [L1Cache]=0 [Directory]=0 
NI_18 (L1Cache) : [L1TCache]=0 [L2TCache]=0 [L2Cache]=0 [L1Cache]=0 [Directory]=0 
NI_19 (L1Cache) : [L1TCache]=0 [L2TCache]=0 [L2Cache]=0 [L1Cache]=0 [Directory]=0 
NI_20 (L1Cache) : [L1TCache]=0 [L2TCache]=0 [L2Cache]=0 [L1Cache]=0 [Directory]=0 
NI_21 (L1Cache) : [L1TCache]=0 [L2TCache]=0 [L2Cache]=0 [L1Cache]=0 [Directory]=0 
NI_22 (L1Cache) : [L1TCache]=0 [L2TCache]=0 [L2Cache]=0 [L1Cache]=0 [Directory]=0 
NI_23 (L1Cache) : [L1TCache]=0 [L2TCache]=0 [L2Cache]=0 [L1Cache]=0 [Directory]=0 
NI_24 (Directory) : [L1TCache]=0 [L2TCache]=0 [L2Cache]=6525 [L1Cache]=0 [Directory]=0 
NI_25 (Directory) : [L1TCache]=0 [L2TCache]=0 [L2Cache]=6525 [L1Cache]=0 [Directory]=0 
NI_26 (Directory) : [L1TCache]=0 [L2TCache]=0 [L2Cache]=6515 [L1Cache]=0 [Directory]=0 
NI_27 (Directory) : [L1TCache]=0 [L2TCache]=0 [L2Cache]=6515 [L1Cache]=0 [Directory]=0 
L1_L2_flits_transferred = 0
L1_out_flits = 0
L2_out_flits = 0
-------------
Average Link Utilization :: 0.00885578 flits/cycle
total_flits_on_link = 2317311
-------------
Total VC Load [0] = 21498 flits
Total VC Load [1] = 17882 flits
Total VC Load [2] = 21670 flits
Total VC Load [3] = 17892 flits
Total VC Load [4] = 2473 flits
Total VC Load [5] = 2489 flits
Total VC Load [6] = 2486 flits
Total VC Load [7] = 2468 flits
Total VC Load [8] = 4550 flits
Total VC Load [9] = 4579 flits
Total VC Load [10] = 4572 flits
Total VC Load [11] = 4557 flits
Total VC Load [12] = 77069 flits
Total VC Load [13] = 76524 flits
Total VC Load [14] = 77268 flits
Total VC Load [15] = 76331 flits
Total VC Load [16] = 9553 flits
Total VC Load [17] = 9574 flits
Total VC Load [18] = 9577 flits
Total VC Load [19] = 9559 flits
Total VC Load [20] = 167937 flits
Total VC Load [21] = 160714 flits
Total VC Load [22] = 169279 flits
Total VC Load [23] = 160330 flits
Total VC Load [24] = 299220 flits
Total VC Load [25] = 304522 flits
Total VC Load [26] = 299959 flits
Total VC Load [27] = 302779 flits
Total VC Load [28] = 0 flits
Total VC Load [29] = 0 flits
Total VC Load [30] = 0 flits
Total VC Load [31] = 0 flits
-------------
Average VC Load [0] = 0.00542231 flits/cycle 
Average VC Load [1] = 0.00451027 flits/cycle 
Average VC Load [2] = 0.00546569 flits/cycle 
Average VC Load [3] = 0.00451279 flits/cycle 
Average VC Load [4] = 0.00062375 flits/cycle 
Average VC Load [5] = 0.000627785 flits/cycle 
Average VC Load [6] = 0.000627029 flits/cycle 
Average VC Load [7] = 0.000622489 flits/cycle 
Average VC Load [8] = 0.00114762 flits/cycle 
Average VC Load [9] = 0.00115493 flits/cycle 
Average VC Load [10] = 0.00115317 flits/cycle 
Average VC Load [11] = 0.00114938 flits/cycle 
Average VC Load [12] = 0.0194386 flits/cycle 
Average VC Load [13] = 0.0193012 flits/cycle 
Average VC Load [14] = 0.0194888 flits/cycle 
Average VC Load [15] = 0.0192525 flits/cycle 
Average VC Load [16] = 0.0024095 flits/cycle 
Average VC Load [17] = 0.00241479 flits/cycle 
Average VC Load [18] = 0.00241555 flits/cycle 
Average VC Load [19] = 0.00241101 flits/cycle 
Average VC Load [20] = 0.0423577 flits/cycle 
Average VC Load [21] = 0.0405359 flits/cycle 
Average VC Load [22] = 0.0426962 flits/cycle 
Average VC Load [23] = 0.0404391 flits/cycle 
Average VC Load [24] = 0.0754704 flits/cycle 
Average VC Load [25] = 0.0768077 flits/cycle 
Average VC Load [26] = 0.0756568 flits/cycle 
Average VC Load [27] = 0.0763681 flits/cycle 
Average VC Load [28] = 0 flits/cycle 
Average VC Load [29] = 0 flits/cycle 
Average VC Load [30] = 0 flits/cycle 
Average VC Load [31] = 0 flits/cycle 
-------------
Average network latency = 10.4002
-------------
Dynamic_Link_Power = 0.0647656
Static_Link_Power = 0.733365
Total_Link_Power = 0.798131
Total Link Area = 4.09374e+06 uM^2 
Router Dynamic Power:
       Input buffer: 0.00296535, Crossbar: 0.00499475, VC allocator: 0.000542976, SW allocator: 0.00164765, Clock: 0.153216, Total: 0.163367
Router Static Power:
       Input buffer: 0.891938, Crossbar: 0.1624, VC allocator: 0.438066, SW allocator: 0.0171352, Clock: 0.029369, Total: 1.53891
Router Total Power: 1.70227
Dynamic_Router_Power = 0.163367
Static_Router_Power = 1.53891
Total_Router_Power = 1.70227
Area:
Input buffer: 2.86355e-06, Crossbar: 2.50402e-06, VC allocator: 1.05856e-06, SW allocator: 4.14062e-08

Total_Dynamic_Power = 0.228132
Total_Static_Power = 2.27227
Total_Power = 2.50041
-------------

Gpusim Interface Stats
----------------------


Chip Stats
----------

 --- L1TCache ---
 - Event Counts -
Load  138922
L1_WThru  47552
L1_Atomic  0
L1_Replacement  3685
Data  0
Data_Done  138922
Ack  0
Ack_Done  47552
DataAtomic  0
DataAtomic_Done  0

 - Transitions -
I  Load  138922
I  L1_WThru  47552
I  L1_Atomic  0 <-- 
I  L1_Replacement  3685

S  Load  0 <-- 
S  L1_WThru  0 <-- 
S  L1_Atomic  0 <-- 
S  L1_Replacement  0 <-- 

I_S  L1_WThru  0 <-- 
I_S  L1_Atomic  0 <-- 
I_S  Data_Done  138922

I_I  Load  0 <-- 
I_I  L1_WThru  0 <-- 
I_I  L1_Atomic  0 <-- 
I_I  Data  0 <-- 
I_I  Data_Done  0 <-- 
I_I  Ack  0 <-- 
I_I  Ack_Done  47552
I_I  DataAtomic  0 <-- 
I_I  DataAtomic_Done  0 <-- 

SM  Load  0 <-- 
SM  L1_WThru  0 <-- 
SM  L1_Atomic  0 <-- 
SM  Data  0 <-- 
SM  Data_Done  0 <-- 
SM  Ack  0 <-- 
SM  Ack_Done  0 <-- 

 --- L2TCache ---
 - Event Counts -
L1_GETS  138922
L1_Write  47552
L1_Upgrade_T  0
L1_Upgrade_NT  0
L2_Atomic  0
L2_Expire  0
L2_Replacement  0
L2_Replacement_clean  0
Data  0
Data_all_Acks  4243
Ack  0
Ack_all  0
WB_Ack  584
Fwd_GETX  579
Fwd_GETS  5
Inv  0

 - Transitions -
NP  L1_GETS  1603
NP  L1_Write  2640
NP  L1_Upgrade_NT  0 <-- 
NP  L2_Atomic  0 <-- 

E  L1_GETS  137319
E  L1_Write  44912
E  L1_Upgrade_NT  0 <-- 
E  L2_Atomic  0 <-- 
E  L2_Replacement  0 <-- 
E  L2_Replacement_clean  0 <-- 
E  Fwd_GETX  579
E  Fwd_GETS  5
E  Inv  0 <-- 

S  L1_GETS  0 <-- 
S  L1_Upgrade_T  0 <-- 
S  L2_Replacement  0 <-- 
S  L2_Replacement_clean  0 <-- 
S  Fwd_GETX  0 <-- 
S  Fwd_GETS  0 <-- 
S  Inv  0 <-- 

SS  L1_GETS  0 <-- 
SS  L2_Replacement  0 <-- 
SS  L2_Replacement_clean  0 <-- 
SS  Fwd_GETX  0 <-- 
SS  Fwd_GETS  0 <-- 
SS  Inv  0 <-- 

IS  L1_GETS  0 <-- 
IS  Data  0 <-- 
IS  Data_all_Acks  1603
IS  Ack  0 <-- 
IS  Ack_all  0 <-- 

ISS  Data  0 <-- 
ISS  Data_all_Acks  0 <-- 
ISS  Ack  0 <-- 
ISS  Ack_all  0 <-- 

IM  Data  0 <-- 
IM  Data_all_Acks  2640
IM  Ack  0 <-- 
IM  Ack_all  0 <-- 

IMA  Data  0 <-- 
IMA  Data_all_Acks  0 <-- 
IMA  Ack  0 <-- 
IMA  Ack_all  0 <-- 

MI  L2_Expire  0 <-- 
MI  Fwd_GETX  0 <-- 
MI  Fwd_GETS  0 <-- 
MI  Inv  0 <-- 

MI_Ack  WB_Ack  584
MI_Ack  Fwd_GETX  0 <-- 
MI_Ack  Fwd_GETS  0 <-- 
MI_Ack  Inv  0 <-- 

 --- L2Cache ---
 - Event Counts -
L1_GET_INSTR  0
L1_GETS  1000
L1_GETX  8567
L1_UPGRADE  0
L1_PUTX  2684
L1_PUTX_old  0
Fwd_L1_GETX  0
Fwd_L1_GETS  0
Fwd_L1_GET_INSTR  0
L2_Replacement  0
L2_Replacement_clean  0
Mem_Data  5216
WB_Data  0
WB_Data_clean  0
Ack  0
Ack_all  0
Mem_Ack  0
Unblock  0
Unblock_Cancel  0
Exclusive_Unblock  9565
PUTX_ACC  9
DATA_ACC  575

 - Transitions -
NP  L1_GET_INSTR  0 <-- 
NP  L1_GETS  990
NP  L1_GETX  4226
NP  L1_PUTX  0 <-- 
NP  L1_PUTX_old  0 <-- 

SS  L1_GET_INSTR  0 <-- 
SS  L1_GETS  0 <-- 
SS  L1_GETX  0 <-- 
SS  L1_UPGRADE  0 <-- 
SS  L1_PUTX  0 <-- 
SS  L1_PUTX_old  0 <-- 
SS  L2_Replacement  0 <-- 
SS  L2_Replacement_clean  0 <-- 

M  L1_GET_INSTR  0 <-- 
M  L1_GETS  5
M  L1_GETX  1867
M  L1_PUTX  0 <-- 
M  L1_PUTX_old  0 <-- 
M  L2_Replacement  0 <-- 
M  L2_Replacement_clean  0 <-- 

MT  L1_GET_INSTR  0 <-- 
MT  L1_GETS  5
MT  L1_GETX  2474
MT  L1_PUTX  2684
MT  L1_PUTX_old  0 <-- 
MT  L2_Replacement  0 <-- 
MT  L2_Replacement_clean  0 <-- 
MT  PUTX_ACC  0 <-- 
MT  DATA_ACC  0 <-- 

M_I  L1_GET_INSTR  0 <-- 
M_I  L1_GETS  0 <-- 
M_I  L1_GETX  0 <-- 
M_I  L1_UPGRADE  0 <-- 
M_I  Mem_Ack  0 <-- 

MT_I  L1_GET_INSTR  0 <-- 
MT_I  L1_GETS  0 <-- 
MT_I  L1_GETX  0 <-- 
MT_I  L1_UPGRADE  0 <-- 
MT_I  L1_PUTX  0 <-- 
MT_I  L1_PUTX_old  0 <-- 
MT_I  WB_Data  0 <-- 
MT_I  WB_Data_clean  0 <-- 
MT_I  Ack_all  0 <-- 
MT_I  PUTX_ACC  0 <-- 
MT_I  DATA_ACC  0 <-- 

MCT_I  L1_GET_INSTR  0 <-- 
MCT_I  L1_GETS  0 <-- 
MCT_I  L1_GETX  0 <-- 
MCT_I  L1_UPGRADE  0 <-- 
MCT_I  L1_PUTX  0 <-- 
MCT_I  L1_PUTX_old  0 <-- 
MCT_I  WB_Data  0 <-- 
MCT_I  WB_Data_clean  0 <-- 
MCT_I  Ack_all  0 <-- 
MCT_I  PUTX_ACC  0 <-- 
MCT_I  DATA_ACC  0 <-- 

I_I  L1_GET_INSTR  0 <-- 
I_I  L1_GETS  0 <-- 
I_I  L1_GETX  0 <-- 
I_I  L1_UPGRADE  0 <-- 
I_I  L1_PUTX  0 <-- 
I_I  L1_PUTX_old  0 <-- 
I_I  Ack  0 <-- 
I_I  Ack_all  0 <-- 

S_I  L1_GET_INSTR  0 <-- 
S_I  L1_GETS  0 <-- 
S_I  L1_GETX  0 <-- 
S_I  L1_UPGRADE  0 <-- 
S_I  L1_PUTX  0 <-- 
S_I  L1_PUTX_old  0 <-- 
S_I  Ack  0 <-- 
S_I  Ack_all  0 <-- 

ISS  L1_GET_INSTR  0 <-- 
ISS  L1_GETS  0 <-- 
ISS  L1_GETX  0 <-- 
ISS  L1_PUTX  0 <-- 
ISS  L1_PUTX_old  0 <-- 
ISS  L2_Replacement  0 <-- 
ISS  L2_Replacement_clean  0 <-- 
ISS  Mem_Data  990

IS  L1_GET_INSTR  0 <-- 
IS  L1_GETS  0 <-- 
IS  L1_GETX  0 <-- 
IS  L1_PUTX  0 <-- 
IS  L1_PUTX_old  0 <-- 
IS  L2_Replacement  0 <-- 
IS  L2_Replacement_clean  0 <-- 
IS  Mem_Data  0 <-- 

IM  L1_GET_INSTR  0 <-- 
IM  L1_GETS  0 <-- 
IM  L1_GETX  0 <-- 
IM  L1_PUTX  0 <-- 
IM  L1_PUTX_old  0 <-- 
IM  L2_Replacement  0 <-- 
IM  L2_Replacement_clean  0 <-- 
IM  Mem_Data  4226

SS_MB  L1_GET_INSTR  0 <-- 
SS_MB  L1_GETS  0 <-- 
SS_MB  L1_GETX  0 <-- 
SS_MB  L1_UPGRADE  0 <-- 
SS_MB  L1_PUTX  0 <-- 
SS_MB  L1_PUTX_old  0 <-- 
SS_MB  L2_Replacement  0 <-- 
SS_MB  L2_Replacement_clean  0 <-- 
SS_MB  Exclusive_Unblock  0 <-- 

MT_MB  L1_GET_INSTR  0 <-- 
MT_MB  L1_GETS  0 <-- 
MT_MB  L1_GETX  0 <-- 
MT_MB  L1_UPGRADE  0 <-- 
MT_MB  L1_PUTX  0 <-- 
MT_MB  L1_PUTX_old  0 <-- 
MT_MB  L2_Replacement  0 <-- 
MT_MB  L2_Replacement_clean  0 <-- 
MT_MB  Exclusive_Unblock  9565
MT_MB  PUTX_ACC  8
MT_MB  DATA_ACC  571

M_MB  L1_GET_INSTR  0 <-- 
M_MB  L1_GETS  0 <-- 
M_MB  L1_GETX  0 <-- 
M_MB  L1_UPGRADE  0 <-- 
M_MB  L1_PUTX  0 <-- 
M_MB  L1_PUTX_old  0 <-- 
M_MB  L2_Replacement  0 <-- 
M_MB  L2_Replacement_clean  0 <-- 
M_MB  Exclusive_Unblock  0 <-- 

MT_IIB  L1_GET_INSTR  0 <-- 
MT_IIB  L1_GETS  0 <-- 
MT_IIB  L1_GETX  0 <-- 
MT_IIB  L1_UPGRADE  0 <-- 
MT_IIB  L1_PUTX  0 <-- 
MT_IIB  L1_PUTX_old  0 <-- 
MT_IIB  L2_Replacement  0 <-- 
MT_IIB  L2_Replacement_clean  0 <-- 
MT_IIB  WB_Data  0 <-- 
MT_IIB  WB_Data_clean  0 <-- 
MT_IIB  Unblock  0 <-- 
MT_IIB  PUTX_ACC  1
MT_IIB  DATA_ACC  4

MT_IB  L1_GET_INSTR  0 <-- 
MT_IB  L1_GETS  0 <-- 
MT_IB  L1_GETX  0 <-- 
MT_IB  L1_UPGRADE  0 <-- 
MT_IB  L1_PUTX  0 <-- 
MT_IB  L1_PUTX_old  0 <-- 
MT_IB  L2_Replacement  0 <-- 
MT_IB  L2_Replacement_clean  0 <-- 
MT_IB  WB_Data  0 <-- 
MT_IB  WB_Data_clean  0 <-- 

MT_SB  L1_GET_INSTR  0 <-- 
MT_SB  L1_GETS  0 <-- 
MT_SB  L1_GETX  0 <-- 
MT_SB  L1_UPGRADE  0 <-- 
MT_SB  L1_PUTX  0 <-- 
MT_SB  L1_PUTX_old  0 <-- 
MT_SB  L2_Replacement  0 <-- 
MT_SB  L2_Replacement_clean  0 <-- 
MT_SB  Unblock  0 <-- 

 --- L1Cache ---
 - Event Counts -
Load  10194
Ifetch  0
Store  73568
Inv  0
L1_Replacement  2694
Fwd_GETX  1895
Fwd_GETS  0
Fwd_GET_INSTR  0
Data  0
Data_Exclusive  1579
DataS_fromL1  0
Data_all_Acks  3745
Ack  0
Ack_all  0
WB_Ack  2684

 - Transitions -
NP  Load  995
NP  Ifetch  0 <-- 
NP  Store  3747
NP  Inv  0 <-- 
NP  L1_Replacement  0 <-- 

I  Load  5
I  Ifetch  0 <-- 
I  Store  577
I  Inv  0 <-- 
I  L1_Replacement  10

S  Load  0 <-- 
S  Ifetch  0 <-- 
S  Store  0 <-- 
S  Inv  0 <-- 
S  L1_Replacement  0 <-- 

E  Load  7042
E  Ifetch  0 <-- 
E  Store  13
E  Inv  0 <-- 
E  L1_Replacement  815
E  Fwd_GETX  2
E  Fwd_GETS  0 <-- 
E  Fwd_GET_INSTR  0 <-- 

M  Load  2152
M  Ifetch  0 <-- 
M  Store  69231
M  Inv  0 <-- 
M  L1_Replacement  1869
M  Fwd_GETX  1893
M  Fwd_GETS  0 <-- 
M  Fwd_GET_INSTR  0 <-- 

IS  Load  0 <-- 
IS  Ifetch  0 <-- 
IS  Store  0 <-- 
IS  Inv  0 <-- 
IS  L1_Replacement  0 <-- 
IS  Data_Exclusive  1000
IS  DataS_fromL1  0 <-- 
IS  Data_all_Acks  0 <-- 

IM  Load  0 <-- 
IM  Ifetch  0 <-- 
IM  Store  0 <-- 
IM  Inv  0 <-- 
IM  L1_Replacement  0 <-- 
IM  Data  0 <-- 
IM  Data_Exclusive  579
IM  Data_all_Acks  3745
IM  Ack  0 <-- 

SM  Load  0 <-- 
SM  Ifetch  0 <-- 
SM  Store  0 <-- 
SM  Inv  0 <-- 
SM  L1_Replacement  0 <-- 
SM  Ack  0 <-- 
SM  Ack_all  0 <-- 

IS_I  Load  0 <-- 
IS_I  Ifetch  0 <-- 
IS_I  Store  0 <-- 
IS_I  Inv  0 <-- 
IS_I  L1_Replacement  0 <-- 
IS_I  Data_Exclusive  0 <-- 
IS_I  DataS_fromL1  0 <-- 
IS_I  Data_all_Acks  0 <-- 

M_I  Load  0 <-- 
M_I  Ifetch  0 <-- 
M_I  Store  0 <-- 
M_I  Inv  0 <-- 
M_I  L1_Replacement  0 <-- 
M_I  Fwd_GETX  0 <-- 
M_I  Fwd_GETS  0 <-- 
M_I  Fwd_GET_INSTR  0 <-- 
M_I  WB_Ack  2684

E_I  Load  0 <-- 
E_I  Ifetch  0 <-- 
E_I  Store  0 <-- 
E_I  L1_Replacement  0 <-- 

SINK_WB_ACK  Load  0 <-- 
SINK_WB_ACK  Ifetch  0 <-- 
SINK_WB_ACK  Store  0 <-- 
SINK_WB_ACK  Inv  0 <-- 
SINK_WB_ACK  L1_Replacement  0 <-- 
SINK_WB_ACK  WB_Ack  0 <-- 

 --- Directory ---
 - Event Counts -
Fetch  5216
Data  0

 - Transitions -
I  Fetch  5216
I  Data  0 <-- 


Chip Buffer Stats
----------

MessageBuffer: [Chip 0 0, L1TCache, requestFromL1Cache] stats - msgs:9221 full:0 size:[binsize: 1 max: 4 count: 9221 average: 1.23457 | standard deviation: 0.486477 | 0 7309 1673 227 12 ]
MessageBuffer: [Chip 0 1, L1TCache, requestFromL1Cache] stats - msgs:23654 full:0 size:[binsize: 1 max: 3 count: 23654 average: 1.08109 | standard deviation: 0.273632 | 0 21740 1910 4 ]
MessageBuffer: [Chip 0 2, L1TCache, requestFromL1Cache] stats - msgs:26708 full:0 size:[binsize: 1 max: 4 count: 26708 average: 1.17549 | standard deviation: 0.409523 | 0 22323 4088 292 5 ]
MessageBuffer: [Chip 0 3, L1TCache, requestFromL1Cache] stats - msgs:56280 full:0 size:[binsize: 1 max: 4 count: 56280 average: 1.20679 | standard deviation: 0.415072 | 0 44871 11183 223 3 ]
MessageBuffer: [Chip 0 4, L1TCache, requestFromL1Cache] stats - msgs:70611 full:0 size:[binsize: 1 max: 5 count: 70611 average: 1.16463 | standard deviation: 0.382598 | 0 59234 11190 129 55 3 ]
MessageBuffer: [Chip 0 5, L1TCache, requestFromL1Cache] stats - msgs:0 full:0 size:[binsize: 1 max: 0 count: 0 average: NaN |standard deviation: NaN | 0 ]
MessageBuffer: [Chip 0 6, L1TCache, requestFromL1Cache] stats - msgs:0 full:0 size:[binsize: 1 max: 0 count: 0 average: NaN |standard deviation: NaN | 0 ]
MessageBuffer: [Chip 0 7, L1TCache, requestFromL1Cache] stats - msgs:0 full:0 size:[binsize: 1 max: 0 count: 0 average: NaN |standard deviation: NaN | 0 ]
MessageBuffer: [Chip 0 0, L1TCache, responseToL1Cache] stats - msgs:9221 full:0 size:[binsize: 1 max: 2 count: 9221 average: 1.05856 | standard deviation: 0.23496 | 0 8681 540 ]
MessageBuffer: [Chip 0 1, L1TCache, responseToL1Cache] stats - msgs:23654 full:0 size:[binsize: 1 max: 2 count: 23654 average: 1.00867 | standard deviation: 0.0928693 | 0 23449 205 ]
MessageBuffer: [Chip 0 2, L1TCache, responseToL1Cache] stats - msgs:26708 full:0 size:[binsize: 1 max: 2 count: 26708 average: 1.05302 | standard deviation: 0.224079 | 0 25292 1416 ]
MessageBuffer: [Chip 0 3, L1TCache, responseToL1Cache] stats - msgs:56280 full:0 size:[binsize: 1 max: 2 count: 56280 average: 1.01901 | standard deviation: 0.136591 | 0 55210 1070 ]
MessageBuffer: [Chip 0 4, L1TCache, responseToL1Cache] stats - msgs:70611 full:0 size:[binsize: 1 max: 2 count: 70611 average: 1.00575 | standard deviation: 0.0756411 | 0 70205 406 ]
MessageBuffer: [Chip 0 5, L1TCache, responseToL1Cache] stats - msgs:0 full:0 size:[binsize: 1 max: 0 count: 0 average: NaN |standard deviation: NaN | 0 ]
MessageBuffer: [Chip 0 6, L1TCache, responseToL1Cache] stats - msgs:0 full:0 size:[binsize: 1 max: 0 count: 0 average: NaN |standard deviation: NaN | 0 ]
MessageBuffer: [Chip 0 7, L1TCache, responseToL1Cache] stats - msgs:0 full:0 size:[binsize: 1 max: 0 count: 0 average: NaN |standard deviation: NaN | 0 ]
MessageBuffer: [Chip 0 0, L2TCache, responseFromL2Cache] stats - msgs:0 full:0 size:[binsize: 1 max: 0 count: 0 average: NaN |standard deviation: NaN | 0 ]
MessageBuffer: [Chip 0 1, L2TCache, responseFromL2Cache] stats - msgs:6759 full:0 size:[binsize: 1 max: 2 count: 6759 average: 1.00429 | standard deviation: 0.0655073 | 0 6730 29 ]
MessageBuffer: [Chip 0 2, L2TCache, responseFromL2Cache] stats - msgs:122930 full:0 size:[binsize: 1 max: 4 count: 122930 average: 1.20906 | standard deviation: 0.429 | 0 98373 23419 1133 5 ]
MessageBuffer: [Chip 0 3, L2TCache, responseFromL2Cache] stats - msgs:56785 full:0 size:[binsize: 1 max: 5 count: 56785 average: 1.38817 | standard deviation: 0.565967 | 0 36979 17684 2009 112 1 ]
MessageBuffer: [Chip 0 0, L2TCache, L1RequestToL2Cache] stats - msgs:0 full:0 size:[binsize: 1 max: 0 count: 0 average: NaN |standard deviation: NaN | 0 ]
MessageBuffer: [Chip 0 1, L2TCache, L1RequestToL2Cache] stats - msgs:6759 full:0 size:[binsize: 1 max: 1 count: 6759 average:     1 | standard deviation: 0 | 0 6759 ]
MessageBuffer: [Chip 0 2, L2TCache, L1RequestToL2Cache] stats - msgs:122930 full:0 size:[binsize: 1 max: 2 count: 122930 average: 1.07909 | standard deviation: 0.269887 | 0 113207 9723 ]
MessageBuffer: [Chip 0 3, L2TCache, L1RequestToL2Cache] stats - msgs:56785 full:0 size:[binsize: 1 max: 2 count: 56785 average: 1.04003 | standard deviation: 0.196071 | 0 54512 2273 ]
MessageBuffer: [Chip 0 0, L2TCache, requestFromL2TCache] stats - msgs:0 full:0 size:[binsize: 1 max: 0 count: 0 average: NaN |standard deviation: NaN | 0 ]
MessageBuffer: [Chip 0 1, L2TCache, requestFromL2TCache] stats - msgs:426 full:0 size:[binsize: 1 max: 1 count: 426 average:     1 | standard deviation: 0 | 0 426 ]
MessageBuffer: [Chip 0 2, L2TCache, requestFromL2TCache] stats - msgs:2080 full:0 size:[binsize: 1 max: 2 count: 2080 average: 1.07115 | standard deviation: 0.257639 | 0 1932 148 ]
MessageBuffer: [Chip 0 3, L2TCache, requestFromL2TCache] stats - msgs:1746 full:0 size:[binsize: 1 max: 1 count: 1746 average:     1 | standard deviation: 0 | 0 1746 ]
MessageBuffer: [Chip 0 0, L2TCache, responseFromL2TCache] stats - msgs:0 full:0 size:[binsize: 1 max: 0 count: 0 average: NaN |standard deviation: NaN | 0 ]
MessageBuffer: [Chip 0 1, L2TCache, responseFromL2TCache] stats - msgs:1 full:0 size:[binsize: 1 max: 1 count: 1 average:     1 | standard deviation: 0 | 0 1 ]
MessageBuffer: [Chip 0 2, L2TCache, responseFromL2TCache] stats - msgs:20 full:0 size:[binsize: 1 max: 1 count: 20 average:     1 | standard deviation: 0 | 0 20 ]
MessageBuffer: [Chip 0 3, L2TCache, responseFromL2TCache] stats - msgs:554 full:0 size:[binsize: 1 max: 1 count: 554 average:     1 | standard deviation: 0 | 0 554 ]
MessageBuffer: [Chip 0 0, L2TCache, unblockFromL2TCache] stats - msgs:0 full:0 size:[binsize: 1 max: 0 count: 0 average: NaN |standard deviation: NaN | 0 ]
MessageBuffer: [Chip 0 1, L2TCache, unblockFromL2TCache] stats - msgs:425 full:0 size:[binsize: 1 max: 1 count: 425 average:     1 | standard deviation: 0 | 0 425 ]
MessageBuffer: [Chip 0 2, L2TCache, unblockFromL2TCache] stats - msgs:2072 full:0 size:[binsize: 1 max: 2 count: 2072 average: 1.00193 | standard deviation: 0.0439481 | 0 2068 4 ]
MessageBuffer: [Chip 0 3, L2TCache, unblockFromL2TCache] stats - msgs:1746 full:0 size:[binsize: 1 max: 1 count: 1746 average:     1 | standard deviation: 0 | 0 1746 ]
MessageBuffer: [Chip 0 0, L2TCache, requestToL2TCache] stats - msgs:0 full:0 size:[binsize: 1 max: 0 count: 0 average: NaN |standard deviation: NaN | 0 ]
MessageBuffer: [Chip 0 1, L2TCache, requestToL2TCache] stats - msgs:2 full:0 size:[binsize: 1 max: 1 count: 2 average:     1 | standard deviation: 0 | 0 2 ]
MessageBuffer: [Chip 0 2, L2TCache, requestToL2TCache] stats - msgs:28 full:0 size:[binsize: 1 max: 1 count: 28 average:     1 | standard deviation: 0 | 0 28 ]
MessageBuffer: [Chip 0 3, L2TCache, requestToL2TCache] stats - msgs:554 full:0 size:[binsize: 1 max: 1 count: 554 average:     1 | standard deviation: 0 | 0 554 ]
MessageBuffer: [Chip 0 0, L2TCache, responseToL2TCache] stats - msgs:0 full:0 size:[binsize: 1 max: 0 count: 0 average: NaN |standard deviation: NaN | 0 ]
MessageBuffer: [Chip 0 1, L2TCache, responseToL2TCache] stats - msgs:427 full:0 size:[binsize: 1 max: 1 count: 427 average:     1 | standard deviation: 0 | 0 427 ]
MessageBuffer: [Chip 0 2, L2TCache, responseToL2TCache] stats - msgs:2100 full:0 size:[binsize: 1 max: 1 count: 2100 average:     1 | standard deviation: 0 | 0 2100 ]
MessageBuffer: [Chip 0 3, L2TCache, responseToL2TCache] stats - msgs:2300 full:0 size:[binsize: 1 max: 1 count: 2300 average:     1 | standard deviation: 0 | 0 2300 ]
MessageBuffer: [Chip 0 0, L2Cache, DirRequestFromL2Cache] stats - msgs:1 full:0 size:[binsize: 1 max: 1 count: 1 average:     1 | standard deviation: 0 | 0 1 ]
MessageBuffer: [Chip 0 1, L2Cache, DirRequestFromL2Cache] stats - msgs:1400 full:0 size:[binsize: 1 max: 1 count: 1400 average:     1 | standard deviation: 0 | 0 1400 ]
MessageBuffer: [Chip 0 2, L2Cache, DirRequestFromL2Cache] stats - msgs:2060 full:0 size:[binsize: 1 max: 2 count: 2060 average: 1.00049 | standard deviation: 0.022038 | 0 2059 1 ]
MessageBuffer: [Chip 0 3, L2Cache, DirRequestFromL2Cache] stats - msgs:1755 full:0 size:[binsize: 1 max: 1 count: 1755 average:     1 | standard deviation: 0 | 0 1755 ]
MessageBuffer: [Chip 0 0, L2Cache, L1RequestFromL2Cache] stats - msgs:0 full:0 size:[binsize: 1 max: 0 count: 0 average: NaN |standard deviation: NaN | 0 ]
MessageBuffer: [Chip 0 1, L2Cache, L1RequestFromL2Cache] stats - msgs:4 full:0 size:[binsize: 1 max: 1 count: 4 average:     1 | standard deviation: 0 | 0 4 ]
MessageBuffer: [Chip 0 2, L2Cache, L1RequestFromL2Cache] stats - msgs:661 full:0 size:[binsize: 1 max: 2 count: 661 average: 1.00303 | standard deviation: 0.0550482 | 0 659 2 ]
MessageBuffer: [Chip 0 3, L2Cache, L1RequestFromL2Cache] stats - msgs:1814 full:0 size:[binsize: 1 max: 1 count: 1814 average:     1 | standard deviation: 0 | 0 1814 ]
MessageBuffer: [Chip 0 0, L2Cache, responseFromL2Cache] stats - msgs:1 full:0 size:[binsize: 1 max: 1 count: 1 average:     1 | standard deviation: 0 | 0 1 ]
MessageBuffer: [Chip 0 1, L2Cache, responseFromL2Cache] stats - msgs:3070 full:0 size:[binsize: 1 max: 2 count: 3070 average: 1.01075 | standard deviation: 0.103695 | 0 3037 33 ]
MessageBuffer: [Chip 0 2, L2Cache, responseFromL2Cache] stats - msgs:5006 full:0 size:[binsize: 1 max: 3 count: 5006 average: 1.05374 | standard deviation: 0.227482 | 0 4739 265 2 ]
MessageBuffer: [Chip 0 3, L2Cache, responseFromL2Cache] stats - msgs:2863 full:0 size:[binsize: 1 max: 2 count: 2863 average: 1.23123 | standard deviation: 0.42172 | 0 2201 662 ]
MessageBuffer: [Chip 0 0, L2Cache, unblockToL2Cache] stats - msgs:1 full:0 size:[binsize: 1 max: 1 count: 1 average:     1 | standard deviation: 0 | 0 1 ]
MessageBuffer: [Chip 0 1, L2Cache, unblockToL2Cache] stats - msgs:1831 full:0 size:[binsize: 1 max: 1 count: 1831 average:     1 | standard deviation: 0 | 0 1831 ]
MessageBuffer: [Chip 0 2, L2Cache, unblockToL2Cache] stats - msgs:4164 full:0 size:[binsize: 1 max: 2 count: 4164 average: 1.00072 | standard deviation: 0.0268446 | 0 4161 3 ]
MessageBuffer: [Chip 0 3, L2Cache, unblockToL2Cache] stats - msgs:3569 full:0 size:[binsize: 1 max: 1 count: 3569 average:     1 | standard deviation: 0 | 0 3569 ]
MessageBuffer: [Chip 0 0, L2Cache, L1RequestToL2Cache] stats - msgs:1 full:0 size:[binsize: 1 max: 1 count: 1 average:     1 | standard deviation: 0 | 0 1 ]
MessageBuffer: [Chip 0 1, L2Cache, L1RequestToL2Cache] stats - msgs:3071 full:0 size:[binsize: 1 max: 2 count: 3071 average: 1.00261 | standard deviation: 0.0510477 | 0 3063 8 ]
MessageBuffer: [Chip 0 2, L2Cache, L1RequestToL2Cache] stats - msgs:5619 full:0 size:[binsize: 1 max: 2 count: 5619 average: 1.00036 | standard deviation: 0.0188679 | 0 5617 2 ]
MessageBuffer: [Chip 0 3, L2Cache, L1RequestToL2Cache] stats - msgs:3569 full:0 size:[binsize: 1 max: 1 count: 3569 average:     1 | standard deviation: 0 | 0 3569 ]
MessageBuffer: [Chip 0 0, L2Cache, responseToL2Cache] stats - msgs:1 full:0 size:[binsize: 1 max: 1 count: 1 average:     1 | standard deviation: 0 | 0 1 ]
MessageBuffer: [Chip 0 1, L2Cache, responseToL2Cache] stats - msgs:1401 full:0 size:[binsize: 1 max: 1 count: 1401 average:     1 | standard deviation: 0 | 0 1401 ]
MessageBuffer: [Chip 0 2, L2Cache, responseToL2Cache] stats - msgs:2080 full:0 size:[binsize: 1 max: 2 count: 2080 average: 1.00048 | standard deviation: 0.0219317 | 0 2079 1 ]
MessageBuffer: [Chip 0 3, L2Cache, responseToL2Cache] stats - msgs:2309 full:0 size:[binsize: 1 max: 1 count: 2309 average:     1 | standard deviation: 0 | 0 2309 ]
MessageBuffer: [Chip 0 0, L1Cache, requestFromL1Cache] stats - msgs:8008 full:0 size:[binsize: 1 max: 4 count: 8008 average: 1.33591 | standard deviation: 0.473475 | 0 5321 2685 1 1 ]
MessageBuffer: [Chip 0 1, L1Cache, requestFromL1Cache] stats - msgs:0 full:0 size:[binsize: 1 max: 0 count: 0 average: NaN |standard deviation: NaN | 0 ]
MessageBuffer: [Chip 0 2, L1Cache, requestFromL1Cache] stats - msgs:0 full:0 size:[binsize: 1 max: 0 count: 0 average: NaN |standard deviation: NaN | 0 ]
MessageBuffer: [Chip 0 3, L1Cache, requestFromL1Cache] stats - msgs:0 full:0 size:[binsize: 1 max: 0 count: 0 average: NaN |standard deviation: NaN | 0 ]
MessageBuffer: [Chip 0 4, L1Cache, requestFromL1Cache] stats - msgs:0 full:0 size:[binsize: 1 max: 0 count: 0 average: NaN |standard deviation: NaN | 0 ]
MessageBuffer: [Chip 0 5, L1Cache, requestFromL1Cache] stats - msgs:0 full:0 size:[binsize: 1 max: 0 count: 0 average: NaN |standard deviation: NaN | 0 ]
MessageBuffer: [Chip 0 6, L1Cache, requestFromL1Cache] stats - msgs:0 full:0 size:[binsize: 1 max: 0 count: 0 average: NaN |standard deviation: NaN | 0 ]
MessageBuffer: [Chip 0 7, L1Cache, requestFromL1Cache] stats - msgs:0 full:0 size:[binsize: 1 max: 0 count: 0 average: NaN |standard deviation: NaN | 0 ]
MessageBuffer: [Chip 0 0, L1Cache, responseFromL1Cache] stats - msgs:1895 full:0 size:[binsize: 1 max: 2 count: 1895 average: 1.00317 | standard deviation: 0.0562841 | 0 1889 6 ]
MessageBuffer: [Chip 0 1, L1Cache, responseFromL1Cache] stats - msgs:0 full:0 size:[binsize: 1 max: 0 count: 0 average: NaN |standard deviation: NaN | 0 ]
MessageBuffer: [Chip 0 2, L1Cache, responseFromL1Cache] stats - msgs:0 full:0 size:[binsize: 1 max: 0 count: 0 average: NaN |standard deviation: NaN | 0 ]
MessageBuffer: [Chip 0 3, L1Cache, responseFromL1Cache] stats - msgs:0 full:0 size:[binsize: 1 max: 0 count: 0 average: NaN |standard deviation: NaN | 0 ]
MessageBuffer: [Chip 0 4, L1Cache, responseFromL1Cache] stats - msgs:0 full:0 size:[binsize: 1 max: 0 count: 0 average: NaN |standard deviation: NaN | 0 ]
MessageBuffer: [Chip 0 5, L1Cache, responseFromL1Cache] stats - msgs:0 full:0 size:[binsize: 1 max: 0 count: 0 average: NaN |standard deviation: NaN | 0 ]
MessageBuffer: [Chip 0 6, L1Cache, responseFromL1Cache] stats - msgs:0 full:0 size:[binsize: 1 max: 0 count: 0 average: NaN |standard deviation: NaN | 0 ]
MessageBuffer: [Chip 0 7, L1Cache, responseFromL1Cache] stats - msgs:0 full:0 size:[binsize: 1 max: 0 count: 0 average: NaN |standard deviation: NaN | 0 ]
MessageBuffer: [Chip 0 0, L1Cache, unblockFromL1Cache] stats - msgs:5324 full:0 size:[binsize: 1 max: 1 count: 5324 average:     1 | standard deviation: 0 | 0 5324 ]
MessageBuffer: [Chip 0 1, L1Cache, unblockFromL1Cache] stats - msgs:0 full:0 size:[binsize: 1 max: 0 count: 0 average: NaN |standard deviation: NaN | 0 ]
MessageBuffer: [Chip 0 2, L1Cache, unblockFromL1Cache] stats - msgs:0 full:0 size:[binsize: 1 max: 0 count: 0 average: NaN |standard deviation: NaN | 0 ]
MessageBuffer: [Chip 0 3, L1Cache, unblockFromL1Cache] stats - msgs:0 full:0 size:[binsize: 1 max: 0 count: 0 average: NaN |standard deviation: NaN | 0 ]
MessageBuffer: [Chip 0 4, L1Cache, unblockFromL1Cache] stats - msgs:0 full:0 size:[binsize: 1 max: 0 count: 0 average: NaN |standard deviation: NaN | 0 ]
MessageBuffer: [Chip 0 5, L1Cache, unblockFromL1Cache] stats - msgs:0 full:0 size:[binsize: 1 max: 0 count: 0 average: NaN |standard deviation: NaN | 0 ]
MessageBuffer: [Chip 0 6, L1Cache, unblockFromL1Cache] stats - msgs:0 full:0 size:[binsize: 1 max: 0 count: 0 average: NaN |standard deviation: NaN | 0 ]
MessageBuffer: [Chip 0 7, L1Cache, unblockFromL1Cache] stats - msgs:0 full:0 size:[binsize: 1 max: 0 count: 0 average: NaN |standard deviation: NaN | 0 ]
MessageBuffer: [Chip 0 0, L1Cache, requestToL1Cache] stats - msgs:1895 full:0 size:[binsize: 1 max: 2 count: 1895 average: 1.00053 | standard deviation: 0.0229779 | 0 1894 1 ]
MessageBuffer: [Chip 0 1, L1Cache, requestToL1Cache] stats - msgs:0 full:0 size:[binsize: 1 max: 0 count: 0 average: NaN |standard deviation: NaN | 0 ]
MessageBuffer: [Chip 0 2, L1Cache, requestToL1Cache] stats - msgs:0 full:0 size:[binsize: 1 max: 0 count: 0 average: NaN |standard deviation: NaN | 0 ]
MessageBuffer: [Chip 0 3, L1Cache, requestToL1Cache] stats - msgs:0 full:0 size:[binsize: 1 max: 0 count: 0 average: NaN |standard deviation: NaN | 0 ]
MessageBuffer: [Chip 0 4, L1Cache, requestToL1Cache] stats - msgs:0 full:0 size:[binsize: 1 max: 0 count: 0 average: NaN |standard deviation: NaN | 0 ]
MessageBuffer: [Chip 0 5, L1Cache, requestToL1Cache] stats - msgs:0 full:0 size:[binsize: 1 max: 0 count: 0 average: NaN |standard deviation: NaN | 0 ]
MessageBuffer: [Chip 0 6, L1Cache, requestToL1Cache] stats - msgs:0 full:0 size:[binsize: 1 max: 0 count: 0 average: NaN |standard deviation: NaN | 0 ]
MessageBuffer: [Chip 0 7, L1Cache, requestToL1Cache] stats - msgs:0 full:0 size:[binsize: 1 max: 0 count: 0 average: NaN |standard deviation: NaN | 0 ]
MessageBuffer: [Chip 0 0, L1Cache, responseToL1Cache] stats - msgs:8008 full:0 size:[binsize: 1 max: 1 count: 8008 average:     1 | standard deviation: 0 | 0 8008 ]
MessageBuffer: [Chip 0 1, L1Cache, responseToL1Cache] stats - msgs:0 full:0 size:[binsize: 1 max: 0 count: 0 average: NaN |standard deviation: NaN | 0 ]
MessageBuffer: [Chip 0 2, L1Cache, responseToL1Cache] stats - msgs:0 full:0 size:[binsize: 1 max: 0 count: 0 average: NaN |standard deviation: NaN | 0 ]
MessageBuffer: [Chip 0 3, L1Cache, responseToL1Cache] stats - msgs:0 full:0 size:[binsize: 1 max: 0 count: 0 average: NaN |standard deviation: NaN | 0 ]
MessageBuffer: [Chip 0 4, L1Cache, responseToL1Cache] stats - msgs:0 full:0 size:[binsize: 1 max: 0 count: 0 average: NaN |standard deviation: NaN | 0 ]
MessageBuffer: [Chip 0 5, L1Cache, responseToL1Cache] stats - msgs:0 full:0 size:[binsize: 1 max: 0 count: 0 average: NaN |standard deviation: NaN | 0 ]
MessageBuffer: [Chip 0 6, L1Cache, responseToL1Cache] stats - msgs:0 full:0 size:[binsize: 1 max: 0 count: 0 average: NaN |standard deviation: NaN | 0 ]
MessageBuffer: [Chip 0 7, L1Cache, responseToL1Cache] stats - msgs:0 full:0 size:[binsize: 1 max: 0 count: 0 average: NaN |standard deviation: NaN | 0 ]
MessageBuffer: [Chip 0 0, Directory, requestToDir] stats - msgs:1305 full:0 size:[binsize: 1 max: 1 count: 1305 average:     1 | standard deviation: 0 | 0 1305 ]
MessageBuffer: [Chip 0 1, Directory, requestToDir] stats - msgs:1305 full:0 size:[binsize: 1 max: 1 count: 1305 average:     1 | standard deviation: 0 | 0 1305 ]
MessageBuffer: [Chip 0 2, Directory, requestToDir] stats - msgs:1303 full:0 size:[binsize: 1 max: 1 count: 1303 average:     1 | standard deviation: 0 | 0 1303 ]
MessageBuffer: [Chip 0 3, Directory, requestToDir] stats - msgs:1303 full:0 size:[binsize: 1 max: 1 count: 1303 average:     1 | standard deviation: 0 | 0 1303 ]
MessageBuffer: [Chip 0 0, Directory, responseToDir] stats - msgs:0 full:0 size:[binsize: 1 max: 0 count: 0 average: NaN |standard deviation: NaN | 0 ]
MessageBuffer: [Chip 0 1, Directory, responseToDir] stats - msgs:0 full:0 size:[binsize: 1 max: 0 count: 0 average: NaN |standard deviation: NaN | 0 ]
MessageBuffer: [Chip 0 2, Directory, responseToDir] stats - msgs:0 full:0 size:[binsize: 1 max: 0 count: 0 average: NaN |standard deviation: NaN | 0 ]
MessageBuffer: [Chip 0 3, Directory, responseToDir] stats - msgs:0 full:0 size:[binsize: 1 max: 0 count: 0 average: NaN |standard deviation: NaN | 0 ]
MessageBuffer: [Chip 0 0, Directory, responseFromDir] stats - msgs:1305 full:0 size:[binsize: 1 max: 2 count: 1305 average: 1.00077 | standard deviation: 0.0276924 | 0 1304 1 ]
MessageBuffer: [Chip 0 1, Directory, responseFromDir] stats - msgs:1305 full:0 size:[binsize: 1 max: 1 count: 1305 average:     1 | standard deviation: 0 | 0 1305 ]
MessageBuffer: [Chip 0 2, Directory, responseFromDir] stats - msgs:1303 full:0 size:[binsize: 1 max: 2 count: 1303 average: 1.00077 | standard deviation: 0.0277137 | 0 1302 1 ]
MessageBuffer: [Chip 0 3, Directory, responseFromDir] stats - msgs:1303 full:0 size:[binsize: 1 max: 1 count: 1303 average:     1 | standard deviation: 0 | 0 1303 ]
