####################################################################################################
Interval
####################################################################################################

INST_COUNT_TOT                                            6221914                       6221914

CYC_COUNT_TOT                                            29105570                      29105570

EXE_TIME                                                        0                             0

NUM_REPEAT                                                      0                             0

CYC_COUNT_X86                                                   0                             0

CYC_COUNT_PTX                                                   0                             0

AVG_BLOCK_EXE_CYCLE                                             0                             0

AVG_BLOCK_EXE_CYCLE_BASE                                        0                             0

PROGRESS_ERROR                                                  0                             0

FILE_OPEN_ERROR                                                 0                             0

NUM_THREAD                                                      0                             0

APPL_CYC_COUNT_BASE0                                            0                             0

APPL_CYC_COUNT_BASE1                                            0                             0

APPL_CYC_COUNT_BASE2                                            0                             0

APPL_CYC_COUNT_BASE3                                            0                             0

APPL_CYC_COUNT_BASE4                                            0                             0

APPL_CYC_COUNT0                                                 0                           NaN

APPL_CYC_COUNT1                                                 0                           NaN

APPL_CYC_COUNT2                                                 0                           NaN

APPL_CYC_COUNT3                                                 0                           NaN

APPL_CYC_COUNT4                                                 0                           NaN

CPI_DELTA_BASE0                                                 0                             0

CPI_DELTA_BASE1                                                 0                             0

CPI_DELTA_BASE2                                                 0                             0

CPI_DELTA_BASE3                                                 0                             0

CPI_DELTA_BASE4                                                 0                             0

CPI_DELTA0                                                      0                           NaN

CPI_DELTA1                                                      0                           NaN

CPI_DELTA2                                                      0                           NaN

CPI_DELTA3                                                      0                           NaN

CPI_DELTA4                                                      0                           NaN

CYCLE_CPU                                                29105570                      29105570

CYCLE_GPU                                                29105570                      29105570

INST_COUNT_CORE_0                                          225516                        225516

CYC_COUNT_CORE_0                                         29105569                      29105569

INST_COUNT_CORE_1                                               0                             0

CYC_COUNT_CORE_1                                         28392222                      28392222

INST_COUNT_CORE_2                                         3299794                       3299794

CYC_COUNT_CORE_2                                         28392214                      28392214

INST_COUNT_CORE_3                                         2696604                       2696604

CYC_COUNT_CORE_3                                         28392214                      28392214

INST_COUNT_CORE_4                                               0                             0

CYC_COUNT_CORE_4                                         28392214                      28392214

INST_COUNT_CORE_5                                               0                             0

CYC_COUNT_CORE_5                                         28392214                      28392214

INST_COUNT_CORE_6                                               0                             0

CYC_COUNT_CORE_6                                         28392214                      28392214

INST_COUNT_CORE_7                                               0                             0

CYC_COUNT_CORE_7                                         28392214                      28392214

