####################################################################################################
Interval
####################################################################################################

DISPATCHED_INST                                           6697169                       6697169

DISPATCH_WAIT                                           155519408                       23.2217

NUM_NO_FETCH_CYCLES                                             0                             0

AVG_CORE_IDLE_CYCLE                                             0                             0

NUM_SAMPLES_CORE_0                                        1866555                       1866555

NUM_ACTIVE_BLOCKS_CORE_0                                        0                             0

NUM_ACTIVE_THREADS_CORE_0                                 1866554                      0.999999

NUM_SCHED_IDLE_CYCLE_CORE_0                                  2016                          2016

NUM_NO_SCHED_CYCLE_CORE_0                                       0                             0

CORE_DISPATCHED_INST_CORE_0                                  7709                          7709

CORE_DISPATCH_WAIT_CORE_0                                  195156                       25.3153

CORE_CYCLES_CORE_0                                              0                             0

CORE_SCHED_THREADS_CORE_0                                       0                           NaN

CORE_NUM_NO_FETCH_CYCLES_CORE_0                                 0                             0

CORE_NUM_NO_FETCH_CYCLES_WITH_READY_THREADS_CORE_0                   0                             0

CORE_NUM_FETCH_CYCLES_CORE_0                                    0                             0

CORE_FETCH_DELTA_CORE_0                                         0                           NaN

CORE_NUM_RETIRE_CYCLES_CORE_0                                   0                             0

CORE_RETIRE_DELTA_CORE_0                                        0                           NaN

SCHED_FAILED_REASON_SUCCESS_CORE_0                          46311                       49.8531%
SCHED_FAILED_OPERANDS_NOT_READY_CORE_0                      33516                       36.0794%
SCHED_FAILED_NO_PORTS_CORE_0                                13068                       14.0675%
                                                            92895                           100%

NUM_SAMPLES_CORE_1                                        1851188                       1851188

NUM_ACTIVE_BLOCKS_CORE_1                                        0                             0

NUM_ACTIVE_THREADS_CORE_1                                 1851188                             1

NUM_SCHED_IDLE_CYCLE_CORE_1                                     0                             0

NUM_NO_SCHED_CYCLE_CORE_1                                       0                             0

CORE_DISPATCHED_INST_CORE_1                                     0                             0

CORE_DISPATCH_WAIT_CORE_1                                       0                           NaN

CORE_CYCLES_CORE_1                                              0                             0

CORE_SCHED_THREADS_CORE_1                                       0                           NaN

CORE_NUM_NO_FETCH_CYCLES_CORE_1                                 0                             0

CORE_NUM_NO_FETCH_CYCLES_WITH_READY_THREADS_CORE_1                   0                             0

CORE_NUM_FETCH_CYCLES_CORE_1                                    0                             0

CORE_FETCH_DELTA_CORE_1                                         0                           NaN

CORE_NUM_RETIRE_CYCLES_CORE_1                                   0                             0

CORE_RETIRE_DELTA_CORE_1                                        0                           NaN

SCHED_FAILED_REASON_SUCCESS_CORE_1                              0                          NaN 
SCHED_FAILED_OPERANDS_NOT_READY_CORE_1                          0                          NaN 
SCHED_FAILED_NO_PORTS_CORE_1                                    0                          NaN 
                                                                0                           100%

NUM_SAMPLES_CORE_2                                        1850996                       1850996

NUM_ACTIVE_BLOCKS_CORE_2                                        0                             0

NUM_ACTIVE_THREADS_CORE_2                                 1850996                             1

NUM_SCHED_IDLE_CYCLE_CORE_2                                  1253                          1253

NUM_NO_SCHED_CYCLE_CORE_2                                       0                             0

CORE_DISPATCHED_INST_CORE_2                               1841822                       1841822

CORE_DISPATCH_WAIT_CORE_2                                39794047                       21.6058

CORE_CYCLES_CORE_2                                              0                             0

CORE_SCHED_THREADS_CORE_2                                       0                           NaN

CORE_NUM_NO_FETCH_CYCLES_CORE_2                                 0                             0

CORE_NUM_NO_FETCH_CYCLES_WITH_READY_THREADS_CORE_2                   0                             0

CORE_NUM_FETCH_CYCLES_CORE_2                                    0                             0

CORE_FETCH_DELTA_CORE_2                                         0                           NaN

CORE_NUM_RETIRE_CYCLES_CORE_2                                   0                             0

CORE_RETIRE_DELTA_CORE_2                                        0                           NaN

SCHED_FAILED_REASON_SUCCESS_CORE_2                        3471619                       9.14734%
SCHED_FAILED_OPERANDS_NOT_READY_CORE_2                   34480606                       90.8527%
SCHED_FAILED_NO_PORTS_CORE_2                                    0                             0%
                                                         37952225                           100%

NUM_SAMPLES_CORE_3                                        1850996                       1850996

NUM_ACTIVE_BLOCKS_CORE_3                                        0                             0

NUM_ACTIVE_THREADS_CORE_3                                 1850996                             1

NUM_SCHED_IDLE_CYCLE_CORE_3                                   802                           802

NUM_NO_SCHED_CYCLE_CORE_3                                       0                             0

CORE_DISPATCHED_INST_CORE_3                                542846                        542846

CORE_DISPATCH_WAIT_CORE_3                                12420623                       22.8806

CORE_CYCLES_CORE_3                                              0                             0

CORE_SCHED_THREADS_CORE_3                                       0                           NaN

CORE_NUM_NO_FETCH_CYCLES_CORE_3                                 0                             0

CORE_NUM_NO_FETCH_CYCLES_WITH_READY_THREADS_CORE_3                   0                             0

CORE_NUM_FETCH_CYCLES_CORE_3                                    0                             0

CORE_FETCH_DELTA_CORE_3                                         0                           NaN

CORE_NUM_RETIRE_CYCLES_CORE_3                                   0                             0

CORE_RETIRE_DELTA_CORE_3                                        0                           NaN

SCHED_FAILED_REASON_SUCCESS_CORE_3                        1056280                       8.89291%
SCHED_FAILED_OPERANDS_NOT_READY_CORE_3                   10821497                       91.1071%
SCHED_FAILED_NO_PORTS_CORE_3                                    0                             0%
                                                         11877777                           100%

NUM_SAMPLES_CORE_4                                        1850996                       1850996

NUM_ACTIVE_BLOCKS_CORE_4                                        0                             0

NUM_ACTIVE_THREADS_CORE_4                                 1850996                             1

NUM_SCHED_IDLE_CYCLE_CORE_4                                  1431                          1431

NUM_NO_SCHED_CYCLE_CORE_4                                       0                             0

CORE_DISPATCHED_INST_CORE_4                               1929246                       1929246

CORE_DISPATCH_WAIT_CORE_4                                31751227                       16.4578

CORE_CYCLES_CORE_4                                              0                             0

CORE_SCHED_THREADS_CORE_4                                       0                           NaN

CORE_NUM_NO_FETCH_CYCLES_CORE_4                                 0                             0

CORE_NUM_NO_FETCH_CYCLES_WITH_READY_THREADS_CORE_4                   0                             0

CORE_NUM_FETCH_CYCLES_CORE_4                                    0                             0

CORE_FETCH_DELTA_CORE_4                                         0                           NaN

CORE_NUM_RETIRE_CYCLES_CORE_4                                   0                             0

CORE_RETIRE_DELTA_CORE_4                                        0                           NaN

SCHED_FAILED_REASON_SUCCESS_CORE_4                        3826845                       12.8323%
SCHED_FAILED_OPERANDS_NOT_READY_CORE_4                   25995136                       87.1677%
SCHED_FAILED_NO_PORTS_CORE_4                                    0                             0%
                                                         29821981                           100%

NUM_SAMPLES_CORE_5                                        1850996                       1850996

NUM_ACTIVE_BLOCKS_CORE_5                                        0                             0

NUM_ACTIVE_THREADS_CORE_5                                 1850996                             1

NUM_SCHED_IDLE_CYCLE_CORE_5                                   808                           808

NUM_NO_SCHED_CYCLE_CORE_5                                       0                             0

CORE_DISPATCHED_INST_CORE_5                                583678                        583678

CORE_DISPATCH_WAIT_CORE_5                                22621034                        38.756

CORE_CYCLES_CORE_5                                              0                             0

CORE_SCHED_THREADS_CORE_5                                       0                           NaN

CORE_NUM_NO_FETCH_CYCLES_CORE_5                                 0                             0

CORE_NUM_NO_FETCH_CYCLES_WITH_READY_THREADS_CORE_5                   0                             0

CORE_NUM_FETCH_CYCLES_CORE_5                                    0                             0

CORE_FETCH_DELTA_CORE_5                                         0                           NaN

CORE_NUM_RETIRE_CYCLES_CORE_5                                   0                             0

CORE_RETIRE_DELTA_CORE_5                                        0                           NaN

SCHED_FAILED_REASON_SUCCESS_CORE_5                        1266347                       5.74637%
SCHED_FAILED_OPERANDS_NOT_READY_CORE_5                   20771009                       94.2536%
SCHED_FAILED_NO_PORTS_CORE_5                                    0                             0%
                                                         22037356                           100%

NUM_SAMPLES_CORE_6                                        1850996                       1850996

NUM_ACTIVE_BLOCKS_CORE_6                                        0                             0

NUM_ACTIVE_THREADS_CORE_6                                 1850996                             1

NUM_SCHED_IDLE_CYCLE_CORE_6                                   808                           808

NUM_NO_SCHED_CYCLE_CORE_6                                       0                             0

CORE_DISPATCHED_INST_CORE_6                                583678                        583678

CORE_DISPATCH_WAIT_CORE_6                                22645725                       38.7983

CORE_CYCLES_CORE_6                                              0                             0

CORE_SCHED_THREADS_CORE_6                                       0                           NaN

CORE_NUM_NO_FETCH_CYCLES_CORE_6                                 0                             0

CORE_NUM_NO_FETCH_CYCLES_WITH_READY_THREADS_CORE_6                   0                             0

CORE_NUM_FETCH_CYCLES_CORE_6                                    0                             0

CORE_FETCH_DELTA_CORE_6                                         0                           NaN

CORE_NUM_RETIRE_CYCLES_CORE_6                                   0                             0

CORE_RETIRE_DELTA_CORE_6                                        0                           NaN

SCHED_FAILED_REASON_SUCCESS_CORE_6                        1264015                       5.72936%
SCHED_FAILED_OPERANDS_NOT_READY_CORE_6                   20798032                       94.2706%
SCHED_FAILED_NO_PORTS_CORE_6                                    0                             0%
                                                         22062047                           100%

NUM_SAMPLES_CORE_7                                        1850996                       1850996

NUM_ACTIVE_BLOCKS_CORE_7                                        0                             0

NUM_ACTIVE_THREADS_CORE_7                                 1850996                             1

NUM_SCHED_IDLE_CYCLE_CORE_7                                  1557                          1557

NUM_NO_SCHED_CYCLE_CORE_7                                       0                             0

CORE_DISPATCHED_INST_CORE_7                               1208190                       1208190

CORE_DISPATCH_WAIT_CORE_7                                26091596                       21.5956

CORE_CYCLES_CORE_7                                              0                             0

CORE_SCHED_THREADS_CORE_7                                       0                           NaN

CORE_NUM_NO_FETCH_CYCLES_CORE_7                                 0                             0

CORE_NUM_NO_FETCH_CYCLES_WITH_READY_THREADS_CORE_7                   0                             0

CORE_NUM_FETCH_CYCLES_CORE_7                                    0                             0

CORE_FETCH_DELTA_CORE_7                                         0                           NaN

CORE_NUM_RETIRE_CYCLES_CORE_7                                   0                             0

CORE_RETIRE_DELTA_CORE_7                                        0                           NaN

SCHED_FAILED_REASON_SUCCESS_CORE_7                        2075242                       8.33986%
SCHED_FAILED_OPERANDS_NOT_READY_CORE_7                   22808164                       91.6601%
SCHED_FAILED_NO_PORTS_CORE_7                                    0                             0%
                                                         24883406                           100%

