####################################################################################################
Interval
####################################################################################################

POWER_L3CACHE_LINEFILL_BUF_R                                    0                             0

POWER_L3CACHE_LINEFILL_BUF_W                                    0                             0

POWER_L3CACHE_LINEFILL_BUF_R_TAG                                0                             0

POWER_L3CACHE_WB_BUF_R                                          0                             0

POWER_L3CACHE_WB_BUF_W                                          0                             0

POWER_L3CACHE_WB_BUF_R_TAG                                      0                             0

POWER_L3CACHE_R                                                 0                             0

POWER_L3CACHE_W                                                 0                             0

POWER_L3CACHE_R_TAG                                             0                             0

POWER_MC_R                                                      0                             0

POWER_MC_W                                                      0                             0

POWER_BLOCK_STATES_R_CORE_0                                  1952                          1952

POWER_BLOCK_STATES_W_CORE_0                                  1952                          1952

POWER_FETCH_QUEUE_R_CORE_0                                   7710                          7710

POWER_FETCH_QUEUE_W_CORE_0                                   7709                          7709

POWER_INST_QUEUE_R_CORE_0                                   17381                         17381

POWER_INST_QUEUE_W_CORE_0                                    7709                          7709

POWER_BR_PRED_R_CORE_0                                         32                            32

POWER_BR_PRED_W_CORE_0                                          0                             0

POWER_RAS_R_CORE_0                                            192                           192

POWER_RAS_W_CORE_0                                            255                           255

POWER_ICACHE_R_CORE_0                                        1952                          1952

POWER_ICACHE_W_CORE_0                                           0                             0

POWER_ICACHE_R_TAG_CORE_0                                    1760                          1760

POWER_ICACHE_MISS_BUF_R_CORE_0                                  0                             0

POWER_ICACHE_MISS_BUF_W_CORE_0                                  0                             0

POWER_ICACHE_MISS_BUF_R_TAG_CORE_0                              0                             0

POWER_ICACHE_MISS_BUF_W_TAG_CORE_0                              0                             0

POWER_ICACHE_TOT_ACC_CORE_0                                     0                             0

POWER_ICACHE_CONF_CORE_0                                        0                             0

POWER_INST_DECODER_R_CORE_0                                  6655                          6655

POWER_INST_DECODER_W_CORE_0                                     0                             0

POWER_MICRO_OP_SEQ_R_CORE_0                                     0                             0

POWER_MICRO_OP_SEQ_W_CORE_0                                     0                             0

POWER_OPERAND_DECODER_R_CORE_0                               6655                          6655

POWER_OPERAND_DECODER_W_CORE_0                                  0                             0

POWER_UOP_QUEUE_R_CORE_0                                    17381                         17381

POWER_UOP_QUEUE_W_CORE_0                                     7709                          7709

POWER_REG_RENAMING_TABLE_R_CORE_0                           17381                         17381

POWER_REG_RENAMING_TABLE_W_CORE_0                            7709                          7709

POWER_DEP_CHECK_LOGIC_R_CORE_0                               7709                          7709

POWER_FREELIST_R_CORE_0                                     17381                         17381

POWER_FREELIST_W_CORE_0                                      7709                          7709

POWER_RESERVATION_STATION_R_CORE_0                          46311                         46311

POWER_RESERVATION_STATION_W_CORE_0                           7709                          7709

POWER_RESERVATION_STATION_R_TAG_CORE_0                      46311                         46311

POWER_RESERVATION_STATION_W_TAG_CORE_0                          0                             0

POWER_INST_ISSUE_SEL_LOGIC_R_CORE_0                         46311                         46311

POWER_INST_ISSUE_SEL_LOGIC_W_CORE_0                          7709                          7709

POWER_PAYLOAD_RAM_R_CORE_0                                  46311                         46311

POWER_PAYLOAD_RAM_W_CORE_0                                   7709                          7709

POWER_EX_ALU_R_CORE_0                                        1790                          1790

POWER_EX_FPU_R_CORE_0                                           0                             0

POWER_EX_MUL_R_CORE_0                                           0                             0

POWER_EX_SFU_R_CORE_0                                           0                             0

POWER_REORDER_BUF_R_CORE_0                                   7709                          7709

POWER_REORDER_BUF_W_CORE_0                                  15418                         15418

POWER_INST_COMMIT_SEL_LOGIC_R_CORE_0                         7709                          7709

POWER_INST_COMMIT_SEL_LOGIC_W_CORE_0                         7709                          7709

POWER_FP_RENAME_R_CORE_0                                        0                             0

POWER_FP_RENAME_W_CORE_0                                        0                             0

POWER_LOAD_QUEUE_R_CORE_0                                    9387                          9387

POWER_LOAD_QUEUE_W_CORE_0                                    9387                          9387

POWER_LOAD_QUEUE_R_TAG_CORE_0                                9387                          9387

POWER_LOAD_QUEUE_W_TAG_CORE_0                                   0                             0

POWER_STORE_QUEUE_R_CORE_0                                  35134                         35134

POWER_STORE_QUEUE_W_CORE_0                                  35134                         35134

POWER_STORE_QUEUE_R_TAG_CORE_0                              35134                         35134

POWER_STORE_QUEUE_W_TAG_CORE_0                                  0                             0

POWER_DATA_TLB_R_CORE_0                                      9387                          9387

POWER_DATA_TLB_W_CORE_0                                         0                             0

POWER_DATA_TLB_R_TAG_CORE_0                                     0                             0

POWER_DATA_TLB_W_TAG_CORE_0                                     0                             0

POWER_INT_REGFILE_R_CORE_0                                   9499                          9499

POWER_INT_REGFILE_W_CORE_0                                   7709                          7709

POWER_FP_REGFILE_R_CORE_0                                       0                             0

POWER_FP_REGFILE_W_CORE_0                                       0                             0

POWER_GP_REGISTER_R_CORE_0                                   9499                          9499

POWER_GP_REGISTER_W_CORE_0                                   7709                          7709

POWER_FP_REGISTER_R_CORE_0                                      0                             0

POWER_FP_REGISTER_W_CORE_0                                      0                             0

POWER_SEGMENT_REGISTER_R_CORE_0                              5919                          5919

POWER_SEGMENT_REGISTER_W_CORE_0                             11838                         11838

POWER_CONTROL_REGISTER_R_CORE_0                                 0                             0

POWER_CONTROL_REGISTER_W_CORE_0                               416                           416

POWER_FLAG_REGISTER_R_CORE_0                                    0                             0

POWER_FLAG_REGISTER_W_CORE_0                                  256                           256

POWER_EXEC_BYPASS_CORE_0                                     7709                          7709

POWER_LOAD_BYPASS_CORE_0                                        0                             0

POWER_PIPELINE_CORE_0                                        6655                          6655

POWER_DCACHE_MISS_BUF_R_CORE_0                                  0                             0

POWER_DCACHE_MISS_BUF_R_TAG_CORE_0                           5919                          5919

POWER_DCACHE_MISS_BUF_W_CORE_0                               5919                          5919

POWER_DCACHE_MISS_BUF_W_TAG_CORE_0                              0                             0

POWER_DCACHE_LINEFILL_BUF_R_CORE_0                              0                             0

POWER_L2CACHE_LINEFILL_BUF_R_CORE_0                             0                             0

POWER_DCACHE_LINEFILL_BUF_W_CORE_0                              0                             0

POWER_L2CACHE_LINEFILL_BUF_W_CORE_0                             0                             0

POWER_DCACHE_LINEFILL_BUF_R_TAG_CORE_0                          0                             0

POWER_L2CACHE_LINEFILL_BUF_R_TAG_CORE_0                         0                             0

POWER_DCACHE_LINEFILL_BUF_W_TAG_CORE_0                          0                             0

POWER_DCACHE_WB_BUF_R_CORE_0                                    0                             0

POWER_L2CACHE_WB_BUF_R_CORE_0                                   0                             0

POWER_DCACHE_WB_BUF_W_CORE_0                                    0                             0

POWER_L2CACHE_WB_BUF_W_CORE_0                                   0                             0

POWER_DCACHE_WB_BUF_R_TAG_CORE_0                                0                             0

POWER_L2CACHE_WB_BUF_R_TAG_CORE_0                               0                             0

POWER_DCACHE_WB_BUF_W_TAG_CORE_0                                0                             0

POWER_DCACHE_R_CORE_0                                           0                             0

POWER_L2CACHE_R_CORE_0                                          0                             0

POWER_DCACHE_W_CORE_0                                           0                             0

POWER_L2CACHE_W_CORE_0                                          0                             0

POWER_DCACHE_R_TAG_CORE_0                                       0                             0

POWER_L2CACHE_R_TAG_CORE_0                                      0                             0

POWER_CONST_CACHE_R_CORE_0                                      0                             0

POWER_CONST_CACHE_W_CORE_0                                      0                             0

POWER_CONST_CACHE_R_TAG_CORE_0                                  0                             0

POWER_CONST_CACHE_W_TAG_CORE_0                                  0                             0

POWER_TEXTURE_CACHE_R_CORE_0                                    0                             0

POWER_TEXTURE_CACHE_W_CORE_0                                    0                             0

POWER_TEXTURE_CACHE_R_TAG_CORE_0                                0                             0

POWER_TEXTURE_CACHE_W_TAG_CORE_0                                0                             0

POWER_SHARED_MEM_R_CORE_0                                       0                             0

POWER_SHARED_MEM_W_CORE_0                                       0                             0

POWER_SHARED_MEM_R_TAG_CORE_0                                   0                             0

POWER_SHARED_MEM_W_TAG_CORE_0                                   0                             0

POWER_BLOCK_STATES_R_CORE_1                                     0                             0

POWER_BLOCK_STATES_W_CORE_1                                     0                             0

POWER_FETCH_QUEUE_R_CORE_1                                      0                             0

POWER_FETCH_QUEUE_W_CORE_1                                      0                             0

POWER_INST_QUEUE_R_CORE_1                                       0                             0

POWER_INST_QUEUE_W_CORE_1                                       0                             0

POWER_BR_PRED_R_CORE_1                                          0                             0

POWER_BR_PRED_W_CORE_1                                          0                             0

POWER_RAS_R_CORE_1                                              0                             0

POWER_RAS_W_CORE_1                                              0                             0

POWER_ICACHE_R_CORE_1                                           0                             0

POWER_ICACHE_W_CORE_1                                           0                             0

POWER_ICACHE_R_TAG_CORE_1                                       0                             0

POWER_ICACHE_MISS_BUF_R_CORE_1                                  0                             0

POWER_ICACHE_MISS_BUF_W_CORE_1                                  0                             0

POWER_ICACHE_MISS_BUF_R_TAG_CORE_1                              0                             0

POWER_ICACHE_MISS_BUF_W_TAG_CORE_1                              0                             0

POWER_ICACHE_TOT_ACC_CORE_1                                     0                             0

POWER_ICACHE_CONF_CORE_1                                        0                             0

POWER_INST_DECODER_R_CORE_1                                     0                             0

POWER_INST_DECODER_W_CORE_1                                     0                             0

POWER_MICRO_OP_SEQ_R_CORE_1                                     0                             0

POWER_MICRO_OP_SEQ_W_CORE_1                                     0                             0

POWER_OPERAND_DECODER_R_CORE_1                                  0                             0

POWER_OPERAND_DECODER_W_CORE_1                                  0                             0

POWER_UOP_QUEUE_R_CORE_1                                        0                             0

POWER_UOP_QUEUE_W_CORE_1                                        0                             0

POWER_REG_RENAMING_TABLE_R_CORE_1                               0                             0

POWER_REG_RENAMING_TABLE_W_CORE_1                               0                             0

POWER_DEP_CHECK_LOGIC_R_CORE_1                                  0                             0

POWER_FREELIST_R_CORE_1                                         0                             0

POWER_FREELIST_W_CORE_1                                         0                             0

POWER_RESERVATION_STATION_R_CORE_1                              0                             0

POWER_RESERVATION_STATION_W_CORE_1                              0                             0

POWER_RESERVATION_STATION_R_TAG_CORE_1                          0                             0

POWER_RESERVATION_STATION_W_TAG_CORE_1                          0                             0

POWER_INST_ISSUE_SEL_LOGIC_R_CORE_1                             0                             0

POWER_INST_ISSUE_SEL_LOGIC_W_CORE_1                             0                             0

POWER_PAYLOAD_RAM_R_CORE_1                                      0                             0

POWER_PAYLOAD_RAM_W_CORE_1                                      0                             0

POWER_EX_ALU_R_CORE_1                                           0                             0

POWER_EX_FPU_R_CORE_1                                           0                             0

POWER_EX_MUL_R_CORE_1                                           0                             0

POWER_EX_SFU_R_CORE_1                                           0                             0

POWER_REORDER_BUF_R_CORE_1                                      0                             0

POWER_REORDER_BUF_W_CORE_1                                      0                             0

POWER_INST_COMMIT_SEL_LOGIC_R_CORE_1                            0                             0

POWER_INST_COMMIT_SEL_LOGIC_W_CORE_1                            0                             0

POWER_FP_RENAME_R_CORE_1                                        0                             0

POWER_FP_RENAME_W_CORE_1                                        0                             0

POWER_LOAD_QUEUE_R_CORE_1                                       0                             0

POWER_LOAD_QUEUE_W_CORE_1                                       0                             0

POWER_LOAD_QUEUE_R_TAG_CORE_1                                   0                             0

POWER_LOAD_QUEUE_W_TAG_CORE_1                                   0                             0

POWER_STORE_QUEUE_R_CORE_1                                      0                             0

POWER_STORE_QUEUE_W_CORE_1                                      0                             0

POWER_STORE_QUEUE_R_TAG_CORE_1                                  0                             0

POWER_STORE_QUEUE_W_TAG_CORE_1                                  0                             0

POWER_DATA_TLB_R_CORE_1                                         0                             0

POWER_DATA_TLB_W_CORE_1                                         0                             0

POWER_DATA_TLB_R_TAG_CORE_1                                     0                             0

POWER_DATA_TLB_W_TAG_CORE_1                                     0                             0

POWER_INT_REGFILE_R_CORE_1                                      0                             0

POWER_INT_REGFILE_W_CORE_1                                      0                             0

POWER_FP_REGFILE_R_CORE_1                                       0                             0

POWER_FP_REGFILE_W_CORE_1                                       0                             0

POWER_GP_REGISTER_R_CORE_1                                      0                             0

POWER_GP_REGISTER_W_CORE_1                                      0                             0

POWER_FP_REGISTER_R_CORE_1                                      0                             0

POWER_FP_REGISTER_W_CORE_1                                      0                             0

POWER_SEGMENT_REGISTER_R_CORE_1                                 0                             0

POWER_SEGMENT_REGISTER_W_CORE_1                                 0                             0

POWER_CONTROL_REGISTER_R_CORE_1                                 0                             0

POWER_CONTROL_REGISTER_W_CORE_1                                 0                             0

POWER_FLAG_REGISTER_R_CORE_1                                    0                             0

POWER_FLAG_REGISTER_W_CORE_1                                    0                             0

POWER_EXEC_BYPASS_CORE_1                                        0                             0

POWER_LOAD_BYPASS_CORE_1                                        0                             0

POWER_PIPELINE_CORE_1                                           0                             0

POWER_DCACHE_MISS_BUF_R_CORE_1                                  0                             0

POWER_DCACHE_MISS_BUF_R_TAG_CORE_1                              0                             0

POWER_DCACHE_MISS_BUF_W_CORE_1                                  0                             0

POWER_DCACHE_MISS_BUF_W_TAG_CORE_1                              0                             0

POWER_DCACHE_LINEFILL_BUF_R_CORE_1                              0                             0

POWER_L2CACHE_LINEFILL_BUF_R_CORE_1                             0                             0

POWER_DCACHE_LINEFILL_BUF_W_CORE_1                              0                             0

POWER_L2CACHE_LINEFILL_BUF_W_CORE_1                             0                             0

POWER_DCACHE_LINEFILL_BUF_R_TAG_CORE_1                          0                             0

POWER_L2CACHE_LINEFILL_BUF_R_TAG_CORE_1                         0                             0

POWER_DCACHE_LINEFILL_BUF_W_TAG_CORE_1                          0                             0

POWER_DCACHE_WB_BUF_R_CORE_1                                    0                             0

POWER_L2CACHE_WB_BUF_R_CORE_1                                   0                             0

POWER_DCACHE_WB_BUF_W_CORE_1                                    0                             0

POWER_L2CACHE_WB_BUF_W_CORE_1                                   0                             0

POWER_DCACHE_WB_BUF_R_TAG_CORE_1                                0                             0

POWER_L2CACHE_WB_BUF_R_TAG_CORE_1                               0                             0

POWER_DCACHE_WB_BUF_W_TAG_CORE_1                                0                             0

POWER_DCACHE_R_CORE_1                                           0                             0

POWER_L2CACHE_R_CORE_1                                          0                             0

POWER_DCACHE_W_CORE_1                                           0                             0

POWER_L2CACHE_W_CORE_1                                          0                             0

POWER_DCACHE_R_TAG_CORE_1                                       0                             0

POWER_L2CACHE_R_TAG_CORE_1                                      0                             0

POWER_CONST_CACHE_R_CORE_1                                      0                             0

POWER_CONST_CACHE_W_CORE_1                                      0                             0

POWER_CONST_CACHE_R_TAG_CORE_1                                  0                             0

POWER_CONST_CACHE_W_TAG_CORE_1                                  0                             0

POWER_TEXTURE_CACHE_R_CORE_1                                    0                             0

POWER_TEXTURE_CACHE_W_CORE_1                                    0                             0

POWER_TEXTURE_CACHE_R_TAG_CORE_1                                0                             0

POWER_TEXTURE_CACHE_W_TAG_CORE_1                                0                             0

POWER_SHARED_MEM_R_CORE_1                                       0                             0

POWER_SHARED_MEM_W_CORE_1                                       0                             0

POWER_SHARED_MEM_R_TAG_CORE_1                                   0                             0

POWER_SHARED_MEM_W_TAG_CORE_1                                   0                             0

POWER_BLOCK_STATES_R_CORE_2                                479952                        479952

POWER_BLOCK_STATES_W_CORE_2                                479952                        479952

POWER_FETCH_QUEUE_R_CORE_2                                1841822                       1841822

POWER_FETCH_QUEUE_W_CORE_2                                1841822                       1841822

POWER_INST_QUEUE_R_CORE_2                                 1841822                       1841822

POWER_INST_QUEUE_W_CORE_2                                 1841822                       1841822

POWER_BR_PRED_R_CORE_2                                      67584                         67584

POWER_BR_PRED_W_CORE_2                                      67584                         67584

POWER_RAS_R_CORE_2                                              0                             0

POWER_RAS_W_CORE_2                                             32                            32

POWER_ICACHE_R_CORE_2                                       11739                         11739

POWER_ICACHE_W_CORE_2                                           0                             0

POWER_ICACHE_R_TAG_CORE_2                                   11739                         11739

POWER_ICACHE_MISS_BUF_R_CORE_2                                  0                             0

POWER_ICACHE_MISS_BUF_W_CORE_2                                  0                             0

POWER_ICACHE_MISS_BUF_R_TAG_CORE_2                              0                             0

POWER_ICACHE_MISS_BUF_W_TAG_CORE_2                              0                             0

POWER_ICACHE_TOT_ACC_CORE_2                                     0                             0

POWER_ICACHE_CONF_CORE_2                                        0                             0

POWER_INST_DECODER_R_CORE_2                               1540575                       1540575

POWER_INST_DECODER_W_CORE_2                                     0                             0

POWER_MICRO_OP_SEQ_R_CORE_2                                     0                             0

POWER_MICRO_OP_SEQ_W_CORE_2                                     0                             0

POWER_OPERAND_DECODER_R_CORE_2                            1540575                       1540575

POWER_OPERAND_DECODER_W_CORE_2                                  0                             0

POWER_UOP_QUEUE_R_CORE_2                                  1841822                       1841822

POWER_UOP_QUEUE_W_CORE_2                                  1841822                       1841822

POWER_REG_RENAMING_TABLE_R_CORE_2                         1841822                       1841822

POWER_REG_RENAMING_TABLE_W_CORE_2                         1841822                       1841822

POWER_DEP_CHECK_LOGIC_R_CORE_2                            1841822                       1841822

POWER_FREELIST_R_CORE_2                                   1841822                       1841822

POWER_FREELIST_W_CORE_2                                   1841822                       1841822

POWER_RESERVATION_STATION_R_CORE_2                        3471619                       3471619

POWER_RESERVATION_STATION_W_CORE_2                        1841822                       1841822

POWER_RESERVATION_STATION_R_TAG_CORE_2                    3471619                       3471619

POWER_RESERVATION_STATION_W_TAG_CORE_2                          0                             0

POWER_INST_ISSUE_SEL_LOGIC_R_CORE_2                       3471619                       3471619

POWER_INST_ISSUE_SEL_LOGIC_W_CORE_2                       1841822                       1841822

POWER_PAYLOAD_RAM_R_CORE_2                                3471619                       3471619

POWER_PAYLOAD_RAM_W_CORE_2                                1841822                       1841822

POWER_EX_ALU_R_CORE_2                                      625758                        625758

POWER_EX_FPU_R_CORE_2                                       49152                         49152

POWER_EX_MUL_R_CORE_2                                       57344                         57344

POWER_EX_SFU_R_CORE_2                                           0                             0

POWER_REORDER_BUF_R_CORE_2                                1841822                       1841822

POWER_REORDER_BUF_W_CORE_2                                3683644                       3683644

POWER_INST_COMMIT_SEL_LOGIC_R_CORE_2                      1841822                       1841822

POWER_INST_COMMIT_SEL_LOGIC_W_CORE_2                      1841822                       1841822

POWER_FP_RENAME_R_CORE_2                                   198688                        198688

POWER_FP_RENAME_W_CORE_2                                        0                             0

POWER_LOAD_QUEUE_R_CORE_2                                  958072                        958072

POWER_LOAD_QUEUE_W_CORE_2                                  958072                        958072

POWER_LOAD_QUEUE_R_TAG_CORE_2                              958072                        958072

POWER_LOAD_QUEUE_W_TAG_CORE_2                                   0                             0

POWER_STORE_QUEUE_R_CORE_2                                 716149                        716149

POWER_STORE_QUEUE_W_CORE_2                                 716149                        716149

POWER_STORE_QUEUE_R_TAG_CORE_2                             716149                        716149

POWER_STORE_QUEUE_W_TAG_CORE_2                                  0                             0

POWER_DATA_TLB_R_CORE_2                                    958072                        958072

POWER_DATA_TLB_W_CORE_2                                         0                             0

POWER_DATA_TLB_R_TAG_CORE_2                                     0                             0

POWER_DATA_TLB_W_TAG_CORE_2                                     0                             0

POWER_INT_REGFILE_R_CORE_2                                2475772                       2475772

POWER_INT_REGFILE_W_CORE_2                                1792670                       1792670

POWER_FP_REGFILE_R_CORE_2                                   90112                         90112

POWER_FP_REGFILE_W_CORE_2                                   49152                         49152

POWER_GP_REGISTER_R_CORE_2                                2475772                       2475772

POWER_GP_REGISTER_W_CORE_2                                1792670                       1792670

POWER_FP_REGISTER_R_CORE_2                                  98304                         98304

POWER_FP_REGISTER_W_CORE_2                                  49152                         49152

POWER_SEGMENT_REGISTER_R_CORE_2                           1109568                       1109568

POWER_SEGMENT_REGISTER_W_CORE_2                           2208896                       2208896

POWER_CONTROL_REGISTER_R_CORE_2                                 0                             0

POWER_CONTROL_REGISTER_W_CORE_2                             23040                         23040

POWER_FLAG_REGISTER_R_CORE_2                                    0                             0

POWER_FLAG_REGISTER_W_CORE_2                               461120                        461120

POWER_EXEC_BYPASS_CORE_2                                  1841822                       1841822

POWER_LOAD_BYPASS_CORE_2                                        0                             0

POWER_PIPELINE_CORE_2                                     1540575                       1540575

POWER_DCACHE_MISS_BUF_R_CORE_2                                  0                             0

POWER_DCACHE_MISS_BUF_R_TAG_CORE_2                          44424                         44424

POWER_DCACHE_MISS_BUF_W_CORE_2                              44424                         44424

POWER_DCACHE_MISS_BUF_W_TAG_CORE_2                              0                             0

POWER_DCACHE_LINEFILL_BUF_R_CORE_2                              0                             0

POWER_L2CACHE_LINEFILL_BUF_R_CORE_2                             0                             0

POWER_DCACHE_LINEFILL_BUF_W_CORE_2                              0                             0

POWER_L2CACHE_LINEFILL_BUF_W_CORE_2                             0                             0

POWER_DCACHE_LINEFILL_BUF_R_TAG_CORE_2                          0                             0

POWER_L2CACHE_LINEFILL_BUF_R_TAG_CORE_2                         0                             0

POWER_DCACHE_LINEFILL_BUF_W_TAG_CORE_2                          0                             0

POWER_DCACHE_WB_BUF_R_CORE_2                                    0                             0

POWER_L2CACHE_WB_BUF_R_CORE_2                                   0                             0

POWER_DCACHE_WB_BUF_W_CORE_2                                    0                             0

POWER_L2CACHE_WB_BUF_W_CORE_2                                   0                             0

POWER_DCACHE_WB_BUF_R_TAG_CORE_2                                0                             0

POWER_L2CACHE_WB_BUF_R_TAG_CORE_2                               0                             0

POWER_DCACHE_WB_BUF_W_TAG_CORE_2                                0                             0

POWER_DCACHE_R_CORE_2                                           0                             0

POWER_L2CACHE_R_CORE_2                                          0                             0

POWER_DCACHE_W_CORE_2                                           0                             0

POWER_L2CACHE_W_CORE_2                                          0                             0

POWER_DCACHE_R_TAG_CORE_2                                       0                             0

POWER_L2CACHE_R_TAG_CORE_2                                      0                             0

POWER_CONST_CACHE_R_CORE_2                                      0                             0

POWER_CONST_CACHE_W_CORE_2                                      0                             0

POWER_CONST_CACHE_R_TAG_CORE_2                                  0                             0

POWER_CONST_CACHE_W_TAG_CORE_2                                  0                             0

POWER_TEXTURE_CACHE_R_CORE_2                                    0                             0

POWER_TEXTURE_CACHE_W_CORE_2                                    0                             0

POWER_TEXTURE_CACHE_R_TAG_CORE_2                                0                             0

POWER_TEXTURE_CACHE_W_TAG_CORE_2                                0                             0

POWER_SHARED_MEM_R_CORE_2                                       0                             0

POWER_SHARED_MEM_W_CORE_2                                       0                             0

POWER_SHARED_MEM_R_TAG_CORE_2                                   0                             0

POWER_SHARED_MEM_W_TAG_CORE_2                                   0                             0

POWER_BLOCK_STATES_R_CORE_3                                151108                        151108

POWER_BLOCK_STATES_W_CORE_3                                151108                        151108

POWER_FETCH_QUEUE_R_CORE_3                                 542846                        542846

POWER_FETCH_QUEUE_W_CORE_3                                 542846                        542846

POWER_INST_QUEUE_R_CORE_3                                  542846                        542846

POWER_INST_QUEUE_W_CORE_3                                  542846                        542846

POWER_BR_PRED_R_CORE_3                                      53248                         53248

POWER_BR_PRED_W_CORE_3                                      53248                         53248

POWER_RAS_R_CORE_3                                              0                             0

POWER_RAS_W_CORE_3                                             32                            32

POWER_ICACHE_R_CORE_3                                        3526                          3526

POWER_ICACHE_W_CORE_3                                           0                             0

POWER_ICACHE_R_TAG_CORE_3                                    3526                          3526

POWER_ICACHE_MISS_BUF_R_CORE_3                                  0                             0

POWER_ICACHE_MISS_BUF_W_CORE_3                                  0                             0

POWER_ICACHE_MISS_BUF_R_TAG_CORE_3                              0                             0

POWER_ICACHE_MISS_BUF_W_TAG_CORE_3                              0                             0

POWER_ICACHE_TOT_ACC_CORE_3                                     0                             0

POWER_ICACHE_CONF_CORE_3                                        0                             0

POWER_INST_DECODER_R_CORE_3                                481215                        481215

POWER_INST_DECODER_W_CORE_3                                     0                             0

POWER_MICRO_OP_SEQ_R_CORE_3                                     0                             0

POWER_MICRO_OP_SEQ_W_CORE_3                                     0                             0

POWER_OPERAND_DECODER_R_CORE_3                             481215                        481215

POWER_OPERAND_DECODER_W_CORE_3                                  0                             0

POWER_UOP_QUEUE_R_CORE_3                                   542846                        542846

POWER_UOP_QUEUE_W_CORE_3                                   542846                        542846

POWER_REG_RENAMING_TABLE_R_CORE_3                          542846                        542846

POWER_REG_RENAMING_TABLE_W_CORE_3                          542846                        542846

POWER_DEP_CHECK_LOGIC_R_CORE_3                             542846                        542846

POWER_FREELIST_R_CORE_3                                    542846                        542846

POWER_FREELIST_W_CORE_3                                    542846                        542846

POWER_RESERVATION_STATION_R_CORE_3                        1056280                       1056280

POWER_RESERVATION_STATION_W_CORE_3                         542846                        542846

POWER_RESERVATION_STATION_R_TAG_CORE_3                    1056280                       1056280

POWER_RESERVATION_STATION_W_TAG_CORE_3                          0                             0

POWER_INST_ISSUE_SEL_LOGIC_R_CORE_3                       1056280                       1056280

POWER_INST_ISSUE_SEL_LOGIC_W_CORE_3                        542846                        542846

POWER_PAYLOAD_RAM_R_CORE_3                                1056280                       1056280

POWER_PAYLOAD_RAM_W_CORE_3                                 542846                        542846

POWER_EX_ALU_R_CORE_3                                      308126                        308126

POWER_EX_FPU_R_CORE_3                                           0                             0

POWER_EX_MUL_R_CORE_3                                           0                             0

POWER_EX_SFU_R_CORE_3                                           0                             0

POWER_REORDER_BUF_R_CORE_3                                 542846                        542846

POWER_REORDER_BUF_W_CORE_3                                1085692                       1085692

POWER_INST_COMMIT_SEL_LOGIC_R_CORE_3                       542846                        542846

POWER_INST_COMMIT_SEL_LOGIC_W_CORE_3                       542846                        542846

POWER_FP_RENAME_R_CORE_3                                        0                             0

POWER_FP_RENAME_W_CORE_3                                        0                             0

POWER_LOAD_QUEUE_R_CORE_3                                   92590                         92590

POWER_LOAD_QUEUE_W_CORE_3                                   92590                         92590

POWER_LOAD_QUEUE_R_TAG_CORE_3                               92590                         92590

POWER_LOAD_QUEUE_W_TAG_CORE_3                                   0                             0

POWER_STORE_QUEUE_R_CORE_3                                 432116                        432116

POWER_STORE_QUEUE_W_CORE_3                                 432116                        432116

POWER_STORE_QUEUE_R_TAG_CORE_3                             432116                        432116

POWER_STORE_QUEUE_W_TAG_CORE_3                                  0                             0

POWER_DATA_TLB_R_CORE_3                                     92590                         92590

POWER_DATA_TLB_W_CORE_3                                         0                             0

POWER_DATA_TLB_R_TAG_CORE_3                                     0                             0

POWER_DATA_TLB_W_TAG_CORE_3                                     0                             0

POWER_INT_REGFILE_R_CORE_3                                 850972                        850972

POWER_INT_REGFILE_W_CORE_3                                 542846                        542846

POWER_FP_REGFILE_R_CORE_3                                       0                             0

POWER_FP_REGFILE_W_CORE_3                                       0                             0

POWER_GP_REGISTER_R_CORE_3                                 850972                        850972

POWER_GP_REGISTER_W_CORE_3                                 542846                        542846

POWER_FP_REGISTER_R_CORE_3                                      0                             0

POWER_FP_REGISTER_W_CORE_3                                      0                             0

POWER_SEGMENT_REGISTER_R_CORE_3                            234720                        234720

POWER_SEGMENT_REGISTER_W_CORE_3                            465344                        465344

POWER_CONTROL_REGISTER_R_CORE_3                                 0                             0

POWER_CONTROL_REGISTER_W_CORE_3                             14592                         14592

POWER_FLAG_REGISTER_R_CORE_3                                    0                             0

POWER_FLAG_REGISTER_W_CORE_3                               176480                        176480

POWER_EXEC_BYPASS_CORE_3                                   542846                        542846

POWER_LOAD_BYPASS_CORE_3                                        0                             0

POWER_PIPELINE_CORE_3                                      481215                        481215

POWER_DCACHE_MISS_BUF_R_CORE_3                                  0                             0

POWER_DCACHE_MISS_BUF_R_TAG_CORE_3                          11272                         11272

POWER_DCACHE_MISS_BUF_W_CORE_3                              11272                         11272

POWER_DCACHE_MISS_BUF_W_TAG_CORE_3                              0                             0

POWER_DCACHE_LINEFILL_BUF_R_CORE_3                              0                             0

POWER_L2CACHE_LINEFILL_BUF_R_CORE_3                             0                             0

POWER_DCACHE_LINEFILL_BUF_W_CORE_3                              0                             0

POWER_L2CACHE_LINEFILL_BUF_W_CORE_3                             0                             0

POWER_DCACHE_LINEFILL_BUF_R_TAG_CORE_3                          0                             0

POWER_L2CACHE_LINEFILL_BUF_R_TAG_CORE_3                         0                             0

POWER_DCACHE_LINEFILL_BUF_W_TAG_CORE_3                          0                             0

POWER_DCACHE_WB_BUF_R_CORE_3                                    0                             0

POWER_L2CACHE_WB_BUF_R_CORE_3                                   0                             0

POWER_DCACHE_WB_BUF_W_CORE_3                                    0                             0

POWER_L2CACHE_WB_BUF_W_CORE_3                                   0                             0

POWER_DCACHE_WB_BUF_R_TAG_CORE_3                                0                             0

POWER_L2CACHE_WB_BUF_R_TAG_CORE_3                               0                             0

POWER_DCACHE_WB_BUF_W_TAG_CORE_3                                0                             0

POWER_DCACHE_R_CORE_3                                           0                             0

POWER_L2CACHE_R_CORE_3                                          0                             0

POWER_DCACHE_W_CORE_3                                           0                             0

POWER_L2CACHE_W_CORE_3                                          0                             0

POWER_DCACHE_R_TAG_CORE_3                                       0                             0

POWER_L2CACHE_R_TAG_CORE_3                                      0                             0

POWER_CONST_CACHE_R_CORE_3                                      0                             0

POWER_CONST_CACHE_W_CORE_3                                      0                             0

POWER_CONST_CACHE_R_TAG_CORE_3                                  0                             0

POWER_CONST_CACHE_W_TAG_CORE_3                                  0                             0

POWER_TEXTURE_CACHE_R_CORE_3                                    0                             0

POWER_TEXTURE_CACHE_W_CORE_3                                    0                             0

POWER_TEXTURE_CACHE_R_TAG_CORE_3                                0                             0

POWER_TEXTURE_CACHE_W_TAG_CORE_3                                0                             0

POWER_SHARED_MEM_R_CORE_3                                       0                             0

POWER_SHARED_MEM_W_CORE_3                                       0                             0

POWER_SHARED_MEM_R_TAG_CORE_3                                   0                             0

POWER_SHARED_MEM_W_TAG_CORE_3                                   0                             0

POWER_BLOCK_STATES_R_CORE_4                                421256                        421256

POWER_BLOCK_STATES_W_CORE_4                                421256                        421256

POWER_FETCH_QUEUE_R_CORE_4                                1929246                       1929246

POWER_FETCH_QUEUE_W_CORE_4                                1929246                       1929246

POWER_INST_QUEUE_R_CORE_4                                 1929246                       1929246

POWER_INST_QUEUE_W_CORE_4                                 1929246                       1929246

POWER_BR_PRED_R_CORE_4                                      83968                         83968

POWER_BR_PRED_W_CORE_4                                      83968                         83968

POWER_RAS_R_CORE_4                                              0                             0

POWER_RAS_W_CORE_4                                             32                            32

POWER_ICACHE_R_CORE_4                                       12066                         12066

POWER_ICACHE_W_CORE_4                                           0                             0

POWER_ICACHE_R_TAG_CORE_4                                   12066                         12066

POWER_ICACHE_MISS_BUF_R_CORE_4                                  0                             0

POWER_ICACHE_MISS_BUF_W_CORE_4                                  0                             0

POWER_ICACHE_MISS_BUF_R_TAG_CORE_4                              0                             0

POWER_ICACHE_MISS_BUF_W_TAG_CORE_4                              0                             0

POWER_ICACHE_TOT_ACC_CORE_4                                     0                             0

POWER_ICACHE_CONF_CORE_4                                        0                             0

POWER_INST_DECODER_R_CORE_4                               1621855                       1621855

POWER_INST_DECODER_W_CORE_4                                     0                             0

POWER_MICRO_OP_SEQ_R_CORE_4                                     0                             0

POWER_MICRO_OP_SEQ_W_CORE_4                                     0                             0

POWER_OPERAND_DECODER_R_CORE_4                            1621855                       1621855

POWER_OPERAND_DECODER_W_CORE_4                                  0                             0

POWER_UOP_QUEUE_R_CORE_4                                  1929246                       1929246

POWER_UOP_QUEUE_W_CORE_4                                  1929246                       1929246

POWER_REG_RENAMING_TABLE_R_CORE_4                         1929246                       1929246

POWER_REG_RENAMING_TABLE_W_CORE_4                         1929246                       1929246

POWER_DEP_CHECK_LOGIC_R_CORE_4                            1929246                       1929246

POWER_FREELIST_R_CORE_4                                   1929246                       1929246

POWER_FREELIST_W_CORE_4                                   1929246                       1929246

POWER_RESERVATION_STATION_R_CORE_4                        3826845                       3826845

POWER_RESERVATION_STATION_W_CORE_4                        1929246                       1929246

POWER_RESERVATION_STATION_R_TAG_CORE_4                    3826845                       3826845

POWER_RESERVATION_STATION_W_TAG_CORE_4                          0                             0

POWER_INST_ISSUE_SEL_LOGIC_R_CORE_4                       3826845                       3826845

POWER_INST_ISSUE_SEL_LOGIC_W_CORE_4                       1929246                       1929246

POWER_PAYLOAD_RAM_R_CORE_4                                3826845                       3826845

POWER_PAYLOAD_RAM_W_CORE_4                                1929246                       1929246

POWER_EX_ALU_R_CORE_4                                      715646                        715646

POWER_EX_FPU_R_CORE_4                                       49152                         49152

POWER_EX_MUL_R_CORE_4                                       57344                         57344

POWER_EX_SFU_R_CORE_4                                           0                             0

POWER_REORDER_BUF_R_CORE_4                                1929246                       1929246

POWER_REORDER_BUF_W_CORE_4                                3858492                       3858492

POWER_INST_COMMIT_SEL_LOGIC_R_CORE_4                      1929246                       1929246

POWER_INST_COMMIT_SEL_LOGIC_W_CORE_4                      1929246                       1929246

POWER_FP_RENAME_R_CORE_4                                   198688                        198688

POWER_FP_RENAME_W_CORE_4                                        0                             0

POWER_LOAD_QUEUE_R_CORE_4                                 1015412                       1015412

POWER_LOAD_QUEUE_W_CORE_4                                 1015412                       1015412

POWER_LOAD_QUEUE_R_TAG_CORE_4                             1015412                       1015412

POWER_LOAD_QUEUE_W_TAG_CORE_4                                   0                             0

POWER_STORE_QUEUE_R_CORE_4                                 924571                        924571

POWER_STORE_QUEUE_W_CORE_4                                 924571                        924571

POWER_STORE_QUEUE_R_TAG_CORE_4                             924571                        924571

POWER_STORE_QUEUE_W_TAG_CORE_4                                  0                             0

POWER_DATA_TLB_R_CORE_4                                   1015412                       1015412

POWER_DATA_TLB_W_CORE_4                                         0                             0

POWER_DATA_TLB_R_TAG_CORE_4                                     0                             0

POWER_DATA_TLB_W_TAG_CORE_4                                     0                             0

POWER_INT_REGFILE_R_CORE_4                                2653084                       2653084

POWER_INT_REGFILE_W_CORE_4                                1880094                       1880094

POWER_FP_REGFILE_R_CORE_4                                   90112                         90112

POWER_FP_REGFILE_W_CORE_4                                   49152                         49152

POWER_GP_REGISTER_R_CORE_4                                2653084                       2653084

POWER_GP_REGISTER_W_CORE_4                                1880094                       1880094

POWER_FP_REGISTER_R_CORE_4                                  98304                         98304

POWER_FP_REGISTER_W_CORE_4                                  49152                         49152

POWER_SEGMENT_REGISTER_R_CORE_4                           1107104                       1107104

POWER_SEGMENT_REGISTER_W_CORE_4                           2206016                       2206016

POWER_CONTROL_REGISTER_R_CORE_4                                 0                             0

POWER_CONTROL_REGISTER_W_CORE_4                             27072                         27072

POWER_FLAG_REGISTER_R_CORE_4                                    0                             0

POWER_FLAG_REGISTER_W_CORE_4                               514144                        514144

POWER_EXEC_BYPASS_CORE_4                                  1929246                       1929246

POWER_LOAD_BYPASS_CORE_4                                        0                             0

POWER_PIPELINE_CORE_4                                     1621855                       1621855

POWER_DCACHE_MISS_BUF_R_CORE_4                                  0                             0

POWER_DCACHE_MISS_BUF_R_TAG_CORE_4                          42384                         42384

POWER_DCACHE_MISS_BUF_W_CORE_4                              42384                         42384

POWER_DCACHE_MISS_BUF_W_TAG_CORE_4                              0                             0

POWER_DCACHE_LINEFILL_BUF_R_CORE_4                              0                             0

POWER_L2CACHE_LINEFILL_BUF_R_CORE_4                             0                             0

POWER_DCACHE_LINEFILL_BUF_W_CORE_4                              0                             0

POWER_L2CACHE_LINEFILL_BUF_W_CORE_4                             0                             0

POWER_DCACHE_LINEFILL_BUF_R_TAG_CORE_4                          0                             0

POWER_L2CACHE_LINEFILL_BUF_R_TAG_CORE_4                         0                             0

POWER_DCACHE_LINEFILL_BUF_W_TAG_CORE_4                          0                             0

POWER_DCACHE_WB_BUF_R_CORE_4                                    0                             0

POWER_L2CACHE_WB_BUF_R_CORE_4                                   0                             0

POWER_DCACHE_WB_BUF_W_CORE_4                                    0                             0

POWER_L2CACHE_WB_BUF_W_CORE_4                                   0                             0

POWER_DCACHE_WB_BUF_R_TAG_CORE_4                                0                             0

POWER_L2CACHE_WB_BUF_R_TAG_CORE_4                               0                             0

POWER_DCACHE_WB_BUF_W_TAG_CORE_4                                0                             0

POWER_DCACHE_R_CORE_4                                           0                             0

POWER_L2CACHE_R_CORE_4                                          0                             0

POWER_DCACHE_W_CORE_4                                           0                             0

POWER_L2CACHE_W_CORE_4                                          0                             0

POWER_DCACHE_R_TAG_CORE_4                                       0                             0

POWER_L2CACHE_R_TAG_CORE_4                                      0                             0

POWER_CONST_CACHE_R_CORE_4                                      0                             0

POWER_CONST_CACHE_W_CORE_4                                      0                             0

POWER_CONST_CACHE_R_TAG_CORE_4                                  0                             0

POWER_CONST_CACHE_W_TAG_CORE_4                                  0                             0

POWER_TEXTURE_CACHE_R_CORE_4                                    0                             0

POWER_TEXTURE_CACHE_W_CORE_4                                    0                             0

POWER_TEXTURE_CACHE_R_TAG_CORE_4                                0                             0

POWER_TEXTURE_CACHE_W_TAG_CORE_4                                0                             0

POWER_SHARED_MEM_R_CORE_4                                       0                             0

POWER_SHARED_MEM_W_CORE_4                                       0                             0

POWER_SHARED_MEM_R_TAG_CORE_4                                   0                             0

POWER_SHARED_MEM_W_TAG_CORE_4                                   0                             0

POWER_BLOCK_STATES_R_CORE_5                                213881                        213881

POWER_BLOCK_STATES_W_CORE_5                                213881                        213881

POWER_FETCH_QUEUE_R_CORE_5                                 583678                        583678

POWER_FETCH_QUEUE_W_CORE_5                                 583678                        583678

POWER_INST_QUEUE_R_CORE_5                                  583678                        583678

POWER_INST_QUEUE_W_CORE_5                                  583678                        583678

POWER_BR_PRED_R_CORE_5                                      53248                         53248

POWER_BR_PRED_W_CORE_5                                      53248                         53248

POWER_RAS_R_CORE_5                                              0                             0

POWER_RAS_W_CORE_5                                             32                            32

POWER_ICACHE_R_CORE_5                                        3936                          3936

POWER_ICACHE_W_CORE_5                                           0                             0

POWER_ICACHE_R_TAG_CORE_5                                    3936                          3936

POWER_ICACHE_MISS_BUF_R_CORE_5                                  0                             0

POWER_ICACHE_MISS_BUF_W_CORE_5                                  0                             0

POWER_ICACHE_MISS_BUF_R_TAG_CORE_5                              0                             0

POWER_ICACHE_MISS_BUF_W_TAG_CORE_5                              0                             0

POWER_ICACHE_TOT_ACC_CORE_5                                     0                             0

POWER_ICACHE_CONF_CORE_5                                        0                             0

POWER_INST_DECODER_R_CORE_5                                515903                        515903

POWER_INST_DECODER_W_CORE_5                                     0                             0

POWER_MICRO_OP_SEQ_R_CORE_5                                     0                             0

POWER_MICRO_OP_SEQ_W_CORE_5                                     0                             0

POWER_OPERAND_DECODER_R_CORE_5                             515903                        515903

POWER_OPERAND_DECODER_W_CORE_5                                  0                             0

POWER_UOP_QUEUE_R_CORE_5                                   583678                        583678

POWER_UOP_QUEUE_W_CORE_5                                   583678                        583678

POWER_REG_RENAMING_TABLE_R_CORE_5                          583678                        583678

POWER_REG_RENAMING_TABLE_W_CORE_5                          583678                        583678

POWER_DEP_CHECK_LOGIC_R_CORE_5                             583678                        583678

POWER_FREELIST_R_CORE_5                                    583678                        583678

POWER_FREELIST_W_CORE_5                                    583678                        583678

POWER_RESERVATION_STATION_R_CORE_5                        1266347                       1266347

POWER_RESERVATION_STATION_W_CORE_5                         583678                        583678

POWER_RESERVATION_STATION_R_TAG_CORE_5                    1266347                       1266347

POWER_RESERVATION_STATION_W_TAG_CORE_5                          0                             0

POWER_INST_ISSUE_SEL_LOGIC_R_CORE_5                       1266347                       1266347

POWER_INST_ISSUE_SEL_LOGIC_W_CORE_5                        583678                        583678

POWER_PAYLOAD_RAM_R_CORE_5                                1266347                       1266347

POWER_PAYLOAD_RAM_W_CORE_5                                 583678                        583678

POWER_EX_ALU_R_CORE_5                                      314238                        314238

POWER_EX_FPU_R_CORE_5                                           0                             0

POWER_EX_MUL_R_CORE_5                                           0                             0

POWER_EX_SFU_R_CORE_5                                           0                             0

POWER_REORDER_BUF_R_CORE_5                                 583678                        583678

POWER_REORDER_BUF_W_CORE_5                                1167356                       1167356

POWER_INST_COMMIT_SEL_LOGIC_R_CORE_5                       583678                        583678

POWER_INST_COMMIT_SEL_LOGIC_W_CORE_5                       583678                        583678

POWER_FP_RENAME_R_CORE_5                                        0                             0

POWER_FP_RENAME_W_CORE_5                                        0                             0

POWER_LOAD_QUEUE_R_CORE_5                                  167305                        167305

POWER_LOAD_QUEUE_W_CORE_5                                  167305                        167305

POWER_LOAD_QUEUE_R_TAG_CORE_5                              167305                        167305

POWER_LOAD_QUEUE_W_TAG_CORE_5                                   0                             0

POWER_STORE_QUEUE_R_CORE_5                                 529692                        529692

POWER_STORE_QUEUE_W_CORE_5                                 529692                        529692

POWER_STORE_QUEUE_R_TAG_CORE_5                             529692                        529692

POWER_STORE_QUEUE_W_TAG_CORE_5                                  0                             0

POWER_DATA_TLB_R_CORE_5                                    167305                        167305

POWER_DATA_TLB_W_CORE_5                                         0                             0

POWER_DATA_TLB_R_TAG_CORE_5                                     0                             0

POWER_DATA_TLB_W_TAG_CORE_5                                     0                             0

POWER_INT_REGFILE_R_CORE_5                                 897916                        897916

POWER_INT_REGFILE_W_CORE_5                                 583678                        583678

POWER_FP_REGFILE_R_CORE_5                                       0                             0

POWER_FP_REGFILE_W_CORE_5                                       0                             0

POWER_GP_REGISTER_R_CORE_5                                 897916                        897916

POWER_GP_REGISTER_W_CORE_5                                 583678                        583678

POWER_FP_REGISTER_R_CORE_5                                      0                             0

POWER_FP_REGISTER_W_CORE_5                                      0                             0

POWER_SEGMENT_REGISTER_R_CORE_5                            269440                        269440

POWER_SEGMENT_REGISTER_W_CORE_5                            532736                        532736

POWER_CONTROL_REGISTER_R_CORE_5                                 0                             0

POWER_CONTROL_REGISTER_W_CORE_5                             26912                         26912

POWER_FLAG_REGISTER_R_CORE_5                                    0                             0

POWER_FLAG_REGISTER_W_CORE_5                               174400                        174400

POWER_EXEC_BYPASS_CORE_5                                   583678                        583678

POWER_LOAD_BYPASS_CORE_5                                        0                             0

POWER_PIPELINE_CORE_5                                      515903                        515903

POWER_DCACHE_MISS_BUF_R_CORE_5                                  0                             0

POWER_DCACHE_MISS_BUF_R_TAG_CORE_5                          14328                         14328

POWER_DCACHE_MISS_BUF_W_CORE_5                              14328                         14328

POWER_DCACHE_MISS_BUF_W_TAG_CORE_5                              0                             0

POWER_DCACHE_LINEFILL_BUF_R_CORE_5                              0                             0

POWER_L2CACHE_LINEFILL_BUF_R_CORE_5                             0                             0

POWER_DCACHE_LINEFILL_BUF_W_CORE_5                              0                             0

POWER_L2CACHE_LINEFILL_BUF_W_CORE_5                             0                             0

POWER_DCACHE_LINEFILL_BUF_R_TAG_CORE_5                          0                             0

POWER_L2CACHE_LINEFILL_BUF_R_TAG_CORE_5                         0                             0

POWER_DCACHE_LINEFILL_BUF_W_TAG_CORE_5                          0                             0

POWER_DCACHE_WB_BUF_R_CORE_5                                    0                             0

POWER_L2CACHE_WB_BUF_R_CORE_5                                   0                             0

POWER_DCACHE_WB_BUF_W_CORE_5                                    0                             0

POWER_L2CACHE_WB_BUF_W_CORE_5                                   0                             0

POWER_DCACHE_WB_BUF_R_TAG_CORE_5                                0                             0

POWER_L2CACHE_WB_BUF_R_TAG_CORE_5                               0                             0

POWER_DCACHE_WB_BUF_W_TAG_CORE_5                                0                             0

POWER_DCACHE_R_CORE_5                                           0                             0

POWER_L2CACHE_R_CORE_5                                          0                             0

POWER_DCACHE_W_CORE_5                                           0                             0

POWER_L2CACHE_W_CORE_5                                          0                             0

POWER_DCACHE_R_TAG_CORE_5                                       0                             0

POWER_L2CACHE_R_TAG_CORE_5                                      0                             0

POWER_CONST_CACHE_R_CORE_5                                      0                             0

POWER_CONST_CACHE_W_CORE_5                                      0                             0

POWER_CONST_CACHE_R_TAG_CORE_5                                  0                             0

POWER_CONST_CACHE_W_TAG_CORE_5                                  0                             0

POWER_TEXTURE_CACHE_R_CORE_5                                    0                             0

POWER_TEXTURE_CACHE_W_CORE_5                                    0                             0

POWER_TEXTURE_CACHE_R_TAG_CORE_5                                0                             0

POWER_TEXTURE_CACHE_W_TAG_CORE_5                                0                             0

POWER_SHARED_MEM_R_CORE_5                                       0                             0

POWER_SHARED_MEM_W_CORE_5                                       0                             0

POWER_SHARED_MEM_R_TAG_CORE_5                                   0                             0

POWER_SHARED_MEM_W_TAG_CORE_5                                   0                             0

POWER_BLOCK_STATES_R_CORE_6                                213878                        213878

POWER_BLOCK_STATES_W_CORE_6                                213878                        213878

POWER_FETCH_QUEUE_R_CORE_6                                 583678                        583678

POWER_FETCH_QUEUE_W_CORE_6                                 583678                        583678

POWER_INST_QUEUE_R_CORE_6                                  583678                        583678

POWER_INST_QUEUE_W_CORE_6                                  583678                        583678

POWER_BR_PRED_R_CORE_6                                      53248                         53248

POWER_BR_PRED_W_CORE_6                                      53248                         53248

POWER_RAS_R_CORE_6                                              0                             0

POWER_RAS_W_CORE_6                                             32                            32

POWER_ICACHE_R_CORE_6                                        3938                          3938

POWER_ICACHE_W_CORE_6                                           0                             0

POWER_ICACHE_R_TAG_CORE_6                                    3938                          3938

POWER_ICACHE_MISS_BUF_R_CORE_6                                  0                             0

POWER_ICACHE_MISS_BUF_W_CORE_6                                  0                             0

POWER_ICACHE_MISS_BUF_R_TAG_CORE_6                              0                             0

POWER_ICACHE_MISS_BUF_W_TAG_CORE_6                              0                             0

POWER_ICACHE_TOT_ACC_CORE_6                                     0                             0

POWER_ICACHE_CONF_CORE_6                                        0                             0

POWER_INST_DECODER_R_CORE_6                                515903                        515903

POWER_INST_DECODER_W_CORE_6                                     0                             0

POWER_MICRO_OP_SEQ_R_CORE_6                                     0                             0

POWER_MICRO_OP_SEQ_W_CORE_6                                     0                             0

POWER_OPERAND_DECODER_R_CORE_6                             515903                        515903

POWER_OPERAND_DECODER_W_CORE_6                                  0                             0

POWER_UOP_QUEUE_R_CORE_6                                   583678                        583678

POWER_UOP_QUEUE_W_CORE_6                                   583678                        583678

POWER_REG_RENAMING_TABLE_R_CORE_6                          583678                        583678

POWER_REG_RENAMING_TABLE_W_CORE_6                          583678                        583678

POWER_DEP_CHECK_LOGIC_R_CORE_6                             583678                        583678

POWER_FREELIST_R_CORE_6                                    583678                        583678

POWER_FREELIST_W_CORE_6                                    583678                        583678

POWER_RESERVATION_STATION_R_CORE_6                        1264015                       1264015

POWER_RESERVATION_STATION_W_CORE_6                         583678                        583678

POWER_RESERVATION_STATION_R_TAG_CORE_6                    1264015                       1264015

POWER_RESERVATION_STATION_W_TAG_CORE_6                          0                             0

POWER_INST_ISSUE_SEL_LOGIC_R_CORE_6                       1264015                       1264015

POWER_INST_ISSUE_SEL_LOGIC_W_CORE_6                        583678                        583678

POWER_PAYLOAD_RAM_R_CORE_6                                1264015                       1264015

POWER_PAYLOAD_RAM_W_CORE_6                                 583678                        583678

POWER_EX_ALU_R_CORE_6                                      314238                        314238

POWER_EX_FPU_R_CORE_6                                           0                             0

POWER_EX_MUL_R_CORE_6                                           0                             0

POWER_EX_SFU_R_CORE_6                                           0                             0

POWER_REORDER_BUF_R_CORE_6                                 583678                        583678

POWER_REORDER_BUF_W_CORE_6                                1167356                       1167356

POWER_INST_COMMIT_SEL_LOGIC_R_CORE_6                       583678                        583678

POWER_INST_COMMIT_SEL_LOGIC_W_CORE_6                       583678                        583678

POWER_FP_RENAME_R_CORE_6                                        0                             0

POWER_FP_RENAME_W_CORE_6                                        0                             0

POWER_LOAD_QUEUE_R_CORE_6                                  158273                        158273

POWER_LOAD_QUEUE_W_CORE_6                                  158273                        158273

POWER_LOAD_QUEUE_R_TAG_CORE_6                              158273                        158273

POWER_LOAD_QUEUE_W_TAG_CORE_6                                   0                             0

POWER_STORE_QUEUE_R_CORE_6                                 536392                        536392

POWER_STORE_QUEUE_W_CORE_6                                 536392                        536392

POWER_STORE_QUEUE_R_TAG_CORE_6                             536392                        536392

POWER_STORE_QUEUE_W_TAG_CORE_6                                  0                             0

POWER_DATA_TLB_R_CORE_6                                    158273                        158273

POWER_DATA_TLB_W_CORE_6                                         0                             0

POWER_DATA_TLB_R_TAG_CORE_6                                     0                             0

POWER_DATA_TLB_W_TAG_CORE_6                                     0                             0

POWER_INT_REGFILE_R_CORE_6                                 897916                        897916

POWER_INT_REGFILE_W_CORE_6                                 583678                        583678

POWER_FP_REGFILE_R_CORE_6                                       0                             0

POWER_FP_REGFILE_W_CORE_6                                       0                             0

POWER_GP_REGISTER_R_CORE_6                                 897916                        897916

POWER_GP_REGISTER_W_CORE_6                                 583678                        583678

POWER_FP_REGISTER_R_CORE_6                                      0                             0

POWER_FP_REGISTER_W_CORE_6                                      0                             0

POWER_SEGMENT_REGISTER_R_CORE_6                            269440                        269440

POWER_SEGMENT_REGISTER_W_CORE_6                            532736                        532736

POWER_CONTROL_REGISTER_R_CORE_6                                 0                             0

POWER_CONTROL_REGISTER_W_CORE_6                             26912                         26912

POWER_FLAG_REGISTER_R_CORE_6                                    0                             0

POWER_FLAG_REGISTER_W_CORE_6                               174400                        174400

POWER_EXEC_BYPASS_CORE_6                                   583678                        583678

POWER_LOAD_BYPASS_CORE_6                                        0                             0

POWER_PIPELINE_CORE_6                                      515903                        515903

POWER_DCACHE_MISS_BUF_R_CORE_6                                  0                             0

POWER_DCACHE_MISS_BUF_R_TAG_CORE_6                          14328                         14328

POWER_DCACHE_MISS_BUF_W_CORE_6                              14328                         14328

POWER_DCACHE_MISS_BUF_W_TAG_CORE_6                              0                             0

POWER_DCACHE_LINEFILL_BUF_R_CORE_6                              0                             0

POWER_L2CACHE_LINEFILL_BUF_R_CORE_6                             0                             0

POWER_DCACHE_LINEFILL_BUF_W_CORE_6                              0                             0

POWER_L2CACHE_LINEFILL_BUF_W_CORE_6                             0                             0

POWER_DCACHE_LINEFILL_BUF_R_TAG_CORE_6                          0                             0

POWER_L2CACHE_LINEFILL_BUF_R_TAG_CORE_6                         0                             0

POWER_DCACHE_LINEFILL_BUF_W_TAG_CORE_6                          0                             0

POWER_DCACHE_WB_BUF_R_CORE_6                                    0                             0

POWER_L2CACHE_WB_BUF_R_CORE_6                                   0                             0

POWER_DCACHE_WB_BUF_W_CORE_6                                    0                             0

POWER_L2CACHE_WB_BUF_W_CORE_6                                   0                             0

POWER_DCACHE_WB_BUF_R_TAG_CORE_6                                0                             0

POWER_L2CACHE_WB_BUF_R_TAG_CORE_6                               0                             0

POWER_DCACHE_WB_BUF_W_TAG_CORE_6                                0                             0

POWER_DCACHE_R_CORE_6                                           0                             0

POWER_L2CACHE_R_CORE_6                                          0                             0

POWER_DCACHE_W_CORE_6                                           0                             0

POWER_L2CACHE_W_CORE_6                                          0                             0

POWER_DCACHE_R_TAG_CORE_6                                       0                             0

POWER_L2CACHE_R_TAG_CORE_6                                      0                             0

POWER_CONST_CACHE_R_CORE_6                                      0                             0

POWER_CONST_CACHE_W_CORE_6                                      0                             0

POWER_CONST_CACHE_R_TAG_CORE_6                                  0                             0

POWER_CONST_CACHE_W_TAG_CORE_6                                  0                             0

POWER_TEXTURE_CACHE_R_CORE_6                                    0                             0

POWER_TEXTURE_CACHE_W_CORE_6                                    0                             0

POWER_TEXTURE_CACHE_R_TAG_CORE_6                                0                             0

POWER_TEXTURE_CACHE_W_TAG_CORE_6                                0                             0

POWER_SHARED_MEM_R_CORE_6                                       0                             0

POWER_SHARED_MEM_W_CORE_6                                       0                             0

POWER_SHARED_MEM_R_TAG_CORE_6                                   0                             0

POWER_SHARED_MEM_W_TAG_CORE_6                                   0                             0

POWER_BLOCK_STATES_R_CORE_7                                347118                        347118

POWER_BLOCK_STATES_W_CORE_7                                347118                        347118

POWER_FETCH_QUEUE_R_CORE_7                                1208190                       1208190

POWER_FETCH_QUEUE_W_CORE_7                                1208190                       1208190

POWER_INST_QUEUE_R_CORE_7                                 1208190                       1208190

POWER_INST_QUEUE_W_CORE_7                                 1208190                       1208190

POWER_BR_PRED_R_CORE_7                                      34816                         34816

POWER_BR_PRED_W_CORE_7                                      34816                         34816

POWER_RAS_R_CORE_7                                              0                             0

POWER_RAS_W_CORE_7                                             32                            32

POWER_ICACHE_R_CORE_7                                        7913                          7913

POWER_ICACHE_W_CORE_7                                           0                             0

POWER_ICACHE_R_TAG_CORE_7                                    7913                          7913

POWER_ICACHE_MISS_BUF_R_CORE_7                                  0                             0

POWER_ICACHE_MISS_BUF_W_CORE_7                                  0                             0

POWER_ICACHE_MISS_BUF_R_TAG_CORE_7                              0                             0

POWER_ICACHE_MISS_BUF_W_TAG_CORE_7                              0                             0

POWER_ICACHE_TOT_ACC_CORE_7                                     0                             0

POWER_ICACHE_CONF_CORE_7                                        0                             0

POWER_INST_DECODER_R_CORE_7                               1062591                       1062591

POWER_INST_DECODER_W_CORE_7                                     0                             0

POWER_MICRO_OP_SEQ_R_CORE_7                                     0                             0

POWER_MICRO_OP_SEQ_W_CORE_7                                     0                             0

POWER_OPERAND_DECODER_R_CORE_7                            1062591                       1062591

POWER_OPERAND_DECODER_W_CORE_7                                  0                             0

POWER_UOP_QUEUE_R_CORE_7                                  1208190                       1208190

POWER_UOP_QUEUE_W_CORE_7                                  1208190                       1208190

POWER_REG_RENAMING_TABLE_R_CORE_7                         1208190                       1208190

POWER_REG_RENAMING_TABLE_W_CORE_7                         1208190                       1208190

POWER_DEP_CHECK_LOGIC_R_CORE_7                            1208190                       1208190

POWER_FREELIST_R_CORE_7                                   1208190                       1208190

POWER_FREELIST_W_CORE_7                                   1208190                       1208190

POWER_RESERVATION_STATION_R_CORE_7                        2075242                       2075242

POWER_RESERVATION_STATION_W_CORE_7                        1208190                       1208190

POWER_RESERVATION_STATION_R_TAG_CORE_7                    2075242                       2075242

POWER_RESERVATION_STATION_W_TAG_CORE_7                          0                             0

POWER_INST_ISSUE_SEL_LOGIC_R_CORE_7                       2075242                       2075242

POWER_INST_ISSUE_SEL_LOGIC_W_CORE_7                       1208190                       1208190

POWER_PAYLOAD_RAM_R_CORE_7                                2075242                       2075242

POWER_PAYLOAD_RAM_W_CORE_7                                1208190                       1208190

POWER_EX_ALU_R_CORE_7                                      344894                        344894

POWER_EX_FPU_R_CORE_7                                       20480                         20480

POWER_EX_MUL_R_CORE_7                                           0                             0

POWER_EX_SFU_R_CORE_7                                           0                             0

POWER_REORDER_BUF_R_CORE_7                                1208190                       1208190

POWER_REORDER_BUF_W_CORE_7                                2416380                       2416380

POWER_INST_COMMIT_SEL_LOGIC_R_CORE_7                      1208190                       1208190

POWER_INST_COMMIT_SEL_LOGIC_W_CORE_7                      1208190                       1208190

POWER_FP_RENAME_R_CORE_7                                    55328                         55328

POWER_FP_RENAME_W_CORE_7                                        0                             0

POWER_LOAD_QUEUE_R_CORE_7                                  549051                        549051

POWER_LOAD_QUEUE_W_CORE_7                                  549051                        549051

POWER_LOAD_QUEUE_R_TAG_CORE_7                              549051                        549051

POWER_LOAD_QUEUE_W_TAG_CORE_7                                   0                             0

POWER_STORE_QUEUE_R_CORE_7                                 350123                        350123

POWER_STORE_QUEUE_W_CORE_7                                 350123                        350123

POWER_STORE_QUEUE_R_TAG_CORE_7                             350123                        350123

POWER_STORE_QUEUE_W_TAG_CORE_7                                  0                             0

POWER_DATA_TLB_R_CORE_7                                    549051                        549051

POWER_DATA_TLB_W_CORE_7                                         0                             0

POWER_DATA_TLB_R_TAG_CORE_7                                     0                             0

POWER_DATA_TLB_W_TAG_CORE_7                                     0                             0

POWER_INT_REGFILE_R_CORE_7                                1532604                       1532604

POWER_INT_REGFILE_W_CORE_7                                1187710                       1187710

POWER_FP_REGFILE_R_CORE_7                                   32768                         32768

POWER_FP_REGFILE_W_CORE_7                                   20480                         20480

POWER_GP_REGISTER_R_CORE_7                                1532604                       1532604

POWER_GP_REGISTER_W_CORE_7                                1187710                       1187710

POWER_FP_REGISTER_R_CORE_7                                  40960                         40960

POWER_FP_REGISTER_W_CORE_7                                  20480                         20480

POWER_SEGMENT_REGISTER_R_CORE_7                            842816                        842816

POWER_SEGMENT_REGISTER_W_CORE_7                           1679488                       1679488

POWER_CONTROL_REGISTER_R_CORE_7                                 0                             0

POWER_CONTROL_REGISTER_W_CORE_7                              4544                          4544

POWER_FLAG_REGISTER_R_CORE_7                                    0                             0

POWER_FLAG_REGISTER_W_CORE_7                               264256                        264256

POWER_EXEC_BYPASS_CORE_7                                  1208190                       1208190

POWER_LOAD_BYPASS_CORE_7                                        0                             0

POWER_PIPELINE_CORE_7                                     1062591                       1062591

POWER_DCACHE_MISS_BUF_R_CORE_7                                  0                             0

POWER_DCACHE_MISS_BUF_R_TAG_CORE_7                          32122                         32122

POWER_DCACHE_MISS_BUF_W_CORE_7                              32122                         32122

POWER_DCACHE_MISS_BUF_W_TAG_CORE_7                              0                             0

POWER_DCACHE_LINEFILL_BUF_R_CORE_7                              0                             0

POWER_L2CACHE_LINEFILL_BUF_R_CORE_7                             0                             0

POWER_DCACHE_LINEFILL_BUF_W_CORE_7                              0                             0

POWER_L2CACHE_LINEFILL_BUF_W_CORE_7                             0                             0

POWER_DCACHE_LINEFILL_BUF_R_TAG_CORE_7                          0                             0

POWER_L2CACHE_LINEFILL_BUF_R_TAG_CORE_7                         0                             0

POWER_DCACHE_LINEFILL_BUF_W_TAG_CORE_7                          0                             0

POWER_DCACHE_WB_BUF_R_CORE_7                                    0                             0

POWER_L2CACHE_WB_BUF_R_CORE_7                                   0                             0

POWER_DCACHE_WB_BUF_W_CORE_7                                    0                             0

POWER_L2CACHE_WB_BUF_W_CORE_7                                   0                             0

POWER_DCACHE_WB_BUF_R_TAG_CORE_7                                0                             0

POWER_L2CACHE_WB_BUF_R_TAG_CORE_7                               0                             0

POWER_DCACHE_WB_BUF_W_TAG_CORE_7                                0                             0

POWER_DCACHE_R_CORE_7                                           0                             0

POWER_L2CACHE_R_CORE_7                                          0                             0

POWER_DCACHE_W_CORE_7                                           0                             0

POWER_L2CACHE_W_CORE_7                                          0                             0

POWER_DCACHE_R_TAG_CORE_7                                       0                             0

POWER_L2CACHE_R_TAG_CORE_7                                      0                             0

POWER_CONST_CACHE_R_CORE_7                                      0                             0

POWER_CONST_CACHE_W_CORE_7                                      0                             0

POWER_CONST_CACHE_R_TAG_CORE_7                                  0                             0

POWER_CONST_CACHE_W_TAG_CORE_7                                  0                             0

POWER_TEXTURE_CACHE_R_CORE_7                                    0                             0

POWER_TEXTURE_CACHE_W_CORE_7                                    0                             0

POWER_TEXTURE_CACHE_R_TAG_CORE_7                                0                             0

POWER_TEXTURE_CACHE_W_TAG_CORE_7                                0                             0

POWER_SHARED_MEM_R_CORE_7                                       0                             0

POWER_SHARED_MEM_W_CORE_7                                       0                             0

POWER_SHARED_MEM_R_TAG_CORE_7                                   0                             0

POWER_SHARED_MEM_W_TAG_CORE_7                                   0                             0

