Real time: Nov/22/2014 11:40:11

Profiler Stats
--------------
Elapsed_time_in_seconds: 480
Elapsed_time_in_minutes: 8
Elapsed_time_in_hours: 0.133333
Elapsed_time_in_days: 0.00555556

Virtual_time_in_seconds: 479.79
Virtual_time_in_minutes: 7.9965
Virtual_time_in_hours:   0.133275
Virtual_time_in_days:    0.133275

Ruby_current_time: 30071217
Ruby_start_time: 1
Ruby_cycles: 30071216

mbytes_resident: 78.75
mbytes_total: 111.863
resident_ratio: 0.703984

Total_misses: 0
total_misses: 0 [ 0 0 0 0 0 0 0 0 ]
user_misses: 0 [ 0 0 0 0 0 0 0 0 ]
supervisor_misses: 0 [ 0 0 0 0 0 0 0 0 ]

instruction_executed: 8 [ 1 1 1 1 1 1 1 1 ]
simics_cycles_executed: 8 [ 1 1 1 1 1 1 1 1 ]
cycles_per_instruction: 3.00712e+07 [ 3.00712e+07 3.00712e+07 3.00712e+07 3.00712e+07 3.00712e+07 3.00712e+07 3.00712e+07 3.00712e+07 ]
misses_per_thousand_instructions: 0 [ 0 0 0 0 0 0 0 0 ]

transactions_started: 0 [ 0 0 0 0 0 0 0 0 ]
transactions_ended: 0 [ 0 0 0 0 0 0 0 0 ]
instructions_per_transaction: 0 [ 0 0 0 0 0 0 0 0 ]
cycles_per_transaction: 0 [ 0 0 0 0 0 0 0 0 ]
misses_per_transaction: 0 [ 0 0 0 0 0 0 0 0 ]

L1D_cache cache stats: 
  L1D_cache_total_requests: 202870
  L1D_cache_total_misses: 660	(0.325331%)
  L1D_cache_total_demand_misses: 660
  L1D_cache_total_prefetches: 0
  L1D_cache_total_sw_prefetches: 0
  L1D_cache_total_hw_prefetches: 0
  L1D_cache_misses_per_transaction: 660
  L1D_cache_misses_per_instruction: 660
  L1D_cache_instructions_per_misses: 0.00151515

  L1D_cache_request_type_LD:   157767	(77.7675)%
  L1D_cache_request_type_ST:   45103	(22.2325)%

  L1D_cache_request_size: [binsize: log2 max: 32 count: 202870 average:    32 | standard deviation: 0 | 0 0 0 0 0 0 202870 ]

  L1D_cache_miss_type_LD:   652	(98.7879)%
  L1D_cache_miss_type_ST:   8	(1.21212)%

L1I_cache cache stats: 
  L1I_cache_total_requests: 0
  L1I_cache_total_misses: 0
  L1I_cache_total_demand_misses: 0
  L1I_cache_total_prefetches: 0
  L1I_cache_total_sw_prefetches: 0
  L1I_cache_total_hw_prefetches: 0
  L1I_cache_misses_per_transaction: 0
  L1I_cache_misses_per_instruction: 0
  L1I_cache_instructions_per_misses: NaN

  L1I_cache_request_size: [binsize: log2 max: 0 count: 0 average: NaN |standard deviation: NaN | 0 ]

L1T_cache cache stats: 
  L1T_cache_total_requests: 2501767
  L1T_cache_total_misses: 768606	(30.7225%)
  L1T_cache_total_demand_misses: 768606
  L1T_cache_total_prefetches: 0
  L1T_cache_total_sw_prefetches: 0
  L1T_cache_total_hw_prefetches: 0
  L1T_cache_misses_per_transaction: 768606
  L1T_cache_misses_per_instruction: 768606
  L1T_cache_instructions_per_misses: 1.30106e-06

  L1T_cache_request_type_LD:   1439013	(57.5199)%
  L1T_cache_request_type_ST:   1062754	(42.4801)%

  L1T_cache_request_size: [binsize: log2 max: 32 count: 2501767 average:    32 | standard deviation: 0 | 0 0 0 0 0 0 2501767 ]

  L1T_cache_miss_type_LD:   265934	(34.5995)%
  L1T_cache_miss_type_ST:   502672	(65.4005)%

L2_cache cache stats: 
  L2_cache_total_requests: 2218
  L2_cache_total_misses: 901	(40.6222%)
  L2_cache_total_demand_misses: 901
  L2_cache_total_prefetches: 0
  L2_cache_total_sw_prefetches: 0
  L2_cache_total_hw_prefetches: 0
  L2_cache_misses_per_transaction: 901
  L2_cache_misses_per_instruction: 901
  L2_cache_instructions_per_misses: 0.00110988

  L2_cache_request_type_LD:   652	(29.3959)%
  L2_cache_request_type_ST:   1566	(70.6041)%

  L2_cache_request_size: [binsize: log2 max: 8 count: 2218 average:     8 | standard deviation: 0 | 0 0 0 0 2218 ]

  L2_cache_miss_type_LD:   1	(0.110988)%
  L2_cache_miss_type_ST:   900	(99.889)%

L2T_cache cache stats: 
  L2T_cache_total_requests: 1328688
  L2T_cache_total_misses: 1558	(0.117259%)
  L2T_cache_total_demand_misses: 1558
  L2T_cache_total_prefetches: 0
  L2T_cache_total_sw_prefetches: 0
  L2T_cache_total_hw_prefetches: 0
  L2T_cache_misses_per_transaction: 1558
  L2T_cache_misses_per_instruction: 1558
  L2T_cache_instructions_per_misses: 0.000641849

  L2T_cache_request_type_LD:   265934	(20.0148)%
  L2T_cache_request_type_ST:   1062754	(79.9852)%

  L2T_cache_request_size: [binsize: log2 max: 32 count: 1328688 average: 27.1965 | standard deviation: 9.60266 | 0 0 0 0 265934 0 1062754 ]

  L2T_cache_miss_type_LD:   1370	(87.9332)%
  L2T_cache_miss_type_ST:   188	(12.0668)%


TBE Queries: 1332466
Busy TBE Counts: 0
Busy Controller Counts:
L1TCache-0:0  L1TCache-1:0  L1TCache-2:0  L1TCache-3:0  L1TCache-4:0  L1TCache-5:0  L1TCache-6:0  L1TCache-7:0  

L2TCache-0:0  L2TCache-1:0  L2TCache-2:0  L2TCache-3:0  
L2Cache-0:0  L2Cache-1:0  L2Cache-2:0  L2Cache-3:0  
L1Cache-0:0  L1Cache-1:0  L1Cache-2:0  L1Cache-3:0  L1Cache-4:0  L1Cache-5:0  L1Cache-6:0  L1Cache-7:0  

Directory-0:0  Directory-1:0  Directory-2:0  Directory-3:0  

Busy Bank Count:0

L1TBE_usage: [binsize: 1 max: 0 count: 0 average: NaN |standard deviation: NaN | 0 ]
L2TBE_usage: [binsize: 1 max: 4 count: 1332466 average: 0.571809 | standard deviation: 0.681932 | 702936 511140 104708 13368 314 ]
StopTable_usage: [binsize: 1 max: 0 count: 0 average: NaN |standard deviation: NaN | 0 ]
sequencer_requests_outstanding: [binsize: 1 max: 5 count: 2704637 average: 1.68205 | standard deviation: 0.761794 | 0 1310788 983147 371055 39135 512 ]
store_buffer_size: [binsize: 1 max: 0 count: 0 average: NaN |standard deviation: NaN | 0 ]
unique_blocks_in_store_buffer: [binsize: 1 max: 0 count: 0 average: NaN |standard deviation: NaN | 0 ]

All Non-Zero Cycle Demand Cache Accesses
----------------------------------------
miss_latency: [binsize: 2 max: 366 count: 2704637 average: 16.587 | standard deviation: 14.3363 | 0 0 1375289 0 0 0 0 0 0 0 0 0 0 0 1182757 66215 66731 11102 288 18 0 0 0 0 0 1 1 0 0 0 0 0 0 0 0 0 0 0 0 0 1 0 0 0 0 1 0 0 1 0 0 0 0 0 0 2 0 0 0 0 0 0 0 0 3 1053 34 37 3 0 0 76 111 0 0 0 0 1 0 0 0 0 0 0 0 0 0 0 0 0 0 1 1 1 0 2 0 3 3 0 0 0 0 0 0 0 0 0 0 0 0 0 0 0 0 0 0 0 0 0 0 0 0 0 0 0 0 0 0 0 0 0 0 0 0 0 0 0 0 0 0 0 0 0 0 0 0 1 0 0 0 0 0 0 0 0 0 0 0 0 0 0 0 0 0 0 0 0 0 0 4 215 3 2 0 0 0 0 0 0 13 652 9 2 ]
miss_latency_LD: [binsize: 64 max: 366 count: 1596780 average: 8.52794 | standard deviation: 12.6281 | 1594758 0 1301 0 1 720 ]
miss_latency_ST: [binsize: 64 max: 366 count: 1107857 average: 28.2027 | standard deviation: 6.58627 | 1107644 5 22 6 0 180 ]
miss_latency_NULL: [binsize: 2 max: 366 count: 2704637 average: 16.587 | standard deviation: 14.3363 | 0 0 1375289 0 0 0 0 0 0 0 0 0 0 0 1182757 66215 66731 11102 288 18 0 0 0 0 0 1 1 0 0 0 0 0 0 0 0 0 0 0 0 0 1 0 0 0 0 1 0 0 1 0 0 0 0 0 0 2 0 0 0 0 0 0 0 0 3 1053 34 37 3 0 0 76 111 0 0 0 0 1 0 0 0 0 0 0 0 0 0 0 0 0 0 1 1 1 0 2 0 3 3 0 0 0 0 0 0 0 0 0 0 0 0 0 0 0 0 0 0 0 0 0 0 0 0 0 0 0 0 0 0 0 0 0 0 0 0 0 0 0 0 0 0 0 0 0 0 0 0 1 0 0 0 0 0 0 0 0 0 0 0 0 0 0 0 0 0 0 0 0 0 0 4 215 3 2 0 0 0 0 0 0 13 652 9 2 ]
miss_latency_L2Miss: [binsize: 1 max: 0 count: 0 average: NaN |standard deviation: NaN | 0 ]

All Non-Zero Cycle SW Prefetch Requests
------------------------------------
prefetch_latency: [binsize: 1 max: 0 count: 0 average: NaN |standard deviation: NaN | 0 ]
prefetch_latency_L2Miss:[binsize: 1 max: 0 count: 0 average: NaN |standard deviation: NaN | 0 ]
multicast_retries: [binsize: 1 max: 0 count: 0 average: NaN |standard deviation: NaN | 0 ]
gets_mask_prediction_count: [binsize: 1 max: 0 count: 0 average: NaN |standard deviation: NaN | 0 ]
getx_mask_prediction_count: [binsize: 1 max: 0 count: 0 average: NaN |standard deviation: NaN | 0 ]
explicit_training_mask: [binsize: 1 max: 0 count: 0 average: NaN |standard deviation: NaN | 0 ]

Sequencer  Requests (MLP)
------------------------------------
Sequencer Requests All
Sequencer_ALL : [binsize: 1 max: 5 count: 2704637 average: 1.68205 | standard deviation: 0.761794 | 0 1310788 983147 371055 39135 512 ]
Sequencer_0: [binsize: 1 max: 3 count: 202870 average: 1.41752 | standard deviation: 0.494322 | 0 118284 84469 117 ]
Sequencer_1: [binsize: 1 max: 0 count: 0 average: NaN |standard deviation: NaN | 0 ]
Sequencer_2: [binsize: 1 max: 0 count: 0 average: NaN |standard deviation: NaN | 0 ]
Sequencer_3: [binsize: 1 max: 0 count: 0 average: NaN |standard deviation: NaN | 0 ]
Sequencer_4: [binsize: 1 max: 0 count: 0 average: NaN |standard deviation: NaN | 0 ]
Sequencer_5: [binsize: 1 max: 0 count: 0 average: NaN |standard deviation: NaN | 0 ]
Sequencer_6: [binsize: 1 max: 0 count: 0 average: NaN |standard deviation: NaN | 0 ]
Sequencer_7: [binsize: 1 max: 0 count: 0 average: NaN |standard deviation: NaN | 0 ]
SequencerACC_0: [binsize: 1 max: 5 count: 1021257 average: 1.6193 | standard deviation: 0.681752 | 0 500352 414292 102099 4080 434 ]
SequencerACC_1: [binsize: 1 max: 5 count: 1480510 average: 1.76159 | standard deviation: 0.82912 | 0 692152 484386 268839 35055 78 ]
SequencerACC_2: [binsize: 1 max: 0 count: 0 average: NaN |standard deviation: NaN | 0 ]
SequencerACC_3: [binsize: 1 max: 0 count: 0 average: NaN |standard deviation: NaN | 0 ]
SequencerACC_4: [binsize: 1 max: 0 count: 0 average: NaN |standard deviation: NaN | 0 ]
SequencerACC_5: [binsize: 1 max: 0 count: 0 average: NaN |standard deviation: NaN | 0 ]
SequencerACC_6: [binsize: 1 max: 0 count: 0 average: NaN |standard deviation: NaN | 0 ]
SequencerACC_7: [binsize: 1 max: 0 count: 0 average: NaN |standard deviation: NaN | 0 ]
Request vs. System State Profile
--------------------------------


filter_action: [binsize: 1 max: 0 count: 0 average: NaN |standard deviation: NaN | 0 ]

Message Delayed Cycles
----------------------
Total_delay_cycles: [binsize: 1 max: 43 count: 7314 average: 26.0779 | standard deviation: 4.42449 | 0 0 0 0 0 0 0 0 0 0 0 0 0 0 0 0 209 16 0 0 0 1978 0 0 0 0 70 605 3764 482 2 1 0 0 0 0 0 0 0 0 0 0 77 110 ]
Total_nonPF_delay_cycles: [binsize: 1 max: 43 count: 2406 average: 25.9942 | standard deviation: 6.31166 | 0 0 0 0 0 0 0 0 0 0 0 0 0 0 0 0 209 16 0 0 0 658 0 0 0 0 70 605 182 478 0 1 0 0 0 0 0 0 0 0 0 0 77 110 ]
  virtual_network_0_delay_cycles: [binsize: 1 max: 30 count: 4908 average: 26.119 | standard deviation: 3.10561 | 0 0 0 0 0 0 0 0 0 0 0 0 0 0 0 0 0 0 0 0 0 1320 0 0 0 0 0 0 3582 4 2 ]
  virtual_network_1_delay_cycles: [binsize: 1 max: 0 count: 0 average: NaN |standard deviation: NaN | 0 ]
  virtual_network_2_delay_cycles: [binsize: 1 max: 21 count: 658 average:    21 | standard deviation: 0 | 0 0 0 0 0 0 0 0 0 0 0 0 0 0 0 0 0 0 0 0 0 658 ]
  virtual_network_3_delay_cycles: [binsize: 1 max: 43 count: 1748 average: 27.8741 | standard deviation: 6.47389 | 0 0 0 0 0 0 0 0 0 0 0 0 0 0 0 0 209 16 0 0 0 0 0 0 0 0 70 605 182 478 0 1 0 0 0 0 0 0 0 0 0 0 77 110 ]
  virtual_network_4_delay_cycles: [binsize: 1 max: 0 count: 0 average: NaN |standard deviation: NaN | 0 ]
  virtual_network_5_delay_cycles: [binsize: 1 max: 0 count: 0 average: NaN |standard deviation: NaN | 0 ]
  virtual_network_6_delay_cycles: [binsize: 1 max: 0 count: 0 average: NaN |standard deviation: NaN | 0 ]
  virtual_network_7_delay_cycles: [binsize: 1 max: 0 count: 0 average: NaN |standard deviation: NaN | 0 ]

Resource Usage
--------------
page_size: 4096
user_time: 475
system_time: 4
page_reclaims: 20378
page_faults: 0
swaps: 0
block_inputs: 0
block_outputs: 640

Coherence Bandwidth Breakdown
----------------------
L1_ATOMIC = 0
L2_DATA = 4505
L2_TO_L2T_MSG = 659
L2_DATA_GX = 0
L2T_TO_L1T_DATA = 1063736
L1_DATA_GX = 0
L2_TO_L2T_ACK = 659
L2T_TO_L1T_MSG = 1062754
L2_DATA_S = 3300
L2T_TO_L1T_ATOMIC = 0
L1_DATA_PC = 0
L1_MSG = 0
L2_COHMSG_FWD = 658
L1_DATA_F = 0
L1_DATA_PX = 935
L2_COHMSG_RCL = 0
L1T_TO_L2T_DATA = 4251016
L2_MSG = 0
L2_COHMSG_INV = 0
L1_COHMSG_RCLACK = 0
L1T_TO_L2T_ATOMIC = 0
L2_COHMSG = 0
L2_ATOMIC = 0
L2_TO_L2T_DATA = 7790
L1_DATA = 0
L1_COHMSG = 4908
L1_COHMSG_INVACK = 0
L1T_TO_L2T_MSG = 265934
----------------------
total_flits_messages = 6666854
----------------------

DMA = 0
DATA_GX_OW = 32
DATA_PX_C = 748
DATA_PX_D = 187
DATA_GX_C = 8
Block_lifetimes_pow2: [binsize: log2 max: 0 count: 0 average: NaN |standard deviation: NaN | 0 ]
Block_lifetimes[WRITE]_pow2: [binsize: log2 max: 0 count: 0 average: NaN |standard deviation: NaN | 0 ]
Block_lifetimes[EVICT]_pow2: [binsize: log2 max: 0 count: 0 average: NaN |standard deviation: NaN | 0 ]
CL_stall_evict: [binsize: log2 max: 0 count: 0 average: NaN |standard deviation: NaN | 0 ]
CL_stall_fence: [binsize: log2 max: 0 count: 0 average: NaN |standard deviation: NaN | 0 ]
Private_L1_evictions: 0
MessageBuffer: [Chip 0 0, L1Cache, mandatoryQueue] stats - msgs:202870 full:0 size:[binsize: 1 max: 2 count: 202870 average: 1.33045 | standard deviation: 0.470379 | 0 135832 67038 ]
MessageBuffer: [Chip 0 1, L1Cache, mandatoryQueue] stats - msgs:0 full:0 size:[binsize: 1 max: 0 count: 0 average: NaN |standard deviation: NaN | 0 ]
MessageBuffer: [Chip 0 2, L1Cache, mandatoryQueue] stats - msgs:0 full:0 size:[binsize: 1 max: 0 count: 0 average: NaN |standard deviation: NaN | 0 ]
MessageBuffer: [Chip 0 3, L1Cache, mandatoryQueue] stats - msgs:0 full:0 size:[binsize: 1 max: 0 count: 0 average: NaN |standard deviation: NaN | 0 ]
MessageBuffer: [Chip 0 4, L1Cache, mandatoryQueue] stats - msgs:0 full:0 size:[binsize: 1 max: 0 count: 0 average: NaN |standard deviation: NaN | 0 ]
MessageBuffer: [Chip 0 5, L1Cache, mandatoryQueue] stats - msgs:0 full:0 size:[binsize: 1 max: 0 count: 0 average: NaN |standard deviation: NaN | 0 ]
MessageBuffer: [Chip 0 6, L1Cache, mandatoryQueue] stats - msgs:0 full:0 size:[binsize: 1 max: 0 count: 0 average: NaN |standard deviation: NaN | 0 ]
MessageBuffer: [Chip 0 7, L1Cache, mandatoryQueue] stats - msgs:0 full:0 size:[binsize: 1 max: 0 count: 0 average: NaN |standard deviation: NaN | 0 ]

Network Stats
-------------

Network interface outbound traffic
NI_0 (L1TCache) : [L1TCache]=0 [L2TCache]=2329481 [L2Cache]=0 [L1Cache]=0 [Directory]=0 
NI_1 (L1TCache) : [L1TCache]=0 [L2TCache]=2187469 [L2Cache]=0 [L1Cache]=0 [Directory]=0 
NI_2 (L1TCache) : [L1TCache]=0 [L2TCache]=0 [L2Cache]=0 [L1Cache]=0 [Directory]=0 
NI_3 (L1TCache) : [L1TCache]=0 [L2TCache]=0 [L2Cache]=0 [L1Cache]=0 [Directory]=0 
NI_4 (L1TCache) : [L1TCache]=0 [L2TCache]=0 [L2Cache]=0 [L1Cache]=0 [Directory]=0 
NI_5 (L1TCache) : [L1TCache]=0 [L2TCache]=0 [L2Cache]=0 [L1Cache]=0 [Directory]=0 
NI_6 (L1TCache) : [L1TCache]=0 [L2TCache]=0 [L2Cache]=0 [L1Cache]=0 [Directory]=0 
NI_7 (L1TCache) : [L1TCache]=0 [L2TCache]=0 [L2Cache]=0 [L1Cache]=0 [Directory]=0 
NI_8 (L2TCache) : [L1TCache]=0 [L2TCache]=0 [L2Cache]=0 [L1Cache]=0 [Directory]=0 
NI_9 (L2TCache) : [L1TCache]=0 [L2TCache]=0 [L2Cache]=0 [L1Cache]=0 [Directory]=0 
NI_10 (L2TCache) : [L1TCache]=1606016 [L2TCache]=0 [L2Cache]=74 [L1Cache]=0 [Directory]=0 
NI_11 (L2TCache) : [L1TCache]=520474 [L2TCache]=0 [L2Cache]=4449 [L1Cache]=0 [Directory]=0 
NI_12 (L2Cache) : [L1TCache]=0 [L2TCache]=0 [L2Cache]=0 [L1Cache]=0 [Directory]=0 
NI_13 (L2Cache) : [L1TCache]=0 [L2TCache]=0 [L2Cache]=0 [L1Cache]=0 [Directory]=0 
NI_14 (L2Cache) : [L1TCache]=0 [L2TCache]=44 [L2Cache]=0 [L1Cache]=76 [Directory]=5 
NI_15 (L2Cache) : [L1TCache]=0 [L2TCache]=5774 [L2Cache]=0 [L1Cache]=3882 [Directory]=896 
NI_16 (L1Cache) : [L1TCache]=0 [L2TCache]=3290 [L2Cache]=1320 [L1Cache]=0 [Directory]=0 
NI_17 (L1Cache) : [L1TCache]=0 [L2TCache]=0 [L2Cache]=0 [L1Cache]=0 [Directory]=0 
NI_18 (L1Cache) : [L1TCache]=0 [L2TCache]=0 [L2Cache]=0 [L1Cache]=0 [Directory]=0 
NI_19 (L1Cache) : [L1TCache]=0 [L2TCache]=0 [L2Cache]=0 [L1Cache]=0 [Directory]=0 
NI_20 (L1Cache) : [L1TCache]=0 [L2TCache]=0 [L2Cache]=0 [L1Cache]=0 [Directory]=0 
NI_21 (L1Cache) : [L1TCache]=0 [L2TCache]=0 [L2Cache]=0 [L1Cache]=0 [Directory]=0 
NI_22 (L1Cache) : [L1TCache]=0 [L2TCache]=0 [L2Cache]=0 [L1Cache]=0 [Directory]=0 
NI_23 (L1Cache) : [L1TCache]=0 [L2TCache]=0 [L2Cache]=0 [L1Cache]=0 [Directory]=0 
NI_24 (Directory) : [L1TCache]=0 [L2TCache]=0 [L2Cache]=1125 [L1Cache]=0 [Directory]=0 
NI_25 (Directory) : [L1TCache]=0 [L2TCache]=0 [L2Cache]=1125 [L1Cache]=0 [Directory]=0 
NI_26 (Directory) : [L1TCache]=0 [L2TCache]=0 [L2Cache]=1135 [L1Cache]=0 [Directory]=0 
NI_27 (Directory) : [L1TCache]=0 [L2TCache]=0 [L2Cache]=1120 [L1Cache]=0 [Directory]=0 
L1_L2_flits_transferred = 0
L1_out_flits = 0
L2_out_flits = 0
-------------
Average Link Utilization :: 0.0067423 flits/cycle
total_flits_on_link = 13381440
-------------
Total VC Load [0] = 2681 flits
Total VC Load [1] = 2700 flits
Total VC Load [2] = 2692 flits
Total VC Load [3] = 2687 flits
Total VC Load [4] = 1311 flits
Total VC Load [5] = 1322 flits
Total VC Load [6] = 1322 flits
Total VC Load [7] = 1313 flits
Total VC Load [8] = 782 flits
Total VC Load [9] = 798 flits
Total VC Load [10] = 788 flits
Total VC Load [11] = 786 flits
Total VC Load [12] = 16544 flits
Total VC Load [13] = 16666 flits
Total VC Load [14] = 17252 flits
Total VC Load [15] = 16044 flits
Total VC Load [16] = 2210 flits
Total VC Load [17] = 2224 flits
Total VC Load [18] = 2223 flits
Total VC Load [19] = 2215 flits
Total VC Load [20] = 2257675 flits
Total VC Load [21] = 2257591 flits
Total VC Load [22] = 2259508 flits
Total VC Load [23] = 2259126 flits
Total VC Load [24] = 1064003 flits
Total VC Load [25] = 1062925 flits
Total VC Load [26] = 1063048 flits
Total VC Load [27] = 1063004 flits
Total VC Load [28] = 0 flits
Total VC Load [29] = 0 flits
Total VC Load [30] = 0 flits
Total VC Load [31] = 0 flits
-------------
Average VC Load [0] = 8.9155e-05 flits/cycle 
Average VC Load [1] = 8.97869e-05 flits/cycle 
Average VC Load [2] = 8.95208e-05 flits/cycle 
Average VC Load [3] = 8.93546e-05 flits/cycle 
Average VC Load [4] = 4.35965e-05 flits/cycle 
Average VC Load [5] = 4.39623e-05 flits/cycle 
Average VC Load [6] = 4.39623e-05 flits/cycle 
Average VC Load [7] = 4.3663e-05 flits/cycle 
Average VC Load [8] = 2.60049e-05 flits/cycle 
Average VC Load [9] = 2.6537e-05 flits/cycle 
Average VC Load [10] = 2.62045e-05 flits/cycle 
Average VC Load [11] = 2.6138e-05 flits/cycle 
Average VC Load [12] = 0.000550161 flits/cycle 
Average VC Load [13] = 0.000554218 flits/cycle 
Average VC Load [14] = 0.000573705 flits/cycle 
Average VC Load [15] = 0.000533533 flits/cycle 
Average VC Load [16] = 7.34922e-05 flits/cycle 
Average VC Load [17] = 7.39578e-05 flits/cycle 
Average VC Load [18] = 7.39245e-05 flits/cycle 
Average VC Load [19] = 7.36585e-05 flits/cycle 
Average VC Load [20] = 0.0750776 flits/cycle 
Average VC Load [21] = 0.0750748 flits/cycle 
Average VC Load [22] = 0.0751386 flits/cycle 
Average VC Load [23] = 0.0751259 flits/cycle 
Average VC Load [24] = 0.0353828 flits/cycle 
Average VC Load [25] = 0.0353469 flits/cycle 
Average VC Load [26] = 0.035351 flits/cycle 
Average VC Load [27] = 0.0353496 flits/cycle 
Average VC Load [28] = 0 flits/cycle 
Average VC Load [29] = 0 flits/cycle 
Average VC Load [30] = 0 flits/cycle 
Average VC Load [31] = 0 flits/cycle 
-------------
Average network latency = 8.42005
-------------
Dynamic_Link_Power = 0.0493089
Static_Link_Power = 0.733365
Total_Link_Power = 0.782674
Total Link Area = 4.09374e+06 uM^2 
Router Dynamic Power:
       Input buffer: 0.00207023, Crossbar: 0.00397082, VC allocator: 0.000434472, SW allocator: 0.00119135, Clock: 0.153216, Total: 0.160883
Router Static Power:
       Input buffer: 0.891938, Crossbar: 0.1624, VC allocator: 0.438066, SW allocator: 0.0171352, Clock: 0.029369, Total: 1.53891
Router Total Power: 1.69979
Dynamic_Router_Power = 0.160883
Static_Router_Power = 1.53891
Total_Router_Power = 1.69979
Area:
Input buffer: 2.86355e-06, Crossbar: 2.50402e-06, VC allocator: 1.05856e-06, SW allocator: 4.14062e-08

Total_Dynamic_Power = 0.210192
Total_Static_Power = 2.27227
Total_Power = 2.48246
-------------

Gpusim Interface Stats
----------------------


Chip Stats
----------

 --- L1TCache ---
 - Event Counts -
Load  1439013
L1_WThru  1062754
L1_Atomic  0
L1_Replacement  1481
Data  0
Data_Done  265934
Ack  0
Ack_Done  1062754
DataAtomic  0
DataAtomic_Done  0

 - Transitions -
I  Load  265934
I  L1_WThru  502672
I  L1_Atomic  0 <-- 
I  L1_Replacement  1465

S  Load  1173079
S  L1_WThru  560082
S  L1_Atomic  0 <-- 
S  L1_Replacement  16

I_S  L1_WThru  0 <-- 
I_S  L1_Atomic  0 <-- 
I_S  Data_Done  265934

I_I  Load  0 <-- 
I_I  L1_WThru  0 <-- 
I_I  L1_Atomic  0 <-- 
I_I  Data  0 <-- 
I_I  Data_Done  0 <-- 
I_I  Ack  0 <-- 
I_I  Ack_Done  561044
I_I  DataAtomic  0 <-- 
I_I  DataAtomic_Done  0 <-- 

SM  Load  0 <-- 
SM  L1_WThru  0 <-- 
SM  L1_Atomic  0 <-- 
SM  Data  0 <-- 
SM  Data_Done  0 <-- 
SM  Ack  0 <-- 
SM  Ack_Done  501710

 --- L2TCache ---
 - Event Counts -
L1_GETS  265934
L1_Write  502672
L1_Upgrade_T  534496
L1_Upgrade_NT  25586
L2_Atomic  0
L2_Expire  0
L2_Replacement  0
L2_Replacement_clean  0
Data  0
Data_all_Acks  1558
Ack  0
Ack_all  0
WB_Ack  659
Fwd_GETX  8
Fwd_GETS  651
Inv  0

 - Transitions -
NP  L1_GETS  1370
NP  L1_Write  188
NP  L1_Upgrade_NT  0 <-- 
NP  L2_Atomic  0 <-- 

E  L1_GETS  264558
E  L1_Write  502484
E  L1_Upgrade_NT  25586
E  L2_Atomic  0 <-- 
E  L2_Replacement  0 <-- 
E  L2_Replacement_clean  0 <-- 
E  Fwd_GETX  8
E  Fwd_GETS  651
E  Inv  0 <-- 

S  L1_GETS  6
S  L1_Upgrade_T  534496
S  L2_Replacement  0 <-- 
S  L2_Replacement_clean  0 <-- 
S  Fwd_GETX  0 <-- 
S  Fwd_GETS  0 <-- 
S  Inv  0 <-- 

SS  L1_GETS  0 <-- 
SS  L2_Replacement  0 <-- 
SS  L2_Replacement_clean  0 <-- 
SS  Fwd_GETX  0 <-- 
SS  Fwd_GETS  0 <-- 
SS  Inv  0 <-- 

IS  L1_GETS  0 <-- 
IS  Data  0 <-- 
IS  Data_all_Acks  1370
IS  Ack  0 <-- 
IS  Ack_all  0 <-- 

ISS  Data  0 <-- 
ISS  Data_all_Acks  0 <-- 
ISS  Ack  0 <-- 
ISS  Ack_all  0 <-- 

IM  Data  0 <-- 
IM  Data_all_Acks  188
IM  Ack  0 <-- 
IM  Ack_all  0 <-- 

IMA  Data  0 <-- 
IMA  Data_all_Acks  0 <-- 
IMA  Ack  0 <-- 
IMA  Ack_all  0 <-- 

MI  L2_Expire  0 <-- 
MI  Fwd_GETX  0 <-- 
MI  Fwd_GETS  0 <-- 
MI  Inv  0 <-- 

MI_Ack  WB_Ack  659
MI_Ack  Fwd_GETX  0 <-- 
MI_Ack  Fwd_GETS  0 <-- 
MI_Ack  Inv  0 <-- 

 --- L2Cache ---
 - Event Counts -
L1_GET_INSTR  0
L1_GETS  652
L1_GETX  1566
L1_UPGRADE  0
L1_PUTX  0
L1_PUTX_old  0
Fwd_L1_GETX  0
Fwd_L1_GETS  0
Fwd_L1_GET_INSTR  0
L2_Replacement  0
L2_Replacement_clean  0
Mem_Data  901
WB_Data  0
WB_Data_clean  0
Ack  0
Ack_all  0
Mem_Ack  0
Unblock  0
Unblock_Cancel  0
Exclusive_Unblock  2218
PUTX_ACC  472
DATA_ACC  187

 - Transitions -
NP  L1_GET_INSTR  0 <-- 
NP  L1_GETS  1
NP  L1_GETX  900
NP  L1_PUTX  0 <-- 
NP  L1_PUTX_old  0 <-- 

SS  L1_GET_INSTR  0 <-- 
SS  L1_GETS  0 <-- 
SS  L1_GETX  0 <-- 
SS  L1_UPGRADE  0 <-- 
SS  L1_PUTX  0 <-- 
SS  L1_PUTX_old  0 <-- 
SS  L2_Replacement  0 <-- 
SS  L2_Replacement_clean  0 <-- 

M  L1_GET_INSTR  0 <-- 
M  L1_GETS  0 <-- 
M  L1_GETX  0 <-- 
M  L1_PUTX  0 <-- 
M  L1_PUTX_old  0 <-- 
M  L2_Replacement  0 <-- 
M  L2_Replacement_clean  0 <-- 

MT  L1_GET_INSTR  0 <-- 
MT  L1_GETS  651
MT  L1_GETX  666
MT  L1_PUTX  0 <-- 
MT  L1_PUTX_old  0 <-- 
MT  L2_Replacement  0 <-- 
MT  L2_Replacement_clean  0 <-- 
MT  PUTX_ACC  0 <-- 
MT  DATA_ACC  0 <-- 

M_I  L1_GET_INSTR  0 <-- 
M_I  L1_GETS  0 <-- 
M_I  L1_GETX  0 <-- 
M_I  L1_UPGRADE  0 <-- 
M_I  Mem_Ack  0 <-- 

MT_I  L1_GET_INSTR  0 <-- 
MT_I  L1_GETS  0 <-- 
MT_I  L1_GETX  0 <-- 
MT_I  L1_UPGRADE  0 <-- 
MT_I  L1_PUTX  0 <-- 
MT_I  L1_PUTX_old  0 <-- 
MT_I  WB_Data  0 <-- 
MT_I  WB_Data_clean  0 <-- 
MT_I  Ack_all  0 <-- 
MT_I  PUTX_ACC  0 <-- 
MT_I  DATA_ACC  0 <-- 

MCT_I  L1_GET_INSTR  0 <-- 
MCT_I  L1_GETS  0 <-- 
MCT_I  L1_GETX  0 <-- 
MCT_I  L1_UPGRADE  0 <-- 
MCT_I  L1_PUTX  0 <-- 
MCT_I  L1_PUTX_old  0 <-- 
MCT_I  WB_Data  0 <-- 
MCT_I  WB_Data_clean  0 <-- 
MCT_I  Ack_all  0 <-- 
MCT_I  PUTX_ACC  0 <-- 
MCT_I  DATA_ACC  0 <-- 

I_I  L1_GET_INSTR  0 <-- 
I_I  L1_GETS  0 <-- 
I_I  L1_GETX  0 <-- 
I_I  L1_UPGRADE  0 <-- 
I_I  L1_PUTX  0 <-- 
I_I  L1_PUTX_old  0 <-- 
I_I  Ack  0 <-- 
I_I  Ack_all  0 <-- 

S_I  L1_GET_INSTR  0 <-- 
S_I  L1_GETS  0 <-- 
S_I  L1_GETX  0 <-- 
S_I  L1_UPGRADE  0 <-- 
S_I  L1_PUTX  0 <-- 
S_I  L1_PUTX_old  0 <-- 
S_I  Ack  0 <-- 
S_I  Ack_all  0 <-- 

ISS  L1_GET_INSTR  0 <-- 
ISS  L1_GETS  0 <-- 
ISS  L1_GETX  0 <-- 
ISS  L1_PUTX  0 <-- 
ISS  L1_PUTX_old  0 <-- 
ISS  L2_Replacement  0 <-- 
ISS  L2_Replacement_clean  0 <-- 
ISS  Mem_Data  1

IS  L1_GET_INSTR  0 <-- 
IS  L1_GETS  0 <-- 
IS  L1_GETX  0 <-- 
IS  L1_PUTX  0 <-- 
IS  L1_PUTX_old  0 <-- 
IS  L2_Replacement  0 <-- 
IS  L2_Replacement_clean  0 <-- 
IS  Mem_Data  0 <-- 

IM  L1_GET_INSTR  0 <-- 
IM  L1_GETS  0 <-- 
IM  L1_GETX  0 <-- 
IM  L1_PUTX  0 <-- 
IM  L1_PUTX_old  0 <-- 
IM  L2_Replacement  0 <-- 
IM  L2_Replacement_clean  0 <-- 
IM  Mem_Data  900

SS_MB  L1_GET_INSTR  0 <-- 
SS_MB  L1_GETS  0 <-- 
SS_MB  L1_GETX  0 <-- 
SS_MB  L1_UPGRADE  0 <-- 
SS_MB  L1_PUTX  0 <-- 
SS_MB  L1_PUTX_old  0 <-- 
SS_MB  L2_Replacement  0 <-- 
SS_MB  L2_Replacement_clean  0 <-- 
SS_MB  Exclusive_Unblock  0 <-- 

MT_MB  L1_GET_INSTR  0 <-- 
MT_MB  L1_GETS  0 <-- 
MT_MB  L1_GETX  0 <-- 
MT_MB  L1_UPGRADE  0 <-- 
MT_MB  L1_PUTX  0 <-- 
MT_MB  L1_PUTX_old  0 <-- 
MT_MB  L2_Replacement  0 <-- 
MT_MB  L2_Replacement_clean  0 <-- 
MT_MB  Exclusive_Unblock  2218
MT_MB  PUTX_ACC  0 <-- 
MT_MB  DATA_ACC  8

M_MB  L1_GET_INSTR  0 <-- 
M_MB  L1_GETS  0 <-- 
M_MB  L1_GETX  0 <-- 
M_MB  L1_UPGRADE  0 <-- 
M_MB  L1_PUTX  0 <-- 
M_MB  L1_PUTX_old  0 <-- 
M_MB  L2_Replacement  0 <-- 
M_MB  L2_Replacement_clean  0 <-- 
M_MB  Exclusive_Unblock  0 <-- 

MT_IIB  L1_GET_INSTR  0 <-- 
MT_IIB  L1_GETS  0 <-- 
MT_IIB  L1_GETX  0 <-- 
MT_IIB  L1_UPGRADE  0 <-- 
MT_IIB  L1_PUTX  0 <-- 
MT_IIB  L1_PUTX_old  0 <-- 
MT_IIB  L2_Replacement  0 <-- 
MT_IIB  L2_Replacement_clean  0 <-- 
MT_IIB  WB_Data  0 <-- 
MT_IIB  WB_Data_clean  0 <-- 
MT_IIB  Unblock  0 <-- 
MT_IIB  PUTX_ACC  472
MT_IIB  DATA_ACC  179

MT_IB  L1_GET_INSTR  0 <-- 
MT_IB  L1_GETS  0 <-- 
MT_IB  L1_GETX  0 <-- 
MT_IB  L1_UPGRADE  0 <-- 
MT_IB  L1_PUTX  0 <-- 
MT_IB  L1_PUTX_old  0 <-- 
MT_IB  L2_Replacement  0 <-- 
MT_IB  L2_Replacement_clean  0 <-- 
MT_IB  WB_Data  0 <-- 
MT_IB  WB_Data_clean  0 <-- 

MT_SB  L1_GET_INSTR  0 <-- 
MT_SB  L1_GETS  0 <-- 
MT_SB  L1_GETX  0 <-- 
MT_SB  L1_UPGRADE  0 <-- 
MT_SB  L1_PUTX  0 <-- 
MT_SB  L1_PUTX_old  0 <-- 
MT_SB  L2_Replacement  0 <-- 
MT_SB  L2_Replacement_clean  0 <-- 
MT_SB  Unblock  0 <-- 

 --- L1Cache ---
 - Event Counts -
Load  157767
Ifetch  0
Store  45103
Inv  0
L1_Replacement  0
Fwd_GETX  658
Fwd_GETS  0
Fwd_GET_INSTR  0
Data  0
Data_Exclusive  660
DataS_fromL1  0
Data_all_Acks  0
Ack  0
Ack_all  0
WB_Ack  0

 - Transitions -
NP  Load  179
NP  Ifetch  0 <-- 
NP  Store  1
NP  Inv  0 <-- 
NP  L1_Replacement  0 <-- 

I  Load  473
I  Ifetch  0 <-- 
I  Store  7
I  Inv  0 <-- 
I  L1_Replacement  0 <-- 

S  Load  0 <-- 
S  Ifetch  0 <-- 
S  Store  0 <-- 
S  Inv  0 <-- 
S  L1_Replacement  0 <-- 

E  Load  680
E  Ifetch  0 <-- 
E  Store  648
E  Inv  0 <-- 
E  L1_Replacement  0 <-- 
E  Fwd_GETX  4
E  Fwd_GETS  0 <-- 
E  Fwd_GET_INSTR  0 <-- 

M  Load  156435
M  Ifetch  0 <-- 
M  Store  44447
M  Inv  0 <-- 
M  L1_Replacement  0 <-- 
M  Fwd_GETX  654
M  Fwd_GETS  0 <-- 
M  Fwd_GET_INSTR  0 <-- 

IS  Load  0 <-- 
IS  Ifetch  0 <-- 
IS  Store  0 <-- 
IS  Inv  0 <-- 
IS  L1_Replacement  0 <-- 
IS  Data_Exclusive  652
IS  DataS_fromL1  0 <-- 
IS  Data_all_Acks  0 <-- 

IM  Load  0 <-- 
IM  Ifetch  0 <-- 
IM  Store  0 <-- 
IM  Inv  0 <-- 
IM  L1_Replacement  0 <-- 
IM  Data  0 <-- 
IM  Data_Exclusive  8
IM  Data_all_Acks  0 <-- 
IM  Ack  0 <-- 

SM  Load  0 <-- 
SM  Ifetch  0 <-- 
SM  Store  0 <-- 
SM  Inv  0 <-- 
SM  L1_Replacement  0 <-- 
SM  Ack  0 <-- 
SM  Ack_all  0 <-- 

IS_I  Load  0 <-- 
IS_I  Ifetch  0 <-- 
IS_I  Store  0 <-- 
IS_I  Inv  0 <-- 
IS_I  L1_Replacement  0 <-- 
IS_I  Data_Exclusive  0 <-- 
IS_I  DataS_fromL1  0 <-- 
IS_I  Data_all_Acks  0 <-- 

M_I  Load  0 <-- 
M_I  Ifetch  0 <-- 
M_I  Store  0 <-- 
M_I  Inv  0 <-- 
M_I  L1_Replacement  0 <-- 
M_I  Fwd_GETX  0 <-- 
M_I  Fwd_GETS  0 <-- 
M_I  Fwd_GET_INSTR  0 <-- 
M_I  WB_Ack  0 <-- 

E_I  Load  0 <-- 
E_I  Ifetch  0 <-- 
E_I  Store  0 <-- 
E_I  L1_Replacement  0 <-- 

SINK_WB_ACK  Load  0 <-- 
SINK_WB_ACK  Ifetch  0 <-- 
SINK_WB_ACK  Store  0 <-- 
SINK_WB_ACK  Inv  0 <-- 
SINK_WB_ACK  L1_Replacement  0 <-- 
SINK_WB_ACK  WB_Ack  0 <-- 

 --- Directory ---
 - Event Counts -
Fetch  901
Data  0

 - Transitions -
I  Fetch  901
I  Data  0 <-- 


Chip Buffer Stats
----------

MessageBuffer: [Chip 0 0, L1TCache, requestFromL1Cache] stats - msgs:650090 full:0 size:[binsize: 1 max: 3 count: 650090 average: 1.03998 | standard deviation: 0.199967 | 0 624623 24945 522 ]
MessageBuffer: [Chip 0 1, L1TCache, requestFromL1Cache] stats - msgs:678598 full:0 size:[binsize: 1 max: 3 count: 678598 average: 1.10696 | standard deviation: 0.310325 | 0 606276 72058 264 ]
MessageBuffer: [Chip 0 2, L1TCache, requestFromL1Cache] stats - msgs:0 full:0 size:[binsize: 1 max: 0 count: 0 average: NaN |standard deviation: NaN | 0 ]
MessageBuffer: [Chip 0 3, L1TCache, requestFromL1Cache] stats - msgs:0 full:0 size:[binsize: 1 max: 0 count: 0 average: NaN |standard deviation: NaN | 0 ]
MessageBuffer: [Chip 0 4, L1TCache, requestFromL1Cache] stats - msgs:0 full:0 size:[binsize: 1 max: 0 count: 0 average: NaN |standard deviation: NaN | 0 ]
MessageBuffer: [Chip 0 5, L1TCache, requestFromL1Cache] stats - msgs:0 full:0 size:[binsize: 1 max: 0 count: 0 average: NaN |standard deviation: NaN | 0 ]
MessageBuffer: [Chip 0 6, L1TCache, requestFromL1Cache] stats - msgs:0 full:0 size:[binsize: 1 max: 0 count: 0 average: NaN |standard deviation: NaN | 0 ]
MessageBuffer: [Chip 0 7, L1TCache, requestFromL1Cache] stats - msgs:0 full:0 size:[binsize: 1 max: 0 count: 0 average: NaN |standard deviation: NaN | 0 ]
MessageBuffer: [Chip 0 0, L1TCache, responseToL1Cache] stats - msgs:650090 full:0 size:[binsize: 1 max: 2 count: 650090 average: 1.00252 | standard deviation: 0.0501041 | 0 648454 1636 ]
MessageBuffer: [Chip 0 1, L1TCache, responseToL1Cache] stats - msgs:678598 full:0 size:[binsize: 1 max: 2 count: 678598 average: 1.00567 | standard deviation: 0.0750677 | 0 674753 3845 ]
MessageBuffer: [Chip 0 2, L1TCache, responseToL1Cache] stats - msgs:0 full:0 size:[binsize: 1 max: 0 count: 0 average: NaN |standard deviation: NaN | 0 ]
MessageBuffer: [Chip 0 3, L1TCache, responseToL1Cache] stats - msgs:0 full:0 size:[binsize: 1 max: 0 count: 0 average: NaN |standard deviation: NaN | 0 ]
MessageBuffer: [Chip 0 4, L1TCache, responseToL1Cache] stats - msgs:0 full:0 size:[binsize: 1 max: 0 count: 0 average: NaN |standard deviation: NaN | 0 ]
MessageBuffer: [Chip 0 5, L1TCache, responseToL1Cache] stats - msgs:0 full:0 size:[binsize: 1 max: 0 count: 0 average: NaN |standard deviation: NaN | 0 ]
MessageBuffer: [Chip 0 6, L1TCache, responseToL1Cache] stats - msgs:0 full:0 size:[binsize: 1 max: 0 count: 0 average: NaN |standard deviation: NaN | 0 ]
MessageBuffer: [Chip 0 7, L1TCache, responseToL1Cache] stats - msgs:0 full:0 size:[binsize: 1 max: 0 count: 0 average: NaN |standard deviation: NaN | 0 ]
MessageBuffer: [Chip 0 0, L2TCache, responseFromL2Cache] stats - msgs:0 full:0 size:[binsize: 1 max: 0 count: 0 average: NaN |standard deviation: NaN | 0 ]
MessageBuffer: [Chip 0 1, L2TCache, responseFromL2Cache] stats - msgs:0 full:0 size:[binsize: 1 max: 0 count: 0 average: NaN |standard deviation: NaN | 0 ]
MessageBuffer: [Chip 0 2, L2TCache, responseFromL2Cache] stats - msgs:1168811 full:0 size:[binsize: 1 max: 3 count: 1168811 average: 1.04013 | standard deviation: 0.197554 | 0 1122195 46322 294 ]
MessageBuffer: [Chip 0 3, L2TCache, responseFromL2Cache] stats - msgs:159877 full:0 size:[binsize: 1 max: 2 count: 159877 average: 1.01774 | standard deviation: 0.132008 | 0 157041 2836 ]
MessageBuffer: [Chip 0 0, L2TCache, L1RequestToL2Cache] stats - msgs:0 full:0 size:[binsize: 1 max: 0 count: 0 average: NaN |standard deviation: NaN | 0 ]
MessageBuffer: [Chip 0 1, L2TCache, L1RequestToL2Cache] stats - msgs:0 full:0 size:[binsize: 1 max: 0 count: 0 average: NaN |standard deviation: NaN | 0 ]
MessageBuffer: [Chip 0 2, L2TCache, L1RequestToL2Cache] stats - msgs:1168811 full:0 size:[binsize: 1 max: 3 count: 1168811 average: 1.00861 | standard deviation: 0.0923768 | 0 1158754 10056 1 ]
MessageBuffer: [Chip 0 3, L2TCache, L1RequestToL2Cache] stats - msgs:159877 full:0 size:[binsize: 1 max: 2 count: 159877 average: 1.013 | standard deviation: 0.113264 | 0 157799 2078 ]
MessageBuffer: [Chip 0 0, L2TCache, requestFromL2TCache] stats - msgs:0 full:0 size:[binsize: 1 max: 0 count: 0 average: NaN |standard deviation: NaN | 0 ]
MessageBuffer: [Chip 0 1, L2TCache, requestFromL2TCache] stats - msgs:0 full:0 size:[binsize: 1 max: 0 count: 0 average: NaN |standard deviation: NaN | 0 ]
MessageBuffer: [Chip 0 2, L2TCache, requestFromL2TCache] stats - msgs:19 full:0 size:[binsize: 1 max: 1 count: 19 average:     1 | standard deviation: 0 | 0 19 ]
MessageBuffer: [Chip 0 3, L2TCache, requestFromL2TCache] stats - msgs:2011 full:0 size:[binsize: 1 max: 1 count: 2011 average:     1 | standard deviation: 0 | 0 2011 ]
MessageBuffer: [Chip 0 0, L2TCache, responseFromL2TCache] stats - msgs:0 full:0 size:[binsize: 1 max: 0 count: 0 average: NaN |standard deviation: NaN | 0 ]
MessageBuffer: [Chip 0 1, L2TCache, responseFromL2TCache] stats - msgs:0 full:0 size:[binsize: 1 max: 0 count: 0 average: NaN |standard deviation: NaN | 0 ]
MessageBuffer: [Chip 0 2, L2TCache, responseFromL2TCache] stats - msgs:8 full:0 size:[binsize: 1 max: 1 count: 8 average:     1 | standard deviation: 0 | 0 8 ]
MessageBuffer: [Chip 0 3, L2TCache, responseFromL2TCache] stats - msgs:179 full:0 size:[binsize: 1 max: 1 count: 179 average:     1 | standard deviation: 0 | 0 179 ]
MessageBuffer: [Chip 0 0, L2TCache, unblockFromL2TCache] stats - msgs:0 full:0 size:[binsize: 1 max: 0 count: 0 average: NaN |standard deviation: NaN | 0 ]
MessageBuffer: [Chip 0 1, L2TCache, unblockFromL2TCache] stats - msgs:0 full:0 size:[binsize: 1 max: 0 count: 0 average: NaN |standard deviation: NaN | 0 ]
MessageBuffer: [Chip 0 2, L2TCache, unblockFromL2TCache] stats - msgs:15 full:0 size:[binsize: 1 max: 1 count: 15 average:     1 | standard deviation: 0 | 0 15 ]
MessageBuffer: [Chip 0 3, L2TCache, unblockFromL2TCache] stats - msgs:1543 full:0 size:[binsize: 1 max: 1 count: 1543 average:     1 | standard deviation: 0 | 0 1543 ]
MessageBuffer: [Chip 0 0, L2TCache, requestToL2TCache] stats - msgs:0 full:0 size:[binsize: 1 max: 0 count: 0 average: NaN |standard deviation: NaN | 0 ]
MessageBuffer: [Chip 0 1, L2TCache, requestToL2TCache] stats - msgs:0 full:0 size:[binsize: 1 max: 0 count: 0 average: NaN |standard deviation: NaN | 0 ]
MessageBuffer: [Chip 0 2, L2TCache, requestToL2TCache] stats - msgs:12 full:0 size:[binsize: 1 max: 1 count: 12 average:     1 | standard deviation: 0 | 0 12 ]
MessageBuffer: [Chip 0 3, L2TCache, requestToL2TCache] stats - msgs:647 full:0 size:[binsize: 1 max: 1 count: 647 average:     1 | standard deviation: 0 | 0 647 ]
MessageBuffer: [Chip 0 0, L2TCache, responseToL2TCache] stats - msgs:0 full:0 size:[binsize: 1 max: 0 count: 0 average: NaN |standard deviation: NaN | 0 ]
MessageBuffer: [Chip 0 1, L2TCache, responseToL2TCache] stats - msgs:0 full:0 size:[binsize: 1 max: 0 count: 0 average: NaN |standard deviation: NaN | 0 ]
MessageBuffer: [Chip 0 2, L2TCache, responseToL2TCache] stats - msgs:27 full:0 size:[binsize: 1 max: 1 count: 27 average:     1 | standard deviation: 0 | 0 27 ]
MessageBuffer: [Chip 0 3, L2TCache, responseToL2TCache] stats - msgs:2190 full:0 size:[binsize: 1 max: 1 count: 2190 average:     1 | standard deviation: 0 | 0 2190 ]
MessageBuffer: [Chip 0 0, L2Cache, DirRequestFromL2Cache] stats - msgs:0 full:0 size:[binsize: 1 max: 0 count: 0 average: NaN |standard deviation: NaN | 0 ]
MessageBuffer: [Chip 0 1, L2Cache, DirRequestFromL2Cache] stats - msgs:0 full:0 size:[binsize: 1 max: 0 count: 0 average: NaN |standard deviation: NaN | 0 ]
MessageBuffer: [Chip 0 2, L2Cache, DirRequestFromL2Cache] stats - msgs:5 full:0 size:[binsize: 1 max: 1 count: 5 average:     1 | standard deviation: 0 | 0 5 ]
MessageBuffer: [Chip 0 3, L2Cache, DirRequestFromL2Cache] stats - msgs:896 full:0 size:[binsize: 1 max: 1 count: 896 average:     1 | standard deviation: 0 | 0 896 ]
MessageBuffer: [Chip 0 0, L2Cache, L1RequestFromL2Cache] stats - msgs:0 full:0 size:[binsize: 1 max: 0 count: 0 average: NaN |standard deviation: NaN | 0 ]
MessageBuffer: [Chip 0 1, L2Cache, L1RequestFromL2Cache] stats - msgs:0 full:0 size:[binsize: 1 max: 0 count: 0 average: NaN |standard deviation: NaN | 0 ]
MessageBuffer: [Chip 0 2, L2Cache, L1RequestFromL2Cache] stats - msgs:23 full:0 size:[binsize: 1 max: 1 count: 23 average:     1 | standard deviation: 0 | 0 23 ]
MessageBuffer: [Chip 0 3, L2Cache, L1RequestFromL2Cache] stats - msgs:1294 full:0 size:[binsize: 1 max: 1 count: 1294 average:     1 | standard deviation: 0 | 0 1294 ]
MessageBuffer: [Chip 0 0, L2Cache, responseFromL2Cache] stats - msgs:0 full:0 size:[binsize: 1 max: 0 count: 0 average: NaN |standard deviation: NaN | 0 ]
MessageBuffer: [Chip 0 1, L2Cache, responseFromL2Cache] stats - msgs:0 full:0 size:[binsize: 1 max: 0 count: 0 average: NaN |standard deviation: NaN | 0 ]
MessageBuffer: [Chip 0 2, L2Cache, responseFromL2Cache] stats - msgs:29 full:0 size:[binsize: 1 max: 3 count: 29 average: 1.48276 | standard deviation: 0.597614 | 0 16 12 1 ]
MessageBuffer: [Chip 0 3, L2Cache, responseFromL2Cache] stats - msgs:2190 full:0 size:[binsize: 1 max: 2 count: 2190 average: 1.29543 | standard deviation: 0.456415 | 0 1543 647 ]
MessageBuffer: [Chip 0 0, L2Cache, unblockToL2Cache] stats - msgs:0 full:0 size:[binsize: 1 max: 0 count: 0 average: NaN |standard deviation: NaN | 0 ]
MessageBuffer: [Chip 0 1, L2Cache, unblockToL2Cache] stats - msgs:0 full:0 size:[binsize: 1 max: 0 count: 0 average: NaN |standard deviation: NaN | 0 ]
MessageBuffer: [Chip 0 2, L2Cache, unblockToL2Cache] stats - msgs:28 full:0 size:[binsize: 1 max: 1 count: 28 average:     1 | standard deviation: 0 | 0 28 ]
MessageBuffer: [Chip 0 3, L2Cache, unblockToL2Cache] stats - msgs:2190 full:0 size:[binsize: 1 max: 1 count: 2190 average:     1 | standard deviation: 0 | 0 2190 ]
MessageBuffer: [Chip 0 0, L2Cache, L1RequestToL2Cache] stats - msgs:0 full:0 size:[binsize: 1 max: 0 count: 0 average: NaN |standard deviation: NaN | 0 ]
MessageBuffer: [Chip 0 1, L2Cache, L1RequestToL2Cache] stats - msgs:0 full:0 size:[binsize: 1 max: 0 count: 0 average: NaN |standard deviation: NaN | 0 ]
MessageBuffer: [Chip 0 2, L2Cache, L1RequestToL2Cache] stats - msgs:32 full:0 size:[binsize: 1 max: 1 count: 32 average:     1 | standard deviation: 0 | 0 32 ]
MessageBuffer: [Chip 0 3, L2Cache, L1RequestToL2Cache] stats - msgs:2658 full:0 size:[binsize: 1 max: 1 count: 2658 average:     1 | standard deviation: 0 | 0 2658 ]
MessageBuffer: [Chip 0 0, L2Cache, responseToL2Cache] stats - msgs:0 full:0 size:[binsize: 1 max: 0 count: 0 average: NaN |standard deviation: NaN | 0 ]
MessageBuffer: [Chip 0 1, L2Cache, responseToL2Cache] stats - msgs:0 full:0 size:[binsize: 1 max: 0 count: 0 average: NaN |standard deviation: NaN | 0 ]
MessageBuffer: [Chip 0 2, L2Cache, responseToL2Cache] stats - msgs:13 full:0 size:[binsize: 1 max: 1 count: 13 average:     1 | standard deviation: 0 | 0 13 ]
MessageBuffer: [Chip 0 3, L2Cache, responseToL2Cache] stats - msgs:1075 full:0 size:[binsize: 1 max: 1 count: 1075 average:     1 | standard deviation: 0 | 0 1075 ]
MessageBuffer: [Chip 0 0, L1Cache, requestFromL1Cache] stats - msgs:660 full:0 size:[binsize: 1 max: 2 count: 660 average: 1.00152 | standard deviation: 0.0389545 | 0 659 1 ]
MessageBuffer: [Chip 0 1, L1Cache, requestFromL1Cache] stats - msgs:0 full:0 size:[binsize: 1 max: 0 count: 0 average: NaN |standard deviation: NaN | 0 ]
MessageBuffer: [Chip 0 2, L1Cache, requestFromL1Cache] stats - msgs:0 full:0 size:[binsize: 1 max: 0 count: 0 average: NaN |standard deviation: NaN | 0 ]
MessageBuffer: [Chip 0 3, L1Cache, requestFromL1Cache] stats - msgs:0 full:0 size:[binsize: 1 max: 0 count: 0 average: NaN |standard deviation: NaN | 0 ]
MessageBuffer: [Chip 0 4, L1Cache, requestFromL1Cache] stats - msgs:0 full:0 size:[binsize: 1 max: 0 count: 0 average: NaN |standard deviation: NaN | 0 ]
MessageBuffer: [Chip 0 5, L1Cache, requestFromL1Cache] stats - msgs:0 full:0 size:[binsize: 1 max: 0 count: 0 average: NaN |standard deviation: NaN | 0 ]
MessageBuffer: [Chip 0 6, L1Cache, requestFromL1Cache] stats - msgs:0 full:0 size:[binsize: 1 max: 0 count: 0 average: NaN |standard deviation: NaN | 0 ]
MessageBuffer: [Chip 0 7, L1Cache, requestFromL1Cache] stats - msgs:0 full:0 size:[binsize: 1 max: 0 count: 0 average: NaN |standard deviation: NaN | 0 ]
MessageBuffer: [Chip 0 0, L1Cache, responseFromL1Cache] stats - msgs:658 full:0 size:[binsize: 1 max: 2 count: 658 average: 1.00152 | standard deviation: 0.0390137 | 0 657 1 ]
MessageBuffer: [Chip 0 1, L1Cache, responseFromL1Cache] stats - msgs:0 full:0 size:[binsize: 1 max: 0 count: 0 average: NaN |standard deviation: NaN | 0 ]
MessageBuffer: [Chip 0 2, L1Cache, responseFromL1Cache] stats - msgs:0 full:0 size:[binsize: 1 max: 0 count: 0 average: NaN |standard deviation: NaN | 0 ]
MessageBuffer: [Chip 0 3, L1Cache, responseFromL1Cache] stats - msgs:0 full:0 size:[binsize: 1 max: 0 count: 0 average: NaN |standard deviation: NaN | 0 ]
MessageBuffer: [Chip 0 4, L1Cache, responseFromL1Cache] stats - msgs:0 full:0 size:[binsize: 1 max: 0 count: 0 average: NaN |standard deviation: NaN | 0 ]
MessageBuffer: [Chip 0 5, L1Cache, responseFromL1Cache] stats - msgs:0 full:0 size:[binsize: 1 max: 0 count: 0 average: NaN |standard deviation: NaN | 0 ]
MessageBuffer: [Chip 0 6, L1Cache, responseFromL1Cache] stats - msgs:0 full:0 size:[binsize: 1 max: 0 count: 0 average: NaN |standard deviation: NaN | 0 ]
MessageBuffer: [Chip 0 7, L1Cache, responseFromL1Cache] stats - msgs:0 full:0 size:[binsize: 1 max: 0 count: 0 average: NaN |standard deviation: NaN | 0 ]
MessageBuffer: [Chip 0 0, L1Cache, unblockFromL1Cache] stats - msgs:660 full:0 size:[binsize: 1 max: 1 count: 660 average:     1 | standard deviation: 0 | 0 660 ]
MessageBuffer: [Chip 0 1, L1Cache, unblockFromL1Cache] stats - msgs:0 full:0 size:[binsize: 1 max: 0 count: 0 average: NaN |standard deviation: NaN | 0 ]
MessageBuffer: [Chip 0 2, L1Cache, unblockFromL1Cache] stats - msgs:0 full:0 size:[binsize: 1 max: 0 count: 0 average: NaN |standard deviation: NaN | 0 ]
MessageBuffer: [Chip 0 3, L1Cache, unblockFromL1Cache] stats - msgs:0 full:0 size:[binsize: 1 max: 0 count: 0 average: NaN |standard deviation: NaN | 0 ]
MessageBuffer: [Chip 0 4, L1Cache, unblockFromL1Cache] stats - msgs:0 full:0 size:[binsize: 1 max: 0 count: 0 average: NaN |standard deviation: NaN | 0 ]
MessageBuffer: [Chip 0 5, L1Cache, unblockFromL1Cache] stats - msgs:0 full:0 size:[binsize: 1 max: 0 count: 0 average: NaN |standard deviation: NaN | 0 ]
MessageBuffer: [Chip 0 6, L1Cache, unblockFromL1Cache] stats - msgs:0 full:0 size:[binsize: 1 max: 0 count: 0 average: NaN |standard deviation: NaN | 0 ]
MessageBuffer: [Chip 0 7, L1Cache, unblockFromL1Cache] stats - msgs:0 full:0 size:[binsize: 1 max: 0 count: 0 average: NaN |standard deviation: NaN | 0 ]
MessageBuffer: [Chip 0 0, L1Cache, requestToL1Cache] stats - msgs:658 full:0 size:[binsize: 1 max: 1 count: 658 average:     1 | standard deviation: 0 | 0 658 ]
MessageBuffer: [Chip 0 1, L1Cache, requestToL1Cache] stats - msgs:0 full:0 size:[binsize: 1 max: 0 count: 0 average: NaN |standard deviation: NaN | 0 ]
MessageBuffer: [Chip 0 2, L1Cache, requestToL1Cache] stats - msgs:0 full:0 size:[binsize: 1 max: 0 count: 0 average: NaN |standard deviation: NaN | 0 ]
MessageBuffer: [Chip 0 3, L1Cache, requestToL1Cache] stats - msgs:0 full:0 size:[binsize: 1 max: 0 count: 0 average: NaN |standard deviation: NaN | 0 ]
MessageBuffer: [Chip 0 4, L1Cache, requestToL1Cache] stats - msgs:0 full:0 size:[binsize: 1 max: 0 count: 0 average: NaN |standard deviation: NaN | 0 ]
MessageBuffer: [Chip 0 5, L1Cache, requestToL1Cache] stats - msgs:0 full:0 size:[binsize: 1 max: 0 count: 0 average: NaN |standard deviation: NaN | 0 ]
MessageBuffer: [Chip 0 6, L1Cache, requestToL1Cache] stats - msgs:0 full:0 size:[binsize: 1 max: 0 count: 0 average: NaN |standard deviation: NaN | 0 ]
MessageBuffer: [Chip 0 7, L1Cache, requestToL1Cache] stats - msgs:0 full:0 size:[binsize: 1 max: 0 count: 0 average: NaN |standard deviation: NaN | 0 ]
MessageBuffer: [Chip 0 0, L1Cache, responseToL1Cache] stats - msgs:660 full:0 size:[binsize: 1 max: 1 count: 660 average:     1 | standard deviation: 0 | 0 660 ]
MessageBuffer: [Chip 0 1, L1Cache, responseToL1Cache] stats - msgs:0 full:0 size:[binsize: 1 max: 0 count: 0 average: NaN |standard deviation: NaN | 0 ]
MessageBuffer: [Chip 0 2, L1Cache, responseToL1Cache] stats - msgs:0 full:0 size:[binsize: 1 max: 0 count: 0 average: NaN |standard deviation: NaN | 0 ]
MessageBuffer: [Chip 0 3, L1Cache, responseToL1Cache] stats - msgs:0 full:0 size:[binsize: 1 max: 0 count: 0 average: NaN |standard deviation: NaN | 0 ]
MessageBuffer: [Chip 0 4, L1Cache, responseToL1Cache] stats - msgs:0 full:0 size:[binsize: 1 max: 0 count: 0 average: NaN |standard deviation: NaN | 0 ]
MessageBuffer: [Chip 0 5, L1Cache, responseToL1Cache] stats - msgs:0 full:0 size:[binsize: 1 max: 0 count: 0 average: NaN |standard deviation: NaN | 0 ]
MessageBuffer: [Chip 0 6, L1Cache, responseToL1Cache] stats - msgs:0 full:0 size:[binsize: 1 max: 0 count: 0 average: NaN |standard deviation: NaN | 0 ]
MessageBuffer: [Chip 0 7, L1Cache, responseToL1Cache] stats - msgs:0 full:0 size:[binsize: 1 max: 0 count: 0 average: NaN |standard deviation: NaN | 0 ]
MessageBuffer: [Chip 0 0, Directory, requestToDir] stats - msgs:225 full:0 size:[binsize: 1 max: 1 count: 225 average:     1 | standard deviation: 0 | 0 225 ]
MessageBuffer: [Chip 0 1, Directory, requestToDir] stats - msgs:225 full:0 size:[binsize: 1 max: 1 count: 225 average:     1 | standard deviation: 0 | 0 225 ]
MessageBuffer: [Chip 0 2, Directory, requestToDir] stats - msgs:227 full:0 size:[binsize: 1 max: 1 count: 227 average:     1 | standard deviation: 0 | 0 227 ]
MessageBuffer: [Chip 0 3, Directory, requestToDir] stats - msgs:224 full:0 size:[binsize: 1 max: 1 count: 224 average:     1 | standard deviation: 0 | 0 224 ]
MessageBuffer: [Chip 0 0, Directory, responseToDir] stats - msgs:0 full:0 size:[binsize: 1 max: 0 count: 0 average: NaN |standard deviation: NaN | 0 ]
MessageBuffer: [Chip 0 1, Directory, responseToDir] stats - msgs:0 full:0 size:[binsize: 1 max: 0 count: 0 average: NaN |standard deviation: NaN | 0 ]
MessageBuffer: [Chip 0 2, Directory, responseToDir] stats - msgs:0 full:0 size:[binsize: 1 max: 0 count: 0 average: NaN |standard deviation: NaN | 0 ]
MessageBuffer: [Chip 0 3, Directory, responseToDir] stats - msgs:0 full:0 size:[binsize: 1 max: 0 count: 0 average: NaN |standard deviation: NaN | 0 ]
MessageBuffer: [Chip 0 0, Directory, responseFromDir] stats - msgs:225 full:0 size:[binsize: 1 max: 2 count: 225 average: 1.00444 | standard deviation: 0.0668153 | 0 224 1 ]
MessageBuffer: [Chip 0 1, Directory, responseFromDir] stats - msgs:225 full:0 size:[binsize: 1 max: 1 count: 225 average:     1 | standard deviation: 0 | 0 225 ]
MessageBuffer: [Chip 0 2, Directory, responseFromDir] stats - msgs:227 full:0 size:[binsize: 1 max: 1 count: 227 average:     1 | standard deviation: 0 | 0 227 ]
MessageBuffer: [Chip 0 3, Directory, responseFromDir] stats - msgs:224 full:0 size:[binsize: 1 max: 1 count: 224 average:     1 | standard deviation: 0 | 0 224 ]
