####################################################################################################
Interval
####################################################################################################

INST_COUNT_TOT                                            2828657                       2828657

CYC_COUNT_TOT                                             2583971                       2583971

EXE_TIME                                                        0                             0

NUM_REPEAT                                                      0                             0

CYC_COUNT_X86                                                   0                             0

CYC_COUNT_PTX                                                   0                             0

AVG_BLOCK_EXE_CYCLE                                             0                             0

AVG_BLOCK_EXE_CYCLE_BASE                                        0                             0

PROGRESS_ERROR                                                  0                             0

FILE_OPEN_ERROR                                                 0                             0

NUM_THREAD                                                      0                             0

APPL_CYC_COUNT_BASE0                                            0                             0

APPL_CYC_COUNT_BASE1                                            0                             0

APPL_CYC_COUNT_BASE2                                            0                             0

APPL_CYC_COUNT_BASE3                                            0                             0

APPL_CYC_COUNT_BASE4                                            0                             0

APPL_CYC_COUNT0                                                 0                           NaN

APPL_CYC_COUNT1                                                 0                           NaN

APPL_CYC_COUNT2                                                 0                           NaN

APPL_CYC_COUNT3                                                 0                           NaN

APPL_CYC_COUNT4                                                 0                           NaN

CPI_DELTA_BASE0                                                 0                             0

CPI_DELTA_BASE1                                                 0                             0

CPI_DELTA_BASE2                                                 0                             0

CPI_DELTA_BASE3                                                 0                             0

CPI_DELTA_BASE4                                                 0                             0

CPI_DELTA0                                                      0                           NaN

CPI_DELTA1                                                      0                           NaN

CPI_DELTA2                                                      0                           NaN

CPI_DELTA3                                                      0                           NaN

CPI_DELTA4                                                      0                           NaN

CYCLE_CPU                                                 2583971                       2583971

CYCLE_GPU                                                 2583971                       2583971

INST_COUNT_CORE_0                                          352636                        352636

CYC_COUNT_CORE_0                                          2583970                       2583970

INST_COUNT_CORE_1                                               0                             0

CYC_COUNT_CORE_1                                          1445650                       1445650

INST_COUNT_CORE_2                                          248113                        248113

CYC_COUNT_CORE_2                                          1445610                       1445610

INST_COUNT_CORE_3                                          441623                        441623

CYC_COUNT_CORE_3                                          1445610                       1445610

INST_COUNT_CORE_4                                          587791                        587791

CYC_COUNT_CORE_4                                          1445610                       1445610

INST_COUNT_CORE_5                                          584255                        584255

CYC_COUNT_CORE_5                                          1445610                       1445610

INST_COUNT_CORE_6                                          614239                        614239

CYC_COUNT_CORE_6                                          1445610                       1445610

INST_COUNT_CORE_7                                               0                             0

CYC_COUNT_CORE_7                                          1445610                       1445610

